___ACTION___
gamma:  0.7 learning rate:  0.01 eps decay:  0.99999
[[b'S' b'F' b'H' b'H' b'H' b'H' b'H' b'H' b'H' b'F']
 [b'H' b'F' b'H' b'H' b'H' b'H' b'H' b'H' b'H' b'H']
 [b'H' b'F' b'H' b'H' b'H' b'H' b'H' b'H' b'H' b'H']
 [b'F' b'F' b'F' b'F' b'F' b'H' b'H' b'H' b'H' b'F']
 [b'H' b'F' b'H' b'F' b'F' b'H' b'F' b'H' b'F' b'H']
 [b'F' b'F' b'F' b'H' b'H' b'H' b'F' b'H' b'H' b'H']
 [b'H' b'F' b'F' b'F' b'F' b'H' b'H' b'H' b'H' b'H']
 [b'H' b'H' b'H' b'H' b'F' b'F' b'H' b'F' b'H' b'F']
 [b'H' b'H' b'F' b'F' b'H' b'F' b'F' b'F' b'F' b'F']
 [b'H' b'H' b'F' b'H' b'H' b'H' b'F' b'H' b'H' b'G']]
[<tf.Variable 'q_a_s/weights:0' shape=(100, 4) dtype=float32, numpy=
array([[0.00295038, 0.00019573, 0.00087946, 0.00814359],
       [0.0008619 , 0.00568951, 0.00499585, 0.00358488],
       [0.0060147 , 0.00082843, 0.0035569 , 0.00367052],
       [0.00650201, 0.00348605, 0.00815719, 0.00952779],
       [0.00256847, 0.00439171, 0.00136294, 0.00774408],
       [0.00446634, 0.00633074, 0.0063058 , 0.00245506],
       [0.00717673, 0.00199419, 0.00383341, 0.00837879],
       [0.0081954 , 0.00612012, 0.00992173, 0.00922235],
       [0.00341716, 0.00196026, 0.00698047, 0.00681409],
       [0.00411265, 0.00964099, 0.0025814 , 0.00403111],
       [0.00077145, 0.00842415, 0.00935508, 0.0090211 ],
       [0.00815869, 0.00892312, 0.00405604, 0.00287683],
       [0.00003754, 0.00884264, 0.00207108, 0.00646762],
       [0.00925057, 0.00693734, 0.00483865, 0.00835381],
       [0.00024634, 0.00733847, 0.001704  , 0.00974193],
       [0.00685335, 0.00270305, 0.00477171, 0.00608135],
       [0.00054837, 0.00508846, 0.00372545, 0.00025752],
       [0.00344121, 0.00402599, 0.00549237, 0.00967879],
       [0.00109505, 0.00902417, 0.00750851, 0.00922122],
       [0.0014316 , 0.00272991, 0.00682926, 0.00243633],
       [0.00169402, 0.00916901, 0.00298568, 0.00550265],
       [0.00195998, 0.00235785, 0.00838502, 0.00288215],
       [0.00714359, 0.00757741, 0.00677207, 0.00697336],
       [0.00089688, 0.00512048, 0.00495215, 0.00844428],
       [0.00738898, 0.00407577, 0.00026338, 0.00560854],
       [0.00383885, 0.00772078, 0.0094183 , 0.00360352],
       [0.00562691, 0.00474577, 0.0075017 , 0.00978322],
       [0.00579746, 0.00092934, 0.00280795, 0.00761806],
       [0.0002326 , 0.00696331, 0.00913307, 0.00793353],
       [0.00226521, 0.00867032, 0.00053342, 0.00182565],
       [0.00829127, 0.00409934, 0.00975097, 0.00449561],
       [0.00267912, 0.00133469, 0.00628242, 0.00325276],
       [0.00924532, 0.00976704, 0.00073837, 0.00669369],
       [0.00421989, 0.0046764 , 0.00389937, 0.00650811],
       [0.00954591, 0.00036073, 0.00624753, 0.00768858],
       [0.00958362, 0.00105406, 0.00913569, 0.00878114],
       [0.00806014, 0.00260331, 0.00063725, 0.00754433],
       [0.00332459, 0.00549296, 0.00160023, 0.00183205],
       [0.00596989, 0.00923959, 0.00859435, 0.00587816],
       [0.00351279, 0.00530692, 0.00014387, 0.00142366],
       [0.00623432, 0.00265826, 0.0095102 , 0.00935704],
       [0.00850355, 0.00490088, 0.00088428, 0.00331896],
       [0.00838969, 0.00185736, 0.00375676, 0.00029129],
       [0.00700256, 0.00077889, 0.00852987, 0.00153453],
       [0.00784872, 0.0088287 , 0.00191708, 0.00673134],
       [0.00037319, 0.00645376, 0.00350994, 0.00747118],
       [0.00513417, 0.00214292, 0.00512145, 0.00261671],
       [0.00419469, 0.00896117, 0.00956456, 0.00071531],
       [0.00342028, 0.00309257, 0.00015452, 0.00289778],
       [0.00142438, 0.00407215, 0.00686196, 0.00522682],
       [0.00396621, 0.00508641, 0.00937147, 0.00501913],
       [0.00290859, 0.00546145, 0.00780116, 0.00810976],
       [0.00722402, 0.00326734, 0.00491128, 0.00647939],
       [0.00729298, 0.00092647, 0.0079622 , 0.0041879 ],
       [0.00868429, 0.00396093, 0.00377246, 0.0033036 ],
       [0.00827117, 0.0047147 , 0.00029416, 0.00398571],
       [0.00075989, 0.00870616, 0.00182558, 0.00387117],
       [0.00714536, 0.00347979, 0.00209586, 0.00773437],
       [0.00149929, 0.00216398, 0.00997649, 0.0011638 ],
       [0.00579214, 0.00229789, 0.00518424, 0.00721447],
       [0.00083315, 0.0022885 , 0.00105341, 0.00978445],
       [0.00670726, 0.00286531, 0.0089831 , 0.00736245],
       [0.00702048, 0.00189876, 0.00628933, 0.00520507],
       [0.0073745 , 0.00967077, 0.00035169, 0.00101945],
       [0.00577393, 0.00616692, 0.00862593, 0.00262981],
       [0.00233698, 0.00479263, 0.006803  , 0.00811142],
       [0.00786293, 0.00754181, 0.00221926, 0.00366236],
       [0.00115423, 0.0097235 , 0.00120015, 0.00575603],
       [0.00184178, 0.00758284, 0.00472372, 0.00192462],
       [0.00363781, 0.00556683, 0.00663679, 0.00861904],
       [0.00440672, 0.00844808, 0.00364587, 0.00598062],
       [0.00032116, 0.00776001, 0.00586396, 0.0000952 ],
       [0.00169527, 0.00816896, 0.00280562, 0.00855277],
       [0.00702745, 0.00077842, 0.00780231, 0.00249382],
       [0.00504023, 0.00870076, 0.00613803, 0.00050455],
       [0.00761603, 0.00631498, 0.00578791, 0.00683762],
       [0.00117514, 0.00972772, 0.0088783 , 0.00193165],
       [0.0054813 , 0.00564888, 0.00350086, 0.00353093],
       [0.00051079, 0.00682293, 0.00816421, 0.00095926],
       [0.00694452, 0.00106957, 0.00271573, 0.00405384],
       [0.00952954, 0.00078185, 0.00318457, 0.00260996],
       [0.0078566 , 0.00264033, 0.00910312, 0.00889985],
       [0.00427008, 0.00340176, 0.00770547, 0.00362763],
       [0.00270745, 0.00118783, 0.00338973, 0.00931827],
       [0.00518115, 0.00154302, 0.003352  , 0.00555756],
       [0.00820363, 0.00157764, 0.00770275, 0.00664538],
       [0.0054555 , 0.00409687, 0.0038364 , 0.00202464],
       [0.00956391, 0.00939194, 0.00421328, 0.00358232],
       [0.00917887, 0.00738901, 0.00996123, 0.00028897],
       [0.0086765 , 0.00978681, 0.00856608, 0.00572251],
       [0.00016152, 0.0059587 , 0.00669575, 0.00816383],
       [0.00914282, 0.00808055, 0.00408926, 0.00869956],
       [0.00351805, 0.00646843, 0.00640691, 0.00213305],
       [0.00157598, 0.00379801, 0.00627168, 0.00431898],
       [0.00151111, 0.00442074, 0.00762443, 0.00420668],
       [0.00063578, 0.0075077 , 0.00994073, 0.00476553],
       [0.00249711, 0.00524531, 0.00346932, 0.00878454],
       [0.00066704, 0.00676431, 0.00321178, 0.00855428],
       [0.00122375, 0.00856906, 0.00781036, 0.00101214],
       [0.00545331, 0.00355997, 0.00484996, 0.00980766]], dtype=float32)>]
Training  | Episode: 0/500000  | Episode Reward: -50.0000 | Epsilon: 0.2000 | Goal reached: 0
[[0.00295038 0.00019573 0.00087946 0.00814359]
 [0.         0.         0.         0.        ]
 [0.         0.         0.         0.        ]
 [0.         0.         0.         0.        ]
 [0.         0.         0.         0.        ]
 [0.         0.         0.         0.        ]
 [0.         0.         0.         0.        ]
 [0.         0.         0.         0.        ]
 [0.         0.         0.         0.        ]
 [0.         0.         0.         0.        ]
 [0.         0.         0.         0.        ]
 [0.         0.         0.         0.        ]
 [0.         0.         0.         0.        ]
 [0.         0.         0.         0.        ]
 [0.         0.         0.         0.        ]
 [0.         0.         0.         0.        ]
 [0.         0.         0.         0.        ]
 [0.         0.         0.         0.        ]
 [0.         0.         0.         0.        ]
 [0.         0.         0.         0.        ]
 [0.         0.         0.         0.        ]
 [0.         0.         0.         0.        ]
 [0.         0.         0.         0.        ]
 [0.         0.         0.         0.        ]
 [0.         0.         0.         0.        ]
 [0.         0.         0.         0.        ]
 [0.         0.         0.         0.        ]
 [0.         0.         0.         0.        ]
 [0.         0.         0.         0.        ]
 [0.         0.         0.         0.        ]
 [0.         0.         0.         0.        ]
 [0.         0.         0.         0.        ]
 [0.         0.         0.         0.        ]
 [0.         0.         0.         0.        ]
 [0.         0.         0.         0.        ]
 [0.         0.         0.         0.        ]
 [0.         0.         0.         0.        ]
 [0.         0.         0.         0.        ]
 [0.         0.         0.         0.        ]
 [0.         0.         0.         0.        ]
 [0.         0.         0.         0.        ]
 [0.         0.         0.         0.        ]
 [0.         0.         0.         0.        ]
 [0.         0.         0.         0.        ]
 [0.         0.         0.         0.        ]
 [0.         0.         0.         0.        ]
 [0.         0.         0.         0.        ]
 [0.         0.         0.         0.        ]
 [0.         0.         0.         0.        ]
 [0.         0.         0.         0.        ]
 [0.         0.         0.         0.        ]
 [0.         0.         0.         0.        ]
 [0.         0.         0.         0.        ]
 [0.         0.         0.         0.        ]
 [0.         0.         0.         0.        ]
 [0.         0.         0.         0.        ]
 [0.         0.         0.         0.        ]
 [0.         0.         0.         0.        ]
 [0.         0.         0.         0.        ]
 [0.         0.         0.         0.        ]
 [0.         0.         0.         0.        ]
 [0.         0.         0.         0.        ]
 [0.         0.         0.         0.        ]
 [0.         0.         0.         0.        ]
 [0.         0.         0.         0.        ]
 [0.         0.         0.         0.        ]
 [0.         0.         0.         0.        ]
 [0.         0.         0.         0.        ]
 [0.         0.         0.         0.        ]
 [0.         0.         0.         0.        ]
 [0.         0.         0.         0.        ]
 [0.         0.         0.         0.        ]
 [0.         0.         0.         0.        ]
 [0.         0.         0.         0.        ]
 [0.         0.         0.         0.        ]
 [0.         0.         0.         0.        ]
 [0.         0.         0.         0.        ]
 [0.         0.         0.         0.        ]
 [0.         0.         0.         0.        ]
 [0.         0.         0.         0.        ]
 [0.         0.         0.         0.        ]
 [0.         0.         0.         0.        ]
 [0.         0.         0.         0.        ]
 [0.         0.         0.         0.        ]
 [0.         0.         0.         0.        ]
 [0.         0.         0.         0.        ]
 [0.         0.         0.         0.        ]
 [0.         0.         0.         0.        ]
 [0.         0.         0.         0.        ]
 [0.         0.         0.         0.        ]
 [0.         0.         0.         0.        ]
 [0.         0.         0.         0.        ]
 [0.         0.         0.         0.        ]
 [0.         0.         0.         0.        ]
 [0.         0.         0.         0.        ]
 [0.         0.         0.         0.        ]
 [0.         0.         0.         0.        ]
 [0.         0.         0.         0.        ]
 [0.         0.         0.         0.        ]
 [0.         0.         0.         0.        ]]
Training  | Episode: 10000/500000  | Episode Reward: -50.0000 | Epsilon: 0.2000 | Goal reached: 0
Training  | Episode: 20000/500000  | Episode Reward: -61.0000 | Epsilon: 0.2000 | Goal reached: 0
Training  | Episode: 30000/500000  | Episode Reward: -80.0000 | Epsilon: 0.2000 | Goal reached: 0
Training  | Episode: 40000/500000  | Episode Reward: -61.0000 | Epsilon: 0.2000 | Goal reached: 0
Training  | Episode: 50000/500000  | Episode Reward: -61.0000 | Epsilon: 0.2000 | Goal reached: 0
Training  | Episode: 60000/500000  | Episode Reward: -50.0000 | Epsilon: 0.2000 | Goal reached: 0
Training  | Episode: 70000/500000  | Episode Reward: -113.0000 | Epsilon: 0.2000 | Goal reached: 0
Training  | Episode: 80000/500000  | Episode Reward: -50.0000 | Epsilon: 0.2000 | Goal reached: 0
Training  | Episode: 90000/500000  | Episode Reward: -50.0000 | Epsilon: 0.2000 | Goal reached: 0
Training  | Episode: 100000/500000  | Episode Reward: -51.0000 | Epsilon: 0.2000 | Goal reached: 0
[[  0.00295038 -19.8229332  -19.61018372   0.00814359]
 [  0.0008619  -18.38500404 -22.85885429   0.00358488]
 [  0.           0.           0.           0.        ]
 [  0.           0.           0.           0.        ]
 [  0.           0.           0.           0.        ]
 [  0.           0.           0.           0.        ]
 [  0.           0.           0.           0.        ]
 [  0.           0.           0.           0.        ]
 [  0.           0.           0.           0.        ]
 [  0.           0.           0.           0.        ]
 [  0.           0.           0.           0.        ]
 [  0.00815869 -36.42308044 -20.24736023   0.00287683]
 [  0.           0.           0.           0.        ]
 [  0.           0.           0.           0.        ]
 [  0.           0.           0.           0.        ]
 [  0.           0.           0.           0.        ]
 [  0.           0.           0.           0.        ]
 [  0.           0.           0.           0.        ]
 [  0.           0.           0.           0.        ]
 [  0.           0.           0.           0.        ]
 [  0.           0.           0.           0.        ]
 [  0.00195998 -33.61233139 -20.1920681    0.00288215]
 [  0.           0.           0.           0.        ]
 [  0.           0.           0.           0.        ]
 [  0.           0.           0.           0.        ]
 [  0.           0.           0.           0.        ]
 [  0.           0.           0.           0.        ]
 [  0.           0.           0.           0.        ]
 [  0.           0.           0.           0.        ]
 [  0.           0.           0.           0.        ]
 [  0.00829127 -21.4948616  -34.76565552   0.00449561]
 [  0.00267912  -2.54106021  -5.26223278   0.00325276]
 [  0.00924532 -20.5103817  -35.69784164   0.00669369]
 [  0.00421989  -4.84478903 -13.49771976   0.00650811]
 [  0.00954591 -23.46019173 -25.14388657   0.00768858]
 [  0.           0.           0.           0.        ]
 [  0.           0.           0.           0.        ]
 [  0.           0.           0.           0.        ]
 [  0.           0.           0.           0.        ]
 [  0.           0.           0.           0.        ]
 [  0.           0.           0.           0.        ]
 [  0.00850355 -36.80746841 -24.95534134   0.00331896]
 [  0.           0.           0.           0.        ]
 [  0.00700256 -25.90963173 -22.80677223   0.00153453]
 [  0.00784872 -28.52741432 -29.54289436   0.00673134]
 [  0.           0.           0.           0.        ]
 [  0.           0.           0.           0.        ]
 [  0.           0.           0.           0.        ]
 [  0.           0.           0.           0.        ]
 [  0.           0.           0.           0.        ]
 [  0.00396621 -20.12671471 -28.11592674   0.00501913]
 [  0.00290859  -2.26231003  -4.67214489   0.00810976]
 [  0.00722402 -20.18227959 -28.28214836   0.00647939]
 [  0.           0.           0.           0.        ]
 [  0.           0.           0.           0.        ]
 [  0.           0.           0.           0.        ]
 [  0.           0.           0.           0.        ]
 [  0.           0.           0.           0.        ]
 [  0.           0.           0.           0.        ]
 [  0.           0.           0.           0.        ]
 [  0.           0.           0.           0.        ]
 [  0.00670726 -25.41222382 -19.91018105   0.00736245]
 [  0.00702048 -15.27949047 -16.62011147   0.00520507]
 [  0.0073745  -10.33454704 -13.22289181   0.00101945]
 [  0.00577393  -6.25097847  -6.4775157    0.00262981]
 [  0.           0.           0.           0.        ]
 [  0.           0.           0.           0.        ]
 [  0.           0.           0.           0.        ]
 [  0.           0.           0.           0.        ]
 [  0.           0.           0.           0.        ]
 [  0.           0.           0.           0.        ]
 [  0.           0.           0.           0.        ]
 [  0.           0.           0.           0.        ]
 [  0.           0.           0.           0.        ]
 [  0.00504023  -2.91283751  -2.15698528   0.00050455]
 [  0.00761603  -1.01290572  -1.01381516   0.00683762]
 [  0.           0.           0.           0.        ]
 [  0.           0.           0.           0.        ]
 [  0.           0.           0.           0.        ]
 [  0.           0.           0.           0.        ]
 [  0.           0.           0.           0.        ]
 [  0.           0.           0.           0.        ]
 [  0.           0.           0.           0.        ]
 [  0.           0.           0.           0.        ]
 [  0.           0.           0.           0.        ]
 [  0.00820363  -0.9983148   -0.99231213   0.00664538]
 [  0.           0.           0.           0.        ]
 [  0.           0.           0.           0.        ]
 [  0.           0.           0.           0.        ]
 [  0.           0.           0.           0.        ]
 [  0.           0.           0.           0.        ]
 [  0.           0.           0.           0.        ]
 [  0.           0.           0.           0.        ]
 [  0.           0.           0.           0.        ]
 [  0.           0.           0.           0.        ]
 [  0.           0.           0.           0.        ]
 [  0.           0.           0.           0.        ]
 [  0.           0.           0.           0.        ]
 [  0.           0.           0.           0.        ]
 [  0.           0.           0.           0.        ]]
Training  | Episode: 110000/500000  | Episode Reward: -82.0000 | Epsilon: 0.2000 | Goal reached: 0
Training  | Episode: 120000/500000  | Episode Reward: -55.0000 | Epsilon: 0.2000 | Goal reached: 0
Training  | Episode: 130000/500000  | Episode Reward: -50.0000 | Epsilon: 0.2000 | Goal reached: 0
Training  | Episode: 140000/500000  | Episode Reward: -92.0000 | Epsilon: 0.2000 | Goal reached: 0
Training  | Episode: 150000/500000  | Episode Reward: -50.0000 | Epsilon: 0.2000 | Goal reached: 0
Training  | Episode: 160000/500000  | Episode Reward: -62.0000 | Epsilon: 0.2000 | Goal reached: 0
Training  | Episode: 170000/500000  | Episode Reward: -50.0000 | Epsilon: 0.2000 | Goal reached: 0
Training  | Episode: 180000/500000  | Episode Reward: -80.0000 | Epsilon: 0.2000 | Goal reached: 0
Training  | Episode: 190000/500000  | Episode Reward: -50.0000 | Epsilon: 0.2000 | Goal reached: 0
Training  | Episode: 200000/500000  | Episode Reward: -82.0000 | Epsilon: 0.2000 | Goal reached: 0
[[  0.00295038 -22.36276817 -20.68539047   0.00814359]
 [  0.0008619  -18.66752434 -23.16417694   0.00358488]
 [  0.           0.           0.           0.        ]
 [  0.           0.           0.           0.        ]
 [  0.           0.           0.           0.        ]
 [  0.           0.           0.           0.        ]
 [  0.           0.           0.           0.        ]
 [  0.           0.           0.           0.        ]
 [  0.           0.           0.           0.        ]
 [  0.           0.           0.           0.        ]
 [  0.           0.           0.           0.        ]
 [  0.00815869 -34.93289185 -24.08592606   0.00287683]
 [  0.           0.           0.           0.        ]
 [  0.           0.           0.           0.        ]
 [  0.           0.           0.           0.        ]
 [  0.           0.           0.           0.        ]
 [  0.           0.           0.           0.        ]
 [  0.           0.           0.           0.        ]
 [  0.           0.           0.           0.        ]
 [  0.           0.           0.           0.        ]
 [  0.           0.           0.           0.        ]
 [  0.00195998 -32.2645607  -22.49510956   0.00288215]
 [  0.           0.           0.           0.        ]
 [  0.           0.           0.           0.        ]
 [  0.           0.           0.           0.        ]
 [  0.           0.           0.           0.        ]
 [  0.           0.           0.           0.        ]
 [  0.           0.           0.           0.        ]
 [  0.           0.           0.           0.        ]
 [  0.           0.           0.           0.        ]
 [  0.00829127 -23.07882118 -35.19406509   0.00449561]
 [  0.00267912  -2.22890306  -4.40320969   0.00325276]
 [  0.00924532 -18.61460686 -30.00894547   0.00669369]
 [  0.00421989  -4.99709702 -17.6365242    0.00650811]
 [  0.00954591 -23.75626945 -32.20410538   0.00768858]
 [  0.           0.           0.           0.        ]
 [  0.           0.           0.           0.        ]
 [  0.           0.           0.           0.        ]
 [  0.           0.           0.           0.        ]
 [  0.           0.           0.           0.        ]
 [  0.           0.           0.           0.        ]
 [  0.00850355 -34.47938919 -22.35297012   0.00331896]
 [  0.           0.           0.           0.        ]
 [  0.00700256 -31.31165695 -21.90288162   0.00153453]
 [  0.00784872 -32.41661453 -34.77325058   0.00673134]
 [  0.           0.           0.           0.        ]
 [  0.           0.           0.           0.        ]
 [  0.           0.           0.           0.        ]
 [  0.           0.           0.           0.        ]
 [  0.           0.           0.           0.        ]
 [  0.00396621 -24.01542091 -34.7170105    0.00501913]
 [  0.00290859  -1.57076323  -4.96987724   0.00810976]
 [  0.00722402 -18.53772545 -34.01669693   0.00647939]
 [  0.           0.           0.           0.        ]
 [  0.           0.           0.           0.        ]
 [  0.           0.           0.           0.        ]
 [  0.           0.           0.           0.        ]
 [  0.           0.           0.           0.        ]
 [  0.           0.           0.           0.        ]
 [  0.           0.           0.           0.        ]
 [  0.           0.           0.           0.        ]
 [  0.00670726 -34.08288193 -20.11483002   0.00736245]
 [  0.00702048 -19.41561127 -18.22887039   0.00520507]
 [  0.0073745  -20.82569504 -22.52785683   0.00101945]
 [  0.00577393 -10.03169632 -12.17183971   0.00262981]
 [  0.           0.           0.           0.        ]
 [  0.           0.           0.           0.        ]
 [  0.           0.           0.           0.        ]
 [  0.           0.           0.           0.        ]
 [  0.           0.           0.           0.        ]
 [  0.           0.           0.           0.        ]
 [  0.           0.           0.           0.        ]
 [  0.           0.           0.           0.        ]
 [  0.           0.           0.           0.        ]
 [  0.00504023  -4.68517494  -5.32718945   0.00050455]
 [  0.00761603  -2.16858912  -1.97341967   0.00683762]
 [  0.           0.           0.           0.        ]
 [  0.           0.           0.           0.        ]
 [  0.           0.           0.           0.        ]
 [  0.           0.           0.           0.        ]
 [  0.           0.           0.           0.        ]
 [  0.           0.           0.           0.        ]
 [  0.           0.           0.           0.        ]
 [  0.           0.           0.           0.        ]
 [  0.           0.           0.           0.        ]
 [  0.00820363  -0.9983148   -1.16883564   0.00664538]
 [  0.0054555    0.00409687   0.0038364    0.00202464]
 [  0.00956391   0.00939194   0.00421328   0.00358232]
 [  0.           0.           0.           0.        ]
 [  0.           0.           0.           0.        ]
 [  0.           0.           0.           0.        ]
 [  0.           0.           0.           0.        ]
 [  0.           0.           0.           0.        ]
 [  0.           0.           0.           0.        ]
 [  0.           0.           0.           0.        ]
 [  0.           0.           0.           0.        ]
 [  0.           0.           0.           0.        ]
 [  0.           0.           0.           0.        ]
 [  0.           0.           0.           0.        ]
 [  0.           0.           0.           0.        ]]
Training  | Episode: 210000/500000  | Episode Reward: -81.0000 | Epsilon: 0.2000 | Goal reached: 0
Training  | Episode: 220000/500000  | Episode Reward: -61.0000 | Epsilon: 0.2000 | Goal reached: 0
Training  | Episode: 230000/500000  | Episode Reward: -91.0000 | Epsilon: 0.2000 | Goal reached: 0
Training  | Episode: 240000/500000  | Episode Reward: -50.0000 | Epsilon: 0.2000 | Goal reached: 0
Training  | Episode: 250000/500000  | Episode Reward: -60.0000 | Epsilon: 0.2000 | Goal reached: 0
Training  | Episode: 260000/500000  | Episode Reward: -50.0000 | Epsilon: 0.2000 | Goal reached: 0
Training  | Episode: 270000/500000  | Episode Reward: -72.0000 | Epsilon: 0.2000 | Goal reached: 0
Training  | Episode: 280000/500000  | Episode Reward: -50.0000 | Epsilon: 0.2000 | Goal reached: 0
Training  | Episode: 290000/500000  | Episode Reward: -50.0000 | Epsilon: 0.2000 | Goal reached: 0
Training  | Episode: 300000/500000  | Episode Reward: -50.0000 | Epsilon: 0.2000 | Goal reached: 0
[[  0.00295038 -20.22655106 -16.25683784   0.00814359]
 [  0.0008619  -22.27975082 -22.3593483    0.00358488]
 [  0.           0.           0.           0.        ]
 [  0.           0.           0.           0.        ]
 [  0.           0.           0.           0.        ]
 [  0.           0.           0.           0.        ]
 [  0.           0.           0.           0.        ]
 [  0.           0.           0.           0.        ]
 [  0.           0.           0.           0.        ]
 [  0.           0.           0.           0.        ]
 [  0.           0.           0.           0.        ]
 [  0.00815869 -31.23480225 -19.9213562    0.00287683]
 [  0.           0.           0.           0.        ]
 [  0.           0.           0.           0.        ]
 [  0.           0.           0.           0.        ]
 [  0.           0.           0.           0.        ]
 [  0.           0.           0.           0.        ]
 [  0.           0.           0.           0.        ]
 [  0.           0.           0.           0.        ]
 [  0.           0.           0.           0.        ]
 [  0.           0.           0.           0.        ]
 [  0.00195998 -31.8664875  -18.97367859   0.00288215]
 [  0.           0.           0.           0.        ]
 [  0.           0.           0.           0.        ]
 [  0.           0.           0.           0.        ]
 [  0.           0.           0.           0.        ]
 [  0.           0.           0.           0.        ]
 [  0.           0.           0.           0.        ]
 [  0.           0.           0.           0.        ]
 [  0.           0.           0.           0.        ]
 [  0.00829127 -23.68217278 -36.19724274   0.00449561]
 [  0.00267912  -3.02513385  -4.97192287   0.00325276]
 [  0.00924532 -18.19974518 -33.34471893   0.00669369]
 [  0.00421989  -5.03439713 -14.98331833   0.00650811]
 [  0.00954591 -17.86503601 -35.10080338   0.00768858]
 [  0.           0.           0.           0.        ]
 [  0.           0.           0.           0.        ]
 [  0.           0.           0.           0.        ]
 [  0.           0.           0.           0.        ]
 [  0.           0.           0.           0.        ]
 [  0.           0.           0.           0.        ]
 [  0.00850355 -29.72539711 -19.48463821   0.00331896]
 [  0.           0.           0.           0.        ]
 [  0.00700256 -31.18683243 -21.99758148   0.00153453]
 [  0.00784872 -35.18997574 -34.64489746   0.00673134]
 [  0.           0.           0.           0.        ]
 [  0.           0.           0.           0.        ]
 [  0.           0.           0.           0.        ]
 [  0.           0.           0.           0.        ]
 [  0.           0.           0.           0.        ]
 [  0.00396621 -22.48521042 -35.09163284   0.00501913]
 [  0.00290859  -2.33898544  -5.06237936   0.00810976]
 [  0.00722402 -20.67725182 -32.1459198    0.00647939]
 [  0.           0.           0.           0.        ]
 [  0.           0.           0.           0.        ]
 [  0.           0.           0.           0.        ]
 [  0.           0.           0.           0.        ]
 [  0.           0.           0.           0.        ]
 [  0.           0.           0.           0.        ]
 [  0.           0.           0.           0.        ]
 [  0.           0.           0.           0.        ]
 [  0.00670726 -34.68667221 -20.07069016   0.00736245]
 [  0.00702048 -20.42507553 -19.432621     0.00520507]
 [  0.0073745  -22.01743126 -24.56122017   0.00101945]
 [  0.00577393 -11.81877613 -16.29154205   0.00262981]
 [  0.           0.           0.           0.        ]
 [  0.           0.           0.           0.        ]
 [  0.           0.           0.           0.        ]
 [  0.           0.           0.           0.        ]
 [  0.           0.           0.           0.        ]
 [  0.           0.           0.           0.        ]
 [  0.           0.           0.           0.        ]
 [  0.           0.           0.           0.        ]
 [  0.           0.           0.           0.        ]
 [  0.00504023  -6.28146648  -6.40632486   0.00050455]
 [  0.00761603  -2.30208564  -2.9146235    0.00683762]
 [  0.           0.           0.           0.        ]
 [  0.           0.           0.           0.        ]
 [  0.           0.           0.           0.        ]
 [  0.           0.           0.           0.        ]
 [  0.           0.           0.           0.        ]
 [  0.           0.           0.           0.        ]
 [  0.           0.           0.           0.        ]
 [  0.           0.           0.           0.        ]
 [  0.           0.           0.           0.        ]
 [  0.00820363  -1.97827065  -2.31830597   0.00664538]
 [  0.0054555   -0.01585117   0.0038364    0.00202464]
 [  0.00956391  -0.99067611   0.00421328   0.00358232]
 [  0.00917887   0.00738901   0.00996123   0.00028897]
 [  0.           0.           0.           0.        ]
 [  0.           0.           0.           0.        ]
 [  0.           0.           0.           0.        ]
 [  0.           0.           0.           0.        ]
 [  0.           0.           0.           0.        ]
 [  0.           0.           0.           0.        ]
 [  0.           0.           0.           0.        ]
 [  0.           0.           0.           0.        ]
 [  0.           0.           0.           0.        ]
 [  0.           0.           0.           0.        ]
 [  0.           0.           0.           0.        ]]
Training  | Episode: 310000/500000  | Episode Reward: -50.0000 | Epsilon: 0.2000 | Goal reached: 0
Training  | Episode: 320000/500000  | Episode Reward: -50.0000 | Epsilon: 0.2000 | Goal reached: 0
Training  | Episode: 330000/500000  | Episode Reward: -50.0000 | Epsilon: 0.2000 | Goal reached: 0
Training  | Episode: 340000/500000  | Episode Reward: -50.0000 | Epsilon: 0.2000 | Goal reached: 0
Training  | Episode: 350000/500000  | Episode Reward: -51.0000 | Epsilon: 0.2000 | Goal reached: 0
Training  | Episode: 360000/500000  | Episode Reward: -61.0000 | Epsilon: 0.2000 | Goal reached: 0
Training  | Episode: 370000/500000  | Episode Reward: -50.0000 | Epsilon: 0.2000 | Goal reached: 0
Training  | Episode: 380000/500000  | Episode Reward: -70.0000 | Epsilon: 0.2000 | Goal reached: 0
Training  | Episode: 390000/500000  | Episode Reward: -50.0000 | Epsilon: 0.2000 | Goal reached: 0
Training  | Episode: 400000/500000  | Episode Reward: -50.0000 | Epsilon: 0.2000 | Goal reached: 0
[[  0.00295038 -15.17301369 -22.11292267   0.00814359]
 [  0.0008619  -17.66341782 -21.82339287   0.00358488]
 [  0.           0.           0.           0.        ]
 [  0.           0.           0.           0.        ]
 [  0.           0.           0.           0.        ]
 [  0.           0.           0.           0.        ]
 [  0.           0.           0.           0.        ]
 [  0.           0.           0.           0.        ]
 [  0.           0.           0.           0.        ]
 [  0.           0.           0.           0.        ]
 [  0.           0.           0.           0.        ]
 [  0.00815869 -34.49050522 -22.74931908   0.00287683]
 [  0.           0.           0.           0.        ]
 [  0.           0.           0.           0.        ]
 [  0.           0.           0.           0.        ]
 [  0.           0.           0.           0.        ]
 [  0.           0.           0.           0.        ]
 [  0.           0.           0.           0.        ]
 [  0.           0.           0.           0.        ]
 [  0.           0.           0.           0.        ]
 [  0.           0.           0.           0.        ]
 [  0.00195998 -30.68741989 -24.08167458   0.00288215]
 [  0.           0.           0.           0.        ]
 [  0.           0.           0.           0.        ]
 [  0.           0.           0.           0.        ]
 [  0.           0.           0.           0.        ]
 [  0.           0.           0.           0.        ]
 [  0.           0.           0.           0.        ]
 [  0.           0.           0.           0.        ]
 [  0.           0.           0.           0.        ]
 [  0.00829127 -22.84604263 -37.67419815   0.00449561]
 [  0.00267912  -2.13136768  -4.28251505   0.00325276]
 [  0.00924532 -19.13559151 -35.98906708   0.00669369]
 [  0.00421989  -4.49748468 -17.93085289   0.00650811]
 [  0.00954591 -18.99007034 -36.39072037   0.00768858]
 [  0.           0.           0.           0.        ]
 [  0.           0.           0.           0.        ]
 [  0.           0.           0.           0.        ]
 [  0.           0.           0.           0.        ]
 [  0.           0.           0.           0.        ]
 [  0.           0.           0.           0.        ]
 [  0.00850355 -35.1353302  -19.15920448   0.00331896]
 [  0.           0.           0.           0.        ]
 [  0.00700256 -33.28491592 -17.9500103    0.00153453]
 [  0.00784872 -37.12052536 -34.8956604    0.00673134]
 [  0.           0.           0.           0.        ]
 [  0.           0.           0.           0.        ]
 [  0.           0.           0.           0.        ]
 [  0.           0.           0.           0.        ]
 [  0.           0.           0.           0.        ]
 [  0.00396621 -22.02167702 -36.8156662    0.00501913]
 [  0.00290859  -2.07095528  -4.64147615   0.00810976]
 [  0.00722402 -19.15993881 -34.83017731   0.00647939]
 [  0.           0.           0.           0.        ]
 [  0.           0.           0.           0.        ]
 [  0.           0.           0.           0.        ]
 [  0.           0.           0.           0.        ]
 [  0.           0.           0.           0.        ]
 [  0.           0.           0.           0.        ]
 [  0.           0.           0.           0.        ]
 [  0.           0.           0.           0.        ]
 [  0.00670726 -34.75369644 -18.19464874   0.00736245]
 [  0.00702048 -20.56994629 -17.77078247   0.00520507]
 [  0.0073745  -23.28475571 -25.0699501    0.00101945]
 [  0.00577393 -17.25024796 -21.62292671   0.00262981]
 [  0.           0.           0.           0.        ]
 [  0.           0.           0.           0.        ]
 [  0.           0.           0.           0.        ]
 [  0.           0.           0.           0.        ]
 [  0.           0.           0.           0.        ]
 [  0.           0.           0.           0.        ]
 [  0.           0.           0.           0.        ]
 [  0.           0.           0.           0.        ]
 [  0.           0.           0.           0.        ]
 [  0.00504023  -8.0125351   -7.34847736   0.00050455]
 [  0.00761603  -2.30208564  -2.9146235    0.00683762]
 [  0.           0.           0.           0.        ]
 [  0.           0.           0.           0.        ]
 [  0.           0.           0.           0.        ]
 [  0.           0.           0.           0.        ]
 [  0.           0.           0.           0.        ]
 [  0.           0.           0.           0.        ]
 [  0.           0.           0.           0.        ]
 [  0.           0.           0.           0.        ]
 [  0.           0.           0.           0.        ]
 [  0.00820363  -1.97827065  -2.31830597   0.00664538]
 [  0.0054555   -0.01585117   0.0038364    0.00202464]
 [  0.00956391  -0.99067611   0.00421328   0.00358232]
 [  0.00917887   0.00738901   0.00996123   0.00028897]
 [  0.           0.           0.           0.        ]
 [  0.           0.           0.           0.        ]
 [  0.           0.           0.           0.        ]
 [  0.           0.           0.           0.        ]
 [  0.           0.           0.           0.        ]
 [  0.           0.           0.           0.        ]
 [  0.           0.           0.           0.        ]
 [  0.           0.           0.           0.        ]
 [  0.           0.           0.           0.        ]
 [  0.           0.           0.           0.        ]
 [  0.           0.           0.           0.        ]]
Training  | Episode: 410000/500000  | Episode Reward: -60.0000 | Epsilon: 0.2000 | Goal reached: 0
Training  | Episode: 420000/500000  | Episode Reward: -51.0000 | Epsilon: 0.2000 | Goal reached: 0
Training  | Episode: 430000/500000  | Episode Reward: -72.0000 | Epsilon: 0.2000 | Goal reached: 0
Training  | Episode: 440000/500000  | Episode Reward: -50.0000 | Epsilon: 0.2000 | Goal reached: 0
Training  | Episode: 450000/500000  | Episode Reward: -50.0000 | Epsilon: 0.2000 | Goal reached: 0
Training  | Episode: 460000/500000  | Episode Reward: -50.0000 | Epsilon: 0.2000 | Goal reached: 0
Training  | Episode: 470000/500000  | Episode Reward: -50.0000 | Epsilon: 0.2000 | Goal reached: 0
Training  | Episode: 480000/500000  | Episode Reward: -60.0000 | Epsilon: 0.2000 | Goal reached: 0
Training  | Episode: 490000/500000  | Episode Reward: -50.0000 | Epsilon: 0.2000 | Goal reached: 0
[[  0.00295038 -21.4227581  -19.74491692   0.00814359]
 [  0.0008619  -16.66639709 -18.91286469   0.00358488]
 [  0.           0.           0.           0.        ]
 [  0.           0.           0.           0.        ]
 [  0.           0.           0.           0.        ]
 [  0.           0.           0.           0.        ]
 [  0.           0.           0.           0.        ]
 [  0.           0.           0.           0.        ]
 [  0.           0.           0.           0.        ]
 [  0.           0.           0.           0.        ]
 [  0.           0.           0.           0.        ]
 [  0.00815869 -36.17442703 -20.42378235   0.00287683]
 [  0.           0.           0.           0.        ]
 [  0.           0.           0.           0.        ]
 [  0.           0.           0.           0.        ]
 [  0.           0.           0.           0.        ]
 [  0.           0.           0.           0.        ]
 [  0.           0.           0.           0.        ]
 [  0.           0.           0.           0.        ]
 [  0.           0.           0.           0.        ]
 [  0.           0.           0.           0.        ]
 [  0.00195998 -29.6410408  -19.39787865   0.00288215]
 [  0.           0.           0.           0.        ]
 [  0.           0.           0.           0.        ]
 [  0.           0.           0.           0.        ]
 [  0.           0.           0.           0.        ]
 [  0.           0.           0.           0.        ]
 [  0.           0.           0.           0.        ]
 [  0.           0.           0.           0.        ]
 [  0.           0.           0.           0.        ]
 [  0.00829127 -21.47422409 -40.56674957   0.00449561]
 [  0.00267912  -2.0537138   -4.90663385   0.00325276]
 [  0.00924532 -22.35052681 -35.78434372   0.00669369]
 [  0.00421989  -4.87350416 -18.77388954   0.00650811]
 [  0.00954591 -22.45996857 -36.08647537   0.00768858]
 [  0.           0.           0.           0.        ]
 [  0.           0.           0.           0.        ]
 [  0.           0.           0.           0.        ]
 [  0.           0.           0.           0.        ]
 [  0.           0.           0.           0.        ]
 [  0.           0.           0.           0.        ]
 [  0.00850355 -35.23127365 -15.07638836   0.00331896]
 [  0.           0.           0.           0.        ]
 [  0.00700256 -32.92456818 -22.01937866   0.00153453]
 [  0.00784872 -36.6861763  -34.29383087   0.00673134]
 [  0.           0.           0.           0.        ]
 [  0.           0.           0.           0.        ]
 [  0.           0.           0.           0.        ]
 [  0.           0.           0.           0.        ]
 [  0.           0.           0.           0.        ]
 [  0.00396621 -21.24095154 -40.04154205   0.00501913]
 [  0.00290859  -2.39807296  -4.4578433    0.00810976]
 [  0.00722402 -22.32472229 -33.41067123   0.00647939]
 [  0.           0.           0.           0.        ]
 [  0.           0.           0.           0.        ]
 [  0.           0.           0.           0.        ]
 [  0.           0.           0.           0.        ]
 [  0.           0.           0.           0.        ]
 [  0.           0.           0.           0.        ]
 [  0.           0.           0.           0.        ]
 [  0.           0.           0.           0.        ]
 [  0.00670726 -33.15047455 -20.0134716    0.00736245]
 [  0.00702048 -21.60986137 -20.46179008   0.00520507]
 [  0.0073745  -19.21039391 -28.22953224   0.00101945]
 [  0.00577393 -18.09473801 -25.36437607   0.00262981]
 [  0.           0.           0.           0.        ]
 [  0.           0.           0.           0.        ]
 [  0.           0.           0.           0.        ]
 [  0.           0.           0.           0.        ]
 [  0.           0.           0.           0.        ]
 [  0.           0.           0.           0.        ]
 [  0.           0.           0.           0.        ]
 [  0.           0.           0.           0.        ]
 [  0.           0.           0.           0.        ]
 [  0.00504023 -10.22103024  -9.90812874   0.00050455]
 [  0.00761603  -2.40161824  -3.85619497   0.00683762]
 [  0.           0.           0.           0.        ]
 [  0.           0.           0.           0.        ]
 [  0.           0.           0.           0.        ]
 [  0.           0.           0.           0.        ]
 [  0.           0.           0.           0.        ]
 [  0.           0.           0.           0.        ]
 [  0.           0.           0.           0.        ]
 [  0.           0.           0.           0.        ]
 [  0.           0.           0.           0.        ]
 [  0.00820363  -1.95862889  -2.47183323   0.00664538]
 [  0.0054555   -0.01585117   0.0038364    0.00202464]
 [  0.00956391  -0.99067611   0.00421328   0.00358232]
 [  0.00917887   0.00738901   0.00996123   0.00028897]
 [  0.           0.           0.           0.        ]
 [  0.           0.           0.           0.        ]
 [  0.           0.           0.           0.        ]
 [  0.           0.           0.           0.        ]
 [  0.           0.           0.           0.        ]
 [  0.           0.           0.           0.        ]
 [  0.           0.           0.           0.        ]
 [  0.           0.           0.           0.        ]
 [  0.           0.           0.           0.        ]
 [  0.           0.           0.           0.        ]
 [  0.           0.           0.           0.        ]]
