gamma:  0.7 learning rate:  0.01 eps decay:  0.9999975
[[b'S' b'H' b'H' b'H' b'H' b'H' b'H' b'H' b'F' b'F']
 [b'F' b'F' b'F' b'H' b'F' b'H' b'H' b'H' b'H' b'F']
 [b'F' b'H' b'F' b'H' b'H' b'H' b'H' b'H' b'H' b'H']
 [b'H' b'H' b'F' b'F' b'F' b'F' b'F' b'F' b'H' b'F']
 [b'F' b'H' b'H' b'H' b'H' b'F' b'F' b'F' b'F' b'F']
 [b'F' b'H' b'H' b'H' b'H' b'H' b'F' b'H' b'F' b'H']
 [b'F' b'H' b'F' b'H' b'F' b'H' b'F' b'F' b'F' b'F']
 [b'H' b'H' b'H' b'H' b'F' b'F' b'H' b'H' b'H' b'F']
 [b'H' b'H' b'H' b'F' b'F' b'H' b'H' b'H' b'F' b'F']
 [b'H' b'F' b'H' b'H' b'H' b'F' b'H' b'F' b'F' b'G']]
[<tf.Variable 'q_a_s/weights:0' shape=(100, 4) dtype=float32, numpy=
array([[0.00731527, 0.5011523 , 0.50629604, 0.00266367],
       [0.00537311, 0.50680256, 0.50756854, 0.00423256],
       [0.00789587, 0.5000774 , 0.5006107 , 0.00239251],
       [0.00979913, 0.50337875, 0.5092287 , 0.00672559],
       [0.00854356, 0.50073606, 0.5002027 , 0.0066544 ],
       [0.00165037, 0.5062121 , 0.5022314 , 0.00614141],
       [0.00796624, 0.5034394 , 0.50336957, 0.00408409],
       [0.00019421, 0.504704  , 0.50653595, 0.00229546],
       [0.00433756, 0.5003487 , 0.50680447, 0.00525086],
       [0.00642496, 0.50443846, 0.50931644, 0.00282494],
       [0.00602819, 0.5080893 , 0.5001342 , 0.00487541],
       [0.0038942 , 0.50658554, 0.5070079 , 0.00059627],
       [0.00838667, 0.50467545, 0.5033781 , 0.00470942],
       [0.00044567, 0.50245667, 0.50616676, 0.00394487],
       [0.00136756, 0.50292635, 0.5088342 , 0.00699364],
       [0.00132486, 0.5053542 , 0.50745296, 0.00423137],
       [0.00441079, 0.5068483 , 0.506814  , 0.00308538],
       [0.00410378, 0.5064968 , 0.5085607 , 0.0061882 ],
       [0.00020934, 0.50518167, 0.5030043 , 0.00817499],
       [0.00243038, 0.5006276 , 0.50451905, 0.00051245],
       [0.00159095, 0.502937  , 0.5054741 , 0.00446522],
       [0.00228442, 0.500219  , 0.5006761 , 0.00479705],
       [0.00845487, 0.50543517, 0.50864553, 0.00415583],
       [0.0072001 , 0.50293756, 0.50528044, 0.0034792 ],
       [0.00258227, 0.5071659 , 0.5074024 , 0.00832853],
       [0.00202642, 0.50073415, 0.5026666 , 0.00871919],
       [0.00945889, 0.5098404 , 0.5063631 , 0.00461207],
       [0.00674882, 0.5000821 , 0.5027452 , 0.00170984],
       [0.00457439, 0.50524944, 0.5092282 , 0.00708005],
       [0.00634419, 0.5000162 , 0.5041347 , 0.00727434],
       [0.0042861 , 0.5089654 , 0.5047219 , 0.00403878],
       [0.00179056, 0.50280243, 0.50260925, 0.00531129],
       [0.00980216, 0.50404966, 0.50637966, 0.00928634],
       [0.00781922, 0.5095545 , 0.5068745 , 0.00509331],
       [0.00929985, 0.50785995, 0.50664407, 0.0025288 ],
       [0.00701919, 0.50561905, 0.5089256 , 0.00670319],
       [0.00547413, 0.5010401 , 0.5015051 , 0.00729536],
       [0.00346662, 0.5056587 , 0.5074234 , 0.00583113],
       [0.00112904, 0.5094981 , 0.5068209 , 0.00030865],
       [0.00609298, 0.5009953 , 0.5034601 , 0.00820859],
       [0.00604299, 0.5011509 , 0.5045683 , 0.00156279],
       [0.0005069 , 0.50085163, 0.50477964, 0.00556692],
       [0.0080428 , 0.5099293 , 0.50609714, 0.00858018],
       [0.00098036, 0.5056978 , 0.5049347 , 0.00033213],
       [0.00919123, 0.50578505, 0.50986934, 0.00988115],
       [0.0028431 , 0.500763  , 0.5026242 , 0.00013656],
       [0.00236814, 0.5038772 , 0.5039614 , 0.00747384],
       [0.00416117, 0.5075934 , 0.50830704, 0.00143008],
       [0.0015305 , 0.50004625, 0.50419647, 0.00035908],
       [0.0063304 , 0.50579697, 0.50712836, 0.00764645],
       [0.00016659, 0.50016683, 0.50025266, 0.00468694],
       [0.00703686, 0.50018203, 0.5065462 , 0.00743427],
       [0.00962168, 0.50045717, 0.50226897, 0.00628172],
       [0.00733049, 0.50250375, 0.50659084, 0.00555411],
       [0.00742322, 0.50788194, 0.50645393, 0.00357968],
       [0.00993312, 0.50822   , 0.5009221 , 0.00390743],
       [0.00665539, 0.504523  , 0.50457174, 0.00190047],
       [0.00037796, 0.5086235 , 0.50573075, 0.00126409],
       [0.00835714, 0.50950384, 0.5090108 , 0.00984761],
       [0.0011155 , 0.5089224 , 0.507649  , 0.00152925],
       [0.00034907, 0.5042869 , 0.5028865 , 0.00396444],
       [0.00442348, 0.5016626 , 0.5032717 , 0.00688646],
       [0.00662915, 0.5083238 , 0.5041757 , 0.00083235],
       [0.00910448, 0.50433457, 0.503384  , 0.00028853],
       [0.00418387, 0.50730383, 0.5050377 , 0.0073838 ],
       [0.00169592, 0.5084965 , 0.50404125, 0.00623795],
       [0.00957012, 0.50167745, 0.5030514 , 0.00004012],
       [0.00971644, 0.5058747 , 0.50953275, 0.00346712],
       [0.00357127, 0.5011001 , 0.5049869 , 0.00482105],
       [0.00301077, 0.50274205, 0.5021733 , 0.0024215 ],
       [0.0095811 , 0.5003715 , 0.5049962 , 0.00820648],
       [0.00755933, 0.5090248 , 0.5092384 , 0.0083253 ],
       [0.00250515, 0.50204974, 0.50794816, 0.00624345],
       [0.00335368, 0.50539064, 0.5083489 , 0.0045581 ],
       [0.00425554, 0.5021693 , 0.50128055, 0.00092789],
       [0.00991426, 0.50430995, 0.50503784, 0.00163798],
       [0.0022355 , 0.50991786, 0.50387853, 0.00112298],
       [0.00278332, 0.5013549 , 0.50494474, 0.00589778],
       [0.00629436, 0.5077316 , 0.5099816 , 0.00799666],
       [0.00066121, 0.50408155, 0.5061434 , 0.00067456],
       [0.00726622, 0.5090176 , 0.50940347, 0.00014277],
       [0.00531584, 0.50202405, 0.5032334 , 0.00384415],
       [0.00659867, 0.5036564 , 0.50914305, 0.0026686 ],
       [0.00943323, 0.50216794, 0.5023267 , 0.00350371],
       [0.00000327, 0.5062082 , 0.5090119 , 0.00517725],
       [0.00824338, 0.5093371 , 0.50766456, 0.00141997],
       [0.00569431, 0.5035988 , 0.50277376, 0.00850838],
       [0.00510154, 0.50744665, 0.50639534, 0.00134581],
       [0.00480537, 0.5012012 , 0.5048461 , 0.00404127],
       [0.00885244, 0.50908375, 0.5071422 , 0.00569661],
       [0.00978665, 0.50165915, 0.50451094, 0.00890364],
       [0.0030281 , 0.501011  , 0.50964195, 0.00948312],
       [0.00543994, 0.5065601 , 0.50892335, 0.0052441 ],
       [0.00793402, 0.5025022 , 0.5041192 , 0.00033523],
       [0.00559207, 0.5089385 , 0.5047559 , 0.00066025],
       [0.00790194, 0.50093234, 0.5076573 , 0.00533801],
       [0.00659004, 0.5066246 , 0.50030595, 0.00412511],
       [0.00472146, 0.5093359 , 0.5060488 , 0.00774372],
       [0.00158995, 0.5028203 , 0.5091444 , 0.0054918 ],
       [0.00056966, 0.5045552 , 0.50508106, 0.00233858]], dtype=float32)>]
Training  | Episode: 0/1000000  | Episode Reward: -47.2222 | Epsilon: 1.0000 | Goal reached: 0
[[0.00731527 0.50115228 0.50629604 0.00266367]
 [0.         0.         0.         0.        ]
 [0.         0.         0.         0.        ]
 [0.         0.         0.         0.        ]
 [0.         0.         0.         0.        ]
 [0.         0.         0.         0.        ]
 [0.         0.         0.         0.        ]
 [0.         0.         0.         0.        ]
 [0.         0.         0.         0.        ]
 [0.         0.         0.         0.        ]
 [0.         0.         0.         0.        ]
 [0.         0.         0.         0.        ]
 [0.         0.         0.         0.        ]
 [0.         0.         0.         0.        ]
 [0.         0.         0.         0.        ]
 [0.         0.         0.         0.        ]
 [0.         0.         0.         0.        ]
 [0.         0.         0.         0.        ]
 [0.         0.         0.         0.        ]
 [0.         0.         0.         0.        ]
 [0.         0.         0.         0.        ]
 [0.         0.         0.         0.        ]
 [0.         0.         0.         0.        ]
 [0.         0.         0.         0.        ]
 [0.         0.         0.         0.        ]
 [0.         0.         0.         0.        ]
 [0.         0.         0.         0.        ]
 [0.         0.         0.         0.        ]
 [0.         0.         0.         0.        ]
 [0.         0.         0.         0.        ]
 [0.         0.         0.         0.        ]
 [0.         0.         0.         0.        ]
 [0.         0.         0.         0.        ]
 [0.         0.         0.         0.        ]
 [0.         0.         0.         0.        ]
 [0.         0.         0.         0.        ]
 [0.         0.         0.         0.        ]
 [0.         0.         0.         0.        ]
 [0.         0.         0.         0.        ]
 [0.         0.         0.         0.        ]
 [0.         0.         0.         0.        ]
 [0.         0.         0.         0.        ]
 [0.         0.         0.         0.        ]
 [0.         0.         0.         0.        ]
 [0.         0.         0.         0.        ]
 [0.         0.         0.         0.        ]
 [0.         0.         0.         0.        ]
 [0.         0.         0.         0.        ]
 [0.         0.         0.         0.        ]
 [0.         0.         0.         0.        ]
 [0.         0.         0.         0.        ]
 [0.         0.         0.         0.        ]
 [0.         0.         0.         0.        ]
 [0.         0.         0.         0.        ]
 [0.         0.         0.         0.        ]
 [0.         0.         0.         0.        ]
 [0.         0.         0.         0.        ]
 [0.         0.         0.         0.        ]
 [0.         0.         0.         0.        ]
 [0.         0.         0.         0.        ]
 [0.         0.         0.         0.        ]
 [0.         0.         0.         0.        ]
 [0.         0.         0.         0.        ]
 [0.         0.         0.         0.        ]
 [0.         0.         0.         0.        ]
 [0.         0.         0.         0.        ]
 [0.         0.         0.         0.        ]
 [0.         0.         0.         0.        ]
 [0.         0.         0.         0.        ]
 [0.         0.         0.         0.        ]
 [0.         0.         0.         0.        ]
 [0.         0.         0.         0.        ]
 [0.         0.         0.         0.        ]
 [0.         0.         0.         0.        ]
 [0.         0.         0.         0.        ]
 [0.         0.         0.         0.        ]
 [0.         0.         0.         0.        ]
 [0.         0.         0.         0.        ]
 [0.         0.         0.         0.        ]
 [0.         0.         0.         0.        ]
 [0.         0.         0.         0.        ]
 [0.         0.         0.         0.        ]
 [0.         0.         0.         0.        ]
 [0.         0.         0.         0.        ]
 [0.         0.         0.         0.        ]
 [0.         0.         0.         0.        ]
 [0.         0.         0.         0.        ]
 [0.         0.         0.         0.        ]
 [0.         0.         0.         0.        ]
 [0.         0.         0.         0.        ]
 [0.         0.         0.         0.        ]
 [0.         0.         0.         0.        ]
 [0.         0.         0.         0.        ]
 [0.         0.         0.         0.        ]
 [0.         0.         0.         0.        ]
 [0.         0.         0.         0.        ]
 [0.         0.         0.         0.        ]
 [0.         0.         0.         0.        ]
 [0.         0.         0.         0.        ]
 [0.         0.         0.         0.        ]]
Training  | Episode: 10000/1000000  | Episode Reward: -102.3889 | Epsilon: 0.9753 | Goal reached: 0
Training  | Episode: 20000/1000000  | Episode Reward: -99.0556 | Epsilon: 0.9512 | Goal reached: 0
Training  | Episode: 30000/1000000  | Episode Reward: -77.8889 | Epsilon: 0.9277 | Goal reached: 0
Training  | Episode: 40000/1000000  | Episode Reward: -57.2222 | Epsilon: 0.9048 | Goal reached: 0
Training  | Episode: 50000/1000000  | Episode Reward: -78.1667 | Epsilon: 0.8825 | Goal reached: 0
Training  | Episode: 60000/1000000  | Episode Reward: -87.2222 | Epsilon: 0.8607 | Goal reached: 0
Training  | Episode: 70000/1000000  | Episode Reward: -148.5000 | Epsilon: 0.8395 | Goal reached: 0
Training  | Episode: 80000/1000000  | Episode Reward: -53.5000 | Epsilon: 0.8187 | Goal reached: 0
Training  | Episode: 90000/1000000  | Episode Reward: -82.9444 | Epsilon: 0.7985 | Goal reached: 0
Training  | Episode: 100000/1000000  | Episode Reward: -62.3889 | Epsilon: 0.7788 | Goal reached: 0
[[-23.97917175 -31.41490746 -30.70120811 -34.50799561]
 [  0.           0.           0.           0.        ]
 [  0.           0.           0.           0.        ]
 [  0.           0.           0.           0.        ]
 [  0.           0.           0.           0.        ]
 [  0.           0.           0.           0.        ]
 [  0.           0.           0.           0.        ]
 [  0.           0.           0.           0.        ]
 [  0.           0.           0.           0.        ]
 [  0.           0.           0.           0.        ]
 [-24.85128021 -24.61133766 -23.73338318 -24.26108742]
 [-38.29068756 -29.57651901 -38.42383575 -31.17529488]
 [-33.52684021 -30.25847054 -35.33349228 -38.46879578]
 [  0.           0.           0.           0.        ]
 [  0.           0.           0.           0.        ]
 [  0.           0.           0.           0.        ]
 [  0.           0.           0.           0.        ]
 [  0.           0.           0.           0.        ]
 [  0.           0.           0.           0.        ]
 [  0.           0.           0.           0.        ]
 [-34.24837112 -38.50059891 -36.19758224 -32.37398148]
 [  0.           0.           0.           0.        ]
 [-29.04525948 -31.6194706  -27.13229179 -35.76874924]
 [  0.           0.           0.           0.        ]
 [  0.           0.           0.           0.        ]
 [  0.           0.           0.           0.        ]
 [  0.           0.           0.           0.        ]
 [  0.           0.           0.           0.        ]
 [  0.           0.           0.           0.        ]
 [  0.           0.           0.           0.        ]
 [  0.           0.           0.           0.        ]
 [  0.           0.           0.           0.        ]
 [-30.54987335 -25.00936317 -25.04439735 -24.904356  ]
 [-16.50050163 -10.02318382  -8.79347324 -11.3416872 ]
 [ -3.91442466  -3.85806274  -5.26290941  -1.60426152]
 [ -1.18932486   0.30213872  -0.73251069  -0.13779494]
 [  0.00547413   0.48923433   0.50150508  -0.62156051]
 [  0.00346662   0.40256658   0.5074234    0.00583113]
 [  0.           0.           0.           0.        ]
 [  0.           0.           0.           0.        ]
 [  0.           0.           0.           0.        ]
 [  0.           0.           0.           0.        ]
 [  0.           0.           0.           0.        ]
 [  0.           0.           0.           0.        ]
 [  0.           0.           0.           0.        ]
 [ -0.43454313  -0.60493368   0.50262421  -0.55008304]
 [  0.00236814   0.50387722   0.50396138   0.00747384]
 [  0.           0.           0.           0.        ]
 [  0.           0.           0.           0.        ]
 [  0.           0.           0.           0.        ]
 [  0.           0.           0.           0.        ]
 [  0.           0.           0.           0.        ]
 [  0.           0.           0.           0.        ]
 [  0.           0.           0.           0.        ]
 [  0.           0.           0.           0.        ]
 [  0.           0.           0.           0.        ]
 [  0.           0.           0.           0.        ]
 [  0.           0.           0.           0.        ]
 [  0.           0.           0.           0.        ]
 [  0.           0.           0.           0.        ]
 [  0.           0.           0.           0.        ]
 [  0.           0.           0.           0.        ]
 [  0.           0.           0.           0.        ]
 [  0.           0.           0.           0.        ]
 [  0.           0.           0.           0.        ]
 [  0.           0.           0.           0.        ]
 [  0.           0.           0.           0.        ]
 [  0.           0.           0.           0.        ]
 [  0.           0.           0.           0.        ]
 [  0.           0.           0.           0.        ]
 [  0.           0.           0.           0.        ]
 [  0.           0.           0.           0.        ]
 [  0.           0.           0.           0.        ]
 [  0.           0.           0.           0.        ]
 [  0.           0.           0.           0.        ]
 [  0.           0.           0.           0.        ]
 [  0.           0.           0.           0.        ]
 [  0.           0.           0.           0.        ]
 [  0.           0.           0.           0.        ]
 [  0.           0.           0.           0.        ]
 [  0.           0.           0.           0.        ]
 [  0.           0.           0.           0.        ]
 [  0.           0.           0.           0.        ]
 [  0.           0.           0.           0.        ]
 [  0.           0.           0.           0.        ]
 [  0.           0.           0.           0.        ]
 [  0.           0.           0.           0.        ]
 [  0.           0.           0.           0.        ]
 [  0.           0.           0.           0.        ]
 [  0.           0.           0.           0.        ]
 [  0.           0.           0.           0.        ]
 [  0.           0.           0.           0.        ]
 [  0.           0.           0.           0.        ]
 [  0.           0.           0.           0.        ]
 [  0.           0.           0.           0.        ]
 [  0.           0.           0.           0.        ]
 [  0.           0.           0.           0.        ]
 [  0.           0.           0.           0.        ]
 [  0.           0.           0.           0.        ]
 [  0.           0.           0.           0.        ]]
Training  | Episode: 110000/1000000  | Episode Reward: -97.2222 | Epsilon: 0.7596 | Goal reached: 0
Training  | Episode: 120000/1000000  | Episode Reward: -73.5000 | Epsilon: 0.7408 | Goal reached: 0
Training  | Episode: 130000/1000000  | Episode Reward: -47.2222 | Epsilon: 0.7225 | Goal reached: 0
Training  | Episode: 140000/1000000  | Episode Reward: -47.2222 | Epsilon: 0.7047 | Goal reached: 0
Training  | Episode: 150000/1000000  | Episode Reward: -43.5000 | Epsilon: 0.6873 | Goal reached: 0
Training  | Episode: 160000/1000000  | Episode Reward: -77.2222 | Epsilon: 0.6703 | Goal reached: 0
Training  | Episode: 170000/1000000  | Episode Reward: -87.2222 | Epsilon: 0.6538 | Goal reached: 0
Training  | Episode: 180000/1000000  | Episode Reward: -141.2778 | Epsilon: 0.6376 | Goal reached: 0
Training  | Episode: 190000/1000000  | Episode Reward: -55.6667 | Epsilon: 0.6219 | Goal reached: 0
Training  | Episode: 200000/1000000  | Episode Reward: -168.1667 | Epsilon: 0.6065 | Goal reached: 0
[[-26.65150261 -31.17624283 -32.32574081 -32.9042511 ]
 [  0.           0.           0.           0.        ]
 [  0.           0.           0.           0.        ]
 [  0.           0.           0.           0.        ]
 [  0.           0.           0.           0.        ]
 [  0.           0.           0.           0.        ]
 [  0.           0.           0.           0.        ]
 [  0.           0.           0.           0.        ]
 [  0.           0.           0.           0.        ]
 [  0.           0.           0.           0.        ]
 [-25.63039207 -25.38364601 -25.46916199 -25.22552681]
 [-38.19318008 -31.39419174 -38.35289001 -30.8343277 ]
 [-31.56575775 -30.14959717 -34.24481583 -37.82086182]
 [  0.           0.           0.           0.        ]
 [  0.           0.           0.           0.        ]
 [  0.           0.           0.           0.        ]
 [  0.           0.           0.           0.        ]
 [  0.           0.           0.           0.        ]
 [  0.           0.           0.           0.        ]
 [  0.           0.           0.           0.        ]
 [-33.55066681 -38.46798706 -36.82502365 -33.57378006]
 [  0.           0.           0.           0.        ]
 [-29.77686691 -31.5528698  -26.46427345 -35.63075638]
 [  0.           0.           0.           0.        ]
 [  0.           0.           0.           0.        ]
 [  0.           0.           0.           0.        ]
 [  0.           0.           0.           0.        ]
 [  0.           0.           0.           0.        ]
 [  0.           0.           0.           0.        ]
 [  0.           0.           0.           0.        ]
 [  0.           0.           0.           0.        ]
 [  0.           0.           0.           0.        ]
 [-32.30847549 -28.092062   -25.49774933 -27.09759903]
 [-25.59573746 -19.92120934 -21.97106934 -20.29462051]
 [ -9.82496452  -9.24412441 -10.50107002  -9.35174847]
 [ -2.16691017  -1.26605463  -1.82273257  -1.85583305]
 [ -0.64293969   0.35048991  -0.11832353  -0.62156051]
 [ -0.4895643    0.01275936   0.11551905  -0.48724705]
 [  0.           0.           0.           0.        ]
 [  0.           0.           0.           0.        ]
 [  0.           0.           0.           0.        ]
 [  0.           0.           0.           0.        ]
 [  0.           0.           0.           0.        ]
 [  0.           0.           0.           0.        ]
 [  0.           0.           0.           0.        ]
 [ -1.67019987  -1.44689035  -1.33246112  -1.13892853]
 [ -0.20422122   0.48242608   0.48263353   0.00747384]
 [  0.00416117   0.17122892   0.49488795   0.00143008]
 [  0.           0.           0.           0.        ]
 [  0.           0.           0.           0.        ]
 [  0.           0.           0.           0.        ]
 [  0.           0.           0.           0.        ]
 [  0.           0.           0.           0.        ]
 [  0.           0.           0.           0.        ]
 [  0.           0.           0.           0.        ]
 [  0.           0.           0.           0.        ]
 [  0.00665539   0.05710319   0.41249576   0.00190047]
 [  0.           0.           0.           0.        ]
 [  0.           0.           0.           0.        ]
 [  0.           0.           0.           0.        ]
 [  0.           0.           0.           0.        ]
 [  0.           0.           0.           0.        ]
 [  0.           0.           0.           0.        ]
 [  0.           0.           0.           0.        ]
 [  0.           0.           0.           0.        ]
 [  0.           0.           0.           0.        ]
 [  0.           0.           0.           0.        ]
 [  0.           0.           0.           0.        ]
 [  0.           0.           0.           0.        ]
 [  0.           0.           0.           0.        ]
 [  0.           0.           0.           0.        ]
 [  0.           0.           0.           0.        ]
 [  0.           0.           0.           0.        ]
 [  0.           0.           0.           0.        ]
 [  0.           0.           0.           0.        ]
 [  0.           0.           0.           0.        ]
 [  0.           0.           0.           0.        ]
 [  0.           0.           0.           0.        ]
 [  0.           0.           0.           0.        ]
 [  0.           0.           0.           0.        ]
 [  0.           0.           0.           0.        ]
 [  0.           0.           0.           0.        ]
 [  0.           0.           0.           0.        ]
 [  0.           0.           0.           0.        ]
 [  0.           0.           0.           0.        ]
 [  0.           0.           0.           0.        ]
 [  0.           0.           0.           0.        ]
 [  0.           0.           0.           0.        ]
 [  0.           0.           0.           0.        ]
 [  0.           0.           0.           0.        ]
 [  0.           0.           0.           0.        ]
 [  0.           0.           0.           0.        ]
 [  0.           0.           0.           0.        ]
 [  0.           0.           0.           0.        ]
 [  0.           0.           0.           0.        ]
 [  0.           0.           0.           0.        ]
 [  0.           0.           0.           0.        ]
 [  0.           0.           0.           0.        ]
 [  0.           0.           0.           0.        ]
 [  0.           0.           0.           0.        ]]
Training  | Episode: 210000/1000000  | Episode Reward: -47.2222 | Epsilon: 0.5916 | Goal reached: 0
Training  | Episode: 220000/1000000  | Episode Reward: -47.2222 | Epsilon: 0.5769 | Goal reached: 0
Training  | Episode: 230000/1000000  | Episode Reward: -82.3889 | Epsilon: 0.5627 | Goal reached: 0
Training  | Episode: 240000/1000000  | Episode Reward: -132.3889 | Epsilon: 0.5488 | Goal reached: 0
Training  | Episode: 250000/1000000  | Episode Reward: -77.2222 | Epsilon: 0.5353 | Goal reached: 0
Training  | Episode: 260000/1000000  | Episode Reward: -120.4444 | Epsilon: 0.5220 | Goal reached: 0
Training  | Episode: 270000/1000000  | Episode Reward: -49.0556 | Epsilon: 0.5092 | Goal reached: 0
Training  | Episode: 280000/1000000  | Episode Reward: -92.3889 | Epsilon: 0.4966 | Goal reached: 0
Training  | Episode: 290000/1000000  | Episode Reward: -73.5000 | Epsilon: 0.4843 | Goal reached: 0
Training  | Episode: 300000/1000000  | Episode Reward: -187.6111 | Epsilon: 0.4724 | Goal reached: 0
[[-24.82990456 -31.68940353 -31.99897766 -34.73205566]
 [  0.           0.           0.           0.        ]
 [  0.           0.           0.           0.        ]
 [  0.           0.           0.           0.        ]
 [  0.           0.           0.           0.        ]
 [  0.           0.           0.           0.        ]
 [  0.           0.           0.           0.        ]
 [  0.           0.           0.           0.        ]
 [  0.           0.           0.           0.        ]
 [  0.           0.           0.           0.        ]
 [-25.46669388 -25.12381744 -24.30670547 -24.72322464]
 [-39.28991699 -29.89980125 -35.25982285 -32.2850914 ]
 [-30.57546616 -29.30825233 -34.81318665 -38.07805634]
 [  0.           0.           0.           0.        ]
 [  0.           0.           0.           0.        ]
 [  0.           0.           0.           0.        ]
 [  0.           0.           0.           0.        ]
 [  0.           0.           0.           0.        ]
 [  0.           0.           0.           0.        ]
 [  0.           0.           0.           0.        ]
 [-33.33139038 -39.00716782 -37.48622513 -34.47951508]
 [  0.           0.           0.           0.        ]
 [-30.65278816 -32.66633987 -26.68285751 -35.44020462]
 [  0.           0.           0.           0.        ]
 [  0.           0.           0.           0.        ]
 [  0.           0.           0.           0.        ]
 [  0.           0.           0.           0.        ]
 [  0.           0.           0.           0.        ]
 [  0.           0.           0.           0.        ]
 [  0.           0.           0.           0.        ]
 [  0.           0.           0.           0.        ]
 [  0.           0.           0.           0.        ]
 [-33.68379593 -28.64414787 -26.54718971 -28.56111908]
 [-29.35912132 -20.78743362 -23.31927681 -22.50823402]
 [-16.33956337 -15.32727051 -15.49479771 -15.69510555]
 [ -4.32945967  -4.09554625  -4.73974228  -5.35889435]
 [ -1.15915036  -0.70534998  -1.21108174  -1.42453659]
 [ -0.67712641  -1.01364601  -0.63288283  -0.859258  ]
 [  0.           0.           0.           0.        ]
 [  0.00609298   0.50099528   0.50346011   0.00820859]
 [  0.           0.           0.           0.        ]
 [  0.           0.           0.           0.        ]
 [  0.           0.           0.           0.        ]
 [  0.           0.           0.           0.        ]
 [  0.           0.           0.           0.        ]
 [ -2.18521333  -2.73373699  -2.43054628  -2.13011217]
 [ -0.30493838   0.3491298    0.30762193   0.00747384]
 [ -0.07805407  -0.15484801   0.15593599   0.00143008]
 [  0.0015305    0.50004625   0.49565679   0.00035908]
 [  0.0063304    0.50579697   0.50712836   0.00764645]
 [  0.           0.           0.           0.        ]
 [  0.           0.           0.           0.        ]
 [  0.           0.           0.           0.        ]
 [  0.           0.           0.           0.        ]
 [  0.           0.           0.           0.        ]
 [  0.           0.           0.           0.        ]
 [  0.00665539  -0.38136825   0.07803321   0.00190047]
 [  0.           0.           0.           0.        ]
 [  0.           0.           0.           0.        ]
 [  0.           0.           0.           0.        ]
 [  0.           0.           0.           0.        ]
 [  0.           0.           0.           0.        ]
 [  0.           0.           0.           0.        ]
 [  0.           0.           0.           0.        ]
 [  0.           0.           0.           0.        ]
 [  0.           0.           0.           0.        ]
 [  0.           0.           0.           0.        ]
 [  0.           0.           0.           0.        ]
 [  0.           0.           0.           0.        ]
 [  0.           0.           0.           0.        ]
 [  0.           0.           0.           0.        ]
 [  0.           0.           0.           0.        ]
 [  0.           0.           0.           0.        ]
 [  0.           0.           0.           0.        ]
 [  0.           0.           0.           0.        ]
 [  0.           0.           0.           0.        ]
 [  0.           0.           0.           0.        ]
 [  0.           0.           0.           0.        ]
 [  0.           0.           0.           0.        ]
 [  0.           0.           0.           0.        ]
 [  0.           0.           0.           0.        ]
 [  0.           0.           0.           0.        ]
 [  0.           0.           0.           0.        ]
 [  0.           0.           0.           0.        ]
 [  0.           0.           0.           0.        ]
 [  0.           0.           0.           0.        ]
 [  0.           0.           0.           0.        ]
 [  0.           0.           0.           0.        ]
 [  0.           0.           0.           0.        ]
 [  0.           0.           0.           0.        ]
 [  0.           0.           0.           0.        ]
 [  0.           0.           0.           0.        ]
 [  0.           0.           0.           0.        ]
 [  0.           0.           0.           0.        ]
 [  0.           0.           0.           0.        ]
 [  0.           0.           0.           0.        ]
 [  0.           0.           0.           0.        ]
 [  0.           0.           0.           0.        ]
 [  0.           0.           0.           0.        ]
 [  0.           0.           0.           0.        ]]
Training  | Episode: 310000/1000000  | Episode Reward: -83.5000 | Epsilon: 0.4607 | Goal reached: 0
Training  | Episode: 320000/1000000  | Episode Reward: -43.5000 | Epsilon: 0.4493 | Goal reached: 0
Training  | Episode: 330000/1000000  | Episode Reward: -88.1667 | Epsilon: 0.4382 | Goal reached: 0
Training  | Episode: 340000/1000000  | Episode Reward: -92.1667 | Epsilon: 0.4274 | Goal reached: 0
Training  | Episode: 350000/1000000  | Episode Reward: -99.3333 | Epsilon: 0.4169 | Goal reached: 0
Training  | Episode: 360000/1000000  | Episode Reward: -107.2222 | Epsilon: 0.4066 | Goal reached: 0
Training  | Episode: 370000/1000000  | Episode Reward: -76.2222 | Epsilon: 0.3965 | Goal reached: 0
Training  | Episode: 380000/1000000  | Episode Reward: -88.5000 | Epsilon: 0.3867 | Goal reached: 0
Training  | Episode: 390000/1000000  | Episode Reward: -73.5000 | Epsilon: 0.3772 | Goal reached: 0
Training  | Episode: 400000/1000000  | Episode Reward: -107.6111 | Epsilon: 0.3679 | Goal reached: 0
[[-25.35885811 -33.38162231 -33.28082275 -34.99463272]
 [  0.           0.           0.           0.        ]
 [  0.           0.           0.           0.        ]
 [  0.           0.           0.           0.        ]
 [  0.           0.           0.           0.        ]
 [  0.           0.           0.           0.        ]
 [  0.           0.           0.           0.        ]
 [  0.           0.           0.           0.        ]
 [  0.           0.           0.           0.        ]
 [  0.           0.           0.           0.        ]
 [-25.52892876 -25.66488075 -24.53473663 -25.41875648]
 [-38.28478622 -30.64839554 -38.10270691 -31.90567207]
 [-31.48254395 -29.92063904 -36.02267456 -37.41090775]
 [  0.           0.           0.           0.        ]
 [  0.           0.           0.           0.        ]
 [  0.           0.           0.           0.        ]
 [  0.           0.           0.           0.        ]
 [  0.           0.           0.           0.        ]
 [  0.           0.           0.           0.        ]
 [  0.           0.           0.           0.        ]
 [-33.97389603 -38.48199463 -37.27110672 -33.11392593]
 [  0.           0.           0.           0.        ]
 [-28.93676376 -33.29735184 -28.0305748  -34.52574158]
 [  0.           0.           0.           0.        ]
 [  0.           0.           0.           0.        ]
 [  0.           0.           0.           0.        ]
 [  0.           0.           0.           0.        ]
 [  0.           0.           0.           0.        ]
 [  0.           0.           0.           0.        ]
 [  0.           0.           0.           0.        ]
 [  0.           0.           0.           0.        ]
 [  0.           0.           0.           0.        ]
 [-33.59817886 -31.61556625 -25.11455917 -27.89763451]
 [-30.23181915 -23.39126205 -25.88710785 -25.63712692]
 [-20.3860817  -16.91685867 -19.16064072 -17.61396408]
 [ -8.00970268  -7.66055822  -7.42639303  -8.12496281]
 [ -1.69084573  -1.63386333  -2.21909952  -2.81659436]
 [ -1.60459948  -1.56000781  -1.97827971  -1.58110809]
 [  0.           0.           0.           0.        ]
 [  0.00609298   0.50099528   0.1115599    0.00820859]
 [  0.           0.           0.           0.        ]
 [  0.           0.           0.           0.        ]
 [  0.           0.           0.           0.        ]
 [  0.           0.           0.           0.        ]
 [  0.           0.           0.           0.        ]
 [ -3.82080388  -3.66015792  -3.98156285  -3.9800055 ]
 [ -0.42064503  -0.04021638   0.01921308  -0.1358051 ]
 [ -0.50337601  -0.20908035  -0.46602362  -0.3105368 ]
 [  0.0015305    0.40773913   0.1034336   -0.45975432]
 [  0.0063304    0.43472272   0.49736756   0.00784079]
 [  0.           0.           0.           0.        ]
 [  0.           0.           0.           0.        ]
 [  0.           0.           0.           0.        ]
 [  0.           0.           0.           0.        ]
 [  0.           0.           0.           0.        ]
 [  0.           0.           0.           0.        ]
 [  0.00665539  -0.8110702   -0.24974006   0.00190047]
 [  0.           0.           0.           0.        ]
 [  0.00835714   0.50950384   0.50901079   0.00984761]
 [  0.           0.           0.           0.        ]
 [  0.           0.           0.           0.        ]
 [  0.           0.           0.           0.        ]
 [  0.           0.           0.           0.        ]
 [  0.           0.           0.           0.        ]
 [  0.           0.           0.           0.        ]
 [  0.           0.           0.           0.        ]
 [  0.00957012   0.50167745   0.5030514    0.00004012]
 [  0.00971644   0.50587469   0.50953275   0.00346712]
 [  0.           0.           0.           0.        ]
 [  0.           0.           0.           0.        ]
 [  0.           0.           0.           0.        ]
 [  0.           0.           0.           0.        ]
 [  0.           0.           0.           0.        ]
 [  0.           0.           0.           0.        ]
 [  0.           0.           0.           0.        ]
 [  0.           0.           0.           0.        ]
 [  0.           0.           0.           0.        ]
 [  0.           0.           0.           0.        ]
 [  0.           0.           0.           0.        ]
 [  0.           0.           0.           0.        ]
 [  0.           0.           0.           0.        ]
 [  0.           0.           0.           0.        ]
 [  0.           0.           0.           0.        ]
 [  0.           0.           0.           0.        ]
 [  0.           0.           0.           0.        ]
 [  0.           0.           0.           0.        ]
 [  0.           0.           0.           0.        ]
 [  0.           0.           0.           0.        ]
 [  0.           0.           0.           0.        ]
 [  0.           0.           0.           0.        ]
 [  0.           0.           0.           0.        ]
 [  0.           0.           0.           0.        ]
 [  0.           0.           0.           0.        ]
 [  0.           0.           0.           0.        ]
 [  0.           0.           0.           0.        ]
 [  0.           0.           0.           0.        ]
 [  0.           0.           0.           0.        ]
 [  0.           0.           0.           0.        ]
 [  0.           0.           0.           0.        ]
 [  0.           0.           0.           0.        ]]
Training  | Episode: 410000/1000000  | Episode Reward: -43.5000 | Epsilon: 0.3588 | Goal reached: 0
Training  | Episode: 420000/1000000  | Episode Reward: -88.1667 | Epsilon: 0.3499 | Goal reached: 0
Training  | Episode: 430000/1000000  | Episode Reward: -81.8333 | Epsilon: 0.3413 | Goal reached: 0
Training  | Episode: 440000/1000000  | Episode Reward: -276.0556 | Epsilon: 0.3329 | Goal reached: 0
Training  | Episode: 450000/1000000  | Episode Reward: -57.6111 | Epsilon: 0.3247 | Goal reached: 0
Training  | Episode: 460000/1000000  | Episode Reward: -117.6111 | Epsilon: 0.3166 | Goal reached: 0
Training  | Episode: 470000/1000000  | Episode Reward: -55.1111 | Epsilon: 0.3088 | Goal reached: 0
Training  | Episode: 480000/1000000  | Episode Reward: -82.7222 | Epsilon: 0.3012 | Goal reached: 0
Training  | Episode: 490000/1000000  | Episode Reward: -61.8333 | Epsilon: 0.2938 | Goal reached: 0
Training  | Episode: 500000/1000000  | Episode Reward: -160.7222 | Epsilon: 0.2865 | Goal reached: 0
[[-26.24950981 -32.65569305 -33.69193649 -33.50908279]
 [  0.           0.           0.           0.        ]
 [  0.           0.           0.           0.        ]
 [  0.           0.           0.           0.        ]
 [  0.           0.           0.           0.        ]
 [  0.           0.           0.           0.        ]
 [  0.           0.           0.           0.        ]
 [  0.           0.           0.           0.        ]
 [  0.           0.           0.           0.        ]
 [  0.           0.           0.           0.        ]
 [-26.58982086 -26.4652195  -25.54631042 -25.97828674]
 [-38.21364212 -30.39076424 -35.28928375 -33.48851013]
 [-32.53538132 -31.06241989 -35.01396179 -37.6911087 ]
 [  0.           0.           0.           0.        ]
 [  0.           0.           0.           0.        ]
 [  0.           0.           0.           0.        ]
 [  0.           0.           0.           0.        ]
 [  0.           0.           0.           0.        ]
 [  0.           0.           0.           0.        ]
 [  0.           0.           0.           0.        ]
 [-34.42516708 -38.22502899 -36.30233002 -32.9131279 ]
 [  0.           0.           0.           0.        ]
 [-30.2107048  -33.80793762 -29.83683968 -35.10193634]
 [  0.           0.           0.           0.        ]
 [  0.           0.           0.           0.        ]
 [  0.           0.           0.           0.        ]
 [  0.           0.           0.           0.        ]
 [  0.           0.           0.           0.        ]
 [  0.           0.           0.           0.        ]
 [  0.           0.           0.           0.        ]
 [  0.           0.           0.           0.        ]
 [  0.           0.           0.           0.        ]
 [-33.11000824 -29.06443405 -26.49740982 -27.26018143]
 [-30.69222069 -23.18706131 -27.86059761 -27.78305244]
 [-21.78399086 -18.84626961 -20.63436127 -19.34237289]
 [ -9.65120411  -8.0420866   -8.75668621  -9.27583122]
 [ -4.59513426  -4.32711363  -4.87384987  -4.38764286]
 [ -2.50488162  -2.64058232  -3.20464325  -2.80291319]
 [  0.           0.           0.           0.        ]
 [  0.00609298   0.50099528   0.06073629   0.00820859]
 [  0.           0.           0.           0.        ]
 [  0.           0.           0.           0.        ]
 [  0.           0.           0.           0.        ]
 [  0.           0.           0.           0.        ]
 [  0.           0.           0.           0.        ]
 [ -5.22172165  -5.69196081  -5.21648407  -4.89700317]
 [ -0.72699177  -0.76303601  -0.76782483  -0.69986576]
 [ -0.60403746  -0.6046797   -0.62132156  -0.4989852 ]
 [  0.0015305    0.22733922  -0.28039095  -0.83231509]
 [  0.0063304    0.23830357   0.27232289   0.00784079]
 [  0.           0.           0.           0.        ]
 [  0.           0.           0.           0.        ]
 [  0.           0.           0.           0.        ]
 [  0.           0.           0.           0.        ]
 [  0.           0.           0.           0.        ]
 [  0.           0.           0.           0.        ]
 [ -0.59911013  -0.8110702   -0.64441991  -0.75519252]
 [  0.           0.           0.           0.        ]
 [ -0.11295868   0.28421646   0.50901079   0.00984761]
 [  0.           0.           0.           0.        ]
 [  0.           0.           0.           0.        ]
 [  0.           0.           0.           0.        ]
 [  0.           0.           0.           0.        ]
 [  0.           0.           0.           0.        ]
 [  0.           0.           0.           0.        ]
 [  0.           0.           0.           0.        ]
 [  0.00957012   0.49322182   0.5030514    0.00004012]
 [  0.00971644   0.50587469   0.50953275   0.00346712]
 [  0.00357127   0.50110012   0.50498688   0.00482105]
 [  0.           0.           0.           0.        ]
 [  0.           0.           0.           0.        ]
 [  0.           0.           0.           0.        ]
 [  0.           0.           0.           0.        ]
 [  0.           0.           0.           0.        ]
 [  0.           0.           0.           0.        ]
 [  0.           0.           0.           0.        ]
 [  0.           0.           0.           0.        ]
 [  0.           0.           0.           0.        ]
 [  0.           0.           0.           0.        ]
 [  0.           0.           0.           0.        ]
 [  0.           0.           0.           0.        ]
 [  0.           0.           0.           0.        ]
 [  0.           0.           0.           0.        ]
 [  0.           0.           0.           0.        ]
 [  0.           0.           0.           0.        ]
 [  0.           0.           0.           0.        ]
 [  0.           0.           0.           0.        ]
 [  0.           0.           0.           0.        ]
 [  0.           0.           0.           0.        ]
 [  0.           0.           0.           0.        ]
 [  0.           0.           0.           0.        ]
 [  0.           0.           0.           0.        ]
 [  0.           0.           0.           0.        ]
 [  0.           0.           0.           0.        ]
 [  0.           0.           0.           0.        ]
 [  0.           0.           0.           0.        ]
 [  0.           0.           0.           0.        ]
 [  0.           0.           0.           0.        ]
 [  0.           0.           0.           0.        ]
 [  0.           0.           0.           0.        ]]
Training  | Episode: 510000/1000000  | Episode Reward: -205.1667 | Epsilon: 0.2794 | Goal reached: 0
Training  | Episode: 520000/1000000  | Episode Reward: -57.2222 | Epsilon: 0.2725 | Goal reached: 0
Training  | Episode: 530000/1000000  | Episode Reward: -119.0556 | Epsilon: 0.2658 | Goal reached: 0
Training  | Episode: 540000/1000000  | Episode Reward: -176.5556 | Epsilon: 0.2592 | Goal reached: 0
Training  | Episode: 550000/1000000  | Episode Reward: -111.2778 | Epsilon: 0.2528 | Goal reached: 0
Training  | Episode: 560000/1000000  | Episode Reward: -137.8333 | Epsilon: 0.2466 | Goal reached: 0
Training  | Episode: 570000/1000000  | Episode Reward: -87.6667 | Epsilon: 0.2405 | Goal reached: 0
Training  | Episode: 580000/1000000  | Episode Reward: -245.7778 | Epsilon: 0.2346 | Goal reached: 0
Training  | Episode: 590000/1000000  | Episode Reward: -72.3889 | Epsilon: 0.2288 | Goal reached: 0
Training  | Episode: 600000/1000000  | Episode Reward: -72.9444 | Epsilon: 0.2231 | Goal reached: 0
[[-25.89706612 -30.96831131 -30.19155121 -35.72644424]
 [  0.           0.           0.           0.        ]
 [  0.           0.           0.           0.        ]
 [  0.           0.           0.           0.        ]
 [  0.           0.           0.           0.        ]
 [  0.           0.           0.           0.        ]
 [  0.           0.           0.           0.        ]
 [  0.           0.           0.           0.        ]
 [  0.           0.           0.           0.        ]
 [  0.           0.           0.           0.        ]
 [-26.30585098 -25.99590492 -24.53801346 -25.85904884]
 [-38.33725739 -30.07769203 -36.14782715 -31.32540321]
 [-31.60164833 -30.66537857 -33.94460297 -36.69865799]
 [  0.           0.           0.           0.        ]
 [  0.           0.           0.           0.        ]
 [  0.           0.           0.           0.        ]
 [  0.           0.           0.           0.        ]
 [  0.           0.           0.           0.        ]
 [  0.           0.           0.           0.        ]
 [  0.           0.           0.           0.        ]
 [-34.51078796 -38.78966141 -38.2841835  -34.48042679]
 [  0.           0.           0.           0.        ]
 [-31.07214165 -31.0485611  -28.54772186 -35.23603439]
 [  0.           0.           0.           0.        ]
 [  0.           0.           0.           0.        ]
 [  0.           0.           0.           0.        ]
 [  0.           0.           0.           0.        ]
 [  0.           0.           0.           0.        ]
 [  0.           0.           0.           0.        ]
 [  0.           0.           0.           0.        ]
 [  0.           0.           0.           0.        ]
 [  0.           0.           0.           0.        ]
 [-32.59223557 -28.67858696 -26.63005257 -28.64066124]
 [-30.82520676 -23.14513969 -27.4119072  -26.33581543]
 [-22.76602173 -20.53840256 -21.93059921 -21.26757812]
 [-11.34945869  -8.71629047 -10.52197838 -10.80136871]
 [ -5.56363773  -5.08721495  -5.26832914  -5.55054188]
 [ -3.68687987  -3.66080046  -4.00225115  -4.07508707]
 [  0.           0.           0.           0.        ]
 [  0.00609298   0.50099528   0.06073629   0.00820859]
 [  0.           0.           0.           0.        ]
 [  0.           0.           0.           0.        ]
 [  0.           0.           0.           0.        ]
 [  0.           0.           0.           0.        ]
 [  0.           0.           0.           0.        ]
 [ -7.91793871  -7.71345377  -7.91431808  -7.79684401]
 [ -1.60787177  -1.57041883  -1.48856258  -1.55747581]
 [ -1.11915326  -1.07828522  -1.24261808  -0.87774122]
 [  0.0015305    0.21148081  -0.28039095  -0.83231509]
 [  0.0063304    0.23830357   0.04678194   0.00784079]
 [  0.           0.           0.           0.        ]
 [  0.           0.           0.           0.        ]
 [  0.           0.           0.           0.        ]
 [  0.           0.           0.           0.        ]
 [  0.           0.           0.           0.        ]
 [  0.           0.           0.           0.        ]
 [ -1.06903279  -1.12106144  -1.3269068   -1.37118793]
 [  0.           0.           0.           0.        ]
 [ -0.11295868   0.28421646   0.50901079   0.00984761]
 [  0.           0.           0.           0.        ]
 [  0.           0.           0.           0.        ]
 [  0.           0.           0.           0.        ]
 [  0.           0.           0.           0.        ]
 [  0.           0.           0.           0.        ]
 [  0.           0.           0.           0.        ]
 [  0.           0.           0.           0.        ]
 [  0.00957012  -0.06217483  -0.05273446   0.00004012]
 [  0.00971644   0.50587469   0.50953275   0.00346712]
 [  0.00357127   0.50110012   0.50498688   0.00482105]
 [  0.           0.           0.           0.        ]
 [  0.           0.           0.           0.        ]
 [  0.           0.           0.           0.        ]
 [  0.           0.           0.           0.        ]
 [  0.           0.           0.           0.        ]
 [  0.           0.           0.           0.        ]
 [  0.           0.           0.           0.        ]
 [  0.           0.           0.           0.        ]
 [  0.           0.           0.           0.        ]
 [  0.           0.           0.           0.        ]
 [  0.           0.           0.           0.        ]
 [  0.           0.           0.           0.        ]
 [  0.           0.           0.           0.        ]
 [  0.           0.           0.           0.        ]
 [  0.           0.           0.           0.        ]
 [  0.           0.           0.           0.        ]
 [  0.           0.           0.           0.        ]
 [  0.           0.           0.           0.        ]
 [  0.           0.           0.           0.        ]
 [  0.           0.           0.           0.        ]
 [  0.           0.           0.           0.        ]
 [  0.           0.           0.           0.        ]
 [  0.           0.           0.           0.        ]
 [  0.           0.           0.           0.        ]
 [  0.           0.           0.           0.        ]
 [  0.           0.           0.           0.        ]
 [  0.           0.           0.           0.        ]
 [  0.           0.           0.           0.        ]
 [  0.           0.           0.           0.        ]
 [  0.           0.           0.           0.        ]
 [  0.           0.           0.           0.        ]]
Training  | Episode: 610000/1000000  | Episode Reward: -120.7778 | Epsilon: 0.2176 | Goal reached: 0
Training  | Episode: 620000/1000000  | Episode Reward: -52.9444 | Epsilon: 0.2122 | Goal reached: 0
Training  | Episode: 630000/1000000  | Episode Reward: -57.2222 | Epsilon: 0.2070 | Goal reached: 0
Training  | Episode: 640000/1000000  | Episode Reward: -43.5000 | Epsilon: 0.2019 | Goal reached: 0
Training  | Episode: 650000/1000000  | Episode Reward: -133.5000 | Epsilon: 0.1969 | Goal reached: 0
Training  | Episode: 660000/1000000  | Episode Reward: -138.5000 | Epsilon: 0.1920 | Goal reached: 0
Training  | Episode: 670000/1000000  | Episode Reward: -91.6111 | Epsilon: 0.1873 | Goal reached: 0
Training  | Episode: 680000/1000000  | Episode Reward: -117.2222 | Epsilon: 0.1827 | Goal reached: 0
Training  | Episode: 690000/1000000  | Episode Reward: -43.5000 | Epsilon: 0.1782 | Goal reached: 0
Training  | Episode: 700000/1000000  | Episode Reward: -188.8333 | Epsilon: 0.1738 | Goal reached: 0
[[-26.76352501 -32.53902054 -31.61712646 -33.62583923]
 [  0.           0.           0.           0.        ]
 [  0.           0.           0.           0.        ]
 [  0.           0.           0.           0.        ]
 [  0.           0.           0.           0.        ]
 [  0.           0.           0.           0.        ]
 [  0.           0.           0.           0.        ]
 [  0.           0.           0.           0.        ]
 [  0.           0.           0.           0.        ]
 [  0.           0.           0.           0.        ]
 [-27.01303673 -26.670187   -26.75572968 -26.56557274]
 [-39.32108688 -29.73243141 -37.61571121 -32.88649368]
 [-32.42628098 -30.19813538 -36.17803192 -37.77384186]
 [  0.           0.           0.           0.        ]
 [  0.           0.           0.           0.        ]
 [  0.           0.           0.           0.        ]
 [  0.           0.           0.           0.        ]
 [  0.           0.           0.           0.        ]
 [  0.           0.           0.           0.        ]
 [  0.           0.           0.           0.        ]
 [-34.80584335 -38.45367432 -36.33662796 -34.41569901]
 [  0.           0.           0.           0.        ]
 [-30.24716759 -31.39967346 -29.68611336 -35.78775024]
 [  0.           0.           0.           0.        ]
 [  0.           0.           0.           0.        ]
 [  0.           0.           0.           0.        ]
 [  0.           0.           0.           0.        ]
 [  0.           0.           0.           0.        ]
 [  0.           0.           0.           0.        ]
 [  0.           0.           0.           0.        ]
 [  0.           0.           0.           0.        ]
 [  0.           0.           0.           0.        ]
 [-32.65088654 -28.64270592 -26.38937759 -27.98125076]
 [-30.66774368 -22.57814789 -27.0323925  -25.5252285 ]
 [-24.57447624 -18.5189724  -23.1448555  -21.77421951]
 [-13.68651581 -10.31422424 -12.34293938 -11.73799515]
 [ -6.85704041  -6.26209736  -6.93577337  -6.7802639 ]
 [ -4.76632977  -4.95228815  -4.96082592  -4.85611296]
 [  0.           0.           0.           0.        ]
 [  0.00609298  -0.01539981  -0.06264327  -0.12243287]
 [  0.           0.           0.           0.        ]
 [  0.           0.           0.           0.        ]
 [  0.           0.           0.           0.        ]
 [  0.           0.           0.           0.        ]
 [  0.           0.           0.           0.        ]
 [ -9.82624054  -9.80887794  -9.52660656 -10.05681992]
 [ -2.46650434  -2.49257946  -2.44276118  -2.53365922]
 [ -1.97787499  -1.83472431  -1.79675102  -1.78004539]
 [ -0.380256    -0.24154253  -0.28039095  -0.83231509]
 [ -0.06563061  -0.10231058  -0.27836174  -0.10755155]
 [  0.           0.           0.           0.        ]
 [  0.           0.           0.           0.        ]
 [  0.           0.           0.           0.        ]
 [  0.           0.           0.           0.        ]
 [  0.           0.           0.           0.        ]
 [  0.           0.           0.           0.        ]
 [ -1.9775852   -1.81620336  -1.96772313  -2.15603089]
 [  0.           0.           0.           0.        ]
 [ -0.11295868   0.28421646   0.41762495   0.00984761]
 [  0.           0.           0.           0.        ]
 [  0.           0.           0.           0.        ]
 [  0.           0.           0.           0.        ]
 [  0.           0.           0.           0.        ]
 [  0.           0.           0.           0.        ]
 [  0.           0.           0.           0.        ]
 [  0.           0.           0.           0.        ]
 [ -0.26126021  -0.44270125  -0.24432501  -0.4744204 ]
 [  0.00971644   0.49838257   0.17312947   0.00346712]
 [ -0.15602706   0.49249992   0.4985922    0.00482105]
 [  0.00301077   0.50274205   0.5021733    0.0024215 ]
 [  0.           0.           0.           0.        ]
 [  0.           0.           0.           0.        ]
 [  0.           0.           0.           0.        ]
 [  0.           0.           0.           0.        ]
 [  0.           0.           0.           0.        ]
 [  0.           0.           0.           0.        ]
 [  0.           0.           0.           0.        ]
 [  0.           0.           0.           0.        ]
 [  0.           0.           0.           0.        ]
 [  0.00066121   0.50408155   0.48088431   0.00067456]
 [  0.           0.           0.           0.        ]
 [  0.           0.           0.           0.        ]
 [  0.           0.           0.           0.        ]
 [  0.           0.           0.           0.        ]
 [  0.           0.           0.           0.        ]
 [  0.           0.           0.           0.        ]
 [  0.           0.           0.           0.        ]
 [  0.           0.           0.           0.        ]
 [  0.           0.           0.           0.        ]
 [  0.           0.           0.           0.        ]
 [  0.           0.           0.           0.        ]
 [  0.           0.           0.           0.        ]
 [  0.           0.           0.           0.        ]
 [  0.           0.           0.           0.        ]
 [  0.           0.           0.           0.        ]
 [  0.           0.           0.           0.        ]
 [  0.           0.           0.           0.        ]
 [  0.           0.           0.           0.        ]
 [  0.           0.           0.           0.        ]
 [  0.           0.           0.           0.        ]]
Training  | Episode: 710000/1000000  | Episode Reward: -63.5000 | Epsilon: 0.1695 | Goal reached: 0
Training  | Episode: 720000/1000000  | Episode Reward: -47.2222 | Epsilon: 0.1653 | Goal reached: 0
Training  | Episode: 730000/1000000  | Episode Reward: -110.7222 | Epsilon: 0.1612 | Goal reached: 0
Training  | Episode: 740000/1000000  | Episode Reward: -43.5000 | Epsilon: 0.1572 | Goal reached: 0
Training  | Episode: 750000/1000000  | Episode Reward: -81.2778 | Epsilon: 0.1534 | Goal reached: 0
Training  | Episode: 760000/1000000  | Episode Reward: -167.6111 | Epsilon: 0.1496 | Goal reached: 0
Training  | Episode: 770000/1000000  | Episode Reward: -51.8889 | Epsilon: 0.1459 | Goal reached: 0
Training  | Episode: 780000/1000000  | Episode Reward: -52.3889 | Epsilon: 0.1423 | Goal reached: 0
Training  | Episode: 790000/1000000  | Episode Reward: -121.2778 | Epsilon: 0.1388 | Goal reached: 0
Training  | Episode: 800000/1000000  | Episode Reward: -81.2778 | Epsilon: 0.1353 | Goal reached: 0
[[-26.98368645 -33.31494522 -31.06731987 -35.85084534]
 [  0.           0.           0.           0.        ]
 [  0.           0.           0.           0.        ]
 [  0.           0.           0.           0.        ]
 [  0.           0.           0.           0.        ]
 [  0.           0.           0.           0.        ]
 [  0.           0.           0.           0.        ]
 [  0.           0.           0.           0.        ]
 [  0.           0.           0.           0.        ]
 [  0.           0.           0.           0.        ]
 [-27.00837898 -26.55797195 -25.61561203 -27.05101013]
 [-38.59936142 -30.46622086 -36.47070312 -34.25263977]
 [-32.63912582 -30.21928406 -35.77874756 -37.81031036]
 [  0.           0.           0.           0.        ]
 [  0.           0.           0.           0.        ]
 [  0.           0.           0.           0.        ]
 [  0.           0.           0.           0.        ]
 [  0.           0.           0.           0.        ]
 [  0.           0.           0.           0.        ]
 [  0.           0.           0.           0.        ]
 [-35.33723068 -38.43720627 -35.53025436 -34.84771729]
 [  0.           0.           0.           0.        ]
 [-30.87454987 -33.46011734 -28.25411987 -35.40081406]
 [  0.           0.           0.           0.        ]
 [  0.           0.           0.           0.        ]
 [  0.           0.           0.           0.        ]
 [  0.           0.           0.           0.        ]
 [  0.           0.           0.           0.        ]
 [  0.           0.           0.           0.        ]
 [  0.           0.           0.           0.        ]
 [  0.           0.           0.           0.        ]
 [  0.           0.           0.           0.        ]
 [-33.33193207 -28.5216198  -27.39318466 -27.87089539]
 [-29.97276115 -24.60552025 -27.29275131 -25.59576988]
 [-24.96085358 -21.63216209 -23.29107475 -21.72433472]
 [-15.54180527 -11.51786423 -12.96555614 -12.90741062]
 [ -7.3754406   -6.90980768  -7.47544432  -7.93763828]
 [ -6.39712667  -6.66073656  -6.46796656  -6.54624128]
 [  0.           0.           0.           0.        ]
 [ -0.37585989  -0.39684772  -0.18535134  -0.12243287]
 [  0.           0.           0.           0.        ]
 [  0.           0.           0.           0.        ]
 [  0.           0.           0.           0.        ]
 [  0.           0.           0.           0.        ]
 [  0.           0.           0.           0.        ]
 [-11.4145937  -11.53553391 -10.93514729 -11.76194763]
 [ -3.34133863  -3.35715532  -3.34408689  -3.62048793]
 [ -2.65606451  -2.48886776  -2.71442556  -2.44703126]
 [ -0.94497538  -0.72525316  -0.64263391  -0.83231509]
 [ -0.55213344  -0.41983113  -0.27836174  -0.2475217 ]
 [  0.           0.           0.           0.        ]
 [  0.           0.           0.           0.        ]
 [  0.           0.           0.           0.        ]
 [  0.           0.           0.           0.        ]
 [  0.           0.           0.           0.        ]
 [  0.           0.           0.           0.        ]
 [ -2.72845769  -2.85950851  -2.932024    -2.82766986]
 [  0.           0.           0.           0.        ]
 [ -0.11295868  -0.09409724  -0.02480567   0.00984761]
 [  0.           0.           0.           0.        ]
 [  0.           0.           0.           0.        ]
 [  0.           0.           0.           0.        ]
 [  0.           0.           0.           0.        ]
 [  0.           0.           0.           0.        ]
 [  0.           0.           0.           0.        ]
 [  0.           0.           0.           0.        ]
 [ -0.52667391  -0.81561714  -0.51007748  -0.46547717]
 [  0.00971644   0.35788521   0.17312947   0.00346712]
 [ -0.15602706   0.25583977   0.37955937   0.00482105]
 [  0.00301077   0.50274205   0.5021733    0.0024215 ]
 [  0.           0.           0.           0.        ]
 [  0.           0.           0.           0.        ]
 [  0.           0.           0.           0.        ]
 [  0.           0.           0.           0.        ]
 [  0.           0.           0.           0.        ]
 [  0.           0.           0.           0.        ]
 [  0.           0.           0.           0.        ]
 [  0.           0.           0.           0.        ]
 [  0.           0.           0.           0.        ]
 [  0.00066121   0.50408155   0.48088431   0.00067456]
 [  0.           0.           0.           0.        ]
 [  0.           0.           0.           0.        ]
 [  0.           0.           0.           0.        ]
 [  0.           0.           0.           0.        ]
 [  0.           0.           0.           0.        ]
 [  0.           0.           0.           0.        ]
 [  0.           0.           0.           0.        ]
 [  0.           0.           0.           0.        ]
 [  0.           0.           0.           0.        ]
 [  0.           0.           0.           0.        ]
 [  0.           0.           0.           0.        ]
 [  0.           0.           0.           0.        ]
 [  0.           0.           0.           0.        ]
 [  0.           0.           0.           0.        ]
 [  0.           0.           0.           0.        ]
 [  0.           0.           0.           0.        ]
 [  0.           0.           0.           0.        ]
 [  0.           0.           0.           0.        ]
 [  0.           0.           0.           0.        ]
 [  0.           0.           0.           0.        ]]
Training  | Episode: 810000/1000000  | Episode Reward: -119.9444 | Epsilon: 0.1320 | Goal reached: 0
Training  | Episode: 820000/1000000  | Episode Reward: -47.2222 | Epsilon: 0.1287 | Goal reached: 0
Training  | Episode: 830000/1000000  | Episode Reward: -37.5000 | Epsilon: 0.1256 | Goal reached: 0
Training  | Episode: 840000/1000000  | Episode Reward: -150.2222 | Epsilon: 0.1225 | Goal reached: 0
Training  | Episode: 850000/1000000  | Episode Reward: -47.2222 | Epsilon: 0.1194 | Goal reached: 0
Training  | Episode: 860000/1000000  | Episode Reward: -103.6111 | Epsilon: 0.1165 | Goal reached: 0
Training  | Episode: 870000/1000000  | Episode Reward: -63.5000 | Epsilon: 0.1136 | Goal reached: 0
Training  | Episode: 880000/1000000  | Episode Reward: -101.6111 | Epsilon: 0.1108 | Goal reached: 0
Training  | Episode: 890000/1000000  | Episode Reward: -178.0000 | Epsilon: 0.1081 | Goal reached: 0
Training  | Episode: 900000/1000000  | Episode Reward: -81.8333 | Epsilon: 0.1054 | Goal reached: 0
[[-26.48594475 -31.17943192 -32.55935669 -36.09355927]
 [  0.           0.           0.           0.        ]
 [  0.           0.           0.           0.        ]
 [  0.           0.           0.           0.        ]
 [  0.           0.           0.           0.        ]
 [  0.           0.           0.           0.        ]
 [  0.           0.           0.           0.        ]
 [  0.           0.           0.           0.        ]
 [  0.           0.           0.           0.        ]
 [  0.           0.           0.           0.        ]
 [-27.01348114 -26.72529411 -25.4597187  -26.69022369]
 [-40.91144562 -30.2743721  -38.02614975 -33.09128571]
 [-31.64570427 -30.69245529 -34.53913498 -38.36368179]
 [  0.           0.           0.           0.        ]
 [  0.           0.           0.           0.        ]
 [  0.           0.           0.           0.        ]
 [  0.           0.           0.           0.        ]
 [  0.           0.           0.           0.        ]
 [  0.           0.           0.           0.        ]
 [  0.           0.           0.           0.        ]
 [-34.1121788  -38.5485611  -37.71811676 -34.35044861]
 [  0.           0.           0.           0.        ]
 [-31.50013351 -34.35366058 -28.5617466  -36.03930283]
 [  0.           0.           0.           0.        ]
 [  0.           0.           0.           0.        ]
 [  0.           0.           0.           0.        ]
 [  0.           0.           0.           0.        ]
 [  0.           0.           0.           0.        ]
 [  0.           0.           0.           0.        ]
 [  0.           0.           0.           0.        ]
 [  0.           0.           0.           0.        ]
 [  0.           0.           0.           0.        ]
 [-33.044384   -29.33224869 -25.71724892 -27.52153015]
 [-30.27002335 -24.28656387 -25.93794823 -25.39019394]
 [-26.03536606 -20.7059269  -23.12395477 -23.25955009]
 [-16.27569962 -13.00696659 -13.89325619 -13.64759159]
 [ -8.15112686  -7.97604132  -8.08787537  -9.21572018]
 [ -7.86500883  -7.80215216  -7.89632702  -7.97383595]
 [  0.           0.           0.           0.        ]
 [ -0.37585989  -0.39684772  -0.18535134  -0.5018152 ]
 [  0.           0.           0.           0.        ]
 [  0.           0.           0.           0.        ]
 [  0.           0.           0.           0.        ]
 [  0.           0.           0.           0.        ]
 [  0.           0.           0.           0.        ]
 [-13.16666222 -12.72995853 -11.90450287 -13.00545692]
 [ -4.31950855  -4.34617138  -4.23843241  -4.34111786]
 [ -3.34560823  -3.33515024  -3.39427376  -3.4077208 ]
 [ -0.94497538  -0.80919695  -1.05678201  -0.93262517]
 [ -0.55213344  -0.41983113  -0.33224711  -0.36762476]
 [  0.           0.           0.           0.        ]
 [  0.           0.           0.           0.        ]
 [  0.           0.           0.           0.        ]
 [  0.           0.           0.           0.        ]
 [  0.           0.           0.           0.        ]
 [  0.           0.           0.           0.        ]
 [ -3.89771128  -3.81596065  -3.60872173  -3.72947025]
 [  0.           0.           0.           0.        ]
 [ -0.18541217  -0.41842788  -0.23940685  -0.20544665]
 [  0.           0.           0.           0.        ]
 [  0.           0.           0.           0.        ]
 [  0.           0.           0.           0.        ]
 [  0.           0.           0.           0.        ]
 [  0.           0.           0.           0.        ]
 [  0.           0.           0.           0.        ]
 [  0.           0.           0.           0.        ]
 [ -1.25116229  -1.18107474  -1.02574348  -1.25842083]
 [  0.00971644   0.24900453  -0.04548609   0.00346712]
 [ -0.15602706   0.19997925   0.20131952   0.00482105]
 [  0.00301077   0.50274205   0.5021733    0.0024215 ]
 [  0.           0.           0.           0.        ]
 [  0.           0.           0.           0.        ]
 [  0.           0.           0.           0.        ]
 [  0.           0.           0.           0.        ]
 [  0.           0.           0.           0.        ]
 [  0.           0.           0.           0.        ]
 [  0.           0.           0.           0.        ]
 [  0.           0.           0.           0.        ]
 [  0.           0.           0.           0.        ]
 [  0.00066121   0.50408155   0.48088431   0.00067456]
 [  0.           0.           0.           0.        ]
 [  0.           0.           0.           0.        ]
 [  0.           0.           0.           0.        ]
 [  0.           0.           0.           0.        ]
 [  0.           0.           0.           0.        ]
 [  0.           0.           0.           0.        ]
 [  0.           0.           0.           0.        ]
 [  0.           0.           0.           0.        ]
 [  0.           0.           0.           0.        ]
 [  0.           0.           0.           0.        ]
 [  0.           0.           0.           0.        ]
 [  0.           0.           0.           0.        ]
 [  0.           0.           0.           0.        ]
 [  0.           0.           0.           0.        ]
 [  0.           0.           0.           0.        ]
 [  0.           0.           0.           0.        ]
 [  0.           0.           0.           0.        ]
 [  0.           0.           0.           0.        ]
 [  0.           0.           0.           0.        ]
 [  0.           0.           0.           0.        ]]
Training  | Episode: 910000/1000000  | Episode Reward: -171.6111 | Epsilon: 0.1028 | Goal reached: 0
Training  | Episode: 920000/1000000  | Episode Reward: -53.5000 | Epsilon: 0.1003 | Goal reached: 0
Training  | Episode: 930000/1000000  | Episode Reward: -117.1111 | Epsilon: 0.1000 | Goal reached: 0
Training  | Episode: 940000/1000000  | Episode Reward: -77.2222 | Epsilon: 0.1000 | Goal reached: 0
Training  | Episode: 950000/1000000  | Episode Reward: -47.2222 | Epsilon: 0.1000 | Goal reached: 0
Training  | Episode: 960000/1000000  | Episode Reward: -67.2222 | Epsilon: 0.1000 | Goal reached: 0
Training  | Episode: 970000/1000000  | Episode Reward: -81.0000 | Epsilon: 0.1000 | Goal reached: 0
Training  | Episode: 980000/1000000  | Episode Reward: -73.5000 | Epsilon: 0.1000 | Goal reached: 0
Training  | Episode: 990000/1000000  | Episode Reward: -78.1667 | Epsilon: 0.1000 | Goal reached: 0
