gamma:  0.7 learning rate:  0.1 eps decay:  0.9999975
[[b'S' b'F' b'H' b'F' b'F' b'F' b'F' b'H' b'H' b'H']
 [b'H' b'F' b'H' b'H' b'F' b'H' b'H' b'H' b'H' b'H']
 [b'H' b'F' b'F' b'H' b'F' b'F' b'H' b'H' b'F' b'F']
 [b'F' b'F' b'H' b'H' b'F' b'H' b'H' b'H' b'H' b'F']
 [b'H' b'F' b'F' b'F' b'H' b'F' b'F' b'F' b'H' b'F']
 [b'H' b'H' b'F' b'F' b'F' b'F' b'F' b'F' b'F' b'H']
 [b'F' b'F' b'H' b'H' b'H' b'H' b'F' b'H' b'H' b'H']
 [b'H' b'H' b'H' b'F' b'H' b'H' b'F' b'H' b'F' b'H']
 [b'H' b'H' b'F' b'F' b'H' b'H' b'F' b'F' b'F' b'F']
 [b'H' b'H' b'F' b'F' b'H' b'H' b'F' b'H' b'H' b'G']]
[<tf.Variable 'q_a_s/weights:0' shape=(100, 4) dtype=float32, numpy=
array([[0.00540534, 0.50697166, 0.50065756, 0.00466068],
       [0.00281506, 0.5033373 , 0.50818026, 0.00059711],
       [0.0007717 , 0.5009455 , 0.50921196, 0.00288372],
       [0.00899508, 0.50336   , 0.50944096, 0.0086252 ],
       [0.00817269, 0.5077719 , 0.5057693 , 0.00823419],
       [0.00248601, 0.501103  , 0.50839335, 0.00159974],
       [0.00054414, 0.50099415, 0.5025921 , 0.00439009],
       [0.0012443 , 0.5009299 , 0.5080944 , 0.0066201 ],
       [0.00435762, 0.5051415 , 0.5015623 , 0.00712188],
       [0.00773443, 0.50583565, 0.5013038 , 0.00383536],
       [0.00391656, 0.50513524, 0.50104177, 0.00315435],
       [0.00511652, 0.5006035 , 0.5003845 , 0.00329572],
       [0.0008445 , 0.50006866, 0.50137   , 0.009354  ],
       [0.003415  , 0.5001164 , 0.50281537, 0.00482221],
       [0.00965421, 0.5018328 , 0.5099609 , 0.00443196],
       [0.0041206 , 0.50863904, 0.5098769 , 0.00328195],
       [0.00245627, 0.5037751 , 0.5014901 , 0.00100029],
       [0.00967353, 0.50414294, 0.5056091 , 0.00494022],
       [0.00467358, 0.5070277 , 0.5084364 , 0.00675247],
       [0.00864647, 0.50759983, 0.50406706, 0.00006322],
       [0.005058  , 0.5089007 , 0.50824314, 0.00704842],
       [0.00813701, 0.5048581 , 0.50665826, 0.00792427],
       [0.00265035, 0.509006  , 0.504213  , 0.00830473],
       [0.00157356, 0.50654143, 0.5065917 , 0.00219895],
       [0.00317734, 0.5004058 , 0.509835  , 0.00048059],
       [0.00689402, 0.502456  , 0.50000095, 0.0005272 ],
       [0.00875326, 0.50297266, 0.50965595, 0.00519268],
       [0.00809675, 0.50057334, 0.5028247 , 0.00916296],
       [0.00100325, 0.50984734, 0.5099087 , 0.00120564],
       [0.00431316, 0.5027634 , 0.5086918 , 0.00913376],
       [0.00201352, 0.50601315, 0.50530565, 0.00208485],
       [0.00503476, 0.5072812 , 0.50251126, 0.00565511],
       [0.00521349, 0.5068585 , 0.50983113, 0.00272537],
       [0.00716726, 0.50492966, 0.5044186 , 0.0094549 ],
       [0.00574901, 0.50211227, 0.5062017 , 0.00871345],
       [0.0025203 , 0.5055545 , 0.502131  , 0.00815555],
       [0.00601656, 0.5078252 , 0.5077245 , 0.00262637],
       [0.00129779, 0.5080111 , 0.5082519 , 0.00804064],
       [0.00154807, 0.50835973, 0.5077527 , 0.00162441],
       [0.00845166, 0.5025926 , 0.5063796 , 0.0058271 ],
       [0.00340509, 0.5050497 , 0.50332355, 0.00886274],
       [0.00040205, 0.50550616, 0.50961   , 0.00643359],
       [0.00042725, 0.50489295, 0.5045281 , 0.00709068],
       [0.00250545, 0.5047919 , 0.50819075, 0.00237761],
       [0.00130979, 0.5067437 , 0.50749326, 0.00370497],
       [0.00540703, 0.5082842 , 0.50776505, 0.00299637],
       [0.00491028, 0.50367   , 0.5085317 , 0.00945155],
       [0.00336672, 0.50095093, 0.5032037 , 0.00080968],
       [0.00836161, 0.50250345, 0.5021644 , 0.0066456 ],
       [0.00695382, 0.50133365, 0.5043098 , 0.00181974],
       [0.00370723, 0.508882  , 0.50825685, 0.00480117],
       [0.00026144, 0.5023621 , 0.50228995, 0.00680013],
       [0.00546889, 0.50302666, 0.50573677, 0.00729686],
       [0.00588703, 0.5033915 , 0.50104946, 0.00867918],
       [0.00157162, 0.5016306 , 0.50084555, 0.0067898 ],
       [0.0028644 , 0.5067297 , 0.50702125, 0.0089003 ],
       [0.00529125, 0.5090381 , 0.509266  , 0.00787356],
       [0.00298734, 0.5001898 , 0.50312203, 0.00265968],
       [0.00945755, 0.5078722 , 0.507545  , 0.00038276],
       [0.00113907, 0.50354844, 0.505575  , 0.00677702],
       [0.00414537, 0.50493574, 0.503159  , 0.00526829],
       [0.00836829, 0.5085669 , 0.50818187, 0.00514317],
       [0.0044566 , 0.50391555, 0.5019502 , 0.00106984],
       [0.00012623, 0.5007566 , 0.5073728 , 0.0087052 ],
       [0.00172436, 0.5076832 , 0.50763285, 0.00429739],
       [0.00311348, 0.5054241 , 0.50788164, 0.00266939],
       [0.00705113, 0.50325155, 0.5089086 , 0.00877153],
       [0.00547267, 0.50724715, 0.5057058 , 0.00499274],
       [0.00035209, 0.5021689 , 0.5062529 , 0.00071001],
       [0.00790829, 0.5028168 , 0.50072813, 0.00209765],
       [0.00116713, 0.50434065, 0.5011623 , 0.00736879],
       [0.00353125, 0.50034237, 0.5030859 , 0.00602182],
       [0.00730706, 0.50898665, 0.50307506, 0.00509071],
       [0.00025865, 0.5027902 , 0.5028799 , 0.00245413],
       [0.00561823, 0.5047433 , 0.5090646 , 0.00202073],
       [0.00798031, 0.50915426, 0.5092378 , 0.00379593],
       [0.00089245, 0.5078302 , 0.50129837, 0.00203479],
       [0.00412431, 0.50362307, 0.50631493, 0.00292046],
       [0.0063312 , 0.5005396 , 0.50970703, 0.00859054],
       [0.00843606, 0.5052134 , 0.50318515, 0.00562625],
       [0.00898963, 0.5041126 , 0.5079177 , 0.00006435],
       [0.00754989, 0.5006801 , 0.50438535, 0.00788749],
       [0.00730464, 0.50102305, 0.50862384, 0.002225  ],
       [0.00326083, 0.50473934, 0.5071901 , 0.00173687],
       [0.00116582, 0.5026394 , 0.5040642 , 0.00672311],
       [0.00907351, 0.50942314, 0.5082223 , 0.0094656 ],
       [0.00564097, 0.5045219 , 0.50238067, 0.00220727],
       [0.00019954, 0.5024765 , 0.50944203, 0.00059047],
       [0.0098729 , 0.5047897 , 0.50994295, 0.00213086],
       [0.0034047 , 0.5077221 , 0.5050789 , 0.00597503],
       [0.00981827, 0.50868726, 0.5011779 , 0.00188137],
       [0.00370418, 0.5010565 , 0.5043826 , 0.0010494 ],
       [0.00162085, 0.50015926, 0.50481534, 0.0069295 ],
       [0.00802502, 0.5062485 , 0.50333714, 0.00039278],
       [0.0055338 , 0.5099273 , 0.5062766 , 0.00307978],
       [0.00189932, 0.5029195 , 0.505098  , 0.00267652],
       [0.00333174, 0.5022751 , 0.5091406 , 0.00246313],
       [0.00615205, 0.50154275, 0.5090099 , 0.00809951],
       [0.00070066, 0.5050478 , 0.5099635 , 0.0076887 ],
       [0.00255431, 0.50255203, 0.5003718 , 0.00917295]], dtype=float32)>]
Training  | Episode: 0/1000000  | Episode Reward: -57.2222 | Epsilon: 1.0000 | Goal reached: 0
[[ 0.00540534  0.50697166  0.50065756 -1.92529535]
 [ 0.          0.          0.          0.        ]
 [ 0.          0.          0.          0.        ]
 [ 0.          0.          0.          0.        ]
 [ 0.          0.          0.          0.        ]
 [ 0.          0.          0.          0.        ]
 [ 0.          0.          0.          0.        ]
 [ 0.          0.          0.          0.        ]
 [ 0.          0.          0.          0.        ]
 [ 0.          0.          0.          0.        ]
 [ 0.          0.          0.          0.        ]
 [ 0.          0.          0.          0.        ]
 [ 0.          0.          0.          0.        ]
 [ 0.          0.          0.          0.        ]
 [ 0.          0.          0.          0.        ]
 [ 0.          0.          0.          0.        ]
 [ 0.          0.          0.          0.        ]
 [ 0.          0.          0.          0.        ]
 [ 0.          0.          0.          0.        ]
 [ 0.          0.          0.          0.        ]
 [ 0.          0.          0.          0.        ]
 [ 0.          0.          0.          0.        ]
 [ 0.          0.          0.          0.        ]
 [ 0.          0.          0.          0.        ]
 [ 0.          0.          0.          0.        ]
 [ 0.          0.          0.          0.        ]
 [ 0.          0.          0.          0.        ]
 [ 0.          0.          0.          0.        ]
 [ 0.          0.          0.          0.        ]
 [ 0.          0.          0.          0.        ]
 [ 0.          0.          0.          0.        ]
 [ 0.          0.          0.          0.        ]
 [ 0.          0.          0.          0.        ]
 [ 0.          0.          0.          0.        ]
 [ 0.          0.          0.          0.        ]
 [ 0.          0.          0.          0.        ]
 [ 0.          0.          0.          0.        ]
 [ 0.          0.          0.          0.        ]
 [ 0.          0.          0.          0.        ]
 [ 0.          0.          0.          0.        ]
 [ 0.          0.          0.          0.        ]
 [ 0.          0.          0.          0.        ]
 [ 0.          0.          0.          0.        ]
 [ 0.          0.          0.          0.        ]
 [ 0.          0.          0.          0.        ]
 [ 0.          0.          0.          0.        ]
 [ 0.          0.          0.          0.        ]
 [ 0.          0.          0.          0.        ]
 [ 0.          0.          0.          0.        ]
 [ 0.          0.          0.          0.        ]
 [ 0.          0.          0.          0.        ]
 [ 0.          0.          0.          0.        ]
 [ 0.          0.          0.          0.        ]
 [ 0.          0.          0.          0.        ]
 [ 0.          0.          0.          0.        ]
 [ 0.          0.          0.          0.        ]
 [ 0.          0.          0.          0.        ]
 [ 0.          0.          0.          0.        ]
 [ 0.          0.          0.          0.        ]
 [ 0.          0.          0.          0.        ]
 [ 0.          0.          0.          0.        ]
 [ 0.          0.          0.          0.        ]
 [ 0.          0.          0.          0.        ]
 [ 0.          0.          0.          0.        ]
 [ 0.          0.          0.          0.        ]
 [ 0.          0.          0.          0.        ]
 [ 0.          0.          0.          0.        ]
 [ 0.          0.          0.          0.        ]
 [ 0.          0.          0.          0.        ]
 [ 0.          0.          0.          0.        ]
 [ 0.          0.          0.          0.        ]
 [ 0.          0.          0.          0.        ]
 [ 0.          0.          0.          0.        ]
 [ 0.          0.          0.          0.        ]
 [ 0.          0.          0.          0.        ]
 [ 0.          0.          0.          0.        ]
 [ 0.          0.          0.          0.        ]
 [ 0.          0.          0.          0.        ]
 [ 0.          0.          0.          0.        ]
 [ 0.          0.          0.          0.        ]
 [ 0.          0.          0.          0.        ]
 [ 0.          0.          0.          0.        ]
 [ 0.          0.          0.          0.        ]
 [ 0.          0.          0.          0.        ]
 [ 0.          0.          0.          0.        ]
 [ 0.          0.          0.          0.        ]
 [ 0.          0.          0.          0.        ]
 [ 0.          0.          0.          0.        ]
 [ 0.          0.          0.          0.        ]
 [ 0.          0.          0.          0.        ]
 [ 0.          0.          0.          0.        ]
 [ 0.          0.          0.          0.        ]
 [ 0.          0.          0.          0.        ]
 [ 0.          0.          0.          0.        ]
 [ 0.          0.          0.          0.        ]
 [ 0.          0.          0.          0.        ]
 [ 0.          0.          0.          0.        ]
 [ 0.          0.          0.          0.        ]
 [ 0.          0.          0.          0.        ]
 [ 0.          0.          0.          0.        ]]
Training  | Episode: 10000/1000000  | Episode Reward: -97.2222 | Epsilon: 0.9753 | Goal reached: 0
Training  | Episode: 20000/1000000  | Episode Reward: -45.3889 | Epsilon: 0.9512 | Goal reached: 0
Training  | Episode: 30000/1000000  | Episode Reward: -65.6667 | Epsilon: 0.9277 | Goal reached: 0
Training  | Episode: 40000/1000000  | Episode Reward: -47.2222 | Epsilon: 0.9048 | Goal reached: 0
Training  | Episode: 50000/1000000  | Episode Reward: -47.2222 | Epsilon: 0.8825 | Goal reached: 0
Training  | Episode: 60000/1000000  | Episode Reward: -47.2222 | Epsilon: 0.8607 | Goal reached: 0
Training  | Episode: 70000/1000000  | Episode Reward: -97.6111 | Epsilon: 0.8395 | Goal reached: 0
Training  | Episode: 80000/1000000  | Episode Reward: -77.0556 | Epsilon: 0.8187 | Goal reached: 0
Training  | Episode: 90000/1000000  | Episode Reward: -57.2222 | Epsilon: 0.7985 | Goal reached: 0
Training  | Episode: 100000/1000000  | Episode Reward: -72.9444 | Epsilon: 0.7788 | Goal reached: 0
[[-32.55638504 -31.98357201 -26.42954254 -26.33419609]
 [-21.30067635 -25.71367645 -24.82116318 -34.21988678]
 [  0.           0.           0.           0.        ]
 [  0.           0.           0.           0.        ]
 [  0.           0.           0.           0.        ]
 [  0.           0.           0.           0.        ]
 [  0.           0.           0.           0.        ]
 [  0.           0.           0.           0.        ]
 [  0.           0.           0.           0.        ]
 [  0.           0.           0.           0.        ]
 [  0.           0.           0.           0.        ]
 [-28.96144485 -36.8209343  -24.88462448 -34.14669037]
 [  0.           0.           0.           0.        ]
 [  0.           0.           0.           0.        ]
 [  0.           0.           0.           0.        ]
 [  0.           0.           0.           0.        ]
 [  0.           0.           0.           0.        ]
 [  0.           0.           0.           0.        ]
 [  0.           0.           0.           0.        ]
 [  0.           0.           0.           0.        ]
 [  0.           0.           0.           0.        ]
 [-24.87096024 -30.54858398 -19.68180656 -40.40097046]
 [-36.41770554 -32.2675972  -37.84343719 -30.77967072]
 [  0.           0.           0.           0.        ]
 [  0.           0.           0.           0.        ]
 [  0.           0.           0.           0.        ]
 [  0.           0.           0.           0.        ]
 [  0.           0.           0.           0.        ]
 [  0.           0.           0.           0.        ]
 [  0.           0.           0.           0.        ]
 [-36.17320251 -30.83646774 -33.93508148 -36.63628006]
 [-22.43958473 -23.98148346 -23.96023941 -25.94755363]
 [  0.           0.           0.           0.        ]
 [  0.           0.           0.           0.        ]
 [  0.           0.           0.           0.        ]
 [  0.           0.           0.           0.        ]
 [  0.           0.           0.           0.        ]
 [  0.           0.           0.           0.        ]
 [  0.           0.           0.           0.        ]
 [  0.           0.           0.           0.        ]
 [  0.           0.           0.           0.        ]
 [-29.66622353 -26.78802681 -24.64168549 -27.58405685]
 [-18.36484528 -15.34473515 -20.29476166 -25.28949547]
 [-19.12210083 -14.80817509 -22.47471046 -18.06378746]
 [  0.           0.           0.           0.        ]
 [  0.           0.           0.           0.        ]
 [  0.00491028   0.50366998   0.50853169   0.00945155]
 [  0.           0.           0.           0.        ]
 [  0.           0.           0.           0.        ]
 [  0.           0.           0.           0.        ]
 [  0.           0.           0.           0.        ]
 [  0.           0.           0.           0.        ]
 [-23.23280525 -21.19565201 -19.87404633 -23.9272213 ]
 [-15.22290039 -10.53975677  -9.44538307  -6.16304302]
 [ -2.02562594  -4.06664991  -7.65916252  -5.58750725]
 [ -3.8154943    0.50672972   0.39913645   0.0089003 ]
 [  0.00529125   0.41100088   0.31635523   0.00787356]
 [  0.00298734   0.50018978   0.50312203   0.00265968]
 [  0.           0.           0.           0.        ]
 [  0.           0.           0.           0.        ]
 [  0.           0.           0.           0.        ]
 [  0.           0.           0.           0.        ]
 [  0.           0.           0.           0.        ]
 [  0.           0.           0.           0.        ]
 [  0.           0.           0.           0.        ]
 [  0.           0.           0.           0.        ]
 [  0.00705113   0.50325155   0.50890863   0.00877153]
 [  0.           0.           0.           0.        ]
 [  0.           0.           0.           0.        ]
 [  0.           0.           0.           0.        ]
 [  0.           0.           0.           0.        ]
 [  0.           0.           0.           0.        ]
 [  0.           0.           0.           0.        ]
 [  0.           0.           0.           0.        ]
 [  0.           0.           0.           0.        ]
 [  0.           0.           0.           0.        ]
 [  0.           0.           0.           0.        ]
 [  0.           0.           0.           0.        ]
 [  0.           0.           0.           0.        ]
 [  0.           0.           0.           0.        ]
 [  0.           0.           0.           0.        ]
 [  0.           0.           0.           0.        ]
 [  0.           0.           0.           0.        ]
 [  0.           0.           0.           0.        ]
 [  0.           0.           0.           0.        ]
 [  0.           0.           0.           0.        ]
 [  0.           0.           0.           0.        ]
 [  0.           0.           0.           0.        ]
 [  0.           0.           0.           0.        ]
 [  0.           0.           0.           0.        ]
 [  0.           0.           0.           0.        ]
 [  0.           0.           0.           0.        ]
 [  0.           0.           0.           0.        ]
 [  0.           0.           0.           0.        ]
 [  0.           0.           0.           0.        ]
 [  0.           0.           0.           0.        ]
 [  0.           0.           0.           0.        ]
 [  0.           0.           0.           0.        ]
 [  0.           0.           0.           0.        ]
 [  0.           0.           0.           0.        ]]
Training  | Episode: 110000/1000000  | Episode Reward: -104.2778 | Epsilon: 0.7596 | Goal reached: 0
Training  | Episode: 120000/1000000  | Episode Reward: -94.0000 | Epsilon: 0.7408 | Goal reached: 0
Training  | Episode: 130000/1000000  | Episode Reward: -68.1667 | Epsilon: 0.7225 | Goal reached: 0
Training  | Episode: 140000/1000000  | Episode Reward: -71.2778 | Epsilon: 0.7047 | Goal reached: 0
Training  | Episode: 150000/1000000  | Episode Reward: -54.8333 | Epsilon: 0.6873 | Goal reached: 0
Training  | Episode: 160000/1000000  | Episode Reward: -67.2222 | Epsilon: 0.6703 | Goal reached: 0
Training  | Episode: 170000/1000000  | Episode Reward: -57.2222 | Epsilon: 0.6538 | Goal reached: 0
Training  | Episode: 180000/1000000  | Episode Reward: -49.5556 | Epsilon: 0.6376 | Goal reached: 0
Training  | Episode: 190000/1000000  | Episode Reward: -57.2222 | Epsilon: 0.6219 | Goal reached: 0
Training  | Episode: 200000/1000000  | Episode Reward: -47.2222 | Epsilon: 0.6065 | Goal reached: 0
[[-33.4748497  -27.82032394 -29.59284019 -22.74157143]
 [-24.29669189 -35.08584976 -24.62008476 -34.27594757]
 [  0.           0.           0.           0.        ]
 [  0.           0.           0.           0.        ]
 [  0.           0.           0.           0.        ]
 [  0.           0.           0.           0.        ]
 [  0.           0.           0.           0.        ]
 [  0.           0.           0.           0.        ]
 [  0.           0.           0.           0.        ]
 [  0.           0.           0.           0.        ]
 [  0.           0.           0.           0.        ]
 [-29.1092701  -37.82160187 -23.50102043 -31.50397873]
 [  0.           0.           0.           0.        ]
 [  0.           0.           0.           0.        ]
 [  0.           0.           0.           0.        ]
 [  0.           0.           0.           0.        ]
 [  0.           0.           0.           0.        ]
 [  0.           0.           0.           0.        ]
 [  0.           0.           0.           0.        ]
 [  0.           0.           0.           0.        ]
 [  0.           0.           0.           0.        ]
 [-26.33560944 -29.06477547 -23.34781265 -30.45500374]
 [-33.74898911 -32.70473862 -36.48140335 -32.49795151]
 [  0.           0.           0.           0.        ]
 [  0.           0.           0.           0.        ]
 [  0.           0.           0.           0.        ]
 [  0.           0.           0.           0.        ]
 [  0.           0.           0.           0.        ]
 [  0.           0.           0.           0.        ]
 [  0.           0.           0.           0.        ]
 [-36.42623901 -25.53177643 -39.04264832 -38.92032242]
 [-20.08956146 -22.69201469 -33.212677   -27.00759888]
 [  0.           0.           0.           0.        ]
 [  0.           0.           0.           0.        ]
 [  0.           0.           0.           0.        ]
 [  0.           0.           0.           0.        ]
 [  0.           0.           0.           0.        ]
 [  0.           0.           0.           0.        ]
 [  0.           0.           0.           0.        ]
 [  0.           0.           0.           0.        ]
 [  0.           0.           0.           0.        ]
 [-29.56257248 -30.48574257 -22.3249321  -25.65074539]
 [-21.213871   -20.23572922 -21.29505348 -27.2305336 ]
 [-22.72251129 -23.65043449 -24.46474838 -23.39302063]
 [  0.           0.           0.           0.        ]
 [  0.00540703   0.50828421   0.50776505  -5.48210955]
 [  0.00491028   0.50366998   0.50853169   0.00945155]
 [  0.           0.           0.           0.        ]
 [  0.           0.           0.           0.        ]
 [  0.           0.           0.           0.        ]
 [  0.           0.           0.           0.        ]
 [  0.           0.           0.           0.        ]
 [-26.23258209 -21.56874466 -23.60749054 -22.71773338]
 [-15.06058502 -14.78188896 -17.44066811 -15.17771435]
 [-15.82360172  -9.5986805  -12.03075218 -11.71727085]
 [ -5.82401323  -0.86231244  -5.37332726  -0.02171997]
 [ -0.84278595   0.41100088   0.31635523  -0.81164789]
 [  0.00298734   0.50018978   0.50312203   0.00265968]
 [  0.           0.           0.           0.        ]
 [  0.           0.           0.           0.        ]
 [  0.           0.           0.           0.        ]
 [  0.           0.           0.           0.        ]
 [  0.           0.           0.           0.        ]
 [  0.           0.           0.           0.        ]
 [  0.           0.           0.           0.        ]
 [  0.           0.           0.           0.        ]
 [ -0.86751401   0.50325155  -0.14632523  -0.71322042]
 [  0.           0.           0.           0.        ]
 [  0.           0.           0.           0.        ]
 [  0.           0.           0.           0.        ]
 [  0.           0.           0.           0.        ]
 [  0.           0.           0.           0.        ]
 [  0.           0.           0.           0.        ]
 [  0.           0.           0.           0.        ]
 [  0.           0.           0.           0.        ]
 [  0.           0.           0.           0.        ]
 [ -1.45429897   0.5078302    0.50129837   0.00203479]
 [  0.           0.           0.           0.        ]
 [  0.           0.           0.           0.        ]
 [  0.           0.           0.           0.        ]
 [  0.           0.           0.           0.        ]
 [  0.           0.           0.           0.        ]
 [  0.           0.           0.           0.        ]
 [  0.           0.           0.           0.        ]
 [  0.           0.           0.           0.        ]
 [  0.           0.           0.           0.        ]
 [  0.           0.           0.           0.        ]
 [  0.           0.           0.           0.        ]
 [  0.           0.           0.           0.        ]
 [  0.           0.           0.           0.        ]
 [  0.           0.           0.           0.        ]
 [  0.           0.           0.           0.        ]
 [  0.           0.           0.           0.        ]
 [  0.           0.           0.           0.        ]
 [  0.           0.           0.           0.        ]
 [  0.           0.           0.           0.        ]
 [  0.           0.           0.           0.        ]
 [  0.           0.           0.           0.        ]
 [  0.           0.           0.           0.        ]
 [  0.           0.           0.           0.        ]]
Training  | Episode: 210000/1000000  | Episode Reward: -265.1667 | Epsilon: 0.5916 | Goal reached: 0
Training  | Episode: 220000/1000000  | Episode Reward: -167.0556 | Epsilon: 0.5769 | Goal reached: 0
Training  | Episode: 230000/1000000  | Episode Reward: -47.2222 | Epsilon: 0.5627 | Goal reached: 0
Training  | Episode: 240000/1000000  | Episode Reward: -64.1667 | Epsilon: 0.5488 | Goal reached: 0
Training  | Episode: 250000/1000000  | Episode Reward: -94.2778 | Epsilon: 0.5353 | Goal reached: 0
Training  | Episode: 260000/1000000  | Episode Reward: -68.5000 | Epsilon: 0.5220 | Goal reached: 0
Training  | Episode: 270000/1000000  | Episode Reward: -47.2222 | Epsilon: 0.5092 | Goal reached: 0
Training  | Episode: 280000/1000000  | Episode Reward: -78.5000 | Epsilon: 0.4966 | Goal reached: 0
Training  | Episode: 290000/1000000  | Episode Reward: -57.2222 | Epsilon: 0.4843 | Goal reached: 0
Training  | Episode: 300000/1000000  | Episode Reward: -47.2222 | Epsilon: 0.4724 | Goal reached: 0
[[-32.16982269 -33.39798355 -30.82514572 -23.40022087]
 [-23.29539108 -28.30887222 -29.56056404 -33.42145538]
 [  0.           0.           0.           0.        ]
 [  0.           0.           0.           0.        ]
 [  0.           0.           0.           0.        ]
 [  0.           0.           0.           0.        ]
 [  0.           0.           0.           0.        ]
 [  0.           0.           0.           0.        ]
 [  0.           0.           0.           0.        ]
 [  0.           0.           0.           0.        ]
 [  0.           0.           0.           0.        ]
 [-35.58729553 -34.27367401 -28.13712311 -37.96435165]
 [  0.           0.           0.           0.        ]
 [  0.           0.           0.           0.        ]
 [  0.           0.           0.           0.        ]
 [  0.           0.           0.           0.        ]
 [  0.           0.           0.           0.        ]
 [  0.           0.           0.           0.        ]
 [  0.           0.           0.           0.        ]
 [  0.           0.           0.           0.        ]
 [  0.           0.           0.           0.        ]
 [-29.16786003 -28.8757534  -24.75704765 -33.55495834]
 [-33.49695206 -31.84333992 -36.55391312 -36.66518402]
 [  0.           0.           0.           0.        ]
 [  0.           0.           0.           0.        ]
 [  0.           0.           0.           0.        ]
 [  0.           0.           0.           0.        ]
 [  0.           0.           0.           0.        ]
 [  0.           0.           0.           0.        ]
 [  0.           0.           0.           0.        ]
 [-35.76055527 -33.70709229 -36.30430222 -33.76978302]
 [-21.50169945 -30.29029083 -26.14996338 -30.63110733]
 [  0.           0.           0.           0.        ]
 [  0.           0.           0.           0.        ]
 [  0.           0.           0.           0.        ]
 [  0.           0.           0.           0.        ]
 [  0.           0.           0.           0.        ]
 [  0.           0.           0.           0.        ]
 [  0.           0.           0.           0.        ]
 [  0.           0.           0.           0.        ]
 [  0.           0.           0.           0.        ]
 [-28.89507866 -25.9597435  -24.93434143 -28.5139389 ]
 [-24.99416161 -16.90789032 -21.87945175 -23.41415787]
 [-24.08603477 -19.57053757 -26.52534866 -24.85832596]
 [  0.           0.           0.           0.        ]
 [ -1.5125798   -1.80582333  -5.0785656  -11.81603241]
 [ -0.70258421  -0.85643721   0.50853169   0.00945155]
 [  0.00336672   0.50095093   0.50320369   0.00080968]
 [  0.           0.           0.           0.        ]
 [  0.           0.           0.           0.        ]
 [  0.           0.           0.           0.        ]
 [  0.           0.           0.           0.        ]
 [-29.51427841 -23.12721825 -20.06818581 -21.95719147]
 [-17.92572594 -13.10826969 -16.50777245 -14.07829189]
 [-20.33379364 -12.79629993 -15.48134041 -14.33371925]
 [ -6.87012148  -8.42709637  -7.41313744  -7.05393696]
 [ -0.84278595  -0.72311753   0.12932046  -0.81164789]
 [ -0.71784782   0.50018978   0.41804418   0.0176743 ]
 [  0.00945755   0.50787222   0.50754499  -2.15113568]
 [  0.           0.           0.           0.        ]
 [  0.           0.           0.           0.        ]
 [  0.           0.           0.           0.        ]
 [  0.           0.           0.           0.        ]
 [  0.           0.           0.           0.        ]
 [  0.           0.           0.           0.        ]
 [  0.           0.           0.           0.        ]
 [ -7.42722321   0.50325155  -0.14632523  -0.71322042]
 [  0.           0.           0.           0.        ]
 [  0.           0.           0.           0.        ]
 [  0.           0.           0.           0.        ]
 [  0.           0.           0.           0.        ]
 [  0.           0.           0.           0.        ]
 [  0.           0.           0.           0.        ]
 [  0.           0.           0.           0.        ]
 [  0.           0.           0.           0.        ]
 [  0.           0.           0.           0.        ]
 [ -1.45429897   0.5078302    0.50129837  -0.59458363]
 [  0.           0.           0.           0.        ]
 [  0.           0.           0.           0.        ]
 [  0.           0.           0.           0.        ]
 [  0.           0.           0.           0.        ]
 [  0.           0.           0.           0.        ]
 [  0.           0.           0.           0.        ]
 [  0.           0.           0.           0.        ]
 [  0.           0.           0.           0.        ]
 [  0.           0.           0.           0.        ]
 [  0.           0.           0.           0.        ]
 [  0.           0.           0.           0.        ]
 [  0.           0.           0.           0.        ]
 [  0.           0.           0.           0.        ]
 [  0.           0.           0.           0.        ]
 [  0.           0.           0.           0.        ]
 [  0.           0.           0.           0.        ]
 [  0.           0.           0.           0.        ]
 [  0.           0.           0.           0.        ]
 [  0.           0.           0.           0.        ]
 [  0.           0.           0.           0.        ]
 [  0.           0.           0.           0.        ]
 [  0.           0.           0.           0.        ]
 [  0.           0.           0.           0.        ]]
Training  | Episode: 310000/1000000  | Episode Reward: -75.3889 | Epsilon: 0.4607 | Goal reached: 0
Training  | Episode: 320000/1000000  | Episode Reward: -43.5000 | Epsilon: 0.4493 | Goal reached: 0
Training  | Episode: 330000/1000000  | Episode Reward: -47.2222 | Epsilon: 0.4382 | Goal reached: 0
Training  | Episode: 340000/1000000  | Episode Reward: -47.2222 | Epsilon: 0.4274 | Goal reached: 0
Training  | Episode: 350000/1000000  | Episode Reward: -47.2222 | Epsilon: 0.4169 | Goal reached: 0
Training  | Episode: 360000/1000000  | Episode Reward: -101.2778 | Epsilon: 0.4066 | Goal reached: 0
Training  | Episode: 370000/1000000  | Episode Reward: -74.8333 | Epsilon: 0.3965 | Goal reached: 0
Training  | Episode: 380000/1000000  | Episode Reward: -69.0556 | Epsilon: 0.3867 | Goal reached: 0
Training  | Episode: 390000/1000000  | Episode Reward: -57.2222 | Epsilon: 0.3772 | Goal reached: 0
Training  | Episode: 400000/1000000  | Episode Reward: -259.0556 | Epsilon: 0.3679 | Goal reached: 0
[[-30.45487976 -32.65123749 -32.72639847 -29.70487595]
 [-27.39435387 -29.94824409 -31.08766556 -28.3437252 ]
 [  0.           0.           0.           0.        ]
 [  0.           0.           0.           0.        ]
 [  0.           0.           0.           0.        ]
 [  0.           0.           0.           0.        ]
 [  0.           0.           0.           0.        ]
 [  0.           0.           0.           0.        ]
 [  0.           0.           0.           0.        ]
 [  0.           0.           0.           0.        ]
 [  0.           0.           0.           0.        ]
 [-31.93859291 -41.68976212 -26.3019352  -40.02999115]
 [  0.           0.           0.           0.        ]
 [  0.           0.           0.           0.        ]
 [  0.           0.           0.           0.        ]
 [  0.           0.           0.           0.        ]
 [  0.           0.           0.           0.        ]
 [  0.           0.           0.           0.        ]
 [  0.           0.           0.           0.        ]
 [  0.           0.           0.           0.        ]
 [  0.           0.           0.           0.        ]
 [-34.35494232 -31.4770546  -24.08539391 -34.92150116]
 [-35.66778183 -31.66127968 -36.38491058 -36.5435257 ]
 [  0.           0.           0.           0.        ]
 [  0.           0.           0.           0.        ]
 [  0.           0.           0.           0.        ]
 [  0.           0.           0.           0.        ]
 [  0.           0.           0.           0.        ]
 [  0.           0.           0.           0.        ]
 [  0.           0.           0.           0.        ]
 [-35.60886383 -31.77850533 -35.37343597 -33.71535873]
 [-22.73257828 -30.39328766 -23.75356674 -28.32343292]
 [  0.           0.           0.           0.        ]
 [  0.           0.           0.           0.        ]
 [  0.           0.           0.           0.        ]
 [  0.           0.           0.           0.        ]
 [  0.           0.           0.           0.        ]
 [  0.           0.           0.           0.        ]
 [  0.           0.           0.           0.        ]
 [  0.           0.           0.           0.        ]
 [  0.           0.           0.           0.        ]
 [-30.42327309 -29.65925598 -25.90873146 -22.97449493]
 [-27.5309906  -18.89070129 -20.59220505 -19.74352074]
 [-29.20793533 -23.64039993 -28.22834587 -27.51636505]
 [  0.           0.           0.           0.        ]
 [-10.84016418  -3.69828463  -4.34203148 -11.81603241]
 [ -1.45696485  -1.28226948  -4.52207899  -3.95796585]
 [  0.00336672  -3.3689568    0.40633336   0.00080968]
 [  0.           0.           0.           0.        ]
 [  0.           0.           0.           0.        ]
 [  0.           0.           0.           0.        ]
 [  0.           0.           0.           0.        ]
 [-27.51271057 -24.92514038 -23.62862968 -25.10365486]
 [-19.4744091  -19.47912979 -19.24074173 -16.37776566]
 [-19.7843895  -12.15910625 -18.30293846 -22.71076202]
 [-13.30339909 -10.55946255  -6.95545912  -9.12457466]
 [ -2.62037992  -2.47273588  -0.97273034  -3.16726851]
 [ -0.71784782  -0.27661461  -2.48889065  -0.74553347]
 [  0.00945755  -1.74504912   0.50754499  -4.98389149]
 [  0.           0.           0.           0.        ]
 [  0.           0.           0.           0.        ]
 [  0.           0.           0.           0.        ]
 [  0.           0.           0.           0.        ]
 [  0.           0.           0.           0.        ]
 [  0.           0.           0.           0.        ]
 [  0.           0.           0.           0.        ]
 [ -7.42722321  -2.37224984  -0.14632523  -0.71322042]
 [  0.           0.           0.           0.        ]
 [  0.           0.           0.           0.        ]
 [  0.           0.           0.           0.        ]
 [  0.           0.           0.           0.        ]
 [  0.           0.           0.           0.        ]
 [  0.           0.           0.           0.        ]
 [  0.           0.           0.           0.        ]
 [  0.           0.           0.           0.        ]
 [  0.           0.           0.           0.        ]
 [ -1.45429897   0.5078302    0.50129837  -0.59458363]
 [  0.           0.           0.           0.        ]
 [  0.           0.           0.           0.        ]
 [  0.           0.           0.           0.        ]
 [  0.           0.           0.           0.        ]
 [  0.           0.           0.           0.        ]
 [  0.           0.           0.           0.        ]
 [  0.           0.           0.           0.        ]
 [  0.           0.           0.           0.        ]
 [  0.           0.           0.           0.        ]
 [  0.           0.           0.           0.        ]
 [  0.           0.           0.           0.        ]
 [  0.           0.           0.           0.        ]
 [  0.           0.           0.           0.        ]
 [  0.           0.           0.           0.        ]
 [  0.           0.           0.           0.        ]
 [  0.           0.           0.           0.        ]
 [  0.           0.           0.           0.        ]
 [  0.           0.           0.           0.        ]
 [  0.           0.           0.           0.        ]
 [  0.           0.           0.           0.        ]
 [  0.           0.           0.           0.        ]
 [  0.           0.           0.           0.        ]
 [  0.           0.           0.           0.        ]]
Training  | Episode: 410000/1000000  | Episode Reward: -47.2222 | Epsilon: 0.3588 | Goal reached: 0
Training  | Episode: 420000/1000000  | Episode Reward: -112.9444 | Epsilon: 0.3499 | Goal reached: 0
Training  | Episode: 430000/1000000  | Episode Reward: -142.3889 | Epsilon: 0.3413 | Goal reached: 0
Training  | Episode: 440000/1000000  | Episode Reward: -67.2222 | Epsilon: 0.3329 | Goal reached: 0
Training  | Episode: 450000/1000000  | Episode Reward: -59.0556 | Epsilon: 0.3247 | Goal reached: 0
Training  | Episode: 460000/1000000  | Episode Reward: -45.3889 | Epsilon: 0.3166 | Goal reached: 0
Training  | Episode: 470000/1000000  | Episode Reward: -67.2222 | Epsilon: 0.3088 | Goal reached: 0
Training  | Episode: 480000/1000000  | Episode Reward: -57.6111 | Epsilon: 0.3012 | Goal reached: 0
Training  | Episode: 490000/1000000  | Episode Reward: -83.5000 | Epsilon: 0.2938 | Goal reached: 0
Training  | Episode: 500000/1000000  | Episode Reward: -62.9444 | Epsilon: 0.2865 | Goal reached: 0
[[-34.17890167 -32.750103   -29.726017   -29.62600517]
 [-26.49744797 -30.29589462 -35.78662872 -37.89136124]
 [  0.           0.           0.           0.        ]
 [  0.           0.           0.           0.        ]
 [  0.           0.           0.           0.        ]
 [  0.           0.           0.           0.        ]
 [  0.           0.           0.           0.        ]
 [  0.           0.           0.           0.        ]
 [  0.           0.           0.           0.        ]
 [  0.           0.           0.           0.        ]
 [  0.           0.           0.           0.        ]
 [-33.39556885 -33.97066879 -31.65357018 -32.02764893]
 [  0.           0.           0.           0.        ]
 [  0.           0.           0.           0.        ]
 [  0.           0.           0.           0.        ]
 [  0.           0.           0.           0.        ]
 [  0.           0.           0.           0.        ]
 [  0.           0.           0.           0.        ]
 [  0.           0.           0.           0.        ]
 [  0.           0.           0.           0.        ]
 [  0.           0.           0.           0.        ]
 [-31.77941322 -27.94890976 -21.87039375 -39.42183685]
 [-35.95339966 -32.53515244 -36.52841568 -34.28080368]
 [  0.           0.           0.           0.        ]
 [  0.           0.           0.           0.        ]
 [  0.           0.           0.           0.        ]
 [  0.           0.           0.           0.        ]
 [  0.           0.           0.           0.        ]
 [  0.           0.           0.           0.        ]
 [  0.           0.           0.           0.        ]
 [-35.21099472 -27.48487473 -39.11256027 -33.59870148]
 [-20.79251099 -22.34144402 -28.81175804 -26.19713593]
 [  0.           0.           0.           0.        ]
 [  0.           0.           0.           0.        ]
 [  0.           0.           0.           0.        ]
 [  0.           0.           0.           0.        ]
 [  0.           0.           0.           0.        ]
 [  0.           0.           0.           0.        ]
 [  0.           0.           0.           0.        ]
 [  0.           0.           0.           0.        ]
 [  0.           0.           0.           0.        ]
 [-32.24671555 -34.38319778 -26.20108414 -22.69689751]
 [-19.63093758 -19.29689789 -22.37458801 -28.92271042]
 [-23.46399879 -18.82880783 -28.18302536 -22.76102638]
 [  0.           0.           0.           0.        ]
 [-14.15690899 -13.35384846 -12.65149975  -9.85517979]
 [ -9.74328518  -2.23903632  -4.52207899  -8.09527779]
 [ -0.27678308  -3.3689568   -2.93791628  -5.87285137]
 [  0.           0.           0.           0.        ]
 [  0.           0.           0.           0.        ]
 [  0.           0.           0.           0.        ]
 [  0.           0.           0.           0.        ]
 [-23.10091591 -25.67854118 -19.54723549 -26.45452118]
 [-20.25961685 -18.1885643  -17.69037819 -17.37338066]
 [-20.8098011  -11.57664299 -21.43957138 -19.51973724]
 [-11.54141521 -13.76638222 -11.18504906  -8.79454136]
 [ -3.91579056  -2.98650217  -2.85209322  -3.32889271]
 [ -3.95095444  -3.39071393  -2.01200366  -0.71544975]
 [ -1.35625982  -1.74504912  -1.74540567  -4.98389149]
 [  0.           0.           0.           0.        ]
 [  0.           0.           0.           0.        ]
 [  0.           0.           0.           0.        ]
 [  0.           0.           0.           0.        ]
 [  0.           0.           0.           0.        ]
 [  0.           0.           0.           0.        ]
 [  0.           0.           0.           0.        ]
 [ -7.42722321  -7.50143623  -4.25577593  -4.38836193]
 [  0.           0.           0.           0.        ]
 [  0.           0.           0.           0.        ]
 [  0.           0.           0.           0.        ]
 [  0.           0.           0.           0.        ]
 [  0.           0.           0.           0.        ]
 [  0.           0.           0.           0.        ]
 [  0.           0.           0.           0.        ]
 [  0.           0.           0.           0.        ]
 [  0.           0.           0.           0.        ]
 [ -1.45429897   0.5078302    0.50129837  -0.59458363]
 [  0.           0.           0.           0.        ]
 [  0.           0.           0.           0.        ]
 [  0.           0.           0.           0.        ]
 [  0.           0.           0.           0.        ]
 [  0.           0.           0.           0.        ]
 [  0.           0.           0.           0.        ]
 [  0.           0.           0.           0.        ]
 [  0.           0.           0.           0.        ]
 [  0.           0.           0.           0.        ]
 [  0.           0.           0.           0.        ]
 [  0.           0.           0.           0.        ]
 [  0.           0.           0.           0.        ]
 [  0.           0.           0.           0.        ]
 [  0.           0.           0.           0.        ]
 [  0.           0.           0.           0.        ]
 [  0.           0.           0.           0.        ]
 [  0.           0.           0.           0.        ]
 [  0.           0.           0.           0.        ]
 [  0.           0.           0.           0.        ]
 [  0.           0.           0.           0.        ]
 [  0.           0.           0.           0.        ]
 [  0.           0.           0.           0.        ]
 [  0.           0.           0.           0.        ]]
Training  | Episode: 510000/1000000  | Episode Reward: -47.2222 | Epsilon: 0.2794 | Goal reached: 0
Training  | Episode: 520000/1000000  | Episode Reward: -134.8333 | Epsilon: 0.2725 | Goal reached: 0
Training  | Episode: 530000/1000000  | Episode Reward: -209.1667 | Epsilon: 0.2658 | Goal reached: 0
Training  | Episode: 540000/1000000  | Episode Reward: -59.0556 | Epsilon: 0.2592 | Goal reached: 0
Training  | Episode: 550000/1000000  | Episode Reward: -54.8333 | Epsilon: 0.2528 | Goal reached: 0
Training  | Episode: 560000/1000000  | Episode Reward: -156.8333 | Epsilon: 0.2466 | Goal reached: 0
Training  | Episode: 570000/1000000  | Episode Reward: -185.9444 | Epsilon: 0.2405 | Goal reached: 0
Training  | Episode: 580000/1000000  | Episode Reward: -39.5556 | Epsilon: 0.2346 | Goal reached: 0
Training  | Episode: 590000/1000000  | Episode Reward: -164.2778 | Epsilon: 0.2288 | Goal reached: 0
Training  | Episode: 600000/1000000  | Episode Reward: -71.8333 | Epsilon: 0.2231 | Goal reached: 0
[[-31.33448601 -33.46974564 -37.07788849 -24.33463287]
 [-21.06500626 -31.79574394 -30.52941895 -34.95064926]
 [  0.           0.           0.           0.        ]
 [  0.           0.           0.           0.        ]
 [  0.           0.           0.           0.        ]
 [  0.           0.           0.           0.        ]
 [  0.           0.           0.           0.        ]
 [  0.           0.           0.           0.        ]
 [  0.           0.           0.           0.        ]
 [  0.           0.           0.           0.        ]
 [  0.           0.           0.           0.        ]
 [-33.55400467 -36.46295547 -23.51762772 -41.05971527]
 [  0.           0.           0.           0.        ]
 [  0.           0.           0.           0.        ]
 [  0.           0.           0.           0.        ]
 [  0.           0.           0.           0.        ]
 [  0.           0.           0.           0.        ]
 [  0.           0.           0.           0.        ]
 [  0.           0.           0.           0.        ]
 [  0.           0.           0.           0.        ]
 [  0.           0.           0.           0.        ]
 [-28.42611122 -27.7216835  -24.98299599 -37.31932068]
 [-35.70489502 -33.74493027 -38.8306427  -36.1944809 ]
 [  0.           0.           0.           0.        ]
 [  0.           0.           0.           0.        ]
 [  0.           0.           0.           0.        ]
 [  0.           0.           0.           0.        ]
 [  0.           0.           0.           0.        ]
 [  0.           0.           0.           0.        ]
 [  0.           0.           0.           0.        ]
 [-32.9221344  -25.11495781 -34.7716217  -36.04262161]
 [-22.61854935 -31.52674484 -30.14343452 -31.48195648]
 [  0.           0.           0.           0.        ]
 [  0.           0.           0.           0.        ]
 [  0.           0.           0.           0.        ]
 [  0.           0.           0.           0.        ]
 [  0.           0.           0.           0.        ]
 [  0.           0.           0.           0.        ]
 [  0.           0.           0.           0.        ]
 [  0.           0.           0.           0.        ]
 [  0.           0.           0.           0.        ]
 [-31.80854034 -29.08795547 -29.78556252 -22.36014366]
 [-23.27667809 -19.60573578 -24.43038368 -27.14551163]
 [-21.09306526 -17.2144928  -23.66733551 -25.36671257]
 [  0.           0.           0.           0.        ]
 [-18.60960197 -18.32688522 -16.86881638 -13.77121162]
 [-12.66157532  -7.20845222  -8.54656792 -11.40512657]
 [ -7.83834553  -5.95814848  -5.87899685  -6.40497589]
 [  0.           0.           0.           0.        ]
 [  0.           0.           0.           0.        ]
 [  0.           0.           0.           0.        ]
 [  0.           0.           0.           0.        ]
 [-26.46816254 -29.05184174 -20.32118416 -25.42345428]
 [-20.62084007 -18.88586044 -18.02304077 -14.51805305]
 [-22.4448452  -15.5873909  -23.25116158 -20.31286049]
 [-14.64806557 -13.98407745 -12.30122852  -9.41291142]
 [ -7.29457617  -6.20645142  -4.4813447   -6.33390141]
 [ -3.95095444  -4.96145582  -1.80619311  -1.98139369]
 [ -5.62973976  -3.54748106  -1.74540567  -7.25009632]
 [  0.           0.           0.           0.        ]
 [  0.           0.           0.           0.        ]
 [  0.           0.           0.           0.        ]
 [  0.           0.           0.           0.        ]
 [  0.           0.           0.           0.        ]
 [  0.           0.           0.           0.        ]
 [  0.           0.           0.           0.        ]
 [ -9.46432304  -8.70791245  -5.92555332  -9.44102192]
 [  0.           0.           0.           0.        ]
 [  0.           0.           0.           0.        ]
 [  0.           0.           0.           0.        ]
 [  0.           0.           0.           0.        ]
 [  0.           0.           0.           0.        ]
 [  0.           0.           0.           0.        ]
 [  0.           0.           0.           0.        ]
 [  0.           0.           0.           0.        ]
 [  0.           0.           0.           0.        ]
 [ -1.45429897  -1.74507427   0.50129837  -0.59458363]
 [  0.           0.           0.           0.        ]
 [  0.           0.           0.           0.        ]
 [  0.           0.           0.           0.        ]
 [  0.           0.           0.           0.        ]
 [  0.           0.           0.           0.        ]
 [  0.           0.           0.           0.        ]
 [  0.           0.           0.           0.        ]
 [  0.           0.           0.           0.        ]
 [  0.           0.           0.           0.        ]
 [  0.           0.           0.           0.        ]
 [  0.           0.           0.           0.        ]
 [  0.           0.           0.           0.        ]
 [  0.           0.           0.           0.        ]
 [  0.           0.           0.           0.        ]
 [  0.           0.           0.           0.        ]
 [  0.           0.           0.           0.        ]
 [  0.           0.           0.           0.        ]
 [  0.           0.           0.           0.        ]
 [  0.           0.           0.           0.        ]
 [  0.           0.           0.           0.        ]
 [  0.           0.           0.           0.        ]
 [  0.           0.           0.           0.        ]
 [  0.           0.           0.           0.        ]]
Training  | Episode: 610000/1000000  | Episode Reward: -61.8333 | Epsilon: 0.2176 | Goal reached: 0
Training  | Episode: 620000/1000000  | Episode Reward: -211.0000 | Epsilon: 0.2122 | Goal reached: 0
Training  | Episode: 630000/1000000  | Episode Reward: -67.2222 | Epsilon: 0.2070 | Goal reached: 0
Training  | Episode: 640000/1000000  | Episode Reward: -97.2222 | Epsilon: 0.2019 | Goal reached: 0
Training  | Episode: 650000/1000000  | Episode Reward: -149.3333 | Epsilon: 0.1969 | Goal reached: 0
Training  | Episode: 660000/1000000  | Episode Reward: -77.2222 | Epsilon: 0.1920 | Goal reached: 0
Training  | Episode: 670000/1000000  | Episode Reward: -119.0000 | Epsilon: 0.1873 | Goal reached: 0
Training  | Episode: 680000/1000000  | Episode Reward: -52.9444 | Epsilon: 0.1827 | Goal reached: 0
Training  | Episode: 690000/1000000  | Episode Reward: -77.6667 | Epsilon: 0.1782 | Goal reached: 0
Training  | Episode: 700000/1000000  | Episode Reward: -298.7222 | Epsilon: 0.1738 | Goal reached: 0
[[-32.70462418 -31.21477318 -34.42746353 -29.34109497]
 [-28.876297   -30.95284843 -36.00357056 -35.3466835 ]
 [  0.           0.           0.           0.        ]
 [  0.           0.           0.           0.        ]
 [  0.           0.           0.           0.        ]
 [  0.           0.           0.           0.        ]
 [  0.           0.           0.           0.        ]
 [  0.           0.           0.           0.        ]
 [  0.           0.           0.           0.        ]
 [  0.           0.           0.           0.        ]
 [  0.           0.           0.           0.        ]
 [-35.67437744 -40.28043365 -25.21992493 -39.03028488]
 [  0.           0.           0.           0.        ]
 [  0.           0.           0.           0.        ]
 [  0.           0.           0.           0.        ]
 [  0.           0.           0.           0.        ]
 [  0.           0.           0.           0.        ]
 [  0.           0.           0.           0.        ]
 [  0.           0.           0.           0.        ]
 [  0.           0.           0.           0.        ]
 [  0.           0.           0.           0.        ]
 [-28.57592201 -32.62374115 -22.37432289 -26.31681824]
 [-37.74107742 -28.62626266 -37.21350861 -37.43628311]
 [  0.           0.           0.           0.        ]
 [  0.           0.           0.           0.        ]
 [  0.           0.           0.           0.        ]
 [  0.           0.           0.           0.        ]
 [  0.           0.           0.           0.        ]
 [  0.           0.           0.           0.        ]
 [  0.           0.           0.           0.        ]
 [-38.94594955 -30.90843582 -37.724617   -39.18318939]
 [-20.69799614 -26.68647575 -28.73495102 -29.49780273]
 [  0.           0.           0.           0.        ]
 [  0.           0.           0.           0.        ]
 [  0.           0.           0.           0.        ]
 [  0.           0.           0.           0.        ]
 [  0.           0.           0.           0.        ]
 [  0.           0.           0.           0.        ]
 [  0.           0.           0.           0.        ]
 [  0.           0.           0.           0.        ]
 [  0.           0.           0.           0.        ]
 [-32.34370804 -35.77846909 -25.51158142 -27.16773796]
 [-26.98104477 -16.58833885 -21.65040016 -24.14350319]
 [-22.18519592 -20.20502853 -26.56386948 -29.55782318]
 [  0.           0.           0.           0.        ]
 [-21.78247452 -16.21437836 -20.01929092 -20.71764374]
 [-16.97543526  -8.99692631 -10.82048893 -13.5822525 ]
 [-10.62993526 -10.77602673  -9.6359272  -12.17771053]
 [  0.           0.           0.           0.        ]
 [  0.           0.           0.           0.        ]
 [  0.           0.           0.           0.        ]
 [  0.           0.           0.           0.        ]
 [-28.34884262 -26.09520912 -21.33344078 -23.97082901]
 [-20.52596283 -19.82753754 -17.21413803 -14.75279999]
 [-20.02863121 -18.88117027 -23.1324501  -19.50142479]
 [-16.14858246 -14.46432304 -15.0708828  -11.66864681]
 [ -9.10108089  -7.7558136   -7.65987301  -7.56030607]
 [ -6.75222826  -7.05280828  -6.50156212  -5.90328026]
 [ -6.31773853  -6.41744947  -7.06583738  -7.95151901]
 [  0.           0.           0.           0.        ]
 [  0.           0.           0.           0.        ]
 [  0.           0.           0.           0.        ]
 [  0.           0.           0.           0.        ]
 [  0.           0.           0.           0.        ]
 [  0.           0.           0.           0.        ]
 [  0.           0.           0.           0.        ]
 [ -9.46432304 -12.4450779   -8.8142252   -9.44102192]
 [  0.           0.           0.           0.        ]
 [  0.           0.           0.           0.        ]
 [  0.           0.           0.           0.        ]
 [  0.           0.           0.           0.        ]
 [  0.           0.           0.           0.        ]
 [  0.           0.           0.           0.        ]
 [  0.           0.           0.           0.        ]
 [  0.           0.           0.           0.        ]
 [  0.           0.           0.           0.        ]
 [ -1.45429897  -1.74507427  -1.09520555  -0.59458363]
 [  0.           0.           0.           0.        ]
 [  0.           0.           0.           0.        ]
 [  0.           0.           0.           0.        ]
 [  0.           0.           0.           0.        ]
 [  0.           0.           0.           0.        ]
 [  0.           0.           0.           0.        ]
 [  0.           0.           0.           0.        ]
 [  0.           0.           0.           0.        ]
 [  0.           0.           0.           0.        ]
 [  0.           0.           0.           0.        ]
 [  0.           0.           0.           0.        ]
 [  0.           0.           0.           0.        ]
 [  0.           0.           0.           0.        ]
 [  0.           0.           0.           0.        ]
 [  0.           0.           0.           0.        ]
 [  0.           0.           0.           0.        ]
 [  0.           0.           0.           0.        ]
 [  0.           0.           0.           0.        ]
 [  0.           0.           0.           0.        ]
 [  0.           0.           0.           0.        ]
 [  0.           0.           0.           0.        ]
 [  0.           0.           0.           0.        ]
 [  0.           0.           0.           0.        ]]
Training  | Episode: 710000/1000000  | Episode Reward: -121.2778 | Epsilon: 0.1695 | Goal reached: 0
Training  | Episode: 720000/1000000  | Episode Reward: -106.5000 | Epsilon: 0.1653 | Goal reached: 0
Training  | Episode: 730000/1000000  | Episode Reward: -43.5000 | Epsilon: 0.1612 | Goal reached: 0
Training  | Episode: 740000/1000000  | Episode Reward: -45.3889 | Epsilon: 0.1572 | Goal reached: 0
Training  | Episode: 750000/1000000  | Episode Reward: -167.0556 | Epsilon: 0.1534 | Goal reached: 0
Training  | Episode: 760000/1000000  | Episode Reward: -53.5000 | Epsilon: 0.1496 | Goal reached: 0
Training  | Episode: 770000/1000000  | Episode Reward: -152.9444 | Epsilon: 0.1459 | Goal reached: 0
Training  | Episode: 780000/1000000  | Episode Reward: -93.7222 | Epsilon: 0.1423 | Goal reached: 0
Training  | Episode: 790000/1000000  | Episode Reward: -137.3333 | Epsilon: 0.1388 | Goal reached: 0
Training  | Episode: 800000/1000000  | Episode Reward: -59.5556 | Epsilon: 0.1353 | Goal reached: 0
[[-30.59589577 -38.33179474 -31.79333878 -26.08919525]
 [-25.65172386 -34.37051392 -32.30384064 -29.76864052]
 [  0.           0.           0.           0.        ]
 [  0.           0.           0.           0.        ]
 [  0.           0.           0.           0.        ]
 [  0.           0.           0.           0.        ]
 [  0.           0.           0.           0.        ]
 [  0.           0.           0.           0.        ]
 [  0.           0.           0.           0.        ]
 [  0.           0.           0.           0.        ]
 [  0.           0.           0.           0.        ]
 [-36.58172607 -39.27075195 -38.32339096 -40.58076477]
 [  0.           0.           0.           0.        ]
 [  0.           0.           0.           0.        ]
 [  0.           0.           0.           0.        ]
 [  0.           0.           0.           0.        ]
 [  0.           0.           0.           0.        ]
 [  0.           0.           0.           0.        ]
 [  0.           0.           0.           0.        ]
 [  0.           0.           0.           0.        ]
 [  0.           0.           0.           0.        ]
 [-31.83245277 -27.05603218 -22.93847275 -30.45512772]
 [-35.44248199 -34.72473526 -37.19429779 -35.41982651]
 [  0.           0.           0.           0.        ]
 [  0.           0.           0.           0.        ]
 [  0.           0.           0.           0.        ]
 [  0.           0.           0.           0.        ]
 [  0.           0.           0.           0.        ]
 [  0.           0.           0.           0.        ]
 [  0.           0.           0.           0.        ]
 [-39.0363121  -37.04930496 -35.84588623 -36.62714386]
 [-23.54070091 -28.60769081 -27.39414597 -27.62966728]
 [  0.           0.           0.           0.        ]
 [  0.           0.           0.           0.        ]
 [  0.           0.           0.           0.        ]
 [  0.           0.           0.           0.        ]
 [  0.           0.           0.           0.        ]
 [  0.           0.           0.           0.        ]
 [  0.           0.           0.           0.        ]
 [  0.           0.           0.           0.        ]
 [  0.           0.           0.           0.        ]
 [-32.15558624 -30.27423096 -23.48551178 -30.19137955]
 [-27.59564209 -20.08848763 -25.31318092 -30.30457687]
 [-26.30779648 -20.96227074 -27.91230965 -27.13029861]
 [  0.           0.           0.           0.        ]
 [-21.78247452 -22.20887566 -21.43668556 -21.73963737]
 [-17.72638702 -10.25720501 -15.05682468 -13.94734955]
 [-12.87723732 -11.43175602 -11.5749197  -12.17771053]
 [  0.           0.           0.           0.        ]
 [  0.           0.           0.           0.        ]
 [  0.           0.           0.           0.        ]
 [  0.           0.           0.           0.        ]
 [-26.44223404 -27.30984879 -22.41708755 -23.76740265]
 [-21.90075111 -17.27532387 -17.6393528  -15.24209309]
 [-21.47875786 -11.20696354 -22.92654991 -20.81472778]
 [-13.62337494 -15.65085793 -15.21090317 -10.62472725]
 [ -9.36929417  -8.35219002  -7.47966862  -8.47133255]
 [ -8.67260075  -9.29187584 -10.22014332  -8.42130184]
 [ -7.57377625  -7.28530645  -7.06583738  -8.12789059]
 [  0.           0.           0.           0.        ]
 [  0.           0.           0.           0.        ]
 [  0.           0.           0.           0.        ]
 [  0.           0.           0.           0.        ]
 [  0.           0.           0.           0.        ]
 [  0.           0.           0.           0.        ]
 [  0.           0.           0.           0.        ]
 [-11.21970177 -12.05979347  -8.89474201 -12.02544975]
 [  0.           0.           0.           0.        ]
 [  0.           0.           0.           0.        ]
 [  0.           0.           0.           0.        ]
 [  0.           0.           0.           0.        ]
 [  0.           0.           0.           0.        ]
 [  0.           0.           0.           0.        ]
 [  0.           0.           0.           0.        ]
 [  0.           0.           0.           0.        ]
 [  0.           0.           0.           0.        ]
 [ -2.3827548   -4.65809917  -4.40340614  -4.74449635]
 [  0.           0.           0.           0.        ]
 [  0.           0.           0.           0.        ]
 [  0.           0.           0.           0.        ]
 [  0.           0.           0.           0.        ]
 [  0.           0.           0.           0.        ]
 [  0.           0.           0.           0.        ]
 [  0.           0.           0.           0.        ]
 [  0.           0.           0.           0.        ]
 [  0.           0.           0.           0.        ]
 [  0.00564097  -2.35317373  -1.36783791   0.00220727]
 [  0.00019954   0.50247651   0.50944203   0.00059047]
 [  0.           0.           0.           0.        ]
 [  0.           0.           0.           0.        ]
 [  0.           0.           0.           0.        ]
 [  0.           0.           0.           0.        ]
 [  0.           0.           0.           0.        ]
 [  0.           0.           0.           0.        ]
 [  0.           0.           0.           0.        ]
 [  0.           0.           0.           0.        ]
 [  0.           0.           0.           0.        ]
 [  0.           0.           0.           0.        ]
 [  0.           0.           0.           0.        ]
 [  0.           0.           0.           0.        ]]
Training  | Episode: 810000/1000000  | Episode Reward: -147.9444 | Epsilon: 0.1320 | Goal reached: 0
Training  | Episode: 820000/1000000  | Episode Reward: -89.3333 | Epsilon: 0.1287 | Goal reached: 0
Training  | Episode: 830000/1000000  | Episode Reward: -68.6667 | Epsilon: 0.1256 | Goal reached: 0
Training  | Episode: 840000/1000000  | Episode Reward: -52.9444 | Epsilon: 0.1225 | Goal reached: 0
Training  | Episode: 850000/1000000  | Episode Reward: -62.9444 | Epsilon: 0.1194 | Goal reached: 0
Training  | Episode: 860000/1000000  | Episode Reward: -39.5556 | Epsilon: 0.1165 | Goal reached: 0
Training  | Episode: 870000/1000000  | Episode Reward: -79.0556 | Epsilon: 0.1136 | Goal reached: 0
Training  | Episode: 880000/1000000  | Episode Reward: -132.1111 | Epsilon: 0.1108 | Goal reached: 0
Training  | Episode: 890000/1000000  | Episode Reward: -92.9444 | Epsilon: 0.1081 | Goal reached: 0
Training  | Episode: 900000/1000000  | Episode Reward: -107.6111 | Epsilon: 0.1054 | Goal reached: 0
[[-32.94918823 -39.37249756 -33.16141129 -26.18904495]
 [-25.87128448 -30.14881516 -30.96439743 -32.89109039]
 [  0.           0.           0.           0.        ]
 [  0.           0.           0.           0.        ]
 [  0.           0.           0.           0.        ]
 [  0.           0.           0.           0.        ]
 [  0.           0.           0.           0.        ]
 [  0.           0.           0.           0.        ]
 [  0.           0.           0.           0.        ]
 [  0.           0.           0.           0.        ]
 [  0.           0.           0.           0.        ]
 [-39.48829269 -37.67427063 -28.43442535 -42.8780098 ]
 [  0.           0.           0.           0.        ]
 [  0.           0.           0.           0.        ]
 [  0.           0.           0.           0.        ]
 [  0.           0.           0.           0.        ]
 [  0.           0.           0.           0.        ]
 [  0.           0.           0.           0.        ]
 [  0.           0.           0.           0.        ]
 [  0.           0.           0.           0.        ]
 [  0.           0.           0.           0.        ]
 [-34.78084946 -27.5879097  -22.39019203 -27.48696709]
 [-35.21796036 -34.21738815 -37.64106369 -38.17557907]
 [  0.           0.           0.           0.        ]
 [  0.           0.           0.           0.        ]
 [  0.           0.           0.           0.        ]
 [  0.           0.           0.           0.        ]
 [  0.           0.           0.           0.        ]
 [  0.           0.           0.           0.        ]
 [  0.           0.           0.           0.        ]
 [-38.65662003 -31.77682495 -37.39940262 -34.37270737]
 [-21.25031471 -27.10030365 -29.83597183 -30.49377823]
 [  0.           0.           0.           0.        ]
 [  0.           0.           0.           0.        ]
 [  0.           0.           0.           0.        ]
 [  0.           0.           0.           0.        ]
 [  0.           0.           0.           0.        ]
 [  0.           0.           0.           0.        ]
 [  0.           0.           0.           0.        ]
 [  0.           0.           0.           0.        ]
 [  0.           0.           0.           0.        ]
 [-32.01323318 -29.94100189 -22.1877327  -29.97622299]
 [-25.45871735 -18.16732979 -20.98671913 -26.42931747]
 [-26.65776634 -18.16065979 -21.29989433 -29.00011444]
 [  0.           0.           0.           0.        ]
 [-24.17605972 -15.69205952 -21.30991554 -21.28878784]
 [-19.11001396  -9.83241844 -12.35756397 -12.94363976]
 [-12.71587944 -11.47057056 -13.63322449 -13.66710472]
 [  0.           0.           0.           0.        ]
 [  0.           0.           0.           0.        ]
 [  0.           0.           0.           0.        ]
 [  0.           0.           0.           0.        ]
 [-27.89663124 -20.53906822 -17.84111595 -24.74450684]
 [-19.0381279  -21.00014305 -20.14223289 -15.52541161]
 [-23.14879227 -18.00153542 -21.16865158 -21.56628799]
 [-14.7698307  -13.1866684  -14.09183311 -12.78109264]
 [ -9.43097591  -9.34444618  -7.00513268  -8.87025833]
 [ -9.58504677 -10.14026356 -10.8828783   -7.63175106]
 [ -9.83127785  -8.53519154  -9.97863102  -9.76529503]
 [  0.           0.           0.           0.        ]
 [  0.           0.           0.           0.        ]
 [  0.           0.           0.           0.        ]
 [  0.           0.           0.           0.        ]
 [  0.           0.           0.           0.        ]
 [  0.           0.           0.           0.        ]
 [  0.           0.           0.           0.        ]
 [-11.21970177 -12.05979347  -9.17094231 -13.43814564]
 [  0.           0.           0.           0.        ]
 [  0.           0.           0.           0.        ]
 [  0.           0.           0.           0.        ]
 [  0.           0.           0.           0.        ]
 [  0.           0.           0.           0.        ]
 [  0.           0.           0.           0.        ]
 [  0.           0.           0.           0.        ]
 [  0.           0.           0.           0.        ]
 [  0.           0.           0.           0.        ]
 [ -6.35567522  -6.4083581   -5.33102942  -8.01958847]
 [  0.           0.           0.           0.        ]
 [  0.           0.           0.           0.        ]
 [  0.           0.           0.           0.        ]
 [  0.           0.           0.           0.        ]
 [  0.           0.           0.           0.        ]
 [  0.           0.           0.           0.        ]
 [  0.           0.           0.           0.        ]
 [  0.           0.           0.           0.        ]
 [  0.           0.           0.           0.        ]
 [ -2.70194578  -2.35317373  -2.11577559  -2.7046926 ]
 [  0.00019954   0.50247651   0.50944203   0.00059047]
 [  0.           0.           0.           0.        ]
 [  0.           0.           0.           0.        ]
 [  0.           0.           0.           0.        ]
 [  0.           0.           0.           0.        ]
 [  0.           0.           0.           0.        ]
 [  0.           0.           0.           0.        ]
 [  0.           0.           0.           0.        ]
 [  0.           0.           0.           0.        ]
 [  0.00333174   0.50227511   0.14525881   0.00246313]
 [  0.           0.           0.           0.        ]
 [  0.           0.           0.           0.        ]
 [  0.           0.           0.           0.        ]]
Training  | Episode: 910000/1000000  | Episode Reward: -52.9444 | Epsilon: 0.1028 | Goal reached: 0
Training  | Episode: 920000/1000000  | Episode Reward: -341.2778 | Epsilon: 0.1003 | Goal reached: 0
Training  | Episode: 930000/1000000  | Episode Reward: -73.1667 | Epsilon: 0.1000 | Goal reached: 0
Training  | Episode: 940000/1000000  | Episode Reward: -171.8333 | Epsilon: 0.1000 | Goal reached: 0
Training  | Episode: 950000/1000000  | Episode Reward: -107.2222 | Epsilon: 0.1000 | Goal reached: 0
Training  | Episode: 960000/1000000  | Episode Reward: -67.2222 | Epsilon: 0.1000 | Goal reached: 0
Training  | Episode: 970000/1000000  | Episode Reward: -73.2222 | Epsilon: 0.1000 | Goal reached: 0
Training  | Episode: 980000/1000000  | Episode Reward: -108.1667 | Epsilon: 0.1000 | Goal reached: 0
Training  | Episode: 990000/1000000  | Episode Reward: -109.0000 | Epsilon: 0.1000 | Goal reached: 0
