___DIRECTION___
gamma:  0.9 learning rate:  0.01 eps decay:  0.9999975
[[b'S' b'F' b'F' b'F' b'F' b'F' b'H' b'F' b'H' b'H']
 [b'H' b'H' b'H' b'H' b'H' b'F' b'F' b'H' b'F' b'H']
 [b'H' b'H' b'H' b'H' b'F' b'H' b'F' b'H' b'H' b'H']
 [b'F' b'H' b'F' b'H' b'H' b'F' b'F' b'H' b'H' b'H']
 [b'F' b'H' b'H' b'F' b'F' b'F' b'F' b'H' b'H' b'F']
 [b'H' b'H' b'H' b'H' b'F' b'F' b'F' b'F' b'H' b'F']
 [b'F' b'F' b'H' b'H' b'F' b'H' b'H' b'H' b'H' b'H']
 [b'H' b'F' b'H' b'F' b'F' b'F' b'F' b'H' b'H' b'H']
 [b'F' b'H' b'F' b'H' b'H' b'F' b'H' b'H' b'H' b'H']
 [b'H' b'H' b'H' b'H' b'F' b'F' b'F' b'F' b'F' b'G']]
[<tf.Variable 'q_a_s/weights:0' shape=(100, 4) dtype=float32, numpy=
array([[0.00057251, 0.5020769 , 0.5099943 , 0.00315015],
       [0.00354235, 0.5033459 , 0.50090164, 0.0038239 ],
       [0.00624312, 0.5077021 , 0.5080119 , 0.00696132],
       [0.00053845, 0.5012998 , 0.50852686, 0.00074819],
       [0.00295888, 0.50601774, 0.50543386, 0.0020288 ],
       [0.00718325, 0.5016856 , 0.5052767 , 0.00532144],
       [0.00477045, 0.5096168 , 0.50273514, 0.00117717],
       [0.00959968, 0.50832665, 0.5056946 , 0.00114463],
       [0.00660379, 0.5069515 , 0.50874126, 0.00863971],
       [0.00487722, 0.50348943, 0.50457734, 0.00640757],
       [0.0089182 , 0.50819564, 0.50966656, 0.00150997],
       [0.00594386, 0.5008702 , 0.5016482 , 0.00215062],
       [0.00124646, 0.50340736, 0.5048092 , 0.00953617],
       [0.00800855, 0.5022388 , 0.50360405, 0.0015218 ],
       [0.00980007, 0.5010249 , 0.50480986, 0.00784317],
       [0.0044009 , 0.50872916, 0.5020082 , 0.00562877],
       [0.00798431, 0.5044904 , 0.5048199 , 0.00741664],
       [0.00444167, 0.50328064, 0.50366545, 0.00271052],
       [0.00069805, 0.50717974, 0.5063299 , 0.00139536],
       [0.00002775, 0.50376576, 0.5098991 , 0.00252302],
       [0.00351047, 0.50326073, 0.5019964 , 0.00830335],
       [0.0072062 , 0.5058061 , 0.50767237, 0.00264416],
       [0.00244476, 0.5075176 , 0.507666  , 0.00800664],
       [0.00134485, 0.5076397 , 0.5032843 , 0.00706888],
       [0.00655481, 0.5030429 , 0.5055371 , 0.00964602],
       [0.00849259, 0.5092631 , 0.508327  , 0.00464837],
       [0.00624113, 0.5020272 , 0.5085223 , 0.0023544 ],
       [0.00881712, 0.500919  , 0.5014791 , 0.00477931],
       [0.00861448, 0.5084211 , 0.5042129 , 0.00907135],
       [0.00086571, 0.50995475, 0.5083072 , 0.00969743],
       [0.00799746, 0.50699186, 0.5082443 , 0.00064459],
       [0.00671857, 0.502838  , 0.5061278 , 0.00770825],
       [0.00589149, 0.5054464 , 0.503993  , 0.00132177],
       [0.0029975 , 0.50426567, 0.5081311 , 0.00120576],
       [0.00441804, 0.50546414, 0.50327563, 0.00296586],
       [0.00363972, 0.50284475, 0.50896424, 0.00376738],
       [0.00839525, 0.50736356, 0.50658387, 0.00581431],
       [0.00123859, 0.5016572 , 0.5032454 , 0.00148275],
       [0.00240527, 0.5077268 , 0.5009175 , 0.00142914],
       [0.00918637, 0.50585425, 0.50250405, 0.00718248],
       [0.00611043, 0.5081275 , 0.5075168 , 0.00575027],
       [0.00552802, 0.5009347 , 0.5006208 , 0.00998535],
       [0.00146819, 0.50818473, 0.5019939 , 0.00051569],
       [0.00389134, 0.50598127, 0.50698537, 0.00618157],
       [0.00882963, 0.5000775 , 0.5045533 , 0.00973607],
       [0.00847783, 0.5047054 , 0.5080417 , 0.00504967],
       [0.00092248, 0.5074144 , 0.5067817 , 0.00567985],
       [0.00297448, 0.5076099 , 0.5095391 , 0.00614236],
       [0.0018151 , 0.50076294, 0.50027186, 0.00278858],
       [0.00263897, 0.50632215, 0.5011686 , 0.00738262],
       [0.00146211, 0.50629234, 0.5096146 , 0.00379953],
       [0.00862628, 0.5054097 , 0.5076937 , 0.00523181],
       [0.00655126, 0.50969124, 0.5043459 , 0.0076177 ],
       [0.00334604, 0.5012646 , 0.50020456, 0.00523469],
       [0.0044069 , 0.5097478 , 0.5041009 , 0.00400698],
       [0.0025998 , 0.5049498 , 0.5062991 , 0.0087472 ],
       [0.00990544, 0.5027132 , 0.50808287, 0.00721215],
       [0.00616232, 0.50018305, 0.5098513 , 0.00214255],
       [0.00885255, 0.50326896, 0.5051199 , 0.00557384],
       [0.00406799, 0.5020458 , 0.50504214, 0.00504392],
       [0.00737887, 0.50750256, 0.50269234, 0.00997352],
       [0.0062884 , 0.50059545, 0.50398815, 0.0072911 ],
       [0.00960776, 0.5031228 , 0.5032486 , 0.0004173 ],
       [0.00460094, 0.5034129 , 0.5009809 , 0.00844411],
       [0.0015262 , 0.50286067, 0.50194496, 0.00747817],
       [0.00386059, 0.5020957 , 0.5052561 , 0.00585032],
       [0.00758497, 0.50981075, 0.50616896, 0.0080848 ],
       [0.00014016, 0.5055243 , 0.5034759 , 0.00986954],
       [0.00001734, 0.50113463, 0.5064078 , 0.0065397 ],
       [0.0055293 , 0.5054648 , 0.5063696 , 0.00338877],
       [0.00216783, 0.50510496, 0.50578344, 0.00174717],
       [0.00268596, 0.5058091 , 0.5091469 , 0.00258435],
       [0.00534612, 0.5000863 , 0.5062197 , 0.00425119],
       [0.00749378, 0.5054687 , 0.50022954, 0.00391061],
       [0.00671607, 0.5009798 , 0.5060033 , 0.00502923],
       [0.00813231, 0.5016913 , 0.5064677 , 0.00716645],
       [0.00788559, 0.5063761 , 0.506034  , 0.00242009],
       [0.0097279 , 0.50330204, 0.5037554 , 0.0073901 ],
       [0.00071374, 0.5082303 , 0.5060182 , 0.00083938],
       [0.00937586, 0.5098665 , 0.5097924 , 0.00607191],
       [0.00822023, 0.5014822 , 0.5007574 , 0.00031464],
       [0.00207351, 0.5090391 , 0.5088908 , 0.00696474],
       [0.00523649, 0.5040408 , 0.5097862 , 0.00770157],
       [0.00439092, 0.50381285, 0.5029088 , 0.0027504 ],
       [0.00526905, 0.50877506, 0.5075558 , 0.00839817],
       [0.00298345, 0.5050906 , 0.50047266, 0.00943105],
       [0.00911867, 0.5086906 , 0.5039358 , 0.00903292],
       [0.00114908, 0.5007901 , 0.50444317, 0.00021228],
       [0.00647662, 0.50097173, 0.50570244, 0.00649358],
       [0.00274628, 0.5072999 , 0.50717956, 0.00379947],
       [0.00922549, 0.5000313 , 0.5094166 , 0.00036435],
       [0.00132039, 0.50360423, 0.5013236 , 0.00630157],
       [0.00893222, 0.5022196 , 0.5097238 , 0.00176908],
       [0.00289953, 0.50461936, 0.50405234, 0.00329475],
       [0.00807213, 0.5058003 , 0.5009459 , 0.00745918],
       [0.0024743 , 0.50019294, 0.5001094 , 0.00755712],
       [0.00570124, 0.5075899 , 0.50365   , 0.00270834],
       [0.00004621, 0.5035029 , 0.5054075 , 0.00936008],
       [0.00078417, 0.5098166 , 0.50210476, 0.0041587 ],
       [0.00646335, 0.5071654 , 0.5021005 , 0.00293538]], dtype=float32)>]
Training  | Episode: 0/1000000  | Episode Reward: -67.2222 | Epsilon: 1.0000 | Goal reached: 0
[[-0.19025902  0.50207692  0.50999433 -0.18773295]
 [ 0.          0.          0.          0.        ]
 [ 0.          0.          0.          0.        ]
 [ 0.          0.          0.          0.        ]
 [ 0.          0.          0.          0.        ]
 [ 0.          0.          0.          0.        ]
 [ 0.          0.          0.          0.        ]
 [ 0.          0.          0.          0.        ]
 [ 0.          0.          0.          0.        ]
 [ 0.          0.          0.          0.        ]
 [ 0.          0.          0.          0.        ]
 [ 0.          0.          0.          0.        ]
 [ 0.          0.          0.          0.        ]
 [ 0.          0.          0.          0.        ]
 [ 0.          0.          0.          0.        ]
 [ 0.          0.          0.          0.        ]
 [ 0.          0.          0.          0.        ]
 [ 0.          0.          0.          0.        ]
 [ 0.          0.          0.          0.        ]
 [ 0.          0.          0.          0.        ]
 [ 0.          0.          0.          0.        ]
 [ 0.          0.          0.          0.        ]
 [ 0.          0.          0.          0.        ]
 [ 0.          0.          0.          0.        ]
 [ 0.          0.          0.          0.        ]
 [ 0.          0.          0.          0.        ]
 [ 0.          0.          0.          0.        ]
 [ 0.          0.          0.          0.        ]
 [ 0.          0.          0.          0.        ]
 [ 0.          0.          0.          0.        ]
 [ 0.          0.          0.          0.        ]
 [ 0.          0.          0.          0.        ]
 [ 0.          0.          0.          0.        ]
 [ 0.          0.          0.          0.        ]
 [ 0.          0.          0.          0.        ]
 [ 0.          0.          0.          0.        ]
 [ 0.          0.          0.          0.        ]
 [ 0.          0.          0.          0.        ]
 [ 0.          0.          0.          0.        ]
 [ 0.          0.          0.          0.        ]
 [ 0.          0.          0.          0.        ]
 [ 0.          0.          0.          0.        ]
 [ 0.          0.          0.          0.        ]
 [ 0.          0.          0.          0.        ]
 [ 0.          0.          0.          0.        ]
 [ 0.          0.          0.          0.        ]
 [ 0.          0.          0.          0.        ]
 [ 0.          0.          0.          0.        ]
 [ 0.          0.          0.          0.        ]
 [ 0.          0.          0.          0.        ]
 [ 0.          0.          0.          0.        ]
 [ 0.          0.          0.          0.        ]
 [ 0.          0.          0.          0.        ]
 [ 0.          0.          0.          0.        ]
 [ 0.          0.          0.          0.        ]
 [ 0.          0.          0.          0.        ]
 [ 0.          0.          0.          0.        ]
 [ 0.          0.          0.          0.        ]
 [ 0.          0.          0.          0.        ]
 [ 0.          0.          0.          0.        ]
 [ 0.          0.          0.          0.        ]
 [ 0.          0.          0.          0.        ]
 [ 0.          0.          0.          0.        ]
 [ 0.          0.          0.          0.        ]
 [ 0.          0.          0.          0.        ]
 [ 0.          0.          0.          0.        ]
 [ 0.          0.          0.          0.        ]
 [ 0.          0.          0.          0.        ]
 [ 0.          0.          0.          0.        ]
 [ 0.          0.          0.          0.        ]
 [ 0.          0.          0.          0.        ]
 [ 0.          0.          0.          0.        ]
 [ 0.          0.          0.          0.        ]
 [ 0.          0.          0.          0.        ]
 [ 0.          0.          0.          0.        ]
 [ 0.          0.          0.          0.        ]
 [ 0.          0.          0.          0.        ]
 [ 0.          0.          0.          0.        ]
 [ 0.          0.          0.          0.        ]
 [ 0.          0.          0.          0.        ]
 [ 0.          0.          0.          0.        ]
 [ 0.          0.          0.          0.        ]
 [ 0.          0.          0.          0.        ]
 [ 0.          0.          0.          0.        ]
 [ 0.          0.          0.          0.        ]
 [ 0.          0.          0.          0.        ]
 [ 0.          0.          0.          0.        ]
 [ 0.          0.          0.          0.        ]
 [ 0.          0.          0.          0.        ]
 [ 0.          0.          0.          0.        ]
 [ 0.          0.          0.          0.        ]
 [ 0.          0.          0.          0.        ]
 [ 0.          0.          0.          0.        ]
 [ 0.          0.          0.          0.        ]
 [ 0.          0.          0.          0.        ]
 [ 0.          0.          0.          0.        ]
 [ 0.          0.          0.          0.        ]
 [ 0.          0.          0.          0.        ]
 [ 0.          0.          0.          0.        ]
 [ 0.          0.          0.          0.        ]]
Training  | Episode: 10000/1000000  | Episode Reward: -64.8333 | Epsilon: 0.9753 | Goal reached: 0
Training  | Episode: 20000/1000000  | Episode Reward: -73.2222 | Epsilon: 0.9512 | Goal reached: 0
Training  | Episode: 30000/1000000  | Episode Reward: -114.2778 | Epsilon: 0.9277 | Goal reached: 0
Training  | Episode: 40000/1000000  | Episode Reward: -87.6111 | Epsilon: 0.9048 | Goal reached: 0
Training  | Episode: 50000/1000000  | Episode Reward: -45.3889 | Epsilon: 0.8825 | Goal reached: 0
Training  | Episode: 60000/1000000  | Episode Reward: -45.3889 | Epsilon: 0.8607 | Goal reached: 0
Training  | Episode: 70000/1000000  | Episode Reward: -57.2222 | Epsilon: 0.8395 | Goal reached: 0
Training  | Episode: 80000/1000000  | Episode Reward: -50.9444 | Epsilon: 0.8187 | Goal reached: 0
Training  | Episode: 90000/1000000  | Episode Reward: -108.1667 | Epsilon: 0.7985 | Goal reached: 0
Training  | Episode: 100000/1000000  | Episode Reward: -70.7222 | Epsilon: 0.7788 | Goal reached: 0
[[-49.98561859 -47.04208755 -45.77781296 -48.46657562]
 [-47.3763237  -44.19801712 -43.87961578 -45.79431152]
 [-45.47776031 -42.67456055 -42.62694168 -43.76765442]
 [-41.92430878 -39.74835968 -38.03317642 -40.52096558]
 [-38.65030289 -34.48938751 -33.01158142 -36.34766006]
 [-30.9101696  -29.956213   -29.49801064 -34.66399765]
 [  0.           0.           0.           0.        ]
 [  0.           0.           0.           0.        ]
 [  0.           0.           0.           0.        ]
 [  0.           0.           0.           0.        ]
 [  0.           0.           0.           0.        ]
 [  0.           0.           0.           0.        ]
 [  0.           0.           0.           0.        ]
 [  0.           0.           0.           0.        ]
 [  0.           0.           0.           0.        ]
 [-30.41585732 -24.68094444 -23.39660454 -24.29049301]
 [-10.78508759 -11.94254494 -10.5496254  -14.60529232]
 [  0.           0.           0.           0.        ]
 [  0.           0.           0.           0.        ]
 [  0.           0.           0.           0.        ]
 [  0.           0.           0.           0.        ]
 [  0.           0.           0.           0.        ]
 [  0.           0.           0.           0.        ]
 [  0.           0.           0.           0.        ]
 [  0.           0.           0.           0.        ]
 [  0.           0.           0.           0.        ]
 [ -1.48111188  -2.13214731  -2.0352459   -2.9850471 ]
 [  0.           0.           0.           0.        ]
 [  0.           0.           0.           0.        ]
 [  0.           0.           0.           0.        ]
 [  0.           0.           0.           0.        ]
 [  0.           0.           0.           0.        ]
 [  0.           0.           0.           0.        ]
 [  0.           0.           0.           0.        ]
 [  0.           0.           0.           0.        ]
 [  0.00363972  -0.20178713  -0.10315943  -0.59832072]
 [ -0.34824181  -0.3887423   -0.05925589  -0.33339223]
 [  0.           0.           0.           0.        ]
 [  0.           0.           0.           0.        ]
 [  0.           0.           0.           0.        ]
 [  0.           0.           0.           0.        ]
 [  0.           0.           0.           0.        ]
 [  0.           0.           0.           0.        ]
 [  0.00389134   0.50598127   0.50698537   0.00618157]
 [  0.00555655   0.50007749   0.50455332   0.00973607]
 [  0.00853277   0.50470543   0.38683525  -0.10609462]
 [ -0.0024237    0.10884926   0.03994028   0.00471101]
 [  0.           0.           0.           0.        ]
 [  0.           0.           0.           0.        ]
 [  0.           0.           0.           0.        ]
 [  0.           0.           0.           0.        ]
 [  0.           0.           0.           0.        ]
 [  0.           0.           0.           0.        ]
 [  0.           0.           0.           0.        ]
 [  0.0044069    0.5097478    0.50410092   0.00400698]
 [  0.0025998    0.50494981   0.50629908   0.00774772]
 [  0.00993183   0.16110951   0.1737645   -0.07971626]
 [ -0.06282565   0.50018305   0.50985128   0.00214255]
 [  0.           0.           0.           0.        ]
 [  0.           0.           0.           0.        ]
 [  0.           0.           0.           0.        ]
 [  0.           0.           0.           0.        ]
 [  0.           0.           0.           0.        ]
 [  0.           0.           0.           0.        ]
 [  0.           0.           0.           0.        ]
 [  0.           0.           0.           0.        ]
 [  0.           0.           0.           0.        ]
 [  0.           0.           0.           0.        ]
 [  0.           0.           0.           0.        ]
 [  0.           0.           0.           0.        ]
 [  0.           0.           0.           0.        ]
 [  0.           0.           0.           0.        ]
 [  0.           0.           0.           0.        ]
 [  0.           0.           0.           0.        ]
 [  0.           0.           0.           0.        ]
 [  0.           0.           0.           0.        ]
 [  0.           0.           0.           0.        ]
 [  0.           0.           0.           0.        ]
 [  0.           0.           0.           0.        ]
 [  0.           0.           0.           0.        ]
 [  0.           0.           0.           0.        ]
 [  0.           0.           0.           0.        ]
 [  0.           0.           0.           0.        ]
 [  0.           0.           0.           0.        ]
 [  0.           0.           0.           0.        ]
 [  0.           0.           0.           0.        ]
 [  0.           0.           0.           0.        ]
 [  0.           0.           0.           0.        ]
 [  0.           0.           0.           0.        ]
 [  0.           0.           0.           0.        ]
 [  0.           0.           0.           0.        ]
 [  0.           0.           0.           0.        ]
 [  0.           0.           0.           0.        ]
 [  0.           0.           0.           0.        ]
 [  0.           0.           0.           0.        ]
 [  0.           0.           0.           0.        ]
 [  0.           0.           0.           0.        ]
 [  0.           0.           0.           0.        ]
 [  0.           0.           0.           0.        ]
 [  0.           0.           0.           0.        ]]
Training  | Episode: 110000/1000000  | Episode Reward: -55.3889 | Epsilon: 0.7596 | Goal reached: 0
Training  | Episode: 120000/1000000  | Episode Reward: -57.2222 | Epsilon: 0.7408 | Goal reached: 0
Training  | Episode: 130000/1000000  | Episode Reward: -94.3333 | Epsilon: 0.7225 | Goal reached: 0
Training  | Episode: 140000/1000000  | Episode Reward: -78.1667 | Epsilon: 0.7047 | Goal reached: 0
Training  | Episode: 150000/1000000  | Episode Reward: -47.2222 | Epsilon: 0.6873 | Goal reached: 0
Training  | Episode: 160000/1000000  | Episode Reward: -108.1667 | Epsilon: 0.6703 | Goal reached: 0
Training  | Episode: 170000/1000000  | Episode Reward: -114.2778 | Epsilon: 0.6538 | Goal reached: 0
Training  | Episode: 180000/1000000  | Episode Reward: -66.7778 | Epsilon: 0.6376 | Goal reached: 0
Training  | Episode: 190000/1000000  | Episode Reward: -49.8889 | Epsilon: 0.6219 | Goal reached: 0
Training  | Episode: 200000/1000000  | Episode Reward: -57.2222 | Epsilon: 0.6065 | Goal reached: 0
[[-50.0581665  -45.76570892 -47.07686996 -48.55992889]
 [-46.27286148 -43.76942062 -43.03354263 -44.09135437]
 [-45.59913635 -41.06578064 -40.69054031 -42.57577515]
 [-42.22916794 -39.97731781 -37.69371414 -40.62900925]
 [-39.03834915 -36.64638519 -34.29567719 -36.46024704]
 [-32.77304077 -32.89068222 -31.43634987 -35.85729218]
 [  0.           0.           0.           0.        ]
 [  0.           0.           0.           0.        ]
 [  0.           0.           0.           0.        ]
 [  0.           0.           0.           0.        ]
 [  0.           0.           0.           0.        ]
 [  0.           0.           0.           0.        ]
 [  0.           0.           0.           0.        ]
 [  0.           0.           0.           0.        ]
 [  0.           0.           0.           0.        ]
 [-33.28805161 -28.09517097 -26.84884834 -28.09905434]
 [-19.07102776 -18.87837982 -19.31534958 -23.42615509]
 [  0.           0.           0.           0.        ]
 [  0.           0.           0.           0.        ]
 [  0.           0.           0.           0.        ]
 [  0.           0.           0.           0.        ]
 [  0.           0.           0.           0.        ]
 [  0.           0.           0.           0.        ]
 [  0.           0.           0.           0.        ]
 [  0.           0.           0.           0.        ]
 [  0.           0.           0.           0.        ]
 [ -6.44580984  -6.22597361  -5.48531914  -9.24570179]
 [  0.           0.           0.           0.        ]
 [  0.           0.           0.           0.        ]
 [  0.           0.           0.           0.        ]
 [  0.           0.           0.           0.        ]
 [  0.           0.           0.           0.        ]
 [  0.           0.           0.           0.        ]
 [  0.           0.           0.           0.        ]
 [  0.           0.           0.           0.        ]
 [ -0.60137624  -0.39147344  -0.7030406   -1.18836713]
 [ -1.20764208  -0.47807992  -0.57072651  -1.86876655]
 [  0.           0.           0.           0.        ]
 [  0.           0.           0.           0.        ]
 [  0.           0.           0.           0.        ]
 [  0.           0.           0.           0.        ]
 [  0.           0.           0.           0.        ]
 [  0.           0.           0.           0.        ]
 [  0.00389134   0.50598127   0.50698537   0.00618157]
 [  0.00555655   0.50007749  -0.1075505    0.00973607]
 [  0.00853277   0.28550026   0.28814548  -0.11214269]
 [ -0.20543826  -0.63323611  -0.44235888  -0.47620383]
 [  0.           0.           0.           0.        ]
 [  0.           0.           0.           0.        ]
 [  0.           0.           0.           0.        ]
 [  0.           0.           0.           0.        ]
 [  0.           0.           0.           0.        ]
 [  0.           0.           0.           0.        ]
 [  0.           0.           0.           0.        ]
 [  0.00228961   0.5097478    0.50410092   0.00181713]
 [ -0.37724644   0.50494981   0.42730838  -0.16160376]
 [  0.00993183   0.15808752  -0.47587329  -0.15792173]
 [ -0.06282565   0.50018305   0.50985128   0.00214255]
 [  0.           0.           0.           0.        ]
 [  0.           0.           0.           0.        ]
 [  0.           0.           0.           0.        ]
 [  0.           0.           0.           0.        ]
 [  0.           0.           0.           0.        ]
 [  0.           0.           0.           0.        ]
 [  0.0015262    0.50286067   0.50194496   0.00747817]
 [  0.           0.           0.           0.        ]
 [  0.           0.           0.           0.        ]
 [  0.           0.           0.           0.        ]
 [  0.           0.           0.           0.        ]
 [  0.           0.           0.           0.        ]
 [  0.           0.           0.           0.        ]
 [  0.           0.           0.           0.        ]
 [  0.           0.           0.           0.        ]
 [  0.           0.           0.           0.        ]
 [  0.           0.           0.           0.        ]
 [  0.           0.           0.           0.        ]
 [  0.           0.           0.           0.        ]
 [  0.           0.           0.           0.        ]
 [  0.           0.           0.           0.        ]
 [  0.           0.           0.           0.        ]
 [  0.           0.           0.           0.        ]
 [  0.           0.           0.           0.        ]
 [  0.           0.           0.           0.        ]
 [  0.           0.           0.           0.        ]
 [  0.           0.           0.           0.        ]
 [  0.           0.           0.           0.        ]
 [  0.           0.           0.           0.        ]
 [  0.           0.           0.           0.        ]
 [  0.           0.           0.           0.        ]
 [  0.           0.           0.           0.        ]
 [  0.           0.           0.           0.        ]
 [  0.           0.           0.           0.        ]
 [  0.           0.           0.           0.        ]
 [  0.           0.           0.           0.        ]
 [  0.           0.           0.           0.        ]
 [  0.           0.           0.           0.        ]
 [  0.           0.           0.           0.        ]
 [  0.           0.           0.           0.        ]
 [  0.           0.           0.           0.        ]
 [  0.           0.           0.           0.        ]]
Training  | Episode: 210000/1000000  | Episode Reward: -47.2222 | Epsilon: 0.5916 | Goal reached: 0
Training  | Episode: 220000/1000000  | Episode Reward: -77.2222 | Epsilon: 0.5769 | Goal reached: 0
Training  | Episode: 230000/1000000  | Episode Reward: -105.1667 | Epsilon: 0.5627 | Goal reached: 0
Training  | Episode: 240000/1000000  | Episode Reward: -54.8333 | Epsilon: 0.5488 | Goal reached: 0
Training  | Episode: 250000/1000000  | Episode Reward: -47.2222 | Epsilon: 0.5353 | Goal reached: 0
Training  | Episode: 260000/1000000  | Episode Reward: -65.3889 | Epsilon: 0.5220 | Goal reached: 0
Training  | Episode: 270000/1000000  | Episode Reward: -55.3889 | Epsilon: 0.5092 | Goal reached: 0
Training  | Episode: 280000/1000000  | Episode Reward: -64.6111 | Epsilon: 0.4966 | Goal reached: 0
Training  | Episode: 290000/1000000  | Episode Reward: -69.7222 | Epsilon: 0.4843 | Goal reached: 0
Training  | Episode: 300000/1000000  | Episode Reward: -47.2222 | Epsilon: 0.4724 | Goal reached: 0
[[-50.49819946 -47.08618546 -46.29594421 -47.78697968]
 [-46.22018433 -43.4057312  -44.16616058 -44.4461937 ]
 [-44.61742783 -41.22544479 -40.0717659  -42.58271408]
 [-42.24072647 -39.15994263 -37.94826889 -40.97107315]
 [-38.96508408 -36.73112488 -35.52923203 -37.01654053]
 [-35.57423782 -33.16199875 -32.20785522 -36.2698555 ]
 [  0.           0.           0.           0.        ]
 [  0.           0.           0.           0.        ]
 [  0.           0.           0.           0.        ]
 [  0.           0.           0.           0.        ]
 [  0.           0.           0.           0.        ]
 [  0.           0.           0.           0.        ]
 [  0.           0.           0.           0.        ]
 [  0.           0.           0.           0.        ]
 [  0.           0.           0.           0.        ]
 [-34.39645767 -29.48862267 -30.34663582 -30.91218376]
 [-23.83470154 -23.0430336  -23.54800987 -27.74703979]
 [  0.           0.           0.           0.        ]
 [  0.           0.           0.           0.        ]
 [  0.           0.           0.           0.        ]
 [  0.           0.           0.           0.        ]
 [  0.           0.           0.           0.        ]
 [  0.           0.           0.           0.        ]
 [  0.           0.           0.           0.        ]
 [  0.           0.           0.           0.        ]
 [  0.           0.           0.           0.        ]
 [-10.47903156 -11.109519   -11.52639771 -14.56005859]
 [  0.           0.           0.           0.        ]
 [  0.           0.           0.           0.        ]
 [  0.           0.           0.           0.        ]
 [  0.           0.           0.           0.        ]
 [  0.           0.           0.           0.        ]
 [  0.           0.           0.           0.        ]
 [  0.           0.           0.           0.        ]
 [  0.           0.           0.           0.        ]
 [ -0.68150204  -1.15339744  -1.38642275  -1.76661253]
 [ -1.18397856  -1.31224775  -1.715626    -2.85445809]
 [  0.           0.           0.           0.        ]
 [  0.           0.           0.           0.        ]
 [  0.           0.           0.           0.        ]
 [  0.           0.           0.           0.        ]
 [  0.           0.           0.           0.        ]
 [  0.           0.           0.           0.        ]
 [  0.00389134   0.50598127  -0.04968709   0.00618157]
 [ -0.59656733   0.3992514   -0.1075505    0.00642679]
 [ -0.1112984    0.15720055   0.14088172  -0.22956035]
 [ -0.6125614   -0.62848824  -0.61846834  -0.83637708]
 [  0.           0.           0.           0.        ]
 [  0.           0.           0.           0.        ]
 [  0.           0.           0.           0.        ]
 [  0.           0.           0.           0.        ]
 [  0.           0.           0.           0.        ]
 [  0.           0.           0.           0.        ]
 [  0.           0.           0.           0.        ]
 [  0.00228961   0.5097478    0.50410092   0.00181713]
 [ -0.37724644   0.47654673   0.42730838  -0.16160376]
 [ -0.42660737  -0.16923094  -0.56631839  -0.15242667]
 [ -0.06282565   0.50018305   0.23097593   0.00214255]
 [  0.           0.           0.           0.        ]
 [  0.           0.           0.           0.        ]
 [  0.           0.           0.           0.        ]
 [  0.           0.           0.           0.        ]
 [  0.           0.           0.           0.        ]
 [  0.           0.           0.           0.        ]
 [  0.0015262    0.50286067   0.50194496   0.00747817]
 [  0.           0.           0.           0.        ]
 [  0.           0.           0.           0.        ]
 [  0.           0.           0.           0.        ]
 [  0.           0.           0.           0.        ]
 [  0.           0.           0.           0.        ]
 [  0.           0.           0.           0.        ]
 [  0.           0.           0.           0.        ]
 [  0.           0.           0.           0.        ]
 [  0.           0.           0.           0.        ]
 [  0.           0.           0.           0.        ]
 [  0.           0.           0.           0.        ]
 [  0.           0.           0.           0.        ]
 [  0.           0.           0.           0.        ]
 [  0.           0.           0.           0.        ]
 [  0.           0.           0.           0.        ]
 [  0.           0.           0.           0.        ]
 [  0.           0.           0.           0.        ]
 [  0.           0.           0.           0.        ]
 [  0.           0.           0.           0.        ]
 [  0.           0.           0.           0.        ]
 [  0.           0.           0.           0.        ]
 [  0.           0.           0.           0.        ]
 [  0.           0.           0.           0.        ]
 [  0.           0.           0.           0.        ]
 [  0.           0.           0.           0.        ]
 [  0.           0.           0.           0.        ]
 [  0.           0.           0.           0.        ]
 [  0.           0.           0.           0.        ]
 [  0.           0.           0.           0.        ]
 [  0.           0.           0.           0.        ]
 [  0.           0.           0.           0.        ]
 [  0.           0.           0.           0.        ]
 [  0.           0.           0.           0.        ]
 [  0.           0.           0.           0.        ]
 [  0.           0.           0.           0.        ]]
Training  | Episode: 310000/1000000  | Episode Reward: -45.3889 | Epsilon: 0.4607 | Goal reached: 0
Training  | Episode: 320000/1000000  | Episode Reward: -47.2222 | Epsilon: 0.4493 | Goal reached: 0
Training  | Episode: 330000/1000000  | Episode Reward: -54.8333 | Epsilon: 0.4382 | Goal reached: 0
Training  | Episode: 340000/1000000  | Episode Reward: -57.2222 | Epsilon: 0.4274 | Goal reached: 0
Training  | Episode: 350000/1000000  | Episode Reward: -67.2222 | Epsilon: 0.4169 | Goal reached: 0
Training  | Episode: 360000/1000000  | Episode Reward: -90.7222 | Epsilon: 0.4066 | Goal reached: 0
Training  | Episode: 370000/1000000  | Episode Reward: -73.5000 | Epsilon: 0.3965 | Goal reached: 0
Training  | Episode: 380000/1000000  | Episode Reward: -65.3889 | Epsilon: 0.3867 | Goal reached: 0
Training  | Episode: 390000/1000000  | Episode Reward: -47.2222 | Epsilon: 0.3772 | Goal reached: 0
Training  | Episode: 400000/1000000  | Episode Reward: -57.2222 | Epsilon: 0.3679 | Goal reached: 0
[[-49.97737885 -47.45320892 -46.1710701  -47.39108658]
 [-46.53958893 -42.61973953 -43.47496033 -44.21447372]
 [-45.21770477 -41.41070557 -40.51324463 -42.57878876]
 [-42.16899109 -39.25490189 -37.6158905  -40.18371582]
 [-39.37940598 -36.15948868 -36.21103287 -37.35224533]
 [-33.87207794 -33.80284119 -31.93874359 -36.14603806]
 [  0.           0.           0.           0.        ]
 [  0.           0.           0.           0.        ]
 [  0.           0.           0.           0.        ]
 [  0.           0.           0.           0.        ]
 [  0.           0.           0.           0.        ]
 [  0.           0.           0.           0.        ]
 [  0.           0.           0.           0.        ]
 [  0.           0.           0.           0.        ]
 [  0.           0.           0.           0.        ]
 [-33.83390045 -29.89352036 -29.12387848 -31.76056671]
 [-26.17234802 -23.59849167 -24.69181252 -29.42438698]
 [  0.           0.           0.           0.        ]
 [  0.           0.           0.           0.        ]
 [  0.           0.           0.           0.        ]
 [  0.           0.           0.           0.        ]
 [  0.           0.           0.           0.        ]
 [  0.           0.           0.           0.        ]
 [  0.           0.           0.           0.        ]
 [  0.           0.           0.           0.        ]
 [  0.           0.           0.           0.        ]
 [-15.70606995 -13.5107069  -15.06481457 -17.06331635]
 [  0.           0.           0.           0.        ]
 [  0.           0.           0.           0.        ]
 [  0.           0.           0.           0.        ]
 [  0.           0.           0.           0.        ]
 [  0.           0.           0.           0.        ]
 [  0.           0.           0.           0.        ]
 [  0.           0.           0.           0.        ]
 [  0.           0.           0.           0.        ]
 [ -1.8463645   -1.45726728  -1.51007521  -2.33329296]
 [ -3.23252153  -2.9507544   -2.9119215   -3.8416059 ]
 [  0.           0.           0.           0.        ]
 [  0.           0.           0.           0.        ]
 [  0.           0.           0.           0.        ]
 [  0.           0.           0.           0.        ]
 [  0.           0.           0.           0.        ]
 [  0.           0.           0.           0.        ]
 [  0.00389134   0.50598127  -0.04968709   0.00618157]
 [ -0.59656733   0.3992514   -0.1075505   -0.09087214]
 [ -0.11299702  -0.07693663  -0.06420064  -0.22956035]
 [ -1.10794115  -1.35376334  -1.06609809  -1.46111739]
 [  0.           0.           0.           0.        ]
 [  0.           0.           0.           0.        ]
 [  0.           0.           0.           0.        ]
 [  0.           0.           0.           0.        ]
 [  0.           0.           0.           0.        ]
 [  0.           0.           0.           0.        ]
 [  0.           0.           0.           0.        ]
 [  0.00240642   0.5097478    0.50410092   0.00181713]
 [ -0.37724644   0.38735628   0.42730838  -0.16160376]
 [ -0.74223197  -0.48755682  -0.96138966  -0.24552149]
 [ -0.06282565   0.32101092   0.23097593   0.00214255]
 [  0.           0.           0.           0.        ]
 [  0.           0.           0.           0.        ]
 [  0.           0.           0.           0.        ]
 [  0.           0.           0.           0.        ]
 [  0.           0.           0.           0.        ]
 [  0.           0.           0.           0.        ]
 [  0.0015262    0.50286067   0.11211178   0.00747817]
 [  0.           0.           0.           0.        ]
 [  0.           0.           0.           0.        ]
 [  0.           0.           0.           0.        ]
 [  0.           0.           0.           0.        ]
 [  0.           0.           0.           0.        ]
 [  0.           0.           0.           0.        ]
 [  0.           0.           0.           0.        ]
 [  0.           0.           0.           0.        ]
 [  0.           0.           0.           0.        ]
 [  0.           0.           0.           0.        ]
 [  0.           0.           0.           0.        ]
 [  0.           0.           0.           0.        ]
 [  0.           0.           0.           0.        ]
 [  0.           0.           0.           0.        ]
 [  0.           0.           0.           0.        ]
 [  0.           0.           0.           0.        ]
 [  0.           0.           0.           0.        ]
 [  0.           0.           0.           0.        ]
 [  0.           0.           0.           0.        ]
 [  0.           0.           0.           0.        ]
 [  0.           0.           0.           0.        ]
 [  0.           0.           0.           0.        ]
 [  0.           0.           0.           0.        ]
 [  0.           0.           0.           0.        ]
 [  0.           0.           0.           0.        ]
 [  0.           0.           0.           0.        ]
 [  0.           0.           0.           0.        ]
 [  0.           0.           0.           0.        ]
 [  0.           0.           0.           0.        ]
 [  0.           0.           0.           0.        ]
 [  0.           0.           0.           0.        ]
 [  0.           0.           0.           0.        ]
 [  0.           0.           0.           0.        ]
 [  0.           0.           0.           0.        ]
 [  0.           0.           0.           0.        ]]
Training  | Episode: 410000/1000000  | Episode Reward: -47.2222 | Epsilon: 0.3588 | Goal reached: 0
Training  | Episode: 420000/1000000  | Episode Reward: -81.2778 | Epsilon: 0.3499 | Goal reached: 0
Training  | Episode: 430000/1000000  | Episode Reward: -47.2222 | Epsilon: 0.3413 | Goal reached: 0
Training  | Episode: 440000/1000000  | Episode Reward: -57.2222 | Epsilon: 0.3329 | Goal reached: 0
Training  | Episode: 450000/1000000  | Episode Reward: -53.5000 | Epsilon: 0.3247 | Goal reached: 0
Training  | Episode: 460000/1000000  | Episode Reward: -47.2222 | Epsilon: 0.3166 | Goal reached: 0
Training  | Episode: 470000/1000000  | Episode Reward: -77.2222 | Epsilon: 0.3088 | Goal reached: 0
Training  | Episode: 480000/1000000  | Episode Reward: -47.2222 | Epsilon: 0.3012 | Goal reached: 0
Training  | Episode: 490000/1000000  | Episode Reward: -47.2222 | Epsilon: 0.2938 | Goal reached: 0
Training  | Episode: 500000/1000000  | Episode Reward: -43.5000 | Epsilon: 0.2865 | Goal reached: 0
[[-50.06727982 -46.84232712 -47.85230637 -47.92438507]
 [-46.43546677 -43.49313736 -43.34280777 -45.14390182]
 [-45.24950027 -41.99113846 -40.52231979 -42.97367096]
 [-41.91562653 -39.03931808 -38.59814835 -40.61361694]
 [-39.41621017 -36.08491135 -35.75565338 -37.71186829]
 [-34.50508118 -33.38452911 -32.59181595 -36.68750381]
 [  0.           0.           0.           0.        ]
 [  0.           0.           0.           0.        ]
 [  0.           0.           0.           0.        ]
 [  0.           0.           0.           0.        ]
 [  0.           0.           0.           0.        ]
 [  0.           0.           0.           0.        ]
 [  0.           0.           0.           0.        ]
 [  0.           0.           0.           0.        ]
 [  0.           0.           0.           0.        ]
 [-33.6867485  -29.86694527 -29.16519356 -31.07383347]
 [-27.33253479 -25.98945618 -25.61388969 -30.28563309]
 [  0.           0.           0.           0.        ]
 [  0.           0.           0.           0.        ]
 [  0.           0.           0.           0.        ]
 [  0.           0.           0.           0.        ]
 [  0.           0.           0.           0.        ]
 [  0.           0.           0.           0.        ]
 [  0.           0.           0.           0.        ]
 [  0.           0.           0.           0.        ]
 [  0.           0.           0.           0.        ]
 [-18.45125771 -18.28145409 -18.07403183 -20.17470169]
 [  0.           0.           0.           0.        ]
 [  0.           0.           0.           0.        ]
 [  0.           0.           0.           0.        ]
 [  0.           0.           0.           0.        ]
 [  0.           0.           0.           0.        ]
 [  0.           0.           0.           0.        ]
 [  0.           0.           0.           0.        ]
 [  0.           0.           0.           0.        ]
 [ -2.92919898  -2.84067106  -2.99816513  -2.8885715 ]
 [ -4.72668648  -4.54921341  -4.81723738  -4.7913866 ]
 [  0.           0.           0.           0.        ]
 [  0.           0.           0.           0.        ]
 [  0.           0.           0.           0.        ]
 [  0.           0.           0.           0.        ]
 [  0.           0.           0.           0.        ]
 [  0.           0.           0.           0.        ]
 [  0.00389134  -0.05067116  -0.04968709   0.00618157]
 [ -0.59656733   0.13654014  -0.1075505   -0.09087214]
 [ -0.20205359  -0.22470804  -0.22747749  -0.37790352]
 [ -1.37127078  -1.28155088  -1.7757206   -1.81161225]
 [  0.           0.           0.           0.        ]
 [  0.           0.           0.           0.        ]
 [  0.           0.           0.           0.        ]
 [  0.           0.           0.           0.        ]
 [  0.           0.           0.           0.        ]
 [  0.           0.           0.           0.        ]
 [  0.           0.           0.           0.        ]
 [  0.00240642   0.40462741   0.36715803  -0.544752  ]
 [ -0.4718146   -0.08234674   0.10454165  -0.16160376]
 [ -0.74223197  -0.80196238  -0.96138966  -0.24375324]
 [ -0.06282565   0.32101092   0.23097593   0.00214255]
 [  0.           0.           0.           0.        ]
 [  0.           0.           0.           0.        ]
 [  0.           0.           0.           0.        ]
 [  0.           0.           0.           0.        ]
 [  0.           0.           0.           0.        ]
 [  0.           0.           0.           0.        ]
 [  0.0015262    0.00186491   0.11211178  -0.37246567]
 [  0.           0.           0.           0.        ]
 [  0.           0.           0.           0.        ]
 [  0.           0.           0.           0.        ]
 [  0.           0.           0.           0.        ]
 [  0.           0.           0.           0.        ]
 [  0.           0.           0.           0.        ]
 [  0.           0.           0.           0.        ]
 [  0.           0.           0.           0.        ]
 [  0.           0.           0.           0.        ]
 [  0.00671607   0.50097978   0.50600332   0.00502923]
 [  0.00813231   0.50169128   0.5064677    0.00716645]
 [  0.           0.           0.           0.        ]
 [  0.           0.           0.           0.        ]
 [  0.           0.           0.           0.        ]
 [  0.           0.           0.           0.        ]
 [  0.           0.           0.           0.        ]
 [  0.           0.           0.           0.        ]
 [  0.           0.           0.           0.        ]
 [  0.           0.           0.           0.        ]
 [  0.           0.           0.           0.        ]
 [  0.00298345   0.50509059   0.50047266   0.00943105]
 [  0.           0.           0.           0.        ]
 [  0.           0.           0.           0.        ]
 [  0.           0.           0.           0.        ]
 [  0.           0.           0.           0.        ]
 [  0.           0.           0.           0.        ]
 [  0.           0.           0.           0.        ]
 [  0.           0.           0.           0.        ]
 [  0.           0.           0.           0.        ]
 [  0.           0.           0.           0.        ]
 [  0.0024743    0.50019294   0.50010937   0.00755712]
 [  0.00570124   0.50758988   0.50365001   0.00270834]
 [  0.00004621   0.50350291   0.50540751   0.00936008]
 [  0.           0.           0.           0.        ]
 [  0.           0.           0.           0.        ]]
Training  | Episode: 510000/1000000  | Episode Reward: -63.5000 | Epsilon: 0.2794 | Goal reached: 0
Training  | Episode: 520000/1000000  | Episode Reward: -47.2222 | Epsilon: 0.2725 | Goal reached: 0
Training  | Episode: 530000/1000000  | Episode Reward: -87.2222 | Epsilon: 0.2658 | Goal reached: 0
Training  | Episode: 540000/1000000  | Episode Reward: -74.8333 | Epsilon: 0.2592 | Goal reached: 0
Training  | Episode: 550000/1000000  | Episode Reward: -55.3889 | Epsilon: 0.2528 | Goal reached: 0
Training  | Episode: 560000/1000000  | Episode Reward: -47.2222 | Epsilon: 0.2466 | Goal reached: 0
Training  | Episode: 570000/1000000  | Episode Reward: -45.3889 | Epsilon: 0.2405 | Goal reached: 0
Training  | Episode: 580000/1000000  | Episode Reward: -57.2222 | Epsilon: 0.2346 | Goal reached: 0
Training  | Episode: 590000/1000000  | Episode Reward: -57.2222 | Epsilon: 0.2288 | Goal reached: 0
Training  | Episode: 600000/1000000  | Episode Reward: -52.3889 | Epsilon: 0.2231 | Goal reached: 0
[[-49.61489105 -47.66230011 -45.1505661  -48.22982407]
 [-46.07827377 -41.60525513 -43.67564392 -44.33915329]
 [-44.28849792 -42.31303406 -40.13114166 -41.26607513]
 [-41.82491302 -38.65338135 -37.23674011 -39.76383591]
 [-39.19290543 -35.92247009 -34.63988495 -36.89135742]
 [-34.43600464 -33.32584381 -32.43540955 -36.26397705]
 [  0.           0.           0.           0.        ]
 [  0.           0.           0.           0.        ]
 [  0.           0.           0.           0.        ]
 [  0.           0.           0.           0.        ]
 [  0.           0.           0.           0.        ]
 [  0.           0.           0.           0.        ]
 [  0.           0.           0.           0.        ]
 [  0.           0.           0.           0.        ]
 [  0.           0.           0.           0.        ]
 [-33.57941818 -30.21042633 -30.51839066 -31.28563499]
 [-27.62477112 -24.64708138 -26.43308067 -30.94096375]
 [  0.           0.           0.           0.        ]
 [  0.           0.           0.           0.        ]
 [  0.           0.           0.           0.        ]
 [  0.           0.           0.           0.        ]
 [  0.           0.           0.           0.        ]
 [  0.           0.           0.           0.        ]
 [  0.           0.           0.           0.        ]
 [  0.           0.           0.           0.        ]
 [  0.           0.           0.           0.        ]
 [-19.82638931 -20.68018341 -19.10067558 -21.7162323 ]
 [  0.           0.           0.           0.        ]
 [  0.           0.           0.           0.        ]
 [  0.           0.           0.           0.        ]
 [  0.           0.           0.           0.        ]
 [  0.           0.           0.           0.        ]
 [  0.           0.           0.           0.        ]
 [  0.           0.           0.           0.        ]
 [  0.           0.           0.           0.        ]
 [ -3.91998291  -4.03991508  -3.63577509  -4.09545612]
 [ -6.241292    -6.09102011  -6.37094116  -7.26347876]
 [  0.           0.           0.           0.        ]
 [  0.           0.           0.           0.        ]
 [  0.           0.           0.           0.        ]
 [  0.           0.           0.           0.        ]
 [  0.           0.           0.           0.        ]
 [  0.           0.           0.           0.        ]
 [  0.00389134  -0.05067116  -0.15313506   0.00618157]
 [ -0.59656733   0.02455764  -0.1075505   -0.09087214]
 [ -0.2296384   -0.22470804  -0.22747749  -0.5325852 ]
 [ -2.12026882  -2.04448056  -2.11992335  -1.98173428]
 [  0.           0.           0.           0.        ]
 [  0.           0.           0.           0.        ]
 [  0.           0.           0.           0.        ]
 [  0.           0.           0.           0.        ]
 [  0.           0.           0.           0.        ]
 [  0.           0.           0.           0.        ]
 [  0.           0.           0.           0.        ]
 [  0.00240642   0.38966399   0.36715803  -0.544752  ]
 [ -0.4718146   -0.08368585  -0.08333687  -0.16160376]
 [ -0.74223197  -1.11007988  -0.96138966  -0.42887887]
 [ -0.06282565   0.04590508  -0.04232192   0.00214255]
 [  0.           0.           0.           0.        ]
 [  0.           0.           0.           0.        ]
 [  0.           0.           0.           0.        ]
 [  0.           0.           0.           0.        ]
 [  0.           0.           0.           0.        ]
 [  0.           0.           0.           0.        ]
 [  0.0015262    0.00186491   0.11211178  -0.37246567]
 [  0.           0.           0.           0.        ]
 [  0.           0.           0.           0.        ]
 [  0.           0.           0.           0.        ]
 [  0.           0.           0.           0.        ]
 [  0.           0.           0.           0.        ]
 [  0.           0.           0.           0.        ]
 [  0.           0.           0.           0.        ]
 [  0.           0.           0.           0.        ]
 [  0.           0.           0.           0.        ]
 [  0.00671607   0.50097978   0.50600332   0.00502923]
 [  0.00813231   0.50169128   0.5064677    0.00716645]
 [  0.           0.           0.           0.        ]
 [  0.           0.           0.           0.        ]
 [  0.           0.           0.           0.        ]
 [  0.           0.           0.           0.        ]
 [  0.           0.           0.           0.        ]
 [  0.           0.           0.           0.        ]
 [  0.           0.           0.           0.        ]
 [  0.           0.           0.           0.        ]
 [  0.           0.           0.           0.        ]
 [  0.00298345   0.50509059   0.50047266   0.00943105]
 [  0.           0.           0.           0.        ]
 [  0.           0.           0.           0.        ]
 [  0.           0.           0.           0.        ]
 [  0.           0.           0.           0.        ]
 [  0.           0.           0.           0.        ]
 [  0.           0.           0.           0.        ]
 [  0.           0.           0.           0.        ]
 [  0.           0.           0.           0.        ]
 [  0.           0.           0.           0.        ]
 [  0.0024743    0.50019294   0.50010937   0.00755712]
 [  0.00570124   0.50758988   0.50365001   0.00270834]
 [  0.00004621   0.50350291   0.50540751   0.00936008]
 [  0.           0.           0.           0.        ]
 [  0.           0.           0.           0.        ]]
Training  | Episode: 610000/1000000  | Episode Reward: -43.5000 | Epsilon: 0.2176 | Goal reached: 0
Training  | Episode: 620000/1000000  | Episode Reward: -55.3889 | Epsilon: 0.2122 | Goal reached: 0
Training  | Episode: 630000/1000000  | Episode Reward: -57.2222 | Epsilon: 0.2070 | Goal reached: 0
Training  | Episode: 640000/1000000  | Episode Reward: -57.2222 | Epsilon: 0.2019 | Goal reached: 0
Training  | Episode: 650000/1000000  | Episode Reward: -50.6667 | Epsilon: 0.1969 | Goal reached: 0
Training  | Episode: 660000/1000000  | Episode Reward: -47.2222 | Epsilon: 0.1920 | Goal reached: 0
Training  | Episode: 670000/1000000  | Episode Reward: -47.2222 | Epsilon: 0.1873 | Goal reached: 0
Training  | Episode: 680000/1000000  | Episode Reward: -45.3889 | Epsilon: 0.1827 | Goal reached: 0
Training  | Episode: 690000/1000000  | Episode Reward: -47.2222 | Epsilon: 0.1782 | Goal reached: 0
Training  | Episode: 700000/1000000  | Episode Reward: -47.2222 | Epsilon: 0.1738 | Goal reached: 0
[[-50.25614929 -45.49986267 -47.13483429 -48.10803223]
 [-46.15154648 -42.37939072 -43.26233673 -43.703228  ]
 [-45.05610275 -42.20421219 -40.55947495 -43.42914963]
 [-41.67164612 -38.42988968 -37.11832809 -40.23827362]
 [-39.09732437 -37.09238815 -34.50602722 -37.73940277]
 [-34.60891342 -34.02552414 -32.43795776 -36.1423645 ]
 [  0.           0.           0.           0.        ]
 [  0.           0.           0.           0.        ]
 [  0.           0.           0.           0.        ]
 [  0.           0.           0.           0.        ]
 [  0.           0.           0.           0.        ]
 [  0.           0.           0.           0.        ]
 [  0.           0.           0.           0.        ]
 [  0.           0.           0.           0.        ]
 [  0.           0.           0.           0.        ]
 [-33.64989471 -30.69108963 -31.3686676  -32.2669487 ]
 [-28.35414696 -27.65315247 -27.07198906 -31.02310371]
 [  0.           0.           0.           0.        ]
 [  0.           0.           0.           0.        ]
 [  0.           0.           0.           0.        ]
 [  0.           0.           0.           0.        ]
 [  0.           0.           0.           0.        ]
 [  0.           0.           0.           0.        ]
 [  0.           0.           0.           0.        ]
 [  0.           0.           0.           0.        ]
 [  0.           0.           0.           0.        ]
 [-20.74759483 -21.10787964 -21.14256287 -23.04415894]
 [  0.           0.           0.           0.        ]
 [  0.           0.           0.           0.        ]
 [  0.           0.           0.           0.        ]
 [  0.           0.           0.           0.        ]
 [  0.           0.           0.           0.        ]
 [  0.           0.           0.           0.        ]
 [  0.           0.           0.           0.        ]
 [  0.           0.           0.           0.        ]
 [ -6.33465385  -6.09190416  -6.08453369  -5.6247015 ]
 [ -7.14250565  -6.8170023   -7.33412409  -8.04617977]
 [  0.           0.           0.           0.        ]
 [  0.           0.           0.           0.        ]
 [  0.           0.           0.           0.        ]
 [  0.           0.           0.           0.        ]
 [  0.           0.           0.           0.        ]
 [  0.           0.           0.           0.        ]
 [ -0.65370584  -0.16107571  -0.26281917  -0.65146226]
 [ -0.59656733  -0.14168555  -0.1075505   -0.21417627]
 [ -0.41350517  -0.47205159  -0.44497126  -0.63782585]
 [ -2.79500508  -2.81071258  -2.95567179  -2.62478065]
 [  0.           0.           0.           0.        ]
 [  0.           0.           0.           0.        ]
 [  0.           0.           0.           0.        ]
 [  0.           0.           0.           0.        ]
 [  0.           0.           0.           0.        ]
 [  0.           0.           0.           0.        ]
 [  0.           0.           0.           0.        ]
 [  0.00240642  -0.16466206   0.24885362  -0.544752  ]
 [ -0.4718146   -0.08368585  -0.46146438  -0.16160376]
 [ -1.05154407  -1.11007988  -0.94800222  -0.55208033]
 [ -0.06282565   0.04590508  -0.04232192   0.00214255]
 [  0.           0.           0.           0.        ]
 [  0.           0.           0.           0.        ]
 [  0.           0.           0.           0.        ]
 [  0.           0.           0.           0.        ]
 [  0.           0.           0.           0.        ]
 [  0.           0.           0.           0.        ]
 [  0.0015262    0.00186491   0.11211178  -0.37246567]
 [  0.           0.           0.           0.        ]
 [  0.           0.           0.           0.        ]
 [  0.           0.           0.           0.        ]
 [  0.           0.           0.           0.        ]
 [  0.           0.           0.           0.        ]
 [  0.           0.           0.           0.        ]
 [  0.           0.           0.           0.        ]
 [  0.           0.           0.           0.        ]
 [  0.           0.           0.           0.        ]
 [  0.00671607   0.50097978   0.50600332   0.00502923]
 [  0.00813231   0.50169128   0.5064677    0.00716645]
 [  0.           0.           0.           0.        ]
 [  0.           0.           0.           0.        ]
 [  0.           0.           0.           0.        ]
 [  0.           0.           0.           0.        ]
 [  0.           0.           0.           0.        ]
 [  0.           0.           0.           0.        ]
 [  0.           0.           0.           0.        ]
 [  0.           0.           0.           0.        ]
 [  0.           0.           0.           0.        ]
 [  0.00298345   0.50509059   0.50047266   0.00943105]
 [  0.           0.           0.           0.        ]
 [  0.           0.           0.           0.        ]
 [  0.           0.           0.           0.        ]
 [  0.           0.           0.           0.        ]
 [  0.           0.           0.           0.        ]
 [  0.           0.           0.           0.        ]
 [  0.           0.           0.           0.        ]
 [  0.           0.           0.           0.        ]
 [  0.           0.           0.           0.        ]
 [  0.0024743    0.50019294   0.50010937   0.00755712]
 [  0.00570124   0.50758988   0.50365001   0.00270834]
 [  0.00004621   0.50350291   0.50540751   0.00936008]
 [  0.           0.           0.           0.        ]
 [  0.           0.           0.           0.        ]]
Training  | Episode: 710000/1000000  | Episode Reward: -55.3889 | Epsilon: 0.1695 | Goal reached: 0
Training  | Episode: 720000/1000000  | Episode Reward: -47.2222 | Epsilon: 0.1653 | Goal reached: 0
Training  | Episode: 730000/1000000  | Episode Reward: -75.3889 | Epsilon: 0.1612 | Goal reached: 0
Training  | Episode: 740000/1000000  | Episode Reward: -63.5000 | Epsilon: 0.1572 | Goal reached: 0
Training  | Episode: 750000/1000000  | Episode Reward: -55.3889 | Epsilon: 0.1534 | Goal reached: 0
Training  | Episode: 760000/1000000  | Episode Reward: -48.1667 | Epsilon: 0.1496 | Goal reached: 0
Training  | Episode: 770000/1000000  | Episode Reward: -64.8333 | Epsilon: 0.1459 | Goal reached: 0
Training  | Episode: 780000/1000000  | Episode Reward: -47.2222 | Epsilon: 0.1423 | Goal reached: 0
Training  | Episode: 790000/1000000  | Episode Reward: -69.8889 | Epsilon: 0.1388 | Goal reached: 0
Training  | Episode: 800000/1000000  | Episode Reward: -45.3889 | Epsilon: 0.1353 | Goal reached: 0
[[-50.00959015 -46.22824478 -46.97431564 -47.16503906]
 [-45.32442474 -42.2014389  -43.97109222 -44.39244461]
 [-44.74556351 -42.02055359 -40.56082916 -42.56709671]
 [-42.12524796 -38.7679863  -37.82663727 -40.69154739]
 [-39.24643326 -35.62126541 -35.56403351 -37.39456177]
 [-34.69654083 -33.55355453 -31.90581703 -35.64537811]
 [  0.           0.           0.           0.        ]
 [  0.           0.           0.           0.        ]
 [  0.           0.           0.           0.        ]
 [  0.           0.           0.           0.        ]
 [  0.           0.           0.           0.        ]
 [  0.           0.           0.           0.        ]
 [  0.           0.           0.           0.        ]
 [  0.           0.           0.           0.        ]
 [  0.           0.           0.           0.        ]
 [-33.78707123 -29.87690926 -30.99980545 -32.22956848]
 [-28.81427002 -27.48977661 -26.92050552 -31.20825958]
 [  0.           0.           0.           0.        ]
 [  0.           0.           0.           0.        ]
 [  0.           0.           0.           0.        ]
 [  0.           0.           0.           0.        ]
 [  0.           0.           0.           0.        ]
 [  0.           0.           0.           0.        ]
 [  0.           0.           0.           0.        ]
 [  0.           0.           0.           0.        ]
 [  0.           0.           0.           0.        ]
 [-21.34348679 -21.7604599  -19.88608932 -23.49607658]
 [  0.           0.           0.           0.        ]
 [  0.           0.           0.           0.        ]
 [  0.           0.           0.           0.        ]
 [  0.           0.           0.           0.        ]
 [  0.           0.           0.           0.        ]
 [  0.           0.           0.           0.        ]
 [  0.           0.           0.           0.        ]
 [  0.           0.           0.           0.        ]
 [ -7.12092829  -7.35001373  -7.27664042  -7.36950254]
 [ -8.51013851  -7.95122099  -8.55848789  -8.72277832]
 [  0.           0.           0.           0.        ]
 [  0.           0.           0.           0.        ]
 [  0.           0.           0.           0.        ]
 [  0.           0.           0.           0.        ]
 [  0.           0.           0.           0.        ]
 [  0.           0.           0.           0.        ]
 [ -0.65370584  -0.81537354  -0.91508311  -0.75287831]
 [ -1.18664873  -0.29427731  -0.2195043   -0.8119055 ]
 [ -0.95163202  -0.71018112  -0.79101634  -0.75548369]
 [ -3.48428345  -3.53496385  -3.60539293  -3.8949213 ]
 [  0.           0.           0.           0.        ]
 [  0.           0.           0.           0.        ]
 [  0.           0.           0.           0.        ]
 [  0.           0.           0.           0.        ]
 [  0.           0.           0.           0.        ]
 [  0.           0.           0.           0.        ]
 [  0.           0.           0.           0.        ]
 [  0.00240642  -0.17176406   0.13236235  -0.544752  ]
 [ -0.4718146   -0.54473925  -1.19518304  -0.37039495]
 [ -1.47209537  -1.37897635  -1.65253544  -1.39841878]
 [ -0.42444581  -0.32137507  -0.42119265  -0.26658592]
 [  0.           0.           0.           0.        ]
 [  0.           0.           0.           0.        ]
 [  0.           0.           0.           0.        ]
 [  0.           0.           0.           0.        ]
 [  0.           0.           0.           0.        ]
 [  0.           0.           0.           0.        ]
 [  0.0015262    0.00186491   0.11021569  -0.37246567]
 [  0.           0.           0.           0.        ]
 [  0.           0.           0.           0.        ]
 [  0.           0.           0.           0.        ]
 [  0.           0.           0.           0.        ]
 [  0.           0.           0.           0.        ]
 [  0.           0.           0.           0.        ]
 [  0.           0.           0.           0.        ]
 [  0.           0.           0.           0.        ]
 [  0.           0.           0.           0.        ]
 [  0.00671607   0.50097978   0.49833301   0.00502923]
 [  0.00813231   0.50169128   0.49987441   0.00716645]
 [  0.           0.           0.           0.        ]
 [  0.           0.           0.           0.        ]
 [  0.           0.           0.           0.        ]
 [  0.           0.           0.           0.        ]
 [  0.           0.           0.           0.        ]
 [  0.           0.           0.           0.        ]
 [  0.           0.           0.           0.        ]
 [  0.           0.           0.           0.        ]
 [  0.           0.           0.           0.        ]
 [  0.00298345   0.49954781   0.50047266   0.00943105]
 [  0.           0.           0.           0.        ]
 [  0.           0.           0.           0.        ]
 [  0.           0.           0.           0.        ]
 [  0.           0.           0.           0.        ]
 [  0.           0.           0.           0.        ]
 [  0.           0.           0.           0.        ]
 [  0.           0.           0.           0.        ]
 [  0.           0.           0.           0.        ]
 [  0.           0.           0.           0.        ]
 [  0.0024743    0.50019294   0.50010937   0.00755712]
 [  0.00570124   0.50758988   0.50365001   0.00270834]
 [  0.00004621   0.50350291   0.50540751   0.00936008]
 [  0.           0.           0.           0.        ]
 [  0.           0.           0.           0.        ]]
Training  | Episode: 810000/1000000  | Episode Reward: -41.5556 | Epsilon: 0.1320 | Goal reached: 0
Training  | Episode: 820000/1000000  | Episode Reward: -90.1667 | Epsilon: 0.1287 | Goal reached: 0
Training  | Episode: 830000/1000000  | Episode Reward: -43.5000 | Epsilon: 0.1256 | Goal reached: 0
Training  | Episode: 840000/1000000  | Episode Reward: -94.2778 | Epsilon: 0.1225 | Goal reached: 0
Training  | Episode: 850000/1000000  | Episode Reward: -47.2222 | Epsilon: 0.1194 | Goal reached: 0
Training  | Episode: 860000/1000000  | Episode Reward: -47.2222 | Epsilon: 0.1165 | Goal reached: 0
Training  | Episode: 870000/1000000  | Episode Reward: -67.2222 | Epsilon: 0.1136 | Goal reached: 0
Training  | Episode: 880000/1000000  | Episode Reward: -43.5000 | Epsilon: 0.1108 | Goal reached: 0
Training  | Episode: 890000/1000000  | Episode Reward: -55.3889 | Epsilon: 0.1081 | Goal reached: 0
Training  | Episode: 900000/1000000  | Episode Reward: -47.2222 | Epsilon: 0.1054 | Goal reached: 0
[[-50.39735031 -47.51102066 -46.8872261  -48.83498001]
 [-45.4310112  -42.72350693 -44.21577835 -44.90759659]
 [-44.82093811 -42.23236465 -40.48762131 -42.31222534]
 [-41.60657501 -39.35765839 -37.76242828 -40.16557312]
 [-39.0647049  -36.53921127 -35.04745865 -36.95239639]
 [-34.99036026 -33.64328003 -32.55186462 -36.33422852]
 [  0.           0.           0.           0.        ]
 [  0.           0.           0.           0.        ]
 [  0.           0.           0.           0.        ]
 [  0.           0.           0.           0.        ]
 [  0.           0.           0.           0.        ]
 [  0.           0.           0.           0.        ]
 [  0.           0.           0.           0.        ]
 [  0.           0.           0.           0.        ]
 [  0.           0.           0.           0.        ]
 [-34.24872971 -30.14621925 -31.31932259 -33.04022598]
 [-28.9070816  -27.78666496 -26.82283783 -31.07760239]
 [  0.           0.           0.           0.        ]
 [  0.           0.           0.           0.        ]
 [  0.           0.           0.           0.        ]
 [  0.           0.           0.           0.        ]
 [  0.           0.           0.           0.        ]
 [  0.           0.           0.           0.        ]
 [  0.           0.           0.           0.        ]
 [  0.           0.           0.           0.        ]
 [  0.           0.           0.           0.        ]
 [-21.60979462 -22.06992912 -21.64407539 -23.89764023]
 [  0.           0.           0.           0.        ]
 [  0.           0.           0.           0.        ]
 [  0.           0.           0.           0.        ]
 [  0.           0.           0.           0.        ]
 [  0.           0.           0.           0.        ]
 [  0.           0.           0.           0.        ]
 [  0.           0.           0.           0.        ]
 [  0.           0.           0.           0.        ]
 [ -7.98800516  -8.35341072  -8.03474998  -8.46066475]
 [ -9.82323551  -9.48577213  -9.74468422  -9.77885818]
 [  0.           0.           0.           0.        ]
 [  0.           0.           0.           0.        ]
 [  0.           0.           0.           0.        ]
 [  0.           0.           0.           0.        ]
 [  0.           0.           0.           0.        ]
 [  0.           0.           0.           0.        ]
 [ -1.18716455  -0.81537354  -0.91508311  -1.39534009]
 [ -1.18664873  -0.3123807   -0.81712699  -0.82144141]
 [ -1.0299809   -0.9823314   -1.06686366  -1.01482987]
 [ -3.43578911  -3.75758338  -3.74388337  -3.84377408]
 [  0.           0.           0.           0.        ]
 [  0.           0.           0.           0.        ]
 [  0.           0.           0.           0.        ]
 [  0.           0.           0.           0.        ]
 [  0.           0.           0.           0.        ]
 [  0.           0.           0.           0.        ]
 [  0.           0.           0.           0.        ]
 [  0.00240642  -0.17176406   0.01597458  -0.544752  ]
 [ -0.84068513  -0.63849849  -1.19518304  -0.59022069]
 [ -2.17315555  -1.67555356  -1.65253544  -1.64469683]
 [ -0.79567409  -0.58363318  -1.15635335  -0.46241125]
 [  0.           0.           0.           0.        ]
 [  0.           0.           0.           0.        ]
 [  0.           0.           0.           0.        ]
 [  0.           0.           0.           0.        ]
 [  0.           0.           0.           0.        ]
 [  0.           0.           0.           0.        ]
 [  0.0015262    0.00301983  -0.2717829   -0.37246567]
 [  0.           0.           0.           0.        ]
 [  0.           0.           0.           0.        ]
 [  0.           0.           0.           0.        ]
 [  0.           0.           0.           0.        ]
 [  0.           0.           0.           0.        ]
 [  0.           0.           0.           0.        ]
 [  0.           0.           0.           0.        ]
 [  0.           0.           0.           0.        ]
 [  0.           0.           0.           0.        ]
 [  0.00671607   0.49332395   0.49833301   0.00502923]
 [  0.00813231   0.50169128   0.49987441   0.00716645]
 [  0.           0.           0.           0.        ]
 [  0.           0.           0.           0.        ]
 [  0.           0.           0.           0.        ]
 [  0.           0.           0.           0.        ]
 [  0.           0.           0.           0.        ]
 [  0.           0.           0.           0.        ]
 [  0.           0.           0.           0.        ]
 [  0.           0.           0.           0.        ]
 [  0.           0.           0.           0.        ]
 [  0.00298345   0.49954781   0.50047266   0.00943105]
 [  0.           0.           0.           0.        ]
 [  0.           0.           0.           0.        ]
 [  0.           0.           0.           0.        ]
 [  0.           0.           0.           0.        ]
 [  0.           0.           0.           0.        ]
 [  0.           0.           0.           0.        ]
 [  0.           0.           0.           0.        ]
 [  0.           0.           0.           0.        ]
 [  0.           0.           0.           0.        ]
 [  0.0024743    0.50019294   0.50010937   0.00755712]
 [  0.00570124   0.50758988   0.50365001   0.00270834]
 [  0.00004621   0.50350291   0.50540751   0.00936008]
 [  0.           0.           0.           0.        ]
 [  0.           0.           0.           0.        ]]
Training  | Episode: 910000/1000000  | Episode Reward: -55.3889 | Epsilon: 0.1028 | Goal reached: 0
Training  | Episode: 920000/1000000  | Episode Reward: -86.2222 | Epsilon: 0.1003 | Goal reached: 0
Training  | Episode: 930000/1000000  | Episode Reward: -57.2222 | Epsilon: 0.1000 | Goal reached: 0
Training  | Episode: 940000/1000000  | Episode Reward: -77.2222 | Epsilon: 0.1000 | Goal reached: 0
Training  | Episode: 950000/1000000  | Episode Reward: -47.2222 | Epsilon: 0.1000 | Goal reached: 0
Training  | Episode: 960000/1000000  | Episode Reward: -47.2222 | Epsilon: 0.1000 | Goal reached: 0
Training  | Episode: 970000/1000000  | Episode Reward: -52.3889 | Epsilon: 0.1000 | Goal reached: 0
Training  | Episode: 980000/1000000  | Episode Reward: -47.2222 | Epsilon: 0.1000 | Goal reached: 0
Training  | Episode: 990000/1000000  | Episode Reward: -48.1667 | Epsilon: 0.1000 | Goal reached: 0
[[-49.99169159 -47.24563217 -45.67222595 -47.87595367]
 [-45.67610931 -44.30881882 -43.34906769 -44.25831223]
 [-44.89232635 -42.06787872 -41.11841202 -42.40603256]
 [-41.60689545 -38.85324097 -37.53350449 -39.50803375]
 [-38.79722977 -36.4562149  -33.94787216 -37.24208069]
 [-34.27543259 -33.7845726  -32.37664795 -36.01844788]
 [  0.           0.           0.           0.        ]
 [  0.           0.           0.           0.        ]
 [  0.           0.           0.           0.        ]
 [  0.           0.           0.           0.        ]
 [  0.           0.           0.           0.        ]
 [  0.           0.           0.           0.        ]
 [  0.           0.           0.           0.        ]
 [  0.           0.           0.           0.        ]
 [  0.           0.           0.           0.        ]
 [-34.43816376 -29.47038841 -31.25398254 -33.17240524]
 [-29.13678169 -28.09846115 -26.47656059 -31.14665031]
 [  0.           0.           0.           0.        ]
 [  0.           0.           0.           0.        ]
 [  0.           0.           0.           0.        ]
 [  0.           0.           0.           0.        ]
 [  0.           0.           0.           0.        ]
 [  0.           0.           0.           0.        ]
 [  0.           0.           0.           0.        ]
 [  0.           0.           0.           0.        ]
 [  0.           0.           0.           0.        ]
 [-22.44023514 -20.016119   -22.13757133 -24.38935661]
 [  0.           0.           0.           0.        ]
 [  0.           0.           0.           0.        ]
 [  0.           0.           0.           0.        ]
 [  0.           0.           0.           0.        ]
 [  0.           0.           0.           0.        ]
 [  0.           0.           0.           0.        ]
 [  0.           0.           0.           0.        ]
 [  0.           0.           0.           0.        ]
 [ -9.14395046  -9.3223381   -9.14028549  -9.53251934]
 [-11.293787   -10.88116264 -11.12939453 -11.25587559]
 [  0.           0.           0.           0.        ]
 [  0.           0.           0.           0.        ]
 [  0.           0.           0.           0.        ]
 [  0.           0.           0.           0.        ]
 [  0.           0.           0.           0.        ]
 [  0.           0.           0.           0.        ]
 [ -1.18716455  -1.45658541  -0.91508311  -1.39534009]
 [ -1.18664873  -0.46598718  -0.81712699  -0.82144141]
 [ -1.17265964  -1.10257804  -1.20196295  -1.14472413]
 [ -4.31868172  -4.57356834  -4.50095224  -4.14661598]
 [  0.           0.           0.           0.        ]
 [  0.           0.           0.           0.        ]
 [  0.           0.           0.           0.        ]
 [  0.           0.           0.           0.        ]
 [  0.           0.           0.           0.        ]
 [  0.           0.           0.           0.        ]
 [  0.           0.           0.           0.        ]
 [ -0.54417449  -0.72017324  -0.45849407  -0.55299997]
 [ -0.84068513  -0.74222976  -1.19518304  -0.80271673]
 [ -2.17315555  -1.96619916  -2.33400822  -2.02312422]
 [ -0.79567409  -0.67874402  -1.15635335  -0.8328802 ]
 [  0.           0.           0.           0.        ]
 [  0.           0.           0.           0.        ]
 [  0.           0.           0.           0.        ]
 [  0.           0.           0.           0.        ]
 [  0.           0.           0.           0.        ]
 [  0.           0.           0.           0.        ]
 [ -0.69002497  -0.48797911  -0.2717829   -0.37246567]
 [  0.           0.           0.           0.        ]
 [  0.           0.           0.           0.        ]
 [  0.           0.           0.           0.        ]
 [  0.           0.           0.           0.        ]
 [  0.           0.           0.           0.        ]
 [  0.           0.           0.           0.        ]
 [  0.           0.           0.           0.        ]
 [  0.           0.           0.           0.        ]
 [  0.           0.           0.           0.        ]
 [  0.00671607   0.49332395   0.49833301   0.00502923]
 [  0.00813231   0.50169128   0.49987441   0.00716645]
 [  0.           0.           0.           0.        ]
 [  0.           0.           0.           0.        ]
 [  0.           0.           0.           0.        ]
 [  0.           0.           0.           0.        ]
 [  0.           0.           0.           0.        ]
 [  0.           0.           0.           0.        ]
 [  0.           0.           0.           0.        ]
 [  0.           0.           0.           0.        ]
 [  0.           0.           0.           0.        ]
 [  0.00298345   0.49954781   0.50047266   0.00943105]
 [  0.           0.           0.           0.        ]
 [  0.           0.           0.           0.        ]
 [  0.           0.           0.           0.        ]
 [  0.           0.           0.           0.        ]
 [  0.           0.           0.           0.        ]
 [  0.           0.           0.           0.        ]
 [  0.           0.           0.           0.        ]
 [  0.           0.           0.           0.        ]
 [  0.           0.           0.           0.        ]
 [  0.0024743    0.50019294   0.50010937   0.00755712]
 [  0.00570124   0.50758988   0.50365001   0.00270834]
 [  0.00004621   0.50350291   0.50540751   0.00936008]
 [  0.           0.           0.           0.        ]
 [  0.           0.           0.           0.        ]]
