___NORMAL___
gamma:  0.9 learning rate:  0.01 eps decay:  0.9999975
[[b'S' b'H' b'H' b'H' b'H' b'F' b'H' b'H' b'F' b'H']
 [b'F' b'F' b'F' b'F' b'H' b'H' b'H' b'F' b'H' b'H']
 [b'H' b'H' b'H' b'F' b'F' b'F' b'F' b'F' b'F' b'F']
 [b'H' b'H' b'H' b'F' b'H' b'F' b'F' b'H' b'H' b'H']
 [b'H' b'H' b'H' b'H' b'F' b'F' b'F' b'F' b'F' b'F']
 [b'H' b'F' b'H' b'F' b'F' b'F' b'H' b'H' b'F' b'H']
 [b'H' b'H' b'H' b'H' b'H' b'F' b'H' b'H' b'F' b'H']
 [b'H' b'H' b'H' b'H' b'H' b'H' b'F' b'F' b'F' b'F']
 [b'H' b'F' b'H' b'H' b'H' b'F' b'H' b'F' b'H' b'F']
 [b'H' b'F' b'H' b'H' b'H' b'H' b'H' b'H' b'H' b'G']]
Training  | Episode: 0/1000000  | Episode Reward: -64.0000 | Epsilon: 1.0000 | Goal reached: 0
[[ 0.00248845  0.00677777  0.00191038 -0.19940332]
 [ 0.          0.          0.          0.        ]
 [ 0.          0.          0.          0.        ]
 [ 0.          0.          0.          0.        ]
 [ 0.          0.          0.          0.        ]
 [ 0.          0.          0.          0.        ]
 [ 0.          0.          0.          0.        ]
 [ 0.          0.          0.          0.        ]
 [ 0.          0.          0.          0.        ]
 [ 0.          0.          0.          0.        ]
 [ 0.00455883  0.00907428  0.00857099  0.00102449]
 [ 0.00651995  0.00449522  0.00414531  0.00740056]
 [ 0.00744089  0.00090377  0.00443206  0.0095556 ]
 [ 0.00511641  0.0036916   0.00674692  0.00877443]
 [ 0.          0.          0.          0.        ]
 [ 0.          0.          0.          0.        ]
 [ 0.          0.          0.          0.        ]
 [ 0.          0.          0.          0.        ]
 [ 0.          0.          0.          0.        ]
 [ 0.          0.          0.          0.        ]
 [ 0.          0.          0.          0.        ]
 [ 0.          0.          0.          0.        ]
 [ 0.          0.          0.          0.        ]
 [ 0.          0.          0.          0.        ]
 [ 0.          0.          0.          0.        ]
 [ 0.          0.          0.          0.        ]
 [ 0.          0.          0.          0.        ]
 [ 0.          0.          0.          0.        ]
 [ 0.          0.          0.          0.        ]
 [ 0.          0.          0.          0.        ]
 [ 0.          0.          0.          0.        ]
 [ 0.          0.          0.          0.        ]
 [ 0.          0.          0.          0.        ]
 [ 0.          0.          0.          0.        ]
 [ 0.          0.          0.          0.        ]
 [ 0.          0.          0.          0.        ]
 [ 0.          0.          0.          0.        ]
 [ 0.          0.          0.          0.        ]
 [ 0.          0.          0.          0.        ]
 [ 0.          0.          0.          0.        ]
 [ 0.          0.          0.          0.        ]
 [ 0.          0.          0.          0.        ]
 [ 0.          0.          0.          0.        ]
 [ 0.          0.          0.          0.        ]
 [ 0.          0.          0.          0.        ]
 [ 0.          0.          0.          0.        ]
 [ 0.          0.          0.          0.        ]
 [ 0.          0.          0.          0.        ]
 [ 0.          0.          0.          0.        ]
 [ 0.          0.          0.          0.        ]
 [ 0.          0.          0.          0.        ]
 [ 0.          0.          0.          0.        ]
 [ 0.          0.          0.          0.        ]
 [ 0.          0.          0.          0.        ]
 [ 0.          0.          0.          0.        ]
 [ 0.          0.          0.          0.        ]
 [ 0.          0.          0.          0.        ]
 [ 0.          0.          0.          0.        ]
 [ 0.          0.          0.          0.        ]
 [ 0.          0.          0.          0.        ]
 [ 0.          0.          0.          0.        ]
 [ 0.          0.          0.          0.        ]
 [ 0.          0.          0.          0.        ]
 [ 0.          0.          0.          0.        ]
 [ 0.          0.          0.          0.        ]
 [ 0.          0.          0.          0.        ]
 [ 0.          0.          0.          0.        ]
 [ 0.          0.          0.          0.        ]
 [ 0.          0.          0.          0.        ]
 [ 0.          0.          0.          0.        ]
 [ 0.          0.          0.          0.        ]
 [ 0.          0.          0.          0.        ]
 [ 0.          0.          0.          0.        ]
 [ 0.          0.          0.          0.        ]
 [ 0.          0.          0.          0.        ]
 [ 0.          0.          0.          0.        ]
 [ 0.          0.          0.          0.        ]
 [ 0.          0.          0.          0.        ]
 [ 0.          0.          0.          0.        ]
 [ 0.          0.          0.          0.        ]
 [ 0.          0.          0.          0.        ]
 [ 0.          0.          0.          0.        ]
 [ 0.          0.          0.          0.        ]
 [ 0.          0.          0.          0.        ]
 [ 0.          0.          0.          0.        ]
 [ 0.          0.          0.          0.        ]
 [ 0.          0.          0.          0.        ]
 [ 0.          0.          0.          0.        ]
 [ 0.          0.          0.          0.        ]
 [ 0.          0.          0.          0.        ]
 [ 0.          0.          0.          0.        ]
 [ 0.          0.          0.          0.        ]
 [ 0.          0.          0.          0.        ]
 [ 0.          0.          0.          0.        ]
 [ 0.          0.          0.          0.        ]
 [ 0.          0.          0.          0.        ]
 [ 0.          0.          0.          0.        ]
 [ 0.          0.          0.          0.        ]
 [ 0.          0.          0.          0.        ]
 [ 0.          0.          0.          0.        ]]
Training  | Episode: 10000/1000000  | Episode Reward: -62.0000 | Epsilon: 0.9753 | Goal reached: 0
Training  | Episode: 20000/1000000  | Episode Reward: -90.0000 | Epsilon: 0.9512 | Goal reached: 0
Training  | Episode: 30000/1000000  | Episode Reward: -81.0000 | Epsilon: 0.9277 | Goal reached: 0
Training  | Episode: 40000/1000000  | Episode Reward: -60.0000 | Epsilon: 0.9048 | Goal reached: 0
Training  | Episode: 50000/1000000  | Episode Reward: -51.0000 | Epsilon: 0.8825 | Goal reached: 0
Training  | Episode: 60000/1000000  | Episode Reward: -60.0000 | Epsilon: 0.8607 | Goal reached: 0
Training  | Episode: 70000/1000000  | Episode Reward: -91.0000 | Epsilon: 0.8395 | Goal reached: 0
Training  | Episode: 80000/1000000  | Episode Reward: -70.0000 | Epsilon: 0.8187 | Goal reached: 0
Training  | Episode: 90000/1000000  | Episode Reward: -50.0000 | Epsilon: 0.7985 | Goal reached: 0
Training  | Episode: 100000/1000000  | Episode Reward: -50.0000 | Epsilon: 0.7788 | Goal reached: 0
[[-51.40235901 -49.87458038 -50.1891861  -52.9304657 ]
 [  0.           0.           0.           0.        ]
 [  0.           0.           0.           0.        ]
 [  0.           0.           0.           0.        ]
 [  0.           0.           0.           0.        ]
 [  0.           0.           0.           0.        ]
 [  0.           0.           0.           0.        ]
 [  0.           0.           0.           0.        ]
 [  0.           0.           0.           0.        ]
 [  0.           0.           0.           0.        ]
 [-51.5283165  -48.47356796 -47.2818985  -49.31946945]
 [-51.0187912  -49.1411171  -46.5161171  -48.46420288]
 [-51.01797104 -46.37927628 -44.05099106 -46.44989014]
 [-40.55738068 -41.69534302 -37.8660965  -50.1149826 ]
 [  0.           0.           0.           0.        ]
 [  0.           0.           0.           0.        ]
 [  0.           0.           0.           0.        ]
 [  0.           0.           0.           0.        ]
 [  0.           0.           0.           0.        ]
 [  0.           0.           0.           0.        ]
 [  0.           0.           0.           0.        ]
 [  0.           0.           0.           0.        ]
 [  0.           0.           0.           0.        ]
 [-33.98693848 -23.67048073 -24.12547112 -31.89676285]
 [-22.77693367 -14.99009895 -22.10938263 -14.0567646 ]
 [ -1.88503551  -2.5966568   -2.03710198  -6.49564648]
 [ -0.99299842   0.00644668  -0.02980041  -3.10365438]
 [ -0.99055886   0.00354293   0.00438144  -0.01252363]
 [  0.00312901  -0.19022541  -0.01356483  -0.19042069]
 [  0.00062824  -0.19134879   0.00361402  -0.19948806]
 [  0.           0.           0.           0.        ]
 [  0.           0.           0.           0.        ]
 [  0.           0.           0.           0.        ]
 [-18.72161484 -21.01510048 -19.88243866 -20.08172607]
 [  0.           0.           0.           0.        ]
 [ -1.20708501  -2.93257332  -0.03141992  -3.23195124]
 [  0.00970317  -0.99730217   0.00113428  -0.99148583]
 [  0.           0.           0.           0.        ]
 [  0.           0.           0.           0.        ]
 [  0.           0.           0.           0.        ]
 [  0.           0.           0.           0.        ]
 [  0.           0.           0.           0.        ]
 [  0.           0.           0.           0.        ]
 [  0.           0.           0.           0.        ]
 [  0.00728437   0.00431328  -0.1916873    0.00101782]
 [ -0.39477646   0.00103212  -0.01746495  -0.03083778]
 [ -0.99257398  -0.99374849   0.00779103   0.00637829]
 [  0.           0.           0.           0.        ]
 [  0.           0.           0.           0.        ]
 [  0.           0.           0.           0.        ]
 [  0.           0.           0.           0.        ]
 [  0.           0.           0.           0.        ]
 [  0.           0.           0.           0.        ]
 [  0.           0.           0.           0.        ]
 [  0.           0.           0.           0.        ]
 [  0.           0.           0.           0.        ]
 [  0.           0.           0.           0.        ]
 [  0.           0.           0.           0.        ]
 [  0.           0.           0.           0.        ]
 [  0.           0.           0.           0.        ]
 [  0.           0.           0.           0.        ]
 [  0.           0.           0.           0.        ]
 [  0.           0.           0.           0.        ]
 [  0.           0.           0.           0.        ]
 [  0.           0.           0.           0.        ]
 [  0.           0.           0.           0.        ]
 [  0.           0.           0.           0.        ]
 [  0.           0.           0.           0.        ]
 [  0.           0.           0.           0.        ]
 [  0.           0.           0.           0.        ]
 [  0.           0.           0.           0.        ]
 [  0.           0.           0.           0.        ]
 [  0.           0.           0.           0.        ]
 [  0.           0.           0.           0.        ]
 [  0.           0.           0.           0.        ]
 [  0.           0.           0.           0.        ]
 [  0.           0.           0.           0.        ]
 [  0.           0.           0.           0.        ]
 [  0.           0.           0.           0.        ]
 [  0.           0.           0.           0.        ]
 [  0.           0.           0.           0.        ]
 [  0.           0.           0.           0.        ]
 [  0.           0.           0.           0.        ]
 [  0.           0.           0.           0.        ]
 [  0.           0.           0.           0.        ]
 [  0.           0.           0.           0.        ]
 [  0.           0.           0.           0.        ]
 [  0.           0.           0.           0.        ]
 [  0.           0.           0.           0.        ]
 [  0.           0.           0.           0.        ]
 [  0.           0.           0.           0.        ]
 [  0.           0.           0.           0.        ]
 [  0.           0.           0.           0.        ]
 [  0.           0.           0.           0.        ]
 [  0.           0.           0.           0.        ]
 [  0.           0.           0.           0.        ]
 [  0.           0.           0.           0.        ]
 [  0.           0.           0.           0.        ]
 [  0.           0.           0.           0.        ]
 [  0.           0.           0.           0.        ]]
Training  | Episode: 110000/1000000  | Episode Reward: -51.0000 | Epsilon: 0.7596 | Goal reached: 0
Training  | Episode: 120000/1000000  | Episode Reward: -50.0000 | Epsilon: 0.7408 | Goal reached: 0
Training  | Episode: 130000/1000000  | Episode Reward: -102.0000 | Epsilon: 0.7225 | Goal reached: 0
Training  | Episode: 140000/1000000  | Episode Reward: -50.0000 | Epsilon: 0.7047 | Goal reached: 0
Training  | Episode: 150000/1000000  | Episode Reward: -64.0000 | Epsilon: 0.6873 | Goal reached: 0
Training  | Episode: 160000/1000000  | Episode Reward: -51.0000 | Epsilon: 0.6703 | Goal reached: 0
Training  | Episode: 170000/1000000  | Episode Reward: -50.0000 | Epsilon: 0.6538 | Goal reached: 0
Training  | Episode: 180000/1000000  | Episode Reward: -61.0000 | Epsilon: 0.6376 | Goal reached: 0
Training  | Episode: 190000/1000000  | Episode Reward: -52.0000 | Epsilon: 0.6219 | Goal reached: 0
Training  | Episode: 200000/1000000  | Episode Reward: -81.0000 | Epsilon: 0.6065 | Goal reached: 0
[[-53.13514328 -52.03572083 -50.94973373 -54.63260651]
 [  0.           0.           0.           0.        ]
 [  0.           0.           0.           0.        ]
 [  0.           0.           0.           0.        ]
 [  0.           0.           0.           0.        ]
 [  0.           0.           0.           0.        ]
 [  0.           0.           0.           0.        ]
 [  0.           0.           0.           0.        ]
 [  0.           0.           0.           0.        ]
 [  0.           0.           0.           0.        ]
 [-51.57079315 -50.16879654 -49.16091156 -49.91508484]
 [-51.45647812 -48.9891243  -47.30419159 -49.29003143]
 [-51.03845596 -47.44753265 -46.98294449 -47.38751221]
 [-45.28408051 -44.53043365 -43.80767822 -50.71912766]
 [  0.           0.           0.           0.        ]
 [  0.           0.           0.           0.        ]
 [  0.           0.           0.           0.        ]
 [  0.00307947   0.00407372   0.0039339   -1.97047615]
 [  0.           0.           0.           0.        ]
 [  0.           0.           0.           0.        ]
 [  0.           0.           0.           0.        ]
 [  0.           0.           0.           0.        ]
 [  0.           0.           0.           0.        ]
 [-40.41685104 -35.14621735 -34.44199753 -39.53053665]
 [-32.06959534 -27.65233421 -27.49430275 -27.69380951]
 [ -8.98547459  -7.42583323  -7.74359798 -13.0155983 ]
 [ -2.39122033  -1.55831027  -2.02197003  -3.14511657]
 [ -0.99068928  -1.20820916  -1.19156599  -0.21315768]
 [  0.00312901  -0.19022541  -0.01356483  -0.19042069]
 [  0.00062824  -0.19134879   0.00361402  -0.19948806]
 [  0.           0.           0.           0.        ]
 [  0.           0.           0.           0.        ]
 [  0.           0.           0.           0.        ]
 [-34.74164581 -36.8132019  -34.89324188 -35.28429413]
 [  0.           0.           0.           0.        ]
 [ -2.15909719  -4.88328934  -1.07603335  -4.43761587]
 [ -0.69948173  -5.02663136  -1.79193807  -3.09854841]
 [  0.           0.           0.           0.        ]
 [  0.           0.           0.           0.        ]
 [  0.           0.           0.           0.        ]
 [  0.           0.           0.           0.        ]
 [  0.           0.           0.           0.        ]
 [  0.           0.           0.           0.        ]
 [  0.           0.           0.           0.        ]
 [  0.00728437  -0.19575441  -0.1916873    0.00101782]
 [ -0.39477646  -0.03875059  -0.03695511  -0.3007445 ]
 [ -2.15309143  -0.99374849  -1.36034834  -0.05296347]
 [  0.00552364   0.00001283   0.00257596   0.00962206]
 [  0.           0.           0.           0.        ]
 [  0.           0.           0.           0.        ]
 [  0.           0.           0.           0.        ]
 [  0.           0.           0.           0.        ]
 [  0.           0.           0.           0.        ]
 [  0.00478552   0.00015082   0.00086844   0.00030099]
 [  0.00516217   0.00218166  -0.9923799    0.00619184]
 [  0.00462732   0.00557601   0.0031008   -0.01114834]
 [  0.           0.           0.           0.        ]
 [  0.           0.           0.           0.        ]
 [  0.           0.           0.           0.        ]
 [  0.           0.           0.           0.        ]
 [  0.           0.           0.           0.        ]
 [  0.           0.           0.           0.        ]
 [  0.           0.           0.           0.        ]
 [  0.           0.           0.           0.        ]
 [  0.           0.           0.           0.        ]
 [  0.0079503    0.00553855   0.00240468   0.00702512]
 [  0.           0.           0.           0.        ]
 [  0.           0.           0.           0.        ]
 [  0.           0.           0.           0.        ]
 [  0.           0.           0.           0.        ]
 [  0.           0.           0.           0.        ]
 [  0.           0.           0.           0.        ]
 [  0.           0.           0.           0.        ]
 [  0.           0.           0.           0.        ]
 [  0.           0.           0.           0.        ]
 [  0.           0.           0.           0.        ]
 [  0.           0.           0.           0.        ]
 [  0.           0.           0.           0.        ]
 [  0.           0.           0.           0.        ]
 [  0.           0.           0.           0.        ]
 [  0.           0.           0.           0.        ]
 [  0.           0.           0.           0.        ]
 [  0.           0.           0.           0.        ]
 [  0.           0.           0.           0.        ]
 [  0.           0.           0.           0.        ]
 [  0.           0.           0.           0.        ]
 [  0.           0.           0.           0.        ]
 [  0.           0.           0.           0.        ]
 [  0.           0.           0.           0.        ]
 [  0.           0.           0.           0.        ]
 [  0.           0.           0.           0.        ]
 [  0.           0.           0.           0.        ]
 [  0.           0.           0.           0.        ]
 [  0.           0.           0.           0.        ]
 [  0.           0.           0.           0.        ]
 [  0.           0.           0.           0.        ]
 [  0.           0.           0.           0.        ]
 [  0.           0.           0.           0.        ]
 [  0.           0.           0.           0.        ]
 [  0.           0.           0.           0.        ]]
Training  | Episode: 210000/1000000  | Episode Reward: -52.0000 | Epsilon: 0.5916 | Goal reached: 0
Training  | Episode: 220000/1000000  | Episode Reward: -61.0000 | Epsilon: 0.5769 | Goal reached: 0
Training  | Episode: 230000/1000000  | Episode Reward: -60.0000 | Epsilon: 0.5627 | Goal reached: 0
Training  | Episode: 240000/1000000  | Episode Reward: -50.0000 | Epsilon: 0.5488 | Goal reached: 0
Training  | Episode: 250000/1000000  | Episode Reward: -91.0000 | Epsilon: 0.5353 | Goal reached: 0
Training  | Episode: 260000/1000000  | Episode Reward: -51.0000 | Epsilon: 0.5220 | Goal reached: 0
Training  | Episode: 270000/1000000  | Episode Reward: -50.0000 | Epsilon: 0.5092 | Goal reached: 0
Training  | Episode: 280000/1000000  | Episode Reward: -50.0000 | Epsilon: 0.4966 | Goal reached: 0
Training  | Episode: 290000/1000000  | Episode Reward: -50.0000 | Epsilon: 0.4843 | Goal reached: 0
Training  | Episode: 300000/1000000  | Episode Reward: -81.0000 | Epsilon: 0.4724 | Goal reached: 0
[[-52.55026627 -50.84137344 -50.6845932  -53.49866104]
 [  0.           0.           0.           0.        ]
 [  0.           0.           0.           0.        ]
 [  0.           0.           0.           0.        ]
 [  0.           0.           0.           0.        ]
 [  0.           0.           0.           0.        ]
 [  0.           0.           0.           0.        ]
 [  0.           0.           0.           0.        ]
 [  0.           0.           0.           0.        ]
 [  0.           0.           0.           0.        ]
 [-51.07041168 -49.66385269 -49.0037384  -49.5281601 ]
 [-51.51649094 -48.95838928 -47.99552536 -49.61172485]
 [-51.09873581 -49.32940674 -47.39605713 -48.44487381]
 [-47.29491425 -47.11125565 -45.22502136 -50.83180618]
 [  0.           0.           0.           0.        ]
 [  0.           0.           0.           0.        ]
 [  0.           0.           0.           0.        ]
 [  0.00307947  -2.32902765  -0.99596858  -2.9309535 ]
 [  0.           0.           0.           0.        ]
 [  0.           0.           0.           0.        ]
 [  0.           0.           0.           0.        ]
 [  0.           0.           0.           0.        ]
 [  0.           0.           0.           0.        ]
 [-45.4930687  -39.55216599 -41.51938248 -42.50651169]
 [-38.47702026 -33.82859802 -32.29990005 -33.21088028]
 [-13.61495113 -12.4477663  -13.52541065 -17.69375992]
 [ -4.52105904  -4.6715498   -5.02326202  -7.12407112]
 [ -1.38496816  -2.60858464  -2.14742827  -1.25476277]
 [ -0.99675739  -1.18625796  -1.01311731  -0.41638708]
 [  0.00062824  -0.38734728  -0.19639321  -0.19948806]
 [  0.           0.           0.           0.        ]
 [  0.           0.           0.           0.        ]
 [  0.           0.           0.           0.        ]
 [-44.34019852 -44.46347427 -44.43009567 -44.37185669]
 [  0.           0.           0.           0.        ]
 [ -5.67743921  -6.59217262  -4.49978876  -4.97777033]
 [ -1.99968171  -5.90624952  -2.75592852  -4.03640652]
 [  0.           0.           0.           0.        ]
 [  0.           0.           0.           0.        ]
 [  0.           0.           0.           0.        ]
 [  0.           0.           0.           0.        ]
 [  0.           0.           0.           0.        ]
 [  0.           0.           0.           0.        ]
 [  0.           0.           0.           0.        ]
 [ -1.01229727  -0.19575441  -1.18768132  -0.99883032]
 [ -0.66572106  -0.41006628  -1.00448644  -0.99749541]
 [ -3.2760818   -1.00035012  -2.32599211  -0.71598917]
 [ -0.994416    -0.20939554  -0.99721682  -0.99039954]
 [  0.00045941   0.00051269   0.00787437   0.00474972]
 [  0.00708685   0.00129733   0.00559044   0.0088131 ]
 [  0.           0.           0.           0.        ]
 [  0.           0.           0.           0.        ]
 [  0.           0.           0.           0.        ]
 [  0.00478552   0.00015082   0.00086844   0.00030099]
 [  0.00516217   0.00218166  -0.9923799   -0.01384585]
 [ -0.01533877  -0.0143924    0.0031008   -0.43720168]
 [  0.           0.           0.           0.        ]
 [  0.           0.           0.           0.        ]
 [  0.           0.           0.           0.        ]
 [  0.           0.           0.           0.        ]
 [  0.           0.           0.           0.        ]
 [  0.           0.           0.           0.        ]
 [  0.           0.           0.           0.        ]
 [  0.           0.           0.           0.        ]
 [  0.           0.           0.           0.        ]
 [ -1.97207618   0.00553855   0.00240468   0.00702512]
 [  0.           0.           0.           0.        ]
 [  0.           0.           0.           0.        ]
 [  0.           0.           0.           0.        ]
 [  0.           0.           0.           0.        ]
 [  0.           0.           0.           0.        ]
 [  0.           0.           0.           0.        ]
 [  0.           0.           0.           0.        ]
 [  0.           0.           0.           0.        ]
 [  0.           0.           0.           0.        ]
 [  0.           0.           0.           0.        ]
 [  0.           0.           0.           0.        ]
 [  0.           0.           0.           0.        ]
 [  0.           0.           0.           0.        ]
 [  0.           0.           0.           0.        ]
 [  0.           0.           0.           0.        ]
 [  0.           0.           0.           0.        ]
 [  0.           0.           0.           0.        ]
 [  0.           0.           0.           0.        ]
 [  0.           0.           0.           0.        ]
 [  0.           0.           0.           0.        ]
 [  0.           0.           0.           0.        ]
 [  0.           0.           0.           0.        ]
 [  0.           0.           0.           0.        ]
 [  0.           0.           0.           0.        ]
 [  0.           0.           0.           0.        ]
 [  0.           0.           0.           0.        ]
 [  0.           0.           0.           0.        ]
 [  0.           0.           0.           0.        ]
 [  0.           0.           0.           0.        ]
 [  0.           0.           0.           0.        ]
 [  0.           0.           0.           0.        ]
 [  0.           0.           0.           0.        ]
 [  0.           0.           0.           0.        ]
 [  0.           0.           0.           0.        ]]
Training  | Episode: 310000/1000000  | Episode Reward: -72.0000 | Epsilon: 0.4607 | Goal reached: 0
Training  | Episode: 320000/1000000  | Episode Reward: -50.0000 | Epsilon: 0.4493 | Goal reached: 0
Training  | Episode: 330000/1000000  | Episode Reward: -50.0000 | Epsilon: 0.4382 | Goal reached: 0
Training  | Episode: 340000/1000000  | Episode Reward: -50.0000 | Epsilon: 0.4274 | Goal reached: 0
Training  | Episode: 350000/1000000  | Episode Reward: -102.0000 | Epsilon: 0.4169 | Goal reached: 0
Training  | Episode: 360000/1000000  | Episode Reward: -83.0000 | Epsilon: 0.4066 | Goal reached: 0
Training  | Episode: 370000/1000000  | Episode Reward: -54.0000 | Epsilon: 0.3965 | Goal reached: 0
Training  | Episode: 380000/1000000  | Episode Reward: -70.0000 | Epsilon: 0.3867 | Goal reached: 0
Training  | Episode: 390000/1000000  | Episode Reward: -112.0000 | Epsilon: 0.3772 | Goal reached: 0
Training  | Episode: 400000/1000000  | Episode Reward: -62.0000 | Epsilon: 0.3679 | Goal reached: 0
[[-51.67105484 -50.2097702  -50.54221725 -53.63162613]
 [  0.           0.           0.           0.        ]
 [  0.           0.           0.           0.        ]
 [  0.           0.           0.           0.        ]
 [  0.           0.           0.           0.        ]
 [  0.           0.           0.           0.        ]
 [  0.           0.           0.           0.        ]
 [  0.           0.           0.           0.        ]
 [  0.           0.           0.           0.        ]
 [  0.           0.           0.           0.        ]
 [-51.00373077 -49.36766815 -48.20372009 -49.19950104]
 [-51.52190399 -49.70579147 -47.6569519  -48.91466141]
 [-51.20462799 -49.37307739 -47.83568573 -48.90173721]
 [-47.29032898 -47.49942017 -46.84142685 -51.18605042]
 [  0.           0.           0.           0.        ]
 [  0.           0.           0.           0.        ]
 [  0.           0.           0.           0.        ]
 [ -0.99686909  -2.32902765  -0.99596858  -2.9309535 ]
 [  0.           0.           0.           0.        ]
 [  0.           0.           0.           0.        ]
 [  0.           0.           0.           0.        ]
 [  0.           0.           0.           0.        ]
 [  0.           0.           0.           0.        ]
 [-47.85476685 -43.63076782 -42.66691971 -45.19080353]
 [-43.2560463  -37.22294998 -37.85348129 -38.46920776]
 [-17.58421707 -16.81964684 -16.93803215 -20.27399635]
 [ -7.61677074  -7.14366961  -7.6044178   -6.93137312]
 [ -2.59722257  -2.60858464  -2.12442422  -1.5383507 ]
 [ -0.99675739  -1.18606782  -1.01311731  -0.62605315]
 [ -1.20259798  -0.38734728  -0.39600042  -0.19948806]
 [  0.           0.           0.           0.        ]
 [  0.           0.           0.           0.        ]
 [  0.           0.           0.           0.        ]
 [-47.38842773 -47.37382126 -47.38823318 -47.3799324 ]
 [  0.           0.           0.           0.        ]
 [ -7.49434853  -7.10318136  -7.09978962  -8.47226048]
 [ -3.55254769  -7.10987186  -3.70063925  -5.34174681]
 [  0.           0.           0.           0.        ]
 [  0.           0.           0.           0.        ]
 [  0.           0.           0.           0.        ]
 [  0.           0.           0.           0.        ]
 [  0.           0.           0.           0.        ]
 [  0.           0.           0.           0.        ]
 [  0.           0.           0.           0.        ]
 [ -1.97229075  -1.19169748  -1.37635195  -2.93896532]
 [ -0.94356245  -1.13315153  -1.01811349  -1.28642297]
 [ -5.12617826  -1.23189056  -2.32599211  -1.08897126]
 [ -1.97437882  -1.39508212  -0.99721682  -1.97042072]
 [  0.00045941   0.00051269   0.00787437   0.00474972]
 [  0.00708685   0.00129733   0.00559044   0.0088131 ]
 [  0.           0.           0.           0.        ]
 [  0.           0.           0.           0.        ]
 [  0.           0.           0.           0.        ]
 [ -0.99519515   0.00015082  -0.99897826   0.00030099]
 [ -0.03461888  -0.01784635  -0.9923799   -0.21709251]
 [ -0.05447604  -1.03329778  -0.20522474  -1.42837143]
 [  0.           0.           0.           0.        ]
 [  0.           0.           0.           0.        ]
 [  0.           0.           0.           0.        ]
 [  0.           0.           0.           0.        ]
 [  0.           0.           0.           0.        ]
 [  0.           0.           0.           0.        ]
 [  0.           0.           0.           0.        ]
 [  0.           0.           0.           0.        ]
 [  0.           0.           0.           0.        ]
 [ -1.97207618   0.00553855   0.00240468  -0.99296832]
 [  0.           0.           0.           0.        ]
 [  0.           0.           0.           0.        ]
 [  0.           0.           0.           0.        ]
 [  0.           0.           0.           0.        ]
 [  0.           0.           0.           0.        ]
 [  0.           0.           0.           0.        ]
 [  0.           0.           0.           0.        ]
 [  0.           0.           0.           0.        ]
 [  0.           0.           0.           0.        ]
 [  0.           0.           0.           0.        ]
 [  0.           0.           0.           0.        ]
 [  0.           0.           0.           0.        ]
 [  0.           0.           0.           0.        ]
 [  0.           0.           0.           0.        ]
 [  0.           0.           0.           0.        ]
 [  0.           0.           0.           0.        ]
 [  0.           0.           0.           0.        ]
 [  0.           0.           0.           0.        ]
 [  0.           0.           0.           0.        ]
 [  0.           0.           0.           0.        ]
 [  0.           0.           0.           0.        ]
 [  0.           0.           0.           0.        ]
 [  0.           0.           0.           0.        ]
 [  0.           0.           0.           0.        ]
 [  0.           0.           0.           0.        ]
 [  0.           0.           0.           0.        ]
 [  0.           0.           0.           0.        ]
 [  0.           0.           0.           0.        ]
 [  0.           0.           0.           0.        ]
 [  0.           0.           0.           0.        ]
 [  0.           0.           0.           0.        ]
 [  0.           0.           0.           0.        ]
 [  0.           0.           0.           0.        ]
 [  0.           0.           0.           0.        ]]
Training  | Episode: 410000/1000000  | Episode Reward: -61.0000 | Epsilon: 0.3588 | Goal reached: 0
Training  | Episode: 420000/1000000  | Episode Reward: -52.0000 | Epsilon: 0.3499 | Goal reached: 0
Training  | Episode: 430000/1000000  | Episode Reward: -60.0000 | Epsilon: 0.3413 | Goal reached: 0
Training  | Episode: 440000/1000000  | Episode Reward: -50.0000 | Epsilon: 0.3329 | Goal reached: 0
Training  | Episode: 450000/1000000  | Episode Reward: -72.0000 | Epsilon: 0.3247 | Goal reached: 0
Training  | Episode: 460000/1000000  | Episode Reward: -50.0000 | Epsilon: 0.3166 | Goal reached: 0
Training  | Episode: 470000/1000000  | Episode Reward: -60.0000 | Epsilon: 0.3088 | Goal reached: 0
Training  | Episode: 480000/1000000  | Episode Reward: -51.0000 | Epsilon: 0.3012 | Goal reached: 0
Training  | Episode: 490000/1000000  | Episode Reward: -62.0000 | Epsilon: 0.2938 | Goal reached: 0
Training  | Episode: 500000/1000000  | Episode Reward: -50.0000 | Epsilon: 0.2865 | Goal reached: 0
[[-52.49708557 -51.26819611 -50.4770813  -53.48292542]
 [  0.           0.           0.           0.        ]
 [  0.           0.           0.           0.        ]
 [  0.           0.           0.           0.        ]
 [  0.           0.           0.           0.        ]
 [  0.           0.           0.           0.        ]
 [  0.           0.           0.           0.        ]
 [  0.           0.           0.           0.        ]
 [  0.           0.           0.           0.        ]
 [  0.           0.           0.           0.        ]
 [-51.26693726 -49.81169891 -48.51224136 -49.88619995]
 [-51.28225708 -49.07158661 -48.17315674 -49.74346542]
 [-51.20589828 -49.53781891 -47.93099213 -48.81431198]
 [-48.01650238 -48.15214157 -47.11644745 -50.89022446]
 [  0.           0.           0.           0.        ]
 [  0.           0.           0.           0.        ]
 [  0.           0.           0.           0.        ]
 [ -1.21508956  -2.32902765  -1.19886589  -2.9309535 ]
 [  0.           0.           0.           0.        ]
 [  0.           0.           0.           0.        ]
 [  0.           0.           0.           0.        ]
 [  0.           0.           0.           0.        ]
 [  0.           0.           0.           0.        ]
 [-49.11643219 -43.40216064 -44.9223671  -45.46916199]
 [-45.87598801 -39.73898315 -40.51579666 -37.64063263]
 [-22.64680481 -21.73348618 -21.58473015 -23.34524727]
 [ -9.49463081  -9.10866261 -10.88478756  -9.3705759 ]
 [ -4.74487448  -2.81627274  -3.05734444  -3.01196146]
 [ -0.99675739  -1.18606782  -1.01998293  -1.86070371]
 [ -3.13469076  -0.59541237  -0.39600042  -0.3990891 ]
 [  0.           0.           0.           0.        ]
 [  0.           0.           0.           0.        ]
 [  0.           0.           0.           0.        ]
 [-49.03971863 -49.0574379  -49.03256989 -49.03765106]
 [  0.           0.           0.           0.        ]
 [-10.23189259 -10.46152687  -9.71403217 -10.54320431]
 [ -5.72576857  -7.1329155   -5.79552555  -6.23474121]
 [  0.           0.           0.           0.        ]
 [  0.           0.           0.           0.        ]
 [  0.           0.           0.           0.        ]
 [  0.           0.           0.           0.        ]
 [  0.           0.           0.           0.        ]
 [  0.           0.           0.           0.        ]
 [  0.           0.           0.           0.        ]
 [ -1.97229075  -1.59192824  -1.9726485   -5.70608473]
 [ -2.13832951  -2.14097762  -2.26838708  -2.12348723]
 [ -5.2902813   -1.92951071  -4.24744654  -1.99435186]
 [ -1.97437882  -2.53869462  -1.9771235   -2.11220121]
 [ -0.22781426  -0.23461564  -0.01212448  -0.99518228]
 [  0.00708685   0.00129733   0.00559044  -0.99121946]
 [  0.           0.           0.           0.        ]
 [  0.           0.           0.           0.        ]
 [  0.           0.           0.           0.        ]
 [ -0.99519515  -0.99973726  -0.99897826  -1.97943008]
 [ -0.07531383  -0.09445743  -1.18459868  -0.21709251]
 [ -0.75662565  -1.03394556  -0.892299    -1.42837143]
 [  0.           0.           0.           0.        ]
 [  0.           0.           0.           0.        ]
 [  0.           0.           0.           0.        ]
 [  0.           0.           0.           0.        ]
 [  0.           0.           0.           0.        ]
 [  0.           0.           0.           0.        ]
 [  0.           0.           0.           0.        ]
 [  0.           0.           0.           0.        ]
 [  0.           0.           0.           0.        ]
 [ -1.97207618  -0.99442512  -0.60896158  -0.99296832]
 [  0.           0.           0.           0.        ]
 [  0.           0.           0.           0.        ]
 [  0.           0.           0.           0.        ]
 [  0.           0.           0.           0.        ]
 [  0.           0.           0.           0.        ]
 [  0.           0.           0.           0.        ]
 [  0.           0.           0.           0.        ]
 [  0.           0.           0.           0.        ]
 [  0.           0.           0.           0.        ]
 [  0.           0.           0.           0.        ]
 [  0.           0.           0.           0.        ]
 [  0.           0.           0.           0.        ]
 [  0.           0.           0.           0.        ]
 [  0.           0.           0.           0.        ]
 [  0.           0.           0.           0.        ]
 [  0.           0.           0.           0.        ]
 [  0.           0.           0.           0.        ]
 [  0.           0.           0.           0.        ]
 [  0.           0.           0.           0.        ]
 [  0.           0.           0.           0.        ]
 [  0.           0.           0.           0.        ]
 [  0.           0.           0.           0.        ]
 [  0.           0.           0.           0.        ]
 [  0.           0.           0.           0.        ]
 [  0.           0.           0.           0.        ]
 [  0.           0.           0.           0.        ]
 [  0.           0.           0.           0.        ]
 [  0.           0.           0.           0.        ]
 [  0.           0.           0.           0.        ]
 [  0.           0.           0.           0.        ]
 [  0.           0.           0.           0.        ]
 [  0.           0.           0.           0.        ]
 [  0.           0.           0.           0.        ]
 [  0.           0.           0.           0.        ]]
Training  | Episode: 510000/1000000  | Episode Reward: -50.0000 | Epsilon: 0.2794 | Goal reached: 0
Training  | Episode: 520000/1000000  | Episode Reward: -60.0000 | Epsilon: 0.2725 | Goal reached: 0
Training  | Episode: 530000/1000000  | Episode Reward: -61.0000 | Epsilon: 0.2658 | Goal reached: 0
Training  | Episode: 540000/1000000  | Episode Reward: -51.0000 | Epsilon: 0.2592 | Goal reached: 0
Training  | Episode: 550000/1000000  | Episode Reward: -50.0000 | Epsilon: 0.2528 | Goal reached: 0
Training  | Episode: 560000/1000000  | Episode Reward: -71.0000 | Epsilon: 0.2466 | Goal reached: 0
Training  | Episode: 570000/1000000  | Episode Reward: -51.0000 | Epsilon: 0.2405 | Goal reached: 0
Training  | Episode: 580000/1000000  | Episode Reward: -50.0000 | Epsilon: 0.2346 | Goal reached: 0
Training  | Episode: 590000/1000000  | Episode Reward: -60.0000 | Epsilon: 0.2288 | Goal reached: 0
Training  | Episode: 600000/1000000  | Episode Reward: -82.0000 | Epsilon: 0.2231 | Goal reached: 0
[[-51.22217941 -50.75698853 -50.40257263 -53.50614548]
 [  0.           0.           0.           0.        ]
 [  0.           0.           0.           0.        ]
 [  0.           0.           0.           0.        ]
 [  0.           0.           0.           0.        ]
 [  0.           0.           0.           0.        ]
 [  0.           0.           0.           0.        ]
 [  0.           0.           0.           0.        ]
 [  0.           0.           0.           0.        ]
 [  0.           0.           0.           0.        ]
 [-50.89957428 -48.83184433 -48.42233276 -49.48335266]
 [-51.0027771  -48.35848618 -47.71850967 -49.62392044]
 [-50.93468094 -48.93954468 -47.28052902 -49.09844589]
 [-48.34755707 -48.63033295 -46.93550491 -50.82004166]
 [  0.           0.           0.           0.        ]
 [  0.           0.           0.           0.        ]
 [  0.           0.           0.           0.        ]
 [ -1.21508956  -2.32902765  -2.1747756   -2.9309535 ]
 [  0.           0.           0.           0.        ]
 [  0.           0.           0.           0.        ]
 [  0.           0.           0.           0.        ]
 [  0.           0.           0.           0.        ]
 [  0.           0.           0.           0.        ]
 [-49.28567505 -45.07942963 -45.93179321 -46.91801834]
 [-47.73231506 -41.92946625 -42.00336456 -41.4610672 ]
 [-24.38490486 -24.12094116 -23.66767693 -25.65242767]
 [-11.82301712 -11.98774719 -12.34435749 -12.40296364]
 [ -4.74487448  -3.75977635  -3.9574554   -3.27383494]
 [ -1.97664607  -1.19306386  -2.9657712   -1.86070371]
 [ -3.13469076  -0.59541237  -1.38791394  -0.6095891 ]
 [  0.           0.           0.           0.        ]
 [  0.           0.           0.           0.        ]
 [  0.           0.           0.           0.        ]
 [-49.76751328 -49.76478195 -49.76410675 -49.77846527]
 [  0.           0.           0.           0.        ]
 [-11.72973442 -11.86418247 -10.68814468 -11.1664772 ]
 [ -6.80127573  -7.1329155   -6.8799324   -7.54381084]
 [  0.           0.           0.           0.        ]
 [  0.           0.           0.           0.        ]
 [  0.           0.           0.           0.        ]
 [  0.           0.           0.           0.        ]
 [  0.           0.           0.           0.        ]
 [  0.           0.           0.           0.        ]
 [  0.           0.           0.           0.        ]
 [ -4.76109505  -4.22524261  -3.85714078  -5.70608473]
 [ -2.72051525  -2.25917053  -2.61500192  -2.40542531]
 [ -6.31442022  -2.39422202  -4.21803665  -2.29273701]
 [ -3.31824827  -3.48777175  -2.90278411  -3.04854727]
 [ -0.22781426  -0.23461564  -1.03095639  -0.99518228]
 [  0.00708685   0.00129733   0.00559044  -0.99121946]
 [  0.           0.           0.           0.        ]
 [  0.           0.           0.           0.        ]
 [  0.           0.           0.           0.        ]
 [ -1.97512054  -0.99973726  -1.18165314  -1.97943008]
 [ -0.14746825  -1.09242272  -1.18459868  -0.4307459 ]
 [ -0.98354578  -1.03394556  -1.113047    -1.42837143]
 [  0.           0.           0.           0.        ]
 [  0.           0.           0.           0.        ]
 [  0.           0.           0.           0.        ]
 [  0.           0.           0.           0.        ]
 [  0.           0.           0.           0.        ]
 [  0.           0.           0.           0.        ]
 [  0.           0.           0.           0.        ]
 [  0.           0.           0.           0.        ]
 [  0.           0.           0.           0.        ]
 [ -1.97207618  -2.93473196  -1.59661078  -0.99296832]
 [  0.           0.           0.           0.        ]
 [  0.           0.           0.           0.        ]
 [  0.           0.           0.           0.        ]
 [  0.           0.           0.           0.        ]
 [  0.           0.           0.           0.        ]
 [  0.           0.           0.           0.        ]
 [  0.           0.           0.           0.        ]
 [  0.           0.           0.           0.        ]
 [  0.           0.           0.           0.        ]
 [  0.           0.           0.           0.        ]
 [  0.           0.           0.           0.        ]
 [  0.           0.           0.           0.        ]
 [  0.           0.           0.           0.        ]
 [  0.           0.           0.           0.        ]
 [  0.           0.           0.           0.        ]
 [  0.           0.           0.           0.        ]
 [  0.           0.           0.           0.        ]
 [  0.           0.           0.           0.        ]
 [  0.           0.           0.           0.        ]
 [  0.           0.           0.           0.        ]
 [  0.           0.           0.           0.        ]
 [  0.           0.           0.           0.        ]
 [  0.           0.           0.           0.        ]
 [  0.           0.           0.           0.        ]
 [  0.           0.           0.           0.        ]
 [  0.           0.           0.           0.        ]
 [  0.           0.           0.           0.        ]
 [  0.           0.           0.           0.        ]
 [  0.           0.           0.           0.        ]
 [  0.           0.           0.           0.        ]
 [  0.           0.           0.           0.        ]
 [  0.           0.           0.           0.        ]
 [  0.           0.           0.           0.        ]
 [  0.           0.           0.           0.        ]]
Training  | Episode: 610000/1000000  | Episode Reward: -50.0000 | Epsilon: 0.2176 | Goal reached: 0
Training  | Episode: 620000/1000000  | Episode Reward: -51.0000 | Epsilon: 0.2122 | Goal reached: 0
Training  | Episode: 630000/1000000  | Episode Reward: -52.0000 | Epsilon: 0.2070 | Goal reached: 0
Training  | Episode: 640000/1000000  | Episode Reward: -71.0000 | Epsilon: 0.2019 | Goal reached: 0
Training  | Episode: 650000/1000000  | Episode Reward: -71.0000 | Epsilon: 0.1969 | Goal reached: 0
Training  | Episode: 660000/1000000  | Episode Reward: -50.0000 | Epsilon: 0.1920 | Goal reached: 0
Training  | Episode: 670000/1000000  | Episode Reward: -51.0000 | Epsilon: 0.1873 | Goal reached: 0
Training  | Episode: 680000/1000000  | Episode Reward: -61.0000 | Epsilon: 0.1827 | Goal reached: 0
Training  | Episode: 690000/1000000  | Episode Reward: -50.0000 | Epsilon: 0.1782 | Goal reached: 0
Training  | Episode: 700000/1000000  | Episode Reward: -50.0000 | Epsilon: 0.1738 | Goal reached: 0
[[-51.78879929 -50.06446838 -51.1855278  -53.81875229]
 [  0.           0.           0.           0.        ]
 [  0.           0.           0.           0.        ]
 [  0.           0.           0.           0.        ]
 [  0.           0.           0.           0.        ]
 [  0.           0.           0.           0.        ]
 [  0.           0.           0.           0.        ]
 [  0.           0.           0.           0.        ]
 [  0.           0.           0.           0.        ]
 [  0.           0.           0.           0.        ]
 [-51.46214676 -49.17620468 -49.28197861 -49.45362473]
 [-50.87621307 -49.61309814 -47.64558411 -49.54811096]
 [-51.34215164 -48.74708176 -47.68849945 -49.27845383]
 [-47.85490036 -47.99475098 -46.61322784 -51.05543137]
 [  0.           0.           0.           0.        ]
 [  0.           0.           0.           0.        ]
 [  0.           0.           0.           0.        ]
 [ -2.42060947  -3.28227091  -3.13116717  -2.9309535 ]
 [  0.           0.           0.           0.        ]
 [  0.           0.           0.           0.        ]
 [  0.           0.           0.           0.        ]
 [  0.           0.           0.           0.        ]
 [  0.           0.           0.           0.        ]
 [-49.52410507 -45.31652451 -46.68038559 -46.85946274]
 [-48.44423676 -42.30660248 -42.81790543 -40.62001801]
 [-25.58477783 -24.62901497 -22.60609627 -26.02084923]
 [-13.8596077  -12.23966694 -13.83522606 -14.44727039]
 [ -4.74487448  -4.11250591  -3.87145495  -4.03382683]
 [ -3.87803507  -3.32262921  -2.9657712   -2.82331347]
 [ -3.13469076  -1.02237236  -1.38791394  -1.59723091]
 [  0.           0.           0.           0.        ]
 [  0.           0.           0.           0.        ]
 [  0.           0.           0.           0.        ]
 [-49.956604   -49.95026016 -49.95062637 -49.95056915]
 [  0.           0.           0.           0.        ]
 [-13.76945305 -14.02720928 -13.81037521 -13.95886421]
 [ -9.18082905  -9.25583172 -10.10299397  -9.88844395]
 [  0.           0.           0.           0.        ]
 [  0.           0.           0.           0.        ]
 [  0.           0.           0.           0.        ]
 [  0.           0.           0.           0.        ]
 [  0.           0.           0.           0.        ]
 [  0.           0.           0.           0.        ]
 [  0.           0.           0.           0.        ]
 [ -5.59779644  -5.29557419  -5.68405676  -5.70608473]
 [ -3.09765458  -2.88782358  -3.17477798  -3.17133737]
 [ -6.54136562  -3.55891204  -4.21803665  -3.37733364]
 [ -4.25173426  -3.59858346  -4.73502445  -3.98740554]
 [ -0.47550809  -0.48156446  -2.01017427  -0.99518228]
 [  0.00708685   0.00129733   0.00559044  -0.99121946]
 [  0.           0.           0.           0.        ]
 [  0.           0.           0.           0.        ]
 [  0.           0.           0.           0.        ]
 [ -1.97512054  -1.97962761  -1.18165314  -1.97943008]
 [ -0.3625448   -1.09242272  -1.18459868  -0.4307459 ]
 [ -1.25102568  -1.23471761  -1.339746    -1.42837143]
 [  0.           0.           0.           0.        ]
 [  0.           0.           0.           0.        ]
 [  0.00290345   0.00279641   0.00601543   0.00239995]
 [  0.           0.           0.           0.        ]
 [  0.           0.           0.           0.        ]
 [  0.           0.           0.           0.        ]
 [  0.           0.           0.           0.        ]
 [  0.           0.           0.           0.        ]
 [  0.           0.           0.           0.        ]
 [ -1.97207618  -4.79822683  -1.59661078  -2.35885143]
 [  0.           0.           0.           0.        ]
 [  0.           0.           0.           0.        ]
 [ -0.19305766   0.00535184  -0.01161399   0.0022941 ]
 [  0.           0.           0.           0.        ]
 [  0.           0.           0.           0.        ]
 [  0.           0.           0.           0.        ]
 [  0.           0.           0.           0.        ]
 [  0.           0.           0.           0.        ]
 [  0.           0.           0.           0.        ]
 [  0.           0.           0.           0.        ]
 [  0.           0.           0.           0.        ]
 [  0.           0.           0.           0.        ]
 [ -0.19117817   0.00036006  -0.01068258  -0.19887546]
 [  0.00378487  -0.01114059  -0.1983013    0.00503251]
 [  0.           0.           0.           0.        ]
 [  0.           0.           0.           0.        ]
 [  0.           0.           0.           0.        ]
 [  0.           0.           0.           0.        ]
 [  0.           0.           0.           0.        ]
 [  0.           0.           0.           0.        ]
 [  0.           0.           0.           0.        ]
 [  0.           0.           0.           0.        ]
 [  0.           0.           0.           0.        ]
 [  0.00985555   0.0025476    0.00044213   0.00934965]
 [  0.           0.           0.           0.        ]
 [  0.           0.           0.           0.        ]
 [  0.           0.           0.           0.        ]
 [  0.           0.           0.           0.        ]
 [  0.           0.           0.           0.        ]
 [  0.           0.           0.           0.        ]
 [  0.           0.           0.           0.        ]
 [  0.           0.           0.           0.        ]
 [  0.           0.           0.           0.        ]
 [  0.           0.           0.           0.        ]]
Training  | Episode: 710000/1000000  | Episode Reward: -52.0000 | Epsilon: 0.1695 | Goal reached: 0
Training  | Episode: 720000/1000000  | Episode Reward: -81.0000 | Epsilon: 0.1653 | Goal reached: 0
Training  | Episode: 730000/1000000  | Episode Reward: -61.0000 | Epsilon: 0.1612 | Goal reached: 0
Training  | Episode: 740000/1000000  | Episode Reward: -50.0000 | Epsilon: 0.1572 | Goal reached: 0
Training  | Episode: 750000/1000000  | Episode Reward: -62.0000 | Epsilon: 0.1534 | Goal reached: 0
Training  | Episode: 760000/1000000  | Episode Reward: -91.0000 | Epsilon: 0.1496 | Goal reached: 0
Training  | Episode: 770000/1000000  | Episode Reward: -52.0000 | Epsilon: 0.1459 | Goal reached: 0
Training  | Episode: 780000/1000000  | Episode Reward: -71.0000 | Epsilon: 0.1423 | Goal reached: 0
Training  | Episode: 790000/1000000  | Episode Reward: -50.0000 | Epsilon: 0.1388 | Goal reached: 0
Training  | Episode: 800000/1000000  | Episode Reward: -50.0000 | Epsilon: 0.1353 | Goal reached: 0
[[-52.3429451  -49.71234894 -50.69678497 -53.05533981]
 [  0.           0.           0.           0.        ]
 [  0.           0.           0.           0.        ]
 [  0.           0.           0.           0.        ]
 [  0.           0.           0.           0.        ]
 [  0.           0.           0.           0.        ]
 [  0.           0.           0.           0.        ]
 [  0.           0.           0.           0.        ]
 [  0.           0.           0.           0.        ]
 [  0.           0.           0.           0.        ]
 [-50.77750397 -48.95421982 -47.68651581 -49.72454071]
 [-50.86363983 -49.9330864  -48.19816208 -48.60946274]
 [-50.95002365 -49.40042877 -47.46968079 -49.38550949]
 [-48.23685837 -48.77317429 -46.66703033 -50.85293198]
 [  0.           0.           0.           0.        ]
 [  0.           0.           0.           0.        ]
 [  0.           0.           0.           0.        ]
 [ -3.37208438  -3.28227091  -3.13116717  -3.87218523]
 [  0.           0.           0.           0.        ]
 [  0.           0.           0.           0.        ]
 [  0.           0.           0.           0.        ]
 [  0.           0.           0.           0.        ]
 [  0.           0.           0.           0.        ]
 [-49.68389511 -44.09837723 -46.93291473 -46.82472229]
 [-48.69074249 -42.81820679 -43.24647522 -40.90189362]
 [-26.07292175 -26.17142868 -25.4942894  -26.86050606]
 [-15.87585545 -15.76331806 -15.94390106 -16.47529221]
 [ -5.45023537  -5.91833496  -5.63887072  -5.12063932]
 [ -3.87803507  -3.97413564  -3.90627956  -3.76667094]
 [ -3.13469076  -2.00178123  -1.38791394  -1.59723091]
 [  0.           0.           0.           0.        ]
 [  0.           0.           0.           0.        ]
 [  0.           0.           0.           0.        ]
 [-50.04046631 -49.99110794 -50.00432205 -50.03831863]
 [  0.           0.           0.           0.        ]
 [-16.03523254 -15.36221981 -14.37319565 -15.14781952]
 [-11.52741146 -12.17432785 -11.7500658  -11.86077023]
 [  0.           0.           0.           0.        ]
 [  0.           0.           0.           0.        ]
 [  0.           0.           0.           0.        ]
 [  0.           0.           0.           0.        ]
 [  0.           0.           0.           0.        ]
 [  0.           0.           0.           0.        ]
 [  0.           0.           0.           0.        ]
 [ -7.28353262  -7.12408257  -7.43862724  -6.72629023]
 [ -3.8986063   -3.8826375   -3.92108178  -3.92997503]
 [ -7.41045189  -6.28648901  -5.42320299  -5.40434742]
 [ -5.16655064  -4.71145821  -4.66899204  -4.27421093]
 [ -0.49611959  -0.74846435  -2.01017427  -0.99518228]
 [  0.00708685   0.00129733   0.00559044  -0.99121946]
 [  0.           0.           0.           0.        ]
 [  0.           0.           0.           0.        ]
 [  0.           0.           0.           0.        ]
 [ -1.97512054  -1.97962761  -2.15787816  -1.97943008]
 [ -1.35514832  -1.29679179  -1.29917037  -1.37038291]
 [ -2.41950202  -2.2632165   -2.31286502  -2.39971781]
 [  0.           0.           0.           0.        ]
 [  0.           0.           0.           0.        ]
 [  0.00290345   0.00279641  -0.01395394   0.00239995]
 [  0.           0.           0.           0.        ]
 [  0.           0.           0.           0.        ]
 [  0.           0.           0.           0.        ]
 [  0.           0.           0.           0.        ]
 [  0.           0.           0.           0.        ]
 [  0.           0.           0.           0.        ]
 [ -3.11254978  -5.70211506  -2.56450701  -2.54351449]
 [  0.           0.           0.           0.        ]
 [  0.           0.           0.           0.        ]
 [ -0.19305766  -0.19474871  -0.01161399   0.0022941 ]
 [  0.           0.           0.           0.        ]
 [  0.           0.           0.           0.        ]
 [  0.           0.           0.           0.        ]
 [  0.           0.           0.           0.        ]
 [  0.           0.           0.           0.        ]
 [  0.           0.           0.           0.        ]
 [  0.           0.           0.           0.        ]
 [  0.           0.           0.           0.        ]
 [  0.           0.           0.           0.        ]
 [ -0.19117817   0.00036006  -0.01068258  -0.19887546]
 [  0.00378487  -0.01114059  -0.1983013    0.00503251]
 [  0.           0.           0.           0.        ]
 [  0.           0.           0.           0.        ]
 [  0.           0.           0.           0.        ]
 [  0.           0.           0.           0.        ]
 [  0.           0.           0.           0.        ]
 [  0.           0.           0.           0.        ]
 [  0.           0.           0.           0.        ]
 [  0.           0.           0.           0.        ]
 [  0.           0.           0.           0.        ]
 [  0.00985555   0.0025476    0.00044213   0.00934965]
 [  0.           0.           0.           0.        ]
 [  0.           0.           0.           0.        ]
 [  0.           0.           0.           0.        ]
 [  0.           0.           0.           0.        ]
 [  0.           0.           0.           0.        ]
 [  0.           0.           0.           0.        ]
 [  0.           0.           0.           0.        ]
 [  0.           0.           0.           0.        ]
 [  0.           0.           0.           0.        ]
 [  0.           0.           0.           0.        ]]
Training  | Episode: 810000/1000000  | Episode Reward: -50.0000 | Epsilon: 0.1320 | Goal reached: 0
Training  | Episode: 820000/1000000  | Episode Reward: -50.0000 | Epsilon: 0.1287 | Goal reached: 0
Training  | Episode: 830000/1000000  | Episode Reward: -60.0000 | Epsilon: 0.1256 | Goal reached: 0
Training  | Episode: 840000/1000000  | Episode Reward: -60.0000 | Epsilon: 0.1225 | Goal reached: 0
Training  | Episode: 850000/1000000  | Episode Reward: -51.0000 | Epsilon: 0.1194 | Goal reached: 0
Training  | Episode: 860000/1000000  | Episode Reward: -50.0000 | Epsilon: 0.1165 | Goal reached: 0
Training  | Episode: 870000/1000000  | Episode Reward: -50.0000 | Epsilon: 0.1136 | Goal reached: 0
Training  | Episode: 880000/1000000  | Episode Reward: -50.0000 | Epsilon: 0.1108 | Goal reached: 0
Training  | Episode: 890000/1000000  | Episode Reward: -61.0000 | Epsilon: 0.1081 | Goal reached: 0
Training  | Episode: 900000/1000000  | Episode Reward: -50.0000 | Epsilon: 0.1054 | Goal reached: 0
[[-51.91501236 -50.49729919 -49.38902283 -53.56798553]
 [  0.           0.           0.           0.        ]
 [  0.           0.           0.           0.        ]
 [  0.           0.           0.           0.        ]
 [  0.           0.           0.           0.        ]
 [  0.           0.           0.           0.        ]
 [  0.           0.           0.           0.        ]
 [  0.           0.           0.           0.        ]
 [  0.           0.           0.           0.        ]
 [  0.           0.           0.           0.        ]
 [-50.50302887 -49.03363419 -48.0027504  -49.40072632]
 [-51.26194    -48.84120941 -48.05385971 -49.74872589]
 [-50.98470306 -48.60861969 -47.51264954 -48.66593552]
 [-48.69328308 -48.79292679 -46.3110199  -50.75808334]
 [  0.           0.           0.           0.        ]
 [  0.           0.           0.           0.        ]
 [  0.           0.           0.           0.        ]
 [ -4.52433157  -5.13194418  -4.98688698  -4.79459238]
 [  0.           0.           0.           0.        ]
 [  0.           0.           0.           0.        ]
 [  0.           0.           0.           0.        ]
 [  0.           0.           0.           0.        ]
 [  0.           0.           0.           0.        ]
 [-49.67213058 -45.24116898 -46.95398331 -47.5590477 ]
 [-48.83380127 -43.60204697 -43.05283356 -40.62406921]
 [-27.43320656 -26.88761902 -25.59793282 -27.46894264]
 [-15.99508858 -15.53539562 -16.03805542 -16.81730652]
 [ -6.34105968  -6.54566574  -6.49289989  -6.4673152 ]
 [ -4.80029821  -4.8715086   -4.82797766  -4.63596058]
 [ -3.13469076  -2.00178123  -2.36001205  -2.75798917]
 [  0.           0.           0.           0.        ]
 [  0.           0.           0.           0.        ]
 [  0.           0.           0.           0.        ]
 [-50.05053711 -49.99181747 -50.00243378 -50.03416443]
 [  0.           0.           0.           0.        ]
 [-16.36306953 -15.24951839 -16.09082603 -17.29843712]
 [-13.1862154  -13.6789856  -13.9287672  -13.92700291]
 [  0.           0.           0.           0.        ]
 [  0.           0.           0.           0.        ]
 [  0.           0.           0.           0.        ]
 [  0.           0.           0.           0.        ]
 [  0.           0.           0.           0.        ]
 [  0.           0.           0.           0.        ]
 [  0.           0.           0.           0.        ]
 [ -9.68714714  -9.27806473  -8.94820118  -9.5076046 ]
 [ -5.4368577   -5.37219381  -5.53147268  -6.04495239]
 [ -8.26215649  -7.23028469  -7.4703207   -6.8435173 ]
 [ -6.06304884  -5.61708021  -5.57544136  -5.3996706 ]
 [ -0.49611959  -0.74846435  -2.01017427  -0.99518228]
 [  0.00708685   0.00129733   0.00559044  -0.99121946]
 [  0.           0.           0.           0.        ]
 [  0.           0.           0.           0.        ]
 [  0.           0.           0.           0.        ]
 [ -2.93544745  -1.97962761  -2.15787816  -2.16389632]
 [ -2.64090419  -2.3674798   -2.61536741  -2.47790384]
 [ -3.75926208  -3.58284354  -3.71868396  -3.5662353 ]
 [  0.           0.           0.           0.        ]
 [  0.           0.           0.           0.        ]
 [  0.00290345   0.00279641  -0.01395394   0.00239995]
 [  0.           0.           0.           0.        ]
 [  0.           0.           0.           0.        ]
 [  0.           0.           0.           0.        ]
 [  0.           0.           0.           0.        ]
 [  0.           0.           0.           0.        ]
 [  0.           0.           0.           0.        ]
 [ -4.24505949  -5.70211506  -3.51306963  -3.67817521]
 [  0.           0.           0.           0.        ]
 [  0.           0.           0.           0.        ]
 [ -0.19305766  -0.19474871  -0.01161399   0.0022941 ]
 [  0.           0.           0.           0.        ]
 [  0.           0.           0.           0.        ]
 [  0.           0.           0.           0.        ]
 [  0.           0.           0.           0.        ]
 [  0.           0.           0.           0.        ]
 [  0.           0.           0.           0.        ]
 [  0.           0.           0.           0.        ]
 [  0.           0.           0.           0.        ]
 [  0.           0.           0.           0.        ]
 [ -0.19117817   0.00036006  -0.01068258  -0.19887546]
 [  0.00378487  -0.01114059  -0.1983013    0.00503251]
 [  0.           0.           0.           0.        ]
 [  0.           0.           0.           0.        ]
 [  0.           0.           0.           0.        ]
 [  0.           0.           0.           0.        ]
 [  0.           0.           0.           0.        ]
 [  0.           0.           0.           0.        ]
 [  0.           0.           0.           0.        ]
 [  0.           0.           0.           0.        ]
 [  0.           0.           0.           0.        ]
 [  0.00985555   0.0025476    0.00044213   0.00934965]
 [  0.           0.           0.           0.        ]
 [  0.           0.           0.           0.        ]
 [  0.           0.           0.           0.        ]
 [  0.           0.           0.           0.        ]
 [  0.           0.           0.           0.        ]
 [  0.           0.           0.           0.        ]
 [  0.           0.           0.           0.        ]
 [  0.           0.           0.           0.        ]
 [  0.           0.           0.           0.        ]
 [  0.           0.           0.           0.        ]]
Training  | Episode: 910000/1000000  | Episode Reward: -50.0000 | Epsilon: 0.1028 | Goal reached: 0
Training  | Episode: 920000/1000000  | Episode Reward: -50.0000 | Epsilon: 0.1003 | Goal reached: 0
Training  | Episode: 930000/1000000  | Episode Reward: -61.0000 | Epsilon: 0.1000 | Goal reached: 0
Training  | Episode: 940000/1000000  | Episode Reward: -50.0000 | Epsilon: 0.1000 | Goal reached: 0
Training  | Episode: 950000/1000000  | Episode Reward: -52.0000 | Epsilon: 0.1000 | Goal reached: 0
Training  | Episode: 960000/1000000  | Episode Reward: -92.0000 | Epsilon: 0.1000 | Goal reached: 0
Training  | Episode: 970000/1000000  | Episode Reward: -131.0000 | Epsilon: 0.1000 | Goal reached: 0
Training  | Episode: 980000/1000000  | Episode Reward: -81.0000 | Epsilon: 0.1000 | Goal reached: 0
Training  | Episode: 990000/1000000  | Episode Reward: -60.0000 | Epsilon: 0.1000 | Goal reached: 0
[[-51.95454407 -50.55735397 -51.43816376 -53.60668564]
 [  0.           0.           0.           0.        ]
 [  0.           0.           0.           0.        ]
 [  0.           0.           0.           0.        ]
 [  0.           0.           0.           0.        ]
 [  0.           0.           0.           0.        ]
 [  0.           0.           0.           0.        ]
 [  0.           0.           0.           0.        ]
 [  0.           0.           0.           0.        ]
 [  0.           0.           0.           0.        ]
 [-50.13288116 -48.97253418 -48.30823898 -49.67664719]
 [-51.36816025 -49.13182449 -47.88855743 -48.95153427]
 [-51.14797211 -49.17197037 -47.95291138 -48.97822189]
 [-48.24023438 -48.26421356 -47.34329224 -50.86842728]
 [  0.           0.           0.           0.        ]
 [  0.           0.           0.           0.        ]
 [  0.           0.           0.           0.        ]
 [ -5.85132551  -5.76736069  -5.88703632  -5.69855118]
 [  0.           0.           0.           0.        ]
 [  0.           0.           0.           0.        ]
 [  0.           0.           0.           0.        ]
 [  0.           0.           0.           0.        ]
 [  0.           0.           0.           0.        ]
 [-49.52180862 -46.22288895 -46.88557816 -48.12005615]
 [-48.95965958 -43.79689407 -43.70650864 -44.27058411]
 [-28.98183823 -28.56931305 -29.09768295 -29.05463409]
 [-18.14504242 -17.42825699 -17.92664719 -17.75756264]
 [ -7.37131023  -7.56667805  -7.25158644  -7.5939889 ]
 [ -5.91965961  -5.73966455  -5.73125505  -5.07896471]
 [ -3.13469076  -2.96160197  -3.31266809  -2.95247316]
 [  0.           0.           0.           0.        ]
 [  0.           0.           0.           0.        ]
 [  0.           0.           0.           0.        ]
 [-50.04818344 -49.99183655 -50.01275253 -50.04151154]
 [  0.           0.           0.           0.        ]
 [-17.51778984 -17.98617363 -17.39543152 -17.60894203]
 [-14.85077667 -15.2158823  -15.41918564 -15.27816677]
 [  0.           0.           0.           0.        ]
 [  0.           0.           0.           0.        ]
 [  0.           0.           0.           0.        ]
 [  0.           0.           0.           0.        ]
 [  0.           0.           0.           0.        ]
 [  0.           0.           0.           0.        ]
 [  0.           0.           0.           0.        ]
 [-11.16458416 -10.09236145  -9.67917824 -10.54797935]
 [ -7.01904678  -6.71072197  -6.65044737  -6.76340246]
 [ -9.56186676  -8.92379475  -9.10918808  -8.64755821]
 [ -6.06304884  -5.61708021  -6.38728619  -5.83900547]
 [ -0.76313299  -0.74846435  -2.01017427  -0.99518228]
 [  0.00708685   0.00129733   0.00559044  -0.99121946]
 [  0.           0.           0.           0.        ]
 [  0.           0.           0.           0.        ]
 [  0.           0.           0.           0.        ]
 [ -2.93544745  -2.17694902  -2.36498547  -2.16389632]
 [ -3.90197372  -3.74110794  -3.31989312  -3.10878754]
 [ -4.88248301  -4.88068295  -5.08454275  -5.09740686]
 [  0.           0.           0.           0.        ]
 [  0.           0.           0.           0.        ]
 [  0.00290345   0.00279641  -0.01395394   0.00239995]
 [  0.           0.           0.           0.        ]
 [  0.           0.           0.           0.        ]
 [  0.           0.           0.           0.        ]
 [  0.           0.           0.           0.        ]
 [  0.           0.           0.           0.        ]
 [  0.           0.           0.           0.        ]
 [ -5.16001272  -5.70211506  -4.44263649  -3.86936474]
 [  0.           0.           0.           0.        ]
 [  0.           0.           0.           0.        ]
 [ -0.19305766  -0.19474871  -0.01161399   0.0022941 ]
 [  0.           0.           0.           0.        ]
 [  0.           0.           0.           0.        ]
 [  0.           0.           0.           0.        ]
 [  0.           0.           0.           0.        ]
 [  0.           0.           0.           0.        ]
 [  0.           0.           0.           0.        ]
 [  0.           0.           0.           0.        ]
 [  0.           0.           0.           0.        ]
 [  0.           0.           0.           0.        ]
 [ -0.19117817   0.00036006  -0.01068258  -0.19887546]
 [  0.00378487  -0.01114059  -0.1983013    0.00503251]
 [  0.           0.           0.           0.        ]
 [  0.           0.           0.           0.        ]
 [  0.           0.           0.           0.        ]
 [  0.           0.           0.           0.        ]
 [  0.           0.           0.           0.        ]
 [  0.           0.           0.           0.        ]
 [  0.           0.           0.           0.        ]
 [  0.           0.           0.           0.        ]
 [  0.           0.           0.           0.        ]
 [  0.00985555   0.0025476    0.00044213   0.00934965]
 [  0.           0.           0.           0.        ]
 [  0.           0.           0.           0.        ]
 [  0.           0.           0.           0.        ]
 [  0.           0.           0.           0.        ]
 [  0.           0.           0.           0.        ]
 [  0.           0.           0.           0.        ]
 [  0.           0.           0.           0.        ]
 [  0.           0.           0.           0.        ]
 [  0.           0.           0.           0.        ]
 [  0.           0.           0.           0.        ]]
