___ACTION___MAP
gamma:  0.7 learning rate:  0.1 eps decay:  0.99999
[[b'S' b'F' b'F' b'F' b'F' b'H' b'H' b'H' b'H' b'H']
 [b'F' b'H' b'H' b'F' b'F' b'F' b'H' b'F' b'F' b'H']
 [b'H' b'H' b'H' b'H' b'H' b'F' b'H' b'H' b'H' b'H']
 [b'H' b'H' b'F' b'H' b'H' b'F' b'F' b'F' b'F' b'H']
 [b'F' b'H' b'F' b'H' b'F' b'F' b'H' b'F' b'F' b'F']
 [b'F' b'F' b'H' b'H' b'F' b'F' b'F' b'H' b'H' b'H']
 [b'H' b'H' b'H' b'H' b'H' b'F' b'F' b'F' b'F' b'H']
 [b'H' b'H' b'H' b'H' b'H' b'H' b'H' b'F' b'H' b'H']
 [b'H' b'F' b'H' b'H' b'H' b'F' b'H' b'F' b'H' b'H']
 [b'H' b'F' b'H' b'H' b'H' b'H' b'H' b'F' b'F' b'G']]
[<tf.Variable 'q_a_s/weights:0' shape=(100, 4) dtype=float32, numpy=
array([[0.00457327, 0.00113814, 0.00016283, 0.00383855],
       [0.0006937 , 0.00965649, 0.00310727, 0.00165843],
       [0.00470989, 0.00121181, 0.00503742, 0.00220611],
       [0.00417535, 0.00774688, 0.00851531, 0.00969763],
       [0.00554226, 0.00990967, 0.00936223, 0.00026164],
       [0.00369975, 0.00945051, 0.00033809, 0.00780325],
       [0.00735848, 0.00352344, 0.0072061 , 0.00960661],
       [0.00154969, 0.001152  , 0.00479431, 0.00784637],
       [0.00836754, 0.00135063, 0.00988497, 0.00999245],
       [0.00313379, 0.00374265, 0.006531  , 0.00541898],
       [0.00350148, 0.00023979, 0.00338935, 0.00289356],
       [0.00492893, 0.00700714, 0.00318824, 0.00279637],
       [0.00260247, 0.00077648, 0.00591504, 0.00165327],
       [0.00815807, 0.00066478, 0.00116858, 0.00589617],
       [0.00724387, 0.00187111, 0.00563594, 0.0018153 ],
       [0.0033818 , 0.00004991, 0.00588979, 0.00389205],
       [0.00255141, 0.00949104, 0.00485258, 0.00263515],
       [0.00776831, 0.00107375, 0.00196035, 0.00173325],
       [0.00978359, 0.00864255, 0.00173653, 0.00609339],
       [0.00982069, 0.00084849, 0.00261061, 0.00063231],
       [0.00361115, 0.00083133, 0.00562606, 0.00539697],
       [0.00743337, 0.000205  , 0.00384377, 0.00225589],
       [0.00891315, 0.00379488, 0.00261751, 0.00185001],
       [0.00972322, 0.00100225, 0.00950689, 0.00130639],
       [0.00471992, 0.00374969, 0.00449662, 0.00470148],
       [0.00906495, 0.00088859, 0.00756556, 0.00922572],
       [0.00428575, 0.00880692, 0.00938549, 0.00919665],
       [0.00594576, 0.00636545, 0.00677609, 0.0074141 ],
       [0.00335317, 0.00061026, 0.00829381, 0.00926621],
       [0.00815245, 0.00493278, 0.00537416, 0.0068794 ],
       [0.00484591, 0.00601705, 0.00205616, 0.00618071],
       [0.00680953, 0.0097605 , 0.00295085, 0.00845259],
       [0.00649179, 0.00037563, 0.00247519, 0.00740155],
       [0.00654366, 0.00259655, 0.00728833, 0.00732098],
       [0.00358734, 0.00569226, 0.00670293, 0.00593143],
       [0.00462601, 0.0011586 , 0.00954644, 0.00375157],
       [0.00765521, 0.00981191, 0.00878908, 0.00918321],
       [0.00122899, 0.00994991, 0.0006658 , 0.00885952],
       [0.00423087, 0.00472509, 0.00157161, 0.00920275],
       [0.00072654, 0.00743505, 0.00866794, 0.00886519],
       [0.00656199, 0.00661196, 0.00622424, 0.00850602],
       [0.00183728, 0.00448522, 0.00617451, 0.00415137],
       [0.00702329, 0.00464762, 0.00917267, 0.00335641],
       [0.00815736, 0.00534338, 0.00300507, 0.00128354],
       [0.00171315, 0.00420308, 0.00770755, 0.00230713],
       [0.00422998, 0.0001965 , 0.00032208, 0.00888229],
       [0.00273066, 0.00607302, 0.00920821, 0.00688427],
       [0.00408865, 0.00698071, 0.00817098, 0.00495088],
       [0.00670653, 0.00779412, 0.00791813, 0.00067557],
       [0.00206125, 0.0000218 , 0.004417  , 0.00917698],
       [0.00763196, 0.00846482, 0.00022728, 0.00767015],
       [0.00506021, 0.00052826, 0.00228973, 0.00652961],
       [0.0015617 , 0.00369837, 0.00494338, 0.00507197],
       [0.00471403, 0.00743149, 0.00275792, 0.00529512],
       [0.00455203, 0.00707753, 0.00149078, 0.00319052],
       [0.00719481, 0.00659177, 0.00360323, 0.00534186],
       [0.00885864, 0.00203992, 0.0062108 , 0.00028535],
       [0.00342197, 0.00639698, 0.00551746, 0.00260762],
       [0.00219146, 0.003767  , 0.00981251, 0.00834512],
       [0.00392292, 0.00414978, 0.00616284, 0.00231129],
       [0.00782736, 0.00564138, 0.00122906, 0.00235688],
       [0.00876692, 0.00645928, 0.00427389, 0.00497345],
       [0.00848439, 0.00845396, 0.00529234, 0.0097798 ],
       [0.0072949 , 0.00632515, 0.0067906 , 0.00774014],
       [0.00523072, 0.00984746, 0.00717972, 0.00587721],
       [0.00271815, 0.00851494, 0.00053219, 0.00770225],
       [0.00075681, 0.00150463, 0.00846466, 0.00800168],
       [0.00086814, 0.00611017, 0.00212381, 0.00546528],
       [0.00233439, 0.00621265, 0.00870249, 0.00674448],
       [0.00710301, 0.00107663, 0.00754824, 0.00219897],
       [0.00118839, 0.00870857, 0.0070655 , 0.00204371],
       [0.00058462, 0.00618553, 0.00729229, 0.00441688],
       [0.00426422, 0.00466088, 0.00772997, 0.00852183],
       [0.00348439, 0.00996413, 0.00080531, 0.00879245],
       [0.00393657, 0.00294268, 0.00513782, 0.00062011],
       [0.00504608, 0.00268615, 0.00193726, 0.00609924],
       [0.00649675, 0.00734217, 0.00172455, 0.00818115],
       [0.0065104 , 0.00068436, 0.00918485, 0.00318469],
       [0.00576877, 0.0011193 , 0.00674926, 0.00523357],
       [0.00788129, 0.00582741, 0.00125066, 0.00398355],
       [0.0010879 , 0.00076247, 0.00001559, 0.00125204],
       [0.00582819, 0.00724535, 0.00790912, 0.00016521],
       [0.00337562, 0.0043838 , 0.00900241, 0.00708401],
       [0.00927146, 0.00621726, 0.00314127, 0.00993029],
       [0.0024021 , 0.00935177, 0.00960927, 0.00799005],
       [0.00452715, 0.00592534, 0.00006129, 0.00556584],
       [0.00677585, 0.00383819, 0.0011404 , 0.00538006],
       [0.00427933, 0.00517656, 0.00441068, 0.00468289],
       [0.00592181, 0.00048812, 0.00991725, 0.00004271],
       [0.00570001, 0.00720698, 0.00042928, 0.00193776],
       [0.00034929, 0.00036326, 0.00016323, 0.00931183],
       [0.00826865, 0.00054057, 0.00086003, 0.00168545],
       [0.00698376, 0.00356597, 0.00244684, 0.00958415],
       [0.0075372 , 0.00348331, 0.0080583 , 0.00816463],
       [0.00767884, 0.00267543, 0.0020215 , 0.00515544],
       [0.00645369, 0.0039378 , 0.00828474, 0.00333919],
       [0.0095351 , 0.00153945, 0.00611927, 0.00233892],
       [0.0079553 , 0.00060442, 0.00259465, 0.00527605],
       [0.00966695, 0.00415338, 0.00472813, 0.00619749],
       [0.00970549, 0.00059932, 0.00765667, 0.0047082 ]], dtype=float32)>]
Training  | Episode: 0/1000000  | Episode Reward: -61.0000 | Epsilon: 0.2000 | Goal reached: 0
[[ 0.00457327  0.00113814 -1.99922955  0.00383855]
 [ 0.          0.          0.          0.        ]
 [ 0.          0.          0.          0.        ]
 [ 0.          0.          0.          0.        ]
 [ 0.          0.          0.          0.        ]
 [ 0.          0.          0.          0.        ]
 [ 0.          0.          0.          0.        ]
 [ 0.          0.          0.          0.        ]
 [ 0.          0.          0.          0.        ]
 [ 0.          0.          0.          0.        ]
 [ 0.00350148  0.00023979  0.00338935  0.00289356]
 [ 0.          0.          0.          0.        ]
 [ 0.          0.          0.          0.        ]
 [ 0.          0.          0.          0.        ]
 [ 0.          0.          0.          0.        ]
 [ 0.          0.          0.          0.        ]
 [ 0.          0.          0.          0.        ]
 [ 0.          0.          0.          0.        ]
 [ 0.          0.          0.          0.        ]
 [ 0.          0.          0.          0.        ]
 [ 0.          0.          0.          0.        ]
 [ 0.          0.          0.          0.        ]
 [ 0.          0.          0.          0.        ]
 [ 0.          0.          0.          0.        ]
 [ 0.          0.          0.          0.        ]
 [ 0.          0.          0.          0.        ]
 [ 0.          0.          0.          0.        ]
 [ 0.          0.          0.          0.        ]
 [ 0.          0.          0.          0.        ]
 [ 0.          0.          0.          0.        ]
 [ 0.          0.          0.          0.        ]
 [ 0.          0.          0.          0.        ]
 [ 0.          0.          0.          0.        ]
 [ 0.          0.          0.          0.        ]
 [ 0.          0.          0.          0.        ]
 [ 0.          0.          0.          0.        ]
 [ 0.          0.          0.          0.        ]
 [ 0.          0.          0.          0.        ]
 [ 0.          0.          0.          0.        ]
 [ 0.          0.          0.          0.        ]
 [ 0.          0.          0.          0.        ]
 [ 0.          0.          0.          0.        ]
 [ 0.          0.          0.          0.        ]
 [ 0.          0.          0.          0.        ]
 [ 0.          0.          0.          0.        ]
 [ 0.          0.          0.          0.        ]
 [ 0.          0.          0.          0.        ]
 [ 0.          0.          0.          0.        ]
 [ 0.          0.          0.          0.        ]
 [ 0.          0.          0.          0.        ]
 [ 0.          0.          0.          0.        ]
 [ 0.          0.          0.          0.        ]
 [ 0.          0.          0.          0.        ]
 [ 0.          0.          0.          0.        ]
 [ 0.          0.          0.          0.        ]
 [ 0.          0.          0.          0.        ]
 [ 0.          0.          0.          0.        ]
 [ 0.          0.          0.          0.        ]
 [ 0.          0.          0.          0.        ]
 [ 0.          0.          0.          0.        ]
 [ 0.          0.          0.          0.        ]
 [ 0.          0.          0.          0.        ]
 [ 0.          0.          0.          0.        ]
 [ 0.          0.          0.          0.        ]
 [ 0.          0.          0.          0.        ]
 [ 0.          0.          0.          0.        ]
 [ 0.          0.          0.          0.        ]
 [ 0.          0.          0.          0.        ]
 [ 0.          0.          0.          0.        ]
 [ 0.          0.          0.          0.        ]
 [ 0.          0.          0.          0.        ]
 [ 0.          0.          0.          0.        ]
 [ 0.          0.          0.          0.        ]
 [ 0.          0.          0.          0.        ]
 [ 0.          0.          0.          0.        ]
 [ 0.          0.          0.          0.        ]
 [ 0.          0.          0.          0.        ]
 [ 0.          0.          0.          0.        ]
 [ 0.          0.          0.          0.        ]
 [ 0.          0.          0.          0.        ]
 [ 0.          0.          0.          0.        ]
 [ 0.          0.          0.          0.        ]
 [ 0.          0.          0.          0.        ]
 [ 0.          0.          0.          0.        ]
 [ 0.          0.          0.          0.        ]
 [ 0.          0.          0.          0.        ]
 [ 0.          0.          0.          0.        ]
 [ 0.          0.          0.          0.        ]
 [ 0.          0.          0.          0.        ]
 [ 0.          0.          0.          0.        ]
 [ 0.          0.          0.          0.        ]
 [ 0.          0.          0.          0.        ]
 [ 0.          0.          0.          0.        ]
 [ 0.          0.          0.          0.        ]
 [ 0.          0.          0.          0.        ]
 [ 0.          0.          0.          0.        ]
 [ 0.          0.          0.          0.        ]
 [ 0.          0.          0.          0.        ]
 [ 0.          0.          0.          0.        ]
 [ 0.          0.          0.          0.        ]]
Training  | Episode: 10000/1000000  | Episode Reward: -141.0000 | Epsilon: 0.2000 | Goal reached: 0
Training  | Episode: 20000/1000000  | Episode Reward: -51.0000 | Epsilon: 0.2000 | Goal reached: 0
Training  | Episode: 30000/1000000  | Episode Reward: -51.0000 | Epsilon: 0.2000 | Goal reached: 0
Training  | Episode: 40000/1000000  | Episode Reward: -52.0000 | Epsilon: 0.2000 | Goal reached: 0
Training  | Episode: 50000/1000000  | Episode Reward: -51.0000 | Epsilon: 0.2000 | Goal reached: 0
Training  | Episode: 60000/1000000  | Episode Reward: -51.0000 | Epsilon: 0.2000 | Goal reached: 0
Training  | Episode: 70000/1000000  | Episode Reward: -51.0000 | Epsilon: 0.2000 | Goal reached: 0
Training  | Episode: 80000/1000000  | Episode Reward: -51.0000 | Epsilon: 0.2000 | Goal reached: 0
Training  | Episode: 90000/1000000  | Episode Reward: -71.0000 | Epsilon: 0.2000 | Goal reached: 0
Training  | Episode: 100000/1000000  | Episode Reward: -71.0000 | Epsilon: 0.2000 | Goal reached: 0
[[  0.00457327  -7.26614428  -5.97913027   0.00383855]
 [  0.0006937  -25.20178032 -30.65262222   0.00165843]
 [  0.00470989 -24.04746628 -32.90389633   0.00220611]
 [  0.00417535  -4.20641136  -2.89020276   0.00969763]
 [  0.00554226 -36.25793457 -18.13813782   0.00026164]
 [  0.           0.           0.           0.        ]
 [  0.           0.           0.           0.        ]
 [  0.           0.           0.           0.        ]
 [  0.           0.           0.           0.        ]
 [  0.           0.           0.           0.        ]
 [  0.00350148 -45.35832214 -26.64735413   0.00289356]
 [  0.           0.           0.           0.        ]
 [  0.           0.           0.           0.        ]
 [  0.00815807 -30.97691345 -14.91681767   0.00589617]
 [  0.00724387  -9.95936584 -17.40023804   0.0018153 ]
 [  0.0033818   -7.07754803 -33.95316315   0.00389205]
 [  0.           0.           0.           0.        ]
 [  0.           0.           0.           0.        ]
 [  0.           0.           0.           0.        ]
 [  0.           0.           0.           0.        ]
 [  0.           0.           0.           0.        ]
 [  0.           0.           0.           0.        ]
 [  0.           0.           0.           0.        ]
 [  0.           0.           0.           0.        ]
 [  0.           0.           0.           0.        ]
 [  0.00906495 -40.71548843 -39.55343628   0.00922572]
 [  0.           0.           0.           0.        ]
 [  0.           0.           0.           0.        ]
 [  0.           0.           0.           0.        ]
 [  0.           0.           0.           0.        ]
 [  0.           0.           0.           0.        ]
 [  0.           0.           0.           0.        ]
 [  0.           0.           0.           0.        ]
 [  0.           0.           0.           0.        ]
 [  0.           0.           0.           0.        ]
 [  0.00462601 -21.82820892  -6.22116613   0.00375157]
 [  0.00765521 -26.4260025  -33.21363831   0.00918321]
 [  0.00122899  -4.78842497 -28.52083015   0.00885952]
 [  0.00423087  -9.97805405 -17.9967041    0.00920275]
 [  0.           0.           0.           0.        ]
 [  0.           0.           0.           0.        ]
 [  0.           0.           0.           0.        ]
 [  0.           0.           0.           0.        ]
 [  0.           0.           0.           0.        ]
 [  0.00171315 -21.97329712 -16.10770988   0.00230713]
 [  0.00422998 -11.14222336 -23.74703789   0.00888229]
 [  0.           0.           0.           0.        ]
 [  0.00408865 -21.75624847 -13.73289108   0.00495088]
 [  0.00670653  -1.97866845 -13.44084454   0.00067557]
 [  0.00206125 -10.815588   -24.39495277   0.00917698]
 [  0.           0.           0.           0.        ]
 [  0.           0.           0.           0.        ]
 [  0.           0.           0.           0.        ]
 [  0.           0.           0.           0.        ]
 [  0.00455203 -34.78291321 -24.10955811   0.00319052]
 [  0.00719481  -1.75498366  -4.95601749   0.00534186]
 [  0.00885864 -24.63828659 -23.32576752   0.00028535]
 [  0.           0.           0.           0.        ]
 [  0.           0.           0.           0.        ]
 [  0.           0.           0.           0.        ]
 [  0.           0.           0.           0.        ]
 [  0.           0.           0.           0.        ]
 [  0.           0.           0.           0.        ]
 [  0.           0.           0.           0.        ]
 [  0.           0.           0.           0.        ]
 [  0.00271815 -35.49444962 -25.46816063   0.00770225]
 [  0.00075681 -21.03687859 -17.00838089   0.00800168]
 [  0.00086814  -1.99399161  -0.19701509   0.00546528]
 [  0.           0.           0.           0.        ]
 [  0.           0.           0.           0.        ]
 [  0.           0.           0.           0.        ]
 [  0.           0.           0.           0.        ]
 [  0.           0.           0.           0.        ]
 [  0.           0.           0.           0.        ]
 [  0.           0.           0.           0.        ]
 [  0.           0.           0.           0.        ]
 [  0.           0.           0.           0.        ]
 [  0.0065104   -9.9985075   -0.1919274    0.00318469]
 [  0.           0.           0.           0.        ]
 [  0.           0.           0.           0.        ]
 [  0.           0.           0.           0.        ]
 [  0.           0.           0.           0.        ]
 [  0.           0.           0.           0.        ]
 [  0.           0.           0.           0.        ]
 [  0.           0.           0.           0.        ]
 [  0.           0.           0.           0.        ]
 [  0.           0.           0.           0.        ]
 [  0.00427933   0.00517656  -1.99556005   0.00468289]
 [  0.           0.           0.           0.        ]
 [  0.           0.           0.           0.        ]
 [  0.           0.           0.           0.        ]
 [  0.           0.           0.           0.        ]
 [  0.           0.           0.           0.        ]
 [  0.           0.           0.           0.        ]
 [  0.           0.           0.           0.        ]
 [  0.           0.           0.           0.        ]
 [  0.           0.           0.           0.        ]
 [  0.           0.           0.           0.        ]
 [  0.           0.           0.           0.        ]
 [  0.           0.           0.           0.        ]]
Training  | Episode: 110000/1000000  | Episode Reward: -51.0000 | Epsilon: 0.2000 | Goal reached: 0
Training  | Episode: 120000/1000000  | Episode Reward: -51.0000 | Epsilon: 0.2000 | Goal reached: 0
Training  | Episode: 130000/1000000  | Episode Reward: -51.0000 | Epsilon: 0.2000 | Goal reached: 0
Training  | Episode: 140000/1000000  | Episode Reward: -61.0000 | Epsilon: 0.2000 | Goal reached: 0
Training  | Episode: 150000/1000000  | Episode Reward: -61.0000 | Epsilon: 0.2000 | Goal reached: 0
Training  | Episode: 160000/1000000  | Episode Reward: -52.0000 | Epsilon: 0.2000 | Goal reached: 0
Training  | Episode: 170000/1000000  | Episode Reward: -61.0000 | Epsilon: 0.2000 | Goal reached: 0
Training  | Episode: 180000/1000000  | Episode Reward: -61.0000 | Epsilon: 0.2000 | Goal reached: 0
Training  | Episode: 190000/1000000  | Episode Reward: -61.0000 | Epsilon: 0.2000 | Goal reached: 0
Training  | Episode: 200000/1000000  | Episode Reward: -72.0000 | Epsilon: 0.2000 | Goal reached: 0
[[  0.00457327  -5.05622005  -5.64001083   0.00383855]
 [  0.0006937  -24.66460037 -24.14141464   0.00165843]
 [  0.00470989 -13.28364182 -18.77785873   0.00220611]
 [  0.00417535  -4.14610529  -8.01548767   0.00969763]
 [  0.00554226 -16.77015495 -26.72227478   0.00026164]
 [  0.           0.           0.           0.        ]
 [  0.           0.           0.           0.        ]
 [  0.           0.           0.           0.        ]
 [  0.           0.           0.           0.        ]
 [  0.           0.           0.           0.        ]
 [  0.00350148 -32.74947357 -18.66722679   0.00289356]
 [  0.           0.           0.           0.        ]
 [  0.           0.           0.           0.        ]
 [  0.00815807 -30.98800659 -28.78920746   0.00589617]
 [  0.00724387 -10.91297531 -30.26913834   0.0018153 ]
 [  0.0033818  -26.28509903 -30.01693344   0.00389205]
 [  0.           0.           0.           0.        ]
 [  0.           0.           0.           0.        ]
 [  0.           0.           0.           0.        ]
 [  0.           0.           0.           0.        ]
 [  0.           0.           0.           0.        ]
 [  0.           0.           0.           0.        ]
 [  0.           0.           0.           0.        ]
 [  0.           0.           0.           0.        ]
 [  0.           0.           0.           0.        ]
 [  0.00906495 -30.49590492 -14.52283764   0.00922572]
 [  0.           0.           0.           0.        ]
 [  0.           0.           0.           0.        ]
 [  0.           0.           0.           0.        ]
 [  0.           0.           0.           0.        ]
 [  0.           0.           0.           0.        ]
 [  0.           0.           0.           0.        ]
 [  0.           0.           0.           0.        ]
 [  0.           0.           0.           0.        ]
 [  0.           0.           0.           0.        ]
 [  0.00462601 -24.15535736  -6.35134268   0.00375157]
 [  0.00765521 -18.27280235 -40.40129471   0.00918321]
 [  0.00122899  -7.08329487 -16.41026497   0.00885952]
 [  0.00423087 -18.88602829 -12.97652245   0.00920275]
 [  0.           0.           0.           0.        ]
 [  0.           0.           0.           0.        ]
 [  0.           0.           0.           0.        ]
 [  0.           0.           0.           0.        ]
 [  0.           0.           0.           0.        ]
 [  0.00171315 -11.21035576 -21.89706993   0.00230713]
 [  0.00422998 -33.77884293 -31.38775444   0.00888229]
 [  0.           0.           0.           0.        ]
 [  0.00408865 -35.53630447 -36.7348175    0.00495088]
 [  0.00670653  -3.47104883 -20.75130081   0.00067557]
 [  0.00206125 -15.53471661 -29.51472092   0.00917698]
 [  0.           0.           0.           0.        ]
 [  0.           0.           0.           0.        ]
 [  0.           0.           0.           0.        ]
 [  0.           0.           0.           0.        ]
 [  0.00455203 -43.14277649 -12.39607334   0.00319052]
 [  0.00719481  -1.15946937  -5.70755482   0.00534186]
 [  0.00885864 -23.28043556 -32.56031418   0.00028535]
 [  0.           0.           0.           0.        ]
 [  0.           0.           0.           0.        ]
 [  0.           0.           0.           0.        ]
 [  0.           0.           0.           0.        ]
 [  0.           0.           0.           0.        ]
 [  0.           0.           0.           0.        ]
 [  0.           0.           0.           0.        ]
 [  0.           0.           0.           0.        ]
 [  0.00271815 -38.39470673 -16.65405846   0.00770225]
 [  0.00075681 -21.4012413  -26.63526154   0.00800168]
 [  0.00086814  -1.79428184  -0.66819584   0.00546528]
 [  0.00233439  -9.99408627 -17.99230194   0.00674448]
 [  0.           0.           0.           0.        ]
 [  0.           0.           0.           0.        ]
 [  0.           0.           0.           0.        ]
 [  0.           0.           0.           0.        ]
 [  0.           0.           0.           0.        ]
 [  0.           0.           0.           0.        ]
 [  0.           0.           0.           0.        ]
 [  0.           0.           0.           0.        ]
 [  0.0065104   -9.9985075   -0.35281718   0.00318469]
 [  0.           0.           0.           0.        ]
 [  0.           0.           0.           0.        ]
 [  0.           0.           0.           0.        ]
 [  0.           0.           0.           0.        ]
 [  0.           0.           0.           0.        ]
 [  0.           0.           0.           0.        ]
 [  0.           0.           0.           0.        ]
 [  0.           0.           0.           0.        ]
 [  0.           0.           0.           0.        ]
 [  0.00427933  -9.99491024  -1.99556005   0.00468289]
 [  0.           0.           0.           0.        ]
 [  0.           0.           0.           0.        ]
 [  0.           0.           0.           0.        ]
 [  0.           0.           0.           0.        ]
 [  0.           0.           0.           0.        ]
 [  0.           0.           0.           0.        ]
 [  0.           0.           0.           0.        ]
 [  0.           0.           0.           0.        ]
 [  0.           0.           0.           0.        ]
 [  0.           0.           0.           0.        ]
 [  0.           0.           0.           0.        ]
 [  0.           0.           0.           0.        ]]
Training  | Episode: 210000/1000000  | Episode Reward: -71.0000 | Epsilon: 0.2000 | Goal reached: 0
Training  | Episode: 220000/1000000  | Episode Reward: -71.0000 | Epsilon: 0.2000 | Goal reached: 0
Training  | Episode: 230000/1000000  | Episode Reward: -51.0000 | Epsilon: 0.2000 | Goal reached: 0
Training  | Episode: 240000/1000000  | Episode Reward: -51.0000 | Epsilon: 0.2000 | Goal reached: 0
Training  | Episode: 250000/1000000  | Episode Reward: -51.0000 | Epsilon: 0.2000 | Goal reached: 0
Training  | Episode: 260000/1000000  | Episode Reward: -71.0000 | Epsilon: 0.2000 | Goal reached: 0
Training  | Episode: 270000/1000000  | Episode Reward: -51.0000 | Epsilon: 0.2000 | Goal reached: 0
Training  | Episode: 280000/1000000  | Episode Reward: -62.0000 | Epsilon: 0.2000 | Goal reached: 0
Training  | Episode: 290000/1000000  | Episode Reward: -152.0000 | Epsilon: 0.2000 | Goal reached: 0
Training  | Episode: 300000/1000000  | Episode Reward: -61.0000 | Epsilon: 0.2000 | Goal reached: 0
[[  0.00457327  -5.4679513   -6.02542257   0.00383855]
 [  0.0006937  -31.65043068 -27.63488007   0.00165843]
 [  0.00470989 -29.95707893 -30.22151947   0.00220611]
 [  0.00417535  -5.59486151  -5.50348234   0.00969763]
 [  0.00554226 -24.18132973 -27.81543159   0.00026164]
 [  0.           0.           0.           0.        ]
 [  0.           0.           0.           0.        ]
 [  0.           0.           0.           0.        ]
 [  0.           0.           0.           0.        ]
 [  0.           0.           0.           0.        ]
 [  0.00350148 -22.75781441 -31.55920792   0.00289356]
 [  0.           0.           0.           0.        ]
 [  0.           0.           0.           0.        ]
 [  0.00815807 -46.16806793 -13.19953918   0.00589617]
 [  0.00724387 -24.9327507  -22.80361557   0.0018153 ]
 [  0.0033818  -17.6302166  -36.70750809   0.00389205]
 [  0.           0.           0.           0.        ]
 [  0.           0.           0.           0.        ]
 [  0.           0.           0.           0.        ]
 [  0.           0.           0.           0.        ]
 [  0.           0.           0.           0.        ]
 [  0.           0.           0.           0.        ]
 [  0.           0.           0.           0.        ]
 [  0.           0.           0.           0.        ]
 [  0.           0.           0.           0.        ]
 [  0.00906495 -42.76215363 -26.65330887   0.00922572]
 [  0.           0.           0.           0.        ]
 [  0.           0.           0.           0.        ]
 [  0.           0.           0.           0.        ]
 [  0.           0.           0.           0.        ]
 [  0.           0.           0.           0.        ]
 [  0.           0.           0.           0.        ]
 [  0.           0.           0.           0.        ]
 [  0.           0.           0.           0.        ]
 [  0.           0.           0.           0.        ]
 [  0.00462601 -11.35274982  -4.45918131   0.00375157]
 [  0.00765521 -30.07700729 -37.21405029   0.00918321]
 [  0.00122899  -3.80207872 -11.16757774   0.00885952]
 [  0.00423087 -26.36405182 -35.27238846   0.00920275]
 [  0.           0.           0.           0.        ]
 [  0.           0.           0.           0.        ]
 [  0.           0.           0.           0.        ]
 [  0.           0.           0.           0.        ]
 [  0.           0.           0.           0.        ]
 [  0.00171315 -12.02409458 -29.03911591   0.00230713]
 [  0.00422998 -17.20252037 -19.70929337   0.00888229]
 [  0.           0.           0.           0.        ]
 [  0.00408865 -33.78747559 -31.88716316   0.00495088]
 [  0.00670653 -19.91928864 -31.27835846   0.00067557]
 [  0.00206125 -11.44725132 -29.51472092   0.00917698]
 [  0.           0.           0.           0.        ]
 [  0.           0.           0.           0.        ]
 [  0.           0.           0.           0.        ]
 [  0.           0.           0.           0.        ]
 [  0.00455203 -41.79828262 -21.84390831   0.00319052]
 [  0.00719481  -1.37860346  -4.75762415   0.00534186]
 [  0.00885864 -26.956213   -38.83659363   0.00028535]
 [  0.           0.           0.           0.        ]
 [  0.           0.           0.           0.        ]
 [  0.           0.           0.           0.        ]
 [  0.           0.           0.           0.        ]
 [  0.           0.           0.           0.        ]
 [  0.           0.           0.           0.        ]
 [  0.           0.           0.           0.        ]
 [  0.           0.           0.           0.        ]
 [  0.00271815 -31.88850212 -36.24346542   0.00770225]
 [  0.00075681 -35.35464096 -21.29756355   0.00800168]
 [  0.00086814  -1.40439451 -10.53366089   0.00546528]
 [  0.00233439 -17.9942131  -24.39289665   0.00674448]
 [  0.           0.           0.           0.        ]
 [  0.           0.           0.           0.        ]
 [  0.           0.           0.           0.        ]
 [  0.           0.           0.           0.        ]
 [  0.           0.           0.           0.        ]
 [  0.           0.           0.           0.        ]
 [  0.           0.           0.           0.        ]
 [  0.           0.           0.           0.        ]
 [  0.0065104   -9.9985075   -0.48159814   0.00318469]
 [  0.           0.           0.           0.        ]
 [  0.           0.           0.           0.        ]
 [  0.           0.           0.           0.        ]
 [  0.           0.           0.           0.        ]
 [  0.           0.           0.           0.        ]
 [  0.           0.           0.           0.        ]
 [  0.           0.           0.           0.        ]
 [  0.           0.           0.           0.        ]
 [  0.           0.           0.           0.        ]
 [  0.00427933  -9.99491024  -1.99556005   0.00468289]
 [  0.           0.           0.           0.        ]
 [  0.           0.           0.           0.        ]
 [  0.           0.           0.           0.        ]
 [  0.           0.           0.           0.        ]
 [  0.           0.           0.           0.        ]
 [  0.           0.           0.           0.        ]
 [  0.           0.           0.           0.        ]
 [  0.           0.           0.           0.        ]
 [  0.           0.           0.           0.        ]
 [  0.           0.           0.           0.        ]
 [  0.           0.           0.           0.        ]
 [  0.           0.           0.           0.        ]]
Training  | Episode: 310000/1000000  | Episode Reward: -51.0000 | Epsilon: 0.2000 | Goal reached: 0
Training  | Episode: 320000/1000000  | Episode Reward: -132.0000 | Epsilon: 0.2000 | Goal reached: 0
Training  | Episode: 330000/1000000  | Episode Reward: -51.0000 | Epsilon: 0.2000 | Goal reached: 0
Training  | Episode: 340000/1000000  | Episode Reward: -52.0000 | Epsilon: 0.2000 | Goal reached: 0
Training  | Episode: 350000/1000000  | Episode Reward: -131.0000 | Epsilon: 0.2000 | Goal reached: 0
Training  | Episode: 360000/1000000  | Episode Reward: -61.0000 | Epsilon: 0.2000 | Goal reached: 0
Training  | Episode: 370000/1000000  | Episode Reward: -61.0000 | Epsilon: 0.2000 | Goal reached: 0
Training  | Episode: 380000/1000000  | Episode Reward: -61.0000 | Epsilon: 0.2000 | Goal reached: 0
Training  | Episode: 390000/1000000  | Episode Reward: -51.0000 | Epsilon: 0.2000 | Goal reached: 0
Training  | Episode: 400000/1000000  | Episode Reward: -96.0000 | Epsilon: 0.2000 | Goal reached: 0
[[  0.00457327  -4.42336655  -4.68240356   0.00383855]
 [  0.0006937  -29.30198288 -12.30009556   0.00165843]
 [  0.00470989 -12.07776642 -25.10859871   0.00220611]
 [  0.00417535  -8.3843956   -5.31966543   0.00969763]
 [  0.00554226 -12.11320114 -36.78643417   0.00026164]
 [  0.           0.           0.           0.        ]
 [  0.           0.           0.           0.        ]
 [  0.           0.           0.           0.        ]
 [  0.           0.           0.           0.        ]
 [  0.           0.           0.           0.        ]
 [  0.00350148 -46.74656677 -21.82966995   0.00289356]
 [  0.           0.           0.           0.        ]
 [  0.           0.           0.           0.        ]
 [  0.00815807 -25.50817871 -27.679039     0.00589617]
 [  0.00724387 -23.33010483 -23.0987587    0.0018153 ]
 [  0.0033818  -28.68514252 -35.72206879   0.00389205]
 [  0.           0.           0.           0.        ]
 [  0.           0.           0.           0.        ]
 [  0.           0.           0.           0.        ]
 [  0.           0.           0.           0.        ]
 [  0.           0.           0.           0.        ]
 [  0.           0.           0.           0.        ]
 [  0.           0.           0.           0.        ]
 [  0.           0.           0.           0.        ]
 [  0.           0.           0.           0.        ]
 [  0.00906495 -47.20428848 -16.48915291   0.00922572]
 [  0.           0.           0.           0.        ]
 [  0.           0.           0.           0.        ]
 [  0.           0.           0.           0.        ]
 [  0.           0.           0.           0.        ]
 [  0.           0.           0.           0.        ]
 [  0.           0.           0.           0.        ]
 [  0.           0.           0.           0.        ]
 [  0.           0.           0.           0.        ]
 [  0.           0.           0.           0.        ]
 [  0.00462601 -15.07814503  -4.69371033   0.00375157]
 [  0.00765521 -24.61763    -25.16246796   0.00918321]
 [  0.00122899  -4.31267548 -32.51741791   0.00885952]
 [  0.00423087 -12.63333893 -39.73487091   0.00920275]
 [  0.           0.           0.           0.        ]
 [  0.           0.           0.           0.        ]
 [  0.           0.           0.           0.        ]
 [  0.           0.           0.           0.        ]
 [  0.           0.           0.           0.        ]
 [  0.00171315  -8.92868233 -19.74499321   0.00230713]
 [  0.00422998 -23.12678909 -21.90533447   0.00888229]
 [  0.           0.           0.           0.        ]
 [  0.00408865 -37.02908325 -11.39982986   0.00495088]
 [  0.00670653 -18.9669075  -17.74176788   0.00067557]
 [  0.00206125 -11.2558918  -25.10842896   0.00917698]
 [  0.           0.           0.           0.        ]
 [  0.           0.           0.           0.        ]
 [  0.           0.           0.           0.        ]
 [  0.           0.           0.           0.        ]
 [  0.00455203 -37.22424698 -36.05555344   0.00319052]
 [  0.00719481  -1.1511656   -8.06754303   0.00534186]
 [  0.00885864 -16.60891724 -35.62414932   0.00028535]
 [  0.           0.           0.           0.        ]
 [  0.           0.           0.           0.        ]
 [  0.           0.           0.           0.        ]
 [  0.           0.           0.           0.        ]
 [  0.           0.           0.           0.        ]
 [  0.           0.           0.           0.        ]
 [  0.           0.           0.           0.        ]
 [  0.           0.           0.           0.        ]
 [  0.00271815 -47.56373215 -22.79424095   0.00770225]
 [  0.00075681 -33.86051941 -28.90148163   0.00800168]
 [  0.00086814  -1.40439451 -10.53366089   0.00546528]
 [  0.00233439 -17.9942131  -24.39289665   0.00674448]
 [  0.           0.           0.           0.        ]
 [  0.           0.           0.           0.        ]
 [  0.           0.           0.           0.        ]
 [  0.           0.           0.           0.        ]
 [  0.           0.           0.           0.        ]
 [  0.           0.           0.           0.        ]
 [  0.           0.           0.           0.        ]
 [  0.           0.           0.           0.        ]
 [  0.0065104   -9.9985075   -0.48159814   0.00318469]
 [  0.           0.           0.           0.        ]
 [  0.           0.           0.           0.        ]
 [  0.           0.           0.           0.        ]
 [  0.           0.           0.           0.        ]
 [  0.           0.           0.           0.        ]
 [  0.           0.           0.           0.        ]
 [  0.           0.           0.           0.        ]
 [  0.           0.           0.           0.        ]
 [  0.           0.           0.           0.        ]
 [  0.00427933  -9.99491024  -1.99556005   0.00468289]
 [  0.           0.           0.           0.        ]
 [  0.           0.           0.           0.        ]
 [  0.           0.           0.           0.        ]
 [  0.           0.           0.           0.        ]
 [  0.           0.           0.           0.        ]
 [  0.           0.           0.           0.        ]
 [  0.           0.           0.           0.        ]
 [  0.           0.           0.           0.        ]
 [  0.           0.           0.           0.        ]
 [  0.           0.           0.           0.        ]
 [  0.           0.           0.           0.        ]
 [  0.           0.           0.           0.        ]]
Training  | Episode: 410000/1000000  | Episode Reward: -51.0000 | Epsilon: 0.2000 | Goal reached: 0
Training  | Episode: 420000/1000000  | Episode Reward: -61.0000 | Epsilon: 0.2000 | Goal reached: 0
Training  | Episode: 430000/1000000  | Episode Reward: -51.0000 | Epsilon: 0.2000 | Goal reached: 0
Training  | Episode: 440000/1000000  | Episode Reward: -51.0000 | Epsilon: 0.2000 | Goal reached: 0
Training  | Episode: 450000/1000000  | Episode Reward: -51.0000 | Epsilon: 0.2000 | Goal reached: 0
Training  | Episode: 460000/1000000  | Episode Reward: -81.0000 | Epsilon: 0.2000 | Goal reached: 0
Training  | Episode: 470000/1000000  | Episode Reward: -54.0000 | Epsilon: 0.2000 | Goal reached: 0
Training  | Episode: 480000/1000000  | Episode Reward: -51.0000 | Epsilon: 0.2000 | Goal reached: 0
Training  | Episode: 490000/1000000  | Episode Reward: -51.0000 | Epsilon: 0.2000 | Goal reached: 0
Training  | Episode: 500000/1000000  | Episode Reward: -51.0000 | Epsilon: 0.2000 | Goal reached: 0
[[  0.00457327  -4.12605572  -7.7114563    0.00383855]
 [  0.0006937  -14.14888096 -25.70093727   0.00165843]
 [  0.00470989 -17.87363434 -33.58107376   0.00220611]
 [  0.00417535  -4.12491512  -5.38889313   0.00969763]
 [  0.00554226 -20.01197624 -29.06185532   0.00026164]
 [  0.           0.           0.           0.        ]
 [  0.           0.           0.           0.        ]
 [  0.           0.           0.           0.        ]
 [  0.           0.           0.           0.        ]
 [  0.           0.           0.           0.        ]
 [  0.00350148 -38.16442871 -37.75400543   0.00289356]
 [  0.           0.           0.           0.        ]
 [  0.           0.           0.           0.        ]
 [  0.00815807 -36.87726974 -22.87910271   0.00589617]
 [  0.00724387 -21.19419098 -26.26258469   0.0018153 ]
 [  0.0033818  -29.58631516 -39.1070137    0.00389205]
 [  0.           0.           0.           0.        ]
 [  0.           0.           0.           0.        ]
 [  0.           0.           0.           0.        ]
 [  0.           0.           0.           0.        ]
 [  0.           0.           0.           0.        ]
 [  0.           0.           0.           0.        ]
 [  0.           0.           0.           0.        ]
 [  0.           0.           0.           0.        ]
 [  0.           0.           0.           0.        ]
 [  0.00906495 -33.49335861  -5.96652269   0.00922572]
 [  0.           0.           0.           0.        ]
 [  0.           0.           0.           0.        ]
 [  0.           0.           0.           0.        ]
 [  0.           0.           0.           0.        ]
 [  0.           0.           0.           0.        ]
 [  0.           0.           0.           0.        ]
 [  0.           0.           0.           0.        ]
 [  0.           0.           0.           0.        ]
 [  0.           0.           0.           0.        ]
 [  0.00462601 -15.50540733  -5.66873074   0.00375157]
 [  0.00765521 -16.22792625 -29.05576706   0.00918321]
 [  0.00122899  -2.68702531 -32.25498199   0.00885952]
 [  0.00423087 -24.71792603 -41.61466599   0.00920275]
 [  0.           0.           0.           0.        ]
 [  0.           0.           0.           0.        ]
 [  0.           0.           0.           0.        ]
 [  0.           0.           0.           0.        ]
 [  0.           0.           0.           0.        ]
 [  0.00171315 -22.47860336 -12.1454258    0.00230713]
 [  0.00422998 -25.12418747 -10.26383877   0.00888229]
 [  0.           0.           0.           0.        ]
 [  0.00408865 -45.7460022  -26.4104023    0.00495088]
 [  0.00670653 -18.0364418  -30.6228981    0.00067557]
 [  0.00206125 -15.76049709 -25.10842896   0.00917698]
 [  0.           0.           0.           0.        ]
 [  0.           0.           0.           0.        ]
 [  0.           0.           0.           0.        ]
 [  0.           0.           0.           0.        ]
 [  0.00455203 -38.8064537  -25.32386208   0.00319052]
 [  0.00719481  -2.30133247  -2.12456965   0.00534186]
 [  0.00885864 -27.69059753 -37.44613266   0.00028535]
 [  0.           0.           0.           0.        ]
 [  0.           0.           0.           0.        ]
 [  0.           0.           0.           0.        ]
 [  0.           0.           0.           0.        ]
 [  0.           0.           0.           0.        ]
 [  0.           0.           0.           0.        ]
 [  0.           0.           0.           0.        ]
 [  0.           0.           0.           0.        ]
 [  0.00271815 -31.35877037 -17.24760437   0.00770225]
 [  0.00075681 -38.26593018 -21.45355606   0.00800168]
 [  0.00086814  -1.20480502 -10.53366089   0.00546528]
 [  0.00233439 -24.39431381 -24.39289665   0.00674448]
 [  0.           0.           0.           0.        ]
 [  0.           0.           0.           0.        ]
 [  0.           0.           0.           0.        ]
 [  0.           0.           0.           0.        ]
 [  0.           0.           0.           0.        ]
 [  0.           0.           0.           0.        ]
 [  0.           0.           0.           0.        ]
 [  0.           0.           0.           0.        ]
 [  0.0065104   -8.19815063 -10.38433361   0.00318469]
 [  0.           0.           0.           0.        ]
 [  0.           0.           0.           0.        ]
 [  0.           0.           0.           0.        ]
 [  0.           0.           0.           0.        ]
 [  0.           0.           0.           0.        ]
 [  0.           0.           0.           0.        ]
 [  0.           0.           0.           0.        ]
 [  0.           0.           0.           0.        ]
 [  0.           0.           0.           0.        ]
 [  0.00427933 -17.99453926  -1.99556005   0.00468289]
 [  0.           0.           0.           0.        ]
 [  0.           0.           0.           0.        ]
 [  0.           0.           0.           0.        ]
 [  0.           0.           0.           0.        ]
 [  0.           0.           0.           0.        ]
 [  0.           0.           0.           0.        ]
 [  0.           0.           0.           0.        ]
 [  0.           0.           0.           0.        ]
 [  0.           0.           0.           0.        ]
 [  0.           0.           0.           0.        ]
 [  0.           0.           0.           0.        ]
 [  0.           0.           0.           0.        ]]
Training  | Episode: 510000/1000000  | Episode Reward: -92.0000 | Epsilon: 0.2000 | Goal reached: 0
Training  | Episode: 520000/1000000  | Episode Reward: -51.0000 | Epsilon: 0.2000 | Goal reached: 0
Training  | Episode: 530000/1000000  | Episode Reward: -61.0000 | Epsilon: 0.2000 | Goal reached: 0
Training  | Episode: 540000/1000000  | Episode Reward: -92.0000 | Epsilon: 0.2000 | Goal reached: 0
Training  | Episode: 550000/1000000  | Episode Reward: -62.0000 | Epsilon: 0.2000 | Goal reached: 0
Training  | Episode: 560000/1000000  | Episode Reward: -82.0000 | Epsilon: 0.2000 | Goal reached: 0
Training  | Episode: 570000/1000000  | Episode Reward: -62.0000 | Epsilon: 0.2000 | Goal reached: 0
Training  | Episode: 580000/1000000  | Episode Reward: -61.0000 | Epsilon: 0.2000 | Goal reached: 0
Training  | Episode: 590000/1000000  | Episode Reward: -52.0000 | Epsilon: 0.2000 | Goal reached: 0
Training  | Episode: 600000/1000000  | Episode Reward: -72.0000 | Epsilon: 0.2000 | Goal reached: 0
[[  0.00457327  -5.3994379   -5.6531086    0.00383855]
 [  0.0006937   -8.28461075 -22.5307827    0.00165843]
 [  0.00470989 -12.32731247 -38.72363663   0.00220611]
 [  0.00417535  -6.21808004  -3.816401     0.00969763]
 [  0.00554226 -24.05836678 -16.38181305   0.00026164]
 [  0.           0.           0.           0.        ]
 [  0.           0.           0.           0.        ]
 [  0.           0.           0.           0.        ]
 [  0.           0.           0.           0.        ]
 [  0.           0.           0.           0.        ]
 [  0.00350148 -32.01104736 -29.27579498   0.00289356]
 [  0.           0.           0.           0.        ]
 [  0.           0.           0.           0.        ]
 [  0.00815807 -35.33994293 -10.85765648   0.00589617]
 [  0.00724387 -29.60708237 -18.04657173   0.0018153 ]
 [  0.0033818  -13.47176933 -20.12347603   0.00389205]
 [  0.           0.           0.           0.        ]
 [  0.           0.           0.           0.        ]
 [  0.           0.           0.           0.        ]
 [  0.           0.           0.           0.        ]
 [  0.           0.           0.           0.        ]
 [  0.           0.           0.           0.        ]
 [  0.           0.           0.           0.        ]
 [  0.           0.           0.           0.        ]
 [  0.           0.           0.           0.        ]
 [  0.00906495 -48.16459274 -21.5089283    0.00922572]
 [  0.           0.           0.           0.        ]
 [  0.           0.           0.           0.        ]
 [  0.           0.           0.           0.        ]
 [  0.           0.           0.           0.        ]
 [  0.           0.           0.           0.        ]
 [  0.           0.           0.           0.        ]
 [  0.           0.           0.           0.        ]
 [  0.           0.           0.           0.        ]
 [  0.           0.           0.           0.        ]
 [  0.00462601 -15.41389942  -3.64621258   0.00375157]
 [  0.00765521 -18.49886703 -45.25015259   0.00918321]
 [  0.00122899  -5.15192032 -20.78313255   0.00885952]
 [  0.00423087 -13.08857346 -29.86422539   0.00920275]
 [  0.           0.           0.           0.        ]
 [  0.           0.           0.           0.        ]
 [  0.           0.           0.           0.        ]
 [  0.           0.           0.           0.        ]
 [  0.           0.           0.           0.        ]
 [  0.00171315 -26.57825089 -19.19898033   0.00230713]
 [  0.00422998 -21.34169579 -16.24412155   0.00888229]
 [  0.           0.           0.           0.        ]
 [  0.00408865 -18.29427338 -29.08925056   0.00495088]
 [  0.00670653 -23.74083328 -27.78722191   0.00067557]
 [  0.00206125 -17.47615433 -29.25298691   0.00917698]
 [  0.           0.           0.           0.        ]
 [  0.           0.           0.           0.        ]
 [  0.           0.           0.           0.        ]
 [  0.           0.           0.           0.        ]
 [  0.00455203 -32.17697144 -24.03061485   0.00319052]
 [  0.00719481  -1.11065996  -6.73252487   0.00534186]
 [  0.00885864 -23.84090233 -41.96351624   0.00028535]
 [  0.           0.           0.           0.        ]
 [  0.           0.           0.           0.        ]
 [  0.           0.           0.           0.        ]
 [  0.           0.           0.           0.        ]
 [  0.           0.           0.           0.        ]
 [  0.           0.           0.           0.        ]
 [  0.           0.           0.           0.        ]
 [  0.           0.           0.           0.        ]
 [  0.00271815 -25.2858963  -14.36914635   0.00770225]
 [  0.00075681 -29.87745857 -17.88074303   0.00800168]
 [  0.00086814  -2.50384521 -18.42603302   0.00546528]
 [  0.00233439 -29.51439476 -29.51337242   0.00674448]
 [  0.           0.           0.           0.        ]
 [  0.           0.           0.           0.        ]
 [  0.           0.           0.           0.        ]
 [  0.           0.           0.           0.        ]
 [  0.           0.           0.           0.        ]
 [  0.           0.           0.           0.        ]
 [  0.           0.           0.           0.        ]
 [  0.           0.           0.           0.        ]
 [  0.0065104  -16.55757523  -8.44470596   0.00318469]
 [  0.           0.           0.           0.        ]
 [  0.           0.           0.           0.        ]
 [  0.           0.           0.           0.        ]
 [  0.           0.           0.           0.        ]
 [  0.           0.           0.           0.        ]
 [  0.           0.           0.           0.        ]
 [  0.           0.           0.           0.        ]
 [  0.           0.           0.           0.        ]
 [  0.           0.           0.           0.        ]
 [  0.00427933 -17.99453926 -11.27513599   0.00468289]
 [  0.           0.           0.           0.        ]
 [  0.           0.           0.           0.        ]
 [  0.           0.           0.           0.        ]
 [  0.           0.           0.           0.        ]
 [  0.           0.           0.           0.        ]
 [  0.           0.           0.           0.        ]
 [  0.           0.           0.           0.        ]
 [  0.           0.           0.           0.        ]
 [  0.           0.           0.           0.        ]
 [  0.           0.           0.           0.        ]
 [  0.           0.           0.           0.        ]
 [  0.           0.           0.           0.        ]]
Training  | Episode: 610000/1000000  | Episode Reward: -61.0000 | Epsilon: 0.2000 | Goal reached: 0
Training  | Episode: 620000/1000000  | Episode Reward: -51.0000 | Epsilon: 0.2000 | Goal reached: 0
Training  | Episode: 630000/1000000  | Episode Reward: -51.0000 | Epsilon: 0.2000 | Goal reached: 0
Training  | Episode: 640000/1000000  | Episode Reward: -51.0000 | Epsilon: 0.2000 | Goal reached: 0
Training  | Episode: 650000/1000000  | Episode Reward: -62.0000 | Epsilon: 0.2000 | Goal reached: 0
Training  | Episode: 660000/1000000  | Episode Reward: -95.0000 | Epsilon: 0.2000 | Goal reached: 0
Training  | Episode: 670000/1000000  | Episode Reward: -51.0000 | Epsilon: 0.2000 | Goal reached: 0
Training  | Episode: 680000/1000000  | Episode Reward: -61.0000 | Epsilon: 0.2000 | Goal reached: 0
Training  | Episode: 690000/1000000  | Episode Reward: -51.0000 | Epsilon: 0.2000 | Goal reached: 0
Training  | Episode: 700000/1000000  | Episode Reward: -51.0000 | Epsilon: 0.2000 | Goal reached: 0
[[  0.00457327  -4.87868547  -4.7294364    0.00383855]
 [  0.0006937  -24.46014786 -12.74557114   0.00165843]
 [  0.00470989 -32.7583847  -34.7367363    0.00220611]
 [  0.00417535  -4.40747499  -3.7256484    0.00969763]
 [  0.00554226 -21.78636551 -26.52697563   0.00026164]
 [  0.           0.           0.           0.        ]
 [  0.           0.           0.           0.        ]
 [  0.           0.           0.           0.        ]
 [  0.           0.           0.           0.        ]
 [  0.           0.           0.           0.        ]
 [  0.00350148 -44.2707901  -43.61782837   0.00289356]
 [  0.           0.           0.           0.        ]
 [  0.           0.           0.           0.        ]
 [  0.00815807 -41.79767227 -24.04899025   0.00589617]
 [  0.00724387 -31.97128296 -21.63261223   0.0018153 ]
 [  0.0033818  -31.22029305 -31.41352463   0.00389205]
 [  0.           0.           0.           0.        ]
 [  0.           0.           0.           0.        ]
 [  0.           0.           0.           0.        ]
 [  0.           0.           0.           0.        ]
 [  0.           0.           0.           0.        ]
 [  0.           0.           0.           0.        ]
 [  0.           0.           0.           0.        ]
 [  0.           0.           0.           0.        ]
 [  0.           0.           0.           0.        ]
 [  0.00906495 -30.57044029 -17.88529015   0.00922572]
 [  0.           0.           0.           0.        ]
 [  0.           0.           0.           0.        ]
 [  0.           0.           0.           0.        ]
 [  0.           0.           0.           0.        ]
 [  0.           0.           0.           0.        ]
 [  0.           0.           0.           0.        ]
 [  0.           0.           0.           0.        ]
 [  0.           0.           0.           0.        ]
 [  0.           0.           0.           0.        ]
 [  0.00462601 -16.07618141  -7.84098387   0.00375157]
 [  0.00765521 -10.1430912  -42.72678375   0.00918321]
 [  0.00122899  -4.65359306 -21.21378899   0.00885952]
 [  0.00423087 -26.71051216 -25.27218628   0.00920275]
 [  0.           0.           0.           0.        ]
 [  0.           0.           0.           0.        ]
 [  0.           0.           0.           0.        ]
 [  0.           0.           0.           0.        ]
 [  0.           0.           0.           0.        ]
 [  0.00171315 -31.73360062 -22.47275734   0.00230713]
 [  0.00422998 -11.76045227 -17.48742104   0.00888229]
 [  0.           0.           0.           0.        ]
 [  0.00408865 -28.67045784 -18.64177704   0.00495088]
 [  0.00670653 -20.47995186 -16.73935699   0.00067557]
 [  0.00206125 -14.01872921 -29.25298691   0.00917698]
 [  0.           0.           0.           0.        ]
 [  0.           0.           0.           0.        ]
 [  0.           0.           0.           0.        ]
 [  0.           0.           0.           0.        ]
 [  0.00455203 -32.73822021 -34.16427231   0.00319052]
 [  0.00719481  -1.52216113  -4.99768353   0.00534186]
 [  0.00885864 -22.33414078 -35.50864792   0.00028535]
 [  0.           0.           0.           0.        ]
 [  0.           0.           0.           0.        ]
 [  0.           0.           0.           0.        ]
 [  0.           0.           0.           0.        ]
 [  0.           0.           0.           0.        ]
 [  0.           0.           0.           0.        ]
 [  0.           0.           0.           0.        ]
 [  0.           0.           0.           0.        ]
 [  0.00271815 -27.33076859 -23.98753738   0.00770225]
 [  0.00075681 -20.34277344 -39.47131348   0.00800168]
 [  0.00086814  -3.05307961 -18.42603302   0.00546528]
 [  0.00233439 -29.51439476 -33.60964203   0.00674448]
 [  0.           0.           0.           0.        ]
 [  0.           0.           0.           0.        ]
 [  0.           0.           0.           0.        ]
 [  0.           0.           0.           0.        ]
 [  0.           0.           0.           0.        ]
 [  0.           0.           0.           0.        ]
 [  0.           0.           0.           0.        ]
 [  0.           0.           0.           0.        ]
 [  0.0065104  -16.55757523  -9.00332165   0.00318469]
 [  0.           0.           0.           0.        ]
 [  0.           0.           0.           0.        ]
 [  0.           0.           0.           0.        ]
 [  0.           0.           0.           0.        ]
 [  0.           0.           0.           0.        ]
 [  0.           0.           0.           0.        ]
 [  0.           0.           0.           0.        ]
 [  0.           0.           0.           0.        ]
 [  0.           0.           0.           0.        ]
 [  0.00427933 -17.99453926 -11.27513599   0.00468289]
 [  0.           0.           0.           0.        ]
 [  0.           0.           0.           0.        ]
 [  0.           0.           0.           0.        ]
 [  0.           0.           0.           0.        ]
 [  0.           0.           0.           0.        ]
 [  0.           0.           0.           0.        ]
 [  0.           0.           0.           0.        ]
 [  0.           0.           0.           0.        ]
 [  0.           0.           0.           0.        ]
 [  0.           0.           0.           0.        ]
 [  0.           0.           0.           0.        ]
 [  0.           0.           0.           0.        ]]
Training  | Episode: 710000/1000000  | Episode Reward: -61.0000 | Epsilon: 0.2000 | Goal reached: 0
Training  | Episode: 720000/1000000  | Episode Reward: -72.0000 | Epsilon: 0.2000 | Goal reached: 0
Training  | Episode: 730000/1000000  | Episode Reward: -51.0000 | Epsilon: 0.2000 | Goal reached: 0
Training  | Episode: 740000/1000000  | Episode Reward: -82.0000 | Epsilon: 0.2000 | Goal reached: 0
Training  | Episode: 750000/1000000  | Episode Reward: -51.0000 | Epsilon: 0.2000 | Goal reached: 0
Training  | Episode: 760000/1000000  | Episode Reward: -54.0000 | Epsilon: 0.2000 | Goal reached: 0
Training  | Episode: 770000/1000000  | Episode Reward: -51.0000 | Epsilon: 0.2000 | Goal reached: 0
Training  | Episode: 780000/1000000  | Episode Reward: -112.0000 | Epsilon: 0.2000 | Goal reached: 0
Training  | Episode: 790000/1000000  | Episode Reward: -51.0000 | Epsilon: 0.2000 | Goal reached: 0
Training  | Episode: 800000/1000000  | Episode Reward: -101.0000 | Epsilon: 0.2000 | Goal reached: 0
[[  0.00457327  -4.82167959  -6.16607904   0.00383855]
 [  0.0006937  -25.23074532 -35.70465088   0.00165843]
 [  0.00470989 -13.73428345 -21.71434402   0.00220611]
 [  0.00417535  -5.84495592  -5.51673317   0.00969763]
 [  0.00554226 -24.01413918 -37.12976456   0.00026164]
 [  0.           0.           0.           0.        ]
 [  0.           0.           0.           0.        ]
 [  0.           0.           0.           0.        ]
 [  0.           0.           0.           0.        ]
 [  0.           0.           0.           0.        ]
 [  0.00350148 -23.27461433 -41.8341217    0.00289356]
 [  0.           0.           0.           0.        ]
 [  0.           0.           0.           0.        ]
 [  0.00815807 -34.03435898 -14.87494278   0.00589617]
 [  0.00724387 -27.2844677  -30.87210655   0.0018153 ]
 [  0.0033818  -26.88208389 -39.30890274   0.00389205]
 [  0.           0.           0.           0.        ]
 [  0.           0.           0.           0.        ]
 [  0.           0.           0.           0.        ]
 [  0.           0.           0.           0.        ]
 [  0.           0.           0.           0.        ]
 [  0.           0.           0.           0.        ]
 [  0.           0.           0.           0.        ]
 [  0.           0.           0.           0.        ]
 [  0.           0.           0.           0.        ]
 [  0.00906495 -31.62020111 -10.93575668   0.00922572]
 [  0.           0.           0.           0.        ]
 [  0.           0.           0.           0.        ]
 [  0.           0.           0.           0.        ]
 [  0.           0.           0.           0.        ]
 [  0.           0.           0.           0.        ]
 [  0.           0.           0.           0.        ]
 [  0.           0.           0.           0.        ]
 [  0.           0.           0.           0.        ]
 [  0.           0.           0.           0.        ]
 [  0.00462601 -35.77893829  -3.81405306   0.00375157]
 [  0.00765521 -15.74720287 -34.59417725   0.00918321]
 [  0.00122899  -7.53380346 -11.66605759   0.00885952]
 [  0.00423087 -30.99983025 -37.33628464   0.00920275]
 [  0.           0.           0.           0.        ]
 [  0.           0.           0.           0.        ]
 [  0.           0.           0.           0.        ]
 [  0.           0.           0.           0.        ]
 [  0.           0.           0.           0.        ]
 [  0.00171315 -22.3474865  -17.56673813   0.00230713]
 [  0.00422998 -20.76537895 -32.42114639   0.00888229]
 [  0.           0.           0.           0.        ]
 [  0.00408865 -32.93547058 -11.45803547   0.00495088]
 [  0.00670653 -17.28348351 -28.81054688   0.00067557]
 [  0.00206125 -14.44441128 -33.40114975   0.00917698]
 [  0.           0.           0.           0.        ]
 [  0.           0.           0.           0.        ]
 [  0.           0.           0.           0.        ]
 [  0.           0.           0.           0.        ]
 [  0.00455203 -32.73822021 -22.90687943   0.00319052]
 [  0.00719481  -3.27541447  -6.24101925   0.00534186]
 [  0.00885864 -30.14164352 -42.57798767   0.00028535]
 [  0.           0.           0.           0.        ]
 [  0.           0.           0.           0.        ]
 [  0.           0.           0.           0.        ]
 [  0.           0.           0.           0.        ]
 [  0.           0.           0.           0.        ]
 [  0.           0.           0.           0.        ]
 [  0.           0.           0.           0.        ]
 [  0.           0.           0.           0.        ]
 [  0.00271815 -42.91567993 -23.62540817   0.00770225]
 [  0.00075681 -24.03035355 -25.61978722   0.00800168]
 [  0.00086814  -5.35877657 -14.93988228   0.00546528]
 [  0.00233439 -33.10921097 -36.88676834   0.00674448]
 [  0.           0.           0.           0.        ]
 [  0.           0.           0.           0.        ]
 [  0.           0.           0.           0.        ]
 [  0.           0.           0.           0.        ]
 [  0.           0.           0.           0.        ]
 [  0.           0.           0.           0.        ]
 [  0.           0.           0.           0.        ]
 [  0.           0.           0.           0.        ]
 [  0.0065104  -23.24511528  -9.00332165   0.00318469]
 [  0.           0.           0.           0.        ]
 [  0.           0.           0.           0.        ]
 [  0.           0.           0.           0.        ]
 [  0.           0.           0.           0.        ]
 [  0.           0.           0.           0.        ]
 [  0.           0.           0.           0.        ]
 [  0.           0.           0.           0.        ]
 [  0.           0.           0.           0.        ]
 [  0.           0.           0.           0.        ]
 [  0.00427933 -17.99453926 -19.01872063   0.00468289]
 [  0.           0.           0.           0.        ]
 [  0.           0.           0.           0.        ]
 [  0.           0.           0.           0.        ]
 [  0.           0.           0.           0.        ]
 [  0.           0.           0.           0.        ]
 [  0.           0.           0.           0.        ]
 [  0.           0.           0.           0.        ]
 [  0.           0.           0.           0.        ]
 [  0.           0.           0.           0.        ]
 [  0.           0.           0.           0.        ]
 [  0.           0.           0.           0.        ]
 [  0.           0.           0.           0.        ]]
Training  | Episode: 810000/1000000  | Episode Reward: -61.0000 | Epsilon: 0.2000 | Goal reached: 0
Training  | Episode: 820000/1000000  | Episode Reward: -51.0000 | Epsilon: 0.2000 | Goal reached: 0
Training  | Episode: 830000/1000000  | Episode Reward: -61.0000 | Epsilon: 0.2000 | Goal reached: 0
Training  | Episode: 840000/1000000  | Episode Reward: -111.0000 | Epsilon: 0.2000 | Goal reached: 0
Training  | Episode: 850000/1000000  | Episode Reward: -52.0000 | Epsilon: 0.2000 | Goal reached: 0
Training  | Episode: 860000/1000000  | Episode Reward: -61.0000 | Epsilon: 0.2000 | Goal reached: 0
Training  | Episode: 870000/1000000  | Episode Reward: -125.0000 | Epsilon: 0.2000 | Goal reached: 0
Training  | Episode: 880000/1000000  | Episode Reward: -51.0000 | Epsilon: 0.2000 | Goal reached: 0
Training  | Episode: 890000/1000000  | Episode Reward: -51.0000 | Epsilon: 0.2000 | Goal reached: 0
Training  | Episode: 900000/1000000  | Episode Reward: -71.0000 | Epsilon: 0.2000 | Goal reached: 0
[[  0.00457327  -3.82230496  -5.23324394   0.00383855]
 [  0.0006937  -34.20512009 -35.68772888   0.00165843]
 [  0.00470989 -19.39706421 -21.77496338   0.00220611]
 [  0.00417535  -5.82331324  -4.89329433   0.00969763]
 [  0.00554226 -27.29494476 -36.03358459   0.00026164]
 [  0.           0.           0.           0.        ]
 [  0.           0.           0.           0.        ]
 [  0.           0.           0.           0.        ]
 [  0.           0.           0.           0.        ]
 [  0.           0.           0.           0.        ]
 [  0.00350148 -28.90888786 -46.98847961   0.00289356]
 [  0.           0.           0.           0.        ]
 [  0.           0.           0.           0.        ]
 [  0.00815807 -34.12267685 -23.85333633   0.00589617]
 [  0.00724387 -16.21874428 -36.75417709   0.0018153 ]
 [  0.0033818  -13.75268745 -35.96453094   0.00389205]
 [  0.           0.           0.           0.        ]
 [  0.           0.           0.           0.        ]
 [  0.           0.           0.           0.        ]
 [  0.           0.           0.           0.        ]
 [  0.           0.           0.           0.        ]
 [  0.           0.           0.           0.        ]
 [  0.           0.           0.           0.        ]
 [  0.           0.           0.           0.        ]
 [  0.           0.           0.           0.        ]
 [  0.00906495 -41.45146561 -19.46599197   0.00922572]
 [  0.           0.           0.           0.        ]
 [  0.           0.           0.           0.        ]
 [  0.           0.           0.           0.        ]
 [  0.           0.           0.           0.        ]
 [  0.           0.           0.           0.        ]
 [  0.           0.           0.           0.        ]
 [  0.           0.           0.           0.        ]
 [  0.           0.           0.           0.        ]
 [  0.           0.           0.           0.        ]
 [  0.00462601  -8.83552551  -8.08983517   0.00375157]
 [  0.00765521 -22.34967804 -27.67066574   0.00918321]
 [  0.00122899  -6.33736467 -19.22675514   0.00885952]
 [  0.00423087 -18.77397537 -43.51301193   0.00920275]
 [  0.           0.           0.           0.        ]
 [  0.           0.           0.           0.        ]
 [  0.           0.           0.           0.        ]
 [  0.           0.           0.           0.        ]
 [  0.           0.           0.           0.        ]
 [  0.00171315 -26.1224308  -22.97443962   0.00230713]
 [  0.00422998 -24.46849823 -24.28422737   0.00888229]
 [  0.           0.           0.           0.        ]
 [  0.00408865 -36.34708786 -20.40639114   0.00495088]
 [  0.00670653 -13.20453453 -22.18731499   0.00067557]
 [  0.00206125 -20.41901588 -33.40114975   0.00917698]
 [  0.           0.           0.           0.        ]
 [  0.           0.           0.           0.        ]
 [  0.           0.           0.           0.        ]
 [  0.           0.           0.           0.        ]
 [  0.00455203 -27.98775291 -15.84173775   0.00319052]
 [  0.00719481  -3.50935745  -4.73450804   0.00534186]
 [  0.00885864 -20.94036674 -47.32144165   0.00028535]
 [  0.           0.           0.           0.        ]
 [  0.           0.           0.           0.        ]
 [  0.           0.           0.           0.        ]
 [  0.           0.           0.           0.        ]
 [  0.           0.           0.           0.        ]
 [  0.           0.           0.           0.        ]
 [  0.           0.           0.           0.        ]
 [  0.           0.           0.           0.        ]
 [  0.00271815 -42.72922516 -20.4424324    0.00770225]
 [  0.00075681 -29.97768974 -17.36904907   0.00800168]
 [  0.00086814  -3.42166018 -14.93988228   0.00546528]
 [  0.00233439 -39.18810654 -39.508358     0.00674448]
 [  0.           0.           0.           0.        ]
 [  0.           0.           0.           0.        ]
 [  0.           0.           0.           0.        ]
 [  0.           0.           0.           0.        ]
 [  0.           0.           0.           0.        ]
 [  0.           0.           0.           0.        ]
 [  0.           0.           0.           0.        ]
 [  0.           0.           0.           0.        ]
 [  0.0065104  -23.24511528  -7.40200186   0.00318469]
 [  0.           0.           0.           0.        ]
 [  0.           0.           0.           0.        ]
 [  0.           0.           0.           0.        ]
 [  0.           0.           0.           0.        ]
 [  0.           0.           0.           0.        ]
 [  0.           0.           0.           0.        ]
 [  0.           0.           0.           0.        ]
 [  0.           0.           0.           0.        ]
 [  0.           0.           0.           0.        ]
 [  0.00427933 -17.99453926 -19.01872063   0.00468289]
 [  0.           0.           0.           0.        ]
 [  0.           0.           0.           0.        ]
 [  0.           0.           0.           0.        ]
 [  0.           0.           0.           0.        ]
 [  0.           0.           0.           0.        ]
 [  0.           0.           0.           0.        ]
 [  0.           0.           0.           0.        ]
 [  0.           0.           0.           0.        ]
 [  0.           0.           0.           0.        ]
 [  0.           0.           0.           0.        ]
 [  0.           0.           0.           0.        ]
 [  0.           0.           0.           0.        ]]
Training  | Episode: 910000/1000000  | Episode Reward: -81.0000 | Epsilon: 0.2000 | Goal reached: 0
Training  | Episode: 920000/1000000  | Episode Reward: -192.0000 | Epsilon: 0.2000 | Goal reached: 0
Training  | Episode: 930000/1000000  | Episode Reward: -61.0000 | Epsilon: 0.2000 | Goal reached: 0
Training  | Episode: 940000/1000000  | Episode Reward: -51.0000 | Epsilon: 0.2000 | Goal reached: 0
Training  | Episode: 950000/1000000  | Episode Reward: -51.0000 | Epsilon: 0.2000 | Goal reached: 0
Training  | Episode: 960000/1000000  | Episode Reward: -52.0000 | Epsilon: 0.2000 | Goal reached: 0
Training  | Episode: 970000/1000000  | Episode Reward: -71.0000 | Epsilon: 0.2000 | Goal reached: 0
Training  | Episode: 980000/1000000  | Episode Reward: -61.0000 | Epsilon: 0.2000 | Goal reached: 0
Training  | Episode: 990000/1000000  | Episode Reward: -61.0000 | Epsilon: 0.2000 | Goal reached: 0
[[  0.00457327  -6.66374588  -5.83293629   0.00383855]
 [  0.0006937  -27.83240128 -22.87429237   0.00165843]
 [  0.00470989 -19.67578506 -31.2868824    0.00220611]
 [  0.00417535  -3.21619368  -5.67050314   0.00969763]
 [  0.00554226 -26.88826942 -16.05655098   0.00026164]
 [  0.           0.           0.           0.        ]
 [  0.           0.           0.           0.        ]
 [  0.           0.           0.           0.        ]
 [  0.           0.           0.           0.        ]
 [  0.           0.           0.           0.        ]
 [  0.00350148 -44.83201981 -47.86101913   0.00289356]
 [  0.           0.           0.           0.        ]
 [  0.           0.           0.           0.        ]
 [  0.00815807 -37.74504852 -14.28591919   0.00589617]
 [  0.00724387 -17.88262939 -23.30102158   0.0018153 ]
 [  0.0033818  -23.05308914 -34.74976349   0.00389205]
 [  0.           0.           0.           0.        ]
 [  0.           0.           0.           0.        ]
 [  0.           0.           0.           0.        ]
 [  0.           0.           0.           0.        ]
 [  0.           0.           0.           0.        ]
 [  0.           0.           0.           0.        ]
 [  0.           0.           0.           0.        ]
 [  0.           0.           0.           0.        ]
 [  0.           0.           0.           0.        ]
 [  0.00906495 -43.38043594 -13.24727821   0.00922572]
 [  0.           0.           0.           0.        ]
 [  0.           0.           0.           0.        ]
 [  0.           0.           0.           0.        ]
 [  0.           0.           0.           0.        ]
 [  0.           0.           0.           0.        ]
 [  0.           0.           0.           0.        ]
 [  0.           0.           0.           0.        ]
 [  0.           0.           0.           0.        ]
 [  0.           0.           0.           0.        ]
 [  0.00462601 -27.17447662  -4.88158846   0.00375157]
 [  0.00765521 -12.93673229 -22.18355179   0.00918321]
 [  0.00122899  -5.99142218 -17.25514984   0.00885952]
 [  0.00423087 -29.61942673 -30.83617592   0.00920275]
 [  0.           0.           0.           0.        ]
 [  0.           0.           0.           0.        ]
 [  0.           0.           0.           0.        ]
 [  0.           0.           0.           0.        ]
 [  0.           0.           0.           0.        ]
 [  0.00171315 -25.00187111 -14.02681446   0.00230713]
 [  0.00422998 -11.8515501  -33.24316406   0.00888229]
 [  0.           0.           0.           0.        ]
 [  0.00408865 -44.40467072 -20.56177139   0.00495088]
 [  0.00670653 -13.90723991 -29.35662079   0.00067557]
 [  0.00206125 -24.76073647 -33.40114975   0.00917698]
 [  0.           0.           0.           0.        ]
 [  0.           0.           0.           0.        ]
 [  0.           0.           0.           0.        ]
 [  0.           0.           0.           0.        ]
 [  0.00455203 -32.3272171  -14.97275925   0.00319052]
 [  0.00719481  -5.36355066  -4.46803808   0.00534186]
 [  0.00885864 -20.01292801 -40.08707809   0.00028535]
 [  0.           0.           0.           0.        ]
 [  0.           0.           0.           0.        ]
 [  0.           0.           0.           0.        ]
 [  0.           0.           0.           0.        ]
 [  0.           0.           0.           0.        ]
 [  0.           0.           0.           0.        ]
 [  0.           0.           0.           0.        ]
 [  0.           0.           0.           0.        ]
 [  0.00271815 -34.38225937 -21.15833092   0.00770225]
 [  0.00075681 -29.34396362 -19.07281685   0.00800168]
 [  0.00086814  -3.78899574 -21.95101166   0.00546528]
 [  0.00233439 -41.34954071 -41.60574341   0.00674448]
 [  0.           0.           0.           0.        ]
 [  0.           0.           0.           0.        ]
 [  0.           0.           0.           0.        ]
 [  0.           0.           0.           0.        ]
 [  0.           0.           0.           0.        ]
 [  0.           0.           0.           0.        ]
 [  0.           0.           0.           0.        ]
 [  0.           0.           0.           0.        ]
 [  0.0065104  -23.24511528 -18.38780975   0.00318469]
 [  0.           0.           0.           0.        ]
 [  0.           0.           0.           0.        ]
 [  0.           0.           0.           0.        ]
 [  0.           0.           0.           0.        ]
 [  0.           0.           0.           0.        ]
 [  0.           0.           0.           0.        ]
 [  0.           0.           0.           0.        ]
 [  0.           0.           0.           0.        ]
 [  0.           0.           0.           0.        ]
 [  0.00427933 -24.39424324 -19.01872063   0.00468289]
 [  0.           0.           0.           0.        ]
 [  0.           0.           0.           0.        ]
 [  0.           0.           0.           0.        ]
 [  0.           0.           0.           0.        ]
 [  0.           0.           0.           0.        ]
 [  0.           0.           0.           0.        ]
 [  0.           0.           0.           0.        ]
 [  0.           0.           0.           0.        ]
 [  0.           0.           0.           0.        ]
 [  0.           0.           0.           0.        ]
 [  0.           0.           0.           0.        ]
 [  0.           0.           0.           0.        ]]
