___DISTANCE___
gamma:  0.7 learning rate:  0.1 eps decay:  0.9999975
[[b'S' b'F' b'H' b'F' b'H' b'H' b'F' b'H' b'H' b'H']
 [b'F' b'H' b'H' b'F' b'H' b'F' b'H' b'H' b'H' b'F']
 [b'F' b'H' b'H' b'H' b'F' b'H' b'F' b'F' b'H' b'H']
 [b'F' b'F' b'F' b'H' b'H' b'F' b'H' b'H' b'H' b'H']
 [b'H' b'F' b'H' b'H' b'F' b'F' b'F' b'H' b'H' b'H']
 [b'F' b'F' b'F' b'H' b'F' b'H' b'F' b'H' b'F' b'H']
 [b'H' b'H' b'F' b'H' b'F' b'F' b'F' b'H' b'F' b'F']
 [b'F' b'H' b'F' b'H' b'H' b'H' b'H' b'H' b'H' b'H']
 [b'H' b'H' b'F' b'F' b'H' b'H' b'H' b'F' b'H' b'H']
 [b'H' b'F' b'F' b'F' b'F' b'F' b'F' b'F' b'F' b'G']]
Training  | Episode: 0/1000000  | Episode Reward: -85.2222 | Epsilon: 1.0000 | Goal reached: 0
[[-2.14867783  0.00899181 -1.99444091  0.00274612]
 [-1.8823688   0.00042097 -1.88621128  0.00927238]
 [ 0.          0.          0.          0.        ]
 [ 0.          0.          0.          0.        ]
 [ 0.          0.          0.          0.        ]
 [ 0.          0.          0.          0.        ]
 [ 0.          0.          0.          0.        ]
 [ 0.          0.          0.          0.        ]
 [ 0.          0.          0.          0.        ]
 [ 0.          0.          0.          0.        ]
 [ 0.00019685  0.0007674   0.00531928  0.0064492 ]
 [ 0.          0.          0.          0.        ]
 [ 0.          0.          0.          0.        ]
 [ 0.          0.          0.          0.        ]
 [ 0.          0.          0.          0.        ]
 [ 0.          0.          0.          0.        ]
 [ 0.          0.          0.          0.        ]
 [ 0.          0.          0.          0.        ]
 [ 0.          0.          0.          0.        ]
 [ 0.          0.          0.          0.        ]
 [ 0.          0.          0.          0.        ]
 [ 0.          0.          0.          0.        ]
 [ 0.          0.          0.          0.        ]
 [ 0.          0.          0.          0.        ]
 [ 0.          0.          0.          0.        ]
 [ 0.          0.          0.          0.        ]
 [ 0.          0.          0.          0.        ]
 [ 0.          0.          0.          0.        ]
 [ 0.          0.          0.          0.        ]
 [ 0.          0.          0.          0.        ]
 [ 0.          0.          0.          0.        ]
 [ 0.          0.          0.          0.        ]
 [ 0.          0.          0.          0.        ]
 [ 0.          0.          0.          0.        ]
 [ 0.          0.          0.          0.        ]
 [ 0.          0.          0.          0.        ]
 [ 0.          0.          0.          0.        ]
 [ 0.          0.          0.          0.        ]
 [ 0.          0.          0.          0.        ]
 [ 0.          0.          0.          0.        ]
 [ 0.          0.          0.          0.        ]
 [ 0.          0.          0.          0.        ]
 [ 0.          0.          0.          0.        ]
 [ 0.          0.          0.          0.        ]
 [ 0.          0.          0.          0.        ]
 [ 0.          0.          0.          0.        ]
 [ 0.          0.          0.          0.        ]
 [ 0.          0.          0.          0.        ]
 [ 0.          0.          0.          0.        ]
 [ 0.          0.          0.          0.        ]
 [ 0.          0.          0.          0.        ]
 [ 0.          0.          0.          0.        ]
 [ 0.          0.          0.          0.        ]
 [ 0.          0.          0.          0.        ]
 [ 0.          0.          0.          0.        ]
 [ 0.          0.          0.          0.        ]
 [ 0.          0.          0.          0.        ]
 [ 0.          0.          0.          0.        ]
 [ 0.          0.          0.          0.        ]
 [ 0.          0.          0.          0.        ]
 [ 0.          0.          0.          0.        ]
 [ 0.          0.          0.          0.        ]
 [ 0.          0.          0.          0.        ]
 [ 0.          0.          0.          0.        ]
 [ 0.          0.          0.          0.        ]
 [ 0.          0.          0.          0.        ]
 [ 0.          0.          0.          0.        ]
 [ 0.          0.          0.          0.        ]
 [ 0.          0.          0.          0.        ]
 [ 0.          0.          0.          0.        ]
 [ 0.          0.          0.          0.        ]
 [ 0.          0.          0.          0.        ]
 [ 0.          0.          0.          0.        ]
 [ 0.          0.          0.          0.        ]
 [ 0.          0.          0.          0.        ]
 [ 0.          0.          0.          0.        ]
 [ 0.          0.          0.          0.        ]
 [ 0.          0.          0.          0.        ]
 [ 0.          0.          0.          0.        ]
 [ 0.          0.          0.          0.        ]
 [ 0.          0.          0.          0.        ]
 [ 0.          0.          0.          0.        ]
 [ 0.          0.          0.          0.        ]
 [ 0.          0.          0.          0.        ]
 [ 0.          0.          0.          0.        ]
 [ 0.          0.          0.          0.        ]
 [ 0.          0.          0.          0.        ]
 [ 0.          0.          0.          0.        ]
 [ 0.          0.          0.          0.        ]
 [ 0.          0.          0.          0.        ]
 [ 0.          0.          0.          0.        ]
 [ 0.          0.          0.          0.        ]
 [ 0.          0.          0.          0.        ]
 [ 0.          0.          0.          0.        ]
 [ 0.          0.          0.          0.        ]
 [ 0.          0.          0.          0.        ]
 [ 0.          0.          0.          0.        ]
 [ 0.          0.          0.          0.        ]
 [ 0.          0.          0.          0.        ]
 [ 0.          0.          0.          0.        ]]
Training  | Episode: 10000/1000000  | Episode Reward: -112.6111 | Epsilon: 0.9753 | Goal reached: 0
Training  | Episode: 20000/1000000  | Episode Reward: -76.3333 | Epsilon: 0.9512 | Goal reached: 0
Training  | Episode: 30000/1000000  | Episode Reward: -55.3889 | Epsilon: 0.9277 | Goal reached: 0
Training  | Episode: 40000/1000000  | Episode Reward: -72.5000 | Epsilon: 0.9048 | Goal reached: 0
Training  | Episode: 50000/1000000  | Episode Reward: -45.3889 | Epsilon: 0.8825 | Goal reached: 0
Training  | Episode: 60000/1000000  | Episode Reward: -125.2222 | Epsilon: 0.8607 | Goal reached: 0
Training  | Episode: 70000/1000000  | Episode Reward: -54.8333 | Epsilon: 0.8395 | Goal reached: 0
Training  | Episode: 80000/1000000  | Episode Reward: -64.8333 | Epsilon: 0.8187 | Goal reached: 0
Training  | Episode: 90000/1000000  | Episode Reward: -55.3889 | Epsilon: 0.7985 | Goal reached: 0
Training  | Episode: 100000/1000000  | Episode Reward: -45.3889 | Epsilon: 0.7788 | Goal reached: 0
[[-21.67211723 -20.86185455 -17.60238838 -23.52766609]
 [-25.4744606  -38.99183655 -40.25523758 -39.27483368]
 [  0.           0.           0.           0.        ]
 [  0.           0.           0.           0.        ]
 [  0.           0.           0.           0.        ]
 [  0.           0.           0.           0.        ]
 [  0.           0.           0.           0.        ]
 [  0.           0.           0.           0.        ]
 [  0.           0.           0.           0.        ]
 [  0.           0.           0.           0.        ]
 [-16.14471626 -29.12987709 -25.62546921 -26.46026611]
 [  0.           0.           0.           0.        ]
 [  0.           0.           0.           0.        ]
 [  0.           0.           0.           0.        ]
 [  0.           0.           0.           0.        ]
 [  0.           0.           0.           0.        ]
 [  0.           0.           0.           0.        ]
 [  0.           0.           0.           0.        ]
 [  0.           0.           0.           0.        ]
 [  0.           0.           0.           0.        ]
 [-21.50105858 -25.1660614  -23.44390488 -31.41576195]
 [  0.           0.           0.           0.        ]
 [  0.           0.           0.           0.        ]
 [  0.           0.           0.           0.        ]
 [  0.           0.           0.           0.        ]
 [  0.           0.           0.           0.        ]
 [  0.           0.           0.           0.        ]
 [  0.           0.           0.           0.        ]
 [  0.           0.           0.           0.        ]
 [  0.           0.           0.           0.        ]
 [-27.01066017 -29.15334702 -24.32761192 -19.76757812]
 [-26.58704376 -18.78799248 -25.80362701 -21.85180855]
 [-30.3337059  -29.8634491  -35.38057709 -34.43718338]
 [  0.           0.           0.           0.        ]
 [  0.           0.           0.           0.        ]
 [  0.           0.           0.           0.        ]
 [  0.           0.           0.           0.        ]
 [  0.           0.           0.           0.        ]
 [  0.           0.           0.           0.        ]
 [  0.           0.           0.           0.        ]
 [  0.           0.           0.           0.        ]
 [-28.74189758 -32.40171051 -23.91156197 -32.34980392]
 [  0.           0.           0.           0.        ]
 [  0.           0.           0.           0.        ]
 [  0.           0.           0.           0.        ]
 [  0.           0.           0.           0.        ]
 [  0.           0.           0.           0.        ]
 [  0.           0.           0.           0.        ]
 [  0.           0.           0.           0.        ]
 [  0.           0.           0.           0.        ]
 [-35.34571075 -27.91107178 -32.09777451 -29.03576469]
 [-25.13539886 -22.16894341 -27.61284637 -17.64040947]
 [-21.91923904 -15.55267143 -24.18877983 -29.08955956]
 [  0.           0.           0.           0.        ]
 [  0.           0.           0.           0.        ]
 [  0.           0.           0.           0.        ]
 [  0.           0.           0.           0.        ]
 [  0.           0.           0.           0.        ]
 [  0.           0.           0.           0.        ]
 [  0.           0.           0.           0.        ]
 [  0.           0.           0.           0.        ]
 [  0.           0.           0.           0.        ]
 [-12.94841576 -10.32249355 -11.31183815 -22.02818489]
 [  0.           0.           0.           0.        ]
 [  0.           0.           0.           0.        ]
 [  0.           0.           0.           0.        ]
 [  0.           0.           0.           0.        ]
 [  0.           0.           0.           0.        ]
 [  0.           0.           0.           0.        ]
 [  0.           0.           0.           0.        ]
 [  0.           0.           0.           0.        ]
 [  0.           0.           0.           0.        ]
 [-10.40598583  -8.88645458  -6.68472099 -10.8438282 ]
 [  0.           0.           0.           0.        ]
 [  0.           0.           0.           0.        ]
 [  0.           0.           0.           0.        ]
 [  0.           0.           0.           0.        ]
 [  0.           0.           0.           0.        ]
 [  0.           0.           0.           0.        ]
 [  0.           0.           0.           0.        ]
 [  0.           0.           0.           0.        ]
 [  0.           0.           0.           0.        ]
 [  0.00633138  -4.99257183   0.00267046  -4.99177885]
 [  0.           0.           0.           0.        ]
 [  0.           0.           0.           0.        ]
 [  0.           0.           0.           0.        ]
 [  0.           0.           0.           0.        ]
 [  0.           0.           0.           0.        ]
 [  0.           0.           0.           0.        ]
 [  0.           0.           0.           0.        ]
 [  0.           0.           0.           0.        ]
 [  0.           0.           0.           0.        ]
 [  0.           0.           0.           0.        ]
 [  0.           0.           0.           0.        ]
 [  0.           0.           0.           0.        ]
 [  0.           0.           0.           0.        ]
 [  0.           0.           0.           0.        ]
 [  0.           0.           0.           0.        ]
 [  0.           0.           0.           0.        ]
 [  0.           0.           0.           0.        ]]
Training  | Episode: 110000/1000000  | Episode Reward: -74.8333 | Epsilon: 0.7596 | Goal reached: 0
Training  | Episode: 120000/1000000  | Episode Reward: -65.7222 | Epsilon: 0.7408 | Goal reached: 0
Training  | Episode: 130000/1000000  | Episode Reward: -105.2222 | Epsilon: 0.7225 | Goal reached: 0
Training  | Episode: 140000/1000000  | Episode Reward: -46.3333 | Epsilon: 0.7047 | Goal reached: 0
Training  | Episode: 150000/1000000  | Episode Reward: -174.0556 | Epsilon: 0.6873 | Goal reached: 0
Training  | Episode: 160000/1000000  | Episode Reward: -45.3889 | Epsilon: 0.6703 | Goal reached: 0
Training  | Episode: 170000/1000000  | Episode Reward: -43.5000 | Epsilon: 0.6538 | Goal reached: 0
Training  | Episode: 180000/1000000  | Episode Reward: -145.2778 | Epsilon: 0.6376 | Goal reached: 0
Training  | Episode: 190000/1000000  | Episode Reward: -247.1667 | Epsilon: 0.6219 | Goal reached: 0
Training  | Episode: 200000/1000000  | Episode Reward: -54.8333 | Epsilon: 0.6065 | Goal reached: 0
[[-24.34436798 -24.14860725 -24.91241837 -26.08854675]
 [-34.76208878 -38.03099823 -35.48530197 -36.84899521]
 [  0.           0.           0.           0.        ]
 [  0.           0.           0.           0.        ]
 [  0.           0.           0.           0.        ]
 [  0.           0.           0.           0.        ]
 [  0.           0.           0.           0.        ]
 [  0.           0.           0.           0.        ]
 [  0.           0.           0.           0.        ]
 [  0.           0.           0.           0.        ]
 [-22.97561264 -34.14598846 -31.35863304 -30.37383461]
 [  0.           0.           0.           0.        ]
 [  0.           0.           0.           0.        ]
 [  0.           0.           0.           0.        ]
 [  0.           0.           0.           0.        ]
 [  0.           0.           0.           0.        ]
 [  0.           0.           0.           0.        ]
 [  0.           0.           0.           0.        ]
 [  0.           0.           0.           0.        ]
 [  0.           0.           0.           0.        ]
 [-25.29123878 -27.84246445 -30.83102798 -32.01350021]
 [  0.           0.           0.           0.        ]
 [  0.           0.           0.           0.        ]
 [  0.           0.           0.           0.        ]
 [  0.           0.           0.           0.        ]
 [  0.           0.           0.           0.        ]
 [  0.           0.           0.           0.        ]
 [  0.           0.           0.           0.        ]
 [  0.           0.           0.           0.        ]
 [  0.           0.           0.           0.        ]
 [-26.67804527 -26.59568214 -27.82205963 -23.81440544]
 [-25.79722404 -21.26070595 -22.75273132 -22.42114449]
 [-29.86986923 -30.85915184 -35.65847778 -29.53859138]
 [  0.           0.           0.           0.        ]
 [  0.           0.           0.           0.        ]
 [  0.           0.           0.           0.        ]
 [  0.           0.           0.           0.        ]
 [  0.           0.           0.           0.        ]
 [  0.           0.           0.           0.        ]
 [  0.           0.           0.           0.        ]
 [  0.           0.           0.           0.        ]
 [-32.87710571 -31.20452309 -22.4829216  -31.16389847]
 [  0.           0.           0.           0.        ]
 [  0.           0.           0.           0.        ]
 [  0.           0.           0.           0.        ]
 [  0.           0.           0.           0.        ]
 [  0.           0.           0.           0.        ]
 [  0.           0.           0.           0.        ]
 [  0.           0.           0.           0.        ]
 [  0.           0.           0.           0.        ]
 [-33.14119339 -30.50367737 -32.23199081 -30.6967926 ]
 [-25.73889923 -21.47391701 -21.79704857 -19.43609619]
 [-23.5469532  -22.23664474 -24.61153221 -26.62266541]
 [  0.           0.           0.           0.        ]
 [  0.           0.           0.           0.        ]
 [  0.           0.           0.           0.        ]
 [  0.           0.           0.           0.        ]
 [  0.           0.           0.           0.        ]
 [  0.           0.           0.           0.        ]
 [  0.           0.           0.           0.        ]
 [  0.           0.           0.           0.        ]
 [  0.           0.           0.           0.        ]
 [-18.54244804 -21.18675995 -20.3248806  -23.03988838]
 [  0.           0.           0.           0.        ]
 [  0.           0.           0.           0.        ]
 [  0.           0.           0.           0.        ]
 [  0.           0.           0.           0.        ]
 [  0.           0.           0.           0.        ]
 [  0.           0.           0.           0.        ]
 [  0.           0.           0.           0.        ]
 [  0.           0.           0.           0.        ]
 [  0.           0.           0.           0.        ]
 [-15.36848545 -20.28841209 -13.13096523 -20.01867485]
 [  0.           0.           0.           0.        ]
 [  0.           0.           0.           0.        ]
 [  0.           0.           0.           0.        ]
 [  0.           0.           0.           0.        ]
 [  0.           0.           0.           0.        ]
 [  0.           0.           0.           0.        ]
 [  0.           0.           0.           0.        ]
 [  0.           0.           0.           0.        ]
 [  0.           0.           0.           0.        ]
 [ -9.71586132  -3.42115164  -3.19962835  -8.04279423]
 [ -1.28660834  -0.05987774  -4.44317532   0.00737655]
 [  0.           0.           0.           0.        ]
 [  0.           0.           0.           0.        ]
 [  0.           0.           0.           0.        ]
 [  0.           0.           0.           0.        ]
 [  0.           0.           0.           0.        ]
 [  0.           0.           0.           0.        ]
 [  0.           0.           0.           0.        ]
 [ -0.88007385  -0.90605468  -0.7710157    0.00856839]
 [ -2.56548619  -2.5269649   -1.50788713  -1.53732538]
 [ -0.28511742  -0.78615081  -0.66476053  -0.06924507]
 [  0.           0.           0.           0.        ]
 [  0.           0.           0.           0.        ]
 [  0.           0.           0.           0.        ]
 [  0.           0.           0.           0.        ]
 [  0.           0.           0.           0.        ]
 [  0.           0.           0.           0.        ]]
Training  | Episode: 210000/1000000  | Episode Reward: -89.6111 | Epsilon: 0.5916 | Goal reached: 0
Training  | Episode: 220000/1000000  | Episode Reward: -45.3889 | Epsilon: 0.5769 | Goal reached: 0
Training  | Episode: 230000/1000000  | Episode Reward: -75.7778 | Epsilon: 0.5627 | Goal reached: 0
Training  | Episode: 240000/1000000  | Episode Reward: -166.3889 | Epsilon: 0.5488 | Goal reached: 0
Training  | Episode: 250000/1000000  | Episode Reward: -94.8333 | Epsilon: 0.5353 | Goal reached: 0
Training  | Episode: 260000/1000000  | Episode Reward: -154.1111 | Epsilon: 0.5220 | Goal reached: 0
Training  | Episode: 270000/1000000  | Episode Reward: -73.4444 | Epsilon: 0.5092 | Goal reached: 0
Training  | Episode: 280000/1000000  | Episode Reward: -231.9444 | Epsilon: 0.4966 | Goal reached: 0
Training  | Episode: 290000/1000000  | Episode Reward: -91.2222 | Epsilon: 0.4843 | Goal reached: 0
Training  | Episode: 300000/1000000  | Episode Reward: -76.6667 | Epsilon: 0.4724 | Goal reached: 0
[[-27.25810051 -26.86857796 -23.03459358 -26.05728149]
 [-32.13445663 -41.00805283 -42.07437897 -36.61417007]
 [  0.           0.           0.           0.        ]
 [  0.           0.           0.           0.        ]
 [  0.           0.           0.           0.        ]
 [  0.           0.           0.           0.        ]
 [  0.           0.           0.           0.        ]
 [  0.           0.           0.           0.        ]
 [  0.           0.           0.           0.        ]
 [  0.           0.           0.           0.        ]
 [-19.97163391 -29.19319916 -31.49503326 -26.72343254]
 [  0.           0.           0.           0.        ]
 [  0.           0.           0.           0.        ]
 [  0.           0.           0.           0.        ]
 [  0.           0.           0.           0.        ]
 [  0.           0.           0.           0.        ]
 [  0.           0.           0.           0.        ]
 [  0.           0.           0.           0.        ]
 [  0.           0.           0.           0.        ]
 [  0.           0.           0.           0.        ]
 [-20.32893562 -29.67285538 -28.62513733 -25.82095909]
 [  0.           0.           0.           0.        ]
 [  0.           0.           0.           0.        ]
 [  0.           0.           0.           0.        ]
 [  0.           0.           0.           0.        ]
 [  0.           0.           0.           0.        ]
 [  0.           0.           0.           0.        ]
 [  0.           0.           0.           0.        ]
 [  0.           0.           0.           0.        ]
 [  0.           0.           0.           0.        ]
 [-25.32972717 -23.29694748 -28.56295013 -19.188097  ]
 [-26.51977158 -21.53946877 -19.82954597 -23.41368866]
 [-35.39461899 -27.17984009 -34.67899323 -32.29287338]
 [  0.           0.           0.           0.        ]
 [  0.           0.           0.           0.        ]
 [  0.           0.           0.           0.        ]
 [  0.           0.           0.           0.        ]
 [  0.           0.           0.           0.        ]
 [  0.           0.           0.           0.        ]
 [  0.           0.           0.           0.        ]
 [  0.           0.           0.           0.        ]
 [-24.36347008 -32.72754288 -20.73577309 -28.40345764]
 [  0.           0.           0.           0.        ]
 [  0.           0.           0.           0.        ]
 [  0.           0.           0.           0.        ]
 [  0.           0.           0.           0.        ]
 [  0.           0.           0.           0.        ]
 [  0.           0.           0.           0.        ]
 [  0.           0.           0.           0.        ]
 [  0.           0.           0.           0.        ]
 [-33.01700592 -24.34705734 -31.28246307 -32.45980835]
 [-23.14382172 -20.93059921 -25.98807335 -19.03062248]
 [-22.00542259 -20.54144096 -27.12905693 -27.9553299 ]
 [  0.           0.           0.           0.        ]
 [  0.           0.           0.           0.        ]
 [  0.           0.           0.           0.        ]
 [  0.           0.           0.           0.        ]
 [  0.           0.           0.           0.        ]
 [  0.           0.           0.           0.        ]
 [  0.           0.           0.           0.        ]
 [  0.           0.           0.           0.        ]
 [  0.           0.           0.           0.        ]
 [-21.33287048 -19.59379768 -20.35655785 -26.07805634]
 [  0.           0.           0.           0.        ]
 [  0.           0.           0.           0.        ]
 [  0.           0.           0.           0.        ]
 [  0.           0.           0.           0.        ]
 [  0.           0.           0.           0.        ]
 [  0.           0.           0.           0.        ]
 [  0.           0.           0.           0.        ]
 [  0.           0.           0.           0.        ]
 [  0.           0.           0.           0.        ]
 [-19.93434525 -21.18760872 -11.68818378 -20.72732353]
 [  0.           0.           0.           0.        ]
 [  0.           0.           0.           0.        ]
 [  0.           0.           0.           0.        ]
 [  0.           0.           0.           0.        ]
 [  0.           0.           0.           0.        ]
 [  0.           0.           0.           0.        ]
 [  0.           0.           0.           0.        ]
 [  0.           0.           0.           0.        ]
 [  0.           0.           0.           0.        ]
 [ -9.14541245  -8.8112793   -6.68432665  -8.04279423]
 [ -7.32233858  -6.03623962  -8.15814877  -8.72669506]
 [  0.           0.           0.           0.        ]
 [  0.           0.           0.           0.        ]
 [  0.           0.           0.           0.        ]
 [  0.00161617   0.00677298   0.00411794   0.00510057]
 [  0.           0.           0.           0.        ]
 [  0.           0.           0.           0.        ]
 [  0.           0.           0.           0.        ]
 [ -0.88007385  -1.72167492  -5.61595869  -4.99188042]
 [ -2.26448822  -2.3551774   -2.74915671  -1.53732538]
 [ -1.54526317  -2.32873797  -1.29154158  -2.02049422]
 [ -0.54743093  -0.54620981   0.0000453   -0.03654538]
 [  0.00105845   0.00312554  -0.4358021   -0.54909247]
 [ -0.3247968    0.00552329   0.00373251   0.00357433]
 [  0.0059992    0.00274063   0.00295058   0.00866429]
 [  0.           0.           0.           0.        ]
 [  0.           0.           0.           0.        ]]
Training  | Episode: 310000/1000000  | Episode Reward: -248.6111 | Epsilon: 0.4607 | Goal reached: 0
Training  | Episode: 320000/1000000  | Episode Reward: -83.1667 | Epsilon: 0.4493 | Goal reached: 0
Training  | Episode: 330000/1000000  | Episode Reward: -65.7778 | Epsilon: 0.4382 | Goal reached: 0
Training  | Episode: 340000/1000000  | Episode Reward: -54.8333 | Epsilon: 0.4274 | Goal reached: 0
Training  | Episode: 350000/1000000  | Episode Reward: -43.5000 | Epsilon: 0.4169 | Goal reached: 0
Training  | Episode: 360000/1000000  | Episode Reward: -55.7222 | Epsilon: 0.4066 | Goal reached: 0
Training  | Episode: 370000/1000000  | Episode Reward: -99.7222 | Epsilon: 0.3965 | Goal reached: 0
Training  | Episode: 380000/1000000  | Episode Reward: -55.7778 | Epsilon: 0.3867 | Goal reached: 0
Training  | Episode: 390000/1000000  | Episode Reward: -83.8889 | Epsilon: 0.3772 | Goal reached: 0
Training  | Episode: 400000/1000000  | Episode Reward: -123.5000 | Epsilon: 0.3679 | Goal reached: 0
[[-27.39780426 -23.79604912 -27.40118408 -28.00063324]
 [-36.52800369 -36.40851974 -43.31360626 -38.48336411]
 [  0.           0.           0.           0.        ]
 [  0.           0.           0.           0.        ]
 [  0.           0.           0.           0.        ]
 [  0.           0.           0.           0.        ]
 [  0.           0.           0.           0.        ]
 [  0.           0.           0.           0.        ]
 [  0.           0.           0.           0.        ]
 [  0.           0.           0.           0.        ]
 [-20.44922829 -33.49079132 -30.47238159 -28.89511871]
 [  0.           0.           0.           0.        ]
 [  0.           0.           0.           0.        ]
 [  0.           0.           0.           0.        ]
 [  0.           0.           0.           0.        ]
 [  0.           0.           0.           0.        ]
 [  0.           0.           0.           0.        ]
 [  0.           0.           0.           0.        ]
 [  0.           0.           0.           0.        ]
 [  0.           0.           0.           0.        ]
 [-21.79098129 -33.87684631 -25.05197334 -30.71136475]
 [  0.           0.           0.           0.        ]
 [  0.           0.           0.           0.        ]
 [  0.           0.           0.           0.        ]
 [  0.           0.           0.           0.        ]
 [  0.           0.           0.           0.        ]
 [  0.           0.           0.           0.        ]
 [  0.           0.           0.           0.        ]
 [  0.           0.           0.           0.        ]
 [  0.           0.           0.           0.        ]
 [-27.85658646 -29.45696259 -26.99081421 -21.19323349]
 [-24.52848816 -22.8002491  -23.55364418 -29.5045433 ]
 [-33.71398926 -32.53912354 -34.95991516 -32.43334961]
 [  0.           0.           0.           0.        ]
 [  0.           0.           0.           0.        ]
 [  0.           0.           0.           0.        ]
 [  0.           0.           0.           0.        ]
 [  0.           0.           0.           0.        ]
 [  0.           0.           0.           0.        ]
 [  0.           0.           0.           0.        ]
 [  0.           0.           0.           0.        ]
 [-27.86810875 -27.69503975 -21.23882294 -30.83010483]
 [  0.           0.           0.           0.        ]
 [  0.           0.           0.           0.        ]
 [  0.           0.           0.           0.        ]
 [  0.           0.           0.           0.        ]
 [  0.           0.           0.           0.        ]
 [  0.           0.           0.           0.        ]
 [  0.           0.           0.           0.        ]
 [  0.           0.           0.           0.        ]
 [-31.34300041 -27.6547699  -31.24258232 -31.51926994]
 [-23.82517624 -24.40082169 -26.92215347 -21.18524742]
 [-23.86644363 -22.89900398 -29.13952637 -29.2858448 ]
 [  0.           0.           0.           0.        ]
 [  0.           0.           0.           0.        ]
 [  0.           0.           0.           0.        ]
 [  0.           0.           0.           0.        ]
 [  0.           0.           0.           0.        ]
 [  0.           0.           0.           0.        ]
 [  0.           0.           0.           0.        ]
 [  0.           0.           0.           0.        ]
 [  0.           0.           0.           0.        ]
 [-21.30181313 -19.3428421  -15.87651825 -25.80102158]
 [  0.           0.           0.           0.        ]
 [  0.           0.           0.           0.        ]
 [  0.           0.           0.           0.        ]
 [  0.           0.           0.           0.        ]
 [  0.           0.           0.           0.        ]
 [  0.           0.           0.           0.        ]
 [  0.           0.           0.           0.        ]
 [  0.           0.           0.           0.        ]
 [  0.           0.           0.           0.        ]
 [-18.50951576 -16.04345322 -12.86760807 -23.6074276 ]
 [  0.           0.           0.           0.        ]
 [  0.           0.           0.           0.        ]
 [  0.           0.           0.           0.        ]
 [  0.           0.           0.           0.        ]
 [  0.           0.           0.           0.        ]
 [  0.           0.           0.           0.        ]
 [  0.           0.           0.           0.        ]
 [  0.           0.           0.           0.        ]
 [  0.           0.           0.           0.        ]
 [-13.98422718 -13.03174114  -8.88533211 -11.7875576 ]
 [-12.6843195   -9.6091671  -10.96986485 -10.33101082]
 [  0.           0.           0.           0.        ]
 [  0.           0.           0.           0.        ]
 [  0.           0.           0.           0.        ]
 [  0.00161617   0.00677298   0.00411794   0.00510057]
 [  0.           0.           0.           0.        ]
 [  0.           0.           0.           0.        ]
 [  0.           0.           0.           0.        ]
 [ -9.56129932  -5.50273228  -5.65925074  -9.45456028]
 [ -6.2747736   -5.002038    -5.14506292  -4.66282272]
 [ -3.22879481  -1.3955729   -2.11486149  -4.56384373]
 [ -6.68280792  -1.2439065   -3.68735337  -6.02130699]
 [  0.00105845   0.00312554  -0.4358021   -0.54909247]
 [ -0.3247968    0.00552329   0.00373251   0.00357433]
 [  0.0059992    0.00274063   0.00295058   0.00866429]
 [  0.           0.           0.           0.        ]
 [  0.           0.           0.           0.        ]]
Training  | Episode: 410000/1000000  | Episode Reward: -75.3889 | Epsilon: 0.3588 | Goal reached: 0
Training  | Episode: 420000/1000000  | Episode Reward: -108.0556 | Epsilon: 0.3499 | Goal reached: 0
Training  | Episode: 430000/1000000  | Episode Reward: -143.2222 | Epsilon: 0.3413 | Goal reached: 0
Training  | Episode: 440000/1000000  | Episode Reward: -56.3333 | Epsilon: 0.3329 | Goal reached: 0
Training  | Episode: 450000/1000000  | Episode Reward: -85.3889 | Epsilon: 0.3247 | Goal reached: 0
Training  | Episode: 460000/1000000  | Episode Reward: -62.3333 | Epsilon: 0.3166 | Goal reached: 0
Training  | Episode: 470000/1000000  | Episode Reward: -242.7778 | Epsilon: 0.3088 | Goal reached: 0
Training  | Episode: 480000/1000000  | Episode Reward: -97.8889 | Epsilon: 0.3012 | Goal reached: 0
Training  | Episode: 490000/1000000  | Episode Reward: -54.8333 | Epsilon: 0.2938 | Goal reached: 0
Training  | Episode: 500000/1000000  | Episode Reward: -45.3889 | Epsilon: 0.2865 | Goal reached: 0
[[-25.1849575  -28.30043411 -25.11127853 -26.4627552 ]
 [-41.01309204 -36.53031921 -41.5356102  -37.75284576]
 [  0.           0.           0.           0.        ]
 [  0.           0.           0.           0.        ]
 [  0.           0.           0.           0.        ]
 [  0.           0.           0.           0.        ]
 [  0.           0.           0.           0.        ]
 [  0.           0.           0.           0.        ]
 [  0.           0.           0.           0.        ]
 [  0.           0.           0.           0.        ]
 [-24.21008873 -37.26403809 -36.40169525 -32.49547577]
 [  0.           0.           0.           0.        ]
 [  0.           0.           0.           0.        ]
 [  0.           0.           0.           0.        ]
 [  0.           0.           0.           0.        ]
 [  0.           0.           0.           0.        ]
 [  0.           0.           0.           0.        ]
 [  0.           0.           0.           0.        ]
 [  0.           0.           0.           0.        ]
 [  0.           0.           0.           0.        ]
 [-23.80499077 -29.37615204 -25.07374954 -29.50959587]
 [  0.           0.           0.           0.        ]
 [  0.           0.           0.           0.        ]
 [  0.           0.           0.           0.        ]
 [  0.           0.           0.           0.        ]
 [  0.           0.           0.           0.        ]
 [  0.           0.           0.           0.        ]
 [  0.           0.           0.           0.        ]
 [  0.           0.           0.           0.        ]
 [  0.           0.           0.           0.        ]
 [-28.51185799 -28.92500305 -28.58650589 -23.95397568]
 [-28.60641098 -22.52062988 -24.89976311 -33.19508743]
 [-34.31958008 -32.98605728 -35.27618408 -34.36363983]
 [  0.           0.           0.           0.        ]
 [  0.           0.           0.           0.        ]
 [  0.           0.           0.           0.        ]
 [  0.           0.           0.           0.        ]
 [  0.           0.           0.           0.        ]
 [  0.           0.           0.           0.        ]
 [  0.           0.           0.           0.        ]
 [  0.           0.           0.           0.        ]
 [-27.81645775 -31.03859901 -23.19999695 -31.62678337]
 [  0.           0.           0.           0.        ]
 [  0.           0.           0.           0.        ]
 [  0.           0.           0.           0.        ]
 [  0.           0.           0.           0.        ]
 [  0.           0.           0.           0.        ]
 [  0.           0.           0.           0.        ]
 [  0.           0.           0.           0.        ]
 [  0.           0.           0.           0.        ]
 [-30.85250854 -28.98443985 -27.49342155 -28.15524864]
 [-27.29560661 -22.63417435 -23.44573593 -22.42037582]
 [-27.47309113 -23.02295113 -22.53204727 -27.87604523]
 [  0.           0.           0.           0.        ]
 [  0.           0.           0.           0.        ]
 [  0.           0.           0.           0.        ]
 [  0.           0.           0.           0.        ]
 [  0.           0.           0.           0.        ]
 [  0.           0.           0.           0.        ]
 [  0.           0.           0.           0.        ]
 [  0.           0.           0.           0.        ]
 [  0.           0.           0.           0.        ]
 [-22.37863541 -19.83392143 -17.33333588 -26.86022186]
 [  0.           0.           0.           0.        ]
 [  0.           0.           0.           0.        ]
 [  0.           0.           0.           0.        ]
 [  0.           0.           0.           0.        ]
 [  0.           0.           0.           0.        ]
 [  0.           0.           0.           0.        ]
 [  0.           0.           0.           0.        ]
 [  0.           0.           0.           0.        ]
 [  0.           0.           0.           0.        ]
 [-22.9944191  -22.25153732 -16.0997448  -21.29114914]
 [  0.           0.           0.           0.        ]
 [  0.           0.           0.           0.        ]
 [  0.           0.           0.           0.        ]
 [  0.           0.           0.           0.        ]
 [  0.           0.           0.           0.        ]
 [  0.           0.           0.           0.        ]
 [  0.           0.           0.           0.        ]
 [  0.           0.           0.           0.        ]
 [  0.           0.           0.           0.        ]
 [-17.18708992 -14.65890694  -9.97599125 -12.98620796]
 [-14.59080124  -9.63728142 -15.01873684 -13.03201962]
 [  0.           0.           0.           0.        ]
 [  0.           0.           0.           0.        ]
 [  0.           0.           0.           0.        ]
 [  0.00161617   0.00677298   0.00411794   0.00510057]
 [  0.           0.           0.           0.        ]
 [  0.           0.           0.           0.        ]
 [  0.           0.           0.           0.        ]
 [-16.76491356 -14.24502468 -15.37866783 -14.21909809]
 [ -8.67435551  -6.84854555  -8.50236893  -8.90334415]
 [ -5.34300995  -4.73099804  -6.50677395  -5.85840988]
 [ -6.68280792  -3.24122477  -6.28205967  -7.54467964]
 [ -0.8091861   -1.09166491  -0.38120174  -0.47513056]
 [ -2.48066473  -0.32814145  -0.35027516  -2.21796775]
 [  0.0059992    0.00274063   0.00295058   0.00866429]
 [  0.           0.           0.           0.        ]
 [  0.           0.           0.           0.        ]]
Training  | Episode: 510000/1000000  | Episode Reward: -221.8889 | Epsilon: 0.2794 | Goal reached: 0
Training  | Episode: 520000/1000000  | Episode Reward: -45.3889 | Epsilon: 0.2725 | Goal reached: 0
Training  | Episode: 530000/1000000  | Episode Reward: -82.9444 | Epsilon: 0.2658 | Goal reached: 0
Training  | Episode: 540000/1000000  | Episode Reward: -153.0556 | Epsilon: 0.2592 | Goal reached: 0
Training  | Episode: 550000/1000000  | Episode Reward: -45.3889 | Epsilon: 0.2528 | Goal reached: 0
Training  | Episode: 560000/1000000  | Episode Reward: -250.5556 | Epsilon: 0.2466 | Goal reached: 0
Training  | Episode: 570000/1000000  | Episode Reward: -85.2222 | Epsilon: 0.2405 | Goal reached: 0
Training  | Episode: 580000/1000000  | Episode Reward: -51.0000 | Epsilon: 0.2346 | Goal reached: 1
Training  | Episode: 590000/1000000  | Episode Reward: -45.3889 | Epsilon: 0.2288 | Goal reached: 1
Training  | Episode: 600000/1000000  | Episode Reward: -165.7778 | Epsilon: 0.2231 | Goal reached: 1
[[-28.54949379 -28.43228912 -28.59623337 -29.57361984]
 [-31.37989235 -40.65490341 -39.68566513 -36.93418503]
 [  0.           0.           0.           0.        ]
 [  0.           0.           0.           0.        ]
 [  0.           0.           0.           0.        ]
 [  0.           0.           0.           0.        ]
 [  0.           0.           0.           0.        ]
 [  0.           0.           0.           0.        ]
 [  0.           0.           0.           0.        ]
 [  0.           0.           0.           0.        ]
 [-26.24014664 -30.0604763  -29.64558411 -29.21469116]
 [  0.           0.           0.           0.        ]
 [  0.           0.           0.           0.        ]
 [  0.           0.           0.           0.        ]
 [  0.           0.           0.           0.        ]
 [  0.           0.           0.           0.        ]
 [  0.           0.           0.           0.        ]
 [  0.           0.           0.           0.        ]
 [  0.           0.           0.           0.        ]
 [  0.           0.           0.           0.        ]
 [-23.93727875 -31.91664124 -34.16469574 -30.44268608]
 [  0.           0.           0.           0.        ]
 [  0.           0.           0.           0.        ]
 [  0.           0.           0.           0.        ]
 [  0.           0.           0.           0.        ]
 [  0.           0.           0.           0.        ]
 [  0.           0.           0.           0.        ]
 [  0.           0.           0.           0.        ]
 [  0.           0.           0.           0.        ]
 [  0.           0.           0.           0.        ]
 [-26.08736992 -29.86468124 -23.19874573 -24.04953766]
 [-28.77105713 -24.29269409 -28.35401154 -24.63754082]
 [-31.61263466 -28.44364548 -34.24053955 -31.60008049]
 [  0.           0.           0.           0.        ]
 [  0.           0.           0.           0.        ]
 [  0.           0.           0.           0.        ]
 [  0.           0.           0.           0.        ]
 [  0.           0.           0.           0.        ]
 [  0.           0.           0.           0.        ]
 [  0.           0.           0.           0.        ]
 [  0.           0.           0.           0.        ]
 [-29.01255798 -29.93307877 -21.9119091  -32.68276978]
 [  0.           0.           0.           0.        ]
 [  0.           0.           0.           0.        ]
 [  0.           0.           0.           0.        ]
 [  0.           0.           0.           0.        ]
 [  0.           0.           0.           0.        ]
 [  0.           0.           0.           0.        ]
 [  0.           0.           0.           0.        ]
 [  0.           0.           0.           0.        ]
 [-30.44315338 -27.39296532 -32.29640579 -33.70733643]
 [-23.86283112 -24.13759613 -25.41711807 -23.11789513]
 [-24.3377037  -19.73629379 -28.18780327 -24.0377636 ]
 [  0.           0.           0.           0.        ]
 [  0.           0.           0.           0.        ]
 [  0.           0.           0.           0.        ]
 [  0.           0.           0.           0.        ]
 [  0.           0.           0.           0.        ]
 [  0.           0.           0.           0.        ]
 [  0.           0.           0.           0.        ]
 [  0.           0.           0.           0.        ]
 [  0.           0.           0.           0.        ]
 [-25.4545517  -22.36148643 -19.38114357 -24.36429977]
 [  0.           0.           0.           0.        ]
 [  0.           0.           0.           0.        ]
 [  0.           0.           0.           0.        ]
 [  0.           0.           0.           0.        ]
 [  0.           0.           0.           0.        ]
 [  0.           0.           0.           0.        ]
 [  0.           0.           0.           0.        ]
 [  0.           0.           0.           0.        ]
 [  0.           0.           0.           0.        ]
 [-21.06990051 -14.95815754 -20.15298271 -24.66076469]
 [  0.           0.           0.           0.        ]
 [  0.           0.           0.           0.        ]
 [  0.           0.           0.           0.        ]
 [  0.           0.           0.           0.        ]
 [  0.           0.           0.           0.        ]
 [  0.           0.           0.           0.        ]
 [  0.           0.           0.           0.        ]
 [  0.           0.           0.           0.        ]
 [  0.           0.           0.           0.        ]
 [-16.92609787 -15.9214592  -12.84482193 -15.29169083]
 [-11.48042488 -11.09828186 -15.34716606 -17.51415825]
 [  0.           0.           0.           0.        ]
 [  0.           0.           0.           0.        ]
 [  0.           0.           0.           0.        ]
 [  0.00161617   0.00677298   0.00411794   0.00510057]
 [  0.           0.           0.           0.        ]
 [  0.           0.           0.           0.        ]
 [  0.           0.           0.           0.        ]
 [-19.72726822 -12.79317474 -15.76738453 -17.1217823 ]
 [-11.09701824 -10.3738699  -10.96291161  -9.95388317]
 [ -6.71981096  -7.53225613  -5.87918949  -7.68120623]
 [ -6.33451271  -5.25489521  -9.44017696  -6.14450073]
 [ -5.26997757  -2.52917194  -5.44248581  -5.29190302]
 [ -2.48066473  -1.48002493  -4.22166491  -1.79575658]
 [ -0.4596597   -0.46709472  -0.21944869  -0.49823046]
 [ -1.10326815   0.00139792   0.00689944   0.00655829]
 [  0.           0.           0.           0.        ]]
Training  | Episode: 610000/1000000  | Episode Reward: -45.3889 | Epsilon: 0.2176 | Goal reached: 2
Training  | Episode: 620000/1000000  | Episode Reward: -83.7222 | Epsilon: 0.2122 | Goal reached: 2
Training  | Episode: 630000/1000000  | Episode Reward: -390.8333 | Epsilon: 0.2070 | Goal reached: 2
Training  | Episode: 640000/1000000  | Episode Reward: -134.6667 | Epsilon: 0.2019 | Goal reached: 2
Training  | Episode: 650000/1000000  | Episode Reward: -45.3889 | Epsilon: 0.1969 | Goal reached: 2
Training  | Episode: 660000/1000000  | Episode Reward: -74.4444 | Epsilon: 0.1920 | Goal reached: 2
Training  | Episode: 670000/1000000  | Episode Reward: -95.9444 | Epsilon: 0.1873 | Goal reached: 2
Training  | Episode: 680000/1000000  | Episode Reward: -65.3889 | Epsilon: 0.1827 | Goal reached: 2
Training  | Episode: 690000/1000000  | Episode Reward: -74.2778 | Epsilon: 0.1782 | Goal reached: 3
Training  | Episode: 700000/1000000  | Episode Reward: -134.1111 | Epsilon: 0.1738 | Goal reached: 3
[[-27.87138367 -27.94954491 -23.29648209 -28.91757965]
 [-41.57498169 -41.78657913 -40.92893219 -39.06136703]
 [  0.           0.           0.           0.        ]
 [  0.           0.           0.           0.        ]
 [  0.           0.           0.           0.        ]
 [  0.           0.           0.           0.        ]
 [  0.           0.           0.           0.        ]
 [  0.           0.           0.           0.        ]
 [  0.           0.           0.           0.        ]
 [  0.           0.           0.           0.        ]
 [-24.35308838 -32.12872314 -30.25455284 -28.81538963]
 [  0.           0.           0.           0.        ]
 [  0.           0.           0.           0.        ]
 [  0.           0.           0.           0.        ]
 [  0.           0.           0.           0.        ]
 [  0.           0.           0.           0.        ]
 [  0.           0.           0.           0.        ]
 [  0.           0.           0.           0.        ]
 [  0.           0.           0.           0.        ]
 [  0.           0.           0.           0.        ]
 [-23.07949448 -26.34148598 -31.05503464 -29.23119164]
 [  0.           0.           0.           0.        ]
 [  0.           0.           0.           0.        ]
 [  0.           0.           0.           0.        ]
 [  0.           0.           0.           0.        ]
 [  0.           0.           0.           0.        ]
 [  0.           0.           0.           0.        ]
 [  0.           0.           0.           0.        ]
 [  0.           0.           0.           0.        ]
 [  0.           0.           0.           0.        ]
 [-26.8033905  -24.22514915 -28.35546112 -19.51215744]
 [-28.24413681 -19.71963882 -25.23176956 -30.52382278]
 [-35.847229   -28.06297302 -35.51574707 -31.93917465]
 [  0.           0.           0.           0.        ]
 [  0.           0.           0.           0.        ]
 [  0.           0.           0.           0.        ]
 [  0.           0.           0.           0.        ]
 [  0.           0.           0.           0.        ]
 [  0.           0.           0.           0.        ]
 [  0.           0.           0.           0.        ]
 [  0.           0.           0.           0.        ]
 [-25.30998421 -33.47274399 -27.28582382 -32.36234283]
 [  0.           0.           0.           0.        ]
 [  0.           0.           0.           0.        ]
 [  0.           0.           0.           0.        ]
 [  0.           0.           0.           0.        ]
 [  0.           0.           0.           0.        ]
 [  0.           0.           0.           0.        ]
 [  0.           0.           0.           0.        ]
 [  0.           0.           0.           0.        ]
 [-34.52133942 -28.12345695 -30.99137497 -30.33582687]
 [-25.71382904 -25.00946045 -21.62192154 -20.17226791]
 [-28.37143135 -21.94923592 -27.44098282 -30.64478683]
 [  0.           0.           0.           0.        ]
 [  0.           0.           0.           0.        ]
 [  0.           0.           0.           0.        ]
 [  0.           0.           0.           0.        ]
 [  0.           0.           0.           0.        ]
 [  0.           0.           0.           0.        ]
 [  0.           0.           0.           0.        ]
 [  0.           0.           0.           0.        ]
 [  0.           0.           0.           0.        ]
 [-22.30755997 -25.11352348 -18.13467598 -26.26412201]
 [  0.           0.           0.           0.        ]
 [  0.           0.           0.           0.        ]
 [  0.           0.           0.           0.        ]
 [  0.           0.           0.           0.        ]
 [  0.           0.           0.           0.        ]
 [  0.           0.           0.           0.        ]
 [  0.           0.           0.           0.        ]
 [  0.           0.           0.           0.        ]
 [  0.           0.           0.           0.        ]
 [-17.53199005 -20.43370628 -15.15105152 -23.13742447]
 [  0.           0.           0.           0.        ]
 [  0.           0.           0.           0.        ]
 [  0.           0.           0.           0.        ]
 [  0.           0.           0.           0.        ]
 [  0.           0.           0.           0.        ]
 [  0.           0.           0.           0.        ]
 [  0.           0.           0.           0.        ]
 [  0.           0.           0.           0.        ]
 [  0.           0.           0.           0.        ]
 [-17.31169128 -14.89929295 -10.93673515 -18.39608002]
 [-15.44487095 -12.56674385 -14.59731483 -17.34350395]
 [  0.           0.           0.           0.        ]
 [  0.           0.           0.           0.        ]
 [  0.           0.           0.           0.        ]
 [ -2.21953416   0.00677298   0.00411794   0.00510057]
 [  0.           0.           0.           0.        ]
 [  0.           0.           0.           0.        ]
 [  0.           0.           0.           0.        ]
 [-20.78096008 -17.31688881 -18.14358711 -19.95640373]
 [-11.7114296  -10.25354862 -10.69140816 -10.54628944]
 [ -9.36499977  -8.66293716  -8.53203106  -7.88999748]
 [ -9.02031326  -7.7540741   -8.19708824  -9.3108902 ]
 [ -9.21926689  -4.36052132  -5.22677469  -5.57011747]
 [ -2.48066473  -2.5178082   -5.59815884  -3.58292007]
 [ -0.8381511   -0.46709472   4.56573343  -0.49823046]
 [ -1.10326815   0.00139792   0.00689944  28.7726593 ]
 [  0.           0.           0.           0.        ]]
Training  | Episode: 710000/1000000  | Episode Reward: -86.3333 | Epsilon: 0.1695 | Goal reached: 3
Training  | Episode: 720000/1000000  | Episode Reward: -569.8333 | Epsilon: 0.1653 | Goal reached: 3
Training  | Episode: 730000/1000000  | Episode Reward: -46.3333 | Epsilon: 0.1612 | Goal reached: 3
Training  | Episode: 740000/1000000  | Episode Reward: -51.5556 | Epsilon: 0.1572 | Goal reached: 3
Training  | Episode: 750000/1000000  | Episode Reward: -55.3889 | Epsilon: 0.1534 | Goal reached: 3
Training  | Episode: 760000/1000000  | Episode Reward: -84.6667 | Epsilon: 0.1496 | Goal reached: 3
Training  | Episode: 770000/1000000  | Episode Reward: -246.9444 | Epsilon: 0.1459 | Goal reached: 3
Training  | Episode: 780000/1000000  | Episode Reward: -203.6111 | Epsilon: 0.1423 | Goal reached: 3
Training  | Episode: 790000/1000000  | Episode Reward: -45.3889 | Epsilon: 0.1388 | Goal reached: 3
Training  | Episode: 800000/1000000  | Episode Reward: -201.3889 | Epsilon: 0.1353 | Goal reached: 3
[[-27.93984795 -28.35305977 -26.37962341 -28.20102119]
 [-33.99002838 -40.68016052 -44.18761826 -38.24821472]
 [  0.           0.           0.           0.        ]
 [  0.           0.           0.           0.        ]
 [  0.           0.           0.           0.        ]
 [  0.           0.           0.           0.        ]
 [  0.           0.           0.           0.        ]
 [  0.           0.           0.           0.        ]
 [  0.           0.           0.           0.        ]
 [  0.           0.           0.           0.        ]
 [-23.98817825 -29.43592453 -31.83746529 -30.8856163 ]
 [  0.           0.           0.           0.        ]
 [  0.           0.           0.           0.        ]
 [  0.           0.           0.           0.        ]
 [  0.           0.           0.           0.        ]
 [  0.           0.           0.           0.        ]
 [  0.           0.           0.           0.        ]
 [  0.           0.           0.           0.        ]
 [  0.           0.           0.           0.        ]
 [  0.           0.           0.           0.        ]
 [-21.94504166 -27.1353035  -29.19912338 -36.33555984]
 [  0.           0.           0.           0.        ]
 [  0.           0.           0.           0.        ]
 [  0.           0.           0.           0.        ]
 [  0.           0.           0.           0.        ]
 [  0.           0.           0.           0.        ]
 [  0.           0.           0.           0.        ]
 [  0.           0.           0.           0.        ]
 [  0.           0.           0.           0.        ]
 [  0.           0.           0.           0.        ]
 [-30.41044998 -27.65437698 -37.07287979 -21.96697617]
 [-30.61997032 -23.53199005 -22.11813545 -30.23043251]
 [-33.64658737 -31.71854019 -35.35424423 -33.9281044 ]
 [  0.           0.           0.           0.        ]
 [  0.           0.           0.           0.        ]
 [  0.           0.           0.           0.        ]
 [  0.           0.           0.           0.        ]
 [  0.           0.           0.           0.        ]
 [  0.           0.           0.           0.        ]
 [  0.           0.           0.           0.        ]
 [  0.           0.           0.           0.        ]
 [-33.43796921 -30.09266853 -25.5988903  -36.67427063]
 [  0.           0.           0.           0.        ]
 [  0.           0.           0.           0.        ]
 [  0.           0.           0.           0.        ]
 [  0.           0.           0.           0.        ]
 [  0.           0.           0.           0.        ]
 [  0.           0.           0.           0.        ]
 [  0.           0.           0.           0.        ]
 [  0.           0.           0.           0.        ]
 [-32.65394974 -25.40591049 -28.93285179 -30.21718216]
 [-25.07632828 -25.05693054 -22.36838341 -20.07749939]
 [-24.90806961 -20.6180172  -27.5669384  -30.0349617 ]
 [  0.           0.           0.           0.        ]
 [  0.           0.           0.           0.        ]
 [  0.           0.           0.           0.        ]
 [  0.           0.           0.           0.        ]
 [  0.           0.           0.           0.        ]
 [  0.           0.           0.           0.        ]
 [  0.           0.           0.           0.        ]
 [  0.           0.           0.           0.        ]
 [  0.           0.           0.           0.        ]
 [-22.50987434 -19.7964344  -21.43647385 -23.06977463]
 [  0.           0.           0.           0.        ]
 [  0.           0.           0.           0.        ]
 [  0.           0.           0.           0.        ]
 [  0.           0.           0.           0.        ]
 [  0.           0.           0.           0.        ]
 [  0.           0.           0.           0.        ]
 [  0.           0.           0.           0.        ]
 [  0.           0.           0.           0.        ]
 [  0.           0.           0.           0.        ]
 [-24.17314911 -21.26452446 -17.90562439 -21.53708076]
 [  0.           0.           0.           0.        ]
 [  0.           0.           0.           0.        ]
 [  0.           0.           0.           0.        ]
 [  0.           0.           0.           0.        ]
 [  0.           0.           0.           0.        ]
 [  0.           0.           0.           0.        ]
 [  0.           0.           0.           0.        ]
 [  0.           0.           0.           0.        ]
 [  0.           0.           0.           0.        ]
 [-19.37611771 -13.09265995 -12.87915707 -20.39686012]
 [-16.02246857 -13.42967796 -15.19976044 -16.84511185]
 [  0.           0.           0.           0.        ]
 [  0.           0.           0.           0.        ]
 [  0.           0.           0.           0.        ]
 [ -2.21953416   0.00677298   0.00411794   0.00510057]
 [  0.           0.           0.           0.        ]
 [  0.           0.           0.           0.        ]
 [  0.           0.           0.           0.        ]
 [-21.26844978 -20.28086662 -14.79447937 -21.76982117]
 [-12.20973015 -11.80576706 -12.13083458 -10.1531229 ]
 [-10.48365402  -8.76035309 -10.37362862 -10.52902985]
 [ -9.5285778   -7.52944994 -10.91404819 -10.68479633]
 [-10.15202522  -5.70551634  -6.24621201  -6.65014839]
 [ -4.20535898  -2.5178082   -1.91706836  -3.58292007]
 [ -0.8381511   -0.46709472  13.87104511  -0.49823046]
 [ -1.10326815   0.00139792   0.00689944  27.60520554]
 [  0.           0.           0.           0.        ]]
Training  | Episode: 810000/1000000  | Episode Reward: -154.0556 | Epsilon: 0.1320 | Goal reached: 3
Training  | Episode: 820000/1000000  | Episode Reward: -43.5000 | Epsilon: 0.1287 | Goal reached: 3
Training  | Episode: 830000/1000000  | Episode Reward: -56.3333 | Epsilon: 0.1256 | Goal reached: 4
Training  | Episode: 840000/1000000  | Episode Reward: -118.6111 | Epsilon: 0.1225 | Goal reached: 4
Training  | Episode: 850000/1000000  | Episode Reward: -93.7222 | Epsilon: 0.1194 | Goal reached: 4
Training  | Episode: 860000/1000000  | Episode Reward: -46.3333 | Epsilon: 0.1165 | Goal reached: 4
Training  | Episode: 870000/1000000  | Episode Reward: -55.3889 | Epsilon: 0.1136 | Goal reached: 4
Training  | Episode: 880000/1000000  | Episode Reward: -45.3889 | Epsilon: 0.1108 | Goal reached: 4
Training  | Episode: 890000/1000000  | Episode Reward: -165.8333 | Epsilon: 0.1081 | Goal reached: 4
Training  | Episode: 900000/1000000  | Episode Reward: -173.0000 | Epsilon: 0.1054 | Goal reached: 4
[[-29.73498917 -28.11641121 -29.53867531 -29.55996323]
 [-40.98243713 -34.80917358 -38.5029335  -32.30109787]
 [  0.           0.           0.           0.        ]
 [  0.           0.           0.           0.        ]
 [  0.           0.           0.           0.        ]
 [  0.           0.           0.           0.        ]
 [  0.           0.           0.           0.        ]
 [  0.           0.           0.           0.        ]
 [  0.           0.           0.           0.        ]
 [  0.           0.           0.           0.        ]
 [-26.67321968 -34.47877502 -31.96481514 -35.76275635]
 [  0.           0.           0.           0.        ]
 [  0.           0.           0.           0.        ]
 [  0.           0.           0.           0.        ]
 [  0.           0.           0.           0.        ]
 [  0.           0.           0.           0.        ]
 [  0.           0.           0.           0.        ]
 [  0.           0.           0.           0.        ]
 [  0.           0.           0.           0.        ]
 [  0.           0.           0.           0.        ]
 [-25.67965508 -28.88726425 -30.8316555  -31.43745422]
 [  0.           0.           0.           0.        ]
 [  0.           0.           0.           0.        ]
 [  0.           0.           0.           0.        ]
 [  0.           0.           0.           0.        ]
 [  0.           0.           0.           0.        ]
 [  0.           0.           0.           0.        ]
 [  0.           0.           0.           0.        ]
 [  0.           0.           0.           0.        ]
 [  0.           0.           0.           0.        ]
 [-31.99077988 -29.31439972 -32.85453415 -22.32077026]
 [-29.80188751 -20.81050873 -28.58024979 -31.48039818]
 [-33.3739624  -31.4943676  -34.5798378  -30.8078804 ]
 [  0.           0.           0.           0.        ]
 [  0.           0.           0.           0.        ]
 [  0.           0.           0.           0.        ]
 [  0.           0.           0.           0.        ]
 [  0.           0.           0.           0.        ]
 [  0.           0.           0.           0.        ]
 [  0.           0.           0.           0.        ]
 [  0.           0.           0.           0.        ]
 [-30.70163155 -35.12477875 -20.9329567  -33.94047928]
 [  0.           0.           0.           0.        ]
 [  0.           0.           0.           0.        ]
 [  0.           0.           0.           0.        ]
 [  0.           0.           0.           0.        ]
 [  0.           0.           0.           0.        ]
 [  0.           0.           0.           0.        ]
 [  0.           0.           0.           0.        ]
 [  0.           0.           0.           0.        ]
 [-34.08972549 -26.54567719 -30.3591156  -33.28190994]
 [-25.02403641 -28.59388161 -23.86693954 -21.55465317]
 [-28.23449707 -24.05443382 -28.19480896 -27.57714272]
 [  0.           0.           0.           0.        ]
 [  0.           0.           0.           0.        ]
 [  0.           0.           0.           0.        ]
 [  0.           0.           0.           0.        ]
 [  0.           0.           0.           0.        ]
 [  0.           0.           0.           0.        ]
 [  0.           0.           0.           0.        ]
 [  0.           0.           0.           0.        ]
 [  0.           0.           0.           0.        ]
 [-24.42435265 -23.3047657  -19.55050278 -24.17099571]
 [  0.           0.           0.           0.        ]
 [  0.           0.           0.           0.        ]
 [  0.           0.           0.           0.        ]
 [  0.           0.           0.           0.        ]
 [  0.           0.           0.           0.        ]
 [  0.           0.           0.           0.        ]
 [  0.           0.           0.           0.        ]
 [  0.           0.           0.           0.        ]
 [  0.           0.           0.           0.        ]
 [-18.88164139 -20.93179321 -12.4894886  -24.13711166]
 [  0.           0.           0.           0.        ]
 [  0.           0.           0.           0.        ]
 [  0.           0.           0.           0.        ]
 [  0.           0.           0.           0.        ]
 [  0.           0.           0.           0.        ]
 [  0.           0.           0.           0.        ]
 [  0.           0.           0.           0.        ]
 [  0.           0.           0.           0.        ]
 [  0.           0.           0.           0.        ]
 [-18.71969986 -18.69478035 -11.03504276 -19.67456818]
 [-14.81586266 -13.4402504  -15.25713539 -14.85241795]
 [  0.           0.           0.           0.        ]
 [  0.           0.           0.           0.        ]
 [  0.           0.           0.           0.        ]
 [ -1.74710917  -3.10443163  -2.25868416  -3.99455309]
 [  0.           0.           0.           0.        ]
 [  0.           0.           0.           0.        ]
 [  0.           0.           0.           0.        ]
 [-21.26844978 -21.22342873 -19.48644447 -21.76982117]
 [-11.5316267   -9.92828846 -10.96571732 -10.81699085]
 [-10.51506805 -10.33127117 -10.42383385 -10.53501225]
 [ -9.34559536  -8.05594444  -7.82482815 -10.7382555 ]
 [-10.89823246  -2.79709578  -7.31314373  -7.31464291]
 [ -4.35965586  -1.85980189  -1.61774862  -4.58375692]
 [ -0.71062434  -0.46709472   0.34320641  -0.49823046]
 [ -1.10326815   0.00139792   0.00689944  24.91954422]
 [  0.           0.           0.           0.        ]]
Training  | Episode: 910000/1000000  | Episode Reward: -65.3889 | Epsilon: 0.1028 | Goal reached: 4
Training  | Episode: 920000/1000000  | Episode Reward: -207.2222 | Epsilon: 0.1003 | Goal reached: 4
Training  | Episode: 930000/1000000  | Episode Reward: -97.5000 | Epsilon: 0.1000 | Goal reached: 4
Training  | Episode: 940000/1000000  | Episode Reward: -51.5556 | Epsilon: 0.1000 | Goal reached: 4
Training  | Episode: 950000/1000000  | Episode Reward: -54.8333 | Epsilon: 0.1000 | Goal reached: 4
Training  | Episode: 960000/1000000  | Episode Reward: -37.5000 | Epsilon: 0.1000 | Goal reached: 4
Training  | Episode: 970000/1000000  | Episode Reward: -228.6111 | Epsilon: 0.1000 | Goal reached: 4
Training  | Episode: 980000/1000000  | Episode Reward: -55.3889 | Epsilon: 0.1000 | Goal reached: 5
Training  | Episode: 990000/1000000  | Episode Reward: -124.1111 | Epsilon: 0.1000 | Goal reached: 6
[[-26.32430458 -28.65332031 -29.00482178 -29.60583496]
 [-37.68534088 -37.12909317 -40.38724136 -40.2348671 ]
 [  0.           0.           0.           0.        ]
 [  0.           0.           0.           0.        ]
 [  0.           0.           0.           0.        ]
 [  0.           0.           0.           0.        ]
 [  0.           0.           0.           0.        ]
 [  0.           0.           0.           0.        ]
 [  0.           0.           0.           0.        ]
 [  0.           0.           0.           0.        ]
 [-25.78170776 -34.29222488 -29.04289055 -31.87883568]
 [  0.           0.           0.           0.        ]
 [  0.           0.           0.           0.        ]
 [  0.           0.           0.           0.        ]
 [  0.           0.           0.           0.        ]
 [  0.           0.           0.           0.        ]
 [  0.           0.           0.           0.        ]
 [  0.           0.           0.           0.        ]
 [  0.           0.           0.           0.        ]
 [  0.           0.           0.           0.        ]
 [-27.40794373 -28.23444557 -29.98643112 -36.29947281]
 [  0.           0.           0.           0.        ]
 [  0.           0.           0.           0.        ]
 [  0.           0.           0.           0.        ]
 [  0.           0.           0.           0.        ]
 [  0.           0.           0.           0.        ]
 [  0.           0.           0.           0.        ]
 [  0.           0.           0.           0.        ]
 [  0.           0.           0.           0.        ]
 [  0.           0.           0.           0.        ]
 [-25.90344429 -28.11585999 -26.56964302 -21.77268219]
 [-24.74354172 -21.52217102 -29.1867466  -37.3523407 ]
 [-34.0858345  -31.72899055 -35.20935822 -34.48068619]
 [  0.           0.           0.           0.        ]
 [  0.           0.           0.           0.        ]
 [  0.           0.           0.           0.        ]
 [  0.           0.           0.           0.        ]
 [  0.           0.           0.           0.        ]
 [  0.           0.           0.           0.        ]
 [  0.           0.           0.           0.        ]
 [  0.           0.           0.           0.        ]
 [-27.35124969 -29.61136436 -20.36133003 -27.34556198]
 [  0.           0.           0.           0.        ]
 [  0.           0.           0.           0.        ]
 [  0.           0.           0.           0.        ]
 [  0.           0.           0.           0.        ]
 [  0.           0.           0.           0.        ]
 [  0.           0.           0.           0.        ]
 [  0.           0.           0.           0.        ]
 [  0.           0.           0.           0.        ]
 [-31.49394608 -26.9563179  -34.05587006 -28.3867321 ]
 [-24.77499962 -23.04550934 -24.61423492 -19.34578514]
 [-24.4353714  -18.40545654 -24.21518326 -29.68009949]
 [  0.           0.           0.           0.        ]
 [  0.           0.           0.           0.        ]
 [  0.           0.           0.           0.        ]
 [  0.           0.           0.           0.        ]
 [  0.           0.           0.           0.        ]
 [  0.           0.           0.           0.        ]
 [  0.           0.           0.           0.        ]
 [  0.           0.           0.           0.        ]
 [  0.           0.           0.           0.        ]
 [-22.70388031 -26.87984657 -17.62078667 -25.15156174]
 [  0.           0.           0.           0.        ]
 [  0.           0.           0.           0.        ]
 [  0.           0.           0.           0.        ]
 [  0.           0.           0.           0.        ]
 [  0.           0.           0.           0.        ]
 [  0.           0.           0.           0.        ]
 [  0.           0.           0.           0.        ]
 [  0.           0.           0.           0.        ]
 [  0.           0.           0.           0.        ]
 [-20.35338402 -19.57729149 -15.48195839 -21.02037621]
 [  0.           0.           0.           0.        ]
 [  0.           0.           0.           0.        ]
 [  0.           0.           0.           0.        ]
 [  0.           0.           0.           0.        ]
 [  0.           0.           0.           0.        ]
 [  0.           0.           0.           0.        ]
 [  0.           0.           0.           0.        ]
 [  0.           0.           0.           0.        ]
 [  0.           0.           0.           0.        ]
 [-14.97571564 -15.57917309 -10.25339127 -19.43039513]
 [-13.86523247 -11.41653061 -17.22115135 -16.48905373]
 [  0.           0.           0.           0.        ]
 [  0.           0.           0.           0.        ]
 [  0.           0.           0.           0.        ]
 [ -3.6188426   -2.74846673  -4.23557329  -3.99455309]
 [  0.           0.           0.           0.        ]
 [  0.           0.           0.           0.        ]
 [  0.           0.           0.           0.        ]
 [-21.26844978 -20.93801498 -21.43267059 -21.76982117]
 [-12.16917133 -13.26886177  -9.52331161 -11.50861549]
 [-10.47603226  -8.49285126  -9.67630768  -8.62922764]
 [-10.75124741  -7.64293671  -8.3474102  -10.90698242]
 [ -9.73029995  -7.07479954  -8.12828922  -8.12469101]
 [ -4.27380133  -2.50291514  -6.2471056   -4.58375692]
 [ -1.16471565  -0.46709472  -0.50891685  -0.43201929]
 [ -1.10326815   0.00139792   0.21483406  36.46376038]
 [  0.           0.           0.           0.        ]]
