___DISTANCE__MAP_
gamma:  0.7 learning rate:  0.1 eps decay:  0.9999975
[[b'S' b'F' b'F' b'F' b'F' b'H' b'H' b'H' b'H' b'H']
 [b'F' b'H' b'H' b'F' b'F' b'F' b'H' b'F' b'F' b'H']
 [b'H' b'H' b'H' b'H' b'H' b'F' b'H' b'H' b'H' b'H']
 [b'H' b'H' b'F' b'H' b'H' b'F' b'F' b'F' b'F' b'H']
 [b'F' b'H' b'F' b'H' b'F' b'F' b'H' b'F' b'F' b'F']
 [b'F' b'F' b'H' b'H' b'F' b'F' b'F' b'H' b'H' b'H']
 [b'H' b'H' b'H' b'H' b'H' b'F' b'F' b'F' b'F' b'H']
 [b'H' b'H' b'H' b'H' b'H' b'H' b'H' b'F' b'H' b'H']
 [b'H' b'F' b'H' b'H' b'H' b'F' b'H' b'F' b'H' b'H']
 [b'H' b'F' b'H' b'H' b'H' b'H' b'H' b'F' b'F' b'G']]
Training  | Episode: 0/1000000  | Episode Reward: -74.8333 | Epsilon: 1.0000 | Goal reached: 0
[[ 0.00283833  0.00129957 -1.99644136 -1.99848032]
 [ 0.          0.          0.          0.        ]
 [ 0.          0.          0.          0.        ]
 [ 0.          0.          0.          0.        ]
 [ 0.          0.          0.          0.        ]
 [ 0.          0.          0.          0.        ]
 [ 0.          0.          0.          0.        ]
 [ 0.          0.          0.          0.        ]
 [ 0.          0.          0.          0.        ]
 [ 0.          0.          0.          0.        ]
 [ 0.00260911 -1.88742721  0.00673758  0.00243808]
 [ 0.          0.          0.          0.        ]
 [ 0.          0.          0.          0.        ]
 [ 0.          0.          0.          0.        ]
 [ 0.          0.          0.          0.        ]
 [ 0.          0.          0.          0.        ]
 [ 0.          0.          0.          0.        ]
 [ 0.          0.          0.          0.        ]
 [ 0.          0.          0.          0.        ]
 [ 0.          0.          0.          0.        ]
 [ 0.          0.          0.          0.        ]
 [ 0.          0.          0.          0.        ]
 [ 0.          0.          0.          0.        ]
 [ 0.          0.          0.          0.        ]
 [ 0.          0.          0.          0.        ]
 [ 0.          0.          0.          0.        ]
 [ 0.          0.          0.          0.        ]
 [ 0.          0.          0.          0.        ]
 [ 0.          0.          0.          0.        ]
 [ 0.          0.          0.          0.        ]
 [ 0.          0.          0.          0.        ]
 [ 0.          0.          0.          0.        ]
 [ 0.          0.          0.          0.        ]
 [ 0.          0.          0.          0.        ]
 [ 0.          0.          0.          0.        ]
 [ 0.          0.          0.          0.        ]
 [ 0.          0.          0.          0.        ]
 [ 0.          0.          0.          0.        ]
 [ 0.          0.          0.          0.        ]
 [ 0.          0.          0.          0.        ]
 [ 0.          0.          0.          0.        ]
 [ 0.          0.          0.          0.        ]
 [ 0.          0.          0.          0.        ]
 [ 0.          0.          0.          0.        ]
 [ 0.          0.          0.          0.        ]
 [ 0.          0.          0.          0.        ]
 [ 0.          0.          0.          0.        ]
 [ 0.          0.          0.          0.        ]
 [ 0.          0.          0.          0.        ]
 [ 0.          0.          0.          0.        ]
 [ 0.          0.          0.          0.        ]
 [ 0.          0.          0.          0.        ]
 [ 0.          0.          0.          0.        ]
 [ 0.          0.          0.          0.        ]
 [ 0.          0.          0.          0.        ]
 [ 0.          0.          0.          0.        ]
 [ 0.          0.          0.          0.        ]
 [ 0.          0.          0.          0.        ]
 [ 0.          0.          0.          0.        ]
 [ 0.          0.          0.          0.        ]
 [ 0.          0.          0.          0.        ]
 [ 0.          0.          0.          0.        ]
 [ 0.          0.          0.          0.        ]
 [ 0.          0.          0.          0.        ]
 [ 0.          0.          0.          0.        ]
 [ 0.          0.          0.          0.        ]
 [ 0.          0.          0.          0.        ]
 [ 0.          0.          0.          0.        ]
 [ 0.          0.          0.          0.        ]
 [ 0.          0.          0.          0.        ]
 [ 0.          0.          0.          0.        ]
 [ 0.          0.          0.          0.        ]
 [ 0.          0.          0.          0.        ]
 [ 0.          0.          0.          0.        ]
 [ 0.          0.          0.          0.        ]
 [ 0.          0.          0.          0.        ]
 [ 0.          0.          0.          0.        ]
 [ 0.          0.          0.          0.        ]
 [ 0.          0.          0.          0.        ]
 [ 0.          0.          0.          0.        ]
 [ 0.          0.          0.          0.        ]
 [ 0.          0.          0.          0.        ]
 [ 0.          0.          0.          0.        ]
 [ 0.          0.          0.          0.        ]
 [ 0.          0.          0.          0.        ]
 [ 0.          0.          0.          0.        ]
 [ 0.          0.          0.          0.        ]
 [ 0.          0.          0.          0.        ]
 [ 0.          0.          0.          0.        ]
 [ 0.          0.          0.          0.        ]
 [ 0.          0.          0.          0.        ]
 [ 0.          0.          0.          0.        ]
 [ 0.          0.          0.          0.        ]
 [ 0.          0.          0.          0.        ]
 [ 0.          0.          0.          0.        ]
 [ 0.          0.          0.          0.        ]
 [ 0.          0.          0.          0.        ]
 [ 0.          0.          0.          0.        ]
 [ 0.          0.          0.          0.        ]
 [ 0.          0.          0.          0.        ]]
Training  | Episode: 10000/1000000  | Episode Reward: -93.7222 | Epsilon: 0.9753 | Goal reached: 0
Training  | Episode: 20000/1000000  | Episode Reward: -55.3889 | Epsilon: 0.9512 | Goal reached: 0
Training  | Episode: 30000/1000000  | Episode Reward: -84.8333 | Epsilon: 0.9277 | Goal reached: 0
Training  | Episode: 40000/1000000  | Episode Reward: -65.7778 | Epsilon: 0.9048 | Goal reached: 0
Training  | Episode: 50000/1000000  | Episode Reward: -45.3889 | Epsilon: 0.8825 | Goal reached: 0
Training  | Episode: 60000/1000000  | Episode Reward: -55.3889 | Epsilon: 0.8607 | Goal reached: 0
Training  | Episode: 70000/1000000  | Episode Reward: -52.3889 | Epsilon: 0.8395 | Goal reached: 0
Training  | Episode: 80000/1000000  | Episode Reward: -95.3889 | Epsilon: 0.8187 | Goal reached: 0
Training  | Episode: 90000/1000000  | Episode Reward: -111.0556 | Epsilon: 0.7985 | Goal reached: 0
Training  | Episode: 100000/1000000  | Episode Reward: -45.3889 | Epsilon: 0.7788 | Goal reached: 0
[[-24.7586174  -21.42350388 -21.65493584 -21.99453735]
 [-24.95289993 -22.48794746 -30.03455353 -19.51024246]
 [-26.79389763 -20.84998894 -23.32195663 -19.51474571]
 [-18.24644852 -19.00627708 -15.41179085 -19.50383568]
 [-18.89832115 -23.42162323 -22.89336014 -26.20511055]
 [  0.           0.           0.           0.        ]
 [  0.           0.           0.           0.        ]
 [  0.           0.           0.           0.        ]
 [  0.           0.           0.           0.        ]
 [  0.           0.           0.           0.        ]
 [-37.30305099 -39.14655304 -35.97245789 -36.03968811]
 [  0.           0.           0.           0.        ]
 [  0.           0.           0.           0.        ]
 [-28.790802   -36.07003784 -21.32246208 -21.22345924]
 [-25.4523716  -24.85820198 -27.91509438 -17.63073158]
 [-22.31532669 -25.13502693 -29.91442108 -26.61982155]
 [  0.           0.           0.           0.        ]
 [  0.           0.           0.           0.        ]
 [  0.           0.           0.           0.        ]
 [  0.           0.           0.           0.        ]
 [  0.           0.           0.           0.        ]
 [  0.           0.           0.           0.        ]
 [  0.           0.           0.           0.        ]
 [  0.           0.           0.           0.        ]
 [  0.           0.           0.           0.        ]
 [-23.51974487 -23.54758453 -20.77108383 -26.42230606]
 [  0.           0.           0.           0.        ]
 [  0.           0.           0.           0.        ]
 [  0.           0.           0.           0.        ]
 [  0.           0.           0.           0.        ]
 [  0.           0.           0.           0.        ]
 [  0.           0.           0.           0.        ]
 [  0.           0.           0.           0.        ]
 [  0.           0.           0.           0.        ]
 [  0.           0.           0.           0.        ]
 [-17.38315964 -13.34069633 -12.3897171  -21.51929855]
 [-13.01047707 -11.956007    -5.7093749  -10.66786385]
 [ -0.18462607  -1.90692341  -4.07111835  -9.97655201]
 [  0.00806274  -3.33094597  -3.32805848   0.00393181]
 [  0.           0.           0.           0.        ]
 [  0.           0.           0.           0.        ]
 [  0.           0.           0.           0.        ]
 [  0.           0.           0.           0.        ]
 [  0.           0.           0.           0.        ]
 [-17.68068123  -1.92337632  -0.34820876 -10.99269867]
 [ -5.91175508  -3.58843613  -6.77625275 -12.11715508]
 [  0.           0.           0.           0.        ]
 [  0.00879809  -4.43788958  -3.3825295   -4.49070168]
 [ -0.77098191   0.00666192  -0.0757458   -0.07212728]
 [  0.00499925  -0.55348861  -1.3521812    0.00216305]
 [  0.           0.           0.           0.        ]
 [  0.           0.           0.           0.        ]
 [  0.           0.           0.           0.        ]
 [  0.           0.           0.           0.        ]
 [ -4.8650589   -8.88533211  -4.33754683  -1.20885921]
 [ -1.72793996  -0.22030665  -0.67255616  -1.4090879 ]
 [ -4.43680239  -0.89358735  -3.33162284   0.00605264]
 [  0.           0.           0.           0.        ]
 [  0.           0.           0.           0.        ]
 [  0.           0.           0.           0.        ]
 [  0.           0.           0.           0.        ]
 [  0.           0.           0.           0.        ]
 [  0.           0.           0.           0.        ]
 [  0.           0.           0.           0.        ]
 [  0.           0.           0.           0.        ]
 [ -3.32508087   0.00796429  -3.33092403  -0.05839304]
 [  0.00884703  -2.77310705   0.00014181   0.0003197 ]
 [  0.           0.           0.           0.        ]
 [  0.           0.           0.           0.        ]
 [  0.           0.           0.           0.        ]
 [  0.           0.           0.           0.        ]
 [  0.           0.           0.           0.        ]
 [  0.           0.           0.           0.        ]
 [  0.           0.           0.           0.        ]
 [  0.           0.           0.           0.        ]
 [  0.           0.           0.           0.        ]
 [  0.           0.           0.           0.        ]
 [  0.           0.           0.           0.        ]
 [  0.           0.           0.           0.        ]
 [  0.           0.           0.           0.        ]
 [  0.           0.           0.           0.        ]
 [  0.           0.           0.           0.        ]
 [  0.           0.           0.           0.        ]
 [  0.           0.           0.           0.        ]
 [  0.           0.           0.           0.        ]
 [  0.           0.           0.           0.        ]
 [  0.           0.           0.           0.        ]
 [  0.           0.           0.           0.        ]
 [  0.           0.           0.           0.        ]
 [  0.           0.           0.           0.        ]
 [  0.           0.           0.           0.        ]
 [  0.           0.           0.           0.        ]
 [  0.           0.           0.           0.        ]
 [  0.           0.           0.           0.        ]
 [  0.           0.           0.           0.        ]
 [  0.           0.           0.           0.        ]
 [  0.           0.           0.           0.        ]
 [  0.           0.           0.           0.        ]
 [  0.           0.           0.           0.        ]
 [  0.           0.           0.           0.        ]]
Training  | Episode: 110000/1000000  | Episode Reward: -66.3333 | Epsilon: 0.7596 | Goal reached: 0
Training  | Episode: 120000/1000000  | Episode Reward: -74.8333 | Epsilon: 0.7408 | Goal reached: 0
Training  | Episode: 130000/1000000  | Episode Reward: -91.8333 | Epsilon: 0.7225 | Goal reached: 0
Training  | Episode: 140000/1000000  | Episode Reward: -54.8333 | Epsilon: 0.7047 | Goal reached: 0
Training  | Episode: 150000/1000000  | Episode Reward: -55.3889 | Epsilon: 0.6873 | Goal reached: 0
Training  | Episode: 160000/1000000  | Episode Reward: -45.3889 | Epsilon: 0.6703 | Goal reached: 0
Training  | Episode: 170000/1000000  | Episode Reward: -104.6111 | Epsilon: 0.6538 | Goal reached: 0
Training  | Episode: 180000/1000000  | Episode Reward: -141.1111 | Epsilon: 0.6376 | Goal reached: 0
Training  | Episode: 190000/1000000  | Episode Reward: -169.5556 | Epsilon: 0.6219 | Goal reached: 0
Training  | Episode: 200000/1000000  | Episode Reward: -73.7222 | Epsilon: 0.6065 | Goal reached: 0
[[-25.32044792 -24.72165871 -23.41785049 -24.1630249 ]
 [-31.74239349 -33.59466553 -32.90003204 -24.05187988]
 [-28.82369804 -26.76257706 -29.09012032 -24.77914619]
 [-21.35536003 -18.67086601 -20.40603065 -21.1435585 ]
 [-20.13652802 -27.46376801 -27.77736855 -25.59058571]
 [  0.           0.           0.           0.        ]
 [  0.           0.           0.           0.        ]
 [  0.           0.           0.           0.        ]
 [  0.           0.           0.           0.        ]
 [  0.           0.           0.           0.        ]
 [-33.69127274 -38.87556076 -37.13439178 -34.95770264]
 [  0.           0.           0.           0.        ]
 [  0.           0.           0.           0.        ]
 [-35.11710739 -24.1166687  -26.24728203 -19.49369621]
 [-25.37853622 -26.0816803  -24.82501411 -19.84944916]
 [-26.95060349 -23.17202187 -27.03590393 -28.71586037]
 [  0.           0.           0.           0.        ]
 [  0.           0.           0.           0.        ]
 [  0.           0.           0.           0.        ]
 [  0.           0.           0.           0.        ]
 [  0.           0.           0.           0.        ]
 [  0.           0.           0.           0.        ]
 [  0.           0.           0.           0.        ]
 [  0.           0.           0.           0.        ]
 [  0.           0.           0.           0.        ]
 [-29.55830002 -24.43714333 -19.86584091 -26.79224205]
 [  0.           0.           0.           0.        ]
 [  0.           0.           0.           0.        ]
 [  0.           0.           0.           0.        ]
 [  0.           0.           0.           0.        ]
 [  0.           0.           0.           0.        ]
 [  0.           0.           0.           0.        ]
 [  0.           0.           0.           0.        ]
 [  0.           0.           0.           0.        ]
 [  0.           0.           0.           0.        ]
 [-16.6494751  -17.00507164 -15.23056412 -16.72492218]
 [-22.47812653 -14.31112671 -15.08504677 -18.39643669]
 [ -5.1465497   -3.24328518  -7.22232342 -16.7478981 ]
 [ -3.61525249  -3.33012676  -6.62589359  -9.38691139]
 [  0.           0.           0.           0.        ]
 [  0.           0.           0.           0.        ]
 [  0.           0.           0.           0.        ]
 [  0.           0.           0.           0.        ]
 [  0.           0.           0.           0.        ]
 [-20.2544136  -12.19915295 -17.51576996 -22.64876175]
 [-11.87467384 -12.10599136 -12.10111713 -12.04515553]
 [  0.           0.           0.           0.        ]
 [ -7.10400152  -7.13698959  -2.7717576   -3.65829539]
 [ -2.19680643   0.00666192  -0.1154523   -1.42717648]
 [  0.00499925  -0.55348861  -1.3521812    0.00216305]
 [  0.           0.           0.           0.        ]
 [  0.           0.           0.           0.        ]
 [  0.           0.           0.           0.        ]
 [  0.           0.           0.           0.        ]
 [-12.22342873 -12.66326523 -13.58634186 -13.46951103]
 [ -6.69218349  -4.18255568  -7.02017689  -4.25194407]
 [ -4.09501362  -3.95691633  -5.9979763   -3.80934477]
 [  0.           0.           0.           0.        ]
 [  0.           0.           0.           0.        ]
 [  0.           0.           0.           0.        ]
 [  0.           0.           0.           0.        ]
 [  0.           0.           0.           0.        ]
 [  0.           0.           0.           0.        ]
 [  0.           0.           0.           0.        ]
 [  0.           0.           0.           0.        ]
 [-10.12633133  -5.58183908  -6.93127584  -5.83931351]
 [ -0.13259853  -3.378654    -4.59815693  -0.62162131]
 [  0.00069284   0.00389419  -3.32670951  -0.0392902 ]
 [  0.0007462    0.00417498   0.00987268   0.0064856 ]
 [  0.           0.           0.           0.        ]
 [  0.           0.           0.           0.        ]
 [  0.           0.           0.           0.        ]
 [  0.           0.           0.           0.        ]
 [  0.           0.           0.           0.        ]
 [  0.           0.           0.           0.        ]
 [  0.           0.           0.           0.        ]
 [  0.           0.           0.           0.        ]
 [  0.           0.           0.           0.        ]
 [  0.           0.           0.           0.        ]
 [  0.           0.           0.           0.        ]
 [  0.           0.           0.           0.        ]
 [  0.           0.           0.           0.        ]
 [  0.           0.           0.           0.        ]
 [  0.           0.           0.           0.        ]
 [  0.           0.           0.           0.        ]
 [  0.           0.           0.           0.        ]
 [  0.           0.           0.           0.        ]
 [  0.           0.           0.           0.        ]
 [  0.           0.           0.           0.        ]
 [  0.           0.           0.           0.        ]
 [  0.           0.           0.           0.        ]
 [  0.           0.           0.           0.        ]
 [  0.           0.           0.           0.        ]
 [  0.           0.           0.           0.        ]
 [  0.           0.           0.           0.        ]
 [  0.           0.           0.           0.        ]
 [  0.           0.           0.           0.        ]
 [  0.           0.           0.           0.        ]
 [  0.           0.           0.           0.        ]
 [  0.           0.           0.           0.        ]]
Training  | Episode: 210000/1000000  | Episode Reward: -131.6111 | Epsilon: 0.5916 | Goal reached: 0
Training  | Episode: 220000/1000000  | Episode Reward: -85.2222 | Epsilon: 0.5769 | Goal reached: 0
Training  | Episode: 230000/1000000  | Episode Reward: -181.6111 | Epsilon: 0.5627 | Goal reached: 0
Training  | Episode: 240000/1000000  | Episode Reward: -174.8889 | Epsilon: 0.5488 | Goal reached: 0
Training  | Episode: 250000/1000000  | Episode Reward: -46.3333 | Epsilon: 0.5353 | Goal reached: 0
Training  | Episode: 260000/1000000  | Episode Reward: -95.7778 | Epsilon: 0.5220 | Goal reached: 0
Training  | Episode: 270000/1000000  | Episode Reward: -45.3889 | Epsilon: 0.5092 | Goal reached: 0
Training  | Episode: 280000/1000000  | Episode Reward: -73.7222 | Epsilon: 0.4966 | Goal reached: 0
Training  | Episode: 290000/1000000  | Episode Reward: -64.8333 | Epsilon: 0.4843 | Goal reached: 0
Training  | Episode: 300000/1000000  | Episode Reward: -64.3889 | Epsilon: 0.4724 | Goal reached: 0
[[-27.32605362 -24.71002197 -26.98254395 -27.36601067]
 [-27.32264519 -29.41927147 -29.93163872 -25.8464489 ]
 [-27.74513245 -28.11681557 -30.02462196 -23.88480186]
 [-22.44345474 -19.39129448 -20.91908646 -22.69280243]
 [-19.63428688 -24.00746346 -22.74790192 -29.08193588]
 [  0.           0.           0.           0.        ]
 [  0.           0.           0.           0.        ]
 [  0.           0.           0.           0.        ]
 [  0.           0.           0.           0.        ]
 [  0.           0.           0.           0.        ]
 [-33.44558334 -38.08945084 -41.38096619 -29.41572762]
 [  0.           0.           0.           0.        ]
 [  0.           0.           0.           0.        ]
 [-36.71684265 -37.70837784 -26.81116486 -33.18916321]
 [-26.09360123 -25.85791397 -24.30081749 -22.30657387]
 [-29.80038834 -22.89928818 -30.87454605 -29.77646065]
 [  0.           0.           0.           0.        ]
 [  0.           0.           0.           0.        ]
 [  0.           0.           0.           0.        ]
 [  0.           0.           0.           0.        ]
 [  0.           0.           0.           0.        ]
 [  0.           0.           0.           0.        ]
 [  0.           0.           0.           0.        ]
 [  0.           0.           0.           0.        ]
 [  0.           0.           0.           0.        ]
 [-23.53588867 -25.14061546 -24.64520836 -26.66930962]
 [  0.           0.           0.           0.        ]
 [  0.           0.           0.           0.        ]
 [  0.           0.           0.           0.        ]
 [  0.           0.           0.           0.        ]
 [  0.           0.           0.           0.        ]
 [  0.           0.           0.           0.        ]
 [  0.           0.           0.           0.        ]
 [  0.           0.           0.           0.        ]
 [  0.           0.           0.           0.        ]
 [-22.70429993 -19.02492142 -13.84466553 -20.95391655]
 [-21.0617485  -15.06464195 -24.92272949 -19.47549057]
 [ -8.99872875  -9.89260674 -11.31881523 -13.70286274]
 [ -9.32140923  -6.65791178  -5.98664474 -10.02444935]
 [  0.           0.           0.           0.        ]
 [  0.           0.           0.           0.        ]
 [  0.           0.           0.           0.        ]
 [  0.           0.           0.           0.        ]
 [  0.           0.           0.           0.        ]
 [-27.99832726 -18.14082146 -19.89043427 -25.91583633]
 [-10.07200813 -14.75369453 -13.27342701 -16.76066971]
 [  0.           0.           0.           0.        ]
 [-10.12669086 -12.89668465  -9.95463562 -11.81842232]
 [ -2.70055747  -3.56339979  -2.39520001  -2.5203228 ]
 [ -2.21690464  -1.97871304  -1.3521812   -1.31004369]
 [  0.           0.           0.           0.        ]
 [  0.           0.           0.           0.        ]
 [  0.           0.           0.           0.        ]
 [  0.           0.           0.           0.        ]
 [-20.69394302 -14.64247417 -14.78378582 -13.67347431]
 [-10.30234051  -8.02367783  -9.6972971   -9.30336761]
 [-10.16840744  -9.75157356 -11.87769508 -10.43626213]
 [  0.           0.           0.           0.        ]
 [  0.           0.           0.           0.        ]
 [  0.           0.           0.           0.        ]
 [  0.           0.           0.           0.        ]
 [  0.           0.           0.           0.        ]
 [  0.           0.           0.           0.        ]
 [  0.           0.           0.           0.        ]
 [  0.           0.           0.           0.        ]
 [-12.98693848 -13.86975098  -9.55244064 -11.38093662]
 [ -6.30484009  -7.11870146  -5.7322154   -5.50509739]
 [ -1.80263543  -0.68211508  -5.99404526  -6.02396584]
 [  0.0007462    0.00417498   0.00987268   0.0064856 ]
 [  0.           0.           0.           0.        ]
 [  0.           0.           0.           0.        ]
 [  0.           0.           0.           0.        ]
 [  0.           0.           0.           0.        ]
 [  0.           0.           0.           0.        ]
 [  0.           0.           0.           0.        ]
 [  0.           0.           0.           0.        ]
 [  0.           0.           0.           0.        ]
 [  0.00664693   0.00933217   0.00615871   0.00951559]
 [  0.           0.           0.           0.        ]
 [  0.           0.           0.           0.        ]
 [  0.           0.           0.           0.        ]
 [  0.           0.           0.           0.        ]
 [  0.           0.           0.           0.        ]
 [  0.           0.           0.           0.        ]
 [  0.           0.           0.           0.        ]
 [  0.           0.           0.           0.        ]
 [  0.           0.           0.           0.        ]
 [  0.           0.           0.           0.        ]
 [  0.           0.           0.           0.        ]
 [  0.           0.           0.           0.        ]
 [  0.           0.           0.           0.        ]
 [  0.           0.           0.           0.        ]
 [  0.           0.           0.           0.        ]
 [  0.           0.           0.           0.        ]
 [  0.           0.           0.           0.        ]
 [  0.           0.           0.           0.        ]
 [  0.           0.           0.           0.        ]
 [  0.           0.           0.           0.        ]
 [  0.           0.           0.           0.        ]
 [  0.           0.           0.           0.        ]]
Training  | Episode: 310000/1000000  | Episode Reward: -76.3333 | Epsilon: 0.4607 | Goal reached: 0
Training  | Episode: 320000/1000000  | Episode Reward: -45.3889 | Epsilon: 0.4493 | Goal reached: 0
Training  | Episode: 330000/1000000  | Episode Reward: -134.6667 | Epsilon: 0.4382 | Goal reached: 0
Training  | Episode: 340000/1000000  | Episode Reward: -55.3889 | Epsilon: 0.4274 | Goal reached: 0
Training  | Episode: 350000/1000000  | Episode Reward: -45.3889 | Epsilon: 0.4169 | Goal reached: 0
Training  | Episode: 360000/1000000  | Episode Reward: -54.8333 | Epsilon: 0.4066 | Goal reached: 0
Training  | Episode: 370000/1000000  | Episode Reward: -186.3333 | Epsilon: 0.3965 | Goal reached: 0
Training  | Episode: 380000/1000000  | Episode Reward: -106.1111 | Epsilon: 0.3867 | Goal reached: 0
Training  | Episode: 390000/1000000  | Episode Reward: -64.2778 | Epsilon: 0.3772 | Goal reached: 0
Training  | Episode: 400000/1000000  | Episode Reward: -44.2778 | Epsilon: 0.3679 | Goal reached: 0
[[-27.74803162 -23.44797134 -25.66954613 -24.08945465]
 [-31.94961739 -23.1882019  -28.49428177 -20.09069061]
 [-28.11668015 -25.59824181 -25.86454582 -19.00278282]
 [-21.3558979  -22.28095627 -19.54823685 -20.94557953]
 [-20.82178688 -21.8326683  -27.36343002 -25.89704514]
 [  0.           0.           0.           0.        ]
 [  0.           0.           0.           0.        ]
 [  0.           0.           0.           0.        ]
 [  0.           0.           0.           0.        ]
 [  0.           0.           0.           0.        ]
 [-39.86561966 -40.050457   -42.35243607 -31.35204315]
 [  0.           0.           0.           0.        ]
 [  0.           0.           0.           0.        ]
 [-33.50409698 -30.05723381 -19.99179268 -31.1496315 ]
 [-25.61854172 -21.06991959 -22.27438164 -19.54611588]
 [-26.35791969 -25.27161217 -25.55144691 -27.26822853]
 [  0.           0.           0.           0.        ]
 [  0.           0.           0.           0.        ]
 [  0.           0.           0.           0.        ]
 [  0.           0.           0.           0.        ]
 [  0.           0.           0.           0.        ]
 [  0.           0.           0.           0.        ]
 [  0.           0.           0.           0.        ]
 [  0.           0.           0.           0.        ]
 [  0.           0.           0.           0.        ]
 [-18.78742599 -26.60578918 -23.04403114 -26.62561417]
 [  0.           0.           0.           0.        ]
 [  0.           0.           0.           0.        ]
 [  0.           0.           0.           0.        ]
 [  0.           0.           0.           0.        ]
 [  0.           0.           0.           0.        ]
 [  0.           0.           0.           0.        ]
 [  0.           0.           0.           0.        ]
 [  0.           0.           0.           0.        ]
 [  0.           0.           0.           0.        ]
 [-18.15303421 -19.34897232 -17.31092644 -21.25818253]
 [-24.58238411 -14.89237595 -20.05482101 -18.34535027]
 [-18.48606873 -11.16025829 -17.69404411 -14.0699892 ]
 [-13.35481548 -12.94764423 -12.70990276 -15.90481758]
 [  0.           0.           0.           0.        ]
 [  0.           0.           0.           0.        ]
 [  0.           0.           0.           0.        ]
 [  0.           0.           0.           0.        ]
 [  0.           0.           0.           0.        ]
 [-23.166502   -22.90884018 -21.23081589 -23.82470322]
 [-13.3239975  -15.54109669 -16.4030571  -17.03309059]
 [  0.           0.           0.           0.        ]
 [-14.60460281 -10.45892239 -12.27447701 -13.90193844]
 [ -6.17136574  -6.82698917  -5.51290321  -4.30396461]
 [ -3.99442768  -4.4686389   -4.41408348  -3.78644538]
 [  0.           0.           0.           0.        ]
 [  0.           0.           0.           0.        ]
 [  0.           0.           0.           0.        ]
 [  0.           0.           0.           0.        ]
 [-24.85602951 -19.51203537 -13.60279369 -17.93921471]
 [-12.13880634  -9.48554993 -10.23646069 -11.8531208 ]
 [-13.22181416 -10.9767046  -14.22760963 -13.59675789]
 [  0.           0.           0.           0.        ]
 [  0.           0.           0.           0.        ]
 [  0.           0.           0.           0.        ]
 [  0.           0.           0.           0.        ]
 [  0.           0.           0.           0.        ]
 [  0.           0.           0.           0.        ]
 [  0.           0.           0.           0.        ]
 [  0.           0.           0.           0.        ]
 [-12.0254488  -14.98867893 -10.08785629 -11.15876293]
 [ -8.12970448  -8.06394863 -11.21337414  -8.36955452]
 [ -6.39770889  -3.02991581  -6.54546928  -7.64383793]
 [  0.0007462   -1.66234219  -3.88070369  -0.78876573]
 [  0.           0.           0.           0.        ]
 [  0.           0.           0.           0.        ]
 [  0.           0.           0.           0.        ]
 [  0.           0.           0.           0.        ]
 [  0.           0.           0.           0.        ]
 [  0.           0.           0.           0.        ]
 [  0.           0.           0.           0.        ]
 [  0.           0.           0.           0.        ]
 [  0.00664693   0.00933217   0.00615871  -1.65822482]
 [  0.           0.           0.           0.        ]
 [  0.           0.           0.           0.        ]
 [  0.           0.           0.           0.        ]
 [  0.           0.           0.           0.        ]
 [  0.           0.           0.           0.        ]
 [  0.           0.           0.           0.        ]
 [  0.           0.           0.           0.        ]
 [  0.           0.           0.           0.        ]
 [  0.           0.           0.           0.        ]
 [  0.           0.           0.           0.        ]
 [  0.           0.           0.           0.        ]
 [  0.           0.           0.           0.        ]
 [  0.           0.           0.           0.        ]
 [  0.           0.           0.           0.        ]
 [  0.           0.           0.           0.        ]
 [  0.           0.           0.           0.        ]
 [  0.           0.           0.           0.        ]
 [  0.           0.           0.           0.        ]
 [  0.           0.           0.           0.        ]
 [  0.           0.           0.           0.        ]
 [  0.           0.           0.           0.        ]
 [  0.           0.           0.           0.        ]]
Training  | Episode: 410000/1000000  | Episode Reward: -202.7778 | Epsilon: 0.3588 | Goal reached: 0
Training  | Episode: 420000/1000000  | Episode Reward: -54.8333 | Epsilon: 0.3499 | Goal reached: 0
Training  | Episode: 430000/1000000  | Episode Reward: -175.1111 | Epsilon: 0.3413 | Goal reached: 0
Training  | Episode: 440000/1000000  | Episode Reward: -214.3889 | Epsilon: 0.3329 | Goal reached: 0
Training  | Episode: 450000/1000000  | Episode Reward: -133.4444 | Epsilon: 0.3247 | Goal reached: 0
Training  | Episode: 460000/1000000  | Episode Reward: -232.0000 | Epsilon: 0.3166 | Goal reached: 0
Training  | Episode: 470000/1000000  | Episode Reward: -151.5000 | Epsilon: 0.3088 | Goal reached: 0
Training  | Episode: 480000/1000000  | Episode Reward: -233.4444 | Epsilon: 0.3012 | Goal reached: 0
Training  | Episode: 490000/1000000  | Episode Reward: -125.0000 | Epsilon: 0.2938 | Goal reached: 0
Training  | Episode: 500000/1000000  | Episode Reward: -225.2778 | Epsilon: 0.2865 | Goal reached: 0
[[-27.72508049 -22.3991394  -25.99843788 -25.83500671]
 [-26.82786942 -28.63874054 -26.61683083 -23.4649868 ]
 [-31.51942444 -36.9487915  -24.86059952 -21.6235466 ]
 [-22.74722672 -21.96909332 -22.69425201 -22.83022881]
 [-22.81759834 -27.38019371 -26.28015137 -25.19828796]
 [  0.           0.           0.           0.        ]
 [  0.           0.           0.           0.        ]
 [  0.           0.           0.           0.        ]
 [  0.           0.           0.           0.        ]
 [  0.           0.           0.           0.        ]
 [-38.57929993 -41.75383759 -40.08099747 -39.35413361]
 [  0.           0.           0.           0.        ]
 [  0.           0.           0.           0.        ]
 [-36.49459457 -33.39873505 -24.48401451 -31.81038284]
 [-27.83502579 -22.51758957 -25.65785408 -21.33438873]
 [-29.22092438 -26.7297287  -26.24062729 -29.46394348]
 [  0.           0.           0.           0.        ]
 [  0.           0.           0.           0.        ]
 [  0.           0.           0.           0.        ]
 [  0.           0.           0.           0.        ]
 [  0.           0.           0.           0.        ]
 [  0.           0.           0.           0.        ]
 [  0.           0.           0.           0.        ]
 [  0.           0.           0.           0.        ]
 [  0.           0.           0.           0.        ]
 [-18.87890244 -29.84762573 -18.60616112 -28.91427231]
 [  0.           0.           0.           0.        ]
 [  0.           0.           0.           0.        ]
 [  0.           0.           0.           0.        ]
 [  0.           0.           0.           0.        ]
 [  0.           0.           0.           0.        ]
 [  0.           0.           0.           0.        ]
 [  0.           0.           0.           0.        ]
 [  0.           0.           0.           0.        ]
 [  0.           0.           0.           0.        ]
 [-15.3212719  -16.79501152 -11.43947029 -23.46364975]
 [-24.44261932 -16.93809128 -20.98059845 -18.52769279]
 [-15.96758652 -10.44018173 -23.07824516 -17.14515877]
 [-15.23741436 -10.60081768 -17.34924126 -14.46177864]
 [  0.           0.           0.           0.        ]
 [  0.           0.           0.           0.        ]
 [  0.           0.           0.           0.        ]
 [  0.           0.           0.           0.        ]
 [  0.           0.           0.           0.        ]
 [-28.4685936  -19.97157288 -24.94939613 -27.25846672]
 [-11.10713959 -16.75698662 -14.29372978 -15.02075958]
 [  0.           0.           0.           0.        ]
 [-14.60460281 -10.54615211 -14.42806244 -14.8691864 ]
 [-10.23706627 -10.9844923   -9.3811779   -7.35439396]
 [ -7.77873564  -7.38283205  -7.03894949  -8.56062698]
 [  0.           0.           0.           0.        ]
 [  0.           0.           0.           0.        ]
 [  0.           0.           0.           0.        ]
 [  0.           0.           0.           0.        ]
 [-24.12343407 -20.81490707 -17.87731934 -17.87026024]
 [-12.69958115 -11.37661457 -10.41099453 -11.60862923]
 [-13.46869564 -11.37660789 -17.06221199 -19.15691948]
 [  0.           0.           0.           0.        ]
 [  0.           0.           0.           0.        ]
 [  0.           0.           0.           0.        ]
 [  0.           0.           0.           0.        ]
 [  0.           0.           0.           0.        ]
 [  0.           0.           0.           0.        ]
 [  0.           0.           0.           0.        ]
 [  0.           0.           0.           0.        ]
 [-14.90729523 -13.33439636  -9.34603977 -14.35258389]
 [-10.02152443  -8.26289558  -9.30196095  -5.48509359]
 [ -8.58405113  -3.62256742  -9.35816574  -4.7778573 ]
 [ -6.01015615  -3.8605237   -4.77040005  -4.61383677]
 [  0.           0.           0.           0.        ]
 [  0.           0.           0.           0.        ]
 [  0.           0.           0.           0.        ]
 [  0.           0.           0.           0.        ]
 [  0.           0.           0.           0.        ]
 [  0.           0.           0.           0.        ]
 [  0.           0.           0.           0.        ]
 [  0.           0.           0.           0.        ]
 [ -3.64671087  -4.10366106  -2.27889347  -2.7157383 ]
 [  0.           0.           0.           0.        ]
 [  0.           0.           0.           0.        ]
 [  0.           0.           0.           0.        ]
 [  0.           0.           0.           0.        ]
 [  0.           0.           0.           0.        ]
 [  0.           0.           0.           0.        ]
 [  0.           0.           0.           0.        ]
 [  0.           0.           0.           0.        ]
 [  0.           0.           0.           0.        ]
 [  0.00649258   0.00849745   0.00674217   0.00198988]
 [  0.           0.           0.           0.        ]
 [  0.           0.           0.           0.        ]
 [  0.           0.           0.           0.        ]
 [  0.           0.           0.           0.        ]
 [  0.           0.           0.           0.        ]
 [  0.           0.           0.           0.        ]
 [  0.           0.           0.           0.        ]
 [  0.           0.           0.           0.        ]
 [  0.           0.           0.           0.        ]
 [  0.           0.           0.           0.        ]
 [  0.           0.           0.           0.        ]
 [  0.           0.           0.           0.        ]]
Training  | Episode: 510000/1000000  | Episode Reward: -75.3889 | Epsilon: 0.2794 | Goal reached: 0
Training  | Episode: 520000/1000000  | Episode Reward: -135.0000 | Epsilon: 0.2725 | Goal reached: 0
Training  | Episode: 530000/1000000  | Episode Reward: -75.2222 | Epsilon: 0.2658 | Goal reached: 0
Training  | Episode: 540000/1000000  | Episode Reward: -193.0556 | Epsilon: 0.2592 | Goal reached: 0
Training  | Episode: 550000/1000000  | Episode Reward: -305.6667 | Epsilon: 0.2528 | Goal reached: 0
Training  | Episode: 560000/1000000  | Episode Reward: -45.3889 | Epsilon: 0.2466 | Goal reached: 0
Training  | Episode: 570000/1000000  | Episode Reward: -54.8333 | Epsilon: 0.2405 | Goal reached: 0
Training  | Episode: 580000/1000000  | Episode Reward: -72.0556 | Epsilon: 0.2346 | Goal reached: 0
Training  | Episode: 590000/1000000  | Episode Reward: -54.8333 | Epsilon: 0.2288 | Goal reached: 0
Training  | Episode: 600000/1000000  | Episode Reward: -75.7222 | Epsilon: 0.2231 | Goal reached: 0
[[-26.93479347 -24.41168594 -27.50403595 -27.0658226 ]
 [-37.93177032 -25.61195946 -28.75472069 -22.68924904]
 [-31.21435356 -28.29154778 -33.36735153 -22.54104996]
 [-22.95897102 -19.01875114 -23.01701927 -23.1071949 ]
 [-19.68128204 -23.46685219 -25.96399307 -32.06433868]
 [  0.           0.           0.           0.        ]
 [  0.           0.           0.           0.        ]
 [  0.           0.           0.           0.        ]
 [  0.           0.           0.           0.        ]
 [  0.           0.           0.           0.        ]
 [-31.80572128 -41.27654648 -36.01361847 -40.61618042]
 [  0.           0.           0.           0.        ]
 [  0.           0.           0.           0.        ]
 [-30.72383881 -35.57603455 -19.85877037 -30.55266953]
 [-24.17332268 -22.83482933 -26.60928726 -20.22870255]
 [-29.04139709 -27.85115051 -29.35843277 -32.37638092]
 [  0.           0.           0.           0.        ]
 [  0.           0.           0.           0.        ]
 [  0.           0.           0.           0.        ]
 [  0.           0.           0.           0.        ]
 [  0.           0.           0.           0.        ]
 [  0.           0.           0.           0.        ]
 [  0.           0.           0.           0.        ]
 [  0.           0.           0.           0.        ]
 [  0.           0.           0.           0.        ]
 [-26.4770546  -30.12876892 -20.56801224 -28.64419556]
 [  0.           0.           0.           0.        ]
 [  0.           0.           0.           0.        ]
 [  0.           0.           0.           0.        ]
 [  0.           0.           0.           0.        ]
 [  0.           0.           0.           0.        ]
 [  0.           0.           0.           0.        ]
 [  0.           0.           0.           0.        ]
 [  0.           0.           0.           0.        ]
 [  0.           0.           0.           0.        ]
 [-20.08706474 -23.49552536 -13.90668297 -20.79225731]
 [-23.59659958 -13.90740204 -20.70986176 -19.02225685]
 [-16.97178078 -12.13140202 -20.63763428 -12.8554821 ]
 [-15.47647667 -10.05700684 -14.63272762 -16.01277161]
 [  0.           0.           0.           0.        ]
 [  0.           0.           0.           0.        ]
 [  0.           0.           0.           0.        ]
 [  0.           0.           0.           0.        ]
 [  0.           0.           0.           0.        ]
 [-23.89021683 -18.51353264 -25.40858078 -25.20466614]
 [-10.43032837 -14.55303097 -14.49958038 -18.51515198]
 [  0.           0.           0.           0.        ]
 [-15.22156239 -17.21836853 -12.68963337 -17.81077003]
 [-11.6998558  -11.09820843 -12.0780983   -9.99658871]
 [-10.57955933 -10.00685978 -10.56817913 -10.18083954]
 [  0.           0.           0.           0.        ]
 [  0.           0.           0.           0.        ]
 [  0.           0.           0.           0.        ]
 [  0.           0.           0.           0.        ]
 [-23.90919685 -17.33576775 -18.30529404 -18.86824608]
 [-11.49421501 -11.45473957  -9.46773624 -12.40794182]
 [-14.32610416 -13.58790588 -15.5150795  -14.46398354]
 [  0.           0.           0.           0.        ]
 [  0.           0.           0.           0.        ]
 [  0.           0.           0.           0.        ]
 [  0.           0.           0.           0.        ]
 [  0.           0.           0.           0.        ]
 [  0.           0.           0.           0.        ]
 [  0.           0.           0.           0.        ]
 [  0.           0.           0.           0.        ]
 [-15.76284504 -17.10533905 -11.78202629 -13.38208771]
 [-10.88170815 -10.66514969 -10.28755951  -9.29536915]
 [ -8.58405113  -5.78660345  -8.29663181  -7.59877539]
 [ -7.52172279  -5.99656391  -6.59280109  -6.21671915]
 [  0.           0.           0.           0.        ]
 [  0.           0.           0.           0.        ]
 [  0.           0.           0.           0.        ]
 [  0.           0.           0.           0.        ]
 [  0.           0.           0.           0.        ]
 [  0.           0.           0.           0.        ]
 [  0.           0.           0.           0.        ]
 [  0.           0.           0.           0.        ]
 [ -6.8863802   -6.23146009  -5.53965664  -5.9961648 ]
 [  0.           0.           0.           0.        ]
 [  0.           0.           0.           0.        ]
 [  0.           0.           0.           0.        ]
 [  0.           0.           0.           0.        ]
 [  0.           0.           0.           0.        ]
 [  0.           0.           0.           0.        ]
 [  0.           0.           0.           0.        ]
 [  0.           0.           0.           0.        ]
 [  0.           0.           0.           0.        ]
 [ -0.90339983  -1.1033684   -1.10477281   0.00198988]
 [  0.           0.           0.           0.        ]
 [  0.           0.           0.           0.        ]
 [  0.           0.           0.           0.        ]
 [  0.           0.           0.           0.        ]
 [  0.           0.           0.           0.        ]
 [  0.           0.           0.           0.        ]
 [  0.           0.           0.           0.        ]
 [  0.           0.           0.           0.        ]
 [  0.           0.           0.           0.        ]
 [  0.           0.           0.           0.        ]
 [  0.           0.           0.           0.        ]
 [  0.           0.           0.           0.        ]]
Training  | Episode: 610000/1000000  | Episode Reward: -46.3333 | Epsilon: 0.2176 | Goal reached: 0
Training  | Episode: 620000/1000000  | Episode Reward: -79.6111 | Epsilon: 0.2122 | Goal reached: 0
Training  | Episode: 630000/1000000  | Episode Reward: -94.6667 | Epsilon: 0.2070 | Goal reached: 0
Training  | Episode: 640000/1000000  | Episode Reward: -74.8333 | Epsilon: 0.2019 | Goal reached: 0
Training  | Episode: 650000/1000000  | Episode Reward: -45.3889 | Epsilon: 0.1969 | Goal reached: 0
Training  | Episode: 660000/1000000  | Episode Reward: -137.8889 | Epsilon: 0.1920 | Goal reached: 0
Training  | Episode: 670000/1000000  | Episode Reward: -146.0556 | Epsilon: 0.1873 | Goal reached: 0
Training  | Episode: 680000/1000000  | Episode Reward: -45.3889 | Epsilon: 0.1827 | Goal reached: 0
Training  | Episode: 690000/1000000  | Episode Reward: -181.3333 | Epsilon: 0.1782 | Goal reached: 0
Training  | Episode: 700000/1000000  | Episode Reward: -63.7778 | Epsilon: 0.1738 | Goal reached: 0
[[-28.80976677 -29.40126419 -25.67685127 -28.50193787]
 [-29.60180092 -33.92841721 -28.92829323 -22.93182373]
 [-28.56685066 -27.33434677 -29.44434166 -21.12869453]
 [-23.12856674 -20.48567772 -22.4523983  -23.2436924 ]
 [-19.57420158 -23.61317825 -27.18046761 -26.86012459]
 [  0.           0.           0.           0.        ]
 [  0.           0.           0.           0.        ]
 [  0.           0.           0.           0.        ]
 [  0.           0.           0.           0.        ]
 [  0.           0.           0.           0.        ]
 [-36.26460648 -41.18878555 -43.71032715 -39.46234894]
 [  0.           0.           0.           0.        ]
 [  0.           0.           0.           0.        ]
 [-37.60089493 -32.05905914 -29.04785538 -29.27392578]
 [-22.38016891 -28.53015709 -26.11697388 -18.82103348]
 [-27.69562149 -19.48667336 -27.94215584 -28.71456146]
 [  0.           0.           0.           0.        ]
 [  0.           0.           0.           0.        ]
 [  0.           0.           0.           0.        ]
 [  0.           0.           0.           0.        ]
 [  0.           0.           0.           0.        ]
 [  0.           0.           0.           0.        ]
 [  0.           0.           0.           0.        ]
 [  0.           0.           0.           0.        ]
 [  0.           0.           0.           0.        ]
 [-23.62688065 -25.35617638 -20.17406082 -24.18667984]
 [  0.           0.           0.           0.        ]
 [  0.           0.           0.           0.        ]
 [  0.           0.           0.           0.        ]
 [  0.           0.           0.           0.        ]
 [  0.           0.           0.           0.        ]
 [  0.           0.           0.           0.        ]
 [  0.           0.           0.           0.        ]
 [  0.           0.           0.           0.        ]
 [  0.           0.           0.           0.        ]
 [-19.90800667 -21.03146935 -14.17958641 -25.16834259]
 [-19.09782028 -16.63361168 -19.79083443 -18.804842  ]
 [-16.64493561 -10.41461754 -18.16355515 -17.03903389]
 [-17.58849716 -11.72813129 -16.03855515 -15.91390991]
 [  0.           0.           0.           0.        ]
 [  0.           0.           0.           0.        ]
 [  0.           0.           0.           0.        ]
 [  0.           0.           0.           0.        ]
 [  0.           0.           0.           0.        ]
 [-27.30382347 -21.01878929 -24.49357605 -25.95301247]
 [-15.44015503 -15.3498888  -15.39949036 -16.43358612]
 [  0.           0.           0.           0.        ]
 [-16.68985558 -16.77464294 -10.3026228  -17.18285751]
 [-12.61945343 -11.7934885  -11.13755703  -9.69872284]
 [-11.65769291 -10.47903728 -10.27083111 -12.08005524]
 [  0.           0.           0.           0.        ]
 [  0.           0.           0.           0.        ]
 [  0.           0.           0.           0.        ]
 [  0.           0.           0.           0.        ]
 [-23.80592728 -20.69903946 -19.74454498 -13.21278286]
 [-12.14957714 -10.80080128 -11.44040871 -12.48081779]
 [-15.55090046 -12.66136169 -16.78637314 -16.10244179]
 [  0.           0.           0.           0.        ]
 [  0.           0.           0.           0.        ]
 [  0.           0.           0.           0.        ]
 [  0.           0.           0.           0.        ]
 [  0.           0.           0.           0.        ]
 [  0.           0.           0.           0.        ]
 [  0.           0.           0.           0.        ]
 [  0.           0.           0.           0.        ]
 [-18.2011013  -17.02297783 -10.55967045 -14.46079636]
 [-11.39023399  -9.90893173  -8.78809547  -9.93952751]
 [ -8.58405113  -5.92196369  -8.29663181  -7.99832201]
 [ -7.41280937  -7.52221441  -7.76010847  -9.06893539]
 [  0.           0.           0.           0.        ]
 [  0.           0.           0.           0.        ]
 [  0.           0.           0.           0.        ]
 [  0.           0.           0.           0.        ]
 [  0.           0.           0.           0.        ]
 [  0.           0.           0.           0.        ]
 [  0.           0.           0.           0.        ]
 [  0.           0.           0.           0.        ]
 [ -8.28606796  -6.23146009  -4.96168327  -6.46276903]
 [  0.           0.           0.           0.        ]
 [  0.           0.           0.           0.        ]
 [  0.           0.           0.           0.        ]
 [  0.           0.           0.           0.        ]
 [  0.           0.           0.           0.        ]
 [  0.           0.           0.           0.        ]
 [  0.           0.           0.           0.        ]
 [  0.           0.           0.           0.        ]
 [  0.           0.           0.           0.        ]
 [ -1.84227657  -0.90359336  -1.81797278  -1.13040733]
 [  0.           0.           0.           0.        ]
 [  0.           0.           0.           0.        ]
 [  0.           0.           0.           0.        ]
 [  0.           0.           0.           0.        ]
 [  0.           0.           0.           0.        ]
 [  0.           0.           0.           0.        ]
 [  0.           0.           0.           0.        ]
 [  0.           0.           0.           0.        ]
 [  0.           0.           0.           0.        ]
 [  0.00448433   0.0094541    0.00038935   0.0055859 ]
 [  0.0062887    0.00043947   0.00098592   0.00095063]
 [  0.           0.           0.           0.        ]]
Training  | Episode: 710000/1000000  | Episode Reward: -298.2222 | Epsilon: 0.1695 | Goal reached: 0
Training  | Episode: 720000/1000000  | Episode Reward: -198.6111 | Epsilon: 0.1653 | Goal reached: 0
Training  | Episode: 730000/1000000  | Episode Reward: -93.7222 | Epsilon: 0.1612 | Goal reached: 1
Training  | Episode: 740000/1000000  | Episode Reward: -45.3889 | Epsilon: 0.1572 | Goal reached: 2
Training  | Episode: 750000/1000000  | Episode Reward: -160.1667 | Epsilon: 0.1534 | Goal reached: 2
Training  | Episode: 760000/1000000  | Episode Reward: -219.9444 | Epsilon: 0.1496 | Goal reached: 2
Training  | Episode: 770000/1000000  | Episode Reward: -45.3889 | Epsilon: 0.1459 | Goal reached: 2
Training  | Episode: 780000/1000000  | Episode Reward: -269.3889 | Epsilon: 0.1423 | Goal reached: 2
Training  | Episode: 790000/1000000  | Episode Reward: -45.3889 | Epsilon: 0.1388 | Goal reached: 2
Training  | Episode: 800000/1000000  | Episode Reward: -86.3333 | Epsilon: 0.1353 | Goal reached: 2
[[-30.50127792 -24.24086952 -28.81058121 -29.82122612]
 [-32.15845108 -31.53386879 -30.54440498 -24.60379982]
 [-30.38230515 -32.30886841 -27.38415909 -25.57325554]
 [-23.38571739 -23.78764534 -23.49122238 -23.5484333 ]
 [-21.02483749 -23.13310242 -24.01254654 -27.41027451]
 [  0.           0.           0.           0.        ]
 [  0.           0.           0.           0.        ]
 [  0.           0.           0.           0.        ]
 [  0.           0.           0.           0.        ]
 [  0.           0.           0.           0.        ]
 [-40.58333206 -42.55894089 -41.41523361 -40.01848602]
 [  0.           0.           0.           0.        ]
 [  0.           0.           0.           0.        ]
 [-33.78742218 -35.76150131 -30.62610626 -24.55074692]
 [-29.76805687 -26.25888634 -28.46184158 -19.07756233]
 [-25.99091148 -21.30757713 -27.5120163  -31.4585228 ]
 [  0.           0.           0.           0.        ]
 [  0.           0.           0.           0.        ]
 [  0.           0.           0.           0.        ]
 [  0.           0.           0.           0.        ]
 [  0.           0.           0.           0.        ]
 [  0.           0.           0.           0.        ]
 [  0.           0.           0.           0.        ]
 [  0.           0.           0.           0.        ]
 [  0.           0.           0.           0.        ]
 [-24.72040939 -26.51031113 -19.45273209 -27.50152779]
 [  0.           0.           0.           0.        ]
 [  0.           0.           0.           0.        ]
 [  0.           0.           0.           0.        ]
 [  0.           0.           0.           0.        ]
 [  0.           0.           0.           0.        ]
 [  0.           0.           0.           0.        ]
 [  0.           0.           0.           0.        ]
 [  0.           0.           0.           0.        ]
 [  0.           0.           0.           0.        ]
 [-18.0597744  -18.35111618 -12.41021538 -18.4926796 ]
 [-24.71524811 -14.82024574 -17.96635437 -21.15581894]
 [-17.67526245 -12.00500774 -14.143466   -16.83917236]
 [-15.53059959 -11.987813   -16.00789833 -18.600317  ]
 [  0.           0.           0.           0.        ]
 [  0.           0.           0.           0.        ]
 [  0.           0.           0.           0.        ]
 [  0.           0.           0.           0.        ]
 [  0.           0.           0.           0.        ]
 [-22.14237213 -21.94028854 -18.21323013 -24.14857483]
 [-12.90279102 -18.35913086 -17.22442627 -18.76767731]
 [  0.           0.           0.           0.        ]
 [-17.74489021 -17.47517776 -12.985425   -15.9773922 ]
 [-11.39296341 -11.09149933 -11.68652725  -9.4032774 ]
 [-11.65769291 -10.38651943 -12.1913166  -12.66910744]
 [  0.           0.           0.           0.        ]
 [  0.           0.           0.           0.        ]
 [  0.           0.           0.           0.        ]
 [  0.           0.           0.           0.        ]
 [-22.25956535 -21.24828529 -17.34160995 -22.70224571]
 [-12.93630695 -12.81332207 -10.99048328 -13.18777561]
 [-17.95829773 -11.48233318 -17.852911   -15.67309093]
 [  0.           0.           0.           0.        ]
 [  0.           0.           0.           0.        ]
 [  0.           0.           0.           0.        ]
 [  0.           0.           0.           0.        ]
 [  0.           0.           0.           0.        ]
 [  0.           0.           0.           0.        ]
 [  0.           0.           0.           0.        ]
 [  0.           0.           0.           0.        ]
 [-15.14001465 -14.92615795 -13.70017433 -11.22298717]
 [-12.56149197 -11.1337204  -11.07780647  -9.93479347]
 [ -8.58405113  -8.30878067  -8.29663181 -10.40914249]
 [ -8.6487484   -8.03430367  -9.07549667  -9.06893539]
 [  0.           0.           0.           0.        ]
 [  0.           0.           0.           0.        ]
 [  0.           0.           0.           0.        ]
 [  0.           0.           0.           0.        ]
 [  0.           0.           0.           0.        ]
 [  0.           0.           0.           0.        ]
 [  0.           0.           0.           0.        ]
 [  0.           0.           0.           0.        ]
 [ -6.9167037   -5.30883408  -4.42955923  -6.46276903]
 [  0.           0.           0.           0.        ]
 [  0.           0.           0.           0.        ]
 [  0.           0.           0.           0.        ]
 [  0.           0.           0.           0.        ]
 [  0.           0.           0.           0.        ]
 [  0.           0.           0.           0.        ]
 [  0.           0.           0.           0.        ]
 [  0.           0.           0.           0.        ]
 [  0.           0.           0.           0.        ]
 [ -2.50979424  -2.93013787  -2.45664644  -3.12558651]
 [  0.           0.           0.           0.        ]
 [  0.           0.           0.           0.        ]
 [  0.           0.           0.           0.        ]
 [  0.           0.           0.           0.        ]
 [  0.           0.           0.           0.        ]
 [  0.           0.           0.           0.        ]
 [  0.           0.           0.           0.        ]
 [  0.           0.           0.           0.        ]
 [  0.           0.           0.           0.        ]
 [ -1.6618278   -0.01310701  -0.22185622  -0.43306872]
 [ -1.10513556   0.00043947  -0.1991255  200.00178528]
 [  0.           0.           0.           0.        ]]
Training  | Episode: 810000/1000000  | Episode Reward: -173.8333 | Epsilon: 0.1320 | Goal reached: 2
Training  | Episode: 820000/1000000  | Episode Reward: -204.2222 | Epsilon: 0.1287 | Goal reached: 2
Training  | Episode: 830000/1000000  | Episode Reward: -232.1667 | Epsilon: 0.1256 | Goal reached: 2
Training  | Episode: 840000/1000000  | Episode Reward: -74.9444 | Epsilon: 0.1225 | Goal reached: 2
Training  | Episode: 850000/1000000  | Episode Reward: -65.7778 | Epsilon: 0.1194 | Goal reached: 2
Training  | Episode: 860000/1000000  | Episode Reward: -145.5556 | Epsilon: 0.1165 | Goal reached: 2
Training  | Episode: 870000/1000000  | Episode Reward: -163.0000 | Epsilon: 0.1136 | Goal reached: 2
Training  | Episode: 880000/1000000  | Episode Reward: -45.3889 | Epsilon: 0.1108 | Goal reached: 2
Training  | Episode: 890000/1000000  | Episode Reward: -97.7222 | Epsilon: 0.1081 | Goal reached: 2
Training  | Episode: 900000/1000000  | Episode Reward: -119.3889 | Epsilon: 0.1054 | Goal reached: 2
[[-27.70898247 -28.00530434 -28.10802841 -26.14293289]
 [-32.28883743 -30.61250305 -31.69252205 -25.44655991]
 [-28.28141785 -29.33746338 -29.73946762 -24.65830421]
 [-23.86320114 -23.15916824 -22.41475296 -23.83413696]
 [-23.05426025 -24.08916664 -30.16950798 -28.06715393]
 [  0.           0.           0.           0.        ]
 [  0.           0.           0.           0.        ]
 [  0.           0.           0.           0.        ]
 [  0.           0.           0.           0.        ]
 [  0.           0.           0.           0.        ]
 [-36.0448494  -40.68904877 -40.64831161 -38.47267914]
 [  0.           0.           0.           0.        ]
 [  0.           0.           0.           0.        ]
 [-31.51325035 -34.85703659 -26.56619072 -34.13196945]
 [-26.75562668 -23.73467827 -24.22958755 -19.98010445]
 [-27.79168129 -20.78931618 -30.57056046 -29.99311829]
 [  0.           0.           0.           0.        ]
 [  0.           0.           0.           0.        ]
 [  0.           0.           0.           0.        ]
 [  0.           0.           0.           0.        ]
 [  0.           0.           0.           0.        ]
 [  0.           0.           0.           0.        ]
 [  0.           0.           0.           0.        ]
 [  0.           0.           0.           0.        ]
 [  0.           0.           0.           0.        ]
 [-24.54759598 -24.45079422 -19.01325798 -28.3456955 ]
 [  0.           0.           0.           0.        ]
 [  0.           0.           0.           0.        ]
 [  0.           0.           0.           0.        ]
 [  0.           0.           0.           0.        ]
 [  0.           0.           0.           0.        ]
 [  0.           0.           0.           0.        ]
 [  0.           0.           0.           0.        ]
 [  0.           0.           0.           0.        ]
 [  0.           0.           0.           0.        ]
 [-23.84975815 -17.76120949 -14.41709805 -21.75146103]
 [-25.28061104 -19.45849228 -18.13341522 -20.8730278 ]
 [-17.29349136 -11.22644329 -14.14727497 -13.53305531]
 [-18.20265961 -12.44696045 -17.43795967 -16.39383888]
 [  0.           0.           0.           0.        ]
 [  0.           0.           0.           0.        ]
 [  0.           0.           0.           0.        ]
 [  0.           0.           0.           0.        ]
 [  0.           0.           0.           0.        ]
 [-26.53449631 -24.79652023 -20.60422516 -26.32970047]
 [-13.68669987 -15.98807526 -16.05172729 -17.07581139]
 [  0.           0.           0.           0.        ]
 [-17.35554886 -17.66177559 -12.48778248 -15.07671738]
 [-12.43384171 -11.33572197 -11.43284416  -9.99458027]
 [-11.54705811 -10.22215271 -12.1913166  -12.34905434]
 [  0.           0.           0.           0.        ]
 [  0.           0.           0.           0.        ]
 [  0.           0.           0.           0.        ]
 [  0.           0.           0.           0.        ]
 [-21.78045845 -19.5424099  -14.79453087 -23.65128899]
 [-12.28555489 -11.16841125 -11.9145937  -12.40584087]
 [-14.56628799 -11.46552372 -14.63437271 -18.42606735]
 [  0.           0.           0.           0.        ]
 [  0.           0.           0.           0.        ]
 [  0.           0.           0.           0.        ]
 [  0.           0.           0.           0.        ]
 [  0.           0.           0.           0.        ]
 [  0.           0.           0.           0.        ]
 [  0.           0.           0.           0.        ]
 [  0.           0.           0.           0.        ]
 [-18.59036636 -16.71004105 -11.45403481 -14.66530609]
 [-12.52031994 -12.12411594 -11.35521126  -8.09225464]
 [-10.08869362  -5.68692303  -9.00762081 -10.75092411]
 [ -8.6487484   -7.73076487  -9.91746902  -9.06893539]
 [  0.           0.           0.           0.        ]
 [  0.           0.           0.           0.        ]
 [  0.           0.           0.           0.        ]
 [  0.           0.           0.           0.        ]
 [  0.           0.           0.           0.        ]
 [  0.           0.           0.           0.        ]
 [  0.           0.           0.           0.        ]
 [  0.           0.           0.           0.        ]
 [ -7.71249866  -7.89389277  -1.32071352  -8.24580574]
 [  0.           0.           0.           0.        ]
 [  0.           0.           0.           0.        ]
 [  0.           0.           0.           0.        ]
 [  0.           0.           0.           0.        ]
 [  0.           0.           0.           0.        ]
 [  0.           0.           0.           0.        ]
 [  0.           0.           0.           0.        ]
 [  0.           0.           0.           0.        ]
 [  0.           0.           0.           0.        ]
 [ -3.2808094   12.64764977  -3.02989984  -3.12558651]
 [  0.           0.           0.           0.        ]
 [  0.           0.           0.           0.        ]
 [  0.           0.           0.           0.        ]
 [  0.           0.           0.           0.        ]
 [  0.           0.           0.           0.        ]
 [  0.           0.           0.           0.        ]
 [  0.           0.           0.           0.        ]
 [  0.           0.           0.           0.        ]
 [  0.           0.           0.           0.        ]
 [ -1.6618278   73.3140564   -0.22185622  -0.43306872]
 [ -1.10513556   0.00043947  -0.1991255  286.89181519]
 [  0.           0.           0.           0.        ]]
Training  | Episode: 910000/1000000  | Episode Reward: -118.2778 | Epsilon: 0.1028 | Goal reached: 2
Training  | Episode: 920000/1000000  | Episode Reward: -77.1667 | Epsilon: 0.1003 | Goal reached: 2
Training  | Episode: 930000/1000000  | Episode Reward: -74.8333 | Epsilon: 0.1000 | Goal reached: 2
Training  | Episode: 940000/1000000  | Episode Reward: -217.8333 | Epsilon: 0.1000 | Goal reached: 2
Training  | Episode: 950000/1000000  | Episode Reward: -65.3889 | Epsilon: 0.1000 | Goal reached: 2
Training  | Episode: 960000/1000000  | Episode Reward: -54.8333 | Epsilon: 0.1000 | Goal reached: 2
Training  | Episode: 970000/1000000  | Episode Reward: -45.3889 | Epsilon: 0.1000 | Goal reached: 2
Training  | Episode: 980000/1000000  | Episode Reward: -375.6111 | Epsilon: 0.1000 | Goal reached: 2
Training  | Episode: 990000/1000000  | Episode Reward: -275.2778 | Epsilon: 0.1000 | Goal reached: 2
[[-29.14959145 -22.53133392 -29.42313576 -29.51514626]
 [-35.25646973 -28.66244698 -30.59210968 -19.59114075]
 [-31.0825367  -28.41642952 -29.23366165 -22.48402214]
 [-23.91925621 -21.72091866 -23.71073723 -22.38851357]
 [-22.55508995 -29.41032028 -25.11262131 -26.22073936]
 [  0.           0.           0.           0.        ]
 [  0.           0.           0.           0.        ]
 [  0.           0.           0.           0.        ]
 [  0.           0.           0.           0.        ]
 [  0.           0.           0.           0.        ]
 [-41.32989883 -38.32576752 -42.23060989 -35.44033051]
 [  0.           0.           0.           0.        ]
 [  0.           0.           0.           0.        ]
 [-31.7914257  -32.64411926 -31.96788979 -32.86538696]
 [-25.34779739 -22.68656158 -24.13130569 -22.0454998 ]
 [-28.08655357 -23.08121872 -29.99591637 -30.21960449]
 [  0.           0.           0.           0.        ]
 [  0.           0.           0.           0.        ]
 [  0.           0.           0.           0.        ]
 [  0.           0.           0.           0.        ]
 [  0.           0.           0.           0.        ]
 [  0.           0.           0.           0.        ]
 [  0.           0.           0.           0.        ]
 [  0.           0.           0.           0.        ]
 [  0.           0.           0.           0.        ]
 [-25.42823792 -28.94765663 -21.48688126 -30.65494156]
 [  0.           0.           0.           0.        ]
 [  0.           0.           0.           0.        ]
 [  0.           0.           0.           0.        ]
 [  0.           0.           0.           0.        ]
 [  0.           0.           0.           0.        ]
 [  0.           0.           0.           0.        ]
 [  0.           0.           0.           0.        ]
 [  0.           0.           0.           0.        ]
 [  0.           0.           0.           0.        ]
 [-25.38044167 -17.30983734 -13.93061829 -18.17586517]
 [-22.40511322 -18.75442696 -21.77017975 -18.96038055]
 [-15.30630493 -11.44506359 -15.06872463 -15.79112816]
 [-15.86070061 -11.91257858 -17.57201576 -17.6891613 ]
 [  0.           0.           0.           0.        ]
 [  0.           0.           0.           0.        ]
 [  0.           0.           0.           0.        ]
 [  0.           0.           0.           0.        ]
 [  0.           0.           0.           0.        ]
 [-26.36071587 -13.78386211 -25.11772156 -26.11870193]
 [-13.22149754 -16.01064873 -16.30345154 -16.74733543]
 [  0.           0.           0.           0.        ]
 [-17.91391945 -17.53063393 -10.65500927 -14.25559044]
 [-12.79223442 -11.80057526 -11.48511887 -10.75268459]
 [-13.1295948  -10.64983654 -11.52432251 -11.64511776]
 [  0.           0.           0.           0.        ]
 [  0.           0.           0.           0.        ]
 [  0.           0.           0.           0.        ]
 [  0.           0.           0.           0.        ]
 [-20.76293755 -23.04706001 -12.62948513 -21.35686111]
 [-13.20845032 -13.44229984 -12.60042953 -12.63349438]
 [-14.28341961 -12.0145874  -16.55654716 -17.83757973]
 [  0.           0.           0.           0.        ]
 [  0.           0.           0.           0.        ]
 [  0.           0.           0.           0.        ]
 [  0.           0.           0.           0.        ]
 [  0.           0.           0.           0.        ]
 [  0.           0.           0.           0.        ]
 [  0.           0.           0.           0.        ]
 [  0.           0.           0.           0.        ]
 [-14.79230118 -16.52215576 -13.08177567 -15.24657536]
 [-12.53255367 -10.76556778 -12.56950855 -10.78868008]
 [-11.40363312  -5.10354853  -7.20815802 -11.22054958]
 [ -9.05132866  -7.98088026 -10.71045685  -9.06893539]
 [  0.           0.           0.           0.        ]
 [  0.           0.           0.           0.        ]
 [  0.           0.           0.           0.        ]
 [  0.           0.           0.           0.        ]
 [  0.           0.           0.           0.        ]
 [  0.           0.           0.           0.        ]
 [  0.           0.           0.           0.        ]
 [  0.           0.           0.           0.        ]
 [ -6.35281515  -7.98095131  -2.55070639  -8.27582264]
 [  0.           0.           0.           0.        ]
 [  0.           0.           0.           0.        ]
 [  0.           0.           0.           0.        ]
 [  0.           0.           0.           0.        ]
 [  0.           0.           0.           0.        ]
 [  0.           0.           0.           0.        ]
 [  0.           0.           0.           0.        ]
 [  0.           0.           0.           0.        ]
 [  0.           0.           0.           0.        ]
 [ -3.2808094   13.31167793  -3.02989984  -3.12558651]
 [  0.           0.           0.           0.        ]
 [  0.           0.           0.           0.        ]
 [  0.           0.           0.           0.        ]
 [  0.           0.           0.           0.        ]
 [  0.           0.           0.           0.        ]
 [  0.           0.           0.           0.        ]
 [  0.           0.           0.           0.        ]
 [  0.           0.           0.           0.        ]
 [  0.           0.           0.           0.        ]
 [ -1.6618278   74.52217865  -0.22185622  26.6372261 ]
 [ -1.10513556   0.00043947  -0.1991255  192.81993103]
 [  0.           0.           0.           0.        ]]
