___ACTION___
gamma:  0.8 learning rate:  0.01 eps decay:  0.99999
[[b'S' b'F' b'F' b'F' b'H' b'H' b'H' b'H' b'H' b'H']
 [b'H' b'F' b'H' b'F' b'H' b'H' b'H' b'H' b'H' b'H']
 [b'H' b'F' b'F' b'F' b'F' b'F' b'F' b'H' b'H' b'F']
 [b'H' b'F' b'H' b'H' b'H' b'F' b'F' b'F' b'H' b'H']
 [b'F' b'H' b'H' b'H' b'H' b'H' b'H' b'F' b'H' b'H']
 [b'H' b'H' b'H' b'H' b'F' b'H' b'H' b'F' b'F' b'H']
 [b'H' b'F' b'F' b'H' b'H' b'F' b'H' b'F' b'H' b'F']
 [b'H' b'H' b'F' b'F' b'H' b'H' b'F' b'F' b'F' b'H']
 [b'F' b'H' b'F' b'H' b'H' b'F' b'H' b'F' b'F' b'F']
 [b'H' b'H' b'F' b'F' b'H' b'F' b'H' b'H' b'H' b'G']]
[<tf.Variable 'q_a_s/weights:0' shape=(100, 4) dtype=float32, numpy=
array([[0.0051443 , 0.00501226, 0.00848187, 0.00149661],
       [0.00267665, 0.00801383, 0.00857178, 0.00166923],
       [0.00835289, 0.00902258, 0.00054759, 0.00017643],
       [0.00791704, 0.00714882, 0.0017309 , 0.00409392],
       [0.0050908 , 0.0039658 , 0.00206685, 0.00895198],
       [0.00066686, 0.00626463, 0.00673589, 0.00193508],
       [0.00498959, 0.00974342, 0.0007362 , 0.0076421 ],
       [0.00933873, 0.00417692, 0.00573122, 0.00575502],
       [0.00053982, 0.00941493, 0.00969983, 0.00910628],
       [0.00334624, 0.00468046, 0.00032723, 0.00015162],
       [0.00067   , 0.0022907 , 0.00154561, 0.00918371],
       [0.00371218, 0.00270421, 0.00635233, 0.0027534 ],
       [0.00290779, 0.00825961, 0.00963365, 0.00235904],
       [0.00605433, 0.00890188, 0.00230103, 0.0065172 ],
       [0.00355794, 0.00362412, 0.00401366, 0.00779418],
       [0.0083718 , 0.00864023, 0.00797419, 0.0018792 ],
       [0.00018962, 0.00891011, 0.00646039, 0.0074311 ],
       [0.00662842, 0.00219523, 0.00059847, 0.00325369],
       [0.00013533, 0.00815456, 0.00554923, 0.0093753 ],
       [0.00466383, 0.00522726, 0.00330881, 0.00970592],
       [0.00471699, 0.00163891, 0.00470049, 0.00215836],
       [0.00678969, 0.00609689, 0.00429644, 0.00745038],
       [0.00867874, 0.00465999, 0.00911437, 0.00156917],
       [0.00833907, 0.00199111, 0.00581842, 0.00492279],
       [0.00187159, 0.00195407, 0.00998438, 0.00146877],
       [0.00026045, 0.0027277 , 0.00675905, 0.00996656],
       [0.00362814, 0.00673768, 0.00728315, 0.00444257],
       [0.00887244, 0.00834913, 0.00714304, 0.00666221],
       [0.00170672, 0.00489178, 0.00003477, 0.00922961],
       [0.00677086, 0.0096534 , 0.00039626, 0.00222862],
       [0.00937925, 0.00636457, 0.00648503, 0.00177964],
       [0.00624264, 0.00630337, 0.00093466, 0.00629406],
       [0.00448296, 0.00458211, 0.00220084, 0.00314376],
       [0.00706983, 0.0046099 , 0.0014118 , 0.00768037],
       [0.00439935, 0.00149716, 0.00378497, 0.00375314],
       [0.00744663, 0.0038782 , 0.00161611, 0.00936642],
       [0.00690797, 0.00029726, 0.00726356, 0.00941174],
       [0.00870104, 0.00947912, 0.00773787, 0.00489522],
       [0.00721366, 0.00546183, 0.00692453, 0.00906008],
       [0.00226732, 0.00177436, 0.00172003, 0.0043499 ],
       [0.00050072, 0.00064496, 0.00922787, 0.00845137],
       [0.00521448, 0.00201526, 0.00247814, 0.00874572],
       [0.00535512, 0.00288541, 0.00563597, 0.00093329],
       [0.00234164, 0.00926205, 0.00989576, 0.00130447],
       [0.00108368, 0.00874434, 0.00872436, 0.00057475],
       [0.00786477, 0.00159382, 0.00740232, 0.00524633],
       [0.00630267, 0.00579148, 0.00092147, 0.00381365],
       [0.00403273, 0.00188142, 0.00565827, 0.00030045],
       [0.00497181, 0.00616548, 0.00252113, 0.00401092],
       [0.00025991, 0.00839566, 0.00146503, 0.00379076],
       [0.00663657, 0.00921101, 0.00027818, 0.00988635],
       [0.00820589, 0.00166374, 0.0070471 , 0.00205364],
       [0.00117708, 0.00653954, 0.00832867, 0.0058216 ],
       [0.00446446, 0.00405966, 0.00308818, 0.00041227],
       [0.0066663 , 0.00026665, 0.00710451, 0.00253484],
       [0.0000888 , 0.00602459, 0.00360048, 0.00911178],
       [0.0081877 , 0.00561075, 0.00625744, 0.00886243],
       [0.00887004, 0.00360018, 0.00019022, 0.00217883],
       [0.00579026, 0.00870946, 0.00379541, 0.00411931],
       [0.00209588, 0.00935846, 0.00418156, 0.00115517],
       [0.00171497, 0.00524306, 0.00181077, 0.00102891],
       [0.00636366, 0.00423218, 0.00048512, 0.00224629],
       [0.00742492, 0.00562245, 0.00368906, 0.00733841],
       [0.00400306, 0.00929405, 0.008325  , 0.00166676],
       [0.00474693, 0.00671812, 0.00002933, 0.00085554],
       [0.00863989, 0.00707494, 0.00832198, 0.00544474],
       [0.00347073, 0.00100315, 0.00301217, 0.0025774 ],
       [0.0027691 , 0.00613515, 0.00773407, 0.00688002],
       [0.00455948, 0.00772984, 0.0039146 , 0.00114408],
       [0.00614291, 0.00311572, 0.00674638, 0.00307821],
       [0.00587131, 0.00107711, 0.00078701, 0.00071169],
       [0.00945198, 0.00718295, 0.00758746, 0.00719593],
       [0.00806646, 0.0002507 , 0.00795208, 0.00378725],
       [0.00985342, 0.00278412, 0.00287931, 0.0002688 ],
       [0.00412576, 0.00613757, 0.00027401, 0.0019275 ],
       [0.00441683, 0.0051533 , 0.00626287, 0.00332457],
       [0.00614302, 0.00137392, 0.00168208, 0.00598212],
       [0.00374914, 0.00517251, 0.00378983, 0.00206524],
       [0.00798309, 0.00991216, 0.00136216, 0.00463829],
       [0.00631194, 0.00039848, 0.00545973, 0.00081635],
       [0.00424796, 0.00188803, 0.00361444, 0.00552833],
       [0.00059929, 0.00463745, 0.0032848 , 0.00828483],
       [0.00089868, 0.00408283, 0.00237734, 0.00285875],
       [0.00039884, 0.00423891, 0.00139637, 0.0040955 ],
       [0.00398239, 0.00894137, 0.00463766, 0.00060794],
       [0.00179999, 0.00111259, 0.00666688, 0.00746865],
       [0.00242941, 0.0028817 , 0.00188667, 0.00544616],
       [0.00757274, 0.00488682, 0.00707335, 0.00390462],
       [0.00863359, 0.00363021, 0.00067636, 0.00490831],
       [0.00520653, 0.00236588, 0.0085702 , 0.0023294 ],
       [0.00317628, 0.00791392, 0.00591519, 0.00926383],
       [0.00548534, 0.00789417, 0.00378729, 0.00784472],
       [0.00319813, 0.00475424, 0.00289788, 0.00590551],
       [0.00056557, 0.00130049, 0.00823323, 0.00322791],
       [0.00171357, 0.00959773, 0.00477495, 0.00277035],
       [0.00603996, 0.00374991, 0.00014267, 0.00779555],
       [0.00270818, 0.0071666 , 0.00325323, 0.00120415],
       [0.00206501, 0.00911749, 0.00896863, 0.00120826],
       [0.00621553, 0.00068109, 0.00140248, 0.00110707],
       [0.00776101, 0.00251562, 0.00374085, 0.00136284]], dtype=float32)>]
Training  | Episode: 0/1000000  | Episode Reward: -50.0000 | Epsilon: 0.2000 | Goal reached: 0
[[0.0051443  0.00501226 0.00848187 0.00149661]
 [0.         0.         0.         0.        ]
 [0.         0.         0.         0.        ]
 [0.         0.         0.         0.        ]
 [0.         0.         0.         0.        ]
 [0.         0.         0.         0.        ]
 [0.         0.         0.         0.        ]
 [0.         0.         0.         0.        ]
 [0.         0.         0.         0.        ]
 [0.         0.         0.         0.        ]
 [0.         0.         0.         0.        ]
 [0.         0.         0.         0.        ]
 [0.         0.         0.         0.        ]
 [0.         0.         0.         0.        ]
 [0.         0.         0.         0.        ]
 [0.         0.         0.         0.        ]
 [0.         0.         0.         0.        ]
 [0.         0.         0.         0.        ]
 [0.         0.         0.         0.        ]
 [0.         0.         0.         0.        ]
 [0.         0.         0.         0.        ]
 [0.         0.         0.         0.        ]
 [0.         0.         0.         0.        ]
 [0.         0.         0.         0.        ]
 [0.         0.         0.         0.        ]
 [0.         0.         0.         0.        ]
 [0.         0.         0.         0.        ]
 [0.         0.         0.         0.        ]
 [0.         0.         0.         0.        ]
 [0.         0.         0.         0.        ]
 [0.         0.         0.         0.        ]
 [0.         0.         0.         0.        ]
 [0.         0.         0.         0.        ]
 [0.         0.         0.         0.        ]
 [0.         0.         0.         0.        ]
 [0.         0.         0.         0.        ]
 [0.         0.         0.         0.        ]
 [0.         0.         0.         0.        ]
 [0.         0.         0.         0.        ]
 [0.         0.         0.         0.        ]
 [0.         0.         0.         0.        ]
 [0.         0.         0.         0.        ]
 [0.         0.         0.         0.        ]
 [0.         0.         0.         0.        ]
 [0.         0.         0.         0.        ]
 [0.         0.         0.         0.        ]
 [0.         0.         0.         0.        ]
 [0.         0.         0.         0.        ]
 [0.         0.         0.         0.        ]
 [0.         0.         0.         0.        ]
 [0.         0.         0.         0.        ]
 [0.         0.         0.         0.        ]
 [0.         0.         0.         0.        ]
 [0.         0.         0.         0.        ]
 [0.         0.         0.         0.        ]
 [0.         0.         0.         0.        ]
 [0.         0.         0.         0.        ]
 [0.         0.         0.         0.        ]
 [0.         0.         0.         0.        ]
 [0.         0.         0.         0.        ]
 [0.         0.         0.         0.        ]
 [0.         0.         0.         0.        ]
 [0.         0.         0.         0.        ]
 [0.         0.         0.         0.        ]
 [0.         0.         0.         0.        ]
 [0.         0.         0.         0.        ]
 [0.         0.         0.         0.        ]
 [0.         0.         0.         0.        ]
 [0.         0.         0.         0.        ]
 [0.         0.         0.         0.        ]
 [0.         0.         0.         0.        ]
 [0.         0.         0.         0.        ]
 [0.         0.         0.         0.        ]
 [0.         0.         0.         0.        ]
 [0.         0.         0.         0.        ]
 [0.         0.         0.         0.        ]
 [0.         0.         0.         0.        ]
 [0.         0.         0.         0.        ]
 [0.         0.         0.         0.        ]
 [0.         0.         0.         0.        ]
 [0.         0.         0.         0.        ]
 [0.         0.         0.         0.        ]
 [0.         0.         0.         0.        ]
 [0.         0.         0.         0.        ]
 [0.         0.         0.         0.        ]
 [0.         0.         0.         0.        ]
 [0.         0.         0.         0.        ]
 [0.         0.         0.         0.        ]
 [0.         0.         0.         0.        ]
 [0.         0.         0.         0.        ]
 [0.         0.         0.         0.        ]
 [0.         0.         0.         0.        ]
 [0.         0.         0.         0.        ]
 [0.         0.         0.         0.        ]
 [0.         0.         0.         0.        ]
 [0.         0.         0.         0.        ]
 [0.         0.         0.         0.        ]
 [0.         0.         0.         0.        ]
 [0.         0.         0.         0.        ]
 [0.         0.         0.         0.        ]]
Training  | Episode: 10000/1000000  | Episode Reward: -60.0000 | Epsilon: 0.2000 | Goal reached: 0
Training  | Episode: 20000/1000000  | Episode Reward: -80.0000 | Epsilon: 0.2000 | Goal reached: 0
Training  | Episode: 30000/1000000  | Episode Reward: -50.0000 | Epsilon: 0.2000 | Goal reached: 0
Training  | Episode: 40000/1000000  | Episode Reward: -60.0000 | Epsilon: 0.2000 | Goal reached: 0
Training  | Episode: 50000/1000000  | Episode Reward: -61.0000 | Epsilon: 0.2000 | Goal reached: 0
Training  | Episode: 60000/1000000  | Episode Reward: -74.0000 | Epsilon: 0.2000 | Goal reached: 0
Training  | Episode: 70000/1000000  | Episode Reward: -61.0000 | Epsilon: 0.2000 | Goal reached: 0
Training  | Episode: 80000/1000000  | Episode Reward: -60.0000 | Epsilon: 0.2000 | Goal reached: 0
Training  | Episode: 90000/1000000  | Episode Reward: -61.0000 | Epsilon: 0.2000 | Goal reached: 0
Training  | Episode: 100000/1000000  | Episode Reward: -112.0000 | Epsilon: 0.2000 | Goal reached: 0
[[  0.0051443  -15.51894855 -21.61371994   0.00149661]
 [  0.00267665  -3.08144379  -5.35245371   0.00166923]
 [  0.00835289 -19.83274269 -19.10759354   0.00017643]
 [  0.00791704 -18.21645927 -23.36836815   0.00409392]
 [  0.           0.           0.           0.        ]
 [  0.           0.           0.           0.        ]
 [  0.           0.           0.           0.        ]
 [  0.           0.           0.           0.        ]
 [  0.           0.           0.           0.        ]
 [  0.           0.           0.           0.        ]
 [  0.           0.           0.           0.        ]
 [  0.00371218 -38.82837677 -19.56742287   0.0027534 ]
 [  0.           0.           0.           0.        ]
 [  0.00605433 -33.67232513 -20.11486244   0.0065172 ]
 [  0.           0.           0.           0.        ]
 [  0.           0.           0.           0.        ]
 [  0.           0.           0.           0.        ]
 [  0.           0.           0.           0.        ]
 [  0.           0.           0.           0.        ]
 [  0.           0.           0.           0.        ]
 [  0.           0.           0.           0.        ]
 [  0.00678969 -17.70408058  -5.21958303   0.00745038]
 [  0.00867874 -20.79083633 -33.29955292   0.00156917]
 [  0.00833907 -16.51353455 -18.24490166   0.00492279]
 [  0.00187159 -18.51135254 -35.88676071   0.00146877]
 [  0.00026045  -4.46948719 -17.7767868    0.00996656]
 [  0.00362814 -16.2415638  -22.89256668   0.00444257]
 [  0.           0.           0.           0.        ]
 [  0.           0.           0.           0.        ]
 [  0.           0.           0.           0.        ]
 [  0.           0.           0.           0.        ]
 [  0.00624264 -49.99371338 -36.77463531   0.00629406]
 [  0.           0.           0.           0.        ]
 [  0.           0.           0.           0.        ]
 [  0.           0.           0.           0.        ]
 [  0.00744663 -24.06582451 -20.20463562   0.00936642]
 [  0.00690797 -15.46739101 -17.60029793   0.00941174]
 [  0.00870104 -10.76261616 -11.35627842   0.00489522]
 [  0.           0.           0.           0.        ]
 [  0.           0.           0.           0.        ]
 [  0.           0.           0.           0.        ]
 [  0.           0.           0.           0.        ]
 [  0.           0.           0.           0.        ]
 [  0.           0.           0.           0.        ]
 [  0.           0.           0.           0.        ]
 [  0.           0.           0.           0.        ]
 [  0.           0.           0.           0.        ]
 [  0.00403273  -5.65020418  -5.98813009   0.00030045]
 [  0.           0.           0.           0.        ]
 [  0.           0.           0.           0.        ]
 [  0.           0.           0.           0.        ]
 [  0.           0.           0.           0.        ]
 [  0.           0.           0.           0.        ]
 [  0.           0.           0.           0.        ]
 [  0.           0.           0.           0.        ]
 [  0.           0.           0.           0.        ]
 [  0.           0.           0.           0.        ]
 [  0.00887004  -1.97621214  -0.01967423   0.00217883]
 [  0.00579026  -0.99131501   0.00379541   0.00411931]
 [  0.           0.           0.           0.        ]
 [  0.           0.           0.           0.        ]
 [  0.           0.           0.           0.        ]
 [  0.           0.           0.           0.        ]
 [  0.           0.           0.           0.        ]
 [  0.           0.           0.           0.        ]
 [  0.           0.           0.           0.        ]
 [  0.           0.           0.           0.        ]
 [  0.0027691    0.00613515   0.00773407   0.00688002]
 [  0.           0.           0.           0.        ]
 [  0.           0.           0.           0.        ]
 [  0.           0.           0.           0.        ]
 [  0.           0.           0.           0.        ]
 [  0.           0.           0.           0.        ]
 [  0.           0.           0.           0.        ]
 [  0.           0.           0.           0.        ]
 [  0.           0.           0.           0.        ]
 [  0.           0.           0.           0.        ]
 [  0.           0.           0.           0.        ]
 [  0.           0.           0.           0.        ]
 [  0.           0.           0.           0.        ]
 [  0.           0.           0.           0.        ]
 [  0.           0.           0.           0.        ]
 [  0.           0.           0.           0.        ]
 [  0.           0.           0.           0.        ]
 [  0.           0.           0.           0.        ]
 [  0.           0.           0.           0.        ]
 [  0.           0.           0.           0.        ]
 [  0.           0.           0.           0.        ]
 [  0.           0.           0.           0.        ]
 [  0.           0.           0.           0.        ]
 [  0.           0.           0.           0.        ]
 [  0.           0.           0.           0.        ]
 [  0.           0.           0.           0.        ]
 [  0.           0.           0.           0.        ]
 [  0.           0.           0.           0.        ]
 [  0.           0.           0.           0.        ]
 [  0.           0.           0.           0.        ]
 [  0.           0.           0.           0.        ]
 [  0.           0.           0.           0.        ]
 [  0.           0.           0.           0.        ]]
Training  | Episode: 110000/1000000  | Episode Reward: -63.0000 | Epsilon: 0.2000 | Goal reached: 0
Training  | Episode: 120000/1000000  | Episode Reward: -51.0000 | Epsilon: 0.2000 | Goal reached: 0
Training  | Episode: 130000/1000000  | Episode Reward: -104.0000 | Epsilon: 0.2000 | Goal reached: 0
Training  | Episode: 140000/1000000  | Episode Reward: -85.0000 | Epsilon: 0.2000 | Goal reached: 0
Training  | Episode: 150000/1000000  | Episode Reward: -60.0000 | Epsilon: 0.2000 | Goal reached: 0
Training  | Episode: 160000/1000000  | Episode Reward: -63.0000 | Epsilon: 0.2000 | Goal reached: 0
Training  | Episode: 170000/1000000  | Episode Reward: -82.0000 | Epsilon: 0.2000 | Goal reached: 0
Training  | Episode: 180000/1000000  | Episode Reward: -94.0000 | Epsilon: 0.2000 | Goal reached: 0
Training  | Episode: 190000/1000000  | Episode Reward: -62.0000 | Epsilon: 0.2000 | Goal reached: 0
Training  | Episode: 200000/1000000  | Episode Reward: -50.0000 | Epsilon: 0.2000 | Goal reached: 0
[[  0.0051443  -21.60724831 -21.33037949   0.00149661]
 [  0.00267665  -2.37847996  -4.85151625   0.00166923]
 [  0.00835289 -22.29197502 -22.55551338   0.00017643]
 [  0.00791704 -19.61096191 -22.55661011   0.00409392]
 [  0.           0.           0.           0.        ]
 [  0.           0.           0.           0.        ]
 [  0.           0.           0.           0.        ]
 [  0.           0.           0.           0.        ]
 [  0.           0.           0.           0.        ]
 [  0.           0.           0.           0.        ]
 [  0.           0.           0.           0.        ]
 [  0.00371218 -35.93093109 -16.97042847   0.0027534 ]
 [  0.           0.           0.           0.        ]
 [  0.00605433 -36.72183228 -21.75124931   0.0065172 ]
 [  0.           0.           0.           0.        ]
 [  0.           0.           0.           0.        ]
 [  0.           0.           0.           0.        ]
 [  0.           0.           0.           0.        ]
 [  0.           0.           0.           0.        ]
 [  0.           0.           0.           0.        ]
 [  0.           0.           0.           0.        ]
 [  0.00678969 -17.78535461  -4.6234045    0.00745038]
 [  0.00867874 -20.12508965 -31.39954948   0.00156917]
 [  0.00833907 -21.50673485 -19.23302078   0.00492279]
 [  0.00187159 -20.05198288 -33.42761612   0.00146877]
 [  0.00026045  -4.33592606 -20.60528374   0.00996656]
 [  0.00362814 -20.02607346 -28.16806602   0.00444257]
 [  0.           0.           0.           0.        ]
 [  0.           0.           0.           0.        ]
 [  0.           0.           0.           0.        ]
 [  0.           0.           0.           0.        ]
 [  0.00624264 -49.994133   -33.51361465   0.00629406]
 [  0.           0.           0.           0.        ]
 [  0.           0.           0.           0.        ]
 [  0.           0.           0.           0.        ]
 [  0.00744663 -32.91104126 -17.02295876   0.00936642]
 [  0.00690797 -21.73362732 -19.17155647   0.00941174]
 [  0.00870104 -15.36717224 -17.05767822   0.00489522]
 [  0.           0.           0.           0.        ]
 [  0.           0.           0.           0.        ]
 [  0.           0.           0.           0.        ]
 [  0.           0.           0.           0.        ]
 [  0.           0.           0.           0.        ]
 [  0.           0.           0.           0.        ]
 [  0.           0.           0.           0.        ]
 [  0.           0.           0.           0.        ]
 [  0.           0.           0.           0.        ]
 [  0.00403273  -9.91082096  -9.57287693   0.00030045]
 [  0.           0.           0.           0.        ]
 [  0.           0.           0.           0.        ]
 [  0.           0.           0.           0.        ]
 [  0.           0.           0.           0.        ]
 [  0.           0.           0.           0.        ]
 [  0.           0.           0.           0.        ]
 [  0.           0.           0.           0.        ]
 [  0.           0.           0.           0.        ]
 [  0.           0.           0.           0.        ]
 [  0.00887004  -1.93735337  -0.30388939   0.00217883]
 [  0.00579026  -0.99131501  -0.99615681   0.00411931]
 [  0.           0.           0.           0.        ]
 [  0.           0.           0.           0.        ]
 [  0.           0.           0.           0.        ]
 [  0.           0.           0.           0.        ]
 [  0.           0.           0.           0.        ]
 [  0.           0.           0.           0.        ]
 [  0.           0.           0.           0.        ]
 [  0.           0.           0.           0.        ]
 [  0.0027691   -0.03358903  -1.17246974   0.00688002]
 [  0.           0.           0.           0.        ]
 [  0.           0.           0.           0.        ]
 [  0.           0.           0.           0.        ]
 [  0.           0.           0.           0.        ]
 [  0.           0.           0.           0.        ]
 [  0.           0.           0.           0.        ]
 [  0.           0.           0.           0.        ]
 [  0.           0.           0.           0.        ]
 [  0.00614302   0.00137392   0.00168208   0.00598212]
 [  0.00374914  -0.05354089  -0.19615823   0.00206524]
 [  0.00798309  -1.18631995   0.00136216   0.00463829]
 [  0.           0.           0.           0.        ]
 [  0.           0.           0.           0.        ]
 [  0.           0.           0.           0.        ]
 [  0.           0.           0.           0.        ]
 [  0.           0.           0.           0.        ]
 [  0.           0.           0.           0.        ]
 [  0.           0.           0.           0.        ]
 [  0.           0.           0.           0.        ]
 [  0.00757274   0.00488682   0.00707335   0.00390462]
 [  0.           0.           0.           0.        ]
 [  0.           0.           0.           0.        ]
 [  0.           0.           0.           0.        ]
 [  0.           0.           0.           0.        ]
 [  0.           0.           0.           0.        ]
 [  0.           0.           0.           0.        ]
 [  0.           0.           0.           0.        ]
 [  0.           0.           0.           0.        ]
 [  0.           0.           0.           0.        ]
 [  0.           0.           0.           0.        ]
 [  0.           0.           0.           0.        ]
 [  0.           0.           0.           0.        ]]
Training  | Episode: 210000/1000000  | Episode Reward: -81.0000 | Epsilon: 0.2000 | Goal reached: 0
Training  | Episode: 220000/1000000  | Episode Reward: -63.0000 | Epsilon: 0.2000 | Goal reached: 0
Training  | Episode: 230000/1000000  | Episode Reward: -71.0000 | Epsilon: 0.2000 | Goal reached: 0
Training  | Episode: 240000/1000000  | Episode Reward: -84.0000 | Epsilon: 0.2000 | Goal reached: 0
Training  | Episode: 250000/1000000  | Episode Reward: -63.0000 | Epsilon: 0.2000 | Goal reached: 0
Training  | Episode: 260000/1000000  | Episode Reward: -50.0000 | Epsilon: 0.2000 | Goal reached: 0
Training  | Episode: 270000/1000000  | Episode Reward: -70.0000 | Epsilon: 0.2000 | Goal reached: 0
Training  | Episode: 280000/1000000  | Episode Reward: -122.0000 | Epsilon: 0.2000 | Goal reached: 0
Training  | Episode: 290000/1000000  | Episode Reward: -50.0000 | Epsilon: 0.2000 | Goal reached: 0
Training  | Episode: 300000/1000000  | Episode Reward: -50.0000 | Epsilon: 0.2000 | Goal reached: 0
[[  0.0051443  -19.01540756 -24.572649     0.00149661]
 [  0.00267665  -2.47477841  -3.19572306   0.00166923]
 [  0.00835289 -20.61920357 -19.06226158   0.00017643]
 [  0.00791704 -21.36217117 -18.65806961   0.00409392]
 [  0.           0.           0.           0.        ]
 [  0.           0.           0.           0.        ]
 [  0.           0.           0.           0.        ]
 [  0.           0.           0.           0.        ]
 [  0.           0.           0.           0.        ]
 [  0.           0.           0.           0.        ]
 [  0.           0.           0.           0.        ]
 [  0.00371218 -32.37905502 -21.62096405   0.0027534 ]
 [  0.           0.           0.           0.        ]
 [  0.00605433 -31.67499733 -18.73189926   0.0065172 ]
 [  0.           0.           0.           0.        ]
 [  0.           0.           0.           0.        ]
 [  0.           0.           0.           0.        ]
 [  0.           0.           0.           0.        ]
 [  0.           0.           0.           0.        ]
 [  0.           0.           0.           0.        ]
 [  0.           0.           0.           0.        ]
 [  0.00678969 -19.23781013  -4.52440023   0.00745038]
 [  0.00867874 -22.23571777 -38.62577438   0.00156917]
 [  0.00833907 -25.40709496 -21.73695564   0.00492279]
 [  0.00187159 -17.48568916 -31.88764954   0.00146877]
 [  0.00026045  -5.17926311 -16.8679409    0.00996656]
 [  0.00362814 -18.45943069 -33.44850159   0.00444257]
 [  0.           0.           0.           0.        ]
 [  0.           0.           0.           0.        ]
 [  0.           0.           0.           0.        ]
 [  0.           0.           0.           0.        ]
 [  0.00624264 -49.99381638 -37.06708908   0.00629406]
 [  0.           0.           0.           0.        ]
 [  0.           0.           0.           0.        ]
 [  0.           0.           0.           0.        ]
 [  0.00744663 -34.53734589 -20.67694092   0.00936642]
 [  0.00690797 -24.0211277  -18.2589798    0.00941174]
 [  0.00870104 -20.03242111 -21.72920609   0.00489522]
 [  0.           0.           0.           0.        ]
 [  0.           0.           0.           0.        ]
 [  0.           0.           0.           0.        ]
 [  0.           0.           0.           0.        ]
 [  0.           0.           0.           0.        ]
 [  0.           0.           0.           0.        ]
 [  0.           0.           0.           0.        ]
 [  0.           0.           0.           0.        ]
 [  0.           0.           0.           0.        ]
 [  0.00403273 -13.3332653  -13.99133682   0.00030045]
 [  0.           0.           0.           0.        ]
 [  0.           0.           0.           0.        ]
 [  0.           0.           0.           0.        ]
 [  0.           0.           0.           0.        ]
 [  0.           0.           0.           0.        ]
 [  0.           0.           0.           0.        ]
 [  0.           0.           0.           0.        ]
 [  0.           0.           0.           0.        ]
 [  0.           0.           0.           0.        ]
 [  0.00887004  -1.91849625  -0.50763744   0.00217883]
 [  0.00579026  -1.97136497  -0.99615681   0.00411931]
 [  0.           0.           0.           0.        ]
 [  0.           0.           0.           0.        ]
 [  0.           0.           0.           0.        ]
 [  0.           0.           0.           0.        ]
 [  0.           0.           0.           0.        ]
 [  0.           0.           0.           0.        ]
 [  0.           0.           0.           0.        ]
 [  0.           0.           0.           0.        ]
 [  0.0027691   -2.01201391  -1.17246974   0.00688002]
 [  0.           0.           0.           0.        ]
 [  0.           0.           0.           0.        ]
 [  0.           0.           0.           0.        ]
 [  0.           0.           0.           0.        ]
 [  0.           0.           0.           0.        ]
 [  0.           0.           0.           0.        ]
 [  0.           0.           0.           0.        ]
 [  0.           0.           0.           0.        ]
 [  0.00614302   0.00137392   0.00168208   0.00598212]
 [  0.00374914  -0.05354089  -0.19615823   0.00206524]
 [  0.00798309  -1.18631995   0.00136216   0.00463829]
 [  0.           0.           0.           0.        ]
 [  0.           0.           0.           0.        ]
 [  0.           0.           0.           0.        ]
 [  0.           0.           0.           0.        ]
 [  0.           0.           0.           0.        ]
 [  0.           0.           0.           0.        ]
 [  0.           0.           0.           0.        ]
 [  0.           0.           0.           0.        ]
 [  0.00757274   0.00488682   0.00707335   0.00390462]
 [  0.           0.           0.           0.        ]
 [  0.           0.           0.           0.        ]
 [  0.           0.           0.           0.        ]
 [  0.           0.           0.           0.        ]
 [  0.           0.           0.           0.        ]
 [  0.           0.           0.           0.        ]
 [  0.           0.           0.           0.        ]
 [  0.           0.           0.           0.        ]
 [  0.           0.           0.           0.        ]
 [  0.           0.           0.           0.        ]
 [  0.           0.           0.           0.        ]
 [  0.           0.           0.           0.        ]]
Training  | Episode: 310000/1000000  | Episode Reward: -64.0000 | Epsilon: 0.2000 | Goal reached: 0
Training  | Episode: 320000/1000000  | Episode Reward: -52.0000 | Epsilon: 0.2000 | Goal reached: 0
Training  | Episode: 330000/1000000  | Episode Reward: -82.0000 | Epsilon: 0.2000 | Goal reached: 0
Training  | Episode: 340000/1000000  | Episode Reward: -65.0000 | Epsilon: 0.2000 | Goal reached: 0
Training  | Episode: 350000/1000000  | Episode Reward: -124.0000 | Epsilon: 0.2000 | Goal reached: 0
Training  | Episode: 360000/1000000  | Episode Reward: -50.0000 | Epsilon: 0.2000 | Goal reached: 0
Training  | Episode: 370000/1000000  | Episode Reward: -53.0000 | Epsilon: 0.2000 | Goal reached: 0
Training  | Episode: 380000/1000000  | Episode Reward: -63.0000 | Epsilon: 0.2000 | Goal reached: 0
Training  | Episode: 390000/1000000  | Episode Reward: -52.0000 | Epsilon: 0.2000 | Goal reached: 0
Training  | Episode: 400000/1000000  | Episode Reward: -60.0000 | Epsilon: 0.2000 | Goal reached: 0
[[  0.0051443  -21.24296951 -22.2129631    0.00149661]
 [  0.00267665  -2.61582756  -4.52733469   0.00166923]
 [  0.00835289 -22.15513229 -19.53123093   0.00017643]
 [  0.00791704 -20.44064903 -18.45065498   0.00409392]
 [  0.           0.           0.           0.        ]
 [  0.           0.           0.           0.        ]
 [  0.           0.           0.           0.        ]
 [  0.           0.           0.           0.        ]
 [  0.           0.           0.           0.        ]
 [  0.           0.           0.           0.        ]
 [  0.           0.           0.           0.        ]
 [  0.00371218 -32.98908234 -21.53162384   0.0027534 ]
 [  0.           0.           0.           0.        ]
 [  0.00605433 -39.35522079 -19.8614521    0.0065172 ]
 [  0.           0.           0.           0.        ]
 [  0.           0.           0.           0.        ]
 [  0.           0.           0.           0.        ]
 [  0.           0.           0.           0.        ]
 [  0.           0.           0.           0.        ]
 [  0.           0.           0.           0.        ]
 [  0.           0.           0.           0.        ]
 [  0.00678969 -23.01108551  -5.01977158   0.00745038]
 [  0.00867874 -19.74185562 -36.58649063   0.00156917]
 [  0.00833907 -21.83449554 -18.51519012   0.00492279]
 [  0.00187159 -23.66497803 -35.0698967    0.00146877]
 [  0.00026045  -4.83939505 -14.80901051   0.00996656]
 [  0.00362814 -20.50853729 -34.07154083   0.00444257]
 [  0.           0.           0.           0.        ]
 [  0.           0.           0.           0.        ]
 [  0.           0.           0.           0.        ]
 [  0.           0.           0.           0.        ]
 [  0.00624264 -49.9939003  -36.86802673   0.00629406]
 [  0.           0.           0.           0.        ]
 [  0.           0.           0.           0.        ]
 [  0.           0.           0.           0.        ]
 [  0.00744663 -32.3567276  -21.3520813    0.00936642]
 [  0.00690797 -21.10468483 -18.18101311   0.00941174]
 [  0.00870104 -19.29219437 -27.43217468   0.00489522]
 [  0.           0.           0.           0.        ]
 [  0.           0.           0.           0.        ]
 [  0.           0.           0.           0.        ]
 [  0.           0.           0.           0.        ]
 [  0.           0.           0.           0.        ]
 [  0.           0.           0.           0.        ]
 [  0.           0.           0.           0.        ]
 [  0.           0.           0.           0.        ]
 [  0.           0.           0.           0.        ]
 [  0.00403273 -14.93856049 -14.83632755   0.00030045]
 [  0.           0.           0.           0.        ]
 [  0.           0.           0.           0.        ]
 [  0.           0.           0.           0.        ]
 [  0.           0.           0.           0.        ]
 [  0.           0.           0.           0.        ]
 [  0.           0.           0.           0.        ]
 [  0.           0.           0.           0.        ]
 [  0.           0.           0.           0.        ]
 [  0.           0.           0.           0.        ]
 [  0.00887004  -2.99741578  -1.09189951   0.00217883]
 [  0.00579026  -2.93181396  -2.93646407   0.00411931]
 [  0.           0.           0.           0.        ]
 [  0.           0.           0.           0.        ]
 [  0.           0.           0.           0.        ]
 [  0.           0.           0.           0.        ]
 [  0.           0.           0.           0.        ]
 [  0.           0.           0.           0.        ]
 [  0.           0.           0.           0.        ]
 [  0.           0.           0.           0.        ]
 [  0.0027691   -2.9322238   -3.23388553   0.00688002]
 [  0.           0.           0.           0.        ]
 [  0.           0.           0.           0.        ]
 [  0.           0.           0.           0.        ]
 [  0.           0.           0.           0.        ]
 [  0.           0.           0.           0.        ]
 [  0.           0.           0.           0.        ]
 [  0.           0.           0.           0.        ]
 [  0.           0.           0.           0.        ]
 [  0.00614302  -0.99856639  -0.99829596   0.00598212]
 [  0.00374914  -0.09082606  -0.19615823   0.00206524]
 [  0.00798309  -1.18631995   0.00136216   0.00463829]
 [  0.           0.           0.           0.        ]
 [  0.           0.           0.           0.        ]
 [  0.           0.           0.           0.        ]
 [  0.           0.           0.           0.        ]
 [  0.           0.           0.           0.        ]
 [  0.           0.           0.           0.        ]
 [  0.           0.           0.           0.        ]
 [  0.           0.           0.           0.        ]
 [  0.00757274   0.00488682   0.00707335   0.00390462]
 [  0.           0.           0.           0.        ]
 [  0.           0.           0.           0.        ]
 [  0.           0.           0.           0.        ]
 [  0.           0.           0.           0.        ]
 [  0.           0.           0.           0.        ]
 [  0.           0.           0.           0.        ]
 [  0.           0.           0.           0.        ]
 [  0.           0.           0.           0.        ]
 [  0.           0.           0.           0.        ]
 [  0.           0.           0.           0.        ]
 [  0.           0.           0.           0.        ]
 [  0.           0.           0.           0.        ]]
Training  | Episode: 410000/1000000  | Episode Reward: -50.0000 | Epsilon: 0.2000 | Goal reached: 0
Training  | Episode: 420000/1000000  | Episode Reward: -50.0000 | Epsilon: 0.2000 | Goal reached: 0
Training  | Episode: 430000/1000000  | Episode Reward: -80.0000 | Epsilon: 0.2000 | Goal reached: 0
Training  | Episode: 440000/1000000  | Episode Reward: -50.0000 | Epsilon: 0.2000 | Goal reached: 0
Training  | Episode: 450000/1000000  | Episode Reward: -60.0000 | Epsilon: 0.2000 | Goal reached: 0
Training  | Episode: 460000/1000000  | Episode Reward: -133.0000 | Epsilon: 0.2000 | Goal reached: 0
Training  | Episode: 470000/1000000  | Episode Reward: -123.0000 | Epsilon: 0.2000 | Goal reached: 0
Training  | Episode: 480000/1000000  | Episode Reward: -50.0000 | Epsilon: 0.2000 | Goal reached: 0
Training  | Episode: 490000/1000000  | Episode Reward: -54.0000 | Epsilon: 0.2000 | Goal reached: 0
Training  | Episode: 500000/1000000  | Episode Reward: -80.0000 | Epsilon: 0.2000 | Goal reached: 0
[[  0.0051443  -22.58911705 -19.96350861   0.00149661]
 [  0.00267665  -2.7999692   -5.19294119   0.00166923]
 [  0.00835289 -19.54424667 -21.61693954   0.00017643]
 [  0.00791704 -21.03330612 -23.97980499   0.00409392]
 [  0.           0.           0.           0.        ]
 [  0.           0.           0.           0.        ]
 [  0.           0.           0.           0.        ]
 [  0.           0.           0.           0.        ]
 [  0.           0.           0.           0.        ]
 [  0.           0.           0.           0.        ]
 [  0.           0.           0.           0.        ]
 [  0.00371218 -33.64048004 -19.49448204   0.0027534 ]
 [  0.           0.           0.           0.        ]
 [  0.00605433 -36.74220276 -22.75889015   0.0065172 ]
 [  0.           0.           0.           0.        ]
 [  0.           0.           0.           0.        ]
 [  0.           0.           0.           0.        ]
 [  0.           0.           0.           0.        ]
 [  0.           0.           0.           0.        ]
 [  0.           0.           0.           0.        ]
 [  0.           0.           0.           0.        ]
 [  0.00678969 -15.77349091  -5.82936573   0.00745038]
 [  0.00867874 -19.42923164 -34.72794342   0.00156917]
 [  0.00833907 -17.48703957 -22.12684441   0.00492279]
 [  0.00187159 -18.46669006 -34.94340515   0.00146877]
 [  0.00026045  -4.01747465 -17.79226685   0.00996656]
 [  0.00362814 -22.49905396 -34.30736923   0.00444257]
 [  0.           0.           0.           0.        ]
 [  0.           0.           0.           0.        ]
 [  0.           0.           0.           0.        ]
 [  0.           0.           0.           0.        ]
 [  0.00624264 -49.99430084 -38.48321533   0.00629406]
 [  0.           0.           0.           0.        ]
 [  0.           0.           0.           0.        ]
 [  0.           0.           0.           0.        ]
 [  0.00744663 -32.10487747 -21.3636055    0.00936642]
 [  0.00690797 -22.16600418 -20.50874519   0.00941174]
 [  0.00870104 -21.51293945 -24.70068932   0.00489522]
 [  0.           0.           0.           0.        ]
 [  0.           0.           0.           0.        ]
 [  0.           0.           0.           0.        ]
 [  0.           0.           0.           0.        ]
 [  0.           0.           0.           0.        ]
 [  0.           0.           0.           0.        ]
 [  0.           0.           0.           0.        ]
 [  0.           0.           0.           0.        ]
 [  0.           0.           0.           0.        ]
 [  0.00403273 -20.53423309 -16.16251564   0.00030045]
 [  0.           0.           0.           0.        ]
 [  0.           0.           0.           0.        ]
 [  0.           0.           0.           0.        ]
 [  0.           0.           0.           0.        ]
 [  0.           0.           0.           0.        ]
 [  0.           0.           0.           0.        ]
 [  0.           0.           0.           0.        ]
 [  0.           0.           0.           0.        ]
 [  0.           0.           0.           0.        ]
 [  0.00887004  -4.03601313  -2.07702446   0.00217883]
 [  0.00579026  -4.01145124  -4.79996014   0.00411931]
 [  0.           0.           0.           0.        ]
 [  0.           0.           0.           0.        ]
 [  0.           0.           0.           0.        ]
 [  0.           0.           0.           0.        ]
 [  0.           0.           0.           0.        ]
 [  0.           0.           0.           0.        ]
 [  0.           0.           0.           0.        ]
 [  0.           0.           0.           0.        ]
 [  0.0027691   -3.87352371  -4.30156088   0.00688002]
 [  0.           0.           0.           0.        ]
 [  0.           0.           0.           0.        ]
 [  0.           0.           0.           0.        ]
 [  0.           0.           0.           0.        ]
 [  0.           0.           0.           0.        ]
 [  0.           0.           0.           0.        ]
 [  0.           0.           0.           0.        ]
 [  0.           0.           0.           0.        ]
 [  0.00614302  -0.99856639  -0.99829596   0.00598212]
 [  0.00374914  -0.09082606  -0.19615823   0.00206524]
 [  0.00798309  -1.18631995   0.00136216   0.00463829]
 [  0.           0.           0.           0.        ]
 [  0.           0.           0.           0.        ]
 [  0.           0.           0.           0.        ]
 [  0.           0.           0.           0.        ]
 [  0.           0.           0.           0.        ]
 [  0.           0.           0.           0.        ]
 [  0.           0.           0.           0.        ]
 [  0.           0.           0.           0.        ]
 [  0.00757274   0.00488682   0.00707335   0.00390462]
 [  0.           0.           0.           0.        ]
 [  0.           0.           0.           0.        ]
 [  0.           0.           0.           0.        ]
 [  0.           0.           0.           0.        ]
 [  0.           0.           0.           0.        ]
 [  0.           0.           0.           0.        ]
 [  0.           0.           0.           0.        ]
 [  0.           0.           0.           0.        ]
 [  0.           0.           0.           0.        ]
 [  0.           0.           0.           0.        ]
 [  0.           0.           0.           0.        ]
 [  0.           0.           0.           0.        ]]
Training  | Episode: 510000/1000000  | Episode Reward: -53.0000 | Epsilon: 0.2000 | Goal reached: 0
Training  | Episode: 520000/1000000  | Episode Reward: -60.0000 | Epsilon: 0.2000 | Goal reached: 0
Training  | Episode: 530000/1000000  | Episode Reward: -80.0000 | Epsilon: 0.2000 | Goal reached: 0
Training  | Episode: 540000/1000000  | Episode Reward: -50.0000 | Epsilon: 0.2000 | Goal reached: 0
Training  | Episode: 550000/1000000  | Episode Reward: -60.0000 | Epsilon: 0.2000 | Goal reached: 0
Training  | Episode: 560000/1000000  | Episode Reward: -50.0000 | Epsilon: 0.2000 | Goal reached: 0
Training  | Episode: 570000/1000000  | Episode Reward: -50.0000 | Epsilon: 0.2000 | Goal reached: 0
Training  | Episode: 580000/1000000  | Episode Reward: -52.0000 | Epsilon: 0.2000 | Goal reached: 0
Training  | Episode: 590000/1000000  | Episode Reward: -60.0000 | Epsilon: 0.2000 | Goal reached: 0
Training  | Episode: 600000/1000000  | Episode Reward: -80.0000 | Epsilon: 0.2000 | Goal reached: 0
[[  0.0051443  -20.01800728 -21.23539543   0.00149661]
 [  0.00267665  -3.32027602  -5.00845051   0.00166923]
 [  0.00835289 -17.20343018 -21.19480133   0.00017643]
 [  0.00791704 -18.7246685  -16.25562859   0.00409392]
 [  0.           0.           0.           0.        ]
 [  0.           0.           0.           0.        ]
 [  0.           0.           0.           0.        ]
 [  0.           0.           0.           0.        ]
 [  0.           0.           0.           0.        ]
 [  0.           0.           0.           0.        ]
 [  0.           0.           0.           0.        ]
 [  0.00371218 -34.6230011  -19.57254791   0.0027534 ]
 [  0.           0.           0.           0.        ]
 [  0.00605433 -35.54719543 -23.79243279   0.0065172 ]
 [  0.           0.           0.           0.        ]
 [  0.           0.           0.           0.        ]
 [  0.           0.           0.           0.        ]
 [  0.           0.           0.           0.        ]
 [  0.           0.           0.           0.        ]
 [  0.           0.           0.           0.        ]
 [  0.           0.           0.           0.        ]
 [  0.00678969 -17.16612625  -5.07909107   0.00745038]
 [  0.00867874 -22.03691292 -36.42475891   0.00156917]
 [  0.00833907 -22.69310379 -24.49202919   0.00492279]
 [  0.00187159 -24.82800293 -34.44920731   0.00146877]
 [  0.00026045  -4.86363506 -18.47325134   0.00996656]
 [  0.00362814 -16.45907021 -37.29431152   0.00444257]
 [  0.           0.           0.           0.        ]
 [  0.           0.           0.           0.        ]
 [  0.           0.           0.           0.        ]
 [  0.           0.           0.           0.        ]
 [  0.00624264 -49.99414444 -31.94944954   0.00629406]
 [  0.           0.           0.           0.        ]
 [  0.           0.           0.           0.        ]
 [  0.           0.           0.           0.        ]
 [  0.00744663 -32.09184265 -20.30433846   0.00936642]
 [  0.00690797 -17.93708611 -21.26666641   0.00941174]
 [  0.00870104 -23.09967041 -26.87195206   0.00489522]
 [  0.           0.           0.           0.        ]
 [  0.           0.           0.           0.        ]
 [  0.           0.           0.           0.        ]
 [  0.           0.           0.           0.        ]
 [  0.           0.           0.           0.        ]
 [  0.           0.           0.           0.        ]
 [  0.           0.           0.           0.        ]
 [  0.           0.           0.           0.        ]
 [  0.           0.           0.           0.        ]
 [  0.00403273 -19.95843315 -16.15695381   0.00030045]
 [  0.           0.           0.           0.        ]
 [  0.           0.           0.           0.        ]
 [  0.           0.           0.           0.        ]
 [  0.           0.           0.           0.        ]
 [  0.           0.           0.           0.        ]
 [  0.           0.           0.           0.        ]
 [  0.           0.           0.           0.        ]
 [  0.           0.           0.           0.        ]
 [  0.           0.           0.           0.        ]
 [  0.00887004  -3.97278309  -2.5543642    0.00217883]
 [  0.00579026  -4.24831676  -5.70381117   0.00411931]
 [  0.           0.           0.           0.        ]
 [  0.           0.           0.           0.        ]
 [  0.           0.           0.           0.        ]
 [  0.           0.           0.           0.        ]
 [  0.           0.           0.           0.        ]
 [  0.           0.           0.           0.        ]
 [  0.           0.           0.           0.        ]
 [  0.           0.           0.           0.        ]
 [  0.0027691   -6.58590078  -6.0326581    0.00688002]
 [  0.           0.           0.           0.        ]
 [  0.           0.           0.           0.        ]
 [  0.           0.           0.           0.        ]
 [  0.           0.           0.           0.        ]
 [  0.           0.           0.           0.        ]
 [  0.           0.           0.           0.        ]
 [  0.           0.           0.           0.        ]
 [  0.           0.           0.           0.        ]
 [  0.00614302  -0.99856639  -1.97824287   0.00598212]
 [  0.00374914  -0.1439743   -0.19615823   0.00206524]
 [  0.00798309  -1.18631995  -0.99856406   0.00463829]
 [  0.           0.           0.           0.        ]
 [  0.           0.           0.           0.        ]
 [  0.           0.           0.           0.        ]
 [  0.           0.           0.           0.        ]
 [  0.           0.           0.           0.        ]
 [  0.           0.           0.           0.        ]
 [  0.           0.           0.           0.        ]
 [  0.           0.           0.           0.        ]
 [  0.00757274   0.00488682   0.00707335   0.00390462]
 [  0.00863359   0.00363021   0.00067636   0.00490831]
 [  0.00520653   0.00236588   0.0085702    0.0023294 ]
 [  0.           0.           0.           0.        ]
 [  0.           0.           0.           0.        ]
 [  0.           0.           0.           0.        ]
 [  0.           0.           0.           0.        ]
 [  0.           0.           0.           0.        ]
 [  0.           0.           0.           0.        ]
 [  0.           0.           0.           0.        ]
 [  0.           0.           0.           0.        ]
 [  0.           0.           0.           0.        ]
 [  0.           0.           0.           0.        ]]
Training  | Episode: 610000/1000000  | Episode Reward: -50.0000 | Epsilon: 0.2000 | Goal reached: 0
Training  | Episode: 620000/1000000  | Episode Reward: -70.0000 | Epsilon: 0.2000 | Goal reached: 0
Training  | Episode: 630000/1000000  | Episode Reward: -70.0000 | Epsilon: 0.2000 | Goal reached: 0
Training  | Episode: 640000/1000000  | Episode Reward: -53.0000 | Epsilon: 0.2000 | Goal reached: 0
Training  | Episode: 650000/1000000  | Episode Reward: -60.0000 | Epsilon: 0.2000 | Goal reached: 0
Training  | Episode: 660000/1000000  | Episode Reward: -84.0000 | Epsilon: 0.2000 | Goal reached: 0
Training  | Episode: 670000/1000000  | Episode Reward: -50.0000 | Epsilon: 0.2000 | Goal reached: 0
Training  | Episode: 680000/1000000  | Episode Reward: -50.0000 | Epsilon: 0.2000 | Goal reached: 0
Training  | Episode: 690000/1000000  | Episode Reward: -50.0000 | Epsilon: 0.2000 | Goal reached: 0
Training  | Episode: 700000/1000000  | Episode Reward: -83.0000 | Epsilon: 0.2000 | Goal reached: 0
[[  0.0051443  -17.49395752 -24.68101883   0.00149661]
 [  0.00267665  -3.08862853  -4.14069366   0.00166923]
 [  0.00835289 -25.02625847 -21.59848976   0.00017643]
 [  0.00791704 -23.40403366 -22.11166382   0.00409392]
 [  0.           0.           0.           0.        ]
 [  0.           0.           0.           0.        ]
 [  0.           0.           0.           0.        ]
 [  0.           0.           0.           0.        ]
 [  0.           0.           0.           0.        ]
 [  0.           0.           0.           0.        ]
 [  0.           0.           0.           0.        ]
 [  0.00371218 -36.03218842 -18.98322487   0.0027534 ]
 [  0.           0.           0.           0.        ]
 [  0.00605433 -33.69023132 -26.80256271   0.0065172 ]
 [  0.           0.           0.           0.        ]
 [  0.           0.           0.           0.        ]
 [  0.           0.           0.           0.        ]
 [  0.           0.           0.           0.        ]
 [  0.           0.           0.           0.        ]
 [  0.           0.           0.           0.        ]
 [  0.           0.           0.           0.        ]
 [  0.00678969 -15.56217957  -4.95828009   0.00745038]
 [  0.00867874 -20.2718792  -30.07125092   0.00156917]
 [  0.00833907 -21.40132713 -19.45432281   0.00492279]
 [  0.00187159 -18.75786591 -31.72790909   0.00146877]
 [  0.00026045  -4.44043493 -18.61601639   0.00996656]
 [  0.00362814 -21.48588371 -35.40929413   0.00444257]
 [  0.           0.           0.           0.        ]
 [  0.           0.           0.           0.        ]
 [  0.           0.           0.           0.        ]
 [  0.           0.           0.           0.        ]
 [  0.00624264 -49.99391937 -35.31295013   0.00629406]
 [  0.           0.           0.           0.        ]
 [  0.           0.           0.           0.        ]
 [  0.           0.           0.           0.        ]
 [  0.00744663 -32.2788887  -17.93492699   0.00936642]
 [  0.00690797 -21.38020134 -18.61414146   0.00941174]
 [  0.00870104 -21.52012634 -29.0518055    0.00489522]
 [  0.           0.           0.           0.        ]
 [  0.           0.           0.           0.        ]
 [  0.           0.           0.           0.        ]
 [  0.           0.           0.           0.        ]
 [  0.           0.           0.           0.        ]
 [  0.           0.           0.           0.        ]
 [  0.           0.           0.           0.        ]
 [  0.           0.           0.           0.        ]
 [  0.           0.           0.           0.        ]
 [  0.00403273 -20.74478149 -16.7100296    0.00030045]
 [  0.           0.           0.           0.        ]
 [  0.           0.           0.           0.        ]
 [  0.           0.           0.           0.        ]
 [  0.           0.           0.           0.        ]
 [  0.           0.           0.           0.        ]
 [  0.           0.           0.           0.        ]
 [  0.           0.           0.           0.        ]
 [  0.           0.           0.           0.        ]
 [  0.           0.           0.           0.        ]
 [  0.00887004  -3.8548429   -2.6877079    0.00217883]
 [  0.00579026  -6.93849182  -6.5895853    0.00411931]
 [  0.           0.           0.           0.        ]
 [  0.           0.           0.           0.        ]
 [  0.           0.           0.           0.        ]
 [  0.           0.           0.           0.        ]
 [  0.           0.           0.           0.        ]
 [  0.           0.           0.           0.        ]
 [  0.           0.           0.           0.        ]
 [  0.           0.           0.           0.        ]
 [  0.0027691   -7.45412731  -6.81318235   0.00688002]
 [  0.           0.           0.           0.        ]
 [  0.           0.           0.           0.        ]
 [  0.           0.           0.           0.        ]
 [  0.           0.           0.           0.        ]
 [  0.           0.           0.           0.        ]
 [  0.           0.           0.           0.        ]
 [  0.           0.           0.           0.        ]
 [  0.           0.           0.           0.        ]
 [  0.00614302  -1.1785351   -1.97824287   0.00598212]
 [  0.00374914  -0.16099653  -0.39212498   0.00206524]
 [  0.00798309  -1.18245542  -0.99856406   0.00463829]
 [  0.           0.           0.           0.        ]
 [  0.           0.           0.           0.        ]
 [  0.           0.           0.           0.        ]
 [  0.           0.           0.           0.        ]
 [  0.           0.           0.           0.        ]
 [  0.           0.           0.           0.        ]
 [  0.           0.           0.           0.        ]
 [  0.           0.           0.           0.        ]
 [  0.00757274   0.00488682   0.00707335   0.00390462]
 [  0.00863359   0.00363021   0.00067636   0.00490831]
 [  0.00520653   0.00236588   0.0085702    0.0023294 ]
 [  0.           0.           0.           0.        ]
 [  0.           0.           0.           0.        ]
 [  0.           0.           0.           0.        ]
 [  0.           0.           0.           0.        ]
 [  0.           0.           0.           0.        ]
 [  0.           0.           0.           0.        ]
 [  0.           0.           0.           0.        ]
 [  0.           0.           0.           0.        ]
 [  0.           0.           0.           0.        ]
 [  0.           0.           0.           0.        ]]
Training  | Episode: 710000/1000000  | Episode Reward: -82.0000 | Epsilon: 0.2000 | Goal reached: 0
Training  | Episode: 720000/1000000  | Episode Reward: -60.0000 | Epsilon: 0.2000 | Goal reached: 0
Training  | Episode: 730000/1000000  | Episode Reward: -92.0000 | Epsilon: 0.2000 | Goal reached: 0
Training  | Episode: 740000/1000000  | Episode Reward: -72.0000 | Epsilon: 0.2000 | Goal reached: 0
Training  | Episode: 750000/1000000  | Episode Reward: -81.0000 | Epsilon: 0.2000 | Goal reached: 0
Training  | Episode: 760000/1000000  | Episode Reward: -50.0000 | Epsilon: 0.2000 | Goal reached: 0
Training  | Episode: 770000/1000000  | Episode Reward: -52.0000 | Epsilon: 0.2000 | Goal reached: 0
Training  | Episode: 780000/1000000  | Episode Reward: -50.0000 | Epsilon: 0.2000 | Goal reached: 0
Training  | Episode: 790000/1000000  | Episode Reward: -92.0000 | Epsilon: 0.2000 | Goal reached: 0
Training  | Episode: 800000/1000000  | Episode Reward: -72.0000 | Epsilon: 0.2000 | Goal reached: 0
[[  0.0051443  -22.34929657 -19.98540688   0.00149661]
 [  0.00267665  -3.12786698  -4.1659236    0.00166923]
 [  0.00835289 -22.1833992  -18.95293808   0.00017643]
 [  0.00791704 -22.76016998 -21.87645531   0.00409392]
 [  0.           0.           0.           0.        ]
 [  0.           0.           0.           0.        ]
 [  0.           0.           0.           0.        ]
 [  0.           0.           0.           0.        ]
 [  0.           0.           0.           0.        ]
 [  0.           0.           0.           0.        ]
 [  0.           0.           0.           0.        ]
 [  0.00371218 -36.20767593 -21.36510086   0.0027534 ]
 [  0.           0.           0.           0.        ]
 [  0.00605433 -31.11669731 -22.21146965   0.0065172 ]
 [  0.           0.           0.           0.        ]
 [  0.           0.           0.           0.        ]
 [  0.           0.           0.           0.        ]
 [  0.           0.           0.           0.        ]
 [  0.           0.           0.           0.        ]
 [  0.           0.           0.           0.        ]
 [  0.           0.           0.           0.        ]
 [  0.00678969 -19.37797928  -4.93203974   0.00745038]
 [  0.00867874 -20.32621574 -33.48918152   0.00156917]
 [  0.00833907 -18.98679352 -23.97171211   0.00492279]
 [  0.00187159 -22.42603493 -31.39862442   0.00146877]
 [  0.00026045  -4.72084904 -16.65564537   0.00996656]
 [  0.00362814 -19.14533424 -34.16450882   0.00444257]
 [  0.           0.           0.           0.        ]
 [  0.           0.           0.           0.        ]
 [  0.           0.           0.           0.        ]
 [  0.           0.           0.           0.        ]
 [  0.00624264 -49.99417496 -32.707901     0.00629406]
 [  0.           0.           0.           0.        ]
 [  0.           0.           0.           0.        ]
 [  0.           0.           0.           0.        ]
 [  0.00744663 -33.64188004 -15.12682629   0.00936642]
 [  0.00690797 -18.53432274 -22.18218231   0.00941174]
 [  0.00870104 -19.93640709 -28.29189491   0.00489522]
 [  0.           0.           0.           0.        ]
 [  0.           0.           0.           0.        ]
 [  0.           0.           0.           0.        ]
 [  0.           0.           0.           0.        ]
 [  0.           0.           0.           0.        ]
 [  0.           0.           0.           0.        ]
 [  0.           0.           0.           0.        ]
 [  0.           0.           0.           0.        ]
 [  0.           0.           0.           0.        ]
 [  0.00403273 -23.55512047 -17.19333458   0.00030045]
 [  0.           0.           0.           0.        ]
 [  0.           0.           0.           0.        ]
 [  0.           0.           0.           0.        ]
 [  0.           0.           0.           0.        ]
 [  0.           0.           0.           0.        ]
 [  0.           0.           0.           0.        ]
 [  0.           0.           0.           0.        ]
 [  0.           0.           0.           0.        ]
 [  0.           0.           0.           0.        ]
 [  0.00887004  -3.8548429   -2.94067359   0.00217883]
 [  0.00579026  -8.64348221  -8.30839252   0.00411931]
 [  0.           0.           0.           0.        ]
 [  0.           0.           0.           0.        ]
 [  0.           0.           0.           0.        ]
 [  0.           0.           0.           0.        ]
 [  0.           0.           0.           0.        ]
 [  0.           0.           0.           0.        ]
 [  0.           0.           0.           0.        ]
 [  0.           0.           0.           0.        ]
 [  0.0027691   -8.30492115  -6.81318235   0.00688002]
 [  0.           0.           0.           0.        ]
 [  0.           0.           0.           0.        ]
 [  0.           0.           0.           0.        ]
 [  0.           0.           0.           0.        ]
 [  0.           0.           0.           0.        ]
 [  0.           0.           0.           0.        ]
 [  0.           0.           0.           0.        ]
 [  0.           0.           0.           0.        ]
 [  0.00614302  -1.1785351   -1.97824287   0.00598212]
 [  0.00374914  -0.16099653  -0.39212498   0.00206524]
 [  0.00798309  -1.18245542  -0.99856406   0.00463829]
 [  0.           0.           0.           0.        ]
 [  0.           0.           0.           0.        ]
 [  0.           0.           0.           0.        ]
 [  0.           0.           0.           0.        ]
 [  0.           0.           0.           0.        ]
 [  0.           0.           0.           0.        ]
 [  0.           0.           0.           0.        ]
 [  0.           0.           0.           0.        ]
 [  0.00757274   0.00488682   0.00707335   0.00390462]
 [  0.00863359   0.00363021   0.00067636   0.00490831]
 [  0.00520653   0.00236588   0.0085702    0.0023294 ]
 [  0.           0.           0.           0.        ]
 [  0.           0.           0.           0.        ]
 [  0.           0.           0.           0.        ]
 [  0.           0.           0.           0.        ]
 [  0.           0.           0.           0.        ]
 [  0.           0.           0.           0.        ]
 [  0.           0.           0.           0.        ]
 [  0.           0.           0.           0.        ]
 [  0.           0.           0.           0.        ]
 [  0.           0.           0.           0.        ]]
Training  | Episode: 810000/1000000  | Episode Reward: -80.0000 | Epsilon: 0.2000 | Goal reached: 0
Training  | Episode: 820000/1000000  | Episode Reward: -80.0000 | Epsilon: 0.2000 | Goal reached: 0
Training  | Episode: 830000/1000000  | Episode Reward: -50.0000 | Epsilon: 0.2000 | Goal reached: 0
Training  | Episode: 840000/1000000  | Episode Reward: -50.0000 | Epsilon: 0.2000 | Goal reached: 0
Training  | Episode: 850000/1000000  | Episode Reward: -63.0000 | Epsilon: 0.2000 | Goal reached: 0
Training  | Episode: 860000/1000000  | Episode Reward: -50.0000 | Epsilon: 0.2000 | Goal reached: 0
Training  | Episode: 870000/1000000  | Episode Reward: -52.0000 | Epsilon: 0.2000 | Goal reached: 0
Training  | Episode: 880000/1000000  | Episode Reward: -50.0000 | Epsilon: 0.2000 | Goal reached: 0
Training  | Episode: 890000/1000000  | Episode Reward: -50.0000 | Epsilon: 0.2000 | Goal reached: 0
Training  | Episode: 900000/1000000  | Episode Reward: -81.0000 | Epsilon: 0.2000 | Goal reached: 0
[[  0.0051443  -22.48303795 -20.96944046   0.00149661]
 [  0.00267665  -2.6243372   -4.63520098   0.00166923]
 [  0.00835289 -23.91588211 -20.31020355   0.00017643]
 [  0.00791704 -23.3581028  -24.98587227   0.00409392]
 [  0.           0.           0.           0.        ]
 [  0.           0.           0.           0.        ]
 [  0.           0.           0.           0.        ]
 [  0.           0.           0.           0.        ]
 [  0.           0.           0.           0.        ]
 [  0.           0.           0.           0.        ]
 [  0.           0.           0.           0.        ]
 [  0.00371218 -34.29971313 -24.07172966   0.0027534 ]
 [  0.           0.           0.           0.        ]
 [  0.00605433 -31.80022812 -19.6771183    0.0065172 ]
 [  0.           0.           0.           0.        ]
 [  0.           0.           0.           0.        ]
 [  0.           0.           0.           0.        ]
 [  0.           0.           0.           0.        ]
 [  0.           0.           0.           0.        ]
 [  0.           0.           0.           0.        ]
 [  0.           0.           0.           0.        ]
 [  0.00678969 -18.91459084  -5.40544748   0.00745038]
 [  0.00867874 -16.63111305 -32.1543808    0.00156917]
 [  0.00833907 -17.73063278 -22.60608292   0.00492279]
 [  0.00187159 -22.59686852 -38.0163002    0.00146877]
 [  0.00026045  -4.66440058 -17.63570023   0.00996656]
 [  0.00362814 -17.86919403 -34.72734833   0.00444257]
 [  0.           0.           0.           0.        ]
 [  0.           0.           0.           0.        ]
 [  0.           0.           0.           0.        ]
 [  0.           0.           0.           0.        ]
 [  0.00624264 -49.99361801 -34.83304977   0.00629406]
 [  0.           0.           0.           0.        ]
 [  0.           0.           0.           0.        ]
 [  0.           0.           0.           0.        ]
 [  0.00744663 -32.39924622 -20.90259361   0.00936642]
 [  0.00690797 -18.55885887 -23.79447746   0.00941174]
 [  0.00870104 -21.58721924 -26.75233459   0.00489522]
 [  0.           0.           0.           0.        ]
 [  0.           0.           0.           0.        ]
 [  0.           0.           0.           0.        ]
 [  0.           0.           0.           0.        ]
 [  0.           0.           0.           0.        ]
 [  0.           0.           0.           0.        ]
 [  0.           0.           0.           0.        ]
 [  0.           0.           0.           0.        ]
 [  0.           0.           0.           0.        ]
 [  0.00403273 -23.93650055 -16.88421822   0.00030045]
 [  0.           0.           0.           0.        ]
 [  0.           0.           0.           0.        ]
 [  0.           0.           0.           0.        ]
 [  0.           0.           0.           0.        ]
 [  0.           0.           0.           0.        ]
 [  0.           0.           0.           0.        ]
 [  0.           0.           0.           0.        ]
 [  0.           0.           0.           0.        ]
 [  0.           0.           0.           0.        ]
 [  0.00887004  -4.54040766  -3.92443824   0.00217883]
 [  0.00579026  -9.48091125  -9.9591608    0.00411931]
 [  0.           0.           0.           0.        ]
 [  0.           0.           0.           0.        ]
 [  0.           0.           0.           0.        ]
 [  0.           0.           0.           0.        ]
 [  0.           0.           0.           0.        ]
 [  0.           0.           0.           0.        ]
 [  0.           0.           0.           0.        ]
 [  0.           0.           0.           0.        ]
 [  0.0027691   -9.79635811  -6.60348177   0.00688002]
 [  0.           0.           0.           0.        ]
 [  0.           0.           0.           0.        ]
 [  0.           0.           0.           0.        ]
 [  0.           0.           0.           0.        ]
 [  0.           0.           0.           0.        ]
 [  0.           0.           0.           0.        ]
 [  0.           0.           0.           0.        ]
 [  0.           0.           0.           0.        ]
 [  0.00614302  -1.1785351   -2.13861799   0.00598212]
 [  0.00374914  -0.20998992  -0.58417237   0.00206524]
 [  0.00798309  -1.18245542  -1.97846913   0.00463829]
 [  0.           0.           0.           0.        ]
 [  0.           0.           0.           0.        ]
 [  0.           0.           0.           0.        ]
 [  0.           0.           0.           0.        ]
 [  0.           0.           0.           0.        ]
 [  0.           0.           0.           0.        ]
 [  0.           0.           0.           0.        ]
 [  0.           0.           0.           0.        ]
 [  0.00757274   0.00488682  -0.99292219   0.00390462]
 [  0.00863359   0.00363021   0.00067636   0.00490831]
 [  0.00520653   0.00236588   0.0085702    0.0023294 ]
 [  0.           0.           0.           0.        ]
 [  0.           0.           0.           0.        ]
 [  0.           0.           0.           0.        ]
 [  0.           0.           0.           0.        ]
 [  0.           0.           0.           0.        ]
 [  0.           0.           0.           0.        ]
 [  0.           0.           0.           0.        ]
 [  0.           0.           0.           0.        ]
 [  0.           0.           0.           0.        ]
 [  0.           0.           0.           0.        ]]
Training  | Episode: 910000/1000000  | Episode Reward: -60.0000 | Epsilon: 0.2000 | Goal reached: 0
Training  | Episode: 920000/1000000  | Episode Reward: -72.0000 | Epsilon: 0.2000 | Goal reached: 0
Training  | Episode: 930000/1000000  | Episode Reward: -50.0000 | Epsilon: 0.2000 | Goal reached: 0
Training  | Episode: 940000/1000000  | Episode Reward: -50.0000 | Epsilon: 0.2000 | Goal reached: 0
Training  | Episode: 950000/1000000  | Episode Reward: -60.0000 | Epsilon: 0.2000 | Goal reached: 0
Training  | Episode: 960000/1000000  | Episode Reward: -50.0000 | Epsilon: 0.2000 | Goal reached: 0
Training  | Episode: 970000/1000000  | Episode Reward: -70.0000 | Epsilon: 0.2000 | Goal reached: 0
Training  | Episode: 980000/1000000  | Episode Reward: -60.0000 | Epsilon: 0.2000 | Goal reached: 0
Training  | Episode: 990000/1000000  | Episode Reward: -72.0000 | Epsilon: 0.2000 | Goal reached: 0
[[  0.0051443  -19.33605957 -23.81557274   0.00149661]
 [  0.00267665  -3.39003158  -5.4290576    0.00166923]
 [  0.00835289 -22.41015816 -19.80767632   0.00017643]
 [  0.00791704 -18.935009   -21.67616081   0.00409392]
 [  0.           0.           0.           0.        ]
 [  0.           0.           0.           0.        ]
 [  0.           0.           0.           0.        ]
 [  0.           0.           0.           0.        ]
 [  0.           0.           0.           0.        ]
 [  0.           0.           0.           0.        ]
 [  0.           0.           0.           0.        ]
 [  0.00371218 -39.19929886 -19.57395363   0.0027534 ]
 [  0.           0.           0.           0.        ]
 [  0.00605433 -33.71201324 -22.21046638   0.0065172 ]
 [  0.           0.           0.           0.        ]
 [  0.           0.           0.           0.        ]
 [  0.           0.           0.           0.        ]
 [  0.           0.           0.           0.        ]
 [  0.           0.           0.           0.        ]
 [  0.           0.           0.           0.        ]
 [  0.           0.           0.           0.        ]
 [  0.00678969 -17.31678772  -4.93554735   0.00745038]
 [  0.00867874 -24.45504761 -35.70542145   0.00156917]
 [  0.00833907 -20.87085342 -22.08826828   0.00492279]
 [  0.00187159 -21.35266113 -34.78245926   0.00146877]
 [  0.00026045  -4.38872576 -21.99426079   0.00996656]
 [  0.00362814 -21.06932068 -35.79257584   0.00444257]
 [  0.           0.           0.           0.        ]
 [  0.           0.           0.           0.        ]
 [  0.           0.           0.           0.        ]
 [  0.           0.           0.           0.        ]
 [  0.00624264 -49.99376297 -35.57267761   0.00629406]
 [  0.           0.           0.           0.        ]
 [  0.           0.           0.           0.        ]
 [  0.           0.           0.           0.        ]
 [  0.00744663 -30.52430725 -15.33673382   0.00936642]
 [  0.00690797 -22.41431808 -19.84047127   0.00941174]
 [  0.00870104 -19.20141792 -28.5989666    0.00489522]
 [  0.           0.           0.           0.        ]
 [  0.           0.           0.           0.        ]
 [  0.           0.           0.           0.        ]
 [  0.           0.           0.           0.        ]
 [  0.           0.           0.           0.        ]
 [  0.           0.           0.           0.        ]
 [  0.           0.           0.           0.        ]
 [  0.           0.           0.           0.        ]
 [  0.           0.           0.           0.        ]
 [  0.00403273 -25.70303535 -16.93982887   0.00030045]
 [  0.           0.           0.           0.        ]
 [  0.           0.           0.           0.        ]
 [  0.           0.           0.           0.        ]
 [  0.           0.           0.           0.        ]
 [  0.           0.           0.           0.        ]
 [  0.           0.           0.           0.        ]
 [  0.           0.           0.           0.        ]
 [  0.           0.           0.           0.        ]
 [  0.           0.           0.           0.        ]
 [  0.00887004  -6.29724884  -4.26828098   0.00217883]
 [  0.00579026  -9.49115086  -9.9591608    0.00411931]
 [  0.           0.           0.           0.        ]
 [  0.           0.           0.           0.        ]
 [  0.           0.           0.           0.        ]
 [  0.           0.           0.           0.        ]
 [  0.           0.           0.           0.        ]
 [  0.           0.           0.           0.        ]
 [  0.           0.           0.           0.        ]
 [  0.           0.           0.           0.        ]
 [  0.0027691  -11.38817787  -6.55778503   0.00688002]
 [  0.           0.           0.           0.        ]
 [  0.           0.           0.           0.        ]
 [  0.           0.           0.           0.        ]
 [  0.           0.           0.           0.        ]
 [  0.           0.           0.           0.        ]
 [  0.           0.           0.           0.        ]
 [  0.           0.           0.           0.        ]
 [  0.           0.           0.           0.        ]
 [  0.00614302  -1.1785351   -2.13861799   0.00598212]
 [  0.00374914  -0.22566895  -0.58417237   0.00206524]
 [  0.00798309  -2.15870523  -1.97846913   0.00463829]
 [  0.           0.           0.           0.        ]
 [  0.           0.           0.           0.        ]
 [  0.           0.           0.           0.        ]
 [  0.           0.           0.           0.        ]
 [  0.           0.           0.           0.        ]
 [  0.           0.           0.           0.        ]
 [  0.           0.           0.           0.        ]
 [  0.           0.           0.           0.        ]
 [  0.00757274  -0.99506503  -0.99292219   0.00390462]
 [  0.00863359  -0.01630527  -0.01920944   0.00490831]
 [  0.00520653   0.00236588   0.0085702    0.0023294 ]
 [  0.           0.           0.           0.        ]
 [  0.           0.           0.           0.        ]
 [  0.           0.           0.           0.        ]
 [  0.           0.           0.           0.        ]
 [  0.           0.           0.           0.        ]
 [  0.           0.           0.           0.        ]
 [  0.           0.           0.           0.        ]
 [  0.           0.           0.           0.        ]
 [  0.           0.           0.           0.        ]
 [  0.           0.           0.           0.        ]]
