gamma:  0.7 learning rate:  0.001 eps decay:  0.9999975
[[b'S' b'F' b'F' b'F' b'H' b'H' b'H' b'H' b'H' b'H']
 [b'H' b'F' b'F' b'F' b'F' b'H' b'H' b'H' b'H' b'H']
 [b'H' b'F' b'H' b'H' b'F' b'F' b'H' b'F' b'H' b'H']
 [b'F' b'F' b'F' b'H' b'F' b'F' b'F' b'H' b'F' b'F']
 [b'H' b'H' b'F' b'H' b'F' b'H' b'H' b'F' b'H' b'H']
 [b'H' b'H' b'F' b'H' b'H' b'F' b'H' b'F' b'H' b'H']
 [b'H' b'H' b'F' b'H' b'F' b'H' b'H' b'H' b'F' b'H']
 [b'H' b'H' b'F' b'F' b'F' b'H' b'H' b'H' b'F' b'F']
 [b'H' b'H' b'F' b'F' b'F' b'F' b'F' b'F' b'F' b'F']
 [b'H' b'H' b'F' b'H' b'H' b'H' b'H' b'H' b'F' b'G']]
[<tf.Variable 'q_a_s/weights:0' shape=(100, 4) dtype=float32, numpy=
array([[0.00728649, 0.50450003, 0.50646853, 0.00016886],
       [0.00781951, 0.5073943 , 0.50851095, 0.00319958],
       [0.00414567, 0.50932896, 0.5092647 , 0.00508782],
       [0.00572511, 0.5070373 , 0.5042532 , 0.00105558],
       [0.00256295, 0.5092314 , 0.5034519 , 0.00872976],
       [0.00161732, 0.5017442 , 0.50106114, 0.00427068],
       [0.00728595, 0.5089849 , 0.50197697, 0.00089617],
       [0.00810346, 0.5032249 , 0.5051828 , 0.00686654],
       [0.00133515, 0.5044476 , 0.50042236, 0.00340761],
       [0.00148909, 0.50991917, 0.5041834 , 0.00157772],
       [0.00529418, 0.50919455, 0.5077097 , 0.00602038],
       [0.00982106, 0.5040691 , 0.5035177 , 0.00027038],
       [0.00425602, 0.50552064, 0.5007419 , 0.0010511 ],
       [0.00358889, 0.50423807, 0.5044955 , 0.00335339],
       [0.00431978, 0.5005092 , 0.50652415, 0.00459248],
       [0.00567163, 0.5076142 , 0.50039244, 0.00489423],
       [0.00355217, 0.50300467, 0.50767386, 0.00357823],
       [0.00644956, 0.5078008 , 0.50561213, 0.00670226],
       [0.00487366, 0.5007973 , 0.50001657, 0.00449162],
       [0.0037549 , 0.5015142 , 0.5049658 , 0.00522803],
       [0.0012035 , 0.50121266, 0.50278604, 0.00953076],
       [0.00684488, 0.5027665 , 0.50895584, 0.0083968 ],
       [0.00826239, 0.50773114, 0.50422096, 0.00032914],
       [0.00918923, 0.50773305, 0.5079048 , 0.00709291],
       [0.0062198 , 0.50640225, 0.50966746, 0.00088274],
       [0.00573194, 0.5051226 , 0.5010938 , 0.0044431 ],
       [0.00179946, 0.50444573, 0.5001973 , 0.00384566],
       [0.00436122, 0.5056283 , 0.5046991 , 0.00589377],
       [0.00360894, 0.50550973, 0.50300986, 0.00526841],
       [0.00752161, 0.5045946 , 0.50220424, 0.00216862],
       [0.00039794, 0.50301784, 0.50158924, 0.00009788],
       [0.00489323, 0.5067415 , 0.5007585 , 0.00472965],
       [0.00889126, 0.50274146, 0.50163114, 0.00295125],
       [0.00334262, 0.50264996, 0.5005425 , 0.00741225],
       [0.00019457, 0.5075301 , 0.50987536, 0.00866001],
       [0.00423595, 0.50941813, 0.5045974 , 0.00653625],
       [0.00571051, 0.50633997, 0.50320905, 0.00795013],
       [0.00764972, 0.50330436, 0.50095046, 0.00374266],
       [0.00751757, 0.5034673 , 0.5085404 , 0.00041662],
       [0.00734795, 0.50655234, 0.5097146 , 0.00168001],
       [0.0031916 , 0.5068773 , 0.5012079 , 0.00363979],
       [0.00620865, 0.50624746, 0.50113916, 0.00474093],
       [0.00938014, 0.5081663 , 0.5026261 , 0.00002713],
       [0.0074182 , 0.505507  , 0.50829   , 0.00663116],
       [0.00148715, 0.50496835, 0.50209844, 0.00641593],
       [0.0015113 , 0.5029106 , 0.502795  , 0.00048238],
       [0.00801564, 0.5042098 , 0.5099659 , 0.00599536],
       [0.0064088 , 0.50192446, 0.50115544, 0.00085498],
       [0.00893926, 0.5068225 , 0.50320214, 0.00194452],
       [0.00682812, 0.504187  , 0.50171036, 0.00428309],
       [0.00480132, 0.50933886, 0.507265  , 0.00700314],
       [0.00989489, 0.50069493, 0.506715  , 0.00325139],
       [0.00120061, 0.5098394 , 0.50043905, 0.00138068],
       [0.00645351, 0.5081918 , 0.50470454, 0.00336062],
       [0.0004995 , 0.50149024, 0.5005468 , 0.00762381],
       [0.00810254, 0.5024642 , 0.50274456, 0.00666045],
       [0.00522353, 0.50623184, 0.50386715, 0.00883313],
       [0.00187735, 0.508307  , 0.50265694, 0.00988325],
       [0.0066902 , 0.5049027 , 0.5022241 , 0.00907553],
       [0.0063604 , 0.5054846 , 0.5097854 , 0.0001104 ],
       [0.00474356, 0.5012108 , 0.5089866 , 0.00174421],
       [0.00216904, 0.50883186, 0.5063385 , 0.00879671],
       [0.00851151, 0.5089417 , 0.5095731 , 0.00282783],
       [0.0040237 , 0.5013464 , 0.50285745, 0.00772314],
       [0.0010214 , 0.50055563, 0.5080317 , 0.00543444],
       [0.00470735, 0.5008461 , 0.5025048 , 0.00098424],
       [0.00967138, 0.50673896, 0.5037228 , 0.00033685],
       [0.00028178, 0.5049625 , 0.50486904, 0.00108543],
       [0.00248063, 0.50162   , 0.5006332 , 0.00635907],
       [0.00556605, 0.5047534 , 0.50643957, 0.00874851],
       [0.00676493, 0.5075377 , 0.5033684 , 0.00234913],
       [0.0096749 , 0.504726  , 0.5075469 , 0.00987932],
       [0.00933473, 0.5082282 , 0.50308657, 0.00145727],
       [0.00260707, 0.50162   , 0.50518847, 0.00161231],
       [0.00898486, 0.5070343 , 0.50170505, 0.00444533],
       [0.00223224, 0.50995725, 0.5092087 , 0.00032338],
       [0.00122032, 0.5098849 , 0.5085048 , 0.00833872],
       [0.00983425, 0.5018183 , 0.50834733, 0.00381082],
       [0.00255293, 0.5062754 , 0.50034046, 0.00799729],
       [0.00360699, 0.5038773 , 0.5090828 , 0.00676122],
       [0.00270892, 0.50374526, 0.5000542 , 0.00629013],
       [0.00959915, 0.5068449 , 0.5060771 , 0.00509502],
       [0.00885032, 0.50087166, 0.5099682 , 0.00138028],
       [0.00393677, 0.50463617, 0.50746614, 0.00526197],
       [0.00679303, 0.5070098 , 0.50093603, 0.00928497],
       [0.00582342, 0.50328517, 0.5058691 , 0.00270227],
       [0.00372958, 0.50830513, 0.5007154 , 0.00011414],
       [0.0079917 , 0.50384235, 0.5060596 , 0.00751012],
       [0.00541944, 0.50554305, 0.5036051 , 0.00925303],
       [0.00421054, 0.50236166, 0.50454205, 0.00128679],
       [0.00845275, 0.506993  , 0.5088141 , 0.00396703],
       [0.00350823, 0.50224185, 0.50749654, 0.00487118],
       [0.00295836, 0.50821245, 0.5072279 , 0.00393755],
       [0.00140389, 0.5088034 , 0.50495756, 0.00912046],
       [0.00091911, 0.5038195 , 0.50664634, 0.00072854],
       [0.00795829, 0.50147694, 0.5093238 , 0.00387779],
       [0.00881942, 0.5037513 , 0.50912946, 0.00255556],
       [0.00984245, 0.50020343, 0.5003807 , 0.00171673],
       [0.00465749, 0.5018506 , 0.50417274, 0.00092928],
       [0.00970578, 0.5038631 , 0.5047401 , 0.00027476]], dtype=float32)>]
Training  | Episode: 0/1000000  | Episode Reward: -47.2222 | Epsilon: 1.0000 | Goal reached: 0
[[0.00728649 0.50450003 0.50646853 0.00016886]
 [0.         0.         0.         0.        ]
 [0.         0.         0.         0.        ]
 [0.         0.         0.         0.        ]
 [0.         0.         0.         0.        ]
 [0.         0.         0.         0.        ]
 [0.         0.         0.         0.        ]
 [0.         0.         0.         0.        ]
 [0.         0.         0.         0.        ]
 [0.         0.         0.         0.        ]
 [0.         0.         0.         0.        ]
 [0.         0.         0.         0.        ]
 [0.         0.         0.         0.        ]
 [0.         0.         0.         0.        ]
 [0.         0.         0.         0.        ]
 [0.         0.         0.         0.        ]
 [0.         0.         0.         0.        ]
 [0.         0.         0.         0.        ]
 [0.         0.         0.         0.        ]
 [0.         0.         0.         0.        ]
 [0.         0.         0.         0.        ]
 [0.         0.         0.         0.        ]
 [0.         0.         0.         0.        ]
 [0.         0.         0.         0.        ]
 [0.         0.         0.         0.        ]
 [0.         0.         0.         0.        ]
 [0.         0.         0.         0.        ]
 [0.         0.         0.         0.        ]
 [0.         0.         0.         0.        ]
 [0.         0.         0.         0.        ]
 [0.         0.         0.         0.        ]
 [0.         0.         0.         0.        ]
 [0.         0.         0.         0.        ]
 [0.         0.         0.         0.        ]
 [0.         0.         0.         0.        ]
 [0.         0.         0.         0.        ]
 [0.         0.         0.         0.        ]
 [0.         0.         0.         0.        ]
 [0.         0.         0.         0.        ]
 [0.         0.         0.         0.        ]
 [0.         0.         0.         0.        ]
 [0.         0.         0.         0.        ]
 [0.         0.         0.         0.        ]
 [0.         0.         0.         0.        ]
 [0.         0.         0.         0.        ]
 [0.         0.         0.         0.        ]
 [0.         0.         0.         0.        ]
 [0.         0.         0.         0.        ]
 [0.         0.         0.         0.        ]
 [0.         0.         0.         0.        ]
 [0.         0.         0.         0.        ]
 [0.         0.         0.         0.        ]
 [0.         0.         0.         0.        ]
 [0.         0.         0.         0.        ]
 [0.         0.         0.         0.        ]
 [0.         0.         0.         0.        ]
 [0.         0.         0.         0.        ]
 [0.         0.         0.         0.        ]
 [0.         0.         0.         0.        ]
 [0.         0.         0.         0.        ]
 [0.         0.         0.         0.        ]
 [0.         0.         0.         0.        ]
 [0.         0.         0.         0.        ]
 [0.         0.         0.         0.        ]
 [0.         0.         0.         0.        ]
 [0.         0.         0.         0.        ]
 [0.         0.         0.         0.        ]
 [0.         0.         0.         0.        ]
 [0.         0.         0.         0.        ]
 [0.         0.         0.         0.        ]
 [0.         0.         0.         0.        ]
 [0.         0.         0.         0.        ]
 [0.         0.         0.         0.        ]
 [0.         0.         0.         0.        ]
 [0.         0.         0.         0.        ]
 [0.         0.         0.         0.        ]
 [0.         0.         0.         0.        ]
 [0.         0.         0.         0.        ]
 [0.         0.         0.         0.        ]
 [0.         0.         0.         0.        ]
 [0.         0.         0.         0.        ]
 [0.         0.         0.         0.        ]
 [0.         0.         0.         0.        ]
 [0.         0.         0.         0.        ]
 [0.         0.         0.         0.        ]
 [0.         0.         0.         0.        ]
 [0.         0.         0.         0.        ]
 [0.         0.         0.         0.        ]
 [0.         0.         0.         0.        ]
 [0.         0.         0.         0.        ]
 [0.         0.         0.         0.        ]
 [0.         0.         0.         0.        ]
 [0.         0.         0.         0.        ]
 [0.         0.         0.         0.        ]
 [0.         0.         0.         0.        ]
 [0.         0.         0.         0.        ]
 [0.         0.         0.         0.        ]
 [0.         0.         0.         0.        ]
 [0.         0.         0.         0.        ]
 [0.         0.         0.         0.        ]]
Training  | Episode: 10000/1000000  | Episode Reward: -47.2222 | Epsilon: 0.9753 | Goal reached: 0
Training  | Episode: 20000/1000000  | Episode Reward: -47.2222 | Epsilon: 0.9512 | Goal reached: 0
Training  | Episode: 30000/1000000  | Episode Reward: -58.5000 | Epsilon: 0.9277 | Goal reached: 0
Training  | Episode: 40000/1000000  | Episode Reward: -79.2778 | Epsilon: 0.9048 | Goal reached: 0
Training  | Episode: 50000/1000000  | Episode Reward: -67.2222 | Epsilon: 0.8825 | Goal reached: 0
Training  | Episode: 60000/1000000  | Episode Reward: -47.2222 | Epsilon: 0.8607 | Goal reached: 0
Training  | Episode: 70000/1000000  | Episode Reward: -78.8333 | Epsilon: 0.8395 | Goal reached: 0
Training  | Episode: 80000/1000000  | Episode Reward: -47.2222 | Epsilon: 0.8187 | Goal reached: 0
Training  | Episode: 90000/1000000  | Episode Reward: -90.2222 | Epsilon: 0.7985 | Goal reached: 0
Training  | Episode: 100000/1000000  | Episode Reward: -39.5556 | Epsilon: 0.7788 | Goal reached: 0
[[-32.43536377 -28.96380806 -29.81867027 -21.79813766]
 [-19.16591263 -17.53192329 -17.23705482 -19.76666641]
 [-19.26552773 -17.91495323 -17.88931084 -19.69315529]
 [-19.20619011 -24.01065254 -24.95225716 -26.67504883]
 [  0.           0.           0.           0.        ]
 [  0.           0.           0.           0.        ]
 [  0.           0.           0.           0.        ]
 [  0.           0.           0.           0.        ]
 [  0.           0.           0.           0.        ]
 [  0.           0.           0.           0.        ]
 [  0.           0.           0.           0.        ]
 [-28.74471283 -26.87377739 -17.93608665 -28.03616142]
 [-25.91128922 -23.64336967 -24.11180687 -17.1331749 ]
 [-23.76255417 -22.04786301 -22.07211304 -16.62013245]
 [-17.69451332 -17.10756874 -22.50222206 -26.96172714]
 [  0.           0.           0.           0.        ]
 [  0.           0.           0.           0.        ]
 [  0.           0.           0.           0.        ]
 [  0.           0.           0.           0.        ]
 [  0.           0.           0.           0.        ]
 [  0.           0.           0.           0.        ]
 [-23.83864212 -29.4691658  -22.72547722 -34.56772232]
 [  0.           0.           0.           0.        ]
 [  0.           0.           0.           0.        ]
 [ -8.67146683  -6.19193745  -3.8217895   -8.61770153]
 [ -3.40257263  -2.9918046   -4.60266304  -4.00282717]
 [  0.           0.           0.           0.        ]
 [  0.           0.           0.           0.        ]
 [  0.           0.           0.           0.        ]
 [  0.           0.           0.           0.        ]
 [-15.14714718 -11.90571308 -14.04938507 -12.02600288]
 [-18.61106491 -12.67450142 -16.78547096 -11.47583389]
 [ -7.71769094  -7.56303167 -10.55404472 -11.08873558]
 [  0.           0.           0.           0.        ]
 [ -2.63913155  -2.19770122  -0.74577415  -2.65472674]
 [ -1.4255209   -0.67752016  -0.90465206  -0.62861288]
 [ -0.65318453  -0.10588631  -0.43958616  -0.64860076]
 [  0.           0.           0.           0.        ]
 [  0.           0.           0.           0.        ]
 [  0.           0.           0.           0.        ]
 [  0.           0.           0.           0.        ]
 [  0.           0.           0.           0.        ]
 [ -2.01057959  -2.61558723  -2.0582087   -3.64355683]
 [  0.           0.           0.           0.        ]
 [ -1.02878797  -1.18606114  -0.8870855   -1.3275553 ]
 [  0.           0.           0.           0.        ]
 [  0.           0.           0.           0.        ]
 [  0.           0.           0.           0.        ]
 [  0.           0.           0.           0.        ]
 [  0.           0.           0.           0.        ]
 [  0.           0.           0.           0.        ]
 [  0.           0.           0.           0.        ]
 [ -0.94784111  -0.35427627  -0.10544147  -0.70601892]
 [  0.           0.           0.           0.        ]
 [  0.           0.           0.           0.        ]
 [  0.           0.           0.           0.        ]
 [  0.           0.           0.           0.        ]
 [  0.           0.           0.           0.        ]
 [  0.           0.           0.           0.        ]
 [  0.           0.           0.           0.        ]
 [  0.           0.           0.           0.        ]
 [  0.           0.           0.           0.        ]
 [ -0.06414356   0.28500494   0.48030761  -0.22696315]
 [  0.           0.           0.           0.        ]
 [  0.           0.           0.           0.        ]
 [  0.           0.           0.           0.        ]
 [  0.           0.           0.           0.        ]
 [  0.           0.           0.           0.        ]
 [  0.           0.           0.           0.        ]
 [  0.           0.           0.           0.        ]
 [  0.           0.           0.           0.        ]
 [  0.           0.           0.           0.        ]
 [  0.00933473   0.50822818   0.50071186   0.00127122]
 [  0.00260707   0.50161999   0.45380652  -0.04768692]
 [  0.           0.           0.           0.        ]
 [  0.           0.           0.           0.        ]
 [  0.           0.           0.           0.        ]
 [  0.           0.           0.           0.        ]
 [  0.           0.           0.           0.        ]
 [  0.           0.           0.           0.        ]
 [  0.           0.           0.           0.        ]
 [  0.           0.           0.           0.        ]
 [  0.           0.           0.           0.        ]
 [  0.00393677   0.50463617   0.47383019   0.00526197]
 [  0.           0.           0.           0.        ]
 [  0.           0.           0.           0.        ]
 [  0.           0.           0.           0.        ]
 [  0.           0.           0.           0.        ]
 [  0.           0.           0.           0.        ]
 [  0.           0.           0.           0.        ]
 [  0.           0.           0.           0.        ]
 [  0.           0.           0.           0.        ]
 [  0.           0.           0.           0.        ]
 [  0.           0.           0.           0.        ]
 [  0.           0.           0.           0.        ]
 [  0.           0.           0.           0.        ]
 [  0.           0.           0.           0.        ]
 [  0.           0.           0.           0.        ]
 [  0.           0.           0.           0.        ]
 [  0.           0.           0.           0.        ]]
Training  | Episode: 110000/1000000  | Episode Reward: -63.0556 | Epsilon: 0.7596 | Goal reached: 0
Training  | Episode: 120000/1000000  | Episode Reward: -87.0556 | Epsilon: 0.7408 | Goal reached: 0
Training  | Episode: 130000/1000000  | Episode Reward: -71.0000 | Epsilon: 0.7225 | Goal reached: 0
Training  | Episode: 140000/1000000  | Episode Reward: -89.3333 | Epsilon: 0.7047 | Goal reached: 0
Training  | Episode: 150000/1000000  | Episode Reward: -116.0000 | Epsilon: 0.6873 | Goal reached: 0
Training  | Episode: 160000/1000000  | Episode Reward: -100.2778 | Epsilon: 0.6703 | Goal reached: 0
Training  | Episode: 170000/1000000  | Episode Reward: -98.5556 | Epsilon: 0.6538 | Goal reached: 0
Training  | Episode: 180000/1000000  | Episode Reward: -168.1667 | Epsilon: 0.6376 | Goal reached: 0
Training  | Episode: 190000/1000000  | Episode Reward: -157.6667 | Epsilon: 0.6219 | Goal reached: 0
Training  | Episode: 200000/1000000  | Episode Reward: -50.4444 | Epsilon: 0.6065 | Goal reached: 0
[[-32.38154984 -29.40251732 -30.17773819 -22.48454857]
 [-20.33394051 -18.41893959 -18.49689674 -20.29561806]
 [-20.02087212 -18.62800026 -18.81910133 -20.43186951]
 [-20.15315247 -25.63204956 -26.27297783 -27.47939682]
 [  0.           0.           0.           0.        ]
 [  0.           0.           0.           0.        ]
 [  0.           0.           0.           0.        ]
 [  0.           0.           0.           0.        ]
 [  0.           0.           0.           0.        ]
 [  0.           0.           0.           0.        ]
 [  0.           0.           0.           0.        ]
 [-29.52130508 -27.08199883 -19.29021835 -28.14759254]
 [-25.53744316 -24.83777428 -25.00633049 -18.30703926]
 [-24.78289604 -23.46601868 -23.91532516 -18.32630348]
 [-21.75940132 -20.32290649 -27.19739723 -30.32824516]
 [  0.           0.           0.           0.        ]
 [  0.           0.           0.           0.        ]
 [  0.           0.           0.           0.        ]
 [  0.           0.           0.           0.        ]
 [  0.           0.           0.           0.        ]
 [  0.           0.           0.           0.        ]
 [-26.93840408 -32.35393143 -25.10847473 -34.88167572]
 [  0.           0.           0.           0.        ]
 [  0.           0.           0.           0.        ]
 [-15.64572716 -11.46592045 -10.15237904 -16.76266479]
 [ -8.73240376  -8.6654892   -8.63923359 -10.26120377]
 [  0.           0.           0.           0.        ]
 [  0.           0.           0.           0.        ]
 [  0.           0.           0.           0.        ]
 [  0.           0.           0.           0.        ]
 [-26.54198265 -24.56752777 -25.5114994  -24.64367867]
 [-25.32238579 -20.21728516 -23.63581467 -18.35812187]
 [-16.75364876 -16.35704231 -17.80276871 -19.79740715]
 [  0.           0.           0.           0.        ]
 [ -6.65153027  -5.10095978  -4.12461996  -7.17106009]
 [ -3.38476849  -2.97325277  -2.86235285  -2.85351348]
 [ -1.82196689  -1.73901451  -1.88563585  -1.74716377]
 [  0.           0.           0.           0.        ]
 [  0.           0.           0.           0.        ]
 [  0.           0.           0.           0.        ]
 [  0.           0.           0.           0.        ]
 [  0.           0.           0.           0.        ]
 [ -7.03964996  -7.04460239  -7.03876305  -8.01714993]
 [  0.           0.           0.           0.        ]
 [ -3.74940372  -3.77947545  -3.71161985  -3.78137326]
 [  0.           0.           0.           0.        ]
 [  0.           0.           0.           0.        ]
 [  0.           0.           0.           0.        ]
 [  0.           0.           0.           0.        ]
 [  0.           0.           0.           0.        ]
 [  0.           0.           0.           0.        ]
 [  0.           0.           0.           0.        ]
 [ -1.92918074  -1.93950796  -1.92763102  -1.98586547]
 [  0.           0.           0.           0.        ]
 [  0.           0.           0.           0.        ]
 [  0.           0.           0.           0.        ]
 [  0.           0.           0.           0.        ]
 [  0.           0.           0.           0.        ]
 [  0.           0.           0.           0.        ]
 [  0.           0.           0.           0.        ]
 [  0.           0.           0.           0.        ]
 [  0.           0.           0.           0.        ]
 [ -0.49295089  -0.14559217  -0.05883851  -0.55433494]
 [  0.           0.           0.           0.        ]
 [  0.           0.           0.           0.        ]
 [  0.           0.           0.           0.        ]
 [  0.           0.           0.           0.        ]
 [  0.           0.           0.           0.        ]
 [  0.           0.           0.           0.        ]
 [  0.           0.           0.           0.        ]
 [  0.           0.           0.           0.        ]
 [  0.           0.           0.           0.        ]
 [ -0.11109303   0.44542158   0.4666006   -0.03215287]
 [ -0.05597094   0.50161999   0.45185068  -0.05688171]
 [  0.00898486   0.5070343    0.50170505   0.00444533]
 [  0.           0.           0.           0.        ]
 [  0.           0.           0.           0.        ]
 [  0.           0.           0.           0.        ]
 [  0.           0.           0.           0.        ]
 [  0.           0.           0.           0.        ]
 [  0.           0.           0.           0.        ]
 [  0.           0.           0.           0.        ]
 [ -0.00058252   0.44252095   0.48722133  -0.00791431]
 [ -0.02869212   0.50343925   0.47383019   0.00526197]
 [  0.           0.           0.           0.        ]
 [  0.           0.           0.           0.        ]
 [  0.           0.           0.           0.        ]
 [  0.           0.           0.           0.        ]
 [  0.           0.           0.           0.        ]
 [  0.           0.           0.           0.        ]
 [  0.           0.           0.           0.        ]
 [  0.           0.           0.           0.        ]
 [  0.00295836   0.46346205   0.49803698   0.00393755]
 [  0.           0.           0.           0.        ]
 [  0.           0.           0.           0.        ]
 [  0.           0.           0.           0.        ]
 [  0.           0.           0.           0.        ]
 [  0.           0.           0.           0.        ]
 [  0.           0.           0.           0.        ]
 [  0.           0.           0.           0.        ]]
Training  | Episode: 210000/1000000  | Episode Reward: -97.3889 | Epsilon: 0.5916 | Goal reached: 0
Training  | Episode: 220000/1000000  | Episode Reward: -47.2222 | Epsilon: 0.5769 | Goal reached: 0
Training  | Episode: 230000/1000000  | Episode Reward: -120.4444 | Epsilon: 0.5627 | Goal reached: 0
Training  | Episode: 240000/1000000  | Episode Reward: -156.0000 | Epsilon: 0.5488 | Goal reached: 0
Training  | Episode: 250000/1000000  | Episode Reward: -47.2222 | Epsilon: 0.5353 | Goal reached: 0
Training  | Episode: 260000/1000000  | Episode Reward: -77.2222 | Epsilon: 0.5220 | Goal reached: 0
Training  | Episode: 270000/1000000  | Episode Reward: -176.5556 | Epsilon: 0.5092 | Goal reached: 0
Training  | Episode: 280000/1000000  | Episode Reward: -420.7778 | Epsilon: 0.4966 | Goal reached: 0
Training  | Episode: 290000/1000000  | Episode Reward: -220.7222 | Epsilon: 0.4843 | Goal reached: 0
Training  | Episode: 300000/1000000  | Episode Reward: -47.2222 | Epsilon: 0.4724 | Goal reached: 0
[[-32.98790741 -29.65406227 -29.87171364 -22.23886299]
 [-20.88673019 -19.27313232 -19.18077278 -21.01687241]
 [-20.80288315 -19.48679543 -19.57372284 -20.97016716]
 [-20.6325016  -25.45144081 -26.02173233 -28.06981277]
 [  0.           0.           0.           0.        ]
 [  0.           0.           0.           0.        ]
 [  0.           0.           0.           0.        ]
 [  0.           0.           0.           0.        ]
 [  0.           0.           0.           0.        ]
 [  0.           0.           0.           0.        ]
 [  0.           0.           0.           0.        ]
 [-29.8407383  -28.12402534 -20.0835247  -29.12659454]
 [-26.43332481 -24.80059052 -25.59518814 -18.95285416]
 [-25.43127632 -24.25934601 -23.87258148 -18.78014374]
 [-23.3728714  -21.36056328 -26.93313789 -30.94057846]
 [  0.           0.           0.           0.        ]
 [  0.           0.           0.           0.        ]
 [  0.           0.           0.           0.        ]
 [  0.           0.           0.           0.        ]
 [  0.           0.           0.           0.        ]
 [  0.           0.           0.           0.        ]
 [-27.6244297  -33.22700882 -26.32232857 -34.70277786]
 [  0.           0.           0.           0.        ]
 [  0.           0.           0.           0.        ]
 [-19.48474503 -15.29014206 -13.37601471 -21.77069855]
 [-14.42450905 -14.54070854 -14.49298477 -16.0603466 ]
 [  0.           0.           0.           0.        ]
 [  0.           0.           0.           0.        ]
 [  0.           0.           0.           0.        ]
 [  0.           0.           0.           0.        ]
 [-33.21537399 -29.62034035 -31.52803612 -30.15969658]
 [-27.85383987 -24.38803482 -25.65221596 -21.83374214]
 [-20.68121719 -20.64201355 -21.91014862 -25.86510277]
 [  0.           0.           0.           0.        ]
 [-11.14381123  -9.0678587   -8.32137775 -11.35209751]
 [ -6.50503683  -6.41355371  -6.40518236  -6.38783598]
 [ -4.29345083  -4.22580099  -4.2240262   -4.23513126]
 [  0.           0.           0.           0.        ]
 [  0.           0.           0.           0.        ]
 [  0.           0.           0.           0.        ]
 [  0.           0.           0.           0.        ]
 [  0.           0.           0.           0.        ]
 [-12.30917168 -12.27049255 -12.32245064 -13.03587437]
 [  0.           0.           0.           0.        ]
 [ -8.28379345  -8.27833462  -8.26597691  -8.33100033]
 [  0.           0.           0.           0.        ]
 [  0.           0.           0.           0.        ]
 [  0.           0.           0.           0.        ]
 [  0.           0.           0.           0.        ]
 [  0.           0.           0.           0.        ]
 [  0.           0.           0.           0.        ]
 [  0.           0.           0.           0.        ]
 [ -4.37857008  -4.37250471  -4.26015711  -4.26213312]
 [  0.           0.           0.           0.        ]
 [  0.           0.           0.           0.        ]
 [  0.           0.           0.           0.        ]
 [  0.           0.           0.           0.        ]
 [  0.           0.           0.           0.        ]
 [  0.           0.           0.           0.        ]
 [  0.           0.           0.           0.        ]
 [  0.           0.           0.           0.        ]
 [  0.           0.           0.           0.        ]
 [ -0.97403908  -0.97477078  -0.98774874  -1.53063321]
 [  0.           0.           0.           0.        ]
 [  0.0010214    0.50055563   0.46070513   0.00543444]
 [  0.           0.           0.           0.        ]
 [  0.           0.           0.           0.        ]
 [  0.           0.           0.           0.        ]
 [  0.           0.           0.           0.        ]
 [  0.           0.           0.           0.        ]
 [  0.           0.           0.           0.        ]
 [  0.           0.           0.           0.        ]
 [ -0.231176     0.21785939   0.30237553  -0.26954046]
 [ -0.11423779   0.47189039   0.44971135  -0.1732741 ]
 [  0.00062062   0.40542707   0.39897624   0.00424833]
 [  0.           0.           0.           0.        ]
 [  0.           0.           0.           0.        ]
 [  0.           0.           0.           0.        ]
 [  0.           0.           0.           0.        ]
 [  0.           0.           0.           0.        ]
 [  0.           0.           0.           0.        ]
 [  0.           0.           0.           0.        ]
 [ -0.00058252   0.29153627   0.39252207  -0.01761927]
 [ -0.06125575   0.42707911   0.40675998   0.00526197]
 [ -0.00029729   0.47892731   0.50093603   0.00928497]
 [  0.           0.           0.           0.        ]
 [  0.           0.           0.           0.        ]
 [  0.           0.           0.           0.        ]
 [  0.           0.           0.           0.        ]
 [  0.           0.           0.           0.        ]
 [  0.           0.           0.           0.        ]
 [  0.           0.           0.           0.        ]
 [ -0.01947561   0.41880119   0.43087006   0.00393755]
 [  0.           0.           0.           0.        ]
 [  0.           0.           0.           0.        ]
 [  0.           0.           0.           0.        ]
 [  0.           0.           0.           0.        ]
 [  0.           0.           0.           0.        ]
 [  0.           0.           0.           0.        ]
 [  0.           0.           0.           0.        ]]
Training  | Episode: 310000/1000000  | Episode Reward: -57.2222 | Epsilon: 0.4607 | Goal reached: 0
Training  | Episode: 320000/1000000  | Episode Reward: -97.9444 | Epsilon: 0.4493 | Goal reached: 0
Training  | Episode: 330000/1000000  | Episode Reward: -51.5000 | Epsilon: 0.4382 | Goal reached: 0
Training  | Episode: 340000/1000000  | Episode Reward: -132.2778 | Epsilon: 0.4274 | Goal reached: 0
Training  | Episode: 350000/1000000  | Episode Reward: -101.2778 | Epsilon: 0.4169 | Goal reached: 0
Training  | Episode: 360000/1000000  | Episode Reward: -47.2222 | Epsilon: 0.4066 | Goal reached: 0
Training  | Episode: 370000/1000000  | Episode Reward: -154.7778 | Epsilon: 0.3965 | Goal reached: 0
Training  | Episode: 380000/1000000  | Episode Reward: -87.2222 | Epsilon: 0.3867 | Goal reached: 0
Training  | Episode: 390000/1000000  | Episode Reward: -97.1111 | Epsilon: 0.3772 | Goal reached: 0
Training  | Episode: 400000/1000000  | Episode Reward: -102.5000 | Epsilon: 0.3679 | Goal reached: 0
[[-33.04021835 -29.29170418 -30.28483009 -23.38485527]
 [-21.58646774 -19.74125481 -19.9202137  -21.35064697]
 [-21.74956131 -20.32170677 -20.24914169 -21.55216408]
 [-21.38402748 -26.15550041 -26.32317162 -27.94219208]
 [  0.           0.           0.           0.        ]
 [  0.           0.           0.           0.        ]
 [  0.           0.           0.           0.        ]
 [  0.           0.           0.           0.        ]
 [  0.           0.           0.           0.        ]
 [  0.           0.           0.           0.        ]
 [  0.           0.           0.           0.        ]
 [-30.43049431 -28.41436577 -20.82269669 -28.91426659]
 [-26.21683311 -24.89982033 -25.5544281  -20.02083588]
 [-25.91590118 -24.0730629  -24.90755844 -19.64112473]
 [-24.42397118 -22.07579041 -27.80257797 -30.35113907]
 [  0.           0.           0.           0.        ]
 [  0.           0.           0.           0.        ]
 [  0.           0.           0.           0.        ]
 [  0.           0.           0.           0.        ]
 [  0.           0.           0.           0.        ]
 [  0.           0.           0.           0.        ]
 [-28.055933   -33.17534256 -26.86404991 -35.25871277]
 [  0.           0.           0.           0.        ]
 [  0.           0.           0.           0.        ]
 [-21.46161461 -18.6795845  -15.48428631 -23.44854164]
 [-17.77655983 -17.55761909 -18.67591095 -19.73207855]
 [  0.           0.           0.           0.        ]
 [  0.           0.           0.           0.        ]
 [  0.           0.           0.           0.        ]
 [  0.           0.           0.           0.        ]
 [-36.10506439 -30.86029243 -34.21205521 -31.58393669]
 [-28.12261581 -25.8247776  -26.50576019 -22.78266335]
 [-23.43749237 -23.51990128 -25.32024956 -29.06734657]
 [  0.           0.           0.           0.        ]
 [-15.21784115 -12.74675941 -11.77781677 -15.24152374]
 [-10.46260071 -10.44713402 -10.46660519 -10.48950958]
 [ -7.87905312  -7.87591791  -7.8964572   -7.87395525]
 [  0.           0.           0.           0.        ]
 [  0.           0.           0.           0.        ]
 [  0.           0.           0.           0.        ]
 [  0.           0.           0.           0.        ]
 [  0.           0.           0.           0.        ]
 [-17.37117195 -17.40223503 -17.23155022 -17.41692734]
 [  0.           0.           0.           0.        ]
 [-13.44126129 -13.42354202 -13.43498898 -13.45766449]
 [  0.           0.           0.           0.        ]
 [  0.           0.           0.           0.        ]
 [  0.           0.           0.           0.        ]
 [  0.           0.           0.           0.        ]
 [  0.           0.           0.           0.        ]
 [  0.           0.           0.           0.        ]
 [  0.           0.           0.           0.        ]
 [ -7.03596544  -7.05302286  -7.04105043  -7.06010866]
 [  0.           0.           0.           0.        ]
 [  0.           0.           0.           0.        ]
 [  0.           0.           0.           0.        ]
 [  0.           0.           0.           0.        ]
 [  0.           0.           0.           0.        ]
 [  0.           0.           0.           0.        ]
 [  0.           0.           0.           0.        ]
 [  0.           0.           0.           0.        ]
 [  0.           0.           0.           0.        ]
 [ -1.90694451  -1.9323957   -1.90894186  -1.89613342]
 [  0.           0.           0.           0.        ]
 [  0.0010214    0.50055563   0.46070513   0.00543444]
 [  0.           0.           0.           0.        ]
 [  0.           0.           0.           0.        ]
 [  0.           0.           0.           0.        ]
 [  0.           0.           0.           0.        ]
 [  0.           0.           0.           0.        ]
 [  0.           0.           0.           0.        ]
 [  0.           0.           0.           0.        ]
 [ -0.41421819   0.04265724   0.13947332  -0.3353703 ]
 [ -0.13067247   0.41670424   0.39719993  -0.2710751 ]
 [  0.00062062   0.33191866   0.33140898   0.00424833]
 [  0.           0.           0.           0.        ]
 [  0.           0.           0.           0.        ]
 [  0.           0.           0.           0.        ]
 [  0.           0.           0.           0.        ]
 [  0.           0.           0.           0.        ]
 [  0.           0.           0.           0.        ]
 [  0.           0.           0.           0.        ]
 [ -0.01982809   0.19129582   0.32273516  -0.01761927]
 [ -0.09390254   0.34031439   0.36196926   0.00526197]
 [ -0.00756771   0.44940314   0.41570225   0.00941802]
 [ -0.0156974    0.50328517   0.50512451   0.00270227]
 [  0.00372958   0.50830513   0.50071537   0.00011414]
 [  0.0079917    0.50384235   0.50605959   0.00751012]
 [  0.           0.           0.           0.        ]
 [  0.           0.           0.           0.        ]
 [  0.           0.           0.           0.        ]
 [  0.           0.           0.           0.        ]
 [ -0.02666116   0.38534257   0.3617875    0.00393755]
 [  0.           0.           0.           0.        ]
 [  0.           0.           0.           0.        ]
 [  0.           0.           0.           0.        ]
 [  0.           0.           0.           0.        ]
 [  0.           0.           0.           0.        ]
 [  0.           0.           0.           0.        ]
 [  0.           0.           0.           0.        ]]
Training  | Episode: 410000/1000000  | Episode Reward: -81.0000 | Epsilon: 0.3588 | Goal reached: 0
Training  | Episode: 420000/1000000  | Episode Reward: -50.6667 | Epsilon: 0.3499 | Goal reached: 0
Training  | Episode: 430000/1000000  | Episode Reward: -111.4444 | Epsilon: 0.3413 | Goal reached: 0
Training  | Episode: 440000/1000000  | Episode Reward: -271.6667 | Epsilon: 0.3329 | Goal reached: 0
Training  | Episode: 450000/1000000  | Episode Reward: -77.6111 | Epsilon: 0.3247 | Goal reached: 0
Training  | Episode: 460000/1000000  | Episode Reward: -59.3333 | Epsilon: 0.3166 | Goal reached: 0
Training  | Episode: 470000/1000000  | Episode Reward: -48.1667 | Epsilon: 0.3088 | Goal reached: 0
Training  | Episode: 480000/1000000  | Episode Reward: -59.6667 | Epsilon: 0.3012 | Goal reached: 0
Training  | Episode: 490000/1000000  | Episode Reward: -116.5556 | Epsilon: 0.2938 | Goal reached: 0
Training  | Episode: 500000/1000000  | Episode Reward: -72.3889 | Epsilon: 0.2865 | Goal reached: 0
[[-33.33900833 -30.15496635 -30.44227791 -23.75667381]
 [-21.89708328 -20.51961136 -20.41853333 -21.55799484]
 [-21.8093605  -20.51728058 -20.60435295 -21.94396973]
 [-21.77130508 -26.32866859 -26.6957531  -28.66124153]
 [  0.           0.           0.           0.        ]
 [  0.           0.           0.           0.        ]
 [  0.           0.           0.           0.        ]
 [  0.           0.           0.           0.        ]
 [  0.           0.           0.           0.        ]
 [  0.           0.           0.           0.        ]
 [  0.           0.           0.           0.        ]
 [-30.48788261 -28.52414131 -20.86480141 -29.35275459]
 [-26.78630066 -25.87269211 -25.7726078  -19.93395996]
 [-25.92247581 -25.01231956 -24.88474274 -20.06709099]
 [-24.07128716 -22.37433815 -27.69399071 -30.84605408]
 [  0.           0.           0.           0.        ]
 [  0.           0.           0.           0.        ]
 [  0.           0.           0.           0.        ]
 [  0.           0.           0.           0.        ]
 [  0.           0.           0.           0.        ]
 [  0.           0.           0.           0.        ]
 [-28.39162445 -33.58047104 -26.70206833 -34.90182495]
 [  0.           0.           0.           0.        ]
 [  0.           0.           0.           0.        ]
 [-22.56583405 -19.78528214 -16.53423691 -24.01178551]
 [-19.45757103 -18.98093414 -20.5189209  -22.69886971]
 [  0.           0.           0.           0.        ]
 [  0.           0.           0.           0.        ]
 [  0.           0.           0.           0.        ]
 [  0.           0.           0.           0.        ]
 [-37.05648804 -30.62885475 -35.0760498  -32.5280304 ]
 [-28.54010391 -25.54718971 -27.20057678 -22.87981415]
 [-25.64421463 -24.28114319 -27.01726151 -30.82495689]
 [  0.           0.           0.           0.        ]
 [-18.24372292 -15.43104744 -14.46574593 -18.15964508]
 [-13.70327187 -13.51678848 -13.4701004  -13.40426636]
 [-12.70476627 -12.6869688  -12.69511127 -12.69863319]
 [  0.           0.           0.           0.        ]
 [  0.           0.           0.           0.        ]
 [  0.           0.           0.           0.        ]
 [  0.           0.           0.           0.        ]
 [  0.           0.           0.           0.        ]
 [-20.38568306 -20.48765755 -20.30313301 -20.84292603]
 [  0.           0.           0.           0.        ]
 [-18.57742882 -18.57611847 -18.568367   -18.57844162]
 [  0.           0.           0.           0.        ]
 [  0.           0.           0.           0.        ]
 [  0.           0.           0.           0.        ]
 [  0.           0.           0.           0.        ]
 [  0.           0.           0.           0.        ]
 [  0.           0.           0.           0.        ]
 [  0.           0.           0.           0.        ]
 [-10.60602188 -10.60770798 -10.57575321 -10.61544132]
 [  0.           0.           0.           0.        ]
 [  0.           0.           0.           0.        ]
 [  0.           0.           0.           0.        ]
 [  0.           0.           0.           0.        ]
 [  0.           0.           0.           0.        ]
 [  0.           0.           0.           0.        ]
 [  0.           0.           0.           0.        ]
 [  0.           0.           0.           0.        ]
 [  0.           0.           0.           0.        ]
 [ -3.03203845  -3.0085206   -3.03159404  -3.03334618]
 [  0.           0.           0.           0.        ]
 [  0.0010214    0.50055563   0.46070513   0.00543444]
 [  0.           0.           0.           0.        ]
 [  0.           0.           0.           0.        ]
 [  0.           0.           0.           0.        ]
 [  0.           0.           0.           0.        ]
 [  0.           0.           0.           0.        ]
 [  0.           0.           0.           0.        ]
 [  0.           0.           0.           0.        ]
 [ -0.46748722  -0.08177092  -0.04787294  -0.34890652]
 [ -0.27748993   0.37081394   0.2961984   -0.27085963]
 [  0.00058083   0.31322432   0.2317619    0.00424833]
 [  0.           0.           0.           0.        ]
 [  0.           0.           0.           0.        ]
 [  0.           0.           0.           0.        ]
 [  0.           0.           0.           0.        ]
 [  0.           0.           0.           0.        ]
 [  0.           0.           0.           0.        ]
 [  0.           0.           0.           0.        ]
 [ -0.03005862   0.14035916   0.2756528   -0.11612821]
 [ -0.09405804   0.30701274   0.31946331   0.00526197]
 [ -0.00756771   0.44673118   0.38780236   0.00908609]
 [ -0.0156974    0.50328517   0.4826051   -0.00334064]
 [  0.00372958   0.50830513   0.50071537   0.00011414]
 [  0.0079917    0.50384235   0.50605959   0.00751012]
 [  0.           0.           0.           0.        ]
 [  0.           0.           0.           0.        ]
 [  0.           0.           0.           0.        ]
 [  0.           0.           0.           0.        ]
 [ -0.07034179   0.27425474   0.295165     0.00393755]
 [  0.           0.           0.           0.        ]
 [  0.           0.           0.           0.        ]
 [  0.           0.           0.           0.        ]
 [  0.           0.           0.           0.        ]
 [  0.           0.           0.           0.        ]
 [  0.           0.           0.           0.        ]
 [  0.           0.           0.           0.        ]]
Training  | Episode: 510000/1000000  | Episode Reward: -153.1667 | Epsilon: 0.2794 | Goal reached: 0
Training  | Episode: 520000/1000000  | Episode Reward: -57.2222 | Epsilon: 0.2725 | Goal reached: 0
Training  | Episode: 530000/1000000  | Episode Reward: -144.0556 | Epsilon: 0.2658 | Goal reached: 0
Training  | Episode: 540000/1000000  | Episode Reward: -113.3333 | Epsilon: 0.2592 | Goal reached: 0
Training  | Episode: 550000/1000000  | Episode Reward: -220.1667 | Epsilon: 0.2528 | Goal reached: 0
Training  | Episode: 560000/1000000  | Episode Reward: -485.7222 | Epsilon: 0.2466 | Goal reached: 0
Training  | Episode: 570000/1000000  | Episode Reward: -93.1667 | Epsilon: 0.2405 | Goal reached: 0
Training  | Episode: 580000/1000000  | Episode Reward: -111.5556 | Epsilon: 0.2346 | Goal reached: 0
Training  | Episode: 590000/1000000  | Episode Reward: -195.5000 | Epsilon: 0.2288 | Goal reached: 0
Training  | Episode: 600000/1000000  | Episode Reward: -184.7222 | Epsilon: 0.2231 | Goal reached: 0
[[-32.96286011 -30.37972069 -30.24645042 -23.40203094]
 [-22.16689682 -20.65722275 -20.53416061 -22.07747841]
 [-22.14070511 -20.7820015  -21.0436554  -22.15834427]
 [-21.95742798 -26.74944496 -27.07076073 -28.24712753]
 [  0.           0.           0.           0.        ]
 [  0.           0.           0.           0.        ]
 [  0.           0.           0.           0.        ]
 [  0.           0.           0.           0.        ]
 [  0.           0.           0.           0.        ]
 [  0.           0.           0.           0.        ]
 [  0.           0.           0.           0.        ]
 [-30.74128342 -28.97994614 -21.12471008 -29.26310158]
 [-27.58086205 -25.91910744 -26.21925545 -20.58661842]
 [-25.95214462 -24.88347054 -25.11414909 -20.45089912]
 [-25.07020378 -22.99664879 -28.19818115 -31.39982605]
 [  0.           0.           0.           0.        ]
 [  0.           0.           0.           0.        ]
 [  0.           0.           0.           0.        ]
 [  0.           0.           0.           0.        ]
 [  0.           0.           0.           0.        ]
 [  0.           0.           0.           0.        ]
 [-28.70842743 -33.23016739 -26.56306839 -35.65039444]
 [  0.           0.           0.           0.        ]
 [  0.           0.           0.           0.        ]
 [-23.76234627 -20.65742302 -16.96708488 -25.20966339]
 [-20.61143875 -19.45874214 -22.60517502 -24.43844604]
 [  0.           0.           0.           0.        ]
 [  0.           0.           0.           0.        ]
 [  0.           0.           0.           0.        ]
 [  0.           0.           0.           0.        ]
 [-37.46756744 -30.61368179 -35.40210724 -32.89990997]
 [-28.83790207 -26.08010101 -27.13275528 -23.14543343]
 [-26.12430763 -24.77678108 -28.27033997 -31.44493866]
 [  0.           0.           0.           0.        ]
 [-20.5255909  -17.95828819 -15.76805496 -19.39835548]
 [-15.97945023 -15.22885323 -15.35715294 -15.17926121]
 [-16.85368347 -16.84820366 -16.84091187 -16.84072304]
 [  0.           0.           0.           0.        ]
 [  0.           0.           0.           0.        ]
 [  0.           0.           0.           0.        ]
 [  0.           0.           0.           0.        ]
 [  0.           0.           0.           0.        ]
 [-21.94558334 -22.47290802 -21.54372025 -23.24296951]
 [  0.           0.           0.           0.        ]
 [-21.6561203  -21.65055656 -21.62843895 -21.63369179]
 [  0.           0.           0.           0.        ]
 [  0.           0.           0.           0.        ]
 [  0.           0.           0.           0.        ]
 [  0.           0.           0.           0.        ]
 [  0.           0.           0.           0.        ]
 [  0.           0.           0.           0.        ]
 [  0.           0.           0.           0.        ]
 [-13.8211689  -13.83587933 -13.8246851  -13.86974049]
 [  0.           0.           0.           0.        ]
 [  0.           0.           0.           0.        ]
 [  0.           0.           0.           0.        ]
 [  0.           0.           0.           0.        ]
 [  0.           0.           0.           0.        ]
 [  0.           0.           0.           0.        ]
 [  0.           0.           0.           0.        ]
 [  0.           0.           0.           0.        ]
 [  0.           0.           0.           0.        ]
 [ -4.62771416  -4.64085197  -4.62524271  -4.60662603]
 [  0.           0.           0.           0.        ]
 [  0.0010214    0.45025852   0.40237048   0.00543444]
 [  0.           0.           0.           0.        ]
 [  0.           0.           0.           0.        ]
 [  0.           0.           0.           0.        ]
 [  0.           0.           0.           0.        ]
 [  0.           0.           0.           0.        ]
 [  0.           0.           0.           0.        ]
 [  0.           0.           0.           0.        ]
 [ -0.51927525  -0.4087854   -0.40220466  -0.47138929]
 [ -0.28715971   0.22915864   0.18346296  -0.3196139 ]
 [  0.00058083   0.17174347   0.19557452  -0.00420635]
 [  0.           0.           0.           0.        ]
 [  0.           0.           0.           0.        ]
 [  0.           0.           0.           0.        ]
 [  0.           0.           0.           0.        ]
 [  0.           0.           0.           0.        ]
 [  0.           0.           0.           0.        ]
 [  0.           0.           0.           0.        ]
 [ -0.17745435   0.09022763   0.13616315  -0.1163221 ]
 [ -0.10267401   0.22116581   0.21804669   0.00457681]
 [ -0.00756771   0.38665706   0.35995829   0.00908609]
 [ -0.0156974    0.45127907   0.46013072  -0.00334064]
 [  0.00372958   0.50830513   0.50071537   0.00011414]
 [  0.0079917    0.50384235   0.50605959   0.00751012]
 [  0.           0.           0.           0.        ]
 [  0.           0.           0.           0.        ]
 [  0.           0.           0.           0.        ]
 [  0.           0.           0.           0.        ]
 [ -0.07759493   0.19686911   0.22880873  -0.03980427]
 [  0.           0.           0.           0.        ]
 [  0.           0.           0.           0.        ]
 [  0.           0.           0.           0.        ]
 [  0.           0.           0.           0.        ]
 [  0.           0.           0.           0.        ]
 [  0.           0.           0.           0.        ]
 [  0.           0.           0.           0.        ]]
Training  | Episode: 610000/1000000  | Episode Reward: -273.3889 | Epsilon: 0.2176 | Goal reached: 0
Training  | Episode: 620000/1000000  | Episode Reward: -102.5000 | Epsilon: 0.2122 | Goal reached: 0
Training  | Episode: 630000/1000000  | Episode Reward: -159.5000 | Epsilon: 0.2070 | Goal reached: 0
Training  | Episode: 640000/1000000  | Episode Reward: -111.5000 | Epsilon: 0.2019 | Goal reached: 0
Training  | Episode: 650000/1000000  | Episode Reward: -412.0000 | Epsilon: 0.1969 | Goal reached: 0
Training  | Episode: 660000/1000000  | Episode Reward: -134.1667 | Epsilon: 0.1920 | Goal reached: 0
Training  | Episode: 670000/1000000  | Episode Reward: -107.0556 | Epsilon: 0.1873 | Goal reached: 0
Training  | Episode: 680000/1000000  | Episode Reward: -86.3333 | Epsilon: 0.1827 | Goal reached: 0
Training  | Episode: 690000/1000000  | Episode Reward: -117.7778 | Epsilon: 0.1782 | Goal reached: 0
Training  | Episode: 700000/1000000  | Episode Reward: -97.0556 | Epsilon: 0.1738 | Goal reached: 0
[[-33.30826569 -30.24748039 -30.26535797 -23.3406086 ]
 [-22.41360855 -21.37600136 -21.0280571  -22.47133636]
 [-22.65616608 -21.32085991 -21.59903336 -22.75105858]
 [-22.33987236 -27.16144753 -27.56700516 -28.93455696]
 [  0.           0.           0.           0.        ]
 [  0.           0.           0.           0.        ]
 [  0.           0.           0.           0.        ]
 [  0.           0.           0.           0.        ]
 [  0.           0.           0.           0.        ]
 [  0.           0.           0.           0.        ]
 [  0.           0.           0.           0.        ]
 [-31.06860542 -30.05017853 -21.76142502 -29.92826843]
 [-27.7322731  -26.55719185 -26.20257187 -20.93857765]
 [-26.26909637 -24.93746185 -25.52238846 -20.70832062]
 [-24.37017059 -23.13576698 -28.48713875 -31.136343  ]
 [  0.           0.           0.           0.        ]
 [  0.           0.           0.           0.        ]
 [  0.           0.           0.           0.        ]
 [  0.           0.           0.           0.        ]
 [  0.           0.           0.           0.        ]
 [  0.           0.           0.           0.        ]
 [-28.76058578 -33.55319595 -27.19298935 -35.48967361]
 [  0.           0.           0.           0.        ]
 [  0.           0.           0.           0.        ]
 [-23.97253609 -21.45938873 -17.31492043 -24.74602509]
 [-20.67784309 -20.11000633 -23.3320446  -25.39768791]
 [  0.           0.           0.           0.        ]
 [  0.           0.           0.           0.        ]
 [  0.           0.           0.           0.        ]
 [  0.           0.           0.           0.        ]
 [-37.51947021 -30.34399223 -35.89017105 -32.39675522]
 [-28.67074203 -26.31655121 -27.51434898 -23.29809761]
 [-27.23375893 -24.77536964 -29.58774376 -31.79678154]
 [  0.           0.           0.           0.        ]
 [-21.49177742 -19.62000084 -16.22845268 -20.90179253]
 [-17.27828979 -16.39635468 -16.88556862 -16.0559864 ]
 [-19.40855026 -19.38239098 -19.39865112 -19.42267418]
 [  0.           0.           0.           0.        ]
 [  0.           0.           0.           0.        ]
 [  0.           0.           0.           0.        ]
 [  0.           0.           0.           0.        ]
 [  0.           0.           0.           0.        ]
 [-22.73798943 -23.4541378  -22.6013031  -25.03854752]
 [  0.           0.           0.           0.        ]
 [-22.37993431 -22.72369003 -22.22024345 -22.37224388]
 [  0.           0.           0.           0.        ]
 [  0.           0.           0.           0.        ]
 [  0.           0.           0.           0.        ]
 [  0.           0.           0.           0.        ]
 [  0.           0.           0.           0.        ]
 [  0.           0.           0.           0.        ]
 [  0.           0.           0.           0.        ]
 [-16.67660332 -16.79976082 -16.64941025 -16.69051933]
 [  0.           0.           0.           0.        ]
 [  0.           0.           0.           0.        ]
 [  0.           0.           0.           0.        ]
 [  0.           0.           0.           0.        ]
 [  0.           0.           0.           0.        ]
 [  0.           0.           0.           0.        ]
 [  0.           0.           0.           0.        ]
 [  0.           0.           0.           0.        ]
 [  0.           0.           0.           0.        ]
 [ -6.5028801   -6.53323603  -6.52379417  -6.49533749]
 [  0.           0.           0.           0.        ]
 [  0.0010214    0.45025852   0.40237048   0.00543444]
 [  0.           0.           0.           0.        ]
 [  0.           0.           0.           0.        ]
 [  0.           0.           0.           0.        ]
 [  0.           0.           0.           0.        ]
 [  0.           0.           0.           0.        ]
 [  0.           0.           0.           0.        ]
 [  0.           0.           0.           0.        ]
 [ -0.81575626  -0.85218346  -0.8024689   -0.84342802]
 [ -0.34600747   0.09280409   0.03477195  -0.3682707 ]
 [  0.00058083   0.08319827   0.06341558  -0.00420635]
 [  0.           0.           0.           0.        ]
 [  0.           0.           0.           0.        ]
 [  0.           0.           0.           0.        ]
 [  0.           0.           0.           0.        ]
 [  0.           0.           0.           0.        ]
 [  0.           0.           0.           0.        ]
 [  0.           0.           0.           0.        ]
 [ -0.27522749  -0.06663929  -0.03138485  -0.12366678]
 [ -0.13508968   0.05718696   0.09816822   0.00457681]
 [ -0.04214849   0.31967056   0.29559645   0.00853159]
 [ -0.0156974    0.42180711   0.40357825  -0.00947179]
 [  0.00372958   0.50830513   0.50008911   0.00011414]
 [  0.0079917    0.50384235   0.50605959   0.00751012]
 [  0.           0.           0.           0.        ]
 [  0.           0.           0.           0.        ]
 [  0.           0.           0.           0.        ]
 [  0.           0.           0.           0.        ]
 [ -0.07759493   0.06804416   0.06167129  -0.04848086]
 [  0.           0.           0.           0.        ]
 [  0.           0.           0.           0.        ]
 [  0.           0.           0.           0.        ]
 [  0.           0.           0.           0.        ]
 [  0.           0.           0.           0.        ]
 [  0.           0.           0.           0.        ]
 [  0.           0.           0.           0.        ]]
Training  | Episode: 710000/1000000  | Episode Reward: -66.4444 | Epsilon: 0.1695 | Goal reached: 0
Training  | Episode: 720000/1000000  | Episode Reward: -274.3333 | Epsilon: 0.1653 | Goal reached: 0
Training  | Episode: 730000/1000000  | Episode Reward: -80.2222 | Epsilon: 0.1612 | Goal reached: 0
Training  | Episode: 740000/1000000  | Episode Reward: -52.3889 | Epsilon: 0.1572 | Goal reached: 0
Training  | Episode: 750000/1000000  | Episode Reward: -97.5556 | Epsilon: 0.1534 | Goal reached: 0
Training  | Episode: 760000/1000000  | Episode Reward: -205.4444 | Epsilon: 0.1496 | Goal reached: 0
Training  | Episode: 770000/1000000  | Episode Reward: -77.6111 | Epsilon: 0.1459 | Goal reached: 0
Training  | Episode: 780000/1000000  | Episode Reward: -432.3889 | Epsilon: 0.1423 | Goal reached: 0
Training  | Episode: 790000/1000000  | Episode Reward: -314.0556 | Epsilon: 0.1388 | Goal reached: 0
Training  | Episode: 800000/1000000  | Episode Reward: -74.6111 | Epsilon: 0.1353 | Goal reached: 0
[[-33.33931732 -30.68581581 -30.64487457 -24.07142258]
 [-22.70259476 -21.85287666 -21.58409691 -22.48843956]
 [-23.06893158 -21.79707146 -21.96271324 -22.94600868]
 [-22.59641457 -27.49503517 -27.70179749 -28.2405014 ]
 [  0.           0.           0.           0.        ]
 [  0.           0.           0.           0.        ]
 [  0.           0.           0.           0.        ]
 [  0.           0.           0.           0.        ]
 [  0.           0.           0.           0.        ]
 [  0.           0.           0.           0.        ]
 [  0.           0.           0.           0.        ]
 [-31.07624245 -30.22738838 -21.99606133 -29.90916061]
 [-27.38884354 -26.55158043 -26.63071442 -21.38282013]
 [-26.6491375  -25.70922279 -25.57594681 -21.04620552]
 [-24.55052948 -23.51733398 -28.03754997 -31.24890709]
 [  0.           0.           0.           0.        ]
 [  0.           0.           0.           0.        ]
 [  0.           0.           0.           0.        ]
 [  0.           0.           0.           0.        ]
 [  0.           0.           0.           0.        ]
 [  0.           0.           0.           0.        ]
 [-28.90384102 -33.56633759 -26.99910545 -35.92628098]
 [  0.           0.           0.           0.        ]
 [  0.           0.           0.           0.        ]
 [-24.70231819 -21.60161018 -17.65477371 -25.28067589]
 [-21.08441353 -20.34302139 -23.91976547 -25.7687397 ]
 [  0.           0.           0.           0.        ]
 [  0.           0.           0.           0.        ]
 [  0.           0.           0.           0.        ]
 [  0.           0.           0.           0.        ]
 [-37.505867   -31.04100609 -36.04080963 -32.8424263 ]
 [-28.85684586 -26.42075729 -27.08308029 -23.58594131]
 [-26.88675499 -24.85580444 -29.72317886 -31.62384224]
 [  0.           0.           0.           0.        ]
 [-22.33599472 -20.42714691 -16.44753838 -21.49747467]
 [-18.07897949 -17.18631744 -17.72512627 -16.43687248]
 [-20.3277874  -20.24302864 -20.39661407 -20.29239273]
 [  0.           0.           0.           0.        ]
 [  0.           0.           0.           0.        ]
 [  0.           0.           0.           0.        ]
 [  0.           0.           0.           0.        ]
 [  0.           0.           0.           0.        ]
 [-23.36724281 -24.22584724 -22.86328316 -26.1522789 ]
 [  0.           0.           0.           0.        ]
 [-22.86625862 -23.61081314 -22.30227089 -22.87688255]
 [  0.           0.           0.           0.        ]
 [  0.           0.           0.           0.        ]
 [  0.           0.           0.           0.        ]
 [  0.           0.           0.           0.        ]
 [  0.           0.           0.           0.        ]
 [  0.           0.           0.           0.        ]
 [  0.           0.           0.           0.        ]
 [-18.38490486 -18.41945076 -18.4175415  -18.44884109]
 [  0.           0.           0.           0.        ]
 [  0.           0.           0.           0.        ]
 [  0.           0.           0.           0.        ]
 [  0.           0.           0.           0.        ]
 [  0.           0.           0.           0.        ]
 [  0.           0.           0.           0.        ]
 [  0.           0.           0.           0.        ]
 [  0.           0.           0.           0.        ]
 [  0.           0.           0.           0.        ]
 [ -8.76072598  -8.75525665  -8.73813915  -8.74725819]
 [  0.           0.           0.           0.        ]
 [  0.0010214    0.32212457   0.40237048   0.00543444]
 [  0.           0.           0.           0.        ]
 [  0.           0.           0.           0.        ]
 [  0.           0.           0.           0.        ]
 [  0.           0.           0.           0.        ]
 [  0.           0.           0.           0.        ]
 [  0.           0.           0.           0.        ]
 [  0.           0.           0.           0.        ]
 [ -1.54069185  -1.53543389  -1.52225912  -1.55549073]
 [ -0.34600398  -0.20182997  -0.19864114  -0.4384428 ]
 [ -0.01858037  -0.04905858  -0.03611465  -0.02241191]
 [  0.           0.           0.           0.        ]
 [  0.           0.           0.           0.        ]
 [  0.           0.           0.           0.        ]
 [  0.           0.           0.           0.        ]
 [  0.           0.           0.           0.        ]
 [  0.           0.           0.           0.        ]
 [  0.           0.           0.           0.        ]
 [ -0.34269387  -0.27625737  -0.25288934  -0.25638303]
 [ -0.24100184  -0.11482847  -0.14312939  -0.11580449]
 [ -0.04214849   0.17069378   0.1740737   -0.00707435]
 [ -0.04828539   0.36389273   0.3685863   -0.00947179]
 [ -0.01720497   0.47781119   0.48313504   0.00011414]
 [  0.0079917    0.50384235   0.48353693   0.00751012]
 [  0.           0.           0.           0.        ]
 [  0.           0.           0.           0.        ]
 [  0.           0.           0.           0.        ]
 [  0.           0.           0.           0.        ]
 [ -0.19662055  -0.20844151  -0.19410987  -0.18796463]
 [  0.           0.           0.           0.        ]
 [  0.           0.           0.           0.        ]
 [  0.           0.           0.           0.        ]
 [  0.           0.           0.           0.        ]
 [  0.           0.           0.           0.        ]
 [  0.           0.           0.           0.        ]
 [  0.           0.           0.           0.        ]]
Training  | Episode: 810000/1000000  | Episode Reward: -61.0000 | Epsilon: 0.1320 | Goal reached: 0
Training  | Episode: 820000/1000000  | Episode Reward: -196.8889 | Epsilon: 0.1287 | Goal reached: 0
Training  | Episode: 830000/1000000  | Episode Reward: -117.9444 | Epsilon: 0.1256 | Goal reached: 0
Training  | Episode: 840000/1000000  | Episode Reward: -197.9444 | Epsilon: 0.1225 | Goal reached: 0
Training  | Episode: 850000/1000000  | Episode Reward: -41.5556 | Epsilon: 0.1194 | Goal reached: 0
Training  | Episode: 860000/1000000  | Episode Reward: -149.4444 | Epsilon: 0.1165 | Goal reached: 0
Training  | Episode: 870000/1000000  | Episode Reward: -127.2222 | Epsilon: 0.1136 | Goal reached: 0
Training  | Episode: 880000/1000000  | Episode Reward: -47.2222 | Epsilon: 0.1108 | Goal reached: 0
Training  | Episode: 890000/1000000  | Episode Reward: -56.3889 | Epsilon: 0.1081 | Goal reached: 0
Training  | Episode: 900000/1000000  | Episode Reward: -138.8333 | Epsilon: 0.1054 | Goal reached: 1
[[-33.39495468 -30.9311924  -30.55971527 -23.61585808]
 [-22.66742325 -21.91993141 -21.85923958 -22.65161896]
 [-23.17503929 -21.90055275 -22.0191021  -23.07601929]
 [-22.45150185 -27.31068611 -27.51799774 -28.51469994]
 [  0.           0.           0.           0.        ]
 [  0.           0.           0.           0.        ]
 [  0.           0.           0.           0.        ]
 [  0.           0.           0.           0.        ]
 [  0.           0.           0.           0.        ]
 [  0.           0.           0.           0.        ]
 [  0.           0.           0.           0.        ]
 [-30.39129639 -29.58831406 -22.32056618 -30.91632843]
 [-27.95111847 -27.09365463 -27.04025841 -21.53131485]
 [-26.75965309 -25.56423378 -25.40279198 -20.99006271]
 [-24.84742737 -22.80690575 -28.70937729 -31.3499527 ]
 [  0.           0.           0.           0.        ]
 [  0.           0.           0.           0.        ]
 [  0.           0.           0.           0.        ]
 [  0.           0.           0.           0.        ]
 [  0.           0.           0.           0.        ]
 [  0.           0.           0.           0.        ]
 [-28.76661682 -33.46525574 -27.03738213 -35.8421402 ]
 [  0.           0.           0.           0.        ]
 [  0.           0.           0.           0.        ]
 [-24.14323997 -21.59525108 -17.44380188 -24.69934845]
 [-21.566576   -20.38676643 -24.54176712 -25.98940086]
 [  0.           0.           0.           0.        ]
 [  0.           0.           0.           0.        ]
 [  0.           0.           0.           0.        ]
 [  0.           0.           0.           0.        ]
 [-37.67832947 -30.9789505  -35.43149185 -32.92729187]
 [-28.69711685 -26.22630692 -27.65262604 -23.23413467]
 [-26.61467171 -24.86677361 -29.56788254 -31.6487751 ]
 [  0.           0.           0.           0.        ]
 [-22.75763321 -20.59025955 -16.56332397 -21.42197227]
 [-18.70885086 -17.66259384 -18.29966736 -16.61277008]
 [-20.65881729 -20.33029366 -20.91966248 -20.7008152 ]
 [  0.           0.           0.           0.        ]
 [  0.           0.           0.           0.        ]
 [  0.           0.           0.           0.        ]
 [  0.           0.           0.           0.        ]
 [  0.           0.           0.           0.        ]
 [-23.7193718  -24.99712372 -23.16561127 -27.06175041]
 [  0.           0.           0.           0.        ]
 [-23.01442528 -24.19609261 -22.28194427 -22.99120903]
 [  0.           0.           0.           0.        ]
 [  0.           0.           0.           0.        ]
 [  0.           0.           0.           0.        ]
 [  0.           0.           0.           0.        ]
 [  0.           0.           0.           0.        ]
 [  0.           0.           0.           0.        ]
 [  0.           0.           0.           0.        ]
 [-19.32437897 -19.46484756 -19.17600632 -19.5835247 ]
 [  0.           0.           0.           0.        ]
 [  0.           0.           0.           0.        ]
 [  0.           0.           0.           0.        ]
 [  0.           0.           0.           0.        ]
 [  0.           0.           0.           0.        ]
 [  0.           0.           0.           0.        ]
 [  0.           0.           0.           0.        ]
 [  0.           0.           0.           0.        ]
 [  0.           0.           0.           0.        ]
 [-11.23250675 -11.23494816 -11.21920013 -11.22416496]
 [  0.           0.           0.           0.        ]
 [  0.0010214    0.21663792   0.17760168  -0.03276182]
 [  0.           0.           0.           0.        ]
 [  0.           0.           0.           0.        ]
 [  0.           0.           0.           0.        ]
 [  0.           0.           0.           0.        ]
 [  0.           0.           0.           0.        ]
 [  0.           0.           0.           0.        ]
 [  0.           0.           0.           0.        ]
 [ -2.27028537  -2.26147532  -2.26639581  -2.2960813 ]
 [ -0.46652293  -0.42754406  -0.47714323  -0.43845841]
 [ -0.10868588  -0.11516184  -0.10291134  -0.12919693]
 [  0.           0.           0.           0.        ]
 [  0.           0.           0.           0.        ]
 [  0.           0.           0.           0.        ]
 [  0.           0.           0.           0.        ]
 [  0.           0.           0.           0.        ]
 [  0.           0.           0.           0.        ]
 [  0.           0.           0.           0.        ]
 [ -0.47701269  -0.47486258  -0.47928548  -0.4751544 ]
 [ -0.24978133  -0.23966375  -0.22301348  -0.22662409]
 [ -0.04214849   0.05441058   0.04563029  -0.00796918]
 [ -0.04828539   0.30694199   0.3085629   -0.04207224]
 [ -0.01720497   0.45486024   0.45510483   0.00011414]
 [  0.0079917    0.49906757   0.48353693   0.00751012]
 [  0.00541944   0.50554305   0.50360513   0.00925303]
 [  0.           0.           0.           0.        ]
 [  0.           0.           0.           0.        ]
 [  0.           0.           0.           0.        ]
 [ -0.393448    -0.37771383  -0.35542485  -0.39699826]
 [  0.           0.           0.           0.        ]
 [  0.           0.           0.           0.        ]
 [  0.           0.           0.           0.        ]
 [  0.           0.           0.           0.        ]
 [  0.           0.           0.           0.        ]
 [  0.00465749   0.50185061   0.5027591    0.00092928]
 [  0.           0.           0.           0.        ]]
Training  | Episode: 910000/1000000  | Episode Reward: -128.4444 | Epsilon: 0.1028 | Goal reached: 1
Training  | Episode: 920000/1000000  | Episode Reward: -259.6111 | Epsilon: 0.1003 | Goal reached: 1
Training  | Episode: 930000/1000000  | Episode Reward: -73.1111 | Epsilon: 0.1000 | Goal reached: 1
Training  | Episode: 940000/1000000  | Episode Reward: -41.5556 | Epsilon: 0.1000 | Goal reached: 1
Training  | Episode: 950000/1000000  | Episode Reward: -104.1667 | Epsilon: 0.1000 | Goal reached: 1
Training  | Episode: 960000/1000000  | Episode Reward: -211.0000 | Epsilon: 0.1000 | Goal reached: 1
Training  | Episode: 970000/1000000  | Episode Reward: -57.2222 | Epsilon: 0.1000 | Goal reached: 1
Training  | Episode: 980000/1000000  | Episode Reward: -204.5556 | Epsilon: 0.1000 | Goal reached: 1
Training  | Episode: 990000/1000000  | Episode Reward: -285.6667 | Epsilon: 0.1000 | Goal reached: 1
