___DISTANCE___
gamma:  0.7 learning rate:  0.01 eps decay:  0.9999975
[[b'S' b'F' b'H' b'H' b'H' b'H' b'H' b'F' b'F' b'H']
 [b'H' b'F' b'H' b'H' b'H' b'H' b'F' b'H' b'F' b'H']
 [b'H' b'F' b'F' b'H' b'H' b'H' b'H' b'H' b'F' b'F']
 [b'H' b'F' b'F' b'H' b'F' b'H' b'H' b'H' b'H' b'H']
 [b'H' b'F' b'F' b'F' b'H' b'F' b'H' b'H' b'H' b'F']
 [b'H' b'F' b'H' b'F' b'F' b'F' b'F' b'H' b'F' b'H']
 [b'F' b'F' b'F' b'F' b'F' b'F' b'H' b'H' b'H' b'H']
 [b'F' b'H' b'H' b'H' b'H' b'F' b'F' b'F' b'F' b'H']
 [b'H' b'F' b'F' b'H' b'F' b'H' b'H' b'H' b'F' b'F']
 [b'H' b'H' b'F' b'H' b'H' b'H' b'F' b'F' b'H' b'G']]
Training  | Episode: 0/1000000  | Episode Reward: -47.2222 | Epsilon: 1.0000 | Goal reached: 0
[[0.00845885 0.00175883 0.00340669 0.00584095]
 [0.         0.         0.         0.        ]
 [0.         0.         0.         0.        ]
 [0.         0.         0.         0.        ]
 [0.         0.         0.         0.        ]
 [0.         0.         0.         0.        ]
 [0.         0.         0.         0.        ]
 [0.         0.         0.         0.        ]
 [0.         0.         0.         0.        ]
 [0.         0.         0.         0.        ]
 [0.         0.         0.         0.        ]
 [0.         0.         0.         0.        ]
 [0.         0.         0.         0.        ]
 [0.         0.         0.         0.        ]
 [0.         0.         0.         0.        ]
 [0.         0.         0.         0.        ]
 [0.         0.         0.         0.        ]
 [0.         0.         0.         0.        ]
 [0.         0.         0.         0.        ]
 [0.         0.         0.         0.        ]
 [0.         0.         0.         0.        ]
 [0.         0.         0.         0.        ]
 [0.         0.         0.         0.        ]
 [0.         0.         0.         0.        ]
 [0.         0.         0.         0.        ]
 [0.         0.         0.         0.        ]
 [0.         0.         0.         0.        ]
 [0.         0.         0.         0.        ]
 [0.         0.         0.         0.        ]
 [0.         0.         0.         0.        ]
 [0.         0.         0.         0.        ]
 [0.         0.         0.         0.        ]
 [0.         0.         0.         0.        ]
 [0.         0.         0.         0.        ]
 [0.         0.         0.         0.        ]
 [0.         0.         0.         0.        ]
 [0.         0.         0.         0.        ]
 [0.         0.         0.         0.        ]
 [0.         0.         0.         0.        ]
 [0.         0.         0.         0.        ]
 [0.         0.         0.         0.        ]
 [0.         0.         0.         0.        ]
 [0.         0.         0.         0.        ]
 [0.         0.         0.         0.        ]
 [0.         0.         0.         0.        ]
 [0.         0.         0.         0.        ]
 [0.         0.         0.         0.        ]
 [0.         0.         0.         0.        ]
 [0.         0.         0.         0.        ]
 [0.         0.         0.         0.        ]
 [0.         0.         0.         0.        ]
 [0.         0.         0.         0.        ]
 [0.         0.         0.         0.        ]
 [0.         0.         0.         0.        ]
 [0.         0.         0.         0.        ]
 [0.         0.         0.         0.        ]
 [0.         0.         0.         0.        ]
 [0.         0.         0.         0.        ]
 [0.         0.         0.         0.        ]
 [0.         0.         0.         0.        ]
 [0.         0.         0.         0.        ]
 [0.         0.         0.         0.        ]
 [0.         0.         0.         0.        ]
 [0.         0.         0.         0.        ]
 [0.         0.         0.         0.        ]
 [0.         0.         0.         0.        ]
 [0.         0.         0.         0.        ]
 [0.         0.         0.         0.        ]
 [0.         0.         0.         0.        ]
 [0.         0.         0.         0.        ]
 [0.         0.         0.         0.        ]
 [0.         0.         0.         0.        ]
 [0.         0.         0.         0.        ]
 [0.         0.         0.         0.        ]
 [0.         0.         0.         0.        ]
 [0.         0.         0.         0.        ]
 [0.         0.         0.         0.        ]
 [0.         0.         0.         0.        ]
 [0.         0.         0.         0.        ]
 [0.         0.         0.         0.        ]
 [0.         0.         0.         0.        ]
 [0.         0.         0.         0.        ]
 [0.         0.         0.         0.        ]
 [0.         0.         0.         0.        ]
 [0.         0.         0.         0.        ]
 [0.         0.         0.         0.        ]
 [0.         0.         0.         0.        ]
 [0.         0.         0.         0.        ]
 [0.         0.         0.         0.        ]
 [0.         0.         0.         0.        ]
 [0.         0.         0.         0.        ]
 [0.         0.         0.         0.        ]
 [0.         0.         0.         0.        ]
 [0.         0.         0.         0.        ]
 [0.         0.         0.         0.        ]
 [0.         0.         0.         0.        ]
 [0.         0.         0.         0.        ]
 [0.         0.         0.         0.        ]
 [0.         0.         0.         0.        ]
 [0.         0.         0.         0.        ]]
Training  | Episode: 10000/1000000  | Episode Reward: -124.2778 | Epsilon: 0.9753 | Goal reached: 0
Training  | Episode: 20000/1000000  | Episode Reward: -57.2222 | Epsilon: 0.9512 | Goal reached: 0
Training  | Episode: 30000/1000000  | Episode Reward: -47.2222 | Epsilon: 0.9277 | Goal reached: 0
Training  | Episode: 40000/1000000  | Episode Reward: -57.2222 | Epsilon: 0.9048 | Goal reached: 0
Training  | Episode: 50000/1000000  | Episode Reward: -47.2222 | Epsilon: 0.8825 | Goal reached: 0
Training  | Episode: 60000/1000000  | Episode Reward: -165.9444 | Epsilon: 0.8607 | Goal reached: 0
Training  | Episode: 70000/1000000  | Episode Reward: -67.2222 | Epsilon: 0.8395 | Goal reached: 0
Training  | Episode: 80000/1000000  | Episode Reward: -57.2222 | Epsilon: 0.8187 | Goal reached: 0
Training  | Episode: 90000/1000000  | Episode Reward: -47.2222 | Epsilon: 0.7985 | Goal reached: 0
Training  | Episode: 100000/1000000  | Episode Reward: -45.3889 | Epsilon: 0.7788 | Goal reached: 0
[[-35.0169487  -32.29844284 -32.6824646  -24.71529388]
 [-23.69611931 -29.44516563 -30.36021614 -31.52272415]
 [  0.           0.           0.           0.        ]
 [  0.           0.           0.           0.        ]
 [  0.           0.           0.           0.        ]
 [  0.           0.           0.           0.        ]
 [  0.           0.           0.           0.        ]
 [  0.           0.           0.           0.        ]
 [  0.           0.           0.           0.        ]
 [  0.           0.           0.           0.        ]
 [  0.           0.           0.           0.        ]
 [-28.42278099 -35.68713379 -28.30123138 -38.52386856]
 [  0.           0.           0.           0.        ]
 [  0.           0.           0.           0.        ]
 [  0.           0.           0.           0.        ]
 [  0.           0.           0.           0.        ]
 [  0.           0.           0.           0.        ]
 [  0.           0.           0.           0.        ]
 [  0.           0.           0.           0.        ]
 [  0.           0.           0.           0.        ]
 [  0.           0.           0.           0.        ]
 [-26.00829697 -24.53043556 -20.09550095 -29.21815491]
 [-24.66884613 -24.54969406 -27.72815323 -33.92767334]
 [  0.           0.           0.           0.        ]
 [  0.           0.           0.           0.        ]
 [  0.           0.           0.           0.        ]
 [  0.           0.           0.           0.        ]
 [  0.           0.           0.           0.        ]
 [  0.           0.           0.           0.        ]
 [  0.           0.           0.           0.        ]
 [  0.           0.           0.           0.        ]
 [-24.13595963 -22.00504494 -15.07271671 -25.86126518]
 [-14.1272192  -18.53640938 -21.27192497 -23.18074036]
 [  0.           0.           0.           0.        ]
 [  0.           0.           0.           0.        ]
 [  0.           0.           0.           0.        ]
 [  0.           0.           0.           0.        ]
 [  0.           0.           0.           0.        ]
 [  0.           0.           0.           0.        ]
 [  0.           0.           0.           0.        ]
 [  0.           0.           0.           0.        ]
 [-20.14110947 -19.4509964  -12.83290482 -21.47302628]
 [-18.2794857  -16.5906086  -15.33922672 -11.62549019]
 [-12.57920742 -11.75921345 -11.76706028 -16.20063972]
 [  0.           0.           0.           0.        ]
 [ -0.54782116  -0.08859748  -0.63332909  -1.41259027]
 [  0.           0.           0.           0.        ]
 [  0.           0.           0.           0.        ]
 [  0.           0.           0.           0.        ]
 [  0.           0.           0.           0.        ]
 [  0.           0.           0.           0.        ]
 [-14.19054699 -15.68830395 -14.93408108 -22.34678078]
 [  0.           0.           0.           0.        ]
 [ -2.41460085  -2.98104811  -2.11839938  -4.99788761]
 [ -1.51792109  -0.64159763  -0.5794996   -0.82039797]
 [ -0.11164568  -0.1325306   -0.11347947  -0.22818711]
 [  0.00242793  -0.32396957   0.00895874   0.00035479]
 [  0.           0.           0.           0.        ]
 [  0.           0.           0.           0.        ]
 [  0.           0.           0.           0.        ]
 [ -1.80887306  -1.57396865  -3.72546983  -3.51509404]
 [ -4.35663271  -3.27063465  -3.09812713  -2.96289706]
 [ -4.96982956  -1.80594611  -2.36936569  -1.84196496]
 [ -1.35171759  -0.89785767  -0.81743556  -0.64001948]
 [ -0.59819484  -1.21380925  -0.76649493  -0.12271064]
 [ -0.08976779  -0.4146353   -0.00489181  -0.08881269]
 [  0.           0.           0.           0.        ]
 [  0.           0.           0.           0.        ]
 [  0.           0.           0.           0.        ]
 [  0.           0.           0.           0.        ]
 [ -1.38495183  -1.24992621  -1.58167338  -2.04528451]
 [  0.           0.           0.           0.        ]
 [  0.           0.           0.           0.        ]
 [  0.           0.           0.           0.        ]
 [  0.           0.           0.           0.        ]
 [  0.00191384   0.00535545   0.00601585   0.00282048]
 [  0.00576452   0.00420678   0.00864723   0.00691639]
 [  0.00024633   0.00299275   0.00477504   0.00153582]
 [  0.           0.           0.           0.        ]
 [  0.           0.           0.           0.        ]
 [  0.           0.           0.           0.        ]
 [  0.           0.           0.           0.        ]
 [  0.           0.           0.           0.        ]
 [  0.           0.           0.           0.        ]
 [  0.           0.           0.           0.        ]
 [  0.           0.           0.           0.        ]
 [  0.           0.           0.           0.        ]
 [  0.           0.           0.           0.        ]
 [  0.           0.           0.           0.        ]
 [  0.           0.           0.           0.        ]
 [  0.           0.           0.           0.        ]
 [  0.           0.           0.           0.        ]
 [  0.           0.           0.           0.        ]
 [  0.           0.           0.           0.        ]
 [  0.           0.           0.           0.        ]
 [  0.           0.           0.           0.        ]
 [  0.           0.           0.           0.        ]
 [  0.           0.           0.           0.        ]
 [  0.           0.           0.           0.        ]
 [  0.           0.           0.           0.        ]]
Training  | Episode: 110000/1000000  | Episode Reward: -57.2222 | Epsilon: 0.7596 | Goal reached: 0
Training  | Episode: 120000/1000000  | Episode Reward: -47.2222 | Epsilon: 0.7408 | Goal reached: 0
Training  | Episode: 130000/1000000  | Episode Reward: -47.2222 | Epsilon: 0.7225 | Goal reached: 0
Training  | Episode: 140000/1000000  | Episode Reward: -57.2222 | Epsilon: 0.7047 | Goal reached: 0
Training  | Episode: 150000/1000000  | Episode Reward: -47.2222 | Epsilon: 0.6873 | Goal reached: 0
Training  | Episode: 160000/1000000  | Episode Reward: -98.1667 | Epsilon: 0.6703 | Goal reached: 0
Training  | Episode: 170000/1000000  | Episode Reward: -111.5556 | Epsilon: 0.6538 | Goal reached: 0
Training  | Episode: 180000/1000000  | Episode Reward: -87.2222 | Epsilon: 0.6376 | Goal reached: 0
Training  | Episode: 190000/1000000  | Episode Reward: -98.5000 | Epsilon: 0.6219 | Goal reached: 0
Training  | Episode: 200000/1000000  | Episode Reward: -64.2778 | Epsilon: 0.6065 | Goal reached: 0
[[-33.14702225 -31.41755295 -30.30787849 -24.37921524]
 [-24.16271019 -30.21337891 -28.90948486 -33.19542313]
 [  0.           0.           0.           0.        ]
 [  0.           0.           0.           0.        ]
 [  0.           0.           0.           0.        ]
 [  0.           0.           0.           0.        ]
 [  0.           0.           0.           0.        ]
 [  0.           0.           0.           0.        ]
 [  0.           0.           0.           0.        ]
 [  0.           0.           0.           0.        ]
 [  0.           0.           0.           0.        ]
 [-30.28922462 -34.94769287 -27.88259697 -37.25491333]
 [  0.           0.           0.           0.        ]
 [  0.           0.           0.           0.        ]
 [  0.           0.           0.           0.        ]
 [  0.           0.           0.           0.        ]
 [  0.           0.           0.           0.        ]
 [  0.           0.           0.           0.        ]
 [  0.           0.           0.           0.        ]
 [  0.           0.           0.           0.        ]
 [  0.           0.           0.           0.        ]
 [-27.4502182  -27.28089523 -19.73558807 -30.082798  ]
 [-27.17498589 -25.09105682 -31.197649   -32.76686859]
 [  0.           0.           0.           0.        ]
 [  0.           0.           0.           0.        ]
 [  0.           0.           0.           0.        ]
 [  0.           0.           0.           0.        ]
 [  0.           0.           0.           0.        ]
 [  0.           0.           0.           0.        ]
 [  0.           0.           0.           0.        ]
 [  0.           0.           0.           0.        ]
 [-26.0205555  -19.3179245  -16.21739197 -25.50574493]
 [-17.27869606 -21.03984833 -22.08130836 -23.45454216]
 [  0.           0.           0.           0.        ]
 [  0.           0.           0.           0.        ]
 [  0.           0.           0.           0.        ]
 [  0.           0.           0.           0.        ]
 [  0.           0.           0.           0.        ]
 [  0.           0.           0.           0.        ]
 [  0.           0.           0.           0.        ]
 [  0.           0.           0.           0.        ]
 [-23.83242416 -23.01223373 -15.84479809 -21.56032181]
 [-19.78032112 -18.21702385 -21.06462479 -15.0772419 ]
 [-17.99633789 -15.72890282 -19.50619316 -24.35357094]
 [  0.           0.           0.           0.        ]
 [ -0.70564139  -1.07378602  -1.17609859  -1.41259027]
 [  0.           0.           0.           0.        ]
 [  0.           0.           0.           0.        ]
 [  0.           0.           0.           0.        ]
 [  0.           0.           0.           0.        ]
 [  0.           0.           0.           0.        ]
 [-19.85616493 -20.9726944  -18.33770561 -26.14144135]
 [  0.           0.           0.           0.        ]
 [ -7.67696905  -8.41466141  -5.52799749 -10.59209824]
 [ -3.59244847  -1.82990766  -3.14238834  -4.17024088]
 [ -0.26478067  -0.38334519  -0.26994088  -0.26230684]
 [ -0.65739107  -1.284675    -0.7600615   -0.62019455]
 [  0.           0.           0.           0.        ]
 [  0.           0.           0.           0.        ]
 [  0.           0.           0.           0.        ]
 [ -6.30045652  -5.56993914  -6.80975914  -8.2846365 ]
 [-12.06337833  -8.80619144 -10.16088009  -8.30897141]
 [-11.3701086   -7.42381191  -6.91108942  -7.40394163]
 [ -4.70188808  -2.46425223  -2.83066964  -2.41205263]
 [ -1.79308772  -3.04430509  -1.95836186  -1.15877461]
 [ -0.28135642  -0.81756979  -0.34977576  -1.15257263]
 [  0.           0.           0.           0.        ]
 [  0.           0.           0.           0.        ]
 [  0.           0.           0.           0.        ]
 [  0.           0.           0.           0.        ]
 [ -3.67782688  -4.15511465  -5.30613041  -3.96564555]
 [  0.           0.           0.           0.        ]
 [  0.           0.           0.           0.        ]
 [  0.           0.           0.           0.        ]
 [  0.           0.           0.           0.        ]
 [  0.00191384  -0.38129595  -0.07195073  -0.07517311]
 [  0.00576452  -0.00025495  -0.32471907   0.00691639]
 [  0.00024633   0.00299275   0.00477504  -0.2761595 ]
 [  0.           0.           0.           0.        ]
 [  0.           0.           0.           0.        ]
 [  0.           0.           0.           0.        ]
 [  0.           0.           0.           0.        ]
 [  0.           0.           0.           0.        ]
 [  0.           0.           0.           0.        ]
 [  0.           0.           0.           0.        ]
 [  0.           0.           0.           0.        ]
 [  0.           0.           0.           0.        ]
 [  0.           0.           0.           0.        ]
 [  0.           0.           0.           0.        ]
 [  0.           0.           0.           0.        ]
 [  0.           0.           0.           0.        ]
 [  0.           0.           0.           0.        ]
 [  0.           0.           0.           0.        ]
 [  0.           0.           0.           0.        ]
 [  0.           0.           0.           0.        ]
 [  0.           0.           0.           0.        ]
 [  0.           0.           0.           0.        ]
 [  0.           0.           0.           0.        ]
 [  0.           0.           0.           0.        ]
 [  0.           0.           0.           0.        ]]
Training  | Episode: 210000/1000000  | Episode Reward: -49.5556 | Epsilon: 0.5916 | Goal reached: 0
Training  | Episode: 220000/1000000  | Episode Reward: -57.2222 | Epsilon: 0.5769 | Goal reached: 0
Training  | Episode: 230000/1000000  | Episode Reward: -45.3889 | Epsilon: 0.5627 | Goal reached: 0
Training  | Episode: 240000/1000000  | Episode Reward: -58.1667 | Epsilon: 0.5488 | Goal reached: 0
Training  | Episode: 250000/1000000  | Episode Reward: -65.3889 | Epsilon: 0.5353 | Goal reached: 0
Training  | Episode: 260000/1000000  | Episode Reward: -78.1667 | Epsilon: 0.5220 | Goal reached: 0
Training  | Episode: 270000/1000000  | Episode Reward: -115.1667 | Epsilon: 0.5092 | Goal reached: 0
Training  | Episode: 280000/1000000  | Episode Reward: -57.2222 | Epsilon: 0.4966 | Goal reached: 0
Training  | Episode: 290000/1000000  | Episode Reward: -45.3889 | Epsilon: 0.4843 | Goal reached: 0
Training  | Episode: 300000/1000000  | Episode Reward: -77.2222 | Epsilon: 0.4724 | Goal reached: 0
[[-33.83798218 -31.86822891 -30.69924545 -26.15800667]
 [-24.9349823  -31.13593864 -31.86464691 -33.3347435 ]
 [  0.           0.           0.           0.        ]
 [  0.           0.           0.           0.        ]
 [  0.           0.           0.           0.        ]
 [  0.           0.           0.           0.        ]
 [  0.           0.           0.           0.        ]
 [  0.           0.           0.           0.        ]
 [  0.           0.           0.           0.        ]
 [  0.           0.           0.           0.        ]
 [  0.           0.           0.           0.        ]
 [-28.59653473 -35.8727951  -30.45999336 -37.94496155]
 [  0.           0.           0.           0.        ]
 [  0.           0.           0.           0.        ]
 [  0.           0.           0.           0.        ]
 [  0.           0.           0.           0.        ]
 [  0.           0.           0.           0.        ]
 [  0.           0.           0.           0.        ]
 [  0.           0.           0.           0.        ]
 [  0.           0.           0.           0.        ]
 [  0.           0.           0.           0.        ]
 [-29.08321762 -27.66804123 -20.36954498 -30.84716797]
 [-25.96669197 -24.04129219 -28.51480865 -32.85905457]
 [  0.           0.           0.           0.        ]
 [  0.           0.           0.           0.        ]
 [  0.           0.           0.           0.        ]
 [  0.           0.           0.           0.        ]
 [  0.           0.           0.           0.        ]
 [  0.           0.           0.           0.        ]
 [  0.           0.           0.           0.        ]
 [  0.           0.           0.           0.        ]
 [-24.54547882 -20.29437637 -16.4741993  -27.27398872]
 [-17.25627899 -22.88418198 -21.19108963 -23.8520813 ]
 [  0.           0.           0.           0.        ]
 [  0.           0.           0.           0.        ]
 [  0.           0.           0.           0.        ]
 [  0.           0.           0.           0.        ]
 [  0.           0.           0.           0.        ]
 [  0.           0.           0.           0.        ]
 [  0.           0.           0.           0.        ]
 [  0.           0.           0.           0.        ]
 [-23.41402626 -22.91403961 -15.66373444 -24.83128357]
 [-19.96934128 -19.59756279 -21.95664215 -15.72025013]
 [-19.49044418 -17.42476463 -21.55535126 -26.12335396]
 [  0.           0.           0.           0.        ]
 [ -2.99493957  -3.16981244  -2.97568631  -2.85165596]
 [  0.           0.           0.           0.        ]
 [  0.           0.           0.           0.        ]
 [  0.           0.           0.           0.        ]
 [  0.           0.           0.           0.        ]
 [  0.           0.           0.           0.        ]
 [-22.89932251 -23.05587006 -19.8484993  -27.40426826]
 [  0.           0.           0.           0.        ]
 [-14.17345619 -11.20754528  -8.75594425 -15.00356197]
 [ -9.75163174  -4.51504803  -5.9651041   -7.47086573]
 [ -1.13185883  -1.09036648  -1.09070992  -1.16711783]
 [ -2.87112427  -2.53699636  -2.6016295   -2.97899842]
 [  0.           0.           0.           0.        ]
 [  0.           0.           0.           0.        ]
 [  0.           0.           0.           0.        ]
 [-12.49621868 -11.240242   -11.96815491 -12.01444244]
 [-17.22256851 -14.60956573 -17.47100067 -12.96143627]
 [-14.94803143 -11.96808434 -13.70361042 -12.39751434]
 [ -6.83442926  -6.87900591  -6.42410946  -6.01010561]
 [ -4.30156565  -5.28327847  -3.44108462  -3.2723763 ]
 [ -1.24677622  -2.18157339  -2.25038075  -2.10602617]
 [  0.           0.           0.           0.        ]
 [  0.           0.           0.           0.        ]
 [  0.           0.           0.           0.        ]
 [  0.           0.           0.           0.        ]
 [ -9.51424789  -9.65550709 -10.30115414  -9.72101402]
 [  0.           0.           0.           0.        ]
 [  0.           0.           0.           0.        ]
 [  0.           0.           0.           0.        ]
 [  0.           0.           0.           0.        ]
 [ -0.65904886  -0.37912875  -0.53133082  -0.46245009]
 [  0.00576452  -0.00025495  -0.32471907   0.00240047]
 [  0.00024633   0.00299275   0.00477504  -0.2761595 ]
 [  0.           0.           0.           0.        ]
 [  0.           0.           0.           0.        ]
 [  0.           0.           0.           0.        ]
 [  0.           0.           0.           0.        ]
 [  0.           0.           0.           0.        ]
 [  0.           0.           0.           0.        ]
 [  0.           0.           0.           0.        ]
 [  0.           0.           0.           0.        ]
 [  0.           0.           0.           0.        ]
 [  0.           0.           0.           0.        ]
 [  0.           0.           0.           0.        ]
 [  0.           0.           0.           0.        ]
 [  0.           0.           0.           0.        ]
 [  0.           0.           0.           0.        ]
 [  0.           0.           0.           0.        ]
 [  0.           0.           0.           0.        ]
 [  0.           0.           0.           0.        ]
 [  0.           0.           0.           0.        ]
 [  0.           0.           0.           0.        ]
 [  0.           0.           0.           0.        ]
 [  0.           0.           0.           0.        ]
 [  0.           0.           0.           0.        ]]
Training  | Episode: 310000/1000000  | Episode Reward: -47.2222 | Epsilon: 0.4607 | Goal reached: 0
Training  | Episode: 320000/1000000  | Episode Reward: -47.1111 | Epsilon: 0.4493 | Goal reached: 0
Training  | Episode: 330000/1000000  | Episode Reward: -82.9444 | Epsilon: 0.4382 | Goal reached: 0
Training  | Episode: 340000/1000000  | Episode Reward: -58.7778 | Epsilon: 0.4274 | Goal reached: 0
Training  | Episode: 350000/1000000  | Episode Reward: -63.5000 | Epsilon: 0.4169 | Goal reached: 0
Training  | Episode: 360000/1000000  | Episode Reward: -57.2222 | Epsilon: 0.4066 | Goal reached: 0
Training  | Episode: 370000/1000000  | Episode Reward: -165.8333 | Epsilon: 0.3965 | Goal reached: 0
Training  | Episode: 380000/1000000  | Episode Reward: -43.5000 | Epsilon: 0.3867 | Goal reached: 0
Training  | Episode: 390000/1000000  | Episode Reward: -210.7222 | Epsilon: 0.3772 | Goal reached: 0
Training  | Episode: 400000/1000000  | Episode Reward: -45.3889 | Epsilon: 0.3679 | Goal reached: 0
[[-33.81772995 -32.20782089 -32.55251312 -25.33000946]
 [-25.0501976  -32.52481842 -30.19952393 -33.68853378]
 [  0.           0.           0.           0.        ]
 [  0.           0.           0.           0.        ]
 [  0.           0.           0.           0.        ]
 [  0.           0.           0.           0.        ]
 [  0.           0.           0.           0.        ]
 [  0.           0.           0.           0.        ]
 [  0.           0.           0.           0.        ]
 [  0.           0.           0.           0.        ]
 [  0.           0.           0.           0.        ]
 [-29.98386955 -36.29895401 -27.58037376 -37.98016357]
 [  0.           0.           0.           0.        ]
 [  0.           0.           0.           0.        ]
 [  0.           0.           0.           0.        ]
 [  0.           0.           0.           0.        ]
 [  0.           0.           0.           0.        ]
 [  0.           0.           0.           0.        ]
 [  0.           0.           0.           0.        ]
 [  0.           0.           0.           0.        ]
 [  0.           0.           0.           0.        ]
 [-28.66207695 -26.65579414 -19.53542328 -28.91352844]
 [-25.67166519 -24.46078682 -30.48368645 -34.66494751]
 [  0.           0.           0.           0.        ]
 [  0.           0.           0.           0.        ]
 [  0.           0.           0.           0.        ]
 [  0.           0.           0.           0.        ]
 [  0.           0.           0.           0.        ]
 [  0.           0.           0.           0.        ]
 [  0.           0.           0.           0.        ]
 [  0.           0.           0.           0.        ]
 [-27.44818878 -23.09155655 -16.97044182 -24.31550789]
 [-17.61158562 -20.75820732 -22.9969883  -23.92074013]
 [  0.           0.           0.           0.        ]
 [  0.           0.           0.           0.        ]
 [  0.           0.           0.           0.        ]
 [  0.           0.           0.           0.        ]
 [  0.           0.           0.           0.        ]
 [  0.           0.           0.           0.        ]
 [  0.           0.           0.           0.        ]
 [  0.           0.           0.           0.        ]
 [-23.92628479 -24.58964348 -15.80092144 -25.16035652]
 [-21.38120842 -20.39236641 -20.46685791 -15.61703682]
 [-19.27991486 -16.6254158  -24.11147881 -25.79265213]
 [  0.           0.           0.           0.        ]
 [ -5.89497662  -6.06980515  -5.93595552  -6.1458106 ]
 [  0.           0.           0.           0.        ]
 [  0.           0.           0.           0.        ]
 [  0.           0.           0.           0.        ]
 [  0.           0.           0.           0.        ]
 [  0.           0.           0.           0.        ]
 [-21.95524025 -27.71575546 -18.93344688 -28.35977173]
 [  0.           0.           0.           0.        ]
 [-19.30381584 -15.08927917 -10.58024597 -15.78721714]
 [-12.15299129  -7.61306667  -9.29284763 -10.07471085]
 [ -2.95721936  -3.00808835  -2.90016651  -3.40304637]
 [ -4.92892265  -4.84566784  -4.89870262  -4.94941616]
 [  0.           0.           0.           0.        ]
 [  0.           0.           0.           0.        ]
 [  0.           0.           0.           0.        ]
 [-18.68383026 -14.85540771 -17.13650131 -17.93306732]
 [-19.16143417 -16.91730309 -19.66950798 -14.99140072]
 [-18.78035736 -16.45535088 -18.58598328 -16.88887405]
 [-11.7230835  -11.53386021 -11.15770626 -10.13523293]
 [ -8.1826973   -6.49447632  -6.7335434   -6.479074  ]
 [ -3.82625866  -3.88879824  -4.15561676  -3.95055723]
 [  0.           0.           0.           0.        ]
 [  0.           0.           0.           0.        ]
 [  0.           0.           0.           0.        ]
 [  0.           0.           0.           0.        ]
 [-16.35894394 -16.55431747 -16.49954224 -16.38928032]
 [  0.           0.           0.           0.        ]
 [  0.           0.           0.           0.        ]
 [  0.           0.           0.           0.        ]
 [  0.           0.           0.           0.        ]
 [ -1.7198894   -1.74289131  -1.53168738  -1.60694802]
 [ -0.86319691  -0.66374135  -0.9601081   -0.65741742]
 [ -0.59866929  -0.28348887  -0.54297364  -0.32742554]
 [  0.00965479   0.00804633   0.00426568  -0.22036251]
 [  0.           0.           0.           0.        ]
 [  0.           0.           0.           0.        ]
 [  0.           0.           0.           0.        ]
 [  0.           0.           0.           0.        ]
 [  0.           0.           0.           0.        ]
 [  0.           0.           0.           0.        ]
 [  0.           0.           0.           0.        ]
 [  0.           0.           0.           0.        ]
 [  0.           0.           0.           0.        ]
 [  0.00514814   0.00290726   0.00062528   0.00382022]
 [  0.           0.           0.           0.        ]
 [  0.           0.           0.           0.        ]
 [  0.           0.           0.           0.        ]
 [  0.           0.           0.           0.        ]
 [  0.           0.           0.           0.        ]
 [  0.           0.           0.           0.        ]
 [  0.           0.           0.           0.        ]
 [  0.           0.           0.           0.        ]
 [  0.           0.           0.           0.        ]
 [  0.           0.           0.           0.        ]
 [  0.           0.           0.           0.        ]]
Training  | Episode: 410000/1000000  | Episode Reward: -104.8333 | Epsilon: 0.3588 | Goal reached: 0
Training  | Episode: 420000/1000000  | Episode Reward: -108.1667 | Epsilon: 0.3499 | Goal reached: 0
Training  | Episode: 430000/1000000  | Episode Reward: -160.4444 | Epsilon: 0.3413 | Goal reached: 0
Training  | Episode: 440000/1000000  | Episode Reward: -67.2222 | Epsilon: 0.3329 | Goal reached: 0
Training  | Episode: 450000/1000000  | Episode Reward: -104.2778 | Epsilon: 0.3247 | Goal reached: 0
Training  | Episode: 460000/1000000  | Episode Reward: -88.1667 | Epsilon: 0.3166 | Goal reached: 0
Training  | Episode: 470000/1000000  | Episode Reward: -147.6111 | Epsilon: 0.3088 | Goal reached: 0
Training  | Episode: 480000/1000000  | Episode Reward: -55.3889 | Epsilon: 0.3012 | Goal reached: 0
Training  | Episode: 490000/1000000  | Episode Reward: -39.5556 | Epsilon: 0.2938 | Goal reached: 0
Training  | Episode: 500000/1000000  | Episode Reward: -204.6667 | Epsilon: 0.2865 | Goal reached: 0
[[-34.18341064 -32.20894623 -35.05941772 -27.69702339]
 [-25.9336319  -32.35514832 -32.09398651 -32.83998108]
 [  0.           0.           0.           0.        ]
 [  0.           0.           0.           0.        ]
 [  0.           0.           0.           0.        ]
 [  0.           0.           0.           0.        ]
 [  0.           0.           0.           0.        ]
 [  0.           0.           0.           0.        ]
 [  0.           0.           0.           0.        ]
 [  0.           0.           0.           0.        ]
 [  0.           0.           0.           0.        ]
 [-31.21459198 -32.64406967 -29.62435532 -37.22940445]
 [  0.           0.           0.           0.        ]
 [  0.           0.           0.           0.        ]
 [  0.           0.           0.           0.        ]
 [  0.           0.           0.           0.        ]
 [  0.           0.           0.           0.        ]
 [  0.           0.           0.           0.        ]
 [  0.           0.           0.           0.        ]
 [  0.           0.           0.           0.        ]
 [  0.           0.           0.           0.        ]
 [-30.68689728 -27.80483246 -21.95442009 -31.48174667]
 [-27.4867878  -25.43039513 -32.07650375 -33.32241058]
 [  0.           0.           0.           0.        ]
 [  0.           0.           0.           0.        ]
 [  0.           0.           0.           0.        ]
 [  0.           0.           0.           0.        ]
 [  0.           0.           0.           0.        ]
 [  0.           0.           0.           0.        ]
 [  0.           0.           0.           0.        ]
 [  0.           0.           0.           0.        ]
 [-24.5006218  -23.03519821 -18.02711296 -26.38424492]
 [-18.01592636 -22.97101402 -23.36166191 -23.10369492]
 [  0.           0.           0.           0.        ]
 [  0.           0.           0.           0.        ]
 [  0.           0.           0.           0.        ]
 [  0.           0.           0.           0.        ]
 [  0.           0.           0.           0.        ]
 [  0.           0.           0.           0.        ]
 [  0.           0.           0.           0.        ]
 [  0.           0.           0.           0.        ]
 [-26.05011368 -22.59134102 -17.26535416 -26.11186218]
 [-22.33604622 -21.05853844 -21.39258766 -16.58865929]
 [-21.08560562 -18.09795761 -21.39796638 -26.75319481]
 [  0.           0.           0.           0.        ]
 [ -9.50389004  -9.69352436  -9.56962776  -9.78786755]
 [  0.           0.           0.           0.        ]
 [  0.           0.           0.           0.        ]
 [  0.           0.           0.           0.        ]
 [  0.           0.           0.           0.        ]
 [  0.           0.           0.           0.        ]
 [-22.29024887 -26.57770157 -21.8280735  -28.60329628]
 [  0.           0.           0.           0.        ]
 [-19.19282913 -16.14395523 -12.81100464 -18.82941628]
 [-13.0232687   -9.35640526 -12.20178318 -12.43015766]
 [ -5.87528753  -5.47933865  -5.5356617   -5.75176573]
 [ -7.94886494  -7.82125854  -7.94834948  -7.90005589]
 [  0.           0.           0.           0.        ]
 [  0.           0.           0.           0.        ]
 [  0.           0.           0.           0.        ]
 [-22.52173424 -17.69374657 -20.08442879 -21.34745407]
 [-19.70190811 -18.09267616 -21.3776741  -16.8983345 ]
 [-22.47868919 -18.22949028 -21.74050331 -19.26920509]
 [-15.35604477 -13.57996941 -13.31054974 -12.06782913]
 [-11.40623283  -9.65836525  -9.47565079  -9.05736446]
 [ -6.08500957  -6.28160429  -6.12919188  -6.38665104]
 [  0.           0.           0.           0.        ]
 [  0.           0.           0.           0.        ]
 [  0.           0.           0.           0.        ]
 [  0.           0.           0.           0.        ]
 [-21.11461449 -21.20373154 -21.1875     -20.94990349]
 [  0.           0.           0.           0.        ]
 [  0.           0.           0.           0.        ]
 [  0.           0.           0.           0.        ]
 [  0.           0.           0.           0.        ]
 [ -4.1851778   -3.98250747  -3.77526712  -4.04461527]
 [ -1.68327832  -1.46929359  -1.56504941  -1.54984975]
 [ -0.91596174  -0.52979016  -0.69864845  -0.46455336]
 [ -0.03888308   0.00345181  -0.10681359  -0.22036251]
 [  0.           0.           0.           0.        ]
 [  0.           0.           0.           0.        ]
 [  0.           0.           0.           0.        ]
 [  0.           0.           0.           0.        ]
 [  0.           0.           0.           0.        ]
 [  0.           0.           0.           0.        ]
 [  0.           0.           0.           0.        ]
 [  0.           0.           0.           0.        ]
 [  0.           0.           0.           0.        ]
 [ -0.16148913   0.00290726   0.00062528   0.00382022]
 [  0.           0.           0.           0.        ]
 [  0.           0.           0.           0.        ]
 [  0.           0.           0.           0.        ]
 [  0.           0.           0.           0.        ]
 [  0.           0.           0.           0.        ]
 [  0.           0.           0.           0.        ]
 [  0.           0.           0.           0.        ]
 [  0.           0.           0.           0.        ]
 [  0.           0.           0.           0.        ]
 [  0.           0.           0.           0.        ]
 [  0.           0.           0.           0.        ]]
Training  | Episode: 510000/1000000  | Episode Reward: -85.3889 | Epsilon: 0.2794 | Goal reached: 0
Training  | Episode: 520000/1000000  | Episode Reward: -146.2778 | Epsilon: 0.2725 | Goal reached: 0
Training  | Episode: 530000/1000000  | Episode Reward: -82.6667 | Epsilon: 0.2658 | Goal reached: 0
Training  | Episode: 540000/1000000  | Episode Reward: -343.5000 | Epsilon: 0.2592 | Goal reached: 0
Training  | Episode: 550000/1000000  | Episode Reward: -245.3333 | Epsilon: 0.2528 | Goal reached: 0
Training  | Episode: 560000/1000000  | Episode Reward: -63.5000 | Epsilon: 0.2466 | Goal reached: 0
Training  | Episode: 570000/1000000  | Episode Reward: -157.5556 | Epsilon: 0.2405 | Goal reached: 0
Training  | Episode: 580000/1000000  | Episode Reward: -254.6111 | Epsilon: 0.2346 | Goal reached: 0
Training  | Episode: 590000/1000000  | Episode Reward: -102.9444 | Epsilon: 0.2288 | Goal reached: 0
Training  | Episode: 600000/1000000  | Episode Reward: -47.2222 | Epsilon: 0.2231 | Goal reached: 0
[[-34.68201065 -32.77243805 -32.69153595 -26.26632881]
 [-25.47064781 -32.21574783 -31.14204597 -32.57041168]
 [  0.           0.           0.           0.        ]
 [  0.           0.           0.           0.        ]
 [  0.           0.           0.           0.        ]
 [  0.           0.           0.           0.        ]
 [  0.           0.           0.           0.        ]
 [  0.           0.           0.           0.        ]
 [  0.           0.           0.           0.        ]
 [  0.           0.           0.           0.        ]
 [  0.           0.           0.           0.        ]
 [-30.12491226 -33.93125916 -30.73826027 -38.92090607]
 [  0.           0.           0.           0.        ]
 [  0.           0.           0.           0.        ]
 [  0.           0.           0.           0.        ]
 [  0.           0.           0.           0.        ]
 [  0.           0.           0.           0.        ]
 [  0.           0.           0.           0.        ]
 [  0.           0.           0.           0.        ]
 [  0.           0.           0.           0.        ]
 [  0.           0.           0.           0.        ]
 [-30.61522865 -28.11627388 -20.56690216 -30.95398331]
 [-29.21979523 -24.84397316 -29.57519722 -32.8038063 ]
 [  0.           0.           0.           0.        ]
 [  0.           0.           0.           0.        ]
 [  0.           0.           0.           0.        ]
 [  0.           0.           0.           0.        ]
 [  0.           0.           0.           0.        ]
 [  0.           0.           0.           0.        ]
 [  0.           0.           0.           0.        ]
 [  0.           0.           0.           0.        ]
 [-27.65225792 -24.5497036  -17.52724838 -25.66305733]
 [-18.21252823 -22.02489281 -24.41246223 -24.26713943]
 [  0.           0.           0.           0.        ]
 [  0.           0.           0.           0.        ]
 [  0.           0.           0.           0.        ]
 [  0.           0.           0.           0.        ]
 [  0.           0.           0.           0.        ]
 [  0.           0.           0.           0.        ]
 [  0.           0.           0.           0.        ]
 [  0.           0.           0.           0.        ]
 [-25.38557434 -23.28420258 -16.80867004 -25.89853668]
 [-21.89268112 -21.4877224  -21.63202477 -16.2599926 ]
 [-20.33902168 -18.2781868  -22.76832581 -27.18393135]
 [  0.           0.           0.           0.        ]
 [-14.81760788 -14.78276443 -14.82232857 -14.75096989]
 [  0.           0.           0.           0.        ]
 [  0.           0.           0.           0.        ]
 [  0.           0.           0.           0.        ]
 [  0.           0.           0.           0.        ]
 [  0.           0.           0.           0.        ]
 [-22.99610901 -26.38607407 -21.02256966 -27.13333321]
 [  0.           0.           0.           0.        ]
 [-20.79002571 -15.66244411 -12.76984882 -16.98823547]
 [-15.38538837 -10.28217316 -13.18808842 -13.41742897]
 [ -9.08268356  -9.1244154   -9.11819839  -9.06308556]
 [-11.96408176 -11.8451519  -11.87131882 -11.85914707]
 [  0.           0.           0.           0.        ]
 [  0.           0.           0.           0.        ]
 [  0.           0.           0.           0.        ]
 [-23.51115608 -18.51574135 -23.36884689 -22.82218933]
 [-21.39710808 -18.82203484 -21.19527626 -17.15472031]
 [-23.20885658 -17.63516426 -22.91857147 -18.42595673]
 [-16.48488617 -15.59799957 -14.23799801 -11.97872829]
 [-12.40684891 -11.69614315 -10.94840336  -9.95465279]
 [ -8.5837822   -8.79081535  -8.9658165   -8.68734264]
 [  0.           0.           0.           0.        ]
 [  0.           0.           0.           0.        ]
 [  0.           0.           0.           0.        ]
 [  0.           0.           0.           0.        ]
 [-23.3777504  -23.93874359 -23.62186432 -23.18329048]
 [  0.           0.           0.           0.        ]
 [  0.           0.           0.           0.        ]
 [  0.           0.           0.           0.        ]
 [  0.           0.           0.           0.        ]
 [ -6.76538849  -6.63554192  -6.72210026  -6.52861547]
 [ -2.2373333   -2.27916288  -2.41764164  -2.17331529]
 [ -0.91596174  -0.68732655  -0.97309411  -0.72704095]
 [ -0.14424816  -0.10770112  -0.32683697  -0.22036251]
 [  0.           0.           0.           0.        ]
 [  0.           0.           0.           0.        ]
 [  0.           0.           0.           0.        ]
 [  0.           0.           0.           0.        ]
 [  0.           0.           0.           0.        ]
 [  0.           0.           0.           0.        ]
 [  0.           0.           0.           0.        ]
 [  0.           0.           0.           0.        ]
 [  0.           0.           0.           0.        ]
 [ -0.16148913  -0.05259148   0.00062528  -0.0295298 ]
 [  0.           0.           0.           0.        ]
 [  0.           0.           0.           0.        ]
 [  0.           0.           0.           0.        ]
 [  0.           0.           0.           0.        ]
 [  0.           0.           0.           0.        ]
 [  0.           0.           0.           0.        ]
 [  0.           0.           0.           0.        ]
 [  0.           0.           0.           0.        ]
 [  0.           0.           0.           0.        ]
 [  0.           0.           0.           0.        ]
 [  0.           0.           0.           0.        ]]
Training  | Episode: 610000/1000000  | Episode Reward: -43.5000 | Epsilon: 0.2176 | Goal reached: 0
Training  | Episode: 620000/1000000  | Episode Reward: -138.1667 | Epsilon: 0.2122 | Goal reached: 0
Training  | Episode: 630000/1000000  | Episode Reward: -120.2778 | Epsilon: 0.2070 | Goal reached: 0
Training  | Episode: 640000/1000000  | Episode Reward: -87.2222 | Epsilon: 0.2019 | Goal reached: 0
Training  | Episode: 650000/1000000  | Episode Reward: -86.5000 | Epsilon: 0.1969 | Goal reached: 0
Training  | Episode: 660000/1000000  | Episode Reward: -88.5000 | Epsilon: 0.1920 | Goal reached: 0
Training  | Episode: 670000/1000000  | Episode Reward: -115.1111 | Epsilon: 0.1873 | Goal reached: 0
Training  | Episode: 680000/1000000  | Episode Reward: -102.3889 | Epsilon: 0.1827 | Goal reached: 0
Training  | Episode: 690000/1000000  | Episode Reward: -57.1111 | Epsilon: 0.1782 | Goal reached: 0
Training  | Episode: 700000/1000000  | Episode Reward: -135.7222 | Epsilon: 0.1738 | Goal reached: 0
[[-36.6723175  -33.80687714 -33.72370148 -26.94009972]
 [-26.68740845 -31.41510582 -33.32296753 -32.28820419]
 [  0.           0.           0.           0.        ]
 [  0.           0.           0.           0.        ]
 [  0.           0.           0.           0.        ]
 [  0.           0.           0.           0.        ]
 [  0.           0.           0.           0.        ]
 [  0.           0.           0.           0.        ]
 [  0.           0.           0.           0.        ]
 [  0.           0.           0.           0.        ]
 [  0.           0.           0.           0.        ]
 [-29.9396534  -34.64981079 -30.47493172 -38.99064255]
 [  0.           0.           0.           0.        ]
 [  0.           0.           0.           0.        ]
 [  0.           0.           0.           0.        ]
 [  0.           0.           0.           0.        ]
 [  0.           0.           0.           0.        ]
 [  0.           0.           0.           0.        ]
 [  0.           0.           0.           0.        ]
 [  0.           0.           0.           0.        ]
 [  0.           0.           0.           0.        ]
 [-29.18008041 -26.09306908 -20.85346603 -31.41547203]
 [-24.93043518 -27.5581665  -32.65480423 -33.53659821]
 [  0.           0.           0.           0.        ]
 [  0.           0.           0.           0.        ]
 [  0.           0.           0.           0.        ]
 [  0.           0.           0.           0.        ]
 [  0.           0.           0.           0.        ]
 [  0.           0.           0.           0.        ]
 [  0.           0.           0.           0.        ]
 [  0.           0.           0.           0.        ]
 [-26.89949608 -25.61754417 -17.96056747 -27.95134926]
 [-19.15918732 -23.19279671 -23.98997307 -24.93882942]
 [  0.           0.           0.           0.        ]
 [  0.           0.           0.           0.        ]
 [  0.           0.           0.           0.        ]
 [  0.           0.           0.           0.        ]
 [  0.           0.           0.           0.        ]
 [  0.           0.           0.           0.        ]
 [  0.           0.           0.           0.        ]
 [  0.           0.           0.           0.        ]
 [-25.26489067 -23.57983017 -16.84994888 -24.49752045]
 [-21.80920029 -20.48472404 -20.46590614 -17.39807892]
 [-20.85861397 -19.67202187 -23.00495148 -27.2868824 ]
 [  0.           0.           0.           0.        ]
 [-18.63485718 -18.54459572 -18.4047966  -18.580019  ]
 [  0.           0.           0.           0.        ]
 [  0.           0.           0.           0.        ]
 [  0.           0.           0.           0.        ]
 [  0.           0.           0.           0.        ]
 [  0.           0.           0.           0.        ]
 [-22.58937263 -25.65430641 -21.91017723 -28.94482613]
 [  0.           0.           0.           0.        ]
 [-18.75795746 -14.66105843 -13.29785538 -19.18105698]
 [-16.86557198 -11.25827217 -15.09305477 -16.44614983]
 [-10.85352516 -10.71818352 -10.81799984 -10.83676624]
 [-14.36106014 -14.14445305 -14.41574764 -14.4691658 ]
 [  0.           0.           0.           0.        ]
 [  0.           0.           0.           0.        ]
 [  0.           0.           0.           0.        ]
 [-23.74740219 -18.86702728 -23.03017616 -22.46675491]
 [-21.11088181 -19.44993401 -21.56270599 -16.79168892]
 [-23.41941452 -16.58847427 -22.77574921 -21.23666763]
 [-16.7451973  -14.00623131 -16.10044289 -12.51718521]
 [-13.35629845 -13.43329144 -11.90870953 -10.57540417]
 [ -9.2272501   -9.89381981  -9.80113602  -9.92958736]
 [  0.           0.           0.           0.        ]
 [  0.           0.           0.           0.        ]
 [  0.           0.           0.           0.        ]
 [  0.           0.           0.           0.        ]
 [-23.81228828 -24.67319298 -24.2305088  -23.40345192]
 [  0.           0.           0.           0.        ]
 [  0.           0.           0.           0.        ]
 [  0.           0.           0.           0.        ]
 [  0.           0.           0.           0.        ]
 [ -9.0518074   -9.15156078  -8.88942719  -9.00221062]
 [ -4.69290018  -4.47006226  -4.62001753  -4.92263556]
 [ -1.32151306  -1.12318063  -1.23129678  -1.24802613]
 [ -0.14399883  -0.21654105  -0.32683697  -0.22036251]
 [  0.           0.           0.           0.        ]
 [  0.           0.           0.           0.        ]
 [  0.           0.           0.           0.        ]
 [  0.           0.           0.           0.        ]
 [  0.           0.           0.           0.        ]
 [  0.           0.           0.           0.        ]
 [  0.           0.           0.           0.        ]
 [  0.           0.           0.           0.        ]
 [  0.           0.           0.           0.        ]
 [ -0.16148913  -0.05259148  -0.03422837  -0.0295298 ]
 [  0.           0.           0.           0.        ]
 [  0.           0.           0.           0.        ]
 [  0.           0.           0.           0.        ]
 [  0.           0.           0.           0.        ]
 [  0.           0.           0.           0.        ]
 [  0.           0.           0.           0.        ]
 [  0.           0.           0.           0.        ]
 [  0.           0.           0.           0.        ]
 [  0.           0.           0.           0.        ]
 [  0.           0.           0.           0.        ]
 [  0.           0.           0.           0.        ]]
Training  | Episode: 710000/1000000  | Episode Reward: -67.2222 | Epsilon: 0.1695 | Goal reached: 0
Training  | Episode: 720000/1000000  | Episode Reward: -201.2778 | Epsilon: 0.1653 | Goal reached: 0
Training  | Episode: 730000/1000000  | Episode Reward: -53.5000 | Epsilon: 0.1612 | Goal reached: 0
Training  | Episode: 740000/1000000  | Episode Reward: -45.3889 | Epsilon: 0.1572 | Goal reached: 0
Training  | Episode: 750000/1000000  | Episode Reward: -212.0000 | Epsilon: 0.1534 | Goal reached: 0
Training  | Episode: 760000/1000000  | Episode Reward: -148.1667 | Epsilon: 0.1496 | Goal reached: 0
Training  | Episode: 770000/1000000  | Episode Reward: -72.3889 | Epsilon: 0.1459 | Goal reached: 0
Training  | Episode: 780000/1000000  | Episode Reward: -280.7222 | Epsilon: 0.1423 | Goal reached: 0
Training  | Episode: 790000/1000000  | Episode Reward: -181.7778 | Epsilon: 0.1388 | Goal reached: 0
Training  | Episode: 800000/1000000  | Episode Reward: -77.2222 | Epsilon: 0.1353 | Goal reached: 0
[[-35.74723816 -30.97644615 -33.96818542 -27.39888763]
 [-25.98173141 -31.96797562 -30.55342865 -33.28298187]
 [  0.           0.           0.           0.        ]
 [  0.           0.           0.           0.        ]
 [  0.           0.           0.           0.        ]
 [  0.           0.           0.           0.        ]
 [  0.           0.           0.           0.        ]
 [  0.           0.           0.           0.        ]
 [  0.           0.           0.           0.        ]
 [  0.           0.           0.           0.        ]
 [  0.           0.           0.           0.        ]
 [-30.65402794 -32.8089447  -28.32774353 -38.5926857 ]
 [  0.           0.           0.           0.        ]
 [  0.           0.           0.           0.        ]
 [  0.           0.           0.           0.        ]
 [  0.           0.           0.           0.        ]
 [  0.           0.           0.           0.        ]
 [  0.           0.           0.           0.        ]
 [  0.           0.           0.           0.        ]
 [  0.           0.           0.           0.        ]
 [  0.           0.           0.           0.        ]
 [-28.65552711 -29.2083416  -20.99812508 -31.09181404]
 [-28.33203697 -26.31986046 -31.77497482 -34.84744644]
 [  0.           0.           0.           0.        ]
 [  0.           0.           0.           0.        ]
 [  0.           0.           0.           0.        ]
 [  0.           0.           0.           0.        ]
 [  0.           0.           0.           0.        ]
 [  0.           0.           0.           0.        ]
 [  0.           0.           0.           0.        ]
 [  0.           0.           0.           0.        ]
 [-27.2410183  -23.84734344 -17.9220047  -27.42922211]
 [-18.78984451 -21.76596069 -24.4641571  -24.7720623 ]
 [  0.           0.           0.           0.        ]
 [  0.           0.           0.           0.        ]
 [  0.           0.           0.           0.        ]
 [  0.           0.           0.           0.        ]
 [  0.           0.           0.           0.        ]
 [  0.           0.           0.           0.        ]
 [  0.           0.           0.           0.        ]
 [  0.           0.           0.           0.        ]
 [-25.82349586 -24.08457756 -17.87459946 -25.59335136]
 [-23.05972481 -21.07757759 -22.16178131 -16.21784973]
 [-20.46123314 -18.18045807 -23.5168438  -26.28710938]
 [  0.           0.           0.           0.        ]
 [-19.22024918 -19.27532196 -19.20781326 -19.84937096]
 [  0.           0.           0.           0.        ]
 [  0.           0.           0.           0.        ]
 [  0.           0.           0.           0.        ]
 [  0.           0.           0.           0.        ]
 [  0.           0.           0.           0.        ]
 [-23.43130112 -26.30705833 -21.69958687 -28.14279556]
 [  0.           0.           0.           0.        ]
 [-19.3581543  -16.53616142 -12.65626812 -20.41760254]
 [-16.5764389  -11.39144993 -16.32567787 -17.18844032]
 [-11.41554928 -10.72981739 -11.32803917 -11.37074566]
 [-15.45472622 -15.04454708 -15.85187721 -15.60336685]
 [  0.           0.           0.           0.        ]
 [  0.           0.           0.           0.        ]
 [  0.           0.           0.           0.        ]
 [-24.8302536  -18.67370987 -23.75184441 -24.24509811]
 [-21.51579857 -18.93493462 -21.74787903 -17.204813  ]
 [-23.6811142  -17.00104523 -21.02456665 -19.06407166]
 [-16.65316391 -14.8909483  -15.70716763 -12.65350819]
 [-14.2243309  -13.33187389 -12.18443966 -10.49676514]
 [ -9.78125858 -11.34945297 -10.77578735 -11.69268799]
 [  0.           0.           0.           0.        ]
 [  0.           0.           0.           0.        ]
 [  0.           0.           0.           0.        ]
 [  0.           0.           0.           0.        ]
 [-24.36568642 -25.01406097 -25.01848984 -23.98863602]
 [  0.           0.           0.           0.        ]
 [  0.           0.           0.           0.        ]
 [  0.           0.           0.           0.        ]
 [  0.           0.           0.           0.        ]
 [-10.42224026 -10.41000748 -10.09842587 -10.41228771]
 [ -6.83120632  -6.71725368  -6.88507223  -6.84436798]
 [ -2.40706563  -2.28315973  -2.5444715   -2.21310854]
 [ -0.47531283  -0.50764537  -0.53366226  -0.43811491]
 [  0.           0.           0.           0.        ]
 [  0.           0.           0.           0.        ]
 [  0.           0.           0.           0.        ]
 [  0.           0.           0.           0.        ]
 [  0.           0.           0.           0.        ]
 [  0.           0.           0.           0.        ]
 [  0.           0.           0.           0.        ]
 [  0.           0.           0.           0.        ]
 [  0.           0.           0.           0.        ]
 [ -0.16148913  -0.05259148  -0.03422837  -0.0295298 ]
 [  0.           0.           0.           0.        ]
 [  0.           0.           0.           0.        ]
 [  0.           0.           0.           0.        ]
 [  0.           0.           0.           0.        ]
 [  0.           0.           0.           0.        ]
 [  0.           0.           0.           0.        ]
 [  0.           0.           0.           0.        ]
 [  0.           0.           0.           0.        ]
 [  0.           0.           0.           0.        ]
 [  0.           0.           0.           0.        ]
 [  0.           0.           0.           0.        ]]
Training  | Episode: 810000/1000000  | Episode Reward: -419.3889 | Epsilon: 0.1320 | Goal reached: 0
Training  | Episode: 820000/1000000  | Episode Reward: -72.3889 | Epsilon: 0.1287 | Goal reached: 0
Training  | Episode: 830000/1000000  | Episode Reward: -174.3333 | Epsilon: 0.1256 | Goal reached: 0
Training  | Episode: 840000/1000000  | Episode Reward: -142.9444 | Epsilon: 0.1225 | Goal reached: 0
Training  | Episode: 850000/1000000  | Episode Reward: -157.6667 | Epsilon: 0.1194 | Goal reached: 0
Training  | Episode: 860000/1000000  | Episode Reward: -184.2778 | Epsilon: 0.1165 | Goal reached: 0
Training  | Episode: 870000/1000000  | Episode Reward: -191.8333 | Epsilon: 0.1136 | Goal reached: 0
Training  | Episode: 880000/1000000  | Episode Reward: -47.2222 | Epsilon: 0.1108 | Goal reached: 0
Training  | Episode: 890000/1000000  | Episode Reward: -52.9444 | Epsilon: 0.1081 | Goal reached: 0
Training  | Episode: 900000/1000000  | Episode Reward: -57.2222 | Epsilon: 0.1054 | Goal reached: 0
[[-35.14494324 -35.05844498 -31.13696289 -26.91256714]
 [-26.77630234 -31.04976082 -32.81201553 -34.26414871]
 [  0.           0.           0.           0.        ]
 [  0.           0.           0.           0.        ]
 [  0.           0.           0.           0.        ]
 [  0.           0.           0.           0.        ]
 [  0.           0.           0.           0.        ]
 [  0.           0.           0.           0.        ]
 [  0.           0.           0.           0.        ]
 [  0.           0.           0.           0.        ]
 [  0.           0.           0.           0.        ]
 [-32.52307892 -34.10835648 -31.07940102 -40.23218918]
 [  0.           0.           0.           0.        ]
 [  0.           0.           0.           0.        ]
 [  0.           0.           0.           0.        ]
 [  0.           0.           0.           0.        ]
 [  0.           0.           0.           0.        ]
 [  0.           0.           0.           0.        ]
 [  0.           0.           0.           0.        ]
 [  0.           0.           0.           0.        ]
 [  0.           0.           0.           0.        ]
 [-30.90681267 -27.64722633 -21.13227081 -32.94369888]
 [-28.00464249 -23.93675041 -30.90119934 -33.19906998]
 [  0.           0.           0.           0.        ]
 [  0.           0.           0.           0.        ]
 [  0.           0.           0.           0.        ]
 [  0.           0.           0.           0.        ]
 [  0.           0.           0.           0.        ]
 [  0.           0.           0.           0.        ]
 [  0.           0.           0.           0.        ]
 [  0.           0.           0.           0.        ]
 [-26.60293579 -24.76432991 -17.80157852 -27.49668694]
 [-18.4307518  -20.33359718 -23.81547165 -26.22576714]
 [  0.           0.           0.           0.        ]
 [  0.           0.           0.           0.        ]
 [  0.           0.           0.           0.        ]
 [  0.           0.           0.           0.        ]
 [  0.           0.           0.           0.        ]
 [  0.           0.           0.           0.        ]
 [  0.           0.           0.           0.        ]
 [  0.           0.           0.           0.        ]
 [-25.65571976 -23.41688919 -17.26538849 -23.55815506]
 [-22.10191536 -21.14504814 -20.89339828 -17.10864067]
 [-21.05228233 -20.53296661 -24.02335548 -26.15254593]
 [  0.           0.           0.           0.        ]
 [-19.7798996  -19.77663612 -19.77546692 -19.89674377]
 [  0.           0.           0.           0.        ]
 [  0.           0.           0.           0.        ]
 [  0.           0.           0.           0.        ]
 [  0.           0.           0.           0.        ]
 [  0.           0.           0.           0.        ]
 [-23.27031517 -26.9122715  -20.89564323 -27.78386688]
 [  0.           0.           0.           0.        ]
 [-21.11818504 -16.79403496 -13.07914829 -20.19564629]
 [-17.11956406 -11.22829628 -15.34132481 -17.24789429]
 [-11.81707096 -10.56637001 -11.72128201 -11.97244263]
 [-15.49906254 -15.35965347 -16.4391613  -15.67981148]
 [  0.           0.           0.           0.        ]
 [  0.           0.           0.           0.        ]
 [  0.           0.           0.           0.        ]
 [-24.52915955 -18.78304672 -23.31602097 -24.23599625]
 [-21.77577591 -19.52865791 -22.07043076 -16.95364952]
 [-24.1902771  -18.03057861 -21.18542671 -18.23185158]
 [-16.97901726 -15.57862854 -15.38752174 -12.4016819 ]
 [-14.93797016 -13.36991787 -12.58317852 -11.06292439]
 [ -9.91275787 -11.90271854 -11.39262867 -12.3529768 ]
 [  0.           0.           0.           0.        ]
 [  0.           0.           0.           0.        ]
 [  0.           0.           0.           0.        ]
 [  0.           0.           0.           0.        ]
 [-24.19299316 -25.77278328 -24.79368782 -23.01600838]
 [  0.           0.           0.           0.        ]
 [  0.           0.           0.           0.        ]
 [  0.           0.           0.           0.        ]
 [  0.           0.           0.           0.        ]
 [-11.58315182 -10.89697742 -10.59850216 -10.90311909]
 [ -8.08611393  -8.12059593  -8.12246037  -8.10036182]
 [ -3.39201546  -3.29188108  -3.3713913   -3.31572533]
 [ -0.76313174  -0.70731068  -0.84346294  -0.86064166]
 [  0.           0.           0.           0.        ]
 [  0.           0.           0.           0.        ]
 [  0.           0.           0.           0.        ]
 [  0.           0.           0.           0.        ]
 [  0.           0.           0.           0.        ]
 [  0.           0.           0.           0.        ]
 [  0.           0.           0.           0.        ]
 [  0.           0.           0.           0.        ]
 [  0.           0.           0.           0.        ]
 [ -0.16148913  -0.05259148  -0.03422837  -0.0295298 ]
 [  0.           0.           0.           0.        ]
 [  0.           0.           0.           0.        ]
 [  0.           0.           0.           0.        ]
 [  0.           0.           0.           0.        ]
 [  0.           0.           0.           0.        ]
 [  0.           0.           0.           0.        ]
 [  0.           0.           0.           0.        ]
 [  0.           0.           0.           0.        ]
 [  0.           0.           0.           0.        ]
 [  0.           0.           0.           0.        ]
 [  0.           0.           0.           0.        ]]
Training  | Episode: 910000/1000000  | Episode Reward: -49.0556 | Epsilon: 0.1028 | Goal reached: 0
Training  | Episode: 920000/1000000  | Episode Reward: -47.2222 | Epsilon: 0.1003 | Goal reached: 0
Training  | Episode: 930000/1000000  | Episode Reward: -49.0000 | Epsilon: 0.1000 | Goal reached: 0
Training  | Episode: 940000/1000000  | Episode Reward: -108.1667 | Epsilon: 0.1000 | Goal reached: 0
Training  | Episode: 950000/1000000  | Episode Reward: -84.7222 | Epsilon: 0.1000 | Goal reached: 0
Training  | Episode: 960000/1000000  | Episode Reward: -64.8333 | Epsilon: 0.1000 | Goal reached: 0
Training  | Episode: 970000/1000000  | Episode Reward: -121.2222 | Epsilon: 0.1000 | Goal reached: 0
Training  | Episode: 980000/1000000  | Episode Reward: -269.3333 | Epsilon: 0.1000 | Goal reached: 0
Training  | Episode: 990000/1000000  | Episode Reward: -356.2222 | Epsilon: 0.1000 | Goal reached: 0
[[-35.40000153 -35.40924835 -32.09540939 -28.20075417]
 [-27.26786041 -31.98049927 -30.15729523 -33.21383286]
 [  0.           0.           0.           0.        ]
 [  0.           0.           0.           0.        ]
 [  0.           0.           0.           0.        ]
 [  0.           0.           0.           0.        ]
 [  0.           0.           0.           0.        ]
 [  0.           0.           0.           0.        ]
 [  0.           0.           0.           0.        ]
 [  0.           0.           0.           0.        ]
 [  0.           0.           0.           0.        ]
 [-30.85648727 -34.13129425 -29.42500877 -39.08665085]
 [  0.           0.           0.           0.        ]
 [  0.           0.           0.           0.        ]
 [  0.           0.           0.           0.        ]
 [  0.           0.           0.           0.        ]
 [  0.           0.           0.           0.        ]
 [  0.           0.           0.           0.        ]
 [  0.           0.           0.           0.        ]
 [  0.           0.           0.           0.        ]
 [  0.           0.           0.           0.        ]
 [-29.7380619  -25.90450668 -22.37421989 -32.05532837]
 [-29.46963882 -26.19446373 -29.41437531 -34.56203842]
 [  0.           0.           0.           0.        ]
 [  0.           0.           0.           0.        ]
 [  0.           0.           0.           0.        ]
 [  0.           0.           0.           0.        ]
 [  0.           0.           0.           0.        ]
 [  0.           0.           0.           0.        ]
 [  0.           0.           0.           0.        ]
 [  0.           0.           0.           0.        ]
 [-27.82990456 -25.52320862 -18.26678848 -25.84025383]
 [-19.63125801 -20.88932991 -23.03540039 -23.72371864]
 [  0.           0.           0.           0.        ]
 [  0.           0.           0.           0.        ]
 [  0.           0.           0.           0.        ]
 [  0.           0.           0.           0.        ]
 [  0.           0.           0.           0.        ]
 [  0.           0.           0.           0.        ]
 [  0.           0.           0.           0.        ]
 [  0.           0.           0.           0.        ]
 [-25.52052307 -23.61905098 -17.66945267 -23.87310982]
 [-21.99586868 -21.02638626 -22.0828228  -17.1051178 ]
 [-21.23880005 -17.72782135 -24.85049629 -26.29234314]
 [  0.           0.           0.           0.        ]
 [-20.09638977 -20.03268623 -20.15979767 -19.98866463]
 [  0.           0.           0.           0.        ]
 [  0.           0.           0.           0.        ]
 [  0.           0.           0.           0.        ]
 [  0.           0.           0.           0.        ]
 [  0.           0.           0.           0.        ]
 [-23.76073647 -27.56641579 -22.02822685 -28.12153053]
 [  0.           0.           0.           0.        ]
 [-20.92695427 -15.86418343 -12.25483418 -20.30830383]
 [-17.87628365 -11.45070267 -15.48456192 -16.70741272]
 [-11.86193371 -11.15466499 -11.53866577 -12.68145561]
 [-15.61942387 -15.27839088 -16.97935486 -15.43392086]
 [  0.           0.           0.           0.        ]
 [  0.           0.           0.           0.        ]
 [  0.           0.           0.           0.        ]
 [-25.0147438  -18.62074661 -22.84443665 -24.533638  ]
 [-21.75038338 -19.80413246 -21.23052216 -16.7934761 ]
 [-23.73156929 -17.88357544 -22.62590981 -19.10469818]
 [-17.42915154 -15.87977505 -14.65283489 -12.61443043]
 [-14.50389862 -13.51533604 -13.18432236 -11.06610775]
 [-10.29285526 -11.85189915 -11.43288803 -12.65270805]
 [  0.           0.           0.           0.        ]
 [  0.           0.           0.           0.        ]
 [  0.           0.           0.           0.        ]
 [  0.           0.           0.           0.        ]
 [-23.97792435 -25.78551865 -24.85235596 -23.48756981]
 [  0.           0.           0.           0.        ]
 [  0.           0.           0.           0.        ]
 [  0.           0.           0.           0.        ]
 [  0.           0.           0.           0.        ]
 [-11.9102602  -11.45668697 -10.64937973 -11.28155804]
 [ -8.78428841  -8.58797836  -8.72646999  -8.89901161]
 [ -4.36345863  -4.19892406  -4.52116871  -4.52577162]
 [ -1.23218334  -1.17358851  -1.28106713  -1.32495153]
 [  0.           0.           0.           0.        ]
 [  0.           0.           0.           0.        ]
 [  0.           0.           0.           0.        ]
 [  0.           0.           0.           0.        ]
 [  0.           0.           0.           0.        ]
 [  0.           0.           0.           0.        ]
 [  0.           0.           0.           0.        ]
 [  0.           0.           0.           0.        ]
 [  0.           0.           0.           0.        ]
 [ -0.16148913  -0.10698025  -0.07842681  -0.06428851]
 [  0.           0.           0.           0.        ]
 [  0.           0.           0.           0.        ]
 [  0.           0.           0.           0.        ]
 [  0.           0.           0.           0.        ]
 [  0.           0.           0.           0.        ]
 [  0.           0.           0.           0.        ]
 [  0.           0.           0.           0.        ]
 [  0.           0.           0.           0.        ]
 [  0.           0.           0.           0.        ]
 [  0.           0.           0.           0.        ]
 [  0.           0.           0.           0.        ]]
