___DIRECTION___
gamma:  0.8 learning rate:  0.1 eps decay:  0.9999975
[[b'S' b'F' b'F' b'F' b'H' b'H' b'H' b'H' b'H' b'F']
 [b'H' b'F' b'F' b'F' b'H' b'H' b'F' b'F' b'H' b'F']
 [b'H' b'H' b'F' b'F' b'H' b'H' b'F' b'H' b'H' b'H']
 [b'H' b'F' b'F' b'F' b'H' b'F' b'H' b'H' b'H' b'F']
 [b'H' b'H' b'F' b'H' b'H' b'H' b'H' b'H' b'F' b'H']
 [b'F' b'H' b'F' b'F' b'H' b'H' b'F' b'H' b'H' b'F']
 [b'F' b'F' b'H' b'F' b'F' b'F' b'H' b'H' b'H' b'H']
 [b'H' b'H' b'H' b'F' b'F' b'F' b'F' b'H' b'H' b'H']
 [b'H' b'H' b'H' b'F' b'H' b'F' b'F' b'F' b'H' b'H']
 [b'H' b'H' b'H' b'H' b'H' b'H' b'F' b'F' b'F' b'G']]
[<tf.Variable 'q_a_s/weights:0' shape=(100, 4) dtype=float32, numpy=
array([[0.00791454, 0.50506526, 0.5028514 , 0.00666636],
       [0.00917218, 0.50482124, 0.50865716, 0.00869335],
       [0.00021419, 0.50479114, 0.5007958 , 0.00942057],
       [0.00691886, 0.50417405, 0.506354  , 0.00810485],
       [0.00261595, 0.50296533, 0.5035459 , 0.00509877],
       [0.00277359, 0.5054755 , 0.50565565, 0.00753575],
       [0.0086651 , 0.5046109 , 0.5058415 , 0.00004491],
       [0.00721558, 0.50748694, 0.50780946, 0.00217704],
       [0.00313574, 0.5026443 , 0.50280404, 0.00958264],
       [0.00073018, 0.509935  , 0.5006479 , 0.00235934],
       [0.00354336, 0.5042014 , 0.50612086, 0.00797353],
       [0.00995536, 0.5068792 , 0.50335896, 0.00010148],
       [0.00059604, 0.5071931 , 0.5071132 , 0.00177132],
       [0.0016244 , 0.5023817 , 0.5021393 , 0.00598649],
       [0.00816642, 0.5048927 , 0.50245684, 0.00741021],
       [0.00731116, 0.5084152 , 0.50311697, 0.0064311 ],
       [0.00218933, 0.50581145, 0.5030819 , 0.00709975],
       [0.00837651, 0.50225043, 0.5000681 , 0.00073394],
       [0.00487042, 0.5045642 , 0.50799894, 0.00520561],
       [0.00864615, 0.5030712 , 0.50823945, 0.00280801],
       [0.00352413, 0.5067661 , 0.50708985, 0.00993861],
       [0.00134073, 0.50492007, 0.5061264 , 0.002982  ],
       [0.00286639, 0.5098631 , 0.5008427 , 0.00051517],
       [0.0006466 , 0.5048861 , 0.5004628 , 0.00687559],
       [0.0005833 , 0.5090239 , 0.5050466 , 0.00906263],
       [0.00329151, 0.5012287 , 0.50337625, 0.00361279],
       [0.0064959 , 0.5046806 , 0.5098357 , 0.0088338 ],
       [0.00349507, 0.5037865 , 0.50805885, 0.00531888],
       [0.00939396, 0.5038981 , 0.5029426 , 0.00832608],
       [0.0002527 , 0.5083829 , 0.50902116, 0.00717098],
       [0.00147259, 0.5005157 , 0.50922066, 0.00236648],
       [0.00944648, 0.50615597, 0.5008366 , 0.00158812],
       [0.00630121, 0.50820464, 0.50255597, 0.00263465],
       [0.00861981, 0.5065673 , 0.50747824, 0.00168948],
       [0.00890322, 0.5082404 , 0.5096455 , 0.0072285 ],
       [0.00679656, 0.5019488 , 0.50846636, 0.00790912],
       [0.00792504, 0.5027598 , 0.50548375, 0.00836853],
       [0.00552894, 0.5050389 , 0.50214434, 0.0067602 ],
       [0.00006134, 0.50844   , 0.50963736, 0.00231258],
       [0.00112569, 0.5093438 , 0.5029598 , 0.00546143],
       [0.00820046, 0.50485283, 0.50342613, 0.00728804],
       [0.00089887, 0.5098711 , 0.50443923, 0.00672918],
       [0.00581208, 0.50093764, 0.5003967 , 0.00116052],
       [0.005924  , 0.5096441 , 0.5013109 , 0.0009133 ],
       [0.0087176 , 0.50282574, 0.50997645, 0.00645438],
       [0.00784819, 0.5038309 , 0.5079837 , 0.00959907],
       [0.0054414 , 0.5037915 , 0.50402254, 0.00575655],
       [0.00192486, 0.5087615 , 0.5032104 , 0.00702589],
       [0.00761651, 0.5014648 , 0.50168216, 0.00157398],
       [0.00464793, 0.5022218 , 0.50816196, 0.00055637],
       [0.0058218 , 0.5003606 , 0.5051946 , 0.00802225],
       [0.00846474, 0.5023446 , 0.5030393 , 0.00589749],
       [0.00475105, 0.5078841 , 0.50605184, 0.00154044],
       [0.00485609, 0.50857633, 0.5099531 , 0.00173957],
       [0.00314549, 0.5032759 , 0.5021873 , 0.00883911],
       [0.00029157, 0.50767845, 0.5095997 , 0.00103817],
       [0.00921089, 0.50204504, 0.5039087 , 0.00609046],
       [0.00417743, 0.50574887, 0.5069208 , 0.00762355],
       [0.00732261, 0.50014335, 0.50102466, 0.00479233],
       [0.00309834, 0.5031781 , 0.50176966, 0.00319855],
       [0.00902783, 0.50613487, 0.5053404 , 0.00611348],
       [0.00597829, 0.5083835 , 0.50915205, 0.0078933 ],
       [0.00576288, 0.5025666 , 0.5019714 , 0.00920169],
       [0.00405895, 0.50268734, 0.5053585 , 0.00623668],
       [0.00115672, 0.50745356, 0.50234973, 0.00555856],
       [0.00776722, 0.50681555, 0.504537  , 0.00961164],
       [0.00342302, 0.5077593 , 0.5093701 , 0.00899423],
       [0.00523706, 0.5034924 , 0.50532013, 0.00514   ],
       [0.00859599, 0.50884885, 0.5068214 , 0.00197891],
       [0.00644274, 0.50400794, 0.50422156, 0.00791812],
       [0.00218972, 0.5088079 , 0.50211716, 0.00063056],
       [0.00644516, 0.5012145 , 0.50088096, 0.00606224],
       [0.00139186, 0.5064332 , 0.5040078 , 0.00170878],
       [0.00841442, 0.5093508 , 0.50665116, 0.00635089],
       [0.00227971, 0.50636613, 0.5028504 , 0.00293888],
       [0.00929225, 0.5011779 , 0.50876683, 0.00079315],
       [0.0012995 , 0.50963104, 0.50832987, 0.00457857],
       [0.0083574 , 0.50860614, 0.50125915, 0.00698311],
       [0.00318176, 0.5048441 , 0.50747705, 0.00427673],
       [0.00527259, 0.50410885, 0.50058746, 0.00844727],
       [0.00766142, 0.50554395, 0.5064779 , 0.00502986],
       [0.00515471, 0.5034929 , 0.5071766 , 0.00853116],
       [0.00034686, 0.50760657, 0.5022974 , 0.00561048],
       [0.00031472, 0.5099196 , 0.50127023, 0.00519405],
       [0.00730523, 0.5036882 , 0.5088693 , 0.00692832],
       [0.00732517, 0.5043023 , 0.50980186, 0.00591746],
       [0.00849795, 0.50367904, 0.50629187, 0.00357628],
       [0.00268303, 0.50470346, 0.5060238 , 0.00358515],
       [0.00213789, 0.50618863, 0.5015575 , 0.00871643],
       [0.00645402, 0.5092347 , 0.5028662 , 0.00215286],
       [0.00323874, 0.5045539 , 0.5035792 , 0.00337638],
       [0.00090573, 0.5040263 , 0.5034301 , 0.00462634],
       [0.00764047, 0.5076967 , 0.5040136 , 0.00087989],
       [0.00466652, 0.50632674, 0.5040993 , 0.00522927],
       [0.00135286, 0.5042225 , 0.5072214 , 0.00525913],
       [0.00231694, 0.50282985, 0.50388396, 0.00329608],
       [0.00812422, 0.50173396, 0.50599676, 0.00346146],
       [0.00005665, 0.5052762 , 0.5062829 , 0.00785977],
       [0.00789979, 0.50988114, 0.5063488 , 0.00876665],
       [0.0076909 , 0.5078251 , 0.5032837 , 0.00713607]], dtype=float32)>]
Training  | Episode: 0/1000000  | Episode Reward: -68.1667 | Epsilon: 1.0000 | Goal reached: 0
[[-1.91285801  0.50506526 -1.51690841 -0.10217066]
 [ 0.00917218  0.50482124  0.50865716  0.00869335]
 [ 0.          0.          0.          0.        ]
 [ 0.          0.          0.          0.        ]
 [ 0.          0.          0.          0.        ]
 [ 0.          0.          0.          0.        ]
 [ 0.          0.          0.          0.        ]
 [ 0.          0.          0.          0.        ]
 [ 0.          0.          0.          0.        ]
 [ 0.          0.          0.          0.        ]
 [ 0.          0.          0.          0.        ]
 [ 0.          0.          0.          0.        ]
 [ 0.          0.          0.          0.        ]
 [ 0.          0.          0.          0.        ]
 [ 0.          0.          0.          0.        ]
 [ 0.          0.          0.          0.        ]
 [ 0.          0.          0.          0.        ]
 [ 0.          0.          0.          0.        ]
 [ 0.          0.          0.          0.        ]
 [ 0.          0.          0.          0.        ]
 [ 0.          0.          0.          0.        ]
 [ 0.          0.          0.          0.        ]
 [ 0.          0.          0.          0.        ]
 [ 0.          0.          0.          0.        ]
 [ 0.          0.          0.          0.        ]
 [ 0.          0.          0.          0.        ]
 [ 0.          0.          0.          0.        ]
 [ 0.          0.          0.          0.        ]
 [ 0.          0.          0.          0.        ]
 [ 0.          0.          0.          0.        ]
 [ 0.          0.          0.          0.        ]
 [ 0.          0.          0.          0.        ]
 [ 0.          0.          0.          0.        ]
 [ 0.          0.          0.          0.        ]
 [ 0.          0.          0.          0.        ]
 [ 0.          0.          0.          0.        ]
 [ 0.          0.          0.          0.        ]
 [ 0.          0.          0.          0.        ]
 [ 0.          0.          0.          0.        ]
 [ 0.          0.          0.          0.        ]
 [ 0.          0.          0.          0.        ]
 [ 0.          0.          0.          0.        ]
 [ 0.          0.          0.          0.        ]
 [ 0.          0.          0.          0.        ]
 [ 0.          0.          0.          0.        ]
 [ 0.          0.          0.          0.        ]
 [ 0.          0.          0.          0.        ]
 [ 0.          0.          0.          0.        ]
 [ 0.          0.          0.          0.        ]
 [ 0.          0.          0.          0.        ]
 [ 0.          0.          0.          0.        ]
 [ 0.          0.          0.          0.        ]
 [ 0.          0.          0.          0.        ]
 [ 0.          0.          0.          0.        ]
 [ 0.          0.          0.          0.        ]
 [ 0.          0.          0.          0.        ]
 [ 0.          0.          0.          0.        ]
 [ 0.          0.          0.          0.        ]
 [ 0.          0.          0.          0.        ]
 [ 0.          0.          0.          0.        ]
 [ 0.          0.          0.          0.        ]
 [ 0.          0.          0.          0.        ]
 [ 0.          0.          0.          0.        ]
 [ 0.          0.          0.          0.        ]
 [ 0.          0.          0.          0.        ]
 [ 0.          0.          0.          0.        ]
 [ 0.          0.          0.          0.        ]
 [ 0.          0.          0.          0.        ]
 [ 0.          0.          0.          0.        ]
 [ 0.          0.          0.          0.        ]
 [ 0.          0.          0.          0.        ]
 [ 0.          0.          0.          0.        ]
 [ 0.          0.          0.          0.        ]
 [ 0.          0.          0.          0.        ]
 [ 0.          0.          0.          0.        ]
 [ 0.          0.          0.          0.        ]
 [ 0.          0.          0.          0.        ]
 [ 0.          0.          0.          0.        ]
 [ 0.          0.          0.          0.        ]
 [ 0.          0.          0.          0.        ]
 [ 0.          0.          0.          0.        ]
 [ 0.          0.          0.          0.        ]
 [ 0.          0.          0.          0.        ]
 [ 0.          0.          0.          0.        ]
 [ 0.          0.          0.          0.        ]
 [ 0.          0.          0.          0.        ]
 [ 0.          0.          0.          0.        ]
 [ 0.          0.          0.          0.        ]
 [ 0.          0.          0.          0.        ]
 [ 0.          0.          0.          0.        ]
 [ 0.          0.          0.          0.        ]
 [ 0.          0.          0.          0.        ]
 [ 0.          0.          0.          0.        ]
 [ 0.          0.          0.          0.        ]
 [ 0.          0.          0.          0.        ]
 [ 0.          0.          0.          0.        ]
 [ 0.          0.          0.          0.        ]
 [ 0.          0.          0.          0.        ]
 [ 0.          0.          0.          0.        ]
 [ 0.          0.          0.          0.        ]]
Training  | Episode: 10000/1000000  | Episode Reward: -67.2222 | Epsilon: 0.9753 | Goal reached: 0
Training  | Episode: 20000/1000000  | Episode Reward: -47.2222 | Epsilon: 0.9512 | Goal reached: 0
Training  | Episode: 30000/1000000  | Episode Reward: -47.2222 | Epsilon: 0.9277 | Goal reached: 0
Training  | Episode: 40000/1000000  | Episode Reward: -47.2222 | Epsilon: 0.9048 | Goal reached: 0
Training  | Episode: 50000/1000000  | Episode Reward: -67.2222 | Epsilon: 0.8825 | Goal reached: 0
Training  | Episode: 60000/1000000  | Episode Reward: -47.2222 | Epsilon: 0.8607 | Goal reached: 0
Training  | Episode: 70000/1000000  | Episode Reward: -224.5556 | Epsilon: 0.8395 | Goal reached: 0
Training  | Episode: 80000/1000000  | Episode Reward: -66.6111 | Epsilon: 0.8187 | Goal reached: 0
Training  | Episode: 90000/1000000  | Episode Reward: -136.3889 | Epsilon: 0.7985 | Goal reached: 0
Training  | Episode: 100000/1000000  | Episode Reward: -81.5000 | Epsilon: 0.7788 | Goal reached: 0
[[-43.35723495 -38.99295044 -41.59060287 -36.33428574]
 [-30.78939819 -25.77297211 -28.92506409 -25.5055275 ]
 [-25.67491722 -22.47372627 -22.33062363 -27.64141273]
 [-26.51357269 -26.88558769 -29.35355186 -31.61771393]
 [  0.           0.           0.           0.        ]
 [  0.           0.           0.           0.        ]
 [  0.           0.           0.           0.        ]
 [  0.           0.           0.           0.        ]
 [  0.           0.           0.           0.        ]
 [  0.           0.           0.           0.        ]
 [  0.           0.           0.           0.        ]
 [-39.63244247 -37.18523788 -31.54426003 -35.38361359]
 [-25.11017609 -22.32355118 -22.14488792 -25.65058517]
 [-23.72931099 -29.50004768 -25.43178177 -24.97033691]
 [  0.           0.           0.           0.        ]
 [  0.           0.           0.           0.        ]
 [  0.           0.           0.           0.        ]
 [  0.           0.           0.           0.        ]
 [  0.           0.           0.           0.        ]
 [  0.           0.           0.           0.        ]
 [  0.           0.           0.           0.        ]
 [  0.           0.           0.           0.        ]
 [-27.25860977 -28.92180061 -21.19536972 -26.81161308]
 [-22.43935013 -27.06536484 -27.38884354 -24.00766373]
 [  0.           0.           0.           0.        ]
 [  0.           0.           0.           0.        ]
 [  0.           0.           0.           0.        ]
 [  0.           0.           0.           0.        ]
 [  0.           0.           0.           0.        ]
 [  0.           0.           0.           0.        ]
 [  0.           0.           0.           0.        ]
 [-40.2080574  -36.92846298 -33.96416855 -37.08702469]
 [-24.99630547 -24.17949486 -22.39673615 -26.45841408]
 [-26.77823067 -28.57258797 -29.38412666 -26.07343102]
 [  0.           0.           0.           0.        ]
 [  0.           0.           0.           0.        ]
 [  0.           0.           0.           0.        ]
 [  0.           0.           0.           0.        ]
 [  0.           0.           0.           0.        ]
 [  0.           0.           0.           0.        ]
 [  0.           0.           0.           0.        ]
 [  0.           0.           0.           0.        ]
 [-27.18128777 -30.92399788 -25.34170151 -31.20295715]
 [  0.           0.           0.           0.        ]
 [  0.           0.           0.           0.        ]
 [  0.           0.           0.           0.        ]
 [  0.           0.           0.           0.        ]
 [  0.           0.           0.           0.        ]
 [  0.           0.           0.           0.        ]
 [  0.           0.           0.           0.        ]
 [  0.           0.           0.           0.        ]
 [  0.           0.           0.           0.        ]
 [-29.6471138  -24.33650589 -26.02756119 -24.58046722]
 [-16.47701073 -18.82618523 -19.97780228 -24.70137978]
 [  0.           0.           0.           0.        ]
 [  0.           0.           0.           0.        ]
 [  0.           0.           0.           0.        ]
 [  0.           0.           0.           0.        ]
 [  0.           0.           0.           0.        ]
 [  0.           0.           0.           0.        ]
 [  0.           0.           0.           0.        ]
 [  0.           0.           0.           0.        ]
 [  0.           0.           0.           0.        ]
 [ -7.7743721   -9.60289288  -1.4362402  -12.37082672]
 [ -5.66805935  -0.92971075  -3.61076427   0.00775956]
 [  0.0209498    0.50681555   0.50453699  -3.24414468]
 [  0.           0.           0.           0.        ]
 [  0.           0.           0.           0.        ]
 [  0.           0.           0.           0.        ]
 [  0.           0.           0.           0.        ]
 [  0.           0.           0.           0.        ]
 [  0.           0.           0.           0.        ]
 [  0.           0.           0.           0.        ]
 [ -4.91223955  -4.51149035   0.33054501  -4.91389036]
 [  0.00227971   0.50636613  -0.40541607  -0.08529626]
 [  0.00929225   0.50117791   0.43302619   0.00079315]
 [  0.           0.           0.           0.        ]
 [  0.           0.           0.           0.        ]
 [  0.           0.           0.           0.        ]
 [  0.           0.           0.           0.        ]
 [  0.           0.           0.           0.        ]
 [  0.           0.           0.           0.        ]
 [  0.           0.           0.           0.        ]
 [  0.00031472   0.50991958   0.50127023   0.00519405]
 [  0.           0.           0.           0.        ]
 [  0.00732517   0.50430232   0.50980186   0.00591746]
 [  0.           0.           0.           0.        ]
 [  0.           0.           0.           0.        ]
 [  0.           0.           0.           0.        ]
 [  0.           0.           0.           0.        ]
 [  0.           0.           0.           0.        ]
 [  0.           0.           0.           0.        ]
 [  0.           0.           0.           0.        ]
 [  0.           0.           0.           0.        ]
 [  0.           0.           0.           0.        ]
 [  0.           0.           0.           0.        ]
 [  0.           0.           0.           0.        ]
 [  0.           0.           0.           0.        ]
 [  0.           0.           0.           0.        ]
 [  0.           0.           0.           0.        ]]
Training  | Episode: 110000/1000000  | Episode Reward: -96.6111 | Epsilon: 0.7596 | Goal reached: 0
Training  | Episode: 120000/1000000  | Episode Reward: -47.2222 | Epsilon: 0.7408 | Goal reached: 0
Training  | Episode: 130000/1000000  | Episode Reward: -96.2778 | Epsilon: 0.7225 | Goal reached: 0
Training  | Episode: 140000/1000000  | Episode Reward: -171.8889 | Epsilon: 0.7047 | Goal reached: 0
Training  | Episode: 150000/1000000  | Episode Reward: -47.2222 | Epsilon: 0.6873 | Goal reached: 0
Training  | Episode: 160000/1000000  | Episode Reward: -54.5556 | Epsilon: 0.6703 | Goal reached: 0
Training  | Episode: 170000/1000000  | Episode Reward: -77.2222 | Epsilon: 0.6538 | Goal reached: 0
Training  | Episode: 180000/1000000  | Episode Reward: -69.0556 | Epsilon: 0.6376 | Goal reached: 0
Training  | Episode: 190000/1000000  | Episode Reward: -133.3889 | Epsilon: 0.6219 | Goal reached: 0
Training  | Episode: 200000/1000000  | Episode Reward: -58.7778 | Epsilon: 0.6065 | Goal reached: 0
[[-40.56856537 -35.38858032 -39.40834808 -33.77145767]
 [-31.56508064 -27.79754066 -29.37254333 -31.27763748]
 [-26.57876015 -25.07312202 -27.50578308 -27.32892418]
 [-26.55202675 -29.92661667 -29.72924805 -31.36247063]
 [  0.           0.           0.           0.        ]
 [  0.           0.           0.           0.        ]
 [  0.           0.           0.           0.        ]
 [  0.           0.           0.           0.        ]
 [  0.           0.           0.           0.        ]
 [  0.           0.           0.           0.        ]
 [  0.           0.           0.           0.        ]
 [-38.37402344 -35.90596771 -32.55697632 -33.49315262]
 [-26.19260979 -24.92870522 -24.68411255 -23.86543655]
 [-22.93781281 -26.54312325 -27.03846359 -27.58366776]
 [  0.           0.           0.           0.        ]
 [  0.           0.           0.           0.        ]
 [  0.           0.           0.           0.        ]
 [  0.           0.           0.           0.        ]
 [  0.           0.           0.           0.        ]
 [  0.           0.           0.           0.        ]
 [  0.           0.           0.           0.        ]
 [  0.           0.           0.           0.        ]
 [-29.44084549 -23.38478279 -20.7450676  -28.82892227]
 [-20.35218239 -23.7524395  -26.16007423 -27.81825829]
 [  0.           0.           0.           0.        ]
 [  0.           0.           0.           0.        ]
 [  0.           0.           0.           0.        ]
 [  0.           0.           0.           0.        ]
 [  0.           0.           0.           0.        ]
 [  0.           0.           0.           0.        ]
 [  0.           0.           0.           0.        ]
 [-39.01992798 -35.94126511 -34.89316177 -35.14834976]
 [-24.84164619 -23.55879593 -23.85182571 -25.48633194]
 [-25.47844696 -24.52246666 -29.44197845 -25.22195053]
 [  0.           0.           0.           0.        ]
 [  0.           0.           0.           0.        ]
 [  0.           0.           0.           0.        ]
 [  0.           0.           0.           0.        ]
 [  0.           0.           0.           0.        ]
 [  0.           0.           0.           0.        ]
 [  0.           0.           0.           0.        ]
 [  0.           0.           0.           0.        ]
 [-27.20783997 -31.54217529 -24.28821373 -31.17563057]
 [  0.           0.           0.           0.        ]
 [  0.           0.           0.           0.        ]
 [  0.           0.           0.           0.        ]
 [  0.           0.           0.           0.        ]
 [  0.           0.           0.           0.        ]
 [  0.           0.           0.           0.        ]
 [  0.           0.           0.           0.        ]
 [  0.           0.           0.           0.        ]
 [  0.           0.           0.           0.        ]
 [-27.88166428 -29.43088722 -22.23166084 -26.04423904]
 [-23.47200203 -14.76706886 -22.24283409 -26.64178658]
 [  0.           0.           0.           0.        ]
 [  0.           0.           0.           0.        ]
 [  0.           0.           0.           0.        ]
 [  0.           0.           0.           0.        ]
 [  0.           0.           0.           0.        ]
 [  0.           0.           0.           0.        ]
 [  0.           0.           0.           0.        ]
 [  0.           0.           0.           0.        ]
 [  0.           0.           0.           0.        ]
 [-19.92038155  -7.31426144  -5.68010283 -17.39418793]
 [-16.10518837  -2.42135096 -11.14969444 -12.89325714]
 [ -7.83982754  -1.81126392  -2.84820461  -6.14168644]
 [  0.           0.           0.           0.        ]
 [  0.           0.           0.           0.        ]
 [  0.           0.           0.           0.        ]
 [  0.           0.           0.           0.        ]
 [  0.           0.           0.           0.        ]
 [  0.           0.           0.           0.        ]
 [  0.           0.           0.           0.        ]
 [-13.88430595  -2.48751593  -3.96879673 -14.23152542]
 [ -5.07074976  -3.0203526   -2.81451082  -1.44051313]
 [ -0.52539003  -0.08013173   0.37240636  -0.87946743]
 [ -0.33335626  -0.1159605    0.50832987   0.00457857]
 [  0.           0.           0.           0.        ]
 [  0.           0.           0.           0.        ]
 [  0.           0.           0.           0.        ]
 [  0.           0.           0.           0.        ]
 [  0.           0.           0.           0.        ]
 [  0.           0.           0.           0.        ]
 [ -4.12288952  -9.49647141  -5.53263283  -8.40524864]
 [  0.           0.           0.           0.        ]
 [ -3.71640873   0.50430232   0.50980186   0.00591746]
 [ -0.46742439   0.45056939   0.50629187   0.00357628]
 [  0.00268303   0.50470346   0.50602382   0.00358515]
 [  0.           0.           0.           0.        ]
 [  0.           0.           0.           0.        ]
 [  0.           0.           0.           0.        ]
 [  0.           0.           0.           0.        ]
 [  0.           0.           0.           0.        ]
 [  0.           0.           0.           0.        ]
 [  0.           0.           0.           0.        ]
 [  0.           0.           0.           0.        ]
 [  0.00812422   0.50173396   0.50599676   0.00346146]
 [  0.00005665   0.5052762    0.50628293   0.00785977]
 [  0.           0.           0.           0.        ]
 [  0.           0.           0.           0.        ]]
Training  | Episode: 210000/1000000  | Episode Reward: -88.6111 | Epsilon: 0.5916 | Goal reached: 0
Training  | Episode: 220000/1000000  | Episode Reward: -74.3889 | Epsilon: 0.5769 | Goal reached: 0
Training  | Episode: 230000/1000000  | Episode Reward: -57.2222 | Epsilon: 0.5627 | Goal reached: 0
Training  | Episode: 240000/1000000  | Episode Reward: -77.2222 | Epsilon: 0.5488 | Goal reached: 1
Training  | Episode: 250000/1000000  | Episode Reward: -133.9444 | Epsilon: 0.5353 | Goal reached: 1
Training  | Episode: 260000/1000000  | Episode Reward: -53.5000 | Epsilon: 0.5220 | Goal reached: 1
Training  | Episode: 270000/1000000  | Episode Reward: -67.2222 | Epsilon: 0.5092 | Goal reached: 1
Training  | Episode: 280000/1000000  | Episode Reward: -47.2222 | Epsilon: 0.4966 | Goal reached: 1
Training  | Episode: 290000/1000000  | Episode Reward: -79.0556 | Epsilon: 0.4843 | Goal reached: 1
Training  | Episode: 300000/1000000  | Episode Reward: -67.2222 | Epsilon: 0.4724 | Goal reached: 1
[[-36.73760605 -37.02002716 -33.10943222 -29.79927063]
 [-30.14604759 -26.41752625 -27.52520561 -29.1415596 ]
 [-29.82299805 -26.97158241 -28.05305862 -30.49184036]
 [-29.35568237 -29.57710266 -30.47943115 -32.29673767]
 [  0.           0.           0.           0.        ]
 [  0.           0.           0.           0.        ]
 [  0.           0.           0.           0.        ]
 [  0.           0.           0.           0.        ]
 [  0.           0.           0.           0.        ]
 [  0.           0.           0.           0.        ]
 [  0.           0.           0.           0.        ]
 [-39.36416626 -38.91363525 -36.5469017  -32.77875519]
 [-27.33542252 -25.53701401 -25.75523567 -25.92168808]
 [-27.03481865 -30.30596733 -25.82761383 -26.79034424]
 [  0.           0.           0.           0.        ]
 [  0.           0.           0.           0.        ]
 [  0.           0.           0.           0.        ]
 [  0.           0.           0.           0.        ]
 [  0.           0.           0.           0.        ]
 [  0.           0.           0.           0.        ]
 [  0.           0.           0.           0.        ]
 [  0.           0.           0.           0.        ]
 [-27.99270058 -27.61548996 -23.55537224 -35.10501099]
 [-23.77748489 -28.81136322 -27.38861465 -28.70781517]
 [  0.           0.           0.           0.        ]
 [  0.           0.           0.           0.        ]
 [  0.           0.           0.           0.        ]
 [  0.           0.           0.           0.        ]
 [  0.           0.           0.           0.        ]
 [  0.           0.           0.           0.        ]
 [  0.           0.           0.           0.        ]
 [-38.70463562 -37.91586685 -36.36963272 -36.86368179]
 [-24.44664764 -26.39215088 -25.26028442 -28.71119308]
 [-24.97869682 -28.44046021 -28.50922394 -27.50212669]
 [  0.           0.           0.           0.        ]
 [  0.           0.           0.           0.        ]
 [  0.           0.           0.           0.        ]
 [  0.           0.           0.           0.        ]
 [  0.           0.           0.           0.        ]
 [  0.           0.           0.           0.        ]
 [  0.           0.           0.           0.        ]
 [  0.           0.           0.           0.        ]
 [-30.34504128 -28.41725159 -26.15591812 -32.20634079]
 [  0.           0.           0.           0.        ]
 [  0.           0.           0.           0.        ]
 [  0.           0.           0.           0.        ]
 [  0.           0.           0.           0.        ]
 [  0.           0.           0.           0.        ]
 [  0.           0.           0.           0.        ]
 [  0.           0.           0.           0.        ]
 [  0.           0.           0.           0.        ]
 [  0.           0.           0.           0.        ]
 [-28.09040451 -30.09802055 -24.56564713 -27.92548943]
 [-23.02272224 -22.9923439  -23.98452568 -25.68695831]
 [  0.           0.           0.           0.        ]
 [  0.           0.           0.           0.        ]
 [  0.           0.           0.           0.        ]
 [  0.           0.           0.           0.        ]
 [  0.           0.           0.           0.        ]
 [  0.           0.           0.           0.        ]
 [  0.           0.           0.           0.        ]
 [  0.           0.           0.           0.        ]
 [  0.           0.           0.           0.        ]
 [-14.71247196  -9.87111664 -16.40623093 -19.51303291]
 [-14.00611496 -10.10248184 -13.08753204 -13.06072617]
 [ -8.5610342   -9.32517338  -8.7524271  -14.44050312]
 [  0.           0.           0.           0.        ]
 [  0.           0.           0.           0.        ]
 [  0.           0.           0.           0.        ]
 [  0.           0.           0.           0.        ]
 [  0.           0.           0.           0.        ]
 [  0.           0.           0.           0.        ]
 [  0.           0.           0.           0.        ]
 [-18.31754684 -10.94254684  -7.96919727 -13.49801254]
 [ -5.81670618  -6.64071846  -6.54270554  -3.70973253]
 [ -0.76220316  -0.67295313  -1.75134408  -3.24860811]
 [ -0.33335626  -0.07191978  -2.84517026   0.00457857]
 [  0.           0.           0.           0.        ]
 [  0.           0.           0.           0.        ]
 [  0.           0.           0.           0.        ]
 [  0.           0.           0.           0.        ]
 [  0.           0.           0.           0.        ]
 [  0.           0.           0.           0.        ]
 [-11.86846924 -10.84949875 -10.76804638 -11.08742619]
 [  0.           0.           0.           0.        ]
 [ -5.11472797  -1.78959751  -3.98239541  -3.24717999]
 [ -0.84816229   0.40808165   0.15265962   0.00357628]
 [  0.00268303   0.26238471  -0.6253019    0.00358515]
 [  0.           0.           0.           0.        ]
 [  0.           0.           0.           0.        ]
 [  0.           0.           0.           0.        ]
 [  0.           0.           0.           0.        ]
 [  0.           0.           0.           0.        ]
 [  0.           0.           0.           0.        ]
 [  0.           0.           0.           0.        ]
 [  0.           0.           0.           0.        ]
 [ -0.35693836   0.46017021   0.50599676   0.00346146]
 [  0.0476758    0.03010701   0.06539534   0.07675768]
 [  0.00789979   0.19796392   0.50634879   0.00876665]
 [  0.           0.           0.           0.        ]]
Training  | Episode: 310000/1000000  | Episode Reward: -118.8333 | Epsilon: 0.4607 | Goal reached: 1
Training  | Episode: 320000/1000000  | Episode Reward: -57.2222 | Epsilon: 0.4493 | Goal reached: 1
Training  | Episode: 330000/1000000  | Episode Reward: -143.3333 | Epsilon: 0.4382 | Goal reached: 1
Training  | Episode: 340000/1000000  | Episode Reward: -49.0556 | Epsilon: 0.4274 | Goal reached: 1
Training  | Episode: 350000/1000000  | Episode Reward: -47.2222 | Epsilon: 0.4169 | Goal reached: 1
Training  | Episode: 360000/1000000  | Episode Reward: -105.3889 | Epsilon: 0.4066 | Goal reached: 1
Training  | Episode: 370000/1000000  | Episode Reward: -85.2222 | Epsilon: 0.3965 | Goal reached: 1
Training  | Episode: 380000/1000000  | Episode Reward: -129.9444 | Epsilon: 0.3867 | Goal reached: 1
Training  | Episode: 390000/1000000  | Episode Reward: -49.9444 | Epsilon: 0.3772 | Goal reached: 1
Training  | Episode: 400000/1000000  | Episode Reward: -47.2222 | Epsilon: 0.3679 | Goal reached: 1
[[-41.03330994 -41.96244431 -38.05705261 -29.03871918]
 [-30.81626892 -28.07873344 -31.68681335 -30.30888748]
 [-30.86103249 -29.56617546 -29.68216896 -30.68302155]
 [-31.88653564 -32.27433395 -31.52807426 -33.29073715]
 [  0.           0.           0.           0.        ]
 [  0.           0.           0.           0.        ]
 [  0.           0.           0.           0.        ]
 [  0.           0.           0.           0.        ]
 [  0.           0.           0.           0.        ]
 [  0.           0.           0.           0.        ]
 [  0.           0.           0.           0.        ]
 [-44.06931305 -43.84318924 -32.51467133 -35.76557159]
 [-27.67580986 -26.61202431 -23.60959435 -28.31464195]
 [-25.69321632 -27.73735428 -30.522995   -30.3082943 ]
 [  0.           0.           0.           0.        ]
 [  0.           0.           0.           0.        ]
 [  0.           0.           0.           0.        ]
 [  0.           0.           0.           0.        ]
 [  0.           0.           0.           0.        ]
 [  0.           0.           0.           0.        ]
 [  0.           0.           0.           0.        ]
 [  0.           0.           0.           0.        ]
 [-30.55716515 -31.98807716 -24.07274246 -35.46954727]
 [-25.6203022  -26.67563057 -28.6163559  -26.77251434]
 [  0.           0.           0.           0.        ]
 [  0.           0.           0.           0.        ]
 [  0.           0.           0.           0.        ]
 [  0.           0.           0.           0.        ]
 [  0.           0.           0.           0.        ]
 [  0.           0.           0.           0.        ]
 [  0.           0.           0.           0.        ]
 [-39.92482376 -34.33896255 -34.31028366 -37.12517929]
 [-25.36454964 -23.88259125 -23.53990364 -25.43706703]
 [-27.1901741  -27.57103729 -29.38871765 -27.10596848]
 [  0.           0.           0.           0.        ]
 [  0.           0.           0.           0.        ]
 [  0.           0.           0.           0.        ]
 [  0.           0.           0.           0.        ]
 [  0.           0.           0.           0.        ]
 [  0.           0.           0.           0.        ]
 [  0.           0.           0.           0.        ]
 [  0.           0.           0.           0.        ]
 [-27.17717361 -32.40971756 -24.06131554 -32.72314835]
 [  0.           0.           0.           0.        ]
 [  0.           0.           0.           0.        ]
 [  0.           0.           0.           0.        ]
 [  0.           0.           0.           0.        ]
 [  0.           0.           0.           0.        ]
 [  0.           0.           0.           0.        ]
 [  0.           0.           0.           0.        ]
 [  0.           0.           0.           0.        ]
 [  0.           0.           0.           0.        ]
 [-29.10636711 -24.88206863 -20.25604439 -25.26509666]
 [-22.96430206 -15.68406677 -21.11266136 -26.36166573]
 [  0.           0.           0.           0.        ]
 [  0.           0.           0.           0.        ]
 [  0.           0.           0.           0.        ]
 [  0.           0.           0.           0.        ]
 [  0.           0.           0.           0.        ]
 [  0.           0.           0.           0.        ]
 [  0.           0.           0.           0.        ]
 [  0.           0.           0.           0.        ]
 [  0.           0.           0.           0.        ]
 [-22.1157856  -15.18483543 -11.97762775 -20.80162048]
 [-16.76363754 -11.33498859 -13.7145977  -16.19655991]
 [-11.95143795  -9.3007021  -14.23787975 -15.38510227]
 [  0.           0.           0.           0.        ]
 [  0.           0.           0.           0.        ]
 [  0.           0.           0.           0.        ]
 [  0.           0.           0.           0.        ]
 [  0.           0.           0.           0.        ]
 [  0.           0.           0.           0.        ]
 [  0.           0.           0.           0.        ]
 [-18.29374886 -13.53320312 -10.9166584  -17.25033569]
 [-12.28801918 -11.662714   -12.24415493  -9.53369999]
 [ -4.23622513  -5.71597815  -4.36555576  -4.79410791]
 [ -3.5185194   -0.07191978  -6.78541946  -6.11010933]
 [  0.           0.           0.           0.        ]
 [  0.           0.           0.           0.        ]
 [  0.           0.           0.           0.        ]
 [  0.           0.           0.           0.        ]
 [  0.           0.           0.           0.        ]
 [  0.           0.           0.           0.        ]
 [-16.28406334 -16.30972672 -15.39383411 -16.14142418]
 [  0.           0.           0.           0.        ]
 [ -8.82488823  -6.11053753  -4.81330347  -6.98835659]
 [ -0.84816229  -1.0347532    0.13077591   0.00357628]
 [ -0.21506608   0.1981488   -2.64108682   0.00358515]
 [  0.           0.           0.           0.        ]
 [  0.           0.           0.           0.        ]
 [  0.           0.           0.           0.        ]
 [  0.           0.           0.           0.        ]
 [  0.           0.           0.           0.        ]
 [  0.           0.           0.           0.        ]
 [  0.           0.           0.           0.        ]
 [  0.           0.           0.           0.        ]
 [ -0.35693836   0.46017021   0.50599676   0.06155221]
 [ -0.26348892   0.03010701  -0.15944271   0.03131084]
 [  0.00789979   0.19796392   0.50634879   0.00876665]
 [  0.           0.           0.           0.        ]]
Training  | Episode: 410000/1000000  | Episode Reward: -62.9444 | Epsilon: 0.3588 | Goal reached: 1
Training  | Episode: 420000/1000000  | Episode Reward: -226.4444 | Epsilon: 0.3499 | Goal reached: 1
Training  | Episode: 430000/1000000  | Episode Reward: -57.2222 | Epsilon: 0.3413 | Goal reached: 1
Training  | Episode: 440000/1000000  | Episode Reward: -177.4444 | Epsilon: 0.3329 | Goal reached: 1
Training  | Episode: 450000/1000000  | Episode Reward: -59.3889 | Epsilon: 0.3247 | Goal reached: 1
Training  | Episode: 460000/1000000  | Episode Reward: -43.5000 | Epsilon: 0.3166 | Goal reached: 1
Training  | Episode: 470000/1000000  | Episode Reward: -67.2222 | Epsilon: 0.3088 | Goal reached: 1
Training  | Episode: 480000/1000000  | Episode Reward: -67.2222 | Epsilon: 0.3012 | Goal reached: 1
Training  | Episode: 490000/1000000  | Episode Reward: -47.2222 | Epsilon: 0.2938 | Goal reached: 1
Training  | Episode: 500000/1000000  | Episode Reward: -112.8333 | Epsilon: 0.2865 | Goal reached: 1
[[-42.04632187 -38.79877472 -37.80991745 -35.95055008]
 [-32.27850723 -28.21794701 -31.69322777 -31.65553474]
 [-29.28198242 -29.56727219 -27.85512924 -31.93971825]
 [-28.70493317 -34.08863068 -34.46020508 -32.4229393 ]
 [  0.           0.           0.           0.        ]
 [  0.           0.           0.           0.        ]
 [  0.           0.           0.           0.        ]
 [  0.           0.           0.           0.        ]
 [  0.           0.           0.           0.        ]
 [  0.           0.           0.           0.        ]
 [  0.           0.           0.           0.        ]
 [-41.61270142 -37.08098984 -35.43128967 -32.57311249]
 [-27.20381737 -27.72826004 -28.29089355 -29.69117165]
 [-26.58839417 -29.45948792 -30.5936985  -32.47400284]
 [  0.           0.           0.           0.        ]
 [  0.           0.           0.           0.        ]
 [  0.           0.           0.           0.        ]
 [  0.           0.           0.           0.        ]
 [  0.           0.           0.           0.        ]
 [  0.           0.           0.           0.        ]
 [  0.           0.           0.           0.        ]
 [  0.           0.           0.           0.        ]
 [-30.14055252 -30.53651047 -24.1478653  -32.01798248]
 [-27.36714363 -23.41413116 -28.21577072 -28.74544144]
 [  0.           0.           0.           0.        ]
 [  0.           0.           0.           0.        ]
 [  0.           0.           0.           0.        ]
 [  0.           0.           0.           0.        ]
 [  0.           0.           0.           0.        ]
 [  0.           0.           0.           0.        ]
 [  0.           0.           0.           0.        ]
 [-40.99845123 -35.02583694 -39.79259491 -38.04900742]
 [-26.12272835 -23.55824661 -24.99830246 -25.61804581]
 [-27.66103745 -27.90194321 -29.43654633 -27.55899239]
 [  0.           0.           0.           0.        ]
 [  0.           0.           0.           0.        ]
 [  0.           0.           0.           0.        ]
 [  0.           0.           0.           0.        ]
 [  0.           0.           0.           0.        ]
 [  0.           0.           0.           0.        ]
 [  0.           0.           0.           0.        ]
 [  0.           0.           0.           0.        ]
 [-33.0084343  -28.88635063 -23.10193825 -30.79032135]
 [  0.           0.           0.           0.        ]
 [  0.           0.           0.           0.        ]
 [  0.           0.           0.           0.        ]
 [  0.           0.           0.           0.        ]
 [  0.           0.           0.           0.        ]
 [  0.           0.           0.           0.        ]
 [  0.           0.           0.           0.        ]
 [  0.           0.           0.           0.        ]
 [  0.           0.           0.           0.        ]
 [-28.53271866 -26.09476471 -22.15535927 -24.64558792]
 [-25.29441261 -21.90087509 -23.5676384  -26.37704277]
 [  0.           0.           0.           0.        ]
 [  0.           0.           0.           0.        ]
 [  0.           0.           0.           0.        ]
 [  0.           0.           0.           0.        ]
 [  0.           0.           0.           0.        ]
 [  0.           0.           0.           0.        ]
 [  0.           0.           0.           0.        ]
 [  0.           0.           0.           0.        ]
 [  0.           0.           0.           0.        ]
 [-22.98545074 -18.46317673 -12.87953281 -18.84245682]
 [-20.7532177  -14.50665855 -15.50193214 -17.91450119]
 [-11.92512894 -12.53449726 -14.67620087 -15.51361561]
 [  0.           0.           0.           0.        ]
 [  0.           0.           0.           0.        ]
 [  0.           0.           0.           0.        ]
 [  0.           0.           0.           0.        ]
 [  0.           0.           0.           0.        ]
 [  0.           0.           0.           0.        ]
 [  0.           0.           0.           0.        ]
 [-18.83738899 -21.9834156  -12.5205164  -19.01219368]
 [-13.85713863 -13.08034515 -13.6217947  -12.99142075]
 [ -7.91876841  -7.29788685  -5.18257666  -9.24858093]
 [ -4.45433378  -5.55865049  -9.3071785  -11.06285095]
 [  0.           0.           0.           0.        ]
 [  0.           0.           0.           0.        ]
 [  0.           0.           0.           0.        ]
 [  0.           0.           0.           0.        ]
 [  0.           0.           0.           0.        ]
 [  0.           0.           0.           0.        ]
 [-16.0439949  -16.30010223 -15.9518652  -16.74627686]
 [  0.           0.           0.           0.        ]
 [-10.61312294  -8.14034462  -4.94555759 -10.46205521]
 [ -0.7020148   -0.86056226  -0.8574661   -1.62077415]
 [ -2.06772375  -0.70787573  -2.64108682  -2.13797712]
 [  0.           0.           0.           0.        ]
 [  0.           0.           0.           0.        ]
 [  0.           0.           0.           0.        ]
 [  0.           0.           0.           0.        ]
 [  0.           0.           0.           0.        ]
 [  0.           0.           0.           0.        ]
 [  0.           0.           0.           0.        ]
 [  0.           0.           0.           0.        ]
 [ -0.35693836  -1.77346444  -0.54159737   0.06155221]
 [ -0.26348892   0.03010701  -0.15944271  -0.38845354]
 [  0.00789979   0.19796392   0.50634879   0.00876665]
 [  0.           0.           0.           0.        ]]
Training  | Episode: 510000/1000000  | Episode Reward: -97.8889 | Epsilon: 0.2794 | Goal reached: 1
Training  | Episode: 520000/1000000  | Episode Reward: -59.5000 | Epsilon: 0.2725 | Goal reached: 1
Training  | Episode: 530000/1000000  | Episode Reward: -123.6111 | Epsilon: 0.2658 | Goal reached: 1
Training  | Episode: 540000/1000000  | Episode Reward: -47.2222 | Epsilon: 0.2592 | Goal reached: 1
Training  | Episode: 550000/1000000  | Episode Reward: -108.1667 | Epsilon: 0.2528 | Goal reached: 1
Training  | Episode: 560000/1000000  | Episode Reward: -67.2222 | Epsilon: 0.2466 | Goal reached: 1
Training  | Episode: 570000/1000000  | Episode Reward: -205.4444 | Epsilon: 0.2405 | Goal reached: 1
Training  | Episode: 580000/1000000  | Episode Reward: -129.5000 | Epsilon: 0.2346 | Goal reached: 2
Training  | Episode: 590000/1000000  | Episode Reward: -44.5000 | Epsilon: 0.2288 | Goal reached: 2
Training  | Episode: 600000/1000000  | Episode Reward: -91.8333 | Epsilon: 0.2231 | Goal reached: 3
[[-42.89316559 -39.28045273 -44.49215317 -35.95103073]
 [-35.30036545 -27.79933929 -31.1810379  -31.57925034]
 [-30.79700089 -30.5304203  -30.07862473 -31.14548683]
 [-30.9834671  -34.23182678 -34.62589645 -34.88176727]
 [  0.           0.           0.           0.        ]
 [  0.           0.           0.           0.        ]
 [  0.           0.           0.           0.        ]
 [  0.           0.           0.           0.        ]
 [  0.           0.           0.           0.        ]
 [  0.           0.           0.           0.        ]
 [  0.           0.           0.           0.        ]
 [-41.96658707 -35.62747192 -31.523283   -38.47109222]
 [-29.74248505 -29.05919838 -27.28906059 -31.21266556]
 [-28.10457039 -31.32079315 -30.84594154 -29.84375191]
 [  0.           0.           0.           0.        ]
 [  0.           0.           0.           0.        ]
 [  0.           0.           0.           0.        ]
 [  0.           0.           0.           0.        ]
 [  0.           0.           0.           0.        ]
 [  0.           0.           0.           0.        ]
 [  0.           0.           0.           0.        ]
 [  0.           0.           0.           0.        ]
 [-35.22275162 -30.31660271 -28.117136   -29.7935791 ]
 [-26.79904747 -28.16527748 -29.74969673 -30.70503235]
 [  0.           0.           0.           0.        ]
 [  0.           0.           0.           0.        ]
 [  0.           0.           0.           0.        ]
 [  0.           0.           0.           0.        ]
 [  0.           0.           0.           0.        ]
 [  0.           0.           0.           0.        ]
 [  0.           0.           0.           0.        ]
 [-39.69376373 -35.89723206 -33.51620483 -37.58948135]
 [-26.78947258 -26.98662567 -24.86900139 -26.43036652]
 [-26.59505653 -29.49780846 -28.45761108 -29.03353119]
 [  0.           0.           0.           0.        ]
 [  0.           0.           0.           0.        ]
 [  0.           0.           0.           0.        ]
 [  0.           0.           0.           0.        ]
 [  0.           0.           0.           0.        ]
 [  0.           0.           0.           0.        ]
 [  0.           0.           0.           0.        ]
 [  0.           0.           0.           0.        ]
 [-29.73311043 -28.50315666 -23.91403389 -30.43318367]
 [  0.           0.           0.           0.        ]
 [  0.           0.           0.           0.        ]
 [  0.           0.           0.           0.        ]
 [  0.           0.           0.           0.        ]
 [  0.           0.           0.           0.        ]
 [  0.           0.           0.           0.        ]
 [  0.           0.           0.           0.        ]
 [  0.           0.           0.           0.        ]
 [  0.           0.           0.           0.        ]
 [-28.96967316 -28.22056961 -23.24458885 -29.57866096]
 [-25.51791382 -19.14059448 -24.31479645 -27.97310066]
 [  0.           0.           0.           0.        ]
 [  0.           0.           0.           0.        ]
 [  0.           0.           0.           0.        ]
 [  0.           0.           0.           0.        ]
 [  0.           0.           0.           0.        ]
 [  0.           0.           0.           0.        ]
 [  0.           0.           0.           0.        ]
 [  0.           0.           0.           0.        ]
 [  0.           0.           0.           0.        ]
 [-22.96287918 -20.00395012 -17.31755638 -20.58615494]
 [-20.25674248 -13.66526318 -15.32070637 -14.49295998]
 [-14.59283066 -14.64350224 -17.3176899  -15.48587227]
 [  0.           0.           0.           0.        ]
 [  0.           0.           0.           0.        ]
 [  0.           0.           0.           0.        ]
 [  0.           0.           0.           0.        ]
 [  0.           0.           0.           0.        ]
 [  0.           0.           0.           0.        ]
 [  0.           0.           0.           0.        ]
 [-15.59309292 -14.74118328 -15.58970356 -17.31081772]
 [-13.24885178 -13.40835285 -11.79410458 -13.03886032]
 [-10.95923901 -10.03041363 -11.01047039 -10.9108448 ]
 [ -6.4431324   -8.94071102  -9.60703278 -13.29290867]
 [  0.           0.           0.           0.        ]
 [  0.           0.           0.           0.        ]
 [  0.           0.           0.           0.        ]
 [  0.           0.           0.           0.        ]
 [  0.           0.           0.           0.        ]
 [  0.           0.           0.           0.        ]
 [-18.72953224 -18.27679634 -15.97730064 -19.02828217]
 [  0.           0.           0.           0.        ]
 [-10.72797489 -10.66352081 -10.17989254 -10.59196186]
 [ -2.46029997  -2.37774801  -2.53522062  -3.54809856]
 [ -2.06772375  -2.30725813  -3.14299035  -2.13797712]
 [  0.           0.           0.           0.        ]
 [  0.           0.           0.           0.        ]
 [  0.           0.           0.           0.        ]
 [  0.           0.           0.           0.        ]
 [  0.           0.           0.           0.        ]
 [  0.           0.           0.           0.        ]
 [  0.           0.           0.           0.        ]
 [  0.           0.           0.           0.        ]
 [ -2.42715144  -1.77346444  -0.54159737  -1.17336035]
 [ -0.26348892   3.26718235  -0.15944271  -0.38845354]
 [  0.00789979  20.23962212  19.55576706   0.00876665]
 [  0.           0.           0.           0.        ]]
Training  | Episode: 610000/1000000  | Episode Reward: -43.1667 | Epsilon: 0.2176 | Goal reached: 3
Training  | Episode: 620000/1000000  | Episode Reward: -69.5000 | Epsilon: 0.2122 | Goal reached: 4
Training  | Episode: 630000/1000000  | Episode Reward: -63.5000 | Epsilon: 0.2070 | Goal reached: 5
Training  | Episode: 640000/1000000  | Episode Reward: -47.2222 | Epsilon: 0.2019 | Goal reached: 5
Training  | Episode: 650000/1000000  | Episode Reward: -67.2222 | Epsilon: 0.1969 | Goal reached: 6
Training  | Episode: 660000/1000000  | Episode Reward: -97.7222 | Epsilon: 0.1920 | Goal reached: 6
Training  | Episode: 670000/1000000  | Episode Reward: -43.5000 | Epsilon: 0.1873 | Goal reached: 6
Training  | Episode: 680000/1000000  | Episode Reward: -47.2222 | Epsilon: 0.1827 | Goal reached: 6
Training  | Episode: 690000/1000000  | Episode Reward: -47.2222 | Epsilon: 0.1782 | Goal reached: 7
Training  | Episode: 700000/1000000  | Episode Reward: -99.6111 | Epsilon: 0.1738 | Goal reached: 7
[[-41.13222122 -39.79613495 -40.88861847 -37.30124283]
 [-33.08705902 -32.8742218  -31.72063828 -34.03343201]
 [-32.5605011  -31.17498398 -29.04042625 -31.51424789]
 [-32.20895004 -32.50198364 -32.9053421  -32.55817032]
 [  0.           0.           0.           0.        ]
 [  0.           0.           0.           0.        ]
 [  0.           0.           0.           0.        ]
 [  0.           0.           0.           0.        ]
 [  0.           0.           0.           0.        ]
 [  0.           0.           0.           0.        ]
 [  0.           0.           0.           0.        ]
 [-41.23022079 -41.99597931 -32.80511856 -38.40571213]
 [-30.16176605 -27.5761795  -29.71623039 -29.31369591]
 [-30.50309753 -32.60282516 -31.29623413 -31.20951653]
 [  0.           0.           0.           0.        ]
 [  0.           0.           0.           0.        ]
 [  0.           0.           0.           0.        ]
 [  0.           0.           0.           0.        ]
 [  0.           0.           0.           0.        ]
 [  0.           0.           0.           0.        ]
 [  0.           0.           0.           0.        ]
 [  0.           0.           0.           0.        ]
 [-31.76469612 -29.88418961 -26.06733322 -33.09514999]
 [-26.45421982 -27.57692719 -29.04606247 -29.04870796]
 [  0.           0.           0.           0.        ]
 [  0.           0.           0.           0.        ]
 [  0.           0.           0.           0.        ]
 [  0.           0.           0.           0.        ]
 [  0.           0.           0.           0.        ]
 [  0.           0.           0.           0.        ]
 [  0.           0.           0.           0.        ]
 [-39.80607986 -37.93762589 -33.10126114 -37.19584656]
 [-26.1288414  -23.19373703 -25.31266975 -27.00420761]
 [-28.36383247 -28.09016991 -28.83925247 -29.19033051]
 [  0.           0.           0.           0.        ]
 [  0.           0.           0.           0.        ]
 [  0.           0.           0.           0.        ]
 [  0.           0.           0.           0.        ]
 [  0.           0.           0.           0.        ]
 [  0.           0.           0.           0.        ]
 [  0.           0.           0.           0.        ]
 [  0.           0.           0.           0.        ]
 [-28.28504372 -30.66075897 -26.84520912 -29.15622902]
 [  0.           0.           0.           0.        ]
 [  0.           0.           0.           0.        ]
 [  0.           0.           0.           0.        ]
 [  0.           0.           0.           0.        ]
 [  0.           0.           0.           0.        ]
 [  0.           0.           0.           0.        ]
 [  0.           0.           0.           0.        ]
 [  0.           0.           0.           0.        ]
 [  0.           0.           0.           0.        ]
 [-27.70316696 -25.7340889  -23.82962418 -27.31992912]
 [-24.34267616 -21.85295105 -23.37110329 -27.65575218]
 [  0.           0.           0.           0.        ]
 [  0.           0.           0.           0.        ]
 [  0.           0.           0.           0.        ]
 [  0.           0.           0.           0.        ]
 [  0.           0.           0.           0.        ]
 [  0.           0.           0.           0.        ]
 [  0.           0.           0.           0.        ]
 [  0.           0.           0.           0.        ]
 [  0.           0.           0.           0.        ]
 [-23.90069008 -22.98277664 -13.63843918 -21.55582428]
 [-16.93551636 -12.99236202 -15.15270615 -15.88876629]
 [-17.23669434 -12.01309586 -16.85513115 -17.90346527]
 [  0.           0.           0.           0.        ]
 [  0.           0.           0.           0.        ]
 [  0.           0.           0.           0.        ]
 [  0.           0.           0.           0.        ]
 [  0.           0.           0.           0.        ]
 [  0.           0.           0.           0.        ]
 [  0.           0.           0.           0.        ]
 [-20.99640656 -14.8544445  -13.24335289 -17.00052452]
 [-15.07167625 -13.7597847  -14.41086578 -13.07551956]
 [-11.54577255 -10.35277653 -10.03947163 -10.78124809]
 [-11.26708031 -10.04141998 -10.93745995 -13.59082508]
 [  0.           0.           0.           0.        ]
 [  0.           0.           0.           0.        ]
 [  0.           0.           0.           0.        ]
 [  0.           0.           0.           0.        ]
 [  0.           0.           0.           0.        ]
 [  0.           0.           0.           0.        ]
 [-16.69238091 -17.81009483 -16.10113525 -19.58585358]
 [  0.           0.           0.           0.        ]
 [-10.7239809  -11.78273106  -6.27266407 -11.72548389]
 [ -2.66450071  -0.60898197  -3.14846182  -4.29720449]
 [ -2.73631215  -2.87592745  -4.65523767  -2.42102861]
 [  0.           0.           0.           0.        ]
 [  0.           0.           0.           0.        ]
 [  0.           0.           0.           0.        ]
 [  0.           0.           0.           0.        ]
 [  0.           0.           0.           0.        ]
 [  0.           0.           0.           0.        ]
 [  0.           0.           0.           0.        ]
 [  0.           0.           0.           0.        ]
 [ -2.42715144   3.54578447  -2.2615571   -5.0703516 ]
 [ -0.36321783  17.71072578   0.16628152  -0.38845354]
 [  0.00789979  45.04011154  26.0733223    0.00876665]
 [  0.           0.           0.           0.        ]]
Training  | Episode: 710000/1000000  | Episode Reward: -333.1111 | Epsilon: 0.1695 | Goal reached: 7
Training  | Episode: 720000/1000000  | Episode Reward: -172.3889 | Epsilon: 0.1653 | Goal reached: 7
Training  | Episode: 730000/1000000  | Episode Reward: -60.4444 | Epsilon: 0.1612 | Goal reached: 7
Training  | Episode: 740000/1000000  | Episode Reward: -58.0000 | Epsilon: 0.1572 | Goal reached: 8
Training  | Episode: 750000/1000000  | Episode Reward: -47.2222 | Epsilon: 0.1534 | Goal reached: 8
Training  | Episode: 760000/1000000  | Episode Reward: -47.2222 | Epsilon: 0.1496 | Goal reached: 8
Training  | Episode: 770000/1000000  | Episode Reward: -165.7778 | Epsilon: 0.1459 | Goal reached: 8
Training  | Episode: 780000/1000000  | Episode Reward: -424.5556 | Epsilon: 0.1423 | Goal reached: 8
Training  | Episode: 790000/1000000  | Episode Reward: -57.2222 | Epsilon: 0.1388 | Goal reached: 8
Training  | Episode: 800000/1000000  | Episode Reward: -110.2222 | Epsilon: 0.1353 | Goal reached: 8
[[-37.40227127 -36.87739563 -38.59617996 -37.30247116]
 [-33.34937668 -30.96660233 -33.90653992 -33.28100204]
 [-32.57087326 -32.61751556 -32.47563171 -32.78958511]
 [-31.06129074 -33.38463211 -33.29757309 -34.09120178]
 [  0.           0.           0.           0.        ]
 [  0.           0.           0.           0.        ]
 [  0.           0.           0.           0.        ]
 [  0.           0.           0.           0.        ]
 [  0.           0.           0.           0.        ]
 [  0.           0.           0.           0.        ]
 [  0.           0.           0.           0.        ]
 [-40.378685   -39.51220703 -32.66556549 -41.9461174 ]
 [-30.95539474 -31.61473846 -29.79554939 -31.14329338]
 [-29.9567852  -29.35777664 -30.06179237 -33.20544052]
 [  0.           0.           0.           0.        ]
 [  0.           0.           0.           0.        ]
 [  0.           0.           0.           0.        ]
 [  0.           0.           0.           0.        ]
 [  0.           0.           0.           0.        ]
 [  0.           0.           0.           0.        ]
 [  0.           0.           0.           0.        ]
 [  0.           0.           0.           0.        ]
 [-30.71671295 -32.15690613 -26.27521515 -31.72206306]
 [-27.38089943 -27.37227631 -29.94835281 -28.32632828]
 [  0.           0.           0.           0.        ]
 [  0.           0.           0.           0.        ]
 [  0.           0.           0.           0.        ]
 [  0.           0.           0.           0.        ]
 [  0.           0.           0.           0.        ]
 [  0.           0.           0.           0.        ]
 [  0.           0.           0.           0.        ]
 [-39.07012939 -33.76489639 -36.60413361 -39.5868187 ]
 [-26.10567093 -26.3916111  -26.42489433 -29.33562279]
 [-29.43049812 -29.24864769 -29.10023308 -27.85816574]
 [  0.           0.           0.           0.        ]
 [  0.           0.           0.           0.        ]
 [  0.           0.           0.           0.        ]
 [  0.           0.           0.           0.        ]
 [  0.           0.           0.           0.        ]
 [  0.           0.           0.           0.        ]
 [  0.           0.           0.           0.        ]
 [  0.           0.           0.           0.        ]
 [-29.49504471 -29.76031876 -26.58930397 -32.76501465]
 [  0.           0.           0.           0.        ]
 [  0.           0.           0.           0.        ]
 [  0.           0.           0.           0.        ]
 [  0.           0.           0.           0.        ]
 [  0.           0.           0.           0.        ]
 [  0.           0.           0.           0.        ]
 [  0.           0.           0.           0.        ]
 [  0.           0.           0.           0.        ]
 [  0.           0.           0.           0.        ]
 [-29.22107315 -29.1834507  -25.13339615 -31.33888054]
 [-22.62859154 -22.36458969 -27.94984627 -25.38170433]
 [  0.           0.           0.           0.        ]
 [  0.           0.           0.           0.        ]
 [  0.           0.           0.           0.        ]
 [  0.           0.           0.           0.        ]
 [  0.           0.           0.           0.        ]
 [  0.           0.           0.           0.        ]
 [  0.           0.           0.           0.        ]
 [  0.           0.           0.           0.        ]
 [  0.           0.           0.           0.        ]
 [-19.93527603 -21.34567642 -13.81026077 -22.15710068]
 [-19.95752525 -13.37640667 -16.45312119 -16.28579521]
 [-16.61961937 -11.89353275 -15.40486908 -17.69719887]
 [  0.           0.           0.           0.        ]
 [  0.           0.           0.           0.        ]
 [  0.           0.           0.           0.        ]
 [  0.           0.           0.           0.        ]
 [  0.           0.           0.           0.        ]
 [  0.           0.           0.           0.        ]
 [  0.           0.           0.           0.        ]
 [-18.32262039 -12.49661732 -14.99703407 -21.27939796]
 [-14.44621277 -14.29361534 -14.26550388 -14.68629932]
 [-11.90056038 -10.09343147  -9.14935112 -11.14704132]
 [-12.02212429  -9.72497463  -9.6790247  -12.99756527]
 [  0.           0.           0.           0.        ]
 [  0.           0.           0.           0.        ]
 [  0.           0.           0.           0.        ]
 [  0.           0.           0.           0.        ]
 [  0.           0.           0.           0.        ]
 [  0.           0.           0.           0.        ]
 [-19.12349129 -17.76541138 -15.93744183 -17.6079216 ]
 [  0.           0.           0.           0.        ]
 [-10.72078514 -12.67809868  -8.42120171 -13.35775566]
 [ -5.76778078  -4.43702888  -4.84728193  -5.67484045]
 [ -2.51973534  -2.87592745  -5.86503553  -3.34490538]
 [  0.           0.           0.           0.        ]
 [  0.           0.           0.           0.        ]
 [  0.           0.           0.           0.        ]
 [  0.           0.           0.           0.        ]
 [  0.           0.           0.           0.        ]
 [  0.           0.           0.           0.        ]
 [  0.           0.           0.           0.        ]
 [  0.           0.           0.           0.        ]
 [ -3.17748165  -4.08319902  -3.48844671  -5.81507158]
 [  2.827209     7.50008774   0.16628152  -0.23143542]
 [ -1.02380121  45.04011154  26.0733223    0.00876665]
 [  0.           0.           0.           0.        ]]
Training  | Episode: 810000/1000000  | Episode Reward: -62.3333 | Epsilon: 0.1320 | Goal reached: 8
Training  | Episode: 820000/1000000  | Episode Reward: -121.2778 | Epsilon: 0.1287 | Goal reached: 9
Training  | Episode: 830000/1000000  | Episode Reward: -47.2222 | Epsilon: 0.1256 | Goal reached: 10
Training  | Episode: 840000/1000000  | Episode Reward: -136.0556 | Epsilon: 0.1225 | Goal reached: 10
Training  | Episode: 850000/1000000  | Episode Reward: -91.2778 | Epsilon: 0.1194 | Goal reached: 10
Training  | Episode: 860000/1000000  | Episode Reward: -101.7222 | Epsilon: 0.1165 | Goal reached: 10
Training  | Episode: 870000/1000000  | Episode Reward: -72.9444 | Epsilon: 0.1136 | Goal reached: 11
Training  | Episode: 880000/1000000  | Episode Reward: -341.3889 | Epsilon: 0.1108 | Goal reached: 12
Training  | Episode: 890000/1000000  | Episode Reward: -58.1667 | Epsilon: 0.1081 | Goal reached: 13
Training  | Episode: 900000/1000000  | Episode Reward: -43.5000 | Epsilon: 0.1054 | Goal reached: 14
[[-43.6961441  -39.95843887 -40.84391403 -33.73037338]
 [-33.63465118 -34.95252228 -31.88600922 -33.30654907]
 [-31.63499641 -31.95402718 -28.04715919 -32.60452652]
 [-31.02488899 -33.98576355 -34.01144028 -34.07303238]
 [  0.           0.           0.           0.        ]
 [  0.           0.           0.           0.        ]
 [  0.           0.           0.           0.        ]
 [  0.           0.           0.           0.        ]
 [  0.           0.           0.           0.        ]
 [  0.           0.           0.           0.        ]
 [  0.           0.           0.           0.        ]
 [-44.5943985  -42.45690536 -34.93335342 -40.66277695]
 [-30.16059113 -26.44473648 -29.91074753 -30.9221096 ]
 [-29.29487228 -31.20578766 -32.5814209  -30.51452255]
 [  0.           0.           0.           0.        ]
 [  0.           0.           0.           0.        ]
 [  0.           0.           0.           0.        ]
 [  0.           0.           0.           0.        ]
 [  0.           0.           0.           0.        ]
 [  0.           0.           0.           0.        ]
 [  0.           0.           0.           0.        ]
 [  0.           0.           0.           0.        ]
 [-27.97200584 -32.25669861 -26.50807953 -37.81578827]
 [-27.52795792 -30.01260757 -29.85106087 -29.81791878]
 [  0.           0.           0.           0.        ]
 [  0.           0.           0.           0.        ]
 [  0.           0.           0.           0.        ]
 [  0.           0.           0.           0.        ]
 [  0.           0.           0.           0.        ]
 [  0.           0.           0.           0.        ]
 [  0.           0.           0.           0.        ]
 [-39.72362518 -33.98276138 -38.55861664 -40.08349991]
 [-28.03516769 -22.76603508 -27.11373138 -27.53258896]
 [-29.09574318 -27.9045372  -29.04941177 -27.86188316]
 [  0.           0.           0.           0.        ]
 [  0.           0.           0.           0.        ]
 [  0.           0.           0.           0.        ]
 [  0.           0.           0.           0.        ]
 [  0.           0.           0.           0.        ]
 [  0.           0.           0.           0.        ]
 [  0.           0.           0.           0.        ]
 [  0.           0.           0.           0.        ]
 [-28.99440575 -29.68601418 -23.14812088 -32.76438141]
 [  0.           0.           0.           0.        ]
 [  0.           0.           0.           0.        ]
 [  0.           0.           0.           0.        ]
 [  0.           0.           0.           0.        ]
 [  0.           0.           0.           0.        ]
 [  0.           0.           0.           0.        ]
 [  0.           0.           0.           0.        ]
 [  0.           0.           0.           0.        ]
 [  0.           0.           0.           0.        ]
 [-28.57990646 -26.26717949 -25.23157883 -26.8589077 ]
 [-24.27883911 -22.91483498 -23.35093117 -27.73219299]
 [  0.           0.           0.           0.        ]
 [  0.           0.           0.           0.        ]
 [  0.           0.           0.           0.        ]
 [  0.           0.           0.           0.        ]
 [  0.           0.           0.           0.        ]
 [  0.           0.           0.           0.        ]
 [  0.           0.           0.           0.        ]
 [  0.           0.           0.           0.        ]
 [  0.           0.           0.           0.        ]
 [-21.16388702 -17.9596138  -17.90751266 -19.44387627]
 [-16.29657745 -13.84849739 -16.81581116 -15.82081604]
 [-18.16304779 -13.39475441 -16.42432404 -18.25493813]
 [  0.           0.           0.           0.        ]
 [  0.           0.           0.           0.        ]
 [  0.           0.           0.           0.        ]
 [  0.           0.           0.           0.        ]
 [  0.           0.           0.           0.        ]
 [  0.           0.           0.           0.        ]
 [  0.           0.           0.           0.        ]
 [-18.89796448 -17.31984138 -13.6492157  -19.86540794]
 [-15.42492104 -10.7536335  -15.11035347 -13.91531181]
 [-12.45521164 -12.11714649  -9.28802109 -12.56043625]
 [-10.30360031  -7.97777653 -10.99505424 -12.99756527]
 [  0.           0.           0.           0.        ]
 [  0.           0.           0.           0.        ]
 [  0.           0.           0.           0.        ]
 [  0.           0.           0.           0.        ]
 [  0.           0.           0.           0.        ]
 [  0.           0.           0.           0.        ]
 [-18.0598278  -19.22367287 -15.9547472  -16.87790108]
 [  0.           0.           0.           0.        ]
 [-11.79458714 -12.67809868  -7.3422246  -11.05719757]
 [ -5.76778078  -4.98590469  -2.95722556  -5.67484045]
 [ -4.15663338  -0.88528579  -6.83287382  -5.33681107]
 [  0.           0.           0.           0.        ]
 [  0.           0.           0.           0.        ]
 [  0.           0.           0.           0.        ]
 [  0.           0.           0.           0.        ]
 [  0.           0.           0.           0.        ]
 [  0.           0.           0.           0.        ]
 [  0.           0.           0.           0.        ]
 [  0.           0.           0.           0.        ]
 [ -5.47404575  -7.31610394   0.34049606  -5.81507158]
 [  2.827209    18.42406273   8.64988518   9.79241085]
 [ -1.02380121  35.49539566  26.0733223    0.89754856]
 [  0.           0.           0.           0.        ]]
Training  | Episode: 910000/1000000  | Episode Reward: -81.8333 | Epsilon: 0.1028 | Goal reached: 14
Training  | Episode: 920000/1000000  | Episode Reward: -57.2222 | Epsilon: 0.1003 | Goal reached: 17
Training  | Episode: 930000/1000000  | Episode Reward: -132.0556 | Epsilon: 0.1000 | Goal reached: 17
Training  | Episode: 940000/1000000  | Episode Reward: -285.2778 | Epsilon: 0.1000 | Goal reached: 19
Training  | Episode: 950000/1000000  | Episode Reward: -98.1667 | Epsilon: 0.1000 | Goal reached: 20
Training  | Episode: 960000/1000000  | Episode Reward: -73.4444 | Epsilon: 0.1000 | Goal reached: 20
Training  | Episode: 970000/1000000  | Episode Reward: -336.4444 | Epsilon: 0.1000 | Goal reached: 22
Training  | Episode: 980000/1000000  | Episode Reward: -408.6111 | Epsilon: 0.1000 | Goal reached: 23
Training  | Episode: 990000/1000000  | Episode Reward: -80.9444 | Epsilon: 0.1000 | Goal reached: 24
[[-41.96784592 -41.12209702 -35.88935471 -30.68664551]
 [-31.87393761 -30.66321564 -28.86874962 -31.33871841]
 [-32.52219391 -32.03468704 -29.89893341 -30.19381905]
 [-26.71621704 -29.7019043  -36.20086288 -35.35150909]
 [  0.           0.           0.           0.        ]
 [  0.           0.           0.           0.        ]
 [  0.           0.           0.           0.        ]
 [  0.           0.           0.           0.        ]
 [  0.           0.           0.           0.        ]
 [  0.           0.           0.           0.        ]
 [  0.           0.           0.           0.        ]
 [-40.56916046 -38.04954529 -34.88446426 -37.35126495]
 [-30.09687042 -29.35190582 -30.42732811 -30.14233398]
 [-24.85178757 -33.8771553  -33.69853592 -31.12662888]
 [  0.           0.           0.           0.        ]
 [  0.           0.           0.           0.        ]
 [  0.           0.           0.           0.        ]
 [  0.           0.           0.           0.        ]
 [  0.           0.           0.           0.        ]
 [  0.           0.           0.           0.        ]
 [  0.           0.           0.           0.        ]
 [  0.           0.           0.           0.        ]
 [-33.84315491 -33.94753647 -24.24787712 -26.60177803]
 [-24.96934891 -27.29353523 -28.72745323 -28.7427063 ]
 [  0.           0.           0.           0.        ]
 [  0.           0.           0.           0.        ]
 [  0.           0.           0.           0.        ]
 [  0.           0.           0.           0.        ]
 [  0.           0.           0.           0.        ]
 [  0.           0.           0.           0.        ]
 [  0.           0.           0.           0.        ]
 [-39.15282059 -38.54206085 -37.63880157 -39.39107132]
 [-26.65856361 -28.15410233 -22.13759804 -28.41379738]
 [-24.16100121 -28.07482719 -29.83641243 -28.79404259]
 [  0.           0.           0.           0.        ]
 [  0.           0.           0.           0.        ]
 [  0.           0.           0.           0.        ]
 [  0.           0.           0.           0.        ]
 [  0.           0.           0.           0.        ]
 [  0.           0.           0.           0.        ]
 [  0.           0.           0.           0.        ]
 [  0.           0.           0.           0.        ]
 [-28.12508965 -30.65468597 -22.56246185 -32.19526291]
 [  0.           0.           0.           0.        ]
 [  0.           0.           0.           0.        ]
 [  0.           0.           0.           0.        ]
 [  0.           0.           0.           0.        ]
 [  0.           0.           0.           0.        ]
 [  0.           0.           0.           0.        ]
 [  0.           0.           0.           0.        ]
 [  0.           0.           0.           0.        ]
 [  0.           0.           0.           0.        ]
 [-29.94979477 -27.48267365 -22.15490723 -27.29354668]
 [-26.52388382 -21.58038521 -24.49495697 -27.25951958]
 [  0.           0.           0.           0.        ]
 [  0.           0.           0.           0.        ]
 [  0.           0.           0.           0.        ]
 [  0.           0.           0.           0.        ]
 [  0.           0.           0.           0.        ]
 [  0.           0.           0.           0.        ]
 [  0.           0.           0.           0.        ]
 [  0.           0.           0.           0.        ]
 [  0.           0.           0.           0.        ]
 [-20.32755089 -19.85332489 -14.06511688 -19.56602097]
 [-20.71320534 -11.26189995 -17.14308929 -18.33908081]
 [-17.30013466 -12.98649311 -16.56492996 -17.70812035]
 [  0.           0.           0.           0.        ]
 [  0.           0.           0.           0.        ]
 [  0.           0.           0.           0.        ]
 [  0.           0.           0.           0.        ]
 [  0.           0.           0.           0.        ]
 [  0.           0.           0.           0.        ]
 [  0.           0.           0.           0.        ]
 [-18.36072922 -16.30963326 -15.74697113 -15.84747124]
 [-15.10317135 -15.03170395 -14.00751972 -12.00717735]
 [-11.44806576  -8.74923515 -11.0097208  -11.05982494]
 [ -9.62278175  -8.11389732 -10.93688869 -13.28295231]
 [  0.           0.           0.           0.        ]
 [  0.           0.           0.           0.        ]
 [  0.           0.           0.           0.        ]
 [  0.           0.           0.           0.        ]
 [  0.           0.           0.           0.        ]
 [  0.           0.           0.           0.        ]
 [-17.70018387 -19.28633308 -15.78224945 -18.85373116]
 [  0.           0.           0.           0.        ]
 [-12.68758392 -12.85711479  -5.81744003 -11.75229359]
 [ -4.68639517   3.39498377  -4.47841406  -6.56591177]
 [ -5.46615219   7.72872353  -6.83287382  -4.6054697 ]
 [  0.           0.           0.           0.        ]
 [  0.           0.           0.           0.        ]
 [  0.           0.           0.           0.        ]
 [  0.           0.           0.           0.        ]
 [  0.           0.           0.           0.        ]
 [  0.           0.           0.           0.        ]
 [  0.           0.           0.           0.        ]
 [  0.           0.           0.           0.        ]
 [ -5.04669333  -1.08655381   5.49593258  -0.62657309]
 [  5.37472963  23.7195034    9.38200092  15.15167904]
 [ -1.02380121  51.59171677  26.0733223   20.79929161]
 [  0.           0.           0.           0.        ]]
