___ACTION___
gamma:  0.7 learning rate:  0.01 eps decay:  0.99999
[[b'S' b'F' b'F' b'F' b'H' b'F' b'H' b'H' b'H' b'F']
 [b'H' b'H' b'H' b'F' b'F' b'H' b'H' b'H' b'H' b'F']
 [b'H' b'H' b'H' b'F' b'F' b'F' b'F' b'F' b'F' b'H']
 [b'H' b'H' b'F' b'H' b'H' b'H' b'H' b'F' b'H' b'F']
 [b'H' b'H' b'H' b'F' b'H' b'H' b'F' b'F' b'H' b'H']
 [b'H' b'F' b'F' b'H' b'F' b'H' b'H' b'F' b'F' b'F']
 [b'F' b'H' b'H' b'H' b'F' b'H' b'H' b'F' b'F' b'H']
 [b'H' b'H' b'H' b'H' b'H' b'H' b'H' b'F' b'F' b'F']
 [b'H' b'H' b'F' b'F' b'H' b'F' b'F' b'F' b'F' b'F']
 [b'H' b'H' b'H' b'F' b'H' b'H' b'H' b'H' b'H' b'G']]
[<tf.Variable 'q_a_s/weights:0' shape=(100, 4) dtype=float32, numpy=
array([[0.00699444, 0.00362457, 0.0051932 , 0.00721878],
       [0.00587038, 0.00901337, 0.009619  , 0.00647254],
       [0.0006202 , 0.00955819, 0.00853049, 0.00010678],
       [0.00639044, 0.00504247, 0.00632066, 0.00733728],
       [0.00300352, 0.00669283, 0.0027695 , 0.00612183],
       [0.00539084, 0.00131216, 0.00604042, 0.00987993],
       [0.00734256, 0.00229904, 0.00801302, 0.00890199],
       [0.00990687, 0.00548933, 0.00327515, 0.00041281],
       [0.00861837, 0.00684005, 0.00994279, 0.00895901],
       [0.00245701, 0.0093529 , 0.00619677, 0.00213485],
       [0.00510787, 0.00619658, 0.00861996, 0.00367846],
       [0.00813908, 0.0011941 , 0.00176341, 0.00841537],
       [0.00010393, 0.0029144 , 0.00554636, 0.00929823],
       [0.00370115, 0.00892635, 0.00976929, 0.00951301],
       [0.00468233, 0.00147751, 0.00376371, 0.00689132],
       [0.00681674, 0.00550781, 0.0000316 , 0.00979675],
       [0.00841958, 0.00528425, 0.00590948, 0.00987804],
       [0.00393362, 0.00915376, 0.00738303, 0.00378531],
       [0.00258246, 0.00014725, 0.0073038 , 0.00358484],
       [0.00853051, 0.00940924, 0.00889372, 0.00770361],
       [0.00140964, 0.00597672, 0.00582223, 0.00610556],
       [0.00495804, 0.00429239, 0.00062679, 0.00983174],
       [0.00308946, 0.00189773, 0.00112616, 0.0034441 ],
       [0.00664064, 0.00135783, 0.00573024, 0.00483612],
       [0.00006786, 0.00834452, 0.00234494, 0.00927151],
       [0.00478105, 0.00270005, 0.001245  , 0.00766736],
       [0.00182073, 0.00962936, 0.0027765 , 0.00530724],
       [0.00084222, 0.00424452, 0.00285463, 0.0070173 ],
       [0.00223728, 0.0020693 , 0.00023136, 0.00861842],
       [0.00647143, 0.00653854, 0.00894267, 0.00842142],
       [0.0036861 , 0.0025802 , 0.00965493, 0.00355243],
       [0.0061638 , 0.00945931, 0.00351168, 0.00113348],
       [0.00792072, 0.00420081, 0.00374631, 0.00674096],
       [0.00092376, 0.00797536, 0.00818658, 0.00255948],
       [0.00181689, 0.00850862, 0.00278857, 0.00871066],
       [0.00656607, 0.00592567, 0.00281844, 0.00702008],
       [0.00042859, 0.00046731, 0.00398433, 0.0035097 ],
       [0.00243241, 0.00872805, 0.00038877, 0.00527867],
       [0.00611113, 0.00130386, 0.00861586, 0.00189972],
       [0.00903256, 0.00642247, 0.00028634, 0.00789306],
       [0.00500524, 0.0082388 , 0.00835259, 0.00327029],
       [0.00802773, 0.00268929, 0.00320083, 0.00480274],
       [0.00221888, 0.0027568 , 0.00058074, 0.00781865],
       [0.00274488, 0.00372708, 0.00553435, 0.00623747],
       [0.00974845, 0.00545116, 0.0075912 , 0.00196861],
       [0.00750815, 0.00437829, 0.00692907, 0.00072113],
       [0.00518564, 0.00128173, 0.00290822, 0.00071673],
       [0.00988034, 0.00105894, 0.00656504, 0.00025914],
       [0.00251189, 0.00158011, 0.0032743 , 0.00625527],
       [0.00384892, 0.00774143, 0.00351053, 0.00745423],
       [0.00691785, 0.00646724, 0.00203806, 0.00733059],
       [0.00898158, 0.00735623, 0.0073365 , 0.00238177],
       [0.00564083, 0.00093675, 0.0049264 , 0.00160941],
       [0.0087061 , 0.00195376, 0.00383464, 0.00177908],
       [0.00213742, 0.00277215, 0.00750563, 0.00069888],
       [0.00257406, 0.00330384, 0.00014545, 0.00844352],
       [0.00676781, 0.00191753, 0.00492867, 0.00664096],
       [0.00638469, 0.00749112, 0.00565798, 0.00352716],
       [0.00865342, 0.00057721, 0.00676567, 0.00436484],
       [0.00063679, 0.00667344, 0.00547453, 0.00498924],
       [0.00545501, 0.00167033, 0.0068307 , 0.00359819],
       [0.00117907, 0.00922297, 0.00194578, 0.00336961],
       [0.00923332, 0.00043845, 0.00541523, 0.00365795],
       [0.0065953 , 0.00305682, 0.0089468 , 0.00029901],
       [0.00245664, 0.00492093, 0.00206377, 0.00414723],
       [0.00935924, 0.00385198, 0.00410689, 0.00070588],
       [0.0020216 , 0.0085637 , 0.00929901, 0.00425999],
       [0.00524984, 0.0056386 , 0.00199421, 0.00062863],
       [0.00248021, 0.0026746 , 0.00467286, 0.0014168 ],
       [0.00349388, 0.00910127, 0.00850351, 0.00877896],
       [0.00063619, 0.00296848, 0.00612603, 0.00111124],
       [0.0091318 , 0.00819632, 0.00976688, 0.00975147],
       [0.00559183, 0.00619857, 0.00951976, 0.00228061],
       [0.00627746, 0.0026043 , 0.0031247 , 0.00802286],
       [0.00322865, 0.00766609, 0.00599536, 0.00906308],
       [0.00511372, 0.00092448, 0.00424146, 0.00188198],
       [0.00153017, 0.00182429, 0.00252956, 0.00491142],
       [0.00347316, 0.00050389, 0.00271368, 0.00143178],
       [0.00531164, 0.00799206, 0.00008814, 0.00987512],
       [0.00073608, 0.00591969, 0.0040511 , 0.00751185],
       [0.00453846, 0.00692271, 0.00754648, 0.00058221],
       [0.0028716 , 0.00176976, 0.00111037, 0.00233877],
       [0.00913978, 0.00501353, 0.00621646, 0.00857917],
       [0.00634341, 0.00928632, 0.00220156, 0.0080516 ],
       [0.00912088, 0.00262031, 0.00312698, 0.00305693],
       [0.0061475 , 0.00244806, 0.00257115, 0.00406241],
       [0.00536444, 0.00559291, 0.00736134, 0.00744883],
       [0.00544185, 0.00862431, 0.00059911, 0.00471473],
       [0.00644866, 0.00355686, 0.00956737, 0.00344375],
       [0.00454027, 0.00340237, 0.00626202, 0.00191738],
       [0.00962533, 0.00797613, 0.00342913, 0.00057016],
       [0.00521875, 0.00952084, 0.00533734, 0.00404202],
       [0.00962834, 0.00937439, 0.0029316 , 0.00948858],
       [0.00487944, 0.00119466, 0.00957969, 0.0012989 ],
       [0.0097399 , 0.00244271, 0.00992487, 0.00924894],
       [0.00072482, 0.00594874, 0.00875995, 0.00527107],
       [0.00905756, 0.00745035, 0.0022863 , 0.00160416],
       [0.00006557, 0.00238625, 0.00394076, 0.00919158],
       [0.00376357, 0.0063344 , 0.00586468, 0.00595661],
       [0.00024012, 0.00968648, 0.00003419, 0.00565839]], dtype=float32)>]
Training  | Episode: 0/1000000  | Episode Reward: -61.0000 | Epsilon: 0.2000 | Goal reached: 0
[[ 0.00699444 -0.19634685 -0.014776    0.00721878]
 [ 0.00587038  0.00901337  0.009619    0.00647254]
 [ 0.          0.          0.          0.        ]
 [ 0.          0.          0.          0.        ]
 [ 0.          0.          0.          0.        ]
 [ 0.          0.          0.          0.        ]
 [ 0.          0.          0.          0.        ]
 [ 0.          0.          0.          0.        ]
 [ 0.          0.          0.          0.        ]
 [ 0.          0.          0.          0.        ]
 [ 0.          0.          0.          0.        ]
 [ 0.          0.          0.          0.        ]
 [ 0.          0.          0.          0.        ]
 [ 0.          0.          0.          0.        ]
 [ 0.          0.          0.          0.        ]
 [ 0.          0.          0.          0.        ]
 [ 0.          0.          0.          0.        ]
 [ 0.          0.          0.          0.        ]
 [ 0.          0.          0.          0.        ]
 [ 0.          0.          0.          0.        ]
 [ 0.          0.          0.          0.        ]
 [ 0.          0.          0.          0.        ]
 [ 0.          0.          0.          0.        ]
 [ 0.          0.          0.          0.        ]
 [ 0.          0.          0.          0.        ]
 [ 0.          0.          0.          0.        ]
 [ 0.          0.          0.          0.        ]
 [ 0.          0.          0.          0.        ]
 [ 0.          0.          0.          0.        ]
 [ 0.          0.          0.          0.        ]
 [ 0.          0.          0.          0.        ]
 [ 0.          0.          0.          0.        ]
 [ 0.          0.          0.          0.        ]
 [ 0.          0.          0.          0.        ]
 [ 0.          0.          0.          0.        ]
 [ 0.          0.          0.          0.        ]
 [ 0.          0.          0.          0.        ]
 [ 0.          0.          0.          0.        ]
 [ 0.          0.          0.          0.        ]
 [ 0.          0.          0.          0.        ]
 [ 0.          0.          0.          0.        ]
 [ 0.          0.          0.          0.        ]
 [ 0.          0.          0.          0.        ]
 [ 0.          0.          0.          0.        ]
 [ 0.          0.          0.          0.        ]
 [ 0.          0.          0.          0.        ]
 [ 0.          0.          0.          0.        ]
 [ 0.          0.          0.          0.        ]
 [ 0.          0.          0.          0.        ]
 [ 0.          0.          0.          0.        ]
 [ 0.          0.          0.          0.        ]
 [ 0.          0.          0.          0.        ]
 [ 0.          0.          0.          0.        ]
 [ 0.          0.          0.          0.        ]
 [ 0.          0.          0.          0.        ]
 [ 0.          0.          0.          0.        ]
 [ 0.          0.          0.          0.        ]
 [ 0.          0.          0.          0.        ]
 [ 0.          0.          0.          0.        ]
 [ 0.          0.          0.          0.        ]
 [ 0.          0.          0.          0.        ]
 [ 0.          0.          0.          0.        ]
 [ 0.          0.          0.          0.        ]
 [ 0.          0.          0.          0.        ]
 [ 0.          0.          0.          0.        ]
 [ 0.          0.          0.          0.        ]
 [ 0.          0.          0.          0.        ]
 [ 0.          0.          0.          0.        ]
 [ 0.          0.          0.          0.        ]
 [ 0.          0.          0.          0.        ]
 [ 0.          0.          0.          0.        ]
 [ 0.          0.          0.          0.        ]
 [ 0.          0.          0.          0.        ]
 [ 0.          0.          0.          0.        ]
 [ 0.          0.          0.          0.        ]
 [ 0.          0.          0.          0.        ]
 [ 0.          0.          0.          0.        ]
 [ 0.          0.          0.          0.        ]
 [ 0.          0.          0.          0.        ]
 [ 0.          0.          0.          0.        ]
 [ 0.          0.          0.          0.        ]
 [ 0.          0.          0.          0.        ]
 [ 0.          0.          0.          0.        ]
 [ 0.          0.          0.          0.        ]
 [ 0.          0.          0.          0.        ]
 [ 0.          0.          0.          0.        ]
 [ 0.          0.          0.          0.        ]
 [ 0.          0.          0.          0.        ]
 [ 0.          0.          0.          0.        ]
 [ 0.          0.          0.          0.        ]
 [ 0.          0.          0.          0.        ]
 [ 0.          0.          0.          0.        ]
 [ 0.          0.          0.          0.        ]
 [ 0.          0.          0.          0.        ]
 [ 0.          0.          0.          0.        ]
 [ 0.          0.          0.          0.        ]
 [ 0.          0.          0.          0.        ]
 [ 0.          0.          0.          0.        ]
 [ 0.          0.          0.          0.        ]
 [ 0.          0.          0.          0.        ]]
Training  | Episode: 10000/1000000  | Episode Reward: -60.0000 | Epsilon: 0.2000 | Goal reached: 0
Training  | Episode: 20000/1000000  | Episode Reward: -50.0000 | Epsilon: 0.2000 | Goal reached: 0
Training  | Episode: 30000/1000000  | Episode Reward: -60.0000 | Epsilon: 0.2000 | Goal reached: 0
Training  | Episode: 40000/1000000  | Episode Reward: -50.0000 | Epsilon: 0.2000 | Goal reached: 0
Training  | Episode: 50000/1000000  | Episode Reward: -50.0000 | Epsilon: 0.2000 | Goal reached: 0
Training  | Episode: 60000/1000000  | Episode Reward: -91.0000 | Epsilon: 0.2000 | Goal reached: 0
Training  | Episode: 70000/1000000  | Episode Reward: -52.0000 | Epsilon: 0.2000 | Goal reached: 0
Training  | Episode: 80000/1000000  | Episode Reward: -51.0000 | Epsilon: 0.2000 | Goal reached: 0
Training  | Episode: 90000/1000000  | Episode Reward: -51.0000 | Epsilon: 0.2000 | Goal reached: 0
Training  | Episode: 100000/1000000  | Episode Reward: -50.0000 | Epsilon: 0.2000 | Goal reached: 0
[[  0.00699444 -22.30127716 -20.53129768   0.00721878]
 [  0.00587038 -16.47427368 -23.56779289   0.00647254]
 [  0.0006202  -20.2708416  -22.63443947   0.00010678]
 [  0.00639044 -21.72811508 -21.84632874   0.00733728]
 [  0.           0.           0.           0.        ]
 [  0.           0.           0.           0.        ]
 [  0.           0.           0.           0.        ]
 [  0.           0.           0.           0.        ]
 [  0.           0.           0.           0.        ]
 [  0.           0.           0.           0.        ]
 [  0.           0.           0.           0.        ]
 [  0.           0.           0.           0.        ]
 [  0.           0.           0.           0.        ]
 [  0.00370115 -20.36867142  -4.86057949   0.00951301]
 [  0.00468233 -19.79095078 -36.40895462   0.00689132]
 [  0.           0.           0.           0.        ]
 [  0.           0.           0.           0.        ]
 [  0.           0.           0.           0.        ]
 [  0.           0.           0.           0.        ]
 [  0.           0.           0.           0.        ]
 [  0.           0.           0.           0.        ]
 [  0.           0.           0.           0.        ]
 [  0.           0.           0.           0.        ]
 [  0.00664064 -36.9042778  -21.76857376   0.00483612]
 [  0.00006786 -21.46939659 -21.64598465   0.00927151]
 [  0.00478105 -15.8146944  -38.056633     0.00766736]
 [  0.00182073 -18.35721779 -23.09023857   0.00530724]
 [  0.00084222  -2.80366707  -5.04640388   0.0070173 ]
 [  0.00223728 -13.04046822 -13.06992054   0.00861842]
 [  0.           0.           0.           0.        ]
 [  0.           0.           0.           0.        ]
 [  0.           0.           0.           0.        ]
 [  0.           0.           0.           0.        ]
 [  0.           0.           0.           0.        ]
 [  0.           0.           0.           0.        ]
 [  0.           0.           0.           0.        ]
 [  0.           0.           0.           0.        ]
 [  0.00243241  -6.58577776  -6.03233767   0.00527867]
 [  0.           0.           0.           0.        ]
 [  0.           0.           0.           0.        ]
 [  0.           0.           0.           0.        ]
 [  0.           0.           0.           0.        ]
 [  0.           0.           0.           0.        ]
 [  0.           0.           0.           0.        ]
 [  0.           0.           0.           0.        ]
 [  0.           0.           0.           0.        ]
 [  0.00518564   0.00128173  -1.97705817   0.00071673]
 [  0.00988034  -2.03395128  -2.21765041   0.00025914]
 [  0.           0.           0.           0.        ]
 [  0.           0.           0.           0.        ]
 [  0.           0.           0.           0.        ]
 [  0.           0.           0.           0.        ]
 [  0.           0.           0.           0.        ]
 [  0.           0.           0.           0.        ]
 [  0.           0.           0.           0.        ]
 [  0.           0.           0.           0.        ]
 [  0.           0.           0.           0.        ]
 [  0.00638469  -0.99256396  -0.42486227   0.00352716]
 [  0.           0.           0.           0.        ]
 [  0.           0.           0.           0.        ]
 [  0.           0.           0.           0.        ]
 [  0.           0.           0.           0.        ]
 [  0.           0.           0.           0.        ]
 [  0.           0.           0.           0.        ]
 [  0.           0.           0.           0.        ]
 [  0.           0.           0.           0.        ]
 [  0.           0.           0.           0.        ]
 [  0.00524984   0.0056386   -0.19795629   0.00062863]
 [  0.00248021   0.0026746    0.00467286   0.0014168 ]
 [  0.           0.           0.           0.        ]
 [  0.           0.           0.           0.        ]
 [  0.           0.           0.           0.        ]
 [  0.           0.           0.           0.        ]
 [  0.           0.           0.           0.        ]
 [  0.           0.           0.           0.        ]
 [  0.           0.           0.           0.        ]
 [  0.           0.           0.           0.        ]
 [  0.00347316   0.00050389   0.00271368   0.00143178]
 [  0.00531164  -0.01203384   0.00008814   0.00987512]
 [  0.           0.           0.           0.        ]
 [  0.           0.           0.           0.        ]
 [  0.           0.           0.           0.        ]
 [  0.           0.           0.           0.        ]
 [  0.           0.           0.           0.        ]
 [  0.           0.           0.           0.        ]
 [  0.           0.           0.           0.        ]
 [  0.           0.           0.           0.        ]
 [  0.           0.           0.           0.        ]
 [  0.00644866   0.00355686   0.00956737   0.00344375]
 [  0.           0.           0.           0.        ]
 [  0.           0.           0.           0.        ]
 [  0.           0.           0.           0.        ]
 [  0.           0.           0.           0.        ]
 [  0.           0.           0.           0.        ]
 [  0.           0.           0.           0.        ]
 [  0.           0.           0.           0.        ]
 [  0.           0.           0.           0.        ]
 [  0.           0.           0.           0.        ]
 [  0.           0.           0.           0.        ]
 [  0.           0.           0.           0.        ]]
Training  | Episode: 110000/1000000  | Episode Reward: -60.0000 | Epsilon: 0.2000 | Goal reached: 0
Training  | Episode: 120000/1000000  | Episode Reward: -50.0000 | Epsilon: 0.2000 | Goal reached: 0
Training  | Episode: 130000/1000000  | Episode Reward: -50.0000 | Epsilon: 0.2000 | Goal reached: 0
Training  | Episode: 140000/1000000  | Episode Reward: -101.0000 | Epsilon: 0.2000 | Goal reached: 0
Training  | Episode: 150000/1000000  | Episode Reward: -51.0000 | Epsilon: 0.2000 | Goal reached: 0
Training  | Episode: 160000/1000000  | Episode Reward: -51.0000 | Epsilon: 0.2000 | Goal reached: 0
Training  | Episode: 170000/1000000  | Episode Reward: -50.0000 | Epsilon: 0.2000 | Goal reached: 0
Training  | Episode: 180000/1000000  | Episode Reward: -50.0000 | Epsilon: 0.2000 | Goal reached: 0
Training  | Episode: 190000/1000000  | Episode Reward: -50.0000 | Epsilon: 0.2000 | Goal reached: 0
Training  | Episode: 200000/1000000  | Episode Reward: -50.0000 | Epsilon: 0.2000 | Goal reached: 0
[[  0.00699444 -19.97662354 -14.77675819   0.00721878]
 [  0.00587038 -18.69509697 -20.09579468   0.00647254]
 [  0.0006202  -23.19131088 -23.96727943   0.00010678]
 [  0.00639044 -18.07139015 -21.54672432   0.00733728]
 [  0.           0.           0.           0.        ]
 [  0.           0.           0.           0.        ]
 [  0.           0.           0.           0.        ]
 [  0.           0.           0.           0.        ]
 [  0.           0.           0.           0.        ]
 [  0.           0.           0.           0.        ]
 [  0.           0.           0.           0.        ]
 [  0.           0.           0.           0.        ]
 [  0.           0.           0.           0.        ]
 [  0.00370115 -24.35235977  -4.36687469   0.00951301]
 [  0.00468233 -21.92798233 -35.66127777   0.00689132]
 [  0.           0.           0.           0.        ]
 [  0.           0.           0.           0.        ]
 [  0.           0.           0.           0.        ]
 [  0.           0.           0.           0.        ]
 [  0.           0.           0.           0.        ]
 [  0.           0.           0.           0.        ]
 [  0.           0.           0.           0.        ]
 [  0.           0.           0.           0.        ]
 [  0.00664064 -33.63478851 -18.16004562   0.00483612]
 [  0.00006786 -23.56514359 -21.55463982   0.00927151]
 [  0.00478105 -19.75393295 -34.64289856   0.00766736]
 [  0.00182073 -18.65423584 -33.52717972   0.00530724]
 [  0.00084222  -3.60817432  -7.91442251   0.0070173 ]
 [  0.00223728 -20.5915699  -21.59857559   0.00861842]
 [  0.           0.           0.           0.        ]
 [  0.           0.           0.           0.        ]
 [  0.           0.           0.           0.        ]
 [  0.           0.           0.           0.        ]
 [  0.           0.           0.           0.        ]
 [  0.           0.           0.           0.        ]
 [  0.           0.           0.           0.        ]
 [  0.           0.           0.           0.        ]
 [  0.00243241 -10.48407841 -10.10932255   0.00527867]
 [  0.           0.           0.           0.        ]
 [  0.           0.           0.           0.        ]
 [  0.           0.           0.           0.        ]
 [  0.           0.           0.           0.        ]
 [  0.           0.           0.           0.        ]
 [  0.           0.           0.           0.        ]
 [  0.           0.           0.           0.        ]
 [  0.           0.           0.           0.        ]
 [  0.00518564  -1.17853785  -1.97705817   0.00071673]
 [  0.00988034  -2.93331838  -2.30279064   0.00025914]
 [  0.           0.           0.           0.        ]
 [  0.           0.           0.           0.        ]
 [  0.           0.           0.           0.        ]
 [  0.           0.           0.           0.        ]
 [  0.           0.           0.           0.        ]
 [  0.           0.           0.           0.        ]
 [  0.           0.           0.           0.        ]
 [  0.           0.           0.           0.        ]
 [  0.           0.           0.           0.        ]
 [  0.00638469  -1.97261786  -0.62742734   0.00352716]
 [  0.           0.           0.           0.        ]
 [  0.           0.           0.           0.        ]
 [  0.           0.           0.           0.        ]
 [  0.           0.           0.           0.        ]
 [  0.           0.           0.           0.        ]
 [  0.           0.           0.           0.        ]
 [  0.           0.           0.           0.        ]
 [  0.           0.           0.           0.        ]
 [  0.           0.           0.           0.        ]
 [  0.00524984  -0.01442555  -0.19795629   0.00062863]
 [  0.00248021   0.0026746    0.00467286   0.0014168 ]
 [  0.           0.           0.           0.        ]
 [  0.           0.           0.           0.        ]
 [  0.           0.           0.           0.        ]
 [  0.           0.           0.           0.        ]
 [  0.           0.           0.           0.        ]
 [  0.           0.           0.           0.        ]
 [  0.           0.           0.           0.        ]
 [  0.           0.           0.           0.        ]
 [  0.00347316   0.00050389   0.00271368   0.00143178]
 [  0.00531164  -0.01203384   0.00008814   0.00987512]
 [  0.           0.           0.           0.        ]
 [  0.           0.           0.           0.        ]
 [  0.           0.           0.           0.        ]
 [  0.           0.           0.           0.        ]
 [  0.           0.           0.           0.        ]
 [  0.           0.           0.           0.        ]
 [  0.           0.           0.           0.        ]
 [  0.           0.           0.           0.        ]
 [  0.           0.           0.           0.        ]
 [  0.00644866   0.00355686   0.00956737   0.00344375]
 [  0.           0.           0.           0.        ]
 [  0.           0.           0.           0.        ]
 [  0.           0.           0.           0.        ]
 [  0.           0.           0.           0.        ]
 [  0.           0.           0.           0.        ]
 [  0.           0.           0.           0.        ]
 [  0.           0.           0.           0.        ]
 [  0.           0.           0.           0.        ]
 [  0.           0.           0.           0.        ]
 [  0.           0.           0.           0.        ]
 [  0.           0.           0.           0.        ]]
Training  | Episode: 210000/1000000  | Episode Reward: -60.0000 | Epsilon: 0.2000 | Goal reached: 0
Training  | Episode: 220000/1000000  | Episode Reward: -70.0000 | Epsilon: 0.2000 | Goal reached: 0
Training  | Episode: 230000/1000000  | Episode Reward: -60.0000 | Epsilon: 0.2000 | Goal reached: 0
Training  | Episode: 240000/1000000  | Episode Reward: -50.0000 | Epsilon: 0.2000 | Goal reached: 0
Training  | Episode: 250000/1000000  | Episode Reward: -60.0000 | Epsilon: 0.2000 | Goal reached: 0
Training  | Episode: 260000/1000000  | Episode Reward: -92.0000 | Epsilon: 0.2000 | Goal reached: 0
Training  | Episode: 270000/1000000  | Episode Reward: -132.0000 | Epsilon: 0.2000 | Goal reached: 0
Training  | Episode: 280000/1000000  | Episode Reward: -60.0000 | Epsilon: 0.2000 | Goal reached: 0
Training  | Episode: 290000/1000000  | Episode Reward: -52.0000 | Epsilon: 0.2000 | Goal reached: 0
Training  | Episode: 300000/1000000  | Episode Reward: -71.0000 | Epsilon: 0.2000 | Goal reached: 0
[[  0.00699444 -18.71715927 -20.31575394   0.00721878]
 [  0.00587038 -20.38750839 -22.99275017   0.00647254]
 [  0.0006202  -21.48011208 -21.58669853   0.00010678]
 [  0.00639044 -22.40846062 -19.49517059   0.00733728]
 [  0.           0.           0.           0.        ]
 [  0.           0.           0.           0.        ]
 [  0.           0.           0.           0.        ]
 [  0.           0.           0.           0.        ]
 [  0.           0.           0.           0.        ]
 [  0.           0.           0.           0.        ]
 [  0.           0.           0.           0.        ]
 [  0.           0.           0.           0.        ]
 [  0.           0.           0.           0.        ]
 [  0.00370115 -20.15736961  -5.06454563   0.00951301]
 [  0.00468233 -18.95041466 -34.2703476    0.00689132]
 [  0.           0.           0.           0.        ]
 [  0.           0.           0.           0.        ]
 [  0.           0.           0.           0.        ]
 [  0.           0.           0.           0.        ]
 [  0.           0.           0.           0.        ]
 [  0.           0.           0.           0.        ]
 [  0.           0.           0.           0.        ]
 [  0.           0.           0.           0.        ]
 [  0.00664064 -31.76323318 -18.52834702   0.00483612]
 [  0.00006786 -17.97366714 -22.29000664   0.00927151]
 [  0.00478105 -22.48234749 -29.45887375   0.00766736]
 [  0.00182073 -20.55146599 -35.21479797   0.00530724]
 [  0.00084222  -4.81963539 -15.2822113    0.0070173 ]
 [  0.00223728 -26.08063316 -26.79288673   0.00861842]
 [  0.           0.           0.           0.        ]
 [  0.           0.           0.           0.        ]
 [  0.           0.           0.           0.        ]
 [  0.           0.           0.           0.        ]
 [  0.           0.           0.           0.        ]
 [  0.           0.           0.           0.        ]
 [  0.           0.           0.           0.        ]
 [  0.           0.           0.           0.        ]
 [  0.00243241 -13.8862381  -11.91687584   0.00527867]
 [  0.           0.           0.           0.        ]
 [  0.           0.           0.           0.        ]
 [  0.           0.           0.           0.        ]
 [  0.           0.           0.           0.        ]
 [  0.           0.           0.           0.        ]
 [  0.           0.           0.           0.        ]
 [  0.           0.           0.           0.        ]
 [  0.           0.           0.           0.        ]
 [  0.00518564  -3.11165953  -3.09457541   0.00071673]
 [  0.00988034  -3.49494052  -4.84635115   0.00025914]
 [  0.           0.           0.           0.        ]
 [  0.           0.           0.           0.        ]
 [  0.           0.           0.           0.        ]
 [  0.           0.           0.           0.        ]
 [  0.           0.           0.           0.        ]
 [  0.           0.           0.           0.        ]
 [  0.           0.           0.           0.        ]
 [  0.           0.           0.           0.        ]
 [  0.           0.           0.           0.        ]
 [  0.00638469  -3.83635426  -1.17431593   0.00352716]
 [  0.00865342  -0.21526462   0.00676567   0.00436484]
 [  0.00063679  -0.38942263  -0.19455832   0.00498924]
 [  0.           0.           0.           0.        ]
 [  0.           0.           0.           0.        ]
 [  0.           0.           0.           0.        ]
 [  0.           0.           0.           0.        ]
 [  0.           0.           0.           0.        ]
 [  0.           0.           0.           0.        ]
 [  0.           0.           0.           0.        ]
 [  0.00524984  -1.01367807  -0.19795629   0.00062863]
 [  0.00248021   0.0026746    0.00467286   0.0014168 ]
 [  0.           0.           0.           0.        ]
 [  0.           0.           0.           0.        ]
 [  0.           0.           0.           0.        ]
 [  0.           0.           0.           0.        ]
 [  0.           0.           0.           0.        ]
 [  0.           0.           0.           0.        ]
 [  0.           0.           0.           0.        ]
 [  0.           0.           0.           0.        ]
 [  0.00347316   0.00050389  -0.01720234   0.00143178]
 [  0.00531164  -0.01203384   0.00008814   0.00987512]
 [  0.           0.           0.           0.        ]
 [  0.           0.           0.           0.        ]
 [  0.           0.           0.           0.        ]
 [  0.           0.           0.           0.        ]
 [  0.           0.           0.           0.        ]
 [  0.           0.           0.           0.        ]
 [  0.           0.           0.           0.        ]
 [  0.           0.           0.           0.        ]
 [  0.00544185   0.00862431   0.00059911   0.00471473]
 [  0.00644866   0.00355686   0.00956737   0.00344375]
 [  0.           0.           0.           0.        ]
 [  0.           0.           0.           0.        ]
 [  0.           0.           0.           0.        ]
 [  0.           0.           0.           0.        ]
 [  0.           0.           0.           0.        ]
 [  0.           0.           0.           0.        ]
 [  0.           0.           0.           0.        ]
 [  0.           0.           0.           0.        ]
 [  0.           0.           0.           0.        ]
 [  0.           0.           0.           0.        ]
 [  0.           0.           0.           0.        ]]
Training  | Episode: 310000/1000000  | Episode Reward: -61.0000 | Epsilon: 0.2000 | Goal reached: 0
Training  | Episode: 320000/1000000  | Episode Reward: -51.0000 | Epsilon: 0.2000 | Goal reached: 0
Training  | Episode: 330000/1000000  | Episode Reward: -50.0000 | Epsilon: 0.2000 | Goal reached: 0
Training  | Episode: 340000/1000000  | Episode Reward: -70.0000 | Epsilon: 0.2000 | Goal reached: 0
Training  | Episode: 350000/1000000  | Episode Reward: -84.0000 | Epsilon: 0.2000 | Goal reached: 0
Training  | Episode: 360000/1000000  | Episode Reward: -63.0000 | Epsilon: 0.2000 | Goal reached: 0
Training  | Episode: 370000/1000000  | Episode Reward: -63.0000 | Epsilon: 0.2000 | Goal reached: 0
Training  | Episode: 380000/1000000  | Episode Reward: -50.0000 | Epsilon: 0.2000 | Goal reached: 0
Training  | Episode: 390000/1000000  | Episode Reward: -61.0000 | Epsilon: 0.2000 | Goal reached: 0
Training  | Episode: 400000/1000000  | Episode Reward: -50.0000 | Epsilon: 0.2000 | Goal reached: 0
[[  0.00699444 -21.69770241 -20.91732025   0.00721878]
 [  0.00587038 -15.11344719 -19.43423843   0.00647254]
 [  0.0006202  -23.50248337 -23.81206322   0.00010678]
 [  0.00639044 -20.9967041  -20.74588585   0.00733728]
 [  0.           0.           0.           0.        ]
 [  0.           0.           0.           0.        ]
 [  0.           0.           0.           0.        ]
 [  0.           0.           0.           0.        ]
 [  0.           0.           0.           0.        ]
 [  0.           0.           0.           0.        ]
 [  0.           0.           0.           0.        ]
 [  0.           0.           0.           0.        ]
 [  0.           0.           0.           0.        ]
 [  0.00370115 -16.26596832  -4.77687645   0.00951301]
 [  0.00468233 -19.75814438 -34.04981995   0.00689132]
 [  0.           0.           0.           0.        ]
 [  0.           0.           0.           0.        ]
 [  0.           0.           0.           0.        ]
 [  0.           0.           0.           0.        ]
 [  0.           0.           0.           0.        ]
 [  0.           0.           0.           0.        ]
 [  0.           0.           0.           0.        ]
 [  0.           0.           0.           0.        ]
 [  0.00664064 -32.84333038 -20.23111153   0.00483612]
 [  0.00006786 -22.87653351 -17.89124489   0.00927151]
 [  0.00478105 -23.06114006 -34.17212296   0.00766736]
 [  0.00182073 -20.04228783 -32.70871735   0.00530724]
 [  0.00084222  -4.56620598 -19.30051041   0.0070173 ]
 [  0.00223728 -30.88583755 -31.03705597   0.00861842]
 [  0.           0.           0.           0.        ]
 [  0.           0.           0.           0.        ]
 [  0.           0.           0.           0.        ]
 [  0.           0.           0.           0.        ]
 [  0.           0.           0.           0.        ]
 [  0.           0.           0.           0.        ]
 [  0.           0.           0.           0.        ]
 [  0.           0.           0.           0.        ]
 [  0.00243241 -17.17510986 -14.48151302   0.00527867]
 [  0.           0.           0.           0.        ]
 [  0.           0.           0.           0.        ]
 [  0.           0.           0.           0.        ]
 [  0.           0.           0.           0.        ]
 [  0.           0.           0.           0.        ]
 [  0.           0.           0.           0.        ]
 [  0.           0.           0.           0.        ]
 [  0.           0.           0.           0.        ]
 [  0.00518564  -3.11165953  -4.95184231   0.00071673]
 [  0.00988034  -5.12283039  -5.60280991   0.00025914]
 [  0.           0.           0.           0.        ]
 [  0.           0.           0.           0.        ]
 [  0.           0.           0.           0.        ]
 [  0.           0.           0.           0.        ]
 [  0.           0.           0.           0.        ]
 [  0.           0.           0.           0.        ]
 [  0.           0.           0.           0.        ]
 [  0.           0.           0.           0.        ]
 [  0.           0.           0.           0.        ]
 [  0.00638469  -3.84569025  -1.97010016   0.00352716]
 [  0.00865342  -0.80923271  -0.99334651   0.00436484]
 [  0.00063679  -0.76986319  -1.19053972   0.00498924]
 [  0.           0.           0.           0.        ]
 [  0.           0.           0.           0.        ]
 [  0.           0.           0.           0.        ]
 [  0.           0.           0.           0.        ]
 [  0.           0.           0.           0.        ]
 [  0.           0.           0.           0.        ]
 [  0.           0.           0.           0.        ]
 [  0.00524984  -1.95385826  -0.78578943   0.00062863]
 [  0.00248021  -1.01629472  -1.17526615   0.0014168 ]
 [  0.           0.           0.           0.        ]
 [  0.           0.           0.           0.        ]
 [  0.           0.           0.           0.        ]
 [  0.           0.           0.           0.        ]
 [  0.           0.           0.           0.        ]
 [  0.           0.           0.           0.        ]
 [  0.           0.           0.           0.        ]
 [  0.           0.           0.           0.        ]
 [  0.00347316  -1.01892889  -0.03672004   0.00143178]
 [  0.00531164  -0.22746103  -0.05846857   0.00987512]
 [  0.00073608  -0.19409353  -0.21551822   0.00751185]
 [  0.           0.           0.           0.        ]
 [  0.           0.           0.           0.        ]
 [  0.           0.           0.           0.        ]
 [  0.           0.           0.           0.        ]
 [  0.           0.           0.           0.        ]
 [  0.           0.           0.           0.        ]
 [  0.           0.           0.           0.        ]
 [  0.00544185  -0.99141943   0.00059911   0.00471473]
 [  0.00644866  -0.99642557  -0.19048572   0.00344375]
 [  0.00454027   0.00340237   0.00626202   0.00191738]
 [  0.           0.           0.           0.        ]
 [  0.           0.           0.           0.        ]
 [  0.           0.           0.           0.        ]
 [  0.           0.           0.           0.        ]
 [  0.           0.           0.           0.        ]
 [  0.           0.           0.           0.        ]
 [  0.           0.           0.           0.        ]
 [  0.           0.           0.           0.        ]
 [  0.           0.           0.           0.        ]
 [  0.           0.           0.           0.        ]]
Training  | Episode: 410000/1000000  | Episode Reward: -70.0000 | Epsilon: 0.2000 | Goal reached: 0
Training  | Episode: 420000/1000000  | Episode Reward: -82.0000 | Epsilon: 0.2000 | Goal reached: 0
Training  | Episode: 430000/1000000  | Episode Reward: -61.0000 | Epsilon: 0.2000 | Goal reached: 0
Training  | Episode: 440000/1000000  | Episode Reward: -62.0000 | Epsilon: 0.2000 | Goal reached: 0
Training  | Episode: 450000/1000000  | Episode Reward: -60.0000 | Epsilon: 0.2000 | Goal reached: 0
Training  | Episode: 460000/1000000  | Episode Reward: -50.0000 | Epsilon: 0.2000 | Goal reached: 0
Training  | Episode: 470000/1000000  | Episode Reward: -61.0000 | Epsilon: 0.2000 | Goal reached: 0
Training  | Episode: 480000/1000000  | Episode Reward: -50.0000 | Epsilon: 0.2000 | Goal reached: 0
Training  | Episode: 490000/1000000  | Episode Reward: -60.0000 | Epsilon: 0.2000 | Goal reached: 0
Training  | Episode: 500000/1000000  | Episode Reward: -50.0000 | Epsilon: 0.2000 | Goal reached: 0
[[  0.00699444 -22.88319206 -25.67831802   0.00721878]
 [  0.00587038 -21.79367447 -22.38648796   0.00647254]
 [  0.0006202  -21.67894936 -17.3171196    0.00010678]
 [  0.00639044 -24.85747719 -20.87693977   0.00733728]
 [  0.           0.           0.           0.        ]
 [  0.           0.           0.           0.        ]
 [  0.           0.           0.           0.        ]
 [  0.           0.           0.           0.        ]
 [  0.           0.           0.           0.        ]
 [  0.           0.           0.           0.        ]
 [  0.           0.           0.           0.        ]
 [  0.           0.           0.           0.        ]
 [  0.           0.           0.           0.        ]
 [  0.00370115 -18.3564167   -4.81862068   0.00951301]
 [  0.00468233 -19.49274445 -34.17879486   0.00689132]
 [  0.           0.           0.           0.        ]
 [  0.           0.           0.           0.        ]
 [  0.           0.           0.           0.        ]
 [  0.           0.           0.           0.        ]
 [  0.           0.           0.           0.        ]
 [  0.           0.           0.           0.        ]
 [  0.           0.           0.           0.        ]
 [  0.           0.           0.           0.        ]
 [  0.00664064 -30.77492523 -23.02666473   0.00483612]
 [  0.00006786 -16.8018837  -23.79711533   0.00927151]
 [  0.00478105 -20.9110508  -34.71098328   0.00766736]
 [  0.00182073 -20.01811218 -32.89611053   0.00530724]
 [  0.00084222  -4.05902052 -18.49189758   0.0070173 ]
 [  0.00223728 -34.68565369 -35.11816788   0.00861842]
 [  0.           0.           0.           0.        ]
 [  0.           0.           0.           0.        ]
 [  0.           0.           0.           0.        ]
 [  0.           0.           0.           0.        ]
 [  0.           0.           0.           0.        ]
 [  0.           0.           0.           0.        ]
 [  0.           0.           0.           0.        ]
 [  0.           0.           0.           0.        ]
 [  0.00243241 -20.35416412 -19.58634758   0.00527867]
 [  0.           0.           0.           0.        ]
 [  0.           0.           0.           0.        ]
 [  0.           0.           0.           0.        ]
 [  0.           0.           0.           0.        ]
 [  0.           0.           0.           0.        ]
 [  0.           0.           0.           0.        ]
 [  0.           0.           0.           0.        ]
 [  0.           0.           0.           0.        ]
 [  0.00518564  -4.04932117  -4.95184231   0.00071673]
 [  0.00988034  -7.57062435  -7.49681139   0.00025914]
 [  0.           0.           0.           0.        ]
 [  0.           0.           0.           0.        ]
 [  0.           0.           0.           0.        ]
 [  0.           0.           0.           0.        ]
 [  0.           0.           0.           0.        ]
 [  0.           0.           0.           0.        ]
 [  0.           0.           0.           0.        ]
 [  0.           0.           0.           0.        ]
 [  0.           0.           0.           0.        ]
 [  0.00638469  -3.84569025  -2.10782766   0.00352716]
 [  0.00865342  -0.99295866  -0.99334651   0.00436484]
 [  0.00063679  -0.76986319  -1.19053972   0.00498924]
 [  0.           0.           0.           0.        ]
 [  0.           0.           0.           0.        ]
 [  0.           0.           0.           0.        ]
 [  0.           0.           0.           0.        ]
 [  0.           0.           0.           0.        ]
 [  0.           0.           0.           0.        ]
 [  0.           0.           0.           0.        ]
 [  0.00524984  -2.91465092  -0.78578943   0.00062863]
 [  0.00248021  -1.19589531  -2.15163326   0.0014168 ]
 [  0.           0.           0.           0.        ]
 [  0.           0.           0.           0.        ]
 [  0.           0.           0.           0.        ]
 [  0.           0.           0.           0.        ]
 [  0.           0.           0.           0.        ]
 [  0.           0.           0.           0.        ]
 [  0.           0.           0.           0.        ]
 [  0.           0.           0.           0.        ]
 [  0.00347316  -1.01892889  -0.03672004   0.00143178]
 [  0.00531164  -0.22746103  -0.1135578    0.00987512]
 [  0.00073608  -0.39007342  -0.23114429   0.00751185]
 [  0.           0.           0.           0.        ]
 [  0.           0.           0.           0.        ]
 [  0.           0.           0.           0.        ]
 [  0.           0.           0.           0.        ]
 [  0.           0.           0.           0.        ]
 [  0.           0.           0.           0.        ]
 [  0.           0.           0.           0.        ]
 [  0.00544185  -0.99141943   0.00059911   0.00471473]
 [  0.00644866  -0.99642086  -0.38653773   0.00344375]
 [  0.00454027   0.00340237  -0.19375804   0.00191738]
 [  0.           0.           0.           0.        ]
 [  0.           0.           0.           0.        ]
 [  0.           0.           0.           0.        ]
 [  0.           0.           0.           0.        ]
 [  0.           0.           0.           0.        ]
 [  0.           0.           0.           0.        ]
 [  0.           0.           0.           0.        ]
 [  0.           0.           0.           0.        ]
 [  0.           0.           0.           0.        ]
 [  0.           0.           0.           0.        ]]
Training  | Episode: 510000/1000000  | Episode Reward: -51.0000 | Epsilon: 0.2000 | Goal reached: 0
Training  | Episode: 520000/1000000  | Episode Reward: -60.0000 | Epsilon: 0.2000 | Goal reached: 0
Training  | Episode: 530000/1000000  | Episode Reward: -73.0000 | Epsilon: 0.2000 | Goal reached: 0
Training  | Episode: 540000/1000000  | Episode Reward: -52.0000 | Epsilon: 0.2000 | Goal reached: 0
Training  | Episode: 550000/1000000  | Episode Reward: -82.0000 | Epsilon: 0.2000 | Goal reached: 0
Training  | Episode: 560000/1000000  | Episode Reward: -50.0000 | Epsilon: 0.2000 | Goal reached: 0
Training  | Episode: 570000/1000000  | Episode Reward: -60.0000 | Epsilon: 0.2000 | Goal reached: 0
Training  | Episode: 580000/1000000  | Episode Reward: -50.0000 | Epsilon: 0.2000 | Goal reached: 0
Training  | Episode: 590000/1000000  | Episode Reward: -53.0000 | Epsilon: 0.2000 | Goal reached: 0
Training  | Episode: 600000/1000000  | Episode Reward: -51.0000 | Epsilon: 0.2000 | Goal reached: 0
[[  0.00699444 -24.26475143 -21.3963356    0.00721878]
 [  0.00587038 -17.24656487 -21.03151131   0.00647254]
 [  0.0006202  -22.15853119 -22.98780441   0.00010678]
 [  0.00639044 -24.29377937 -22.93179703   0.00733728]
 [  0.           0.           0.           0.        ]
 [  0.           0.           0.           0.        ]
 [  0.           0.           0.           0.        ]
 [  0.           0.           0.           0.        ]
 [  0.           0.           0.           0.        ]
 [  0.           0.           0.           0.        ]
 [  0.           0.           0.           0.        ]
 [  0.           0.           0.           0.        ]
 [  0.           0.           0.           0.        ]
 [  0.00370115 -20.37120438  -4.54764938   0.00951301]
 [  0.00468233 -21.28819084 -38.36258316   0.00689132]
 [  0.           0.           0.           0.        ]
 [  0.           0.           0.           0.        ]
 [  0.           0.           0.           0.        ]
 [  0.           0.           0.           0.        ]
 [  0.           0.           0.           0.        ]
 [  0.           0.           0.           0.        ]
 [  0.           0.           0.           0.        ]
 [  0.           0.           0.           0.        ]
 [  0.00664064 -37.38240433 -23.39861488   0.00483612]
 [  0.00006786 -23.20544052 -19.90163803   0.00927151]
 [  0.00478105 -20.73615646 -33.4888382    0.00766736]
 [  0.00182073 -23.43677902 -35.1940155    0.00530724]
 [  0.00084222  -4.89552546 -18.49959373   0.0070173 ]
 [  0.00223728 -33.85274887 -37.33820724   0.00861842]
 [  0.           0.           0.           0.        ]
 [  0.           0.           0.           0.        ]
 [  0.           0.           0.           0.        ]
 [  0.           0.           0.           0.        ]
 [  0.           0.           0.           0.        ]
 [  0.           0.           0.           0.        ]
 [  0.           0.           0.           0.        ]
 [  0.           0.           0.           0.        ]
 [  0.00243241 -21.854002   -18.37839127   0.00527867]
 [  0.           0.           0.           0.        ]
 [  0.           0.           0.           0.        ]
 [  0.           0.           0.           0.        ]
 [  0.           0.           0.           0.        ]
 [  0.           0.           0.           0.        ]
 [  0.           0.           0.           0.        ]
 [  0.           0.           0.           0.        ]
 [  0.           0.           0.           0.        ]
 [  0.00518564  -4.96823978  -5.85271072   0.00071673]
 [  0.00988034 -11.24413967  -9.09216785   0.00025914]
 [  0.           0.           0.           0.        ]
 [  0.           0.           0.           0.        ]
 [  0.           0.           0.           0.        ]
 [  0.           0.           0.           0.        ]
 [  0.           0.           0.           0.        ]
 [  0.           0.           0.           0.        ]
 [  0.           0.           0.           0.        ]
 [  0.           0.           0.           0.        ]
 [  0.           0.           0.           0.        ]
 [  0.00638469  -3.84569025  -2.06381202   0.00352716]
 [  0.00865342  -0.99306476  -0.99334651   0.00436484]
 [  0.00063679  -0.76986319  -1.19053972   0.00498924]
 [  0.           0.           0.           0.        ]
 [  0.           0.           0.           0.        ]
 [  0.           0.           0.           0.        ]
 [  0.           0.           0.           0.        ]
 [  0.           0.           0.           0.        ]
 [  0.           0.           0.           0.        ]
 [  0.           0.           0.           0.        ]
 [  0.00524984  -2.91465092  -0.79418951   0.00062863]
 [  0.00248021  -1.1918391   -2.15163326   0.0014168 ]
 [  0.           0.           0.           0.        ]
 [  0.           0.           0.           0.        ]
 [  0.           0.           0.           0.        ]
 [  0.           0.           0.           0.        ]
 [  0.           0.           0.           0.        ]
 [  0.           0.           0.           0.        ]
 [  0.           0.           0.           0.        ]
 [  0.           0.           0.           0.        ]
 [  0.00347316  -1.01892889  -0.26595968   0.00143178]
 [  0.00531164  -0.22746103  -0.31118149   0.00987512]
 [  0.00073608  -0.39007342  -0.23114429   0.00751185]
 [  0.           0.           0.           0.        ]
 [  0.           0.           0.           0.        ]
 [  0.           0.           0.           0.        ]
 [  0.           0.           0.           0.        ]
 [  0.           0.           0.           0.        ]
 [  0.           0.           0.           0.        ]
 [  0.00536444   0.00559291   0.00736134   0.00744883]
 [  0.00544185  -0.99148679  -0.99928415   0.00471473]
 [  0.00644866  -0.99642086  -0.38653773   0.00344375]
 [  0.00454027   0.00340237  -0.19375804   0.00191738]
 [  0.           0.           0.           0.        ]
 [  0.           0.           0.           0.        ]
 [  0.           0.           0.           0.        ]
 [  0.           0.           0.           0.        ]
 [  0.           0.           0.           0.        ]
 [  0.           0.           0.           0.        ]
 [  0.           0.           0.           0.        ]
 [  0.           0.           0.           0.        ]
 [  0.           0.           0.           0.        ]
 [  0.           0.           0.           0.        ]]
Training  | Episode: 610000/1000000  | Episode Reward: -50.0000 | Epsilon: 0.2000 | Goal reached: 0
Training  | Episode: 620000/1000000  | Episode Reward: -62.0000 | Epsilon: 0.2000 | Goal reached: 0
Training  | Episode: 630000/1000000  | Episode Reward: -72.0000 | Epsilon: 0.2000 | Goal reached: 0
Training  | Episode: 640000/1000000  | Episode Reward: -51.0000 | Epsilon: 0.2000 | Goal reached: 0
Training  | Episode: 650000/1000000  | Episode Reward: -50.0000 | Epsilon: 0.2000 | Goal reached: 0
Training  | Episode: 660000/1000000  | Episode Reward: -76.0000 | Epsilon: 0.2000 | Goal reached: 0
Training  | Episode: 670000/1000000  | Episode Reward: -50.0000 | Epsilon: 0.2000 | Goal reached: 0
Training  | Episode: 680000/1000000  | Episode Reward: -50.0000 | Epsilon: 0.2000 | Goal reached: 0
Training  | Episode: 690000/1000000  | Episode Reward: -72.0000 | Epsilon: 0.2000 | Goal reached: 0
Training  | Episode: 700000/1000000  | Episode Reward: -81.0000 | Epsilon: 0.2000 | Goal reached: 0
[[  0.00699444 -20.7444973  -24.56931305   0.00721878]
 [  0.00587038 -20.17862129 -19.43736076   0.00647254]
 [  0.0006202  -18.27347565 -23.60624313   0.00010678]
 [  0.00639044 -20.7623291  -16.54291534   0.00733728]
 [  0.           0.           0.           0.        ]
 [  0.           0.           0.           0.        ]
 [  0.           0.           0.           0.        ]
 [  0.           0.           0.           0.        ]
 [  0.           0.           0.           0.        ]
 [  0.           0.           0.           0.        ]
 [  0.           0.           0.           0.        ]
 [  0.           0.           0.           0.        ]
 [  0.           0.           0.           0.        ]
 [  0.00370115 -19.97163773  -4.71481895   0.00951301]
 [  0.00468233 -20.33493805 -33.25690079   0.00689132]
 [  0.           0.           0.           0.        ]
 [  0.           0.           0.           0.        ]
 [  0.           0.           0.           0.        ]
 [  0.           0.           0.           0.        ]
 [  0.           0.           0.           0.        ]
 [  0.           0.           0.           0.        ]
 [  0.           0.           0.           0.        ]
 [  0.           0.           0.           0.        ]
 [  0.00664064 -34.82148361 -22.04883385   0.00483612]
 [  0.00006786 -17.95635223 -22.13502693   0.00927151]
 [  0.00478105 -24.74897003 -31.60184669   0.00766736]
 [  0.00182073 -22.97801399 -32.1401329    0.00530724]
 [  0.00084222  -5.21272135 -16.15093422   0.0070173 ]
 [  0.00223728 -35.8524437  -38.32073212   0.00861842]
 [  0.           0.           0.           0.        ]
 [  0.           0.           0.           0.        ]
 [  0.           0.           0.           0.        ]
 [  0.           0.           0.           0.        ]
 [  0.           0.           0.           0.        ]
 [  0.           0.           0.           0.        ]
 [  0.           0.           0.           0.        ]
 [  0.           0.           0.           0.        ]
 [  0.00243241 -23.19771004 -18.15792656   0.00527867]
 [  0.           0.           0.           0.        ]
 [  0.           0.           0.           0.        ]
 [  0.           0.           0.           0.        ]
 [  0.           0.           0.           0.        ]
 [  0.           0.           0.           0.        ]
 [  0.           0.           0.           0.        ]
 [  0.           0.           0.           0.        ]
 [  0.           0.           0.           0.        ]
 [  0.00518564  -5.86878014  -5.85271072   0.00071673]
 [  0.00988034 -12.54305172 -13.28440475   0.00025914]
 [  0.           0.           0.           0.        ]
 [  0.           0.           0.           0.        ]
 [  0.           0.           0.           0.        ]
 [  0.           0.           0.           0.        ]
 [  0.           0.           0.           0.        ]
 [  0.           0.           0.           0.        ]
 [  0.           0.           0.           0.        ]
 [  0.           0.           0.           0.        ]
 [  0.           0.           0.           0.        ]
 [  0.00638469  -3.84569025  -2.20142794   0.00352716]
 [  0.00865342  -0.99316877  -0.99334651   0.00436484]
 [  0.00063679  -0.76986319  -1.19053972   0.00498924]
 [  0.           0.           0.           0.        ]
 [  0.           0.           0.           0.        ]
 [  0.           0.           0.           0.        ]
 [  0.           0.           0.           0.        ]
 [  0.           0.           0.           0.        ]
 [  0.           0.           0.           0.        ]
 [  0.           0.           0.           0.        ]
 [  0.00524984  -2.91465092  -0.79418951   0.00062863]
 [  0.00248021  -1.1918391   -2.15163326   0.0014168 ]
 [  0.           0.           0.           0.        ]
 [  0.           0.           0.           0.        ]
 [  0.           0.           0.           0.        ]
 [  0.           0.           0.           0.        ]
 [  0.           0.           0.           0.        ]
 [  0.           0.           0.           0.        ]
 [  0.           0.           0.           0.        ]
 [  0.           0.           0.           0.        ]
 [  0.00347316  -1.01892889  -0.26595968   0.00143178]
 [  0.00531164  -0.22746103  -0.31118149   0.00987512]
 [  0.00073608  -0.39007342  -0.23114429   0.00751185]
 [  0.           0.           0.           0.        ]
 [  0.           0.           0.           0.        ]
 [  0.           0.           0.           0.        ]
 [  0.           0.           0.           0.        ]
 [  0.           0.           0.           0.        ]
 [  0.           0.           0.           0.        ]
 [  0.00536444   0.00559291   0.00736134   0.00744883]
 [  0.00544185  -0.99148679  -0.99928415   0.00471473]
 [  0.00644866  -0.99642086  -0.38653773   0.00344375]
 [  0.00454027   0.00340237  -0.19375804   0.00191738]
 [  0.           0.           0.           0.        ]
 [  0.           0.           0.           0.        ]
 [  0.           0.           0.           0.        ]
 [  0.           0.           0.           0.        ]
 [  0.           0.           0.           0.        ]
 [  0.           0.           0.           0.        ]
 [  0.           0.           0.           0.        ]
 [  0.           0.           0.           0.        ]
 [  0.           0.           0.           0.        ]
 [  0.           0.           0.           0.        ]]
Training  | Episode: 710000/1000000  | Episode Reward: -51.0000 | Epsilon: 0.2000 | Goal reached: 0
Training  | Episode: 720000/1000000  | Episode Reward: -81.0000 | Epsilon: 0.2000 | Goal reached: 0
Training  | Episode: 730000/1000000  | Episode Reward: -50.0000 | Epsilon: 0.2000 | Goal reached: 0
Training  | Episode: 740000/1000000  | Episode Reward: -52.0000 | Epsilon: 0.2000 | Goal reached: 0
Training  | Episode: 750000/1000000  | Episode Reward: -52.0000 | Epsilon: 0.2000 | Goal reached: 0
Training  | Episode: 760000/1000000  | Episode Reward: -75.0000 | Epsilon: 0.2000 | Goal reached: 0
Training  | Episode: 770000/1000000  | Episode Reward: -73.0000 | Epsilon: 0.2000 | Goal reached: 0
Training  | Episode: 780000/1000000  | Episode Reward: -50.0000 | Epsilon: 0.2000 | Goal reached: 0
Training  | Episode: 790000/1000000  | Episode Reward: -50.0000 | Epsilon: 0.2000 | Goal reached: 0
Training  | Episode: 800000/1000000  | Episode Reward: -61.0000 | Epsilon: 0.2000 | Goal reached: 0
[[  0.00699444 -19.53440094 -25.34823799   0.00721878]
 [  0.00587038 -16.70186043 -19.05804825   0.00647254]
 [  0.0006202  -22.18323898 -23.54329872   0.00010678]
 [  0.00639044 -22.89646721 -19.14856339   0.00733728]
 [  0.           0.           0.           0.        ]
 [  0.           0.           0.           0.        ]
 [  0.           0.           0.           0.        ]
 [  0.           0.           0.           0.        ]
 [  0.           0.           0.           0.        ]
 [  0.           0.           0.           0.        ]
 [  0.           0.           0.           0.        ]
 [  0.           0.           0.           0.        ]
 [  0.           0.           0.           0.        ]
 [  0.00370115 -15.96913147  -5.72272682   0.00951301]
 [  0.00468233 -19.16533279 -35.20469666   0.00689132]
 [  0.           0.           0.           0.        ]
 [  0.           0.           0.           0.        ]
 [  0.           0.           0.           0.        ]
 [  0.           0.           0.           0.        ]
 [  0.           0.           0.           0.        ]
 [  0.           0.           0.           0.        ]
 [  0.           0.           0.           0.        ]
 [  0.           0.           0.           0.        ]
 [  0.00664064 -33.83354187 -20.48006248   0.00483612]
 [  0.00006786 -21.67644882 -20.11347198   0.00927151]
 [  0.00478105 -18.15133286 -36.22330475   0.00766736]
 [  0.00182073 -27.02370644 -28.79745293   0.00530724]
 [  0.00084222  -4.89617634 -17.20911407   0.0070173 ]
 [  0.00223728 -37.1177597  -39.44229507   0.00861842]
 [  0.           0.           0.           0.        ]
 [  0.           0.           0.           0.        ]
 [  0.           0.           0.           0.        ]
 [  0.           0.           0.           0.        ]
 [  0.           0.           0.           0.        ]
 [  0.           0.           0.           0.        ]
 [  0.           0.           0.           0.        ]
 [  0.           0.           0.           0.        ]
 [  0.00243241 -24.86852455 -21.17718887   0.00527867]
 [  0.           0.           0.           0.        ]
 [  0.           0.           0.           0.        ]
 [  0.           0.           0.           0.        ]
 [  0.           0.           0.           0.        ]
 [  0.           0.           0.           0.        ]
 [  0.           0.           0.           0.        ]
 [  0.           0.           0.           0.        ]
 [  0.           0.           0.           0.        ]
 [  0.00518564  -6.03210258  -6.01666975   0.00071673]
 [  0.00988034 -12.44938946 -14.38640499   0.00025914]
 [  0.           0.           0.           0.        ]
 [  0.           0.           0.           0.        ]
 [  0.           0.           0.           0.        ]
 [  0.           0.           0.           0.        ]
 [  0.           0.           0.           0.        ]
 [  0.           0.           0.           0.        ]
 [  0.           0.           0.           0.        ]
 [  0.           0.           0.           0.        ]
 [  0.           0.           0.           0.        ]
 [  0.00638469  -3.84569025  -2.51979733   0.00352716]
 [  0.00865342  -1.16631424  -1.97339201   0.00436484]
 [  0.00063679  -2.11235666  -1.19053972   0.00498924]
 [  0.           0.           0.           0.        ]
 [  0.           0.           0.           0.        ]
 [  0.           0.           0.           0.        ]
 [  0.           0.           0.           0.        ]
 [  0.           0.           0.           0.        ]
 [  0.           0.           0.           0.        ]
 [  0.           0.           0.           0.        ]
 [  0.00524984  -2.91465092  -0.97825712   0.00062863]
 [  0.00248021  -2.16787481  -2.12846231   0.0014168 ]
 [  0.           0.           0.           0.        ]
 [  0.           0.           0.           0.        ]
 [  0.           0.           0.           0.        ]
 [  0.           0.           0.           0.        ]
 [  0.           0.           0.           0.        ]
 [  0.           0.           0.           0.        ]
 [  0.           0.           0.           0.        ]
 [  0.           0.           0.           0.        ]
 [  0.00347316  -1.01892889  -0.26595968   0.00143178]
 [  0.00531164  -0.22746103  -0.31118149   0.00987512]
 [  0.00073608  -0.39007342  -0.23114429   0.00751185]
 [  0.           0.           0.           0.        ]
 [  0.           0.           0.           0.        ]
 [  0.           0.           0.           0.        ]
 [  0.           0.           0.           0.        ]
 [  0.           0.           0.           0.        ]
 [  0.           0.           0.           0.        ]
 [  0.00536444   0.00559291   0.00736134   0.00744883]
 [  0.00544185  -0.99148679  -0.99928415   0.00471473]
 [  0.00644866  -0.99642086  -0.38653773   0.00344375]
 [  0.00454027   0.00340237  -0.19375804   0.00191738]
 [  0.           0.           0.           0.        ]
 [  0.           0.           0.           0.        ]
 [  0.           0.           0.           0.        ]
 [  0.           0.           0.           0.        ]
 [  0.           0.           0.           0.        ]
 [  0.           0.           0.           0.        ]
 [  0.           0.           0.           0.        ]
 [  0.           0.           0.           0.        ]
 [  0.           0.           0.           0.        ]
 [  0.           0.           0.           0.        ]]
Training  | Episode: 810000/1000000  | Episode Reward: -80.0000 | Epsilon: 0.2000 | Goal reached: 0
Training  | Episode: 820000/1000000  | Episode Reward: -50.0000 | Epsilon: 0.2000 | Goal reached: 0
Training  | Episode: 830000/1000000  | Episode Reward: -92.0000 | Epsilon: 0.2000 | Goal reached: 0
Training  | Episode: 840000/1000000  | Episode Reward: -77.0000 | Epsilon: 0.2000 | Goal reached: 0
Training  | Episode: 850000/1000000  | Episode Reward: -62.0000 | Epsilon: 0.2000 | Goal reached: 0
Training  | Episode: 860000/1000000  | Episode Reward: -62.0000 | Epsilon: 0.2000 | Goal reached: 0
Training  | Episode: 870000/1000000  | Episode Reward: -50.0000 | Epsilon: 0.2000 | Goal reached: 0
Training  | Episode: 880000/1000000  | Episode Reward: -50.0000 | Epsilon: 0.2000 | Goal reached: 0
Training  | Episode: 890000/1000000  | Episode Reward: -51.0000 | Epsilon: 0.2000 | Goal reached: 0
Training  | Episode: 900000/1000000  | Episode Reward: -60.0000 | Epsilon: 0.2000 | Goal reached: 0
[[  0.00699444 -23.27874374 -18.8605442    0.00721878]
 [  0.00587038 -17.21938324 -20.91606903   0.00647254]
 [  0.0006202  -24.21034813 -18.1781311    0.00010678]
 [  0.00639044 -21.11281967 -21.3263588    0.00733728]
 [  0.           0.           0.           0.        ]
 [  0.           0.           0.           0.        ]
 [  0.           0.           0.           0.        ]
 [  0.           0.           0.           0.        ]
 [  0.           0.           0.           0.        ]
 [  0.           0.           0.           0.        ]
 [  0.           0.           0.           0.        ]
 [  0.           0.           0.           0.        ]
 [  0.           0.           0.           0.        ]
 [  0.00370115 -13.54363918  -3.96544194   0.00951301]
 [  0.00468233 -20.98973083 -30.37937546   0.00689132]
 [  0.           0.           0.           0.        ]
 [  0.           0.           0.           0.        ]
 [  0.           0.           0.           0.        ]
 [  0.           0.           0.           0.        ]
 [  0.           0.           0.           0.        ]
 [  0.           0.           0.           0.        ]
 [  0.           0.           0.           0.        ]
 [  0.           0.           0.           0.        ]
 [  0.00664064 -36.6419754  -18.7661953    0.00483612]
 [  0.00006786 -19.0909729  -18.87513924   0.00927151]
 [  0.00478105 -20.03897476 -35.88572693   0.00766736]
 [  0.00182073 -24.32457161 -30.71656227   0.00530724]
 [  0.00084222  -4.57847548 -17.08968544   0.0070173 ]
 [  0.00223728 -37.06143188 -40.45609665   0.00861842]
 [  0.           0.           0.           0.        ]
 [  0.           0.           0.           0.        ]
 [  0.           0.           0.           0.        ]
 [  0.           0.           0.           0.        ]
 [  0.           0.           0.           0.        ]
 [  0.           0.           0.           0.        ]
 [  0.           0.           0.           0.        ]
 [  0.           0.           0.           0.        ]
 [  0.00243241 -26.77655411 -20.38198662   0.00527867]
 [  0.           0.           0.           0.        ]
 [  0.           0.           0.           0.        ]
 [  0.           0.           0.           0.        ]
 [  0.           0.           0.           0.        ]
 [  0.           0.           0.           0.        ]
 [  0.           0.           0.           0.        ]
 [  0.           0.           0.           0.        ]
 [  0.           0.           0.           0.        ]
 [  0.00518564  -7.77302313  -7.03459549   0.00071673]
 [  0.00988034 -14.09329987 -14.88961983   0.00025914]
 [  0.           0.           0.           0.        ]
 [  0.           0.           0.           0.        ]
 [  0.           0.           0.           0.        ]
 [  0.           0.           0.           0.        ]
 [  0.           0.           0.           0.        ]
 [  0.           0.           0.           0.        ]
 [  0.           0.           0.           0.        ]
 [  0.           0.           0.           0.        ]
 [  0.           0.           0.           0.        ]
 [  0.00638469  -3.84569025  -2.78854275   0.00352716]
 [  0.00865342  -1.32644582  -1.93477702   0.00436484]
 [  0.00063679  -3.20851254  -3.26060939   0.00498924]
 [  0.           0.           0.           0.        ]
 [  0.           0.           0.           0.        ]
 [  0.           0.           0.           0.        ]
 [  0.           0.           0.           0.        ]
 [  0.           0.           0.           0.        ]
 [  0.           0.           0.           0.        ]
 [  0.           0.           0.           0.        ]
 [  0.00524984  -2.91465092  -1.67828476   0.00062863]
 [  0.00248021  -3.12438989  -3.22392917   0.0014168 ]
 [  0.           0.           0.           0.        ]
 [  0.           0.           0.           0.        ]
 [  0.           0.           0.           0.        ]
 [  0.           0.           0.           0.        ]
 [  0.           0.           0.           0.        ]
 [  0.           0.           0.           0.        ]
 [  0.           0.           0.           0.        ]
 [  0.           0.           0.           0.        ]
 [  0.00347316  -1.01892889  -0.26595968   0.00143178]
 [  0.00531164  -0.22746103  -0.31118149   0.00987512]
 [  0.00073608  -0.39007342  -0.23114429   0.00751185]
 [  0.           0.           0.           0.        ]
 [  0.           0.           0.           0.        ]
 [  0.           0.           0.           0.        ]
 [  0.           0.           0.           0.        ]
 [  0.           0.           0.           0.        ]
 [  0.           0.           0.           0.        ]
 [  0.00536444   0.00559291   0.00736134   0.00744883]
 [  0.00544185  -0.99148679  -0.99928415   0.00471473]
 [  0.00644866  -0.99642086  -0.38653773   0.00344375]
 [  0.00454027   0.00340237  -0.19375804   0.00191738]
 [  0.           0.           0.           0.        ]
 [  0.           0.           0.           0.        ]
 [  0.           0.           0.           0.        ]
 [  0.           0.           0.           0.        ]
 [  0.           0.           0.           0.        ]
 [  0.           0.           0.           0.        ]
 [  0.           0.           0.           0.        ]
 [  0.           0.           0.           0.        ]
 [  0.           0.           0.           0.        ]
 [  0.           0.           0.           0.        ]]
Training  | Episode: 910000/1000000  | Episode Reward: -52.0000 | Epsilon: 0.2000 | Goal reached: 0
Training  | Episode: 920000/1000000  | Episode Reward: -50.0000 | Epsilon: 0.2000 | Goal reached: 0
Training  | Episode: 930000/1000000  | Episode Reward: -70.0000 | Epsilon: 0.2000 | Goal reached: 0
Training  | Episode: 940000/1000000  | Episode Reward: -61.0000 | Epsilon: 0.2000 | Goal reached: 0
Training  | Episode: 950000/1000000  | Episode Reward: -50.0000 | Epsilon: 0.2000 | Goal reached: 0
Training  | Episode: 960000/1000000  | Episode Reward: -50.0000 | Epsilon: 0.2000 | Goal reached: 0
Training  | Episode: 970000/1000000  | Episode Reward: -81.0000 | Epsilon: 0.2000 | Goal reached: 0
Training  | Episode: 980000/1000000  | Episode Reward: -60.0000 | Epsilon: 0.2000 | Goal reached: 0
Training  | Episode: 990000/1000000  | Episode Reward: -50.0000 | Epsilon: 0.2000 | Goal reached: 0
[[  0.00699444 -22.5859108  -23.31270409   0.00721878]
 [  0.00587038 -14.71984291 -19.70337868   0.00647254]
 [  0.0006202  -19.53327942 -24.68175316   0.00010678]
 [  0.00639044 -24.67720222 -25.86314392   0.00733728]
 [  0.           0.           0.           0.        ]
 [  0.           0.           0.           0.        ]
 [  0.           0.           0.           0.        ]
 [  0.           0.           0.           0.        ]
 [  0.           0.           0.           0.        ]
 [  0.           0.           0.           0.        ]
 [  0.           0.           0.           0.        ]
 [  0.           0.           0.           0.        ]
 [  0.           0.           0.           0.        ]
 [  0.00370115 -14.02051067  -5.50170851   0.00951301]
 [  0.00468233 -19.53776932 -37.49419022   0.00689132]
 [  0.           0.           0.           0.        ]
 [  0.           0.           0.           0.        ]
 [  0.           0.           0.           0.        ]
 [  0.           0.           0.           0.        ]
 [  0.           0.           0.           0.        ]
 [  0.           0.           0.           0.        ]
 [  0.           0.           0.           0.        ]
 [  0.           0.           0.           0.        ]
 [  0.00664064 -36.25098419 -23.11191368   0.00483612]
 [  0.00006786 -22.26581573 -17.96152687   0.00927151]
 [  0.00478105 -20.23209    -32.44721603   0.00766736]
 [  0.00182073 -21.23152924 -33.66769791   0.00530724]
 [  0.00084222  -5.09387302 -17.2292881    0.0070173 ]
 [  0.00223728 -33.94307709 -42.04184341   0.00861842]
 [  0.           0.           0.           0.        ]
 [  0.           0.           0.           0.        ]
 [  0.           0.           0.           0.        ]
 [  0.           0.           0.           0.        ]
 [  0.           0.           0.           0.        ]
 [  0.           0.           0.           0.        ]
 [  0.           0.           0.           0.        ]
 [  0.           0.           0.           0.        ]
 [  0.00243241 -28.10345459 -18.35512352   0.00527867]
 [  0.           0.           0.           0.        ]
 [  0.           0.           0.           0.        ]
 [  0.           0.           0.           0.        ]
 [  0.           0.           0.           0.        ]
 [  0.           0.           0.           0.        ]
 [  0.           0.           0.           0.        ]
 [  0.           0.           0.           0.        ]
 [  0.           0.           0.           0.        ]
 [  0.00518564  -8.70361328  -9.58570576   0.00071673]
 [  0.00988034 -12.09619617 -15.83739185   0.00025914]
 [  0.           0.           0.           0.        ]
 [  0.           0.           0.           0.        ]
 [  0.           0.           0.           0.        ]
 [  0.           0.           0.           0.        ]
 [  0.           0.           0.           0.        ]
 [  0.           0.           0.           0.        ]
 [  0.           0.           0.           0.        ]
 [  0.           0.           0.           0.        ]
 [  0.           0.           0.           0.        ]
 [  0.00638469  -4.61929607  -3.78377557   0.00352716]
 [  0.00865342  -1.48705769  -1.93477702   0.00436484]
 [  0.00063679  -4.14421463  -3.26060939   0.00498924]
 [  0.           0.           0.           0.        ]
 [  0.           0.           0.           0.        ]
 [  0.           0.           0.           0.        ]
 [  0.           0.           0.           0.        ]
 [  0.           0.           0.           0.        ]
 [  0.           0.           0.           0.        ]
 [  0.           0.           0.           0.        ]
 [  0.00524984  -3.01876211  -2.60579562   0.00062863]
 [  0.00248021  -4.15558863  -3.4920218    0.0014168 ]
 [  0.           0.           0.           0.        ]
 [  0.           0.           0.           0.        ]
 [  0.           0.           0.           0.        ]
 [  0.           0.           0.           0.        ]
 [  0.           0.           0.           0.        ]
 [  0.           0.           0.           0.        ]
 [  0.           0.           0.           0.        ]
 [  0.           0.           0.           0.        ]
 [  0.00347316  -1.01892889  -0.28056431   0.00143178]
 [  0.00531164  -0.24286318  -0.31118149   0.00987512]
 [  0.00073608  -0.39007342  -1.22639394   0.00751185]
 [  0.           0.           0.           0.        ]
 [  0.           0.           0.           0.        ]
 [  0.           0.           0.           0.        ]
 [  0.           0.           0.           0.        ]
 [  0.           0.           0.           0.        ]
 [  0.           0.           0.           0.        ]
 [  0.00536444   0.00559291   0.00736134   0.00744883]
 [  0.00544185  -0.99148679  -0.99928415   0.00471473]
 [  0.00644866  -0.99642086  -0.57866871   0.00344375]
 [  0.00454027  -0.1965754   -0.19375804   0.00191738]
 [  0.           0.           0.           0.        ]
 [  0.           0.           0.           0.        ]
 [  0.           0.           0.           0.        ]
 [  0.           0.           0.           0.        ]
 [  0.           0.           0.           0.        ]
 [  0.           0.           0.           0.        ]
 [  0.           0.           0.           0.        ]
 [  0.           0.           0.           0.        ]
 [  0.           0.           0.           0.        ]
 [  0.           0.           0.           0.        ]]
