___DIRECTION__MAP_
gamma:  0.7 learning rate:  0.1 eps decay:  0.9999975
[[b'S' b'F' b'F' b'F' b'F' b'H' b'H' b'H' b'H' b'H']
 [b'F' b'H' b'H' b'F' b'F' b'F' b'H' b'F' b'F' b'H']
 [b'H' b'H' b'H' b'H' b'H' b'F' b'H' b'H' b'H' b'H']
 [b'H' b'H' b'F' b'H' b'H' b'F' b'F' b'F' b'F' b'H']
 [b'F' b'H' b'F' b'H' b'F' b'F' b'H' b'F' b'F' b'F']
 [b'F' b'F' b'H' b'H' b'F' b'F' b'F' b'H' b'H' b'H']
 [b'H' b'H' b'H' b'H' b'H' b'F' b'F' b'F' b'F' b'H']
 [b'H' b'H' b'H' b'H' b'H' b'H' b'H' b'F' b'H' b'H']
 [b'H' b'F' b'H' b'H' b'H' b'F' b'H' b'F' b'H' b'H']
 [b'H' b'F' b'H' b'H' b'H' b'H' b'H' b'F' b'F' b'G']]
[<tf.Variable 'q_a_s/weights:0' shape=(100, 4) dtype=float32, numpy=
array([[0.00286384, 0.5074482 , 0.50937   , 0.00478616],
       [0.00657077, 0.5086295 , 0.5029804 , 0.00158175],
       [0.00683075, 0.5083561 , 0.5023164 , 0.0074606 ],
       [0.0041144 , 0.50019723, 0.5055797 , 0.00283564],
       [0.00520687, 0.50745153, 0.5006493 , 0.00948682],
       [0.00315527, 0.5086881 , 0.5074826 , 0.0058775 ],
       [0.00033351, 0.50279635, 0.50352126, 0.00837615],
       [0.00321849, 0.500774  , 0.5084013 , 0.00254824],
       [0.00378524, 0.5069546 , 0.50083405, 0.00004774],
       [0.00022126, 0.50856906, 0.5088433 , 0.00125364],
       [0.00819063, 0.50247896, 0.50832236, 0.00886386],
       [0.00071062, 0.5080272 , 0.50521725, 0.00695755],
       [0.00964386, 0.5031888 , 0.5001883 , 0.00578616],
       [0.00413601, 0.50152653, 0.5073542 , 0.0090183 ],
       [0.0040842 , 0.5001125 , 0.5032223 , 0.00327923],
       [0.00764138, 0.5018604 , 0.50971174, 0.00698044],
       [0.00804831, 0.50970256, 0.50275964, 0.0019232 ],
       [0.00563269, 0.50410026, 0.5042729 , 0.00896805],
       [0.00981075, 0.5037707 , 0.50751835, 0.00966673],
       [0.00175532, 0.5099143 , 0.50306785, 0.0004174 ],
       [0.00214802, 0.5074634 , 0.50795174, 0.00184345],
       [0.00022014, 0.5099227 , 0.50600314, 0.00803103],
       [0.00075028, 0.50007355, 0.5039323 , 0.00586076],
       [0.00767683, 0.5008305 , 0.50719404, 0.00722157],
       [0.00388883, 0.50623226, 0.5021241 , 0.00876605],
       [0.00742432, 0.50520486, 0.50159234, 0.00237661],
       [0.00254748, 0.50372463, 0.50539   , 0.00323485],
       [0.00370669, 0.5004637 , 0.5090024 , 0.0081841 ],
       [0.00274864, 0.5060409 , 0.5096297 , 0.00918021],
       [0.00090168, 0.5036345 , 0.5016014 , 0.00278293],
       [0.00126155, 0.5012942 , 0.50306404, 0.00450618],
       [0.00885508, 0.50004244, 0.5010307 , 0.00864629],
       [0.00053691, 0.5056729 , 0.5065809 , 0.00577987],
       [0.00889232, 0.5027712 , 0.50359064, 0.00424683],
       [0.00706733, 0.5087694 , 0.5024566 , 0.00092581],
       [0.0014548 , 0.5000124 , 0.50056785, 0.00806198],
       [0.00787714, 0.5022969 , 0.5062746 , 0.00821131],
       [0.00762284, 0.50294006, 0.5019326 , 0.00167866],
       [0.00701691, 0.506754  , 0.5001278 , 0.00880807],
       [0.00755534, 0.5044296 , 0.50500643, 0.00593695],
       [0.00084592, 0.50698406, 0.50526214, 0.00368238],
       [0.00440715, 0.50079197, 0.50693727, 0.00008177],
       [0.00413193, 0.5018435 , 0.50084764, 0.009958  ],
       [0.00845064, 0.5093323 , 0.5089444 , 0.0011128 ],
       [0.00601435, 0.50589615, 0.50895834, 0.00018844],
       [0.00418724, 0.5065345 , 0.5077022 , 0.00666335],
       [0.00597143, 0.5078145 , 0.5026383 , 0.00830665],
       [0.00638795, 0.503071  , 0.5038338 , 0.00690823],
       [0.00263207, 0.5024101 , 0.5028434 , 0.00668017],
       [0.00447146, 0.5034335 , 0.5058044 , 0.00841244],
       [0.00699569, 0.50879806, 0.5069374 , 0.00927002],
       [0.00417894, 0.5071695 , 0.50329804, 0.00796475],
       [0.00516693, 0.50051916, 0.5084707 , 0.0026739 ],
       [0.00299392, 0.50128496, 0.5006743 , 0.00440484],
       [0.00651666, 0.507395  , 0.5075042 , 0.00896153],
       [0.00475342, 0.5006562 , 0.50006145, 0.00214258],
       [0.00937361, 0.5019952 , 0.5096717 , 0.00607712],
       [0.00513089, 0.5098002 , 0.50072014, 0.00114911],
       [0.00012874, 0.5000481 , 0.5089353 , 0.00515849],
       [0.00640657, 0.50613326, 0.50327635, 0.00009625],
       [0.00595026, 0.50955397, 0.5066889 , 0.00822958],
       [0.00771242, 0.50544596, 0.5057246 , 0.0011923 ],
       [0.00637159, 0.5045167 , 0.50877833, 0.00924844],
       [0.00233668, 0.5024671 , 0.50968194, 0.00765097],
       [0.0039464 , 0.5062289 , 0.5045502 , 0.00374294],
       [0.00606071, 0.5001691 , 0.50734925, 0.00530532],
       [0.00299907, 0.507627  , 0.50019985, 0.00441444],
       [0.00803584, 0.50143754, 0.50563157, 0.00897652],
       [0.00438328, 0.50127006, 0.50740063, 0.0008314 ],
       [0.00576471, 0.50163174, 0.5001566 , 0.00665213],
       [0.00712749, 0.5029523 , 0.5000497 , 0.00404819],
       [0.00018353, 0.50478333, 0.5037691 , 0.0097532 ],
       [0.00795348, 0.50014627, 0.50131273, 0.00992836],
       [0.00215925, 0.5055903 , 0.50937974, 0.00722145],
       [0.00694499, 0.50427824, 0.5041463 , 0.0055117 ],
       [0.00425111, 0.5008851 , 0.50306773, 0.00597677],
       [0.00907179, 0.50464606, 0.50879836, 0.00897439],
       [0.00898065, 0.5080541 , 0.5056731 , 0.00161347],
       [0.00926288, 0.5068784 , 0.5000642 , 0.00999158],
       [0.00730395, 0.50097495, 0.5043776 , 0.00176402],
       [0.00686399, 0.50888664, 0.50291663, 0.00916982],
       [0.00984062, 0.5004449 , 0.5019065 , 0.00473894],
       [0.00185473, 0.5020502 , 0.50283927, 0.00233955],
       [0.00523198, 0.50794566, 0.5009751 , 0.00299833],
       [0.0028245 , 0.505933  , 0.503049  , 0.00279041],
       [0.00617323, 0.5015747 , 0.50005126, 0.00681136],
       [0.0043188 , 0.5058219 , 0.50226253, 0.00332231],
       [0.00093004, 0.50767916, 0.50006515, 0.00430842],
       [0.00271785, 0.50688285, 0.5013453 , 0.00048173],
       [0.00200938, 0.50144804, 0.50653297, 0.00670496],
       [0.00919365, 0.50145733, 0.50485003, 0.00352344],
       [0.00049403, 0.5099182 , 0.50626916, 0.00616518],
       [0.00495163, 0.5049557 , 0.5065566 , 0.00896816],
       [0.00688242, 0.5066712 , 0.50455505, 0.00833167],
       [0.00656726, 0.5062096 , 0.502071  , 0.00147294],
       [0.00926103, 0.5085718 , 0.50447077, 0.0034843 ],
       [0.00308922, 0.5057146 , 0.5062423 , 0.00562277],
       [0.00308381, 0.5062089 , 0.5067945 , 0.00174326],
       [0.00545896, 0.50107753, 0.50661415, 0.00885117],
       [0.00264707, 0.5048927 , 0.50820243, 0.00576407]], dtype=float32)>]
Training  | Episode: 0/1000000  | Episode Reward: -56.3333 | Epsilon: 1.0000 | Goal reached: 0
[[ 0.00286384  0.5074482   0.28977227 -1.92512834]
 [ 0.00657077  0.5086295   0.50298041  0.00158175]
 [ 0.          0.          0.          0.        ]
 [ 0.          0.          0.          0.        ]
 [ 0.          0.          0.          0.        ]
 [ 0.          0.          0.          0.        ]
 [ 0.          0.          0.          0.        ]
 [ 0.          0.          0.          0.        ]
 [ 0.          0.          0.          0.        ]
 [ 0.          0.          0.          0.        ]
 [ 0.00819063  0.50247896  0.50832236  0.00886386]
 [ 0.          0.          0.          0.        ]
 [ 0.          0.          0.          0.        ]
 [ 0.          0.          0.          0.        ]
 [ 0.          0.          0.          0.        ]
 [ 0.          0.          0.          0.        ]
 [ 0.          0.          0.          0.        ]
 [ 0.          0.          0.          0.        ]
 [ 0.          0.          0.          0.        ]
 [ 0.          0.          0.          0.        ]
 [ 0.          0.          0.          0.        ]
 [ 0.          0.          0.          0.        ]
 [ 0.          0.          0.          0.        ]
 [ 0.          0.          0.          0.        ]
 [ 0.          0.          0.          0.        ]
 [ 0.          0.          0.          0.        ]
 [ 0.          0.          0.          0.        ]
 [ 0.          0.          0.          0.        ]
 [ 0.          0.          0.          0.        ]
 [ 0.          0.          0.          0.        ]
 [ 0.          0.          0.          0.        ]
 [ 0.          0.          0.          0.        ]
 [ 0.          0.          0.          0.        ]
 [ 0.          0.          0.          0.        ]
 [ 0.          0.          0.          0.        ]
 [ 0.          0.          0.          0.        ]
 [ 0.          0.          0.          0.        ]
 [ 0.          0.          0.          0.        ]
 [ 0.          0.          0.          0.        ]
 [ 0.          0.          0.          0.        ]
 [ 0.          0.          0.          0.        ]
 [ 0.          0.          0.          0.        ]
 [ 0.          0.          0.          0.        ]
 [ 0.          0.          0.          0.        ]
 [ 0.          0.          0.          0.        ]
 [ 0.          0.          0.          0.        ]
 [ 0.          0.          0.          0.        ]
 [ 0.          0.          0.          0.        ]
 [ 0.          0.          0.          0.        ]
 [ 0.          0.          0.          0.        ]
 [ 0.          0.          0.          0.        ]
 [ 0.          0.          0.          0.        ]
 [ 0.          0.          0.          0.        ]
 [ 0.          0.          0.          0.        ]
 [ 0.          0.          0.          0.        ]
 [ 0.          0.          0.          0.        ]
 [ 0.          0.          0.          0.        ]
 [ 0.          0.          0.          0.        ]
 [ 0.          0.          0.          0.        ]
 [ 0.          0.          0.          0.        ]
 [ 0.          0.          0.          0.        ]
 [ 0.          0.          0.          0.        ]
 [ 0.          0.          0.          0.        ]
 [ 0.          0.          0.          0.        ]
 [ 0.          0.          0.          0.        ]
 [ 0.          0.          0.          0.        ]
 [ 0.          0.          0.          0.        ]
 [ 0.          0.          0.          0.        ]
 [ 0.          0.          0.          0.        ]
 [ 0.          0.          0.          0.        ]
 [ 0.          0.          0.          0.        ]
 [ 0.          0.          0.          0.        ]
 [ 0.          0.          0.          0.        ]
 [ 0.          0.          0.          0.        ]
 [ 0.          0.          0.          0.        ]
 [ 0.          0.          0.          0.        ]
 [ 0.          0.          0.          0.        ]
 [ 0.          0.          0.          0.        ]
 [ 0.          0.          0.          0.        ]
 [ 0.          0.          0.          0.        ]
 [ 0.          0.          0.          0.        ]
 [ 0.          0.          0.          0.        ]
 [ 0.          0.          0.          0.        ]
 [ 0.          0.          0.          0.        ]
 [ 0.          0.          0.          0.        ]
 [ 0.          0.          0.          0.        ]
 [ 0.          0.          0.          0.        ]
 [ 0.          0.          0.          0.        ]
 [ 0.          0.          0.          0.        ]
 [ 0.          0.          0.          0.        ]
 [ 0.          0.          0.          0.        ]
 [ 0.          0.          0.          0.        ]
 [ 0.          0.          0.          0.        ]
 [ 0.          0.          0.          0.        ]
 [ 0.          0.          0.          0.        ]
 [ 0.          0.          0.          0.        ]
 [ 0.          0.          0.          0.        ]
 [ 0.          0.          0.          0.        ]
 [ 0.          0.          0.          0.        ]
 [ 0.          0.          0.          0.        ]]
Training  | Episode: 10000/1000000  | Episode Reward: -91.1111 | Epsilon: 0.9753 | Goal reached: 0
Training  | Episode: 20000/1000000  | Episode Reward: -95.3889 | Epsilon: 0.9512 | Goal reached: 0
Training  | Episode: 30000/1000000  | Episode Reward: -85.3889 | Epsilon: 0.9277 | Goal reached: 0
Training  | Episode: 40000/1000000  | Episode Reward: -94.8333 | Epsilon: 0.9048 | Goal reached: 0
Training  | Episode: 50000/1000000  | Episode Reward: -113.4444 | Epsilon: 0.8825 | Goal reached: 0
Training  | Episode: 60000/1000000  | Episode Reward: -64.2778 | Epsilon: 0.8607 | Goal reached: 0
Training  | Episode: 70000/1000000  | Episode Reward: -56.6667 | Epsilon: 0.8395 | Goal reached: 0
Training  | Episode: 80000/1000000  | Episode Reward: -124.8333 | Epsilon: 0.8187 | Goal reached: 0
Training  | Episode: 90000/1000000  | Episode Reward: -45.3889 | Epsilon: 0.7985 | Goal reached: 0
Training  | Episode: 100000/1000000  | Episode Reward: -45.3889 | Epsilon: 0.7788 | Goal reached: 0
[[-27.24931717 -22.63154793 -25.72289467 -24.66725159]
 [-25.27913857 -27.72140121 -22.669487   -23.98439598]
 [-27.00053215 -31.36100388 -25.14876556 -20.26830482]
 [-19.46381569 -18.0348587  -18.69797134 -21.02052879]
 [-20.46279526 -27.26334953 -20.34645844 -26.38899803]
 [  0.           0.           0.           0.        ]
 [  0.           0.           0.           0.        ]
 [  0.           0.           0.           0.        ]
 [  0.           0.           0.           0.        ]
 [  0.           0.           0.           0.        ]
 [-35.84539795 -37.50176239 -35.02123642 -34.70069504]
 [  0.           0.           0.           0.        ]
 [  0.           0.           0.           0.        ]
 [-34.23851395 -32.07355118 -24.48476791 -28.56853485]
 [-21.62978172 -22.91090012 -23.56737518 -18.79143333]
 [-24.66670036 -21.92528343 -27.83036995 -26.83983612]
 [  0.           0.           0.           0.        ]
 [  0.           0.           0.           0.        ]
 [  0.           0.           0.           0.        ]
 [  0.           0.           0.           0.        ]
 [  0.           0.           0.           0.        ]
 [  0.           0.           0.           0.        ]
 [  0.           0.           0.           0.        ]
 [  0.           0.           0.           0.        ]
 [  0.           0.           0.           0.        ]
 [-23.25637054 -18.25571632 -22.9854641  -25.10931206]
 [  0.           0.           0.           0.        ]
 [  0.           0.           0.           0.        ]
 [  0.           0.           0.           0.        ]
 [  0.           0.           0.           0.        ]
 [  0.           0.           0.           0.        ]
 [  0.           0.           0.           0.        ]
 [  0.           0.           0.           0.        ]
 [  0.           0.           0.           0.        ]
 [  0.           0.           0.           0.        ]
 [-10.94699287 -13.25823021  -6.63404799 -21.27633095]
 [-16.34008408  -8.5077467  -14.89787769  -8.1433773 ]
 [ -8.87246323  -1.32116735  -4.61296844  -1.64948809]
 [  0.00701691   0.4091346    0.50012779   0.00880807]
 [  0.           0.           0.           0.        ]
 [  0.           0.           0.           0.        ]
 [  0.           0.           0.           0.        ]
 [  0.           0.           0.           0.        ]
 [  0.           0.           0.           0.        ]
 [-14.7496109   -6.22657633  -9.51888847 -11.75161362]
 [ -3.91422224  -6.16365147 -11.94113922  -7.90346527]
 [  0.           0.           0.           0.        ]
 [  0.00638795   0.50307101   0.50383377   0.00690823]
 [  0.00263207   0.50241011   0.50284338   0.00668017]
 [  0.           0.           0.           0.        ]
 [  0.           0.           0.           0.        ]
 [  0.           0.           0.           0.        ]
 [  0.           0.           0.           0.        ]
 [  0.           0.           0.           0.        ]
 [ -7.99275446  -9.02611637  -7.96796608  -5.47820616]
 [ -1.71848774   0.21619329  -1.09458351  -1.20427263]
 [ -0.8113814   -0.41720086   0.50967169   0.00607712]
 [  0.           0.           0.           0.        ]
 [  0.           0.           0.           0.        ]
 [  0.           0.           0.           0.        ]
 [  0.           0.           0.           0.        ]
 [  0.           0.           0.           0.        ]
 [  0.           0.           0.           0.        ]
 [  0.           0.           0.           0.        ]
 [  0.           0.           0.           0.        ]
 [ -4.36872435   0.5001691    0.50734925  -3.49106169]
 [  0.00299907   0.50762701   0.50019985   0.00441444]
 [  0.           0.           0.           0.        ]
 [  0.           0.           0.           0.        ]
 [  0.           0.           0.           0.        ]
 [  0.           0.           0.           0.        ]
 [  0.           0.           0.           0.        ]
 [  0.           0.           0.           0.        ]
 [  0.           0.           0.           0.        ]
 [  0.           0.           0.           0.        ]
 [  0.           0.           0.           0.        ]
 [  0.           0.           0.           0.        ]
 [  0.           0.           0.           0.        ]
 [  0.           0.           0.           0.        ]
 [  0.           0.           0.           0.        ]
 [  0.           0.           0.           0.        ]
 [  0.           0.           0.           0.        ]
 [  0.           0.           0.           0.        ]
 [  0.           0.           0.           0.        ]
 [  0.           0.           0.           0.        ]
 [  0.           0.           0.           0.        ]
 [  0.           0.           0.           0.        ]
 [  0.           0.           0.           0.        ]
 [  0.           0.           0.           0.        ]
 [  0.           0.           0.           0.        ]
 [  0.           0.           0.           0.        ]
 [  0.           0.           0.           0.        ]
 [  0.           0.           0.           0.        ]
 [  0.           0.           0.           0.        ]
 [  0.           0.           0.           0.        ]
 [  0.           0.           0.           0.        ]
 [  0.           0.           0.           0.        ]
 [  0.           0.           0.           0.        ]
 [  0.           0.           0.           0.        ]
 [  0.           0.           0.           0.        ]]
Training  | Episode: 110000/1000000  | Episode Reward: -104.6111 | Epsilon: 0.7596 | Goal reached: 0
Training  | Episode: 120000/1000000  | Episode Reward: -45.3889 | Epsilon: 0.7408 | Goal reached: 0
Training  | Episode: 130000/1000000  | Episode Reward: -45.3889 | Epsilon: 0.7225 | Goal reached: 0
Training  | Episode: 140000/1000000  | Episode Reward: -93.5000 | Epsilon: 0.7047 | Goal reached: 0
Training  | Episode: 150000/1000000  | Episode Reward: -76.3333 | Epsilon: 0.6873 | Goal reached: 0
Training  | Episode: 160000/1000000  | Episode Reward: -65.3889 | Epsilon: 0.6703 | Goal reached: 0
Training  | Episode: 170000/1000000  | Episode Reward: -55.3889 | Epsilon: 0.6538 | Goal reached: 0
Training  | Episode: 180000/1000000  | Episode Reward: -74.8333 | Epsilon: 0.6376 | Goal reached: 0
Training  | Episode: 190000/1000000  | Episode Reward: -55.3889 | Epsilon: 0.6219 | Goal reached: 0
Training  | Episode: 200000/1000000  | Episode Reward: -64.2778 | Epsilon: 0.6065 | Goal reached: 0
[[-26.4274025  -21.92892647 -23.76524734 -24.59727097]
 [-26.08737946 -32.61276245 -31.71463966 -18.79509926]
 [-27.42412376 -18.73180771 -29.4375515  -22.11853218]
 [-19.18706703 -18.26496124 -17.7990284  -21.24272919]
 [-19.85944366 -28.52575684 -25.73022652 -24.64902306]
 [  0.           0.           0.           0.        ]
 [  0.           0.           0.           0.        ]
 [  0.           0.           0.           0.        ]
 [  0.           0.           0.           0.        ]
 [  0.           0.           0.           0.        ]
 [-32.35290909 -40.53273392 -39.5412674  -32.51495743]
 [  0.           0.           0.           0.        ]
 [  0.           0.           0.           0.        ]
 [-31.42804146 -34.28267288 -26.36126709 -26.91615295]
 [-26.64527893 -23.15922356 -27.47377014 -18.79019165]
 [-24.65471268 -23.40234375 -22.6973381  -27.18653679]
 [  0.           0.           0.           0.        ]
 [  0.           0.           0.           0.        ]
 [  0.           0.           0.           0.        ]
 [  0.           0.           0.           0.        ]
 [  0.           0.           0.           0.        ]
 [  0.           0.           0.           0.        ]
 [  0.           0.           0.           0.        ]
 [  0.           0.           0.           0.        ]
 [  0.           0.           0.           0.        ]
 [-15.80328465 -20.87573814 -21.62771606 -25.15747643]
 [  0.           0.           0.           0.        ]
 [  0.           0.           0.           0.        ]
 [  0.           0.           0.           0.        ]
 [  0.           0.           0.           0.        ]
 [  0.           0.           0.           0.        ]
 [  0.           0.           0.           0.        ]
 [  0.           0.           0.           0.        ]
 [  0.           0.           0.           0.        ]
 [  0.           0.           0.           0.        ]
 [-20.14950943 -13.46096134 -13.8178587  -18.55040169]
 [-19.05532646 -10.6840992  -15.74919224 -13.60707378]
 [ -9.64950752  -3.81715679  -9.46929169 -12.04831791]
 [ -1.59164751  -2.93532467  -2.86253023  -4.36605024]
 [  0.           0.           0.           0.        ]
 [  0.           0.           0.           0.        ]
 [  0.           0.           0.           0.        ]
 [  0.           0.           0.           0.        ]
 [  0.           0.           0.           0.        ]
 [-19.86816788 -14.7191534  -10.71721172 -19.27157974]
 [ -6.572052   -10.67451    -13.7346487  -12.35123539]
 [  0.           0.           0.           0.        ]
 [ -5.3710866   -3.97089362  -6.2458725    0.0111378 ]
 [ -0.70565426  -2.30459857  -2.30425191   0.00668017]
 [  0.           0.           0.           0.        ]
 [  0.           0.           0.           0.        ]
 [  0.           0.           0.           0.        ]
 [  0.           0.           0.           0.        ]
 [  0.           0.           0.           0.        ]
 [-17.77666283 -14.53858757  -8.19657612 -12.25232124]
 [ -6.78563404  -5.53107595  -4.77921009  -6.11426878]
 [ -5.02245569  -5.55970287  -3.5500493   -5.17166519]
 [  0.           0.           0.           0.        ]
 [  0.           0.           0.           0.        ]
 [  0.           0.           0.           0.        ]
 [  0.           0.           0.           0.        ]
 [  0.           0.           0.           0.        ]
 [  0.           0.           0.           0.        ]
 [  0.           0.           0.           0.        ]
 [  0.           0.           0.           0.        ]
 [ -8.66921043  -7.51778316  -7.7017231   -8.44788837]
 [ -0.70434964  -4.5469017   -0.95015562  -0.8812272 ]
 [ -3.25553274   0.50143754   0.50563157  -0.60133046]
 [  0.           0.           0.           0.        ]
 [  0.           0.           0.           0.        ]
 [  0.           0.           0.           0.        ]
 [  0.           0.           0.           0.        ]
 [  0.           0.           0.           0.        ]
 [  0.           0.           0.           0.        ]
 [  0.           0.           0.           0.        ]
 [  0.           0.           0.           0.        ]
 [  0.           0.           0.           0.        ]
 [  0.           0.           0.           0.        ]
 [  0.           0.           0.           0.        ]
 [  0.           0.           0.           0.        ]
 [  0.           0.           0.           0.        ]
 [  0.           0.           0.           0.        ]
 [  0.           0.           0.           0.        ]
 [  0.           0.           0.           0.        ]
 [  0.           0.           0.           0.        ]
 [  0.           0.           0.           0.        ]
 [  0.           0.           0.           0.        ]
 [  0.           0.           0.           0.        ]
 [  0.           0.           0.           0.        ]
 [  0.           0.           0.           0.        ]
 [  0.           0.           0.           0.        ]
 [  0.           0.           0.           0.        ]
 [  0.           0.           0.           0.        ]
 [  0.           0.           0.           0.        ]
 [  0.           0.           0.           0.        ]
 [  0.           0.           0.           0.        ]
 [  0.           0.           0.           0.        ]
 [  0.           0.           0.           0.        ]
 [  0.           0.           0.           0.        ]
 [  0.           0.           0.           0.        ]]
Training  | Episode: 210000/1000000  | Episode Reward: -124.2778 | Epsilon: 0.5916 | Goal reached: 0
Training  | Episode: 220000/1000000  | Episode Reward: -45.3889 | Epsilon: 0.5769 | Goal reached: 0
Training  | Episode: 230000/1000000  | Episode Reward: -66.0556 | Epsilon: 0.5627 | Goal reached: 0
Training  | Episode: 240000/1000000  | Episode Reward: -54.8333 | Epsilon: 0.5488 | Goal reached: 0
Training  | Episode: 250000/1000000  | Episode Reward: -45.3889 | Epsilon: 0.5353 | Goal reached: 0
Training  | Episode: 260000/1000000  | Episode Reward: -75.3889 | Epsilon: 0.5220 | Goal reached: 0
Training  | Episode: 270000/1000000  | Episode Reward: -46.3333 | Epsilon: 0.5092 | Goal reached: 0
Training  | Episode: 280000/1000000  | Episode Reward: -74.2778 | Epsilon: 0.4966 | Goal reached: 0
Training  | Episode: 290000/1000000  | Episode Reward: -65.3889 | Epsilon: 0.4843 | Goal reached: 0
Training  | Episode: 300000/1000000  | Episode Reward: -83.1667 | Epsilon: 0.4724 | Goal reached: 0
[[-27.54301453 -22.66769218 -26.93990326 -26.96013451]
 [-32.3683548  -34.03215027 -31.43554115 -22.99097252]
 [-28.58646202 -31.47436905 -22.76386261 -21.25851059]
 [-21.53662682 -20.28636169 -18.08744431 -21.45075798]
 [-20.5653019  -28.80368233 -30.35720825 -27.27244949]
 [  0.           0.           0.           0.        ]
 [  0.           0.           0.           0.        ]
 [  0.           0.           0.           0.        ]
 [  0.           0.           0.           0.        ]
 [  0.           0.           0.           0.        ]
 [-39.70458221 -39.21025467 -42.97452927 -40.13755035]
 [  0.           0.           0.           0.        ]
 [  0.           0.           0.           0.        ]
 [-32.84297943 -27.63784027 -29.73122025 -26.38805199]
 [-27.14734077 -24.89311981 -29.42314339 -18.20929337]
 [-25.57934761 -21.42842674 -25.64669037 -27.8962822 ]
 [  0.           0.           0.           0.        ]
 [  0.           0.           0.           0.        ]
 [  0.           0.           0.           0.        ]
 [  0.           0.           0.           0.        ]
 [  0.           0.           0.           0.        ]
 [  0.           0.           0.           0.        ]
 [  0.           0.           0.           0.        ]
 [  0.           0.           0.           0.        ]
 [  0.           0.           0.           0.        ]
 [-21.94044685 -24.12169456 -18.415905   -27.34873199]
 [  0.           0.           0.           0.        ]
 [  0.           0.           0.           0.        ]
 [  0.           0.           0.           0.        ]
 [  0.           0.           0.           0.        ]
 [  0.           0.           0.           0.        ]
 [  0.           0.           0.           0.        ]
 [  0.           0.           0.           0.        ]
 [  0.           0.           0.           0.        ]
 [  0.           0.           0.           0.        ]
 [-23.71480942 -17.21262932 -10.79843616 -23.03510284]
 [-22.75968361 -13.71014786 -16.61196327 -17.3500576 ]
 [ -8.69872284  -7.25041771 -11.11243916 -16.07278252]
 [ -8.89022827  -7.36108875  -8.59677505  -6.75547218]
 [  0.           0.           0.           0.        ]
 [  0.           0.           0.           0.        ]
 [  0.           0.           0.           0.        ]
 [  0.           0.           0.           0.        ]
 [  0.           0.           0.           0.        ]
 [-25.96936607 -18.13179588 -20.17667007 -26.61831665]
 [-11.51850986 -13.32401085 -12.87922764 -17.57169342]
 [  0.           0.           0.           0.        ]
 [-11.53248119  -8.94506168  -8.78077984  -7.48201132]
 [ -3.22991753  -5.54530001  -4.1917758   -3.15668964]
 [ -3.25905514  -0.33833086  -2.00029778  -3.25590277]
 [  0.           0.           0.           0.        ]
 [  0.           0.           0.           0.        ]
 [  0.           0.           0.           0.        ]
 [  0.           0.           0.           0.        ]
 [-21.77441406 -16.39849472 -16.08306503 -15.42205238]
 [ -9.22358608  -8.49194813  -8.80631542 -10.18638039]
 [ -8.94980145 -10.34516716 -13.63750076 -13.973279  ]
 [  0.           0.           0.           0.        ]
 [  0.           0.           0.           0.        ]
 [  0.           0.           0.           0.        ]
 [  0.           0.           0.           0.        ]
 [  0.           0.           0.           0.        ]
 [  0.           0.           0.           0.        ]
 [  0.           0.           0.           0.        ]
 [  0.           0.           0.           0.        ]
 [-15.75086689  -7.83268499  -8.05152035 -11.10611343]
 [ -7.41601706  -5.0600214   -3.84636807  -3.63395643]
 [ -5.86638737   0.42783317   0.50563157  -0.60133046]
 [  0.00438328   0.50127006   0.50740063   0.0008314 ]
 [  0.           0.           0.           0.        ]
 [  0.           0.           0.           0.        ]
 [  0.           0.           0.           0.        ]
 [  0.           0.           0.           0.        ]
 [  0.           0.           0.           0.        ]
 [  0.           0.           0.           0.        ]
 [  0.           0.           0.           0.        ]
 [  0.           0.           0.           0.        ]
 [  0.00898065   0.50805408   0.50567311   0.00161347]
 [  0.           0.           0.           0.        ]
 [  0.           0.           0.           0.        ]
 [  0.           0.           0.           0.        ]
 [  0.           0.           0.           0.        ]
 [  0.           0.           0.           0.        ]
 [  0.           0.           0.           0.        ]
 [  0.           0.           0.           0.        ]
 [  0.           0.           0.           0.        ]
 [  0.           0.           0.           0.        ]
 [  0.           0.           0.           0.        ]
 [  0.           0.           0.           0.        ]
 [  0.           0.           0.           0.        ]
 [  0.           0.           0.           0.        ]
 [  0.           0.           0.           0.        ]
 [  0.           0.           0.           0.        ]
 [  0.           0.           0.           0.        ]
 [  0.           0.           0.           0.        ]
 [  0.           0.           0.           0.        ]
 [  0.           0.           0.           0.        ]
 [  0.           0.           0.           0.        ]
 [  0.           0.           0.           0.        ]
 [  0.           0.           0.           0.        ]]
Training  | Episode: 310000/1000000  | Episode Reward: -125.3889 | Epsilon: 0.4607 | Goal reached: 0
Training  | Episode: 320000/1000000  | Episode Reward: -102.3889 | Epsilon: 0.4493 | Goal reached: 0
Training  | Episode: 330000/1000000  | Episode Reward: -61.8333 | Epsilon: 0.4382 | Goal reached: 0
Training  | Episode: 340000/1000000  | Episode Reward: -123.5556 | Epsilon: 0.4274 | Goal reached: 0
Training  | Episode: 350000/1000000  | Episode Reward: -45.3889 | Epsilon: 0.4169 | Goal reached: 0
Training  | Episode: 360000/1000000  | Episode Reward: -74.8333 | Epsilon: 0.4066 | Goal reached: 0
Training  | Episode: 370000/1000000  | Episode Reward: -55.3889 | Epsilon: 0.3965 | Goal reached: 0
Training  | Episode: 380000/1000000  | Episode Reward: -95.7778 | Epsilon: 0.3867 | Goal reached: 0
Training  | Episode: 390000/1000000  | Episode Reward: -75.2222 | Epsilon: 0.3772 | Goal reached: 0
Training  | Episode: 400000/1000000  | Episode Reward: -45.3889 | Epsilon: 0.3679 | Goal reached: 0
[[-26.04621696 -26.01714325 -24.09964371 -27.01268196]
 [-34.32686615 -28.18501282 -26.53773689 -20.85408783]
 [-28.65264702 -27.53391075 -27.49784851 -21.70289612]
 [-22.69185829 -22.85608482 -20.38365555 -21.94432259]
 [-20.72219467 -22.01848602 -24.98081017 -23.58928299]
 [  0.           0.           0.           0.        ]
 [  0.           0.           0.           0.        ]
 [  0.           0.           0.           0.        ]
 [  0.           0.           0.           0.        ]
 [  0.           0.           0.           0.        ]
 [-33.67203522 -39.27667618 -38.17378998 -27.66585541]
 [  0.           0.           0.           0.        ]
 [  0.           0.           0.           0.        ]
 [-31.28008652 -33.32225037 -26.33863258 -33.31554413]
 [-24.34721375 -27.53160667 -23.17720222 -20.59085083]
 [-24.00847435 -21.01681709 -31.04884338 -29.28299141]
 [  0.           0.           0.           0.        ]
 [  0.           0.           0.           0.        ]
 [  0.           0.           0.           0.        ]
 [  0.           0.           0.           0.        ]
 [  0.           0.           0.           0.        ]
 [  0.           0.           0.           0.        ]
 [  0.           0.           0.           0.        ]
 [  0.           0.           0.           0.        ]
 [  0.           0.           0.           0.        ]
 [-23.87871742 -24.38452339 -17.17959595 -27.17539978]
 [  0.           0.           0.           0.        ]
 [  0.           0.           0.           0.        ]
 [  0.           0.           0.           0.        ]
 [  0.           0.           0.           0.        ]
 [  0.           0.           0.           0.        ]
 [  0.           0.           0.           0.        ]
 [  0.           0.           0.           0.        ]
 [  0.           0.           0.           0.        ]
 [  0.           0.           0.           0.        ]
 [-18.05116272 -18.33426285 -11.71861839 -22.36837578]
 [-23.94864464 -14.52361202 -12.43570423 -20.76995087]
 [-13.77658844 -11.82112122 -17.9990387  -16.88718796]
 [-12.79680538  -9.85919762 -12.05264187 -12.96688938]
 [  0.           0.           0.           0.        ]
 [  0.           0.           0.           0.        ]
 [  0.           0.           0.           0.        ]
 [  0.           0.           0.           0.        ]
 [  0.           0.           0.           0.        ]
 [-28.61192703 -23.52577209 -20.44934082 -27.85172081]
 [-14.80274487 -16.7520752  -15.24287605 -14.75311089]
 [  0.           0.           0.           0.        ]
 [-11.53248119 -12.38994026  -7.7292881  -11.2051363 ]
 [ -8.13481998  -7.68710136  -8.35791397  -7.3685317 ]
 [ -5.86987686  -3.92109823  -4.08206129  -5.86735439]
 [  0.           0.           0.           0.        ]
 [  0.           0.           0.           0.        ]
 [  0.           0.           0.           0.        ]
 [  0.           0.           0.           0.        ]
 [-21.50940132 -17.32294655 -16.75933838 -13.97423935]
 [-12.28204155  -9.74002361  -9.29943085 -10.6111908 ]
 [-11.684659   -10.79842281 -13.53594589 -14.18408203]
 [  0.           0.           0.           0.        ]
 [  0.           0.           0.           0.        ]
 [  0.           0.           0.           0.        ]
 [  0.           0.           0.           0.        ]
 [  0.           0.           0.           0.        ]
 [  0.           0.           0.           0.        ]
 [  0.           0.           0.           0.        ]
 [  0.           0.           0.           0.        ]
 [-15.75086689 -10.40972042 -13.46325493 -13.204669  ]
 [-10.02152443  -9.19470406  -8.16174603  -8.29811764]
 [ -7.95507145  -0.84138989  -2.91708374  -0.455331  ]
 [  0.00438328  -1.19468772  -2.30060625   0.0008314 ]
 [  0.           0.           0.           0.        ]
 [  0.           0.           0.           0.        ]
 [  0.           0.           0.           0.        ]
 [  0.           0.           0.           0.        ]
 [  0.           0.           0.           0.        ]
 [  0.           0.           0.           0.        ]
 [  0.           0.           0.           0.        ]
 [  0.           0.           0.           0.        ]
 [  0.00898065   0.50805408   0.50567311   0.00161347]
 [  0.           0.           0.           0.        ]
 [  0.           0.           0.           0.        ]
 [  0.           0.           0.           0.        ]
 [  0.           0.           0.           0.        ]
 [  0.           0.           0.           0.        ]
 [  0.           0.           0.           0.        ]
 [  0.           0.           0.           0.        ]
 [  0.           0.           0.           0.        ]
 [  0.           0.           0.           0.        ]
 [  0.           0.           0.           0.        ]
 [  0.           0.           0.           0.        ]
 [  0.           0.           0.           0.        ]
 [  0.           0.           0.           0.        ]
 [  0.           0.           0.           0.        ]
 [  0.           0.           0.           0.        ]
 [  0.           0.           0.           0.        ]
 [  0.           0.           0.           0.        ]
 [  0.           0.           0.           0.        ]
 [  0.           0.           0.           0.        ]
 [  0.           0.           0.           0.        ]
 [  0.           0.           0.           0.        ]
 [  0.           0.           0.           0.        ]]
Training  | Episode: 410000/1000000  | Episode Reward: -123.1667 | Epsilon: 0.3588 | Goal reached: 0
Training  | Episode: 420000/1000000  | Episode Reward: -202.6111 | Epsilon: 0.3499 | Goal reached: 0
Training  | Episode: 430000/1000000  | Episode Reward: -65.3889 | Epsilon: 0.3413 | Goal reached: 0
Training  | Episode: 440000/1000000  | Episode Reward: -112.3333 | Epsilon: 0.3329 | Goal reached: 0
Training  | Episode: 450000/1000000  | Episode Reward: -45.3889 | Epsilon: 0.3247 | Goal reached: 0
Training  | Episode: 460000/1000000  | Episode Reward: -45.3889 | Epsilon: 0.3166 | Goal reached: 0
Training  | Episode: 470000/1000000  | Episode Reward: -223.8889 | Epsilon: 0.3088 | Goal reached: 0
Training  | Episode: 480000/1000000  | Episode Reward: -48.4444 | Epsilon: 0.3012 | Goal reached: 0
Training  | Episode: 490000/1000000  | Episode Reward: -45.3889 | Epsilon: 0.2938 | Goal reached: 0
Training  | Episode: 500000/1000000  | Episode Reward: -148.4444 | Epsilon: 0.2865 | Goal reached: 1
[[-25.74501991 -20.78442192 -24.70655251 -26.75660515]
 [-26.99519348 -20.72219276 -33.09147263 -20.83163071]
 [-34.22761536 -32.8325882  -25.29556274 -19.61732483]
 [-22.6810112  -20.31177521 -20.95498848 -22.19881248]
 [-20.88845634 -23.00549126 -23.59792709 -25.00008965]
 [  0.           0.           0.           0.        ]
 [  0.           0.           0.           0.        ]
 [  0.           0.           0.           0.        ]
 [  0.           0.           0.           0.        ]
 [  0.           0.           0.           0.        ]
 [-36.48353958 -40.72999954 -36.71151733 -36.86766052]
 [  0.           0.           0.           0.        ]
 [  0.           0.           0.           0.        ]
 [-34.43781662 -33.02897644 -28.82771111 -31.41919327]
 [-27.77390289 -23.15703392 -24.67826271 -20.48710251]
 [-26.36979485 -21.06978226 -24.67819786 -32.43102264]
 [  0.           0.           0.           0.        ]
 [  0.           0.           0.           0.        ]
 [  0.           0.           0.           0.        ]
 [  0.           0.           0.           0.        ]
 [  0.           0.           0.           0.        ]
 [  0.           0.           0.           0.        ]
 [  0.           0.           0.           0.        ]
 [  0.           0.           0.           0.        ]
 [  0.           0.           0.           0.        ]
 [-24.15773582 -26.01613998 -18.54229355 -29.99366951]
 [  0.           0.           0.           0.        ]
 [  0.           0.           0.           0.        ]
 [  0.           0.           0.           0.        ]
 [  0.           0.           0.           0.        ]
 [  0.           0.           0.           0.        ]
 [  0.           0.           0.           0.        ]
 [  0.           0.           0.           0.        ]
 [  0.           0.           0.           0.        ]
 [  0.           0.           0.           0.        ]
 [-21.91844749 -16.49454498 -13.69893646 -18.66543961]
 [-21.06457138 -15.60703182 -22.73791885 -19.95378113]
 [-14.80720425 -13.52351952 -14.61297512 -14.34663773]
 [-16.93278122 -12.98849678 -13.49786568 -14.43499756]
 [  0.           0.           0.           0.        ]
 [  0.           0.           0.           0.        ]
 [  0.           0.           0.           0.        ]
 [  0.           0.           0.           0.        ]
 [  0.           0.           0.           0.        ]
 [-27.19521904 -23.86574364 -21.36760902 -24.1656971 ]
 [-10.91853046 -15.57322693 -13.21923447 -16.15241623]
 [  0.           0.           0.           0.        ]
 [-12.52940464 -11.16802216 -11.95066166 -12.28781414]
 [ -9.62675476 -10.53972149  -8.44068527  -8.30744839]
 [ -8.51819134  -8.16823292  -8.22835732  -9.56583118]
 [  0.           0.           0.           0.        ]
 [  0.           0.           0.           0.        ]
 [  0.           0.           0.           0.        ]
 [  0.           0.           0.           0.        ]
 [-21.63236427 -23.07208443 -15.56411934 -17.90386963]
 [-11.96803761  -8.72523689 -11.49991989 -12.36785126]
 [-15.07489586 -12.13282681 -16.6852684  -17.7067585 ]
 [  0.           0.           0.           0.        ]
 [  0.           0.           0.           0.        ]
 [  0.           0.           0.           0.        ]
 [  0.           0.           0.           0.        ]
 [  0.           0.           0.           0.        ]
 [  0.           0.           0.           0.        ]
 [  0.           0.           0.           0.        ]
 [  0.           0.           0.           0.        ]
 [-17.85665894 -14.68959427 -10.67608452 -17.2110939 ]
 [-10.97823524  -8.96287441  -8.55582237  -5.92653799]
 [ -7.95507145  -1.21270323  -2.91708374  -2.08442593]
 [ -2.7030201   -2.5521884   -3.43692327  -2.87305689]
 [  0.           0.           0.           0.        ]
 [  0.           0.           0.           0.        ]
 [  0.           0.           0.           0.        ]
 [  0.           0.           0.           0.        ]
 [  0.           0.           0.           0.        ]
 [  0.           0.           0.           0.        ]
 [  0.           0.           0.           0.        ]
 [  0.           0.           0.           0.        ]
 [ -0.7228148   -2.30010271  -0.24455099  -1.59441292]
 [  0.           0.           0.           0.        ]
 [  0.           0.           0.           0.        ]
 [  0.           0.           0.           0.        ]
 [  0.           0.           0.           0.        ]
 [  0.           0.           0.           0.        ]
 [  0.           0.           0.           0.        ]
 [  0.           0.           0.           0.        ]
 [  0.           0.           0.           0.        ]
 [  0.           0.           0.           0.        ]
 [  0.00093004  -1.74526381   0.50006515   0.00430842]
 [  0.           0.           0.           0.        ]
 [  0.           0.           0.           0.        ]
 [  0.           0.           0.           0.        ]
 [  0.           0.           0.           0.        ]
 [  0.           0.           0.           0.        ]
 [  0.           0.           0.           0.        ]
 [  0.           0.           0.           0.        ]
 [  0.           0.           0.           0.        ]
 [  0.           0.           0.           0.        ]
 [  0.00308381   0.5062089    0.50679451   0.00174326]
 [  0.00545896   0.50107753   0.50661415   0.00885117]
 [  0.           0.           0.           0.        ]]
Training  | Episode: 510000/1000000  | Episode Reward: -94.6667 | Epsilon: 0.2794 | Goal reached: 1
Training  | Episode: 520000/1000000  | Episode Reward: -254.7778 | Epsilon: 0.2725 | Goal reached: 1
Training  | Episode: 530000/1000000  | Episode Reward: -92.3333 | Epsilon: 0.2658 | Goal reached: 1
Training  | Episode: 540000/1000000  | Episode Reward: -150.5556 | Epsilon: 0.2592 | Goal reached: 1
Training  | Episode: 550000/1000000  | Episode Reward: -75.3889 | Epsilon: 0.2528 | Goal reached: 1
Training  | Episode: 560000/1000000  | Episode Reward: -90.5556 | Epsilon: 0.2466 | Goal reached: 1
Training  | Episode: 570000/1000000  | Episode Reward: -54.8333 | Epsilon: 0.2405 | Goal reached: 1
Training  | Episode: 580000/1000000  | Episode Reward: -272.3333 | Epsilon: 0.2346 | Goal reached: 1
Training  | Episode: 590000/1000000  | Episode Reward: -65.2222 | Epsilon: 0.2288 | Goal reached: 1
Training  | Episode: 600000/1000000  | Episode Reward: -73.1667 | Epsilon: 0.2231 | Goal reached: 1
[[-26.62026787 -24.98074722 -26.17038536 -26.4391861 ]
 [-31.72316551 -29.77474976 -34.0500946  -22.84206009]
 [-27.77025986 -28.20040894 -28.00971222 -21.20475388]
 [-22.43369484 -21.90202522 -21.4504776  -22.02458763]
 [-19.68640518 -28.26311111 -22.93754768 -24.84245872]
 [  0.           0.           0.           0.        ]
 [  0.           0.           0.           0.        ]
 [  0.           0.           0.           0.        ]
 [  0.           0.           0.           0.        ]
 [  0.           0.           0.           0.        ]
 [-31.5122242  -42.03197861 -39.43328094 -38.36023331]
 [  0.           0.           0.           0.        ]
 [  0.           0.           0.           0.        ]
 [-32.46686554 -29.27168274 -27.21295357 -32.0446434 ]
 [-26.22026062 -21.56382751 -26.91399193 -19.38943863]
 [-18.11710358 -25.4802227  -29.45030785 -26.6694603 ]
 [  0.           0.           0.           0.        ]
 [  0.           0.           0.           0.        ]
 [  0.           0.           0.           0.        ]
 [  0.           0.           0.           0.        ]
 [  0.           0.           0.           0.        ]
 [  0.           0.           0.           0.        ]
 [  0.           0.           0.           0.        ]
 [  0.           0.           0.           0.        ]
 [  0.           0.           0.           0.        ]
 [-24.76517105 -28.07373619 -17.2905941  -29.03065109]
 [  0.           0.           0.           0.        ]
 [  0.           0.           0.           0.        ]
 [  0.           0.           0.           0.        ]
 [  0.           0.           0.           0.        ]
 [  0.           0.           0.           0.        ]
 [  0.           0.           0.           0.        ]
 [  0.           0.           0.           0.        ]
 [  0.           0.           0.           0.        ]
 [  0.           0.           0.           0.        ]
 [-22.09680748 -25.43982697 -12.93740654 -19.31317139]
 [-19.16385651 -18.36089516 -20.38747597 -15.35841846]
 [-14.44678974 -10.53739929 -15.14080143 -14.96271515]
 [-16.80981255 -11.19391346 -13.19487762 -15.13845921]
 [  0.           0.           0.           0.        ]
 [  0.           0.           0.           0.        ]
 [  0.           0.           0.           0.        ]
 [  0.           0.           0.           0.        ]
 [  0.           0.           0.           0.        ]
 [-23.36022568 -20.95914841 -23.08679771 -22.91090012]
 [-15.73010826 -15.38836384 -16.51570129 -15.84476376]
 [  0.           0.           0.           0.        ]
 [-14.3635006  -14.84240627 -10.27114296 -16.28717232]
 [-11.18233776 -10.63882923 -10.73281479 -10.79879093]
 [-11.08516026 -10.03441429 -11.12177944 -10.91529751]
 [  0.           0.           0.           0.        ]
 [  0.           0.           0.           0.        ]
 [  0.           0.           0.           0.        ]
 [  0.           0.           0.           0.        ]
 [-22.68854523 -19.67902184 -19.00994492 -18.91364479]
 [-11.85839176 -12.07581425 -12.02452946 -12.05501175]
 [-15.40556526 -11.45623207 -13.47564125 -16.63945007]
 [  0.           0.           0.           0.        ]
 [  0.           0.           0.           0.        ]
 [  0.           0.           0.           0.        ]
 [  0.           0.           0.           0.        ]
 [  0.           0.           0.           0.        ]
 [  0.           0.           0.           0.        ]
 [  0.           0.           0.           0.        ]
 [  0.           0.           0.           0.        ]
 [-16.66762352 -16.59322739 -11.40913486 -16.348629  ]
 [-11.13826942 -10.41191483 -11.24354553  -8.27017117]
 [ -7.94002771  -5.17769289  -5.14415836  -5.28798723]
 [ -3.75811982  -3.63745451  -3.43692327  -4.26130104]
 [  0.           0.           0.           0.        ]
 [  0.           0.           0.           0.        ]
 [  0.           0.           0.           0.        ]
 [  0.           0.           0.           0.        ]
 [  0.           0.           0.           0.        ]
 [  0.           0.           0.           0.        ]
 [  0.           0.           0.           0.        ]
 [  0.           0.           0.           0.        ]
 [ -3.13980675  -2.30010271  -2.3931272   -3.98207664]
 [  0.           0.           0.           0.        ]
 [  0.           0.           0.           0.        ]
 [  0.           0.           0.           0.        ]
 [  0.           0.           0.           0.        ]
 [  0.           0.           0.           0.        ]
 [  0.           0.           0.           0.        ]
 [  0.           0.           0.           0.        ]
 [  0.           0.           0.           0.        ]
 [  0.           0.           0.           0.        ]
 [  0.00093004  -1.74526381   0.50006515   0.00430842]
 [  0.           0.           0.           0.        ]
 [  0.           0.           0.           0.        ]
 [  0.           0.           0.           0.        ]
 [  0.           0.           0.           0.        ]
 [  0.           0.           0.           0.        ]
 [  0.           0.           0.           0.        ]
 [  0.           0.           0.           0.        ]
 [  0.           0.           0.           0.        ]
 [  0.           0.           0.           0.        ]
 [  0.00308381   0.5062089    0.50679451   0.00174326]
 [  0.00545896   0.50107753   0.50661415   0.00885117]
