___ACTION___
gamma:  0.6 learning rate:  0.01 eps decay:  0.99999
[[b'S' b'H' b'H' b'H' b'H' b'H' b'H' b'F' b'F' b'H']
 [b'F' b'F' b'F' b'F' b'F' b'H' b'F' b'H' b'H' b'H']
 [b'F' b'F' b'F' b'F' b'H' b'F' b'F' b'H' b'F' b'F']
 [b'H' b'H' b'H' b'F' b'F' b'F' b'F' b'H' b'H' b'H']
 [b'F' b'H' b'H' b'F' b'H' b'F' b'H' b'H' b'F' b'H']
 [b'F' b'F' b'H' b'H' b'H' b'F' b'F' b'F' b'H' b'H']
 [b'H' b'H' b'H' b'F' b'H' b'F' b'F' b'F' b'H' b'H']
 [b'F' b'H' b'H' b'H' b'F' b'F' b'H' b'H' b'H' b'H']
 [b'H' b'H' b'H' b'F' b'F' b'F' b'F' b'F' b'F' b'F']
 [b'F' b'H' b'F' b'H' b'H' b'H' b'F' b'F' b'H' b'G']]
[<tf.Variable 'q_a_s/weights:0' shape=(100, 4) dtype=float32, numpy=
array([[0.00160849, 0.00609947, 0.00243577, 0.00924854],
       [0.0091456 , 0.00820517, 0.00374835, 0.00978086],
       [0.00490532, 0.00713899, 0.00206643, 0.00934299],
       [0.00004181, 0.00951352, 0.00893118, 0.00231432],
       [0.00104067, 0.00619892, 0.00242056, 0.00611691],
       [0.00797505, 0.00813829, 0.00646933, 0.00389503],
       [0.00919999, 0.00251806, 0.00944207, 0.0052792 ],
       [0.00862415, 0.00415897, 0.00183983, 0.00109567],
       [0.00491487, 0.00850853, 0.0069925 , 0.00421019],
       [0.00649455, 0.00800829, 0.00032527, 0.00219531],
       [0.00951415, 0.00464841, 0.00140199, 0.00692888],
       [0.0063241 , 0.00365689, 0.00293678, 0.00904484],
       [0.00193939, 0.00335448, 0.00605417, 0.00476572],
       [0.00209065, 0.00296078, 0.00304751, 0.00942384],
       [0.00655917, 0.00928899, 0.00178211, 0.00855292],
       [0.00979548, 0.00426382, 0.00011228, 0.00719987],
       [0.00245314, 0.00856058, 0.00017637, 0.00911224],
       [0.00975206, 0.00970453, 0.00882825, 0.00665464],
       [0.00356701, 0.00910232, 0.00730497, 0.00847696],
       [0.00354725, 0.00057592, 0.00103763, 0.00277668],
       [0.00805794, 0.00588442, 0.00810491, 0.00024714],
       [0.0099543 , 0.00075134, 0.00675896, 0.00785097],
       [0.00736865, 0.00923089, 0.00396853, 0.00205153],
       [0.00223011, 0.00346572, 0.00025353, 0.00070742],
       [0.00585097, 0.00826551, 0.00464687, 0.00164495],
       [0.00194578, 0.00035297, 0.00187444, 0.00992121],
       [0.00304742, 0.00694774, 0.00461772, 0.00404298],
       [0.0009103 , 0.00079317, 0.00991307, 0.00147655],
       [0.00781004, 0.00357466, 0.00847899, 0.00914408],
       [0.00892614, 0.00984639, 0.00915853, 0.00400752],
       [0.00075164, 0.006796  , 0.00405302, 0.00820509],
       [0.00191611, 0.00058658, 0.00738335, 0.00804822],
       [0.00443599, 0.00911954, 0.00182622, 0.00450494],
       [0.00501806, 0.00252395, 0.0066912 , 0.00877912],
       [0.00716834, 0.00405304, 0.00905297, 0.00816841],
       [0.00818956, 0.00467043, 0.00112628, 0.00419924],
       [0.00149344, 0.00938671, 0.00316164, 0.00437188],
       [0.00074927, 0.00445185, 0.00675734, 0.00421758],
       [0.00327608, 0.00972915, 0.00738592, 0.00651743],
       [0.00454303, 0.00270562, 0.00997612, 0.00926505],
       [0.00342872, 0.00135836, 0.00529022, 0.00873945],
       [0.00217815, 0.00355819, 0.00518979, 0.00245294],
       [0.00653348, 0.00942532, 0.00119457, 0.0020156 ],
       [0.00924804, 0.00491644, 0.00114537, 0.00041695],
       [0.00033323, 0.00735656, 0.00401918, 0.00971638],
       [0.00895475, 0.00641864, 0.00307459, 0.00826754],
       [0.00719594, 0.00443322, 0.00410252, 0.00627713],
       [0.00376722, 0.00133854, 0.00119442, 0.00093505],
       [0.00806165, 0.00945542, 0.00611937, 0.00386298],
       [0.00299156, 0.0098695 , 0.00920198, 0.0054823 ],
       [0.00739653, 0.00382498, 0.00651972, 0.0069122 ],
       [0.00453977, 0.00036007, 0.00975887, 0.00125392],
       [0.00018458, 0.00235802, 0.00957152, 0.00558245],
       [0.00292489, 0.00951873, 0.00924722, 0.00691981],
       [0.00818373, 0.00518654, 0.00947979, 0.00599131],
       [0.00749667, 0.00802107, 0.00433442, 0.00281956],
       [0.00635199, 0.00106009, 0.00914863, 0.00846502],
       [0.0042001 , 0.00528536, 0.00457499, 0.00104106],
       [0.00223781, 0.00091294, 0.00728166, 0.00143816],
       [0.00475111, 0.0059582 , 0.00312671, 0.00980144],
       [0.00479537, 0.00118827, 0.00315663, 0.00458715],
       [0.00349196, 0.00025082, 0.00833343, 0.00634105],
       [0.00644029, 0.00107978, 0.00237318, 0.00467485],
       [0.00605731, 0.00883871, 0.0010519 , 0.00556729],
       [0.00799993, 0.00784409, 0.00307554, 0.00799328],
       [0.00412333, 0.00571168, 0.00342552, 0.0074744 ],
       [0.00430011, 0.00759307, 0.00398807, 0.00582108],
       [0.0008994 , 0.00205778, 0.00292575, 0.00848959],
       [0.00141733, 0.00786498, 0.00562775, 0.00448851],
       [0.00064339, 0.00768981, 0.00254835, 0.00430781],
       [0.00712096, 0.0050447 , 0.00173399, 0.00001691],
       [0.00800208, 0.00008364, 0.00647839, 0.00648429],
       [0.00250576, 0.00029656, 0.00091315, 0.00994556],
       [0.00155743, 0.00745022, 0.00853997, 0.00826623],
       [0.00344084, 0.00386929, 0.00416004, 0.00095859],
       [0.00698796, 0.00124131, 0.00120596, 0.00889059],
       [0.00730695, 0.00119085, 0.00476305, 0.00317874],
       [0.00078007, 0.00741629, 0.00240048, 0.00190277],
       [0.00989662, 0.00548258, 0.00759755, 0.00843509],
       [0.00308522, 0.00062197, 0.00826257, 0.00364357],
       [0.00574975, 0.00483398, 0.00560425, 0.00632037],
       [0.00389429, 0.00450018, 0.00493267, 0.00908485],
       [0.00292739, 0.00355781, 0.00832146, 0.00890861],
       [0.00682392, 0.00110353, 0.00011906, 0.00933809],
       [0.00891665, 0.00262361, 0.00460377, 0.00134499],
       [0.00270728, 0.00887923, 0.00383299, 0.00609956],
       [0.00662506, 0.00977021, 0.00274765, 0.00530609],
       [0.00613917, 0.00912397, 0.00372886, 0.00842899],
       [0.00535368, 0.00999076, 0.0011009 , 0.00123587],
       [0.00209734, 0.00891824, 0.00031973, 0.00228104],
       [0.00180726, 0.00809237, 0.00982402, 0.00667558],
       [0.00060593, 0.0097236 , 0.00419508, 0.00387505],
       [0.00567496, 0.00275265, 0.00826456, 0.00024592],
       [0.00823867, 0.00413236, 0.00027297, 0.00149228],
       [0.00792337, 0.00964219, 0.00233191, 0.00317976],
       [0.00728307, 0.00524091, 0.00272728, 0.005804  ],
       [0.00953668, 0.00778837, 0.00968541, 0.00589838],
       [0.00222213, 0.00205728, 0.00777586, 0.0036331 ],
       [0.0089461 , 0.0035037 , 0.00599631, 0.00171957],
       [0.00526329, 0.00186359, 0.00777503, 0.00197733]], dtype=float32)>]
Training  | Episode: 0/1000000  | Episode Reward: -64.0000 | Epsilon: 0.2000 | Goal reached: 0
[[ 0.00160849  0.00609947  0.00243577  0.00924854]
 [ 0.          0.          0.          0.        ]
 [ 0.          0.          0.          0.        ]
 [ 0.          0.          0.          0.        ]
 [ 0.          0.          0.          0.        ]
 [ 0.          0.          0.          0.        ]
 [ 0.          0.          0.          0.        ]
 [ 0.          0.          0.          0.        ]
 [ 0.          0.          0.          0.        ]
 [ 0.          0.          0.          0.        ]
 [ 0.00951415  0.00464841  0.00140199  0.00692888]
 [ 0.0063241   0.00365689  0.00293678  0.00904484]
 [ 0.          0.          0.          0.        ]
 [ 0.          0.          0.          0.        ]
 [ 0.          0.          0.          0.        ]
 [ 0.          0.          0.          0.        ]
 [ 0.          0.          0.          0.        ]
 [ 0.          0.          0.          0.        ]
 [ 0.          0.          0.          0.        ]
 [ 0.          0.          0.          0.        ]
 [ 0.          0.          0.          0.        ]
 [ 0.0099543   0.00075134 -0.01326545  0.00785097]
 [ 0.00736865  0.00923089  0.00396853  0.00205153]
 [ 0.          0.          0.          0.        ]
 [ 0.          0.          0.          0.        ]
 [ 0.          0.          0.          0.        ]
 [ 0.          0.          0.          0.        ]
 [ 0.          0.          0.          0.        ]
 [ 0.          0.          0.          0.        ]
 [ 0.          0.          0.          0.        ]
 [ 0.          0.          0.          0.        ]
 [ 0.          0.          0.          0.        ]
 [ 0.          0.          0.          0.        ]
 [ 0.          0.          0.          0.        ]
 [ 0.          0.          0.          0.        ]
 [ 0.          0.          0.          0.        ]
 [ 0.          0.          0.          0.        ]
 [ 0.          0.          0.          0.        ]
 [ 0.          0.          0.          0.        ]
 [ 0.          0.          0.          0.        ]
 [ 0.          0.          0.          0.        ]
 [ 0.          0.          0.          0.        ]
 [ 0.          0.          0.          0.        ]
 [ 0.          0.          0.          0.        ]
 [ 0.          0.          0.          0.        ]
 [ 0.          0.          0.          0.        ]
 [ 0.          0.          0.          0.        ]
 [ 0.          0.          0.          0.        ]
 [ 0.          0.          0.          0.        ]
 [ 0.          0.          0.          0.        ]
 [ 0.          0.          0.          0.        ]
 [ 0.          0.          0.          0.        ]
 [ 0.          0.          0.          0.        ]
 [ 0.          0.          0.          0.        ]
 [ 0.          0.          0.          0.        ]
 [ 0.          0.          0.          0.        ]
 [ 0.          0.          0.          0.        ]
 [ 0.          0.          0.          0.        ]
 [ 0.          0.          0.          0.        ]
 [ 0.          0.          0.          0.        ]
 [ 0.          0.          0.          0.        ]
 [ 0.          0.          0.          0.        ]
 [ 0.          0.          0.          0.        ]
 [ 0.          0.          0.          0.        ]
 [ 0.          0.          0.          0.        ]
 [ 0.          0.          0.          0.        ]
 [ 0.          0.          0.          0.        ]
 [ 0.          0.          0.          0.        ]
 [ 0.          0.          0.          0.        ]
 [ 0.          0.          0.          0.        ]
 [ 0.          0.          0.          0.        ]
 [ 0.          0.          0.          0.        ]
 [ 0.          0.          0.          0.        ]
 [ 0.          0.          0.          0.        ]
 [ 0.          0.          0.          0.        ]
 [ 0.          0.          0.          0.        ]
 [ 0.          0.          0.          0.        ]
 [ 0.          0.          0.          0.        ]
 [ 0.          0.          0.          0.        ]
 [ 0.          0.          0.          0.        ]
 [ 0.          0.          0.          0.        ]
 [ 0.          0.          0.          0.        ]
 [ 0.          0.          0.          0.        ]
 [ 0.          0.          0.          0.        ]
 [ 0.          0.          0.          0.        ]
 [ 0.          0.          0.          0.        ]
 [ 0.          0.          0.          0.        ]
 [ 0.          0.          0.          0.        ]
 [ 0.          0.          0.          0.        ]
 [ 0.          0.          0.          0.        ]
 [ 0.          0.          0.          0.        ]
 [ 0.          0.          0.          0.        ]
 [ 0.          0.          0.          0.        ]
 [ 0.          0.          0.          0.        ]
 [ 0.          0.          0.          0.        ]
 [ 0.          0.          0.          0.        ]
 [ 0.          0.          0.          0.        ]
 [ 0.          0.          0.          0.        ]
 [ 0.          0.          0.          0.        ]
 [ 0.          0.          0.          0.        ]]
Training  | Episode: 10000/1000000  | Episode Reward: -71.0000 | Epsilon: 0.2000 | Goal reached: 0
Training  | Episode: 20000/1000000  | Episode Reward: -70.0000 | Epsilon: 0.2000 | Goal reached: 0
Training  | Episode: 30000/1000000  | Episode Reward: -50.0000 | Epsilon: 0.2000 | Goal reached: 0
Training  | Episode: 40000/1000000  | Episode Reward: -65.0000 | Epsilon: 0.2000 | Goal reached: 0
Training  | Episode: 50000/1000000  | Episode Reward: -52.0000 | Epsilon: 0.2000 | Goal reached: 0
Training  | Episode: 60000/1000000  | Episode Reward: -66.0000 | Epsilon: 0.2000 | Goal reached: 0
Training  | Episode: 70000/1000000  | Episode Reward: -50.0000 | Epsilon: 0.2000 | Goal reached: 0
Training  | Episode: 80000/1000000  | Episode Reward: -71.0000 | Epsilon: 0.2000 | Goal reached: 0
Training  | Episode: 90000/1000000  | Episode Reward: -83.0000 | Epsilon: 0.2000 | Goal reached: 0
Training  | Episode: 100000/1000000  | Episode Reward: -62.0000 | Epsilon: 0.2000 | Goal reached: 0
[[  0.00160849 -21.56170654 -21.29615593   0.00924854]
 [  0.           0.           0.           0.        ]
 [  0.           0.           0.           0.        ]
 [  0.           0.           0.           0.        ]
 [  0.           0.           0.           0.        ]
 [  0.           0.           0.           0.        ]
 [  0.           0.           0.           0.        ]
 [  0.           0.           0.           0.        ]
 [  0.           0.           0.           0.        ]
 [  0.           0.           0.           0.        ]
 [  0.00951415  -5.20420456  -3.06365085   0.00692888]
 [  0.0063241   -5.34403181 -17.4537487    0.00904484]
 [  0.00193939  -6.02942896 -23.30309868   0.00476572]
 [  0.00209065  -5.09865141 -19.07746124   0.00942384]
 [  0.00655917 -35.44116974 -49.99459457   0.00855292]
 [  0.           0.           0.           0.        ]
 [  0.00245314  -6.71585846  -4.47632027   0.00911224]
 [  0.           0.           0.           0.        ]
 [  0.           0.           0.           0.        ]
 [  0.           0.           0.           0.        ]
 [  0.00805794 -21.86664581 -21.39924622   0.00024714]
 [  0.0099543  -18.30281067 -17.4812603    0.00785097]
 [  0.00736865 -23.11882401 -17.93797493   0.00205153]
 [  0.00223011 -22.86583328 -19.9503212    0.00070742]
 [  0.           0.           0.           0.        ]
 [  0.00194578 -14.31293392 -15.11226273   0.00992121]
 [  0.00304742 -13.50788021 -10.76986313   0.00404298]
 [  0.           0.           0.           0.        ]
 [  0.           0.           0.           0.        ]
 [  0.           0.           0.           0.        ]
 [  0.           0.           0.           0.        ]
 [  0.           0.           0.           0.        ]
 [  0.           0.           0.           0.        ]
 [  0.00501806 -17.88602448  -4.76251936   0.00877912]
 [  0.00716834 -22.11620331 -34.72290802   0.00816841]
 [  0.00818956  -4.703022    -2.08487916   0.00419924]
 [  0.00149344 -31.64615059 -31.4723053    0.00437188]
 [  0.           0.           0.           0.        ]
 [  0.           0.           0.           0.        ]
 [  0.           0.           0.           0.        ]
 [  0.           0.           0.           0.        ]
 [  0.           0.           0.           0.        ]
 [  0.           0.           0.           0.        ]
 [  0.00924804 -49.85153961 -35.32128143   0.00041695]
 [  0.           0.           0.           0.        ]
 [  0.00895475 -22.53914833 -21.83836746   0.00826754]
 [  0.           0.           0.           0.        ]
 [  0.           0.           0.           0.        ]
 [  0.           0.           0.           0.        ]
 [  0.           0.           0.           0.        ]
 [  0.           0.           0.           0.        ]
 [  0.           0.           0.           0.        ]
 [  0.           0.           0.           0.        ]
 [  0.           0.           0.           0.        ]
 [  0.           0.           0.           0.        ]
 [  0.00749667  -7.52004051  -2.86889672   0.00281956]
 [  0.00635199  -1.4501363   -3.7441051    0.00846502]
 [  0.0042001   -2.46176767  -2.95465112   0.00104106]
 [  0.           0.           0.           0.        ]
 [  0.           0.           0.           0.        ]
 [  0.           0.           0.           0.        ]
 [  0.           0.           0.           0.        ]
 [  0.           0.           0.           0.        ]
 [  0.           0.           0.           0.        ]
 [  0.           0.           0.           0.        ]
 [  0.00412333  -1.26669455  -1.33079052   0.0074744 ]
 [  0.00430011  -4.97100687  -3.05471373   0.00582108]
 [  0.0008994   -3.87933779  -4.69018364   0.00848959]
 [  0.           0.           0.           0.        ]
 [  0.           0.           0.           0.        ]
 [  0.           0.           0.           0.        ]
 [  0.           0.           0.           0.        ]
 [  0.           0.           0.           0.        ]
 [  0.           0.           0.           0.        ]
 [  0.00344084   0.00386929   0.00416004   0.00095859]
 [  0.00698796  -1.9589653   -1.1785866    0.00889059]
 [  0.           0.           0.           0.        ]
 [  0.           0.           0.           0.        ]
 [  0.           0.           0.           0.        ]
 [  0.           0.           0.           0.        ]
 [  0.           0.           0.           0.        ]
 [  0.           0.           0.           0.        ]
 [  0.           0.           0.           0.        ]
 [  0.           0.           0.           0.        ]
 [  0.           0.           0.           0.        ]
 [  0.00270728  -0.99121088  -0.21569721   0.00609956]
 [  0.00662506   0.00977021   0.00274765   0.00530609]
 [  0.           0.           0.           0.        ]
 [  0.           0.           0.           0.        ]
 [  0.           0.           0.           0.        ]
 [  0.           0.           0.           0.        ]
 [  0.           0.           0.           0.        ]
 [  0.           0.           0.           0.        ]
 [  0.           0.           0.           0.        ]
 [  0.           0.           0.           0.        ]
 [  0.           0.           0.           0.        ]
 [  0.           0.           0.           0.        ]
 [  0.           0.           0.           0.        ]
 [  0.           0.           0.           0.        ]
 [  0.           0.           0.           0.        ]]
Training  | Episode: 110000/1000000  | Episode Reward: -54.0000 | Epsilon: 0.2000 | Goal reached: 0
Training  | Episode: 120000/1000000  | Episode Reward: -50.0000 | Epsilon: 0.2000 | Goal reached: 0
Training  | Episode: 130000/1000000  | Episode Reward: -60.0000 | Epsilon: 0.2000 | Goal reached: 0
Training  | Episode: 140000/1000000  | Episode Reward: -82.0000 | Epsilon: 0.2000 | Goal reached: 0
Training  | Episode: 150000/1000000  | Episode Reward: -50.0000 | Epsilon: 0.2000 | Goal reached: 0
Training  | Episode: 160000/1000000  | Episode Reward: -63.0000 | Epsilon: 0.2000 | Goal reached: 0
Training  | Episode: 170000/1000000  | Episode Reward: -50.0000 | Epsilon: 0.2000 | Goal reached: 0
Training  | Episode: 180000/1000000  | Episode Reward: -70.0000 | Epsilon: 0.2000 | Goal reached: 0
Training  | Episode: 190000/1000000  | Episode Reward: -103.0000 | Epsilon: 0.2000 | Goal reached: 0
Training  | Episode: 200000/1000000  | Episode Reward: -112.0000 | Epsilon: 0.2000 | Goal reached: 0
[[  0.00160849 -20.96400642 -19.7701416    0.00924854]
 [  0.           0.           0.           0.        ]
 [  0.           0.           0.           0.        ]
 [  0.           0.           0.           0.        ]
 [  0.           0.           0.           0.        ]
 [  0.           0.           0.           0.        ]
 [  0.           0.           0.           0.        ]
 [  0.           0.           0.           0.        ]
 [  0.           0.           0.           0.        ]
 [  0.           0.           0.           0.        ]
 [  0.00951415  -4.9359498   -2.39202571   0.00692888]
 [  0.0063241   -4.995502   -17.38505745   0.00904484]
 [  0.00193939  -4.58099079 -14.93868351   0.00476572]
 [  0.00209065  -4.381464   -20.59086609   0.00942384]
 [  0.00655917 -35.10432053 -49.9952507    0.00855292]
 [  0.           0.           0.           0.        ]
 [  0.00245314  -9.39500904 -11.37709045   0.00911224]
 [  0.           0.           0.           0.        ]
 [  0.           0.           0.           0.        ]
 [  0.           0.           0.           0.        ]
 [  0.00805794 -19.93099594 -23.821558     0.00024714]
 [  0.0099543  -22.05948448 -20.49543571   0.00785097]
 [  0.00736865 -21.11481094 -17.89043236   0.00205153]
 [  0.00223011 -18.83381844 -22.43643188   0.00070742]
 [  0.           0.           0.           0.        ]
 [  0.00194578 -17.31857872 -19.15789223   0.00992121]
 [  0.00304742 -17.93665886 -16.65173721   0.00404298]
 [  0.           0.           0.           0.        ]
 [  0.           0.           0.           0.        ]
 [  0.           0.           0.           0.        ]
 [  0.           0.           0.           0.        ]
 [  0.           0.           0.           0.        ]
 [  0.           0.           0.           0.        ]
 [  0.00501806 -18.81369972  -4.83555317   0.00877912]
 [  0.00716834 -17.25729942 -36.29611206   0.00816841]
 [  0.00818956  -4.10926628  -2.12091756   0.00419924]
 [  0.00149344 -39.11913681 -37.36414719   0.00437188]
 [  0.           0.           0.           0.        ]
 [  0.           0.           0.           0.        ]
 [  0.           0.           0.           0.        ]
 [  0.           0.           0.           0.        ]
 [  0.           0.           0.           0.        ]
 [  0.           0.           0.           0.        ]
 [  0.00924804 -49.99330902 -35.23041534   0.00041695]
 [  0.           0.           0.           0.        ]
 [  0.00895475 -27.66779518 -22.1030426    0.00826754]
 [  0.           0.           0.           0.        ]
 [  0.           0.           0.           0.        ]
 [  0.           0.           0.           0.        ]
 [  0.           0.           0.           0.        ]
 [  0.           0.           0.           0.        ]
 [  0.           0.           0.           0.        ]
 [  0.           0.           0.           0.        ]
 [  0.           0.           0.           0.        ]
 [  0.           0.           0.           0.        ]
 [  0.00749667  -9.54665661  -4.4040761    0.00281956]
 [  0.00635199  -3.99922895  -6.85275555   0.00846502]
 [  0.0042001   -7.39476442  -7.47662878   0.00104106]
 [  0.           0.           0.           0.        ]
 [  0.           0.           0.           0.        ]
 [  0.           0.           0.           0.        ]
 [  0.           0.           0.           0.        ]
 [  0.           0.           0.           0.        ]
 [  0.           0.           0.           0.        ]
 [  0.           0.           0.           0.        ]
 [  0.00412333  -3.32846904  -2.72914338   0.0074744 ]
 [  0.00430011  -7.70866871  -7.298913     0.00582108]
 [  0.0008994   -9.23775291  -9.10714245   0.00848959]
 [  0.           0.           0.           0.        ]
 [  0.           0.           0.           0.        ]
 [  0.           0.           0.           0.        ]
 [  0.           0.           0.           0.        ]
 [  0.           0.           0.           0.        ]
 [  0.           0.           0.           0.        ]
 [  0.00344084  -0.0161011   -0.9958272    0.00095859]
 [  0.00698796  -3.82466197  -3.11214352   0.00889059]
 [  0.           0.           0.           0.        ]
 [  0.           0.           0.           0.        ]
 [  0.           0.           0.           0.        ]
 [  0.           0.           0.           0.        ]
 [  0.           0.           0.           0.        ]
 [  0.           0.           0.           0.        ]
 [  0.           0.           0.           0.        ]
 [  0.           0.           0.           0.        ]
 [  0.00891665   0.00262361  -0.99537253   0.00134499]
 [  0.00270728  -1.97136664  -1.21129572   0.00609956]
 [  0.00662506   0.00977021   0.00274765   0.00530609]
 [  0.           0.           0.           0.        ]
 [  0.           0.           0.           0.        ]
 [  0.           0.           0.           0.        ]
 [  0.           0.           0.           0.        ]
 [  0.           0.           0.           0.        ]
 [  0.           0.           0.           0.        ]
 [  0.           0.           0.           0.        ]
 [  0.           0.           0.           0.        ]
 [  0.           0.           0.           0.        ]
 [  0.           0.           0.           0.        ]
 [  0.           0.           0.           0.        ]
 [  0.           0.           0.           0.        ]
 [  0.           0.           0.           0.        ]]
Training  | Episode: 210000/1000000  | Episode Reward: -50.0000 | Epsilon: 0.2000 | Goal reached: 0
Training  | Episode: 220000/1000000  | Episode Reward: -62.0000 | Epsilon: 0.2000 | Goal reached: 0
Training  | Episode: 230000/1000000  | Episode Reward: -50.0000 | Epsilon: 0.2000 | Goal reached: 0
Training  | Episode: 240000/1000000  | Episode Reward: -50.0000 | Epsilon: 0.2000 | Goal reached: 0
Training  | Episode: 250000/1000000  | Episode Reward: -50.0000 | Epsilon: 0.2000 | Goal reached: 0
Training  | Episode: 260000/1000000  | Episode Reward: -50.0000 | Epsilon: 0.2000 | Goal reached: 0
Training  | Episode: 270000/1000000  | Episode Reward: -111.0000 | Epsilon: 0.2000 | Goal reached: 0
Training  | Episode: 280000/1000000  | Episode Reward: -57.0000 | Epsilon: 0.2000 | Goal reached: 0
Training  | Episode: 290000/1000000  | Episode Reward: -50.0000 | Epsilon: 0.2000 | Goal reached: 0
Training  | Episode: 300000/1000000  | Episode Reward: -71.0000 | Epsilon: 0.2000 | Goal reached: 0
[[  0.00160849 -26.67096329 -19.045784     0.00924854]
 [  0.           0.           0.           0.        ]
 [  0.           0.           0.           0.        ]
 [  0.           0.           0.           0.        ]
 [  0.           0.           0.           0.        ]
 [  0.           0.           0.           0.        ]
 [  0.           0.           0.           0.        ]
 [  0.           0.           0.           0.        ]
 [  0.           0.           0.           0.        ]
 [  0.           0.           0.           0.        ]
 [  0.00951415  -5.03659105  -3.10178709   0.00692888]
 [  0.0063241   -4.97198582 -19.78602409   0.00904484]
 [  0.00193939  -4.59271669 -16.40137482   0.00476572]
 [  0.00209065  -4.61183262 -21.91612244   0.00942384]
 [  0.00655917 -39.04469299 -49.995121     0.00855292]
 [  0.           0.           0.           0.        ]
 [  0.00245314 -18.96285439 -18.44121742   0.00911224]
 [  0.           0.           0.           0.        ]
 [  0.           0.           0.           0.        ]
 [  0.           0.           0.           0.        ]
 [  0.00805794 -24.16119194 -22.23813057   0.00024714]
 [  0.0099543  -21.42838669 -21.08099365   0.00785097]
 [  0.00736865 -22.63643074 -20.53222466   0.00205153]
 [  0.00223011 -15.61836147 -21.6622448    0.00070742]
 [  0.           0.           0.           0.        ]
 [  0.00194578 -20.84851456 -20.77414513   0.00992121]
 [  0.00304742 -15.24709129 -15.44001007   0.00404298]
 [  0.           0.           0.           0.        ]
 [  0.           0.           0.           0.        ]
 [  0.           0.           0.           0.        ]
 [  0.           0.           0.           0.        ]
 [  0.           0.           0.           0.        ]
 [  0.           0.           0.           0.        ]
 [  0.00501806 -15.379879    -4.6629262    0.00877912]
 [  0.00716834 -20.07705116 -34.29441452   0.00816841]
 [  0.00818956  -4.26866293  -2.01149416   0.00419924]
 [  0.00149344 -38.36639786 -33.65237045   0.00437188]
 [  0.           0.           0.           0.        ]
 [  0.           0.           0.           0.        ]
 [  0.           0.           0.           0.        ]
 [  0.           0.           0.           0.        ]
 [  0.           0.           0.           0.        ]
 [  0.           0.           0.           0.        ]
 [  0.00924804 -49.99425507 -36.78986359   0.00041695]
 [  0.           0.           0.           0.        ]
 [  0.00895475 -32.7340889  -22.70055008   0.00826754]
 [  0.           0.           0.           0.        ]
 [  0.           0.           0.           0.        ]
 [  0.           0.           0.           0.        ]
 [  0.           0.           0.           0.        ]
 [  0.           0.           0.           0.        ]
 [  0.           0.           0.           0.        ]
 [  0.           0.           0.           0.        ]
 [  0.           0.           0.           0.        ]
 [  0.           0.           0.           0.        ]
 [  0.00749667  -9.9455986   -4.47018909   0.00281956]
 [  0.00635199  -4.0811038   -9.5550108    0.00846502]
 [  0.0042001  -11.08187199 -11.70581627   0.00104106]
 [  0.           0.           0.           0.        ]
 [  0.           0.           0.           0.        ]
 [  0.           0.           0.           0.        ]
 [  0.           0.           0.           0.        ]
 [  0.           0.           0.           0.        ]
 [  0.           0.           0.           0.        ]
 [  0.           0.           0.           0.        ]
 [  0.00412333  -4.94602394  -3.47043514   0.0074744 ]
 [  0.00430011  -8.57728767  -9.62893391   0.00582108]
 [  0.0008994  -13.69030476 -12.81067371   0.00848959]
 [  0.           0.           0.           0.        ]
 [  0.           0.           0.           0.        ]
 [  0.           0.           0.           0.        ]
 [  0.           0.           0.           0.        ]
 [  0.           0.           0.           0.        ]
 [  0.           0.           0.           0.        ]
 [  0.00344084  -0.0161011   -0.9958272    0.00095859]
 [  0.00698796  -6.53988361  -6.58167839   0.00889059]
 [  0.           0.           0.           0.        ]
 [  0.           0.           0.           0.        ]
 [  0.           0.           0.           0.        ]
 [  0.           0.           0.           0.        ]
 [  0.           0.           0.           0.        ]
 [  0.           0.           0.           0.        ]
 [  0.           0.           0.           0.        ]
 [  0.           0.           0.           0.        ]
 [  0.00891665   0.00262361  -0.99537253   0.00134499]
 [  0.00270728  -1.93274319  -2.18698239   0.00609956]
 [  0.00662506  -0.4475702   -0.99721962   0.00530609]
 [  0.00613917  -0.190979    -0.99625671   0.00842899]
 [  0.           0.           0.           0.        ]
 [  0.           0.           0.           0.        ]
 [  0.           0.           0.           0.        ]
 [  0.           0.           0.           0.        ]
 [  0.           0.           0.           0.        ]
 [  0.           0.           0.           0.        ]
 [  0.           0.           0.           0.        ]
 [  0.           0.           0.           0.        ]
 [  0.00953668  -0.59231114  -0.57869512   0.00589838]
 [  0.00222213  -0.19794025  -0.38839704   0.0036331 ]
 [  0.           0.           0.           0.        ]
 [  0.           0.           0.           0.        ]]
Training  | Episode: 310000/1000000  | Episode Reward: -81.0000 | Epsilon: 0.2000 | Goal reached: 0
Training  | Episode: 320000/1000000  | Episode Reward: -50.0000 | Epsilon: 0.2000 | Goal reached: 0
Training  | Episode: 330000/1000000  | Episode Reward: -60.0000 | Epsilon: 0.2000 | Goal reached: 0
Training  | Episode: 340000/1000000  | Episode Reward: -70.0000 | Epsilon: 0.2000 | Goal reached: 0
Training  | Episode: 350000/1000000  | Episode Reward: -82.0000 | Epsilon: 0.2000 | Goal reached: 0
Training  | Episode: 360000/1000000  | Episode Reward: -94.0000 | Epsilon: 0.2000 | Goal reached: 0
Training  | Episode: 370000/1000000  | Episode Reward: -72.0000 | Epsilon: 0.2000 | Goal reached: 0
Training  | Episode: 380000/1000000  | Episode Reward: -50.0000 | Epsilon: 0.2000 | Goal reached: 0
Training  | Episode: 390000/1000000  | Episode Reward: -55.0000 | Epsilon: 0.2000 | Goal reached: 0
Training  | Episode: 400000/1000000  | Episode Reward: -50.0000 | Epsilon: 0.2000 | Goal reached: 0
[[  0.00160849 -21.91439247 -20.35634804   0.00924854]
 [  0.           0.           0.           0.        ]
 [  0.           0.           0.           0.        ]
 [  0.           0.           0.           0.        ]
 [  0.           0.           0.           0.        ]
 [  0.           0.           0.           0.        ]
 [  0.           0.           0.           0.        ]
 [  0.           0.           0.           0.        ]
 [  0.           0.           0.           0.        ]
 [  0.           0.           0.           0.        ]
 [  0.00951415  -5.2117095   -3.4969027    0.00692888]
 [  0.0063241   -5.94732714 -17.72768211   0.00904484]
 [  0.00193939  -4.99282026 -19.90897179   0.00476572]
 [  0.00209065  -4.60454464 -19.22071075   0.00942384]
 [  0.00655917 -33.03120041 -49.99514771   0.00855292]
 [  0.           0.           0.           0.        ]
 [  0.00245314 -21.14356041 -21.65936852   0.00911224]
 [  0.           0.           0.           0.        ]
 [  0.           0.           0.           0.        ]
 [  0.           0.           0.           0.        ]
 [  0.00805794 -21.31228065 -19.210886     0.00024714]
 [  0.0099543  -26.85232544 -16.4144783    0.00785097]
 [  0.00736865 -18.21665573 -23.00459862   0.00205153]
 [  0.00223011 -23.6509552  -19.8026123    0.00070742]
 [  0.           0.           0.           0.        ]
 [  0.00194578 -25.78210449 -25.64894295   0.00992121]
 [  0.00304742 -20.90352631 -20.98230743   0.00404298]
 [  0.           0.           0.           0.        ]
 [  0.           0.           0.           0.        ]
 [  0.           0.           0.           0.        ]
 [  0.           0.           0.           0.        ]
 [  0.           0.           0.           0.        ]
 [  0.           0.           0.           0.        ]
 [  0.00501806 -15.16715717  -4.70402956   0.00877912]
 [  0.00716834 -22.82947731 -30.66882896   0.00816841]
 [  0.00818956  -3.92513633  -1.49144328   0.00419924]
 [  0.00149344 -38.73865509 -32.17383194   0.00437188]
 [  0.           0.           0.           0.        ]
 [  0.           0.           0.           0.        ]
 [  0.           0.           0.           0.        ]
 [  0.           0.           0.           0.        ]
 [  0.           0.           0.           0.        ]
 [  0.           0.           0.           0.        ]
 [  0.00924804 -49.99425507 -33.17713547   0.00041695]
 [  0.           0.           0.           0.        ]
 [  0.00895475 -36.21776581 -17.64920807   0.00826754]
 [  0.           0.           0.           0.        ]
 [  0.           0.           0.           0.        ]
 [  0.           0.           0.           0.        ]
 [  0.           0.           0.           0.        ]
 [  0.           0.           0.           0.        ]
 [  0.           0.           0.           0.        ]
 [  0.           0.           0.           0.        ]
 [  0.           0.           0.           0.        ]
 [  0.           0.           0.           0.        ]
 [  0.00749667 -13.72843266  -4.68902731   0.00281956]
 [  0.00635199  -4.67065048 -11.00623608   0.00846502]
 [  0.0042001  -13.00617123 -13.50711727   0.00104106]
 [  0.           0.           0.           0.        ]
 [  0.           0.           0.           0.        ]
 [  0.           0.           0.           0.        ]
 [  0.           0.           0.           0.        ]
 [  0.           0.           0.           0.        ]
 [  0.           0.           0.           0.        ]
 [  0.           0.           0.           0.        ]
 [  0.00412333  -7.21173048  -3.93887782   0.0074744 ]
 [  0.00430011 -11.77153301 -11.59922028   0.00582108]
 [  0.0008994  -15.56755829 -15.63220215   0.00848959]
 [  0.           0.           0.           0.        ]
 [  0.           0.           0.           0.        ]
 [  0.           0.           0.           0.        ]
 [  0.           0.           0.           0.        ]
 [  0.           0.           0.           0.        ]
 [  0.           0.           0.           0.        ]
 [  0.00344084  -0.0161011   -0.9958272    0.00095859]
 [  0.00698796  -8.11544323  -9.14471912   0.00889059]
 [  0.           0.           0.           0.        ]
 [  0.           0.           0.           0.        ]
 [  0.           0.           0.           0.        ]
 [  0.           0.           0.           0.        ]
 [  0.           0.           0.           0.        ]
 [  0.           0.           0.           0.        ]
 [  0.           0.           0.           0.        ]
 [  0.           0.           0.           0.        ]
 [  0.00891665  -0.19735564  -0.99537253   0.00134499]
 [  0.00270728  -1.89564919  -2.16316319   0.00609956]
 [  0.00662506  -0.64563286  -0.99711615   0.00530609]
 [  0.00613917  -0.20703954  -1.9566741    0.00842899]
 [  0.00535368   0.00999076   0.0011009    0.00123587]
 [  0.           0.           0.           0.        ]
 [  0.           0.           0.           0.        ]
 [  0.           0.           0.           0.        ]
 [  0.           0.           0.           0.        ]
 [  0.           0.           0.           0.        ]
 [  0.           0.           0.           0.        ]
 [  0.           0.           0.           0.        ]
 [  0.00953668  -0.96469843  -1.13247442   0.00589838]
 [  0.00222213  -0.95865631  -1.75338781   0.0036331 ]
 [  0.           0.           0.           0.        ]
 [  0.           0.           0.           0.        ]]
Training  | Episode: 410000/1000000  | Episode Reward: -81.0000 | Epsilon: 0.2000 | Goal reached: 0
Training  | Episode: 420000/1000000  | Episode Reward: -50.0000 | Epsilon: 0.2000 | Goal reached: 0
Training  | Episode: 430000/1000000  | Episode Reward: -50.0000 | Epsilon: 0.2000 | Goal reached: 0
Training  | Episode: 440000/1000000  | Episode Reward: -56.0000 | Epsilon: 0.2000 | Goal reached: 0
Training  | Episode: 450000/1000000  | Episode Reward: -60.0000 | Epsilon: 0.2000 | Goal reached: 0
Training  | Episode: 460000/1000000  | Episode Reward: -60.0000 | Epsilon: 0.2000 | Goal reached: 0
Training  | Episode: 470000/1000000  | Episode Reward: -135.0000 | Epsilon: 0.2000 | Goal reached: 0
Training  | Episode: 480000/1000000  | Episode Reward: -50.0000 | Epsilon: 0.2000 | Goal reached: 0
Training  | Episode: 490000/1000000  | Episode Reward: -50.0000 | Epsilon: 0.2000 | Goal reached: 0
Training  | Episode: 500000/1000000  | Episode Reward: -50.0000 | Epsilon: 0.2000 | Goal reached: 1
[[  0.00160849 -24.64122391 -23.24095917   0.00924854]
 [  0.           0.           0.           0.        ]
 [  0.           0.           0.           0.        ]
 [  0.           0.           0.           0.        ]
 [  0.           0.           0.           0.        ]
 [  0.           0.           0.           0.        ]
 [  0.           0.           0.           0.        ]
 [  0.           0.           0.           0.        ]
 [  0.           0.           0.           0.        ]
 [  0.           0.           0.           0.        ]
 [  0.00951415  -4.25165987  -2.97306156   0.00692888]
 [  0.0063241   -4.3989172  -14.06535339   0.00904484]
 [  0.00193939  -4.55803967 -18.27383423   0.00476572]
 [  0.00209065  -4.71058178 -21.65372658   0.00942384]
 [  0.00655917 -35.30319977 -49.99523163   0.00855292]
 [  0.           0.           0.           0.        ]
 [  0.00245314 -22.61502838 -21.85109711   0.00911224]
 [  0.           0.           0.           0.        ]
 [  0.           0.           0.           0.        ]
 [  0.           0.           0.           0.        ]
 [  0.00805794 -25.98381233 -23.31393051   0.00024714]
 [  0.0099543  -16.68262291 -19.8620491    0.00785097]
 [  0.00736865 -18.46821785 -20.79983139   0.00205153]
 [  0.00223011 -17.60034752 -18.33488846   0.00070742]
 [  0.           0.           0.           0.        ]
 [  0.00194578 -23.1952877  -20.19940758   0.00992121]
 [  0.00304742 -22.43613625 -21.98703194   0.00404298]
 [  0.           0.           0.           0.        ]
 [  0.           0.           0.           0.        ]
 [  0.           0.           0.           0.        ]
 [  0.           0.           0.           0.        ]
 [  0.           0.           0.           0.        ]
 [  0.           0.           0.           0.        ]
 [  0.00501806 -17.05368233  -4.89797163   0.00877912]
 [  0.00716834 -17.38402367 -35.90466309   0.00816841]
 [  0.00818956  -4.06247902  -1.79051495   0.00419924]
 [  0.00149344 -36.49394226 -38.32720947   0.00437188]
 [  0.           0.           0.           0.        ]
 [  0.           0.           0.           0.        ]
 [  0.           0.           0.           0.        ]
 [  0.           0.           0.           0.        ]
 [  0.           0.           0.           0.        ]
 [  0.           0.           0.           0.        ]
 [  0.00924804 -49.99425507 -34.97396851   0.00041695]
 [  0.           0.           0.           0.        ]
 [  0.00895475 -33.29708862 -22.72867966   0.00826754]
 [  0.           0.           0.           0.        ]
 [  0.           0.           0.           0.        ]
 [  0.           0.           0.           0.        ]
 [  0.           0.           0.           0.        ]
 [  0.           0.           0.           0.        ]
 [  0.           0.           0.           0.        ]
 [  0.           0.           0.           0.        ]
 [  0.           0.           0.           0.        ]
 [  0.           0.           0.           0.        ]
 [  0.00749667 -17.65172005  -3.88382053   0.00281956]
 [  0.00635199  -5.0852499  -13.4068222    0.00846502]
 [  0.0042001  -14.11078548 -16.73147392   0.00104106]
 [  0.           0.           0.           0.        ]
 [  0.           0.           0.           0.        ]
 [  0.           0.           0.           0.        ]
 [  0.           0.           0.           0.        ]
 [  0.           0.           0.           0.        ]
 [  0.           0.           0.           0.        ]
 [  0.           0.           0.           0.        ]
 [  0.00412333  -8.33915138  -4.01922178   0.0074744 ]
 [  0.00430011 -13.67427731 -12.34783268   0.00582108]
 [  0.0008994  -17.07042694 -18.02991486   0.00848959]
 [  0.           0.           0.           0.        ]
 [  0.           0.           0.           0.        ]
 [  0.           0.           0.           0.        ]
 [  0.           0.           0.           0.        ]
 [  0.           0.           0.           0.        ]
 [  0.           0.           0.           0.        ]
 [  0.00344084  -1.01567662  -0.99580365   0.00095859]
 [  0.00698796  -9.81398582 -10.49714565   0.00889059]
 [  0.           0.           0.           0.        ]
 [  0.           0.           0.           0.        ]
 [  0.           0.           0.           0.        ]
 [  0.           0.           0.           0.        ]
 [  0.           0.           0.           0.        ]
 [  0.           0.           0.           0.        ]
 [  0.           0.           0.           0.        ]
 [  0.00682392   0.00110353   0.00011906   0.00933809]
 [  0.00891665  -1.19329274  -2.32465887   0.00134499]
 [  0.00270728  -2.75032043  -3.3247664    0.00609956]
 [  0.00662506  -1.19404411  -1.16982126   0.00530609]
 [  0.00613917  -0.41471922  -1.9566741    0.00842899]
 [  0.00535368  -0.1901079    0.0011009    0.00123587]
 [  0.00209734   0.00891824   0.00031973   0.00228104]
 [  0.           0.           0.           0.        ]
 [  0.           0.           0.           0.        ]
 [  0.           0.           0.           0.        ]
 [  0.           0.           0.           0.        ]
 [  0.           0.           0.           0.        ]
 [  0.           0.           0.           0.        ]
 [  0.00953668  -2.90695953  -1.64769578   0.00589838]
 [  0.00222213  -1.93937588  -2.87980342   0.0036331 ]
 [  0.           0.           0.           0.        ]
 [  0.           0.           0.           0.        ]]
Training  | Episode: 510000/1000000  | Episode Reward: -50.0000 | Epsilon: 0.2000 | Goal reached: 1
Training  | Episode: 520000/1000000  | Episode Reward: -60.0000 | Epsilon: 0.2000 | Goal reached: 1
Training  | Episode: 530000/1000000  | Episode Reward: -50.0000 | Epsilon: 0.2000 | Goal reached: 1
Training  | Episode: 540000/1000000  | Episode Reward: -50.0000 | Epsilon: 0.2000 | Goal reached: 1
Training  | Episode: 550000/1000000  | Episode Reward: -50.0000 | Epsilon: 0.2000 | Goal reached: 1
Training  | Episode: 560000/1000000  | Episode Reward: -50.0000 | Epsilon: 0.2000 | Goal reached: 1
Training  | Episode: 570000/1000000  | Episode Reward: -60.0000 | Epsilon: 0.2000 | Goal reached: 1
Training  | Episode: 580000/1000000  | Episode Reward: -50.0000 | Epsilon: 0.2000 | Goal reached: 1
Training  | Episode: 590000/1000000  | Episode Reward: -50.0000 | Epsilon: 0.2000 | Goal reached: 1
Training  | Episode: 600000/1000000  | Episode Reward: -50.0000 | Epsilon: 0.2000 | Goal reached: 1
[[  0.00160849 -22.80585861 -21.2616272    0.00924854]
 [  0.           0.           0.           0.        ]
 [  0.           0.           0.           0.        ]
 [  0.           0.           0.           0.        ]
 [  0.           0.           0.           0.        ]
 [  0.           0.           0.           0.        ]
 [  0.           0.           0.           0.        ]
 [  0.           0.           0.           0.        ]
 [  0.           0.           0.           0.        ]
 [  0.           0.           0.           0.        ]
 [  0.00951415  -5.23697805  -2.66807365   0.00692888]
 [  0.0063241   -3.9970665  -17.15278625   0.00904484]
 [  0.00193939  -4.62163067 -14.27823734   0.00476572]
 [  0.00209065  -4.84070539 -15.71395016   0.00942384]
 [  0.00655917 -39.99942017 -49.99530792   0.00855292]
 [  0.           0.           0.           0.        ]
 [  0.00245314 -22.36267853 -23.23597145   0.00911224]
 [  0.           0.           0.           0.        ]
 [  0.           0.           0.           0.        ]
 [  0.           0.           0.           0.        ]
 [  0.00805794 -24.54607773 -22.64776993   0.00024714]
 [  0.0099543  -19.78950119 -19.81348419   0.00785097]
 [  0.00736865 -18.06171799 -18.74896622   0.00205153]
 [  0.00223011 -17.8917408  -18.66365051   0.00070742]
 [  0.           0.           0.           0.        ]
 [  0.00194578 -18.82561684 -21.16936111   0.00992121]
 [  0.00304742 -17.04507256 -22.88060379   0.00404298]
 [  0.           0.           0.           0.        ]
 [  0.           0.           0.           0.        ]
 [  0.           0.           0.           0.        ]
 [  0.           0.           0.           0.        ]
 [  0.           0.           0.           0.        ]
 [  0.           0.           0.           0.        ]
 [  0.00501806 -15.87607765  -4.29447842   0.00877912]
 [  0.00716834 -22.63864136 -28.83249283   0.00816841]
 [  0.00818956  -4.31609344  -2.00459647   0.00419924]
 [  0.00149344 -34.9158287  -34.53532028   0.00437188]
 [  0.           0.           0.           0.        ]
 [  0.           0.           0.           0.        ]
 [  0.           0.           0.           0.        ]
 [  0.           0.           0.           0.        ]
 [  0.           0.           0.           0.        ]
 [  0.           0.           0.           0.        ]
 [  0.00924804 -49.99425507 -37.80849457   0.00041695]
 [  0.           0.           0.           0.        ]
 [  0.00895475 -34.45944595 -20.72517967   0.00826754]
 [  0.           0.           0.           0.        ]
 [  0.           0.           0.           0.        ]
 [  0.           0.           0.           0.        ]
 [  0.           0.           0.           0.        ]
 [  0.           0.           0.           0.        ]
 [  0.           0.           0.           0.        ]
 [  0.           0.           0.           0.        ]
 [  0.           0.           0.           0.        ]
 [  0.           0.           0.           0.        ]
 [  0.00749667 -16.43177986  -4.75030565   0.00281956]
 [  0.00635199  -5.09665918 -13.82359505   0.00846502]
 [  0.0042001  -15.21025085 -18.04877663   0.00104106]
 [  0.           0.           0.           0.        ]
 [  0.           0.           0.           0.        ]
 [  0.           0.           0.           0.        ]
 [  0.           0.           0.           0.        ]
 [  0.           0.           0.           0.        ]
 [  0.           0.           0.           0.        ]
 [  0.           0.           0.           0.        ]
 [  0.00412333 -11.11338615  -3.9817555    0.0074744 ]
 [  0.00430011 -16.96675682 -17.35704422   0.00582108]
 [  0.0008994  -18.50092125 -18.92978287   0.00848959]
 [  0.           0.           0.           0.        ]
 [  0.           0.           0.           0.        ]
 [  0.           0.           0.           0.        ]
 [  0.           0.           0.           0.        ]
 [  0.           0.           0.           0.        ]
 [  0.           0.           0.           0.        ]
 [  0.00344084  -1.01525605  -1.95616877   0.00095859]
 [  0.00698796 -10.02745819 -10.47728062   0.00889059]
 [  0.           0.           0.           0.        ]
 [  0.           0.           0.           0.        ]
 [  0.           0.           0.           0.        ]
 [  0.           0.           0.           0.        ]
 [  0.           0.           0.           0.        ]
 [  0.           0.           0.           0.        ]
 [  0.           0.           0.           0.        ]
 [  0.00682392   0.00110353   0.00011906   0.00933809]
 [  0.00891665  -1.18931484  -2.32465887   0.00134499]
 [  0.00270728  -3.57452345  -4.30897474   0.00609956]
 [  0.00662506  -1.37004876  -1.15623236   0.00530609]
 [  0.00613917  -0.42638123  -1.91866267   0.00842899]
 [  0.00535368  -0.1901079   -0.01881409   0.00123587]
 [  0.00209734   0.00891824   0.00031973   0.00228104]
 [  0.           0.           0.           0.        ]
 [  0.           0.           0.           0.        ]
 [  0.           0.           0.           0.        ]
 [  0.           0.           0.           0.        ]
 [  0.           0.           0.           0.        ]
 [  0.           0.           0.           0.        ]
 [  0.00953668  -2.90695953  -2.29572272   0.00589838]
 [  0.00222213  -2.88195705  -2.87980342   0.0036331 ]
 [  0.           0.           0.           0.        ]
 [  0.           0.           0.           0.        ]]
Training  | Episode: 610000/1000000  | Episode Reward: -60.0000 | Epsilon: 0.2000 | Goal reached: 1
Training  | Episode: 620000/1000000  | Episode Reward: -53.0000 | Epsilon: 0.2000 | Goal reached: 1
Training  | Episode: 630000/1000000  | Episode Reward: -72.0000 | Epsilon: 0.2000 | Goal reached: 1
Training  | Episode: 640000/1000000  | Episode Reward: -173.0000 | Epsilon: 0.2000 | Goal reached: 1
Training  | Episode: 650000/1000000  | Episode Reward: -83.0000 | Epsilon: 0.2000 | Goal reached: 1
Training  | Episode: 660000/1000000  | Episode Reward: -50.0000 | Epsilon: 0.2000 | Goal reached: 1
Training  | Episode: 670000/1000000  | Episode Reward: -50.0000 | Epsilon: 0.2000 | Goal reached: 1
Training  | Episode: 680000/1000000  | Episode Reward: -50.0000 | Epsilon: 0.2000 | Goal reached: 1
Training  | Episode: 690000/1000000  | Episode Reward: -50.0000 | Epsilon: 0.2000 | Goal reached: 1
Training  | Episode: 700000/1000000  | Episode Reward: -60.0000 | Epsilon: 0.2000 | Goal reached: 1
[[  0.00160849 -22.62624741 -18.70582771   0.00924854]
 [  0.           0.           0.           0.        ]
 [  0.           0.           0.           0.        ]
 [  0.           0.           0.           0.        ]
 [  0.           0.           0.           0.        ]
 [  0.           0.           0.           0.        ]
 [  0.           0.           0.           0.        ]
 [  0.           0.           0.           0.        ]
 [  0.           0.           0.           0.        ]
 [  0.           0.           0.           0.        ]
 [  0.00951415  -4.29972601  -2.62910509   0.00692888]
 [  0.0063241   -5.5785265  -19.26767159   0.00904484]
 [  0.00193939  -4.27355337 -20.28680611   0.00476572]
 [  0.00209065  -4.77181196 -19.54122162   0.00942384]
 [  0.00655917 -38.59207153 -49.99510574   0.00855292]
 [  0.           0.           0.           0.        ]
 [  0.00245314 -24.26459885 -23.77113914   0.00911224]
 [  0.           0.           0.           0.        ]
 [  0.           0.           0.           0.        ]
 [  0.           0.           0.           0.        ]
 [  0.00805794 -21.25684547 -18.74020004   0.00024714]
 [  0.0099543  -21.04636955 -19.96392822   0.00785097]
 [  0.00736865 -17.6777401  -21.28306961   0.00205153]
 [  0.00223011 -19.94255447 -15.44370842   0.00070742]
 [  0.           0.           0.           0.        ]
 [  0.00194578 -23.14685822 -23.66568947   0.00992121]
 [  0.00304742 -20.41445732 -23.27351379   0.00404298]
 [  0.           0.           0.           0.        ]
 [  0.           0.           0.           0.        ]
 [  0.           0.           0.           0.        ]
 [  0.           0.           0.           0.        ]
 [  0.           0.           0.           0.        ]
 [  0.           0.           0.           0.        ]
 [  0.00501806 -17.44683456  -4.71657896   0.00877912]
 [  0.00716834 -15.8986311  -30.09402657   0.00816841]
 [  0.00818956  -4.56533289  -1.86357188   0.00419924]
 [  0.00149344 -38.51791763 -40.29378128   0.00437188]
 [  0.           0.           0.           0.        ]
 [  0.           0.           0.           0.        ]
 [  0.           0.           0.           0.        ]
 [  0.           0.           0.           0.        ]
 [  0.           0.           0.           0.        ]
 [  0.           0.           0.           0.        ]
 [  0.00924804 -49.99425507 -36.91669846   0.00041695]
 [  0.           0.           0.           0.        ]
 [  0.00895475 -35.287117   -17.89236832   0.00826754]
 [  0.           0.           0.           0.        ]
 [  0.           0.           0.           0.        ]
 [  0.           0.           0.           0.        ]
 [  0.           0.           0.           0.        ]
 [  0.           0.           0.           0.        ]
 [  0.           0.           0.           0.        ]
 [  0.           0.           0.           0.        ]
 [  0.           0.           0.           0.        ]
 [  0.           0.           0.           0.        ]
 [  0.00749667 -14.51552963  -4.6199789    0.00281956]
 [  0.00635199  -5.98791504 -17.04633331   0.00846502]
 [  0.0042001  -15.20456219 -17.04587364   0.00104106]
 [  0.           0.           0.           0.        ]
 [  0.           0.           0.           0.        ]
 [  0.           0.           0.           0.        ]
 [  0.           0.           0.           0.        ]
 [  0.           0.           0.           0.        ]
 [  0.           0.           0.           0.        ]
 [  0.           0.           0.           0.        ]
 [  0.00412333 -14.01210213  -3.66264153   0.0074744 ]
 [  0.00430011 -17.15915489 -17.76311493   0.00582108]
 [  0.0008994  -21.03319931 -21.16162872   0.00848959]
 [  0.           0.           0.           0.        ]
 [  0.           0.           0.           0.        ]
 [  0.           0.           0.           0.        ]
 [  0.           0.           0.           0.        ]
 [  0.           0.           0.           0.        ]
 [  0.           0.           0.           0.        ]
 [  0.00344084  -2.954849    -2.91694927   0.00095859]
 [  0.00698796 -10.45861816 -11.82128906   0.00889059]
 [  0.           0.           0.           0.        ]
 [  0.           0.           0.           0.        ]
 [  0.           0.           0.           0.        ]
 [  0.           0.           0.           0.        ]
 [  0.           0.           0.           0.        ]
 [  0.           0.           0.           0.        ]
 [  0.           0.           0.           0.        ]
 [  0.00682392   0.00110353   0.00011906   0.00933809]
 [  0.00891665  -1.18545532  -3.27804995   0.00134499]
 [  0.00270728  -6.97146702  -7.85571337   0.00609956]
 [  0.00662506  -1.36254668  -2.13301992   0.00530609]
 [  0.00613917  -0.44898957  -1.91866267   0.00842899]
 [  0.00535368  -0.3862046   -1.01831901   0.00123587]
 [  0.00209734   0.00891824   0.00031973   0.00228104]
 [  0.           0.           0.           0.        ]
 [  0.           0.           0.           0.        ]
 [  0.           0.           0.           0.        ]
 [  0.           0.           0.           0.        ]
 [  0.           0.           0.           0.        ]
 [  0.           0.           0.           0.        ]
 [  0.00953668  -2.90695953  -2.29572272   0.00589838]
 [  0.00222213  -2.88195705  -2.87980342   0.0036331 ]
 [  0.           0.           0.           0.        ]
 [  0.           0.           0.           0.        ]]
Training  | Episode: 710000/1000000  | Episode Reward: -50.0000 | Epsilon: 0.2000 | Goal reached: 1
Training  | Episode: 720000/1000000  | Episode Reward: -50.0000 | Epsilon: 0.2000 | Goal reached: 1
Training  | Episode: 730000/1000000  | Episode Reward: -50.0000 | Epsilon: 0.2000 | Goal reached: 1
Training  | Episode: 740000/1000000  | Episode Reward: -50.0000 | Epsilon: 0.2000 | Goal reached: 1
Training  | Episode: 750000/1000000  | Episode Reward: -52.0000 | Epsilon: 0.2000 | Goal reached: 1
Training  | Episode: 760000/1000000  | Episode Reward: -82.0000 | Epsilon: 0.2000 | Goal reached: 1
Training  | Episode: 770000/1000000  | Episode Reward: -50.0000 | Epsilon: 0.2000 | Goal reached: 1
Training  | Episode: 780000/1000000  | Episode Reward: -50.0000 | Epsilon: 0.2000 | Goal reached: 1
Training  | Episode: 790000/1000000  | Episode Reward: -72.0000 | Epsilon: 0.2000 | Goal reached: 1
Training  | Episode: 800000/1000000  | Episode Reward: -77.0000 | Epsilon: 0.2000 | Goal reached: 1
[[  0.00160849 -19.69376755 -19.23120689   0.00924854]
 [  0.           0.           0.           0.        ]
 [  0.           0.           0.           0.        ]
 [  0.           0.           0.           0.        ]
 [  0.           0.           0.           0.        ]
 [  0.           0.           0.           0.        ]
 [  0.           0.           0.           0.        ]
 [  0.           0.           0.           0.        ]
 [  0.           0.           0.           0.        ]
 [  0.           0.           0.           0.        ]
 [  0.00951415  -4.43042278  -2.27450037   0.00692888]
 [  0.0063241   -4.2450304  -17.92669296   0.00904484]
 [  0.00193939  -6.15430737 -16.97006226   0.00476572]
 [  0.00209065  -4.92468119 -15.45670795   0.00942384]
 [  0.00655917 -34.45665741 -49.99522781   0.00855292]
 [  0.           0.           0.           0.        ]
 [  0.00245314 -25.16848755 -25.08099174   0.00911224]
 [  0.           0.           0.           0.        ]
 [  0.           0.           0.           0.        ]
 [  0.           0.           0.           0.        ]
 [  0.00805794 -24.35948181 -22.67013359   0.00024714]
 [  0.0099543  -21.56672287 -20.48592377   0.00785097]
 [  0.00736865 -20.72447395 -20.51400948   0.00205153]
 [  0.00223011 -20.16868401 -23.06776619   0.00070742]
 [  0.           0.           0.           0.        ]
 [  0.00194578 -20.42785454 -21.61323738   0.00992121]
 [  0.00304742 -20.7259655  -20.93740463   0.00404298]
 [  0.           0.           0.           0.        ]
 [  0.           0.           0.           0.        ]
 [  0.           0.           0.           0.        ]
 [  0.           0.           0.           0.        ]
 [  0.           0.           0.           0.        ]
 [  0.           0.           0.           0.        ]
 [  0.00501806 -17.59251595  -4.68639612   0.00877912]
 [  0.00716834 -21.79506683 -31.98386765   0.00816841]
 [  0.00818956  -4.18200445  -2.14262795   0.00419924]
 [  0.00149344 -35.51140594 -30.53849792   0.00437188]
 [  0.           0.           0.           0.        ]
 [  0.           0.           0.           0.        ]
 [  0.           0.           0.           0.        ]
 [  0.           0.           0.           0.        ]
 [  0.           0.           0.           0.        ]
 [  0.           0.           0.           0.        ]
 [  0.00924804 -49.99425507 -36.05793381   0.00041695]
 [  0.           0.           0.           0.        ]
 [  0.00895475 -35.98575211 -22.39552498   0.00826754]
 [  0.           0.           0.           0.        ]
 [  0.           0.           0.           0.        ]
 [  0.           0.           0.           0.        ]
 [  0.           0.           0.           0.        ]
 [  0.           0.           0.           0.        ]
 [  0.           0.           0.           0.        ]
 [  0.           0.           0.           0.        ]
 [  0.           0.           0.           0.        ]
 [  0.           0.           0.           0.        ]
 [  0.00749667 -16.99652672  -3.5573833    0.00281956]
 [  0.00635199  -5.00654984 -17.08247566   0.00846502]
 [  0.0042001  -19.17930984 -18.62380791   0.00104106]
 [  0.           0.           0.           0.        ]
 [  0.           0.           0.           0.        ]
 [  0.           0.           0.           0.        ]
 [  0.           0.           0.           0.        ]
 [  0.           0.           0.           0.        ]
 [  0.           0.           0.           0.        ]
 [  0.           0.           0.           0.        ]
 [  0.00412333 -13.71239853  -3.79420304   0.0074744 ]
 [  0.00430011 -20.12869263 -19.24550056   0.00582108]
 [  0.0008994  -22.61430931 -23.02807808   0.00848959]
 [  0.           0.           0.           0.        ]
 [  0.           0.           0.           0.        ]
 [  0.           0.           0.           0.        ]
 [  0.           0.           0.           0.        ]
 [  0.           0.           0.           0.        ]
 [  0.           0.           0.           0.        ]
 [  0.00344084  -2.954849    -2.91694927   0.00095859]
 [  0.00698796 -11.62560844 -12.51392174   0.00889059]
 [  0.           0.           0.           0.        ]
 [  0.           0.           0.           0.        ]
 [  0.           0.           0.           0.        ]
 [  0.           0.           0.           0.        ]
 [  0.           0.           0.           0.        ]
 [  0.           0.           0.           0.        ]
 [  0.           0.           0.           0.        ]
 [  0.00682392   0.00110353   0.00011906   0.00933809]
 [  0.00891665  -1.18545532  -3.23241568   0.00134499]
 [  0.00270728  -7.58042812  -7.85571337   0.00609956]
 [  0.00662506  -1.36254668  -2.13301992   0.00530609]
 [  0.00613917  -0.44898957  -1.91866267   0.00842899]
 [  0.00535368  -0.3862046   -1.01831901   0.00123587]
 [  0.00209734   0.00891824   0.00031973   0.00228104]
 [  0.           0.           0.           0.        ]
 [  0.           0.           0.           0.        ]
 [  0.           0.           0.           0.        ]
 [  0.           0.           0.           0.        ]
 [  0.           0.           0.           0.        ]
 [  0.           0.           0.           0.        ]
 [  0.00953668  -2.90695953  -2.29572272   0.00589838]
 [  0.00222213  -2.88195705  -2.87980342   0.0036331 ]
 [  0.           0.           0.           0.        ]
 [  0.           0.           0.           0.        ]]
Training  | Episode: 810000/1000000  | Episode Reward: -50.0000 | Epsilon: 0.2000 | Goal reached: 1
Training  | Episode: 820000/1000000  | Episode Reward: -50.0000 | Epsilon: 0.2000 | Goal reached: 1
Training  | Episode: 830000/1000000  | Episode Reward: -50.0000 | Epsilon: 0.2000 | Goal reached: 1
Training  | Episode: 840000/1000000  | Episode Reward: -51.0000 | Epsilon: 0.2000 | Goal reached: 1
Training  | Episode: 850000/1000000  | Episode Reward: -52.0000 | Epsilon: 0.2000 | Goal reached: 1
Training  | Episode: 860000/1000000  | Episode Reward: -60.0000 | Epsilon: 0.2000 | Goal reached: 1
Training  | Episode: 870000/1000000  | Episode Reward: -50.0000 | Epsilon: 0.2000 | Goal reached: 1
Training  | Episode: 880000/1000000  | Episode Reward: -74.0000 | Epsilon: 0.2000 | Goal reached: 1
Training  | Episode: 890000/1000000  | Episode Reward: -60.0000 | Epsilon: 0.2000 | Goal reached: 1
Training  | Episode: 900000/1000000  | Episode Reward: -65.0000 | Epsilon: 0.2000 | Goal reached: 1
[[  0.00160849 -20.31174469 -24.37345123   0.00924854]
 [  0.           0.           0.           0.        ]
 [  0.           0.           0.           0.        ]
 [  0.           0.           0.           0.        ]
 [  0.           0.           0.           0.        ]
 [  0.           0.           0.           0.        ]
 [  0.           0.           0.           0.        ]
 [  0.           0.           0.           0.        ]
 [  0.           0.           0.           0.        ]
 [  0.           0.           0.           0.        ]
 [  0.00951415  -5.51961803  -2.5536809    0.00692888]
 [  0.0063241   -5.27459097 -18.14006233   0.00904484]
 [  0.00193939  -5.59683943 -16.91838455   0.00476572]
 [  0.00209065  -5.28289747 -17.864151     0.00942384]
 [  0.00655917 -37.69832993 -49.99512863   0.00855292]
 [  0.           0.           0.           0.        ]
 [  0.00245314 -26.52655983 -25.74615669   0.00911224]
 [  0.           0.           0.           0.        ]
 [  0.           0.           0.           0.        ]
 [  0.           0.           0.           0.        ]
 [  0.00805794 -20.67831802 -20.78907585   0.00024714]
 [  0.0099543  -16.57487106 -22.97345352   0.00785097]
 [  0.00736865 -24.67373276 -18.00764847   0.00205153]
 [  0.00223011 -20.63080406 -20.14727211   0.00070742]
 [  0.           0.           0.           0.        ]
 [  0.00194578 -21.68911362 -18.05975151   0.00992121]
 [  0.00304742 -18.70952606 -21.58455086   0.00404298]
 [  0.           0.           0.           0.        ]
 [  0.           0.           0.           0.        ]
 [  0.           0.           0.           0.        ]
 [  0.           0.           0.           0.        ]
 [  0.           0.           0.           0.        ]
 [  0.           0.           0.           0.        ]
 [  0.00501806 -17.43129349  -4.93945122   0.00877912]
 [  0.00716834 -18.47685242 -33.95866013   0.00816841]
 [  0.00818956  -4.56098604  -2.08423948   0.00419924]
 [  0.00149344 -36.88938904 -36.01655197   0.00437188]
 [  0.           0.           0.           0.        ]
 [  0.           0.           0.           0.        ]
 [  0.           0.           0.           0.        ]
 [  0.           0.           0.           0.        ]
 [  0.           0.           0.           0.        ]
 [  0.           0.           0.           0.        ]
 [  0.00924804 -49.99425507 -37.39937592   0.00041695]
 [  0.           0.           0.           0.        ]
 [  0.00895475 -30.05652809 -22.0151844    0.00826754]
 [  0.           0.           0.           0.        ]
 [  0.           0.           0.           0.        ]
 [  0.           0.           0.           0.        ]
 [  0.           0.           0.           0.        ]
 [  0.           0.           0.           0.        ]
 [  0.           0.           0.           0.        ]
 [  0.           0.           0.           0.        ]
 [  0.           0.           0.           0.        ]
 [  0.           0.           0.           0.        ]
 [  0.00749667 -16.6689167   -4.69735861   0.00281956]
 [  0.00635199  -4.72617722 -16.16852951   0.00846502]
 [  0.0042001  -18.98178482 -20.46884537   0.00104106]
 [  0.           0.           0.           0.        ]
 [  0.           0.           0.           0.        ]
 [  0.           0.           0.           0.        ]
 [  0.           0.           0.           0.        ]
 [  0.           0.           0.           0.        ]
 [  0.           0.           0.           0.        ]
 [  0.           0.           0.           0.        ]
 [  0.00412333 -14.47973824  -4.47116756   0.0074744 ]
 [  0.00430011 -19.55701065 -22.19090843   0.00582108]
 [  0.0008994  -23.98946571 -24.1804409    0.00848959]
 [  0.           0.           0.           0.        ]
 [  0.           0.           0.           0.        ]
 [  0.           0.           0.           0.        ]
 [  0.           0.           0.           0.        ]
 [  0.           0.           0.           0.        ]
 [  0.           0.           0.           0.        ]
 [  0.00344084  -2.954849    -2.87850332   0.00095859]
 [  0.00698796 -14.14157295 -13.94405079   0.00889059]
 [  0.           0.           0.           0.        ]
 [  0.           0.           0.           0.        ]
 [  0.           0.           0.           0.        ]
 [  0.           0.           0.           0.        ]
 [  0.           0.           0.           0.        ]
 [  0.           0.           0.           0.        ]
 [  0.           0.           0.           0.        ]
 [  0.00682392   0.00110353   0.00011906   0.00933809]
 [  0.00891665  -2.48756409  -3.23241568   0.00134499]
 [  0.00270728  -8.05008411  -8.74043465   0.00609956]
 [  0.00662506  -1.35519457  -2.13301992   0.00530609]
 [  0.00613917  -0.44898957  -1.91866267   0.00842899]
 [  0.00535368  -0.3862046   -1.01831901   0.00123587]
 [  0.00209734   0.00891824   0.00031973   0.00228104]
 [  0.           0.           0.           0.        ]
 [  0.           0.           0.           0.        ]
 [  0.           0.           0.           0.        ]
 [  0.           0.           0.           0.        ]
 [  0.           0.           0.           0.        ]
 [  0.           0.           0.           0.        ]
 [  0.00953668  -2.90695953  -2.44972873   0.00589838]
 [  0.00222213  -2.88195705  -3.82209992   0.0036331 ]
 [  0.           0.           0.           0.        ]
 [  0.           0.           0.           0.        ]]
Training  | Episode: 910000/1000000  | Episode Reward: -107.0000 | Epsilon: 0.2000 | Goal reached: 1
Training  | Episode: 920000/1000000  | Episode Reward: -50.0000 | Epsilon: 0.2000 | Goal reached: 1
Training  | Episode: 930000/1000000  | Episode Reward: -62.0000 | Epsilon: 0.2000 | Goal reached: 1
Training  | Episode: 940000/1000000  | Episode Reward: -55.0000 | Epsilon: 0.2000 | Goal reached: 1
Training  | Episode: 950000/1000000  | Episode Reward: -52.0000 | Epsilon: 0.2000 | Goal reached: 1
Training  | Episode: 960000/1000000  | Episode Reward: -50.0000 | Epsilon: 0.2000 | Goal reached: 1
Training  | Episode: 970000/1000000  | Episode Reward: -124.0000 | Epsilon: 0.2000 | Goal reached: 1
Training  | Episode: 980000/1000000  | Episode Reward: -52.0000 | Epsilon: 0.2000 | Goal reached: 1
Training  | Episode: 990000/1000000  | Episode Reward: -70.0000 | Epsilon: 0.2000 | Goal reached: 1
[[  0.00160849 -21.37976837 -23.46630096   0.00924854]
 [  0.           0.           0.           0.        ]
 [  0.           0.           0.           0.        ]
 [  0.           0.           0.           0.        ]
 [  0.           0.           0.           0.        ]
 [  0.           0.           0.           0.        ]
 [  0.           0.           0.           0.        ]
 [  0.           0.           0.           0.        ]
 [  0.           0.           0.           0.        ]
 [  0.           0.           0.           0.        ]
 [  0.00951415  -5.23631144  -3.20216846   0.00692888]
 [  0.0063241   -4.51272917 -19.79690933   0.00904484]
 [  0.00193939  -5.54219294 -19.44201088   0.00476572]
 [  0.00209065  -6.02133131 -14.71374607   0.00942384]
 [  0.00655917 -36.01654053 -49.99522018   0.00855292]
 [  0.           0.           0.           0.        ]
 [  0.00245314 -27.21311951 -28.3882885    0.00911224]
 [  0.           0.           0.           0.        ]
 [  0.           0.           0.           0.        ]
 [  0.           0.           0.           0.        ]
 [  0.00805794 -25.37091064 -19.67545128   0.00024714]
 [  0.0099543  -16.58603859 -18.50407982   0.00785097]
 [  0.00736865 -24.42787552 -23.01787186   0.00205153]
 [  0.00223011 -21.11722565 -21.52533531   0.00070742]
 [  0.           0.           0.           0.        ]
 [  0.00194578 -23.09742355 -20.17833519   0.00992121]
 [  0.00304742 -18.79951477 -22.79664803   0.00404298]
 [  0.           0.           0.           0.        ]
 [  0.           0.           0.           0.        ]
 [  0.           0.           0.           0.        ]
 [  0.           0.           0.           0.        ]
 [  0.           0.           0.           0.        ]
 [  0.           0.           0.           0.        ]
 [  0.00501806 -12.96515179  -4.434618     0.00877912]
 [  0.00716834 -18.34753799 -36.23271942   0.00816841]
 [  0.00818956  -4.35894823  -2.04565907   0.00419924]
 [  0.00149344 -35.8784523  -35.33406067   0.00437188]
 [  0.           0.           0.           0.        ]
 [  0.           0.           0.           0.        ]
 [  0.           0.           0.           0.        ]
 [  0.           0.           0.           0.        ]
 [  0.           0.           0.           0.        ]
 [  0.           0.           0.           0.        ]
 [  0.00924804 -49.99425507 -37.74265671   0.00041695]
 [  0.           0.           0.           0.        ]
 [  0.00895475 -34.64805603 -20.91568565   0.00826754]
 [  0.           0.           0.           0.        ]
 [  0.           0.           0.           0.        ]
 [  0.           0.           0.           0.        ]
 [  0.           0.           0.           0.        ]
 [  0.           0.           0.           0.        ]
 [  0.           0.           0.           0.        ]
 [  0.           0.           0.           0.        ]
 [  0.           0.           0.           0.        ]
 [  0.           0.           0.           0.        ]
 [  0.00749667 -19.97218895  -3.77404952   0.00281956]
 [  0.00635199  -4.76947594 -16.05101585   0.00846502]
 [  0.0042001  -20.9562149  -21.78108978   0.00104106]
 [  0.           0.           0.           0.        ]
 [  0.           0.           0.           0.        ]
 [  0.           0.           0.           0.        ]
 [  0.           0.           0.           0.        ]
 [  0.           0.           0.           0.        ]
 [  0.           0.           0.           0.        ]
 [  0.           0.           0.           0.        ]
 [  0.00412333 -14.1143856   -4.60380983   0.0074744 ]
 [  0.00430011 -21.30010605 -21.25871468   0.00582108]
 [  0.0008994  -25.66986275 -25.69857597   0.00848959]
 [  0.           0.           0.           0.        ]
 [  0.           0.           0.           0.        ]
 [  0.           0.           0.           0.        ]
 [  0.           0.           0.           0.        ]
 [  0.           0.           0.           0.        ]
 [  0.           0.           0.           0.        ]
 [  0.00344084  -3.89564943  -3.94431376   0.00095859]
 [  0.00698796 -14.96807671 -14.05369377   0.00889059]
 [  0.           0.           0.           0.        ]
 [  0.           0.           0.           0.        ]
 [  0.           0.           0.           0.        ]
 [  0.           0.           0.           0.        ]
 [  0.           0.           0.           0.        ]
 [  0.           0.           0.           0.        ]
 [  0.           0.           0.           0.        ]
 [  0.00682392   0.00110353   0.00011906   0.00933809]
 [  0.00891665  -2.78491163  -3.23241568   0.00134499]
 [  0.00270728  -8.42477226  -9.61421299   0.00609956]
 [  0.00662506  -1.35519457  -2.11024499   0.00530609]
 [  0.00613917  -0.44898957  -1.91866267   0.00842899]
 [  0.00535368  -0.3862046   -1.01831901   0.00123587]
 [  0.00209734   0.00891824   0.00031973   0.00228104]
 [  0.           0.           0.           0.        ]
 [  0.           0.           0.           0.        ]
 [  0.           0.           0.           0.        ]
 [  0.           0.           0.           0.        ]
 [  0.           0.           0.           0.        ]
 [  0.           0.           0.           0.        ]
 [  0.00953668  -2.90695953  -2.44972873   0.00589838]
 [  0.00222213  -2.88195705  -3.82209992   0.0036331 ]
 [  0.           0.           0.           0.        ]
 [  0.           0.           0.           0.        ]]
