___ACTION___
gamma:  0.8 learning rate:  0.01 eps decay:  0.99999
[[b'S' b'F' b'F' b'H' b'H' b'H' b'F' b'H' b'H' b'F']
 [b'F' b'F' b'F' b'F' b'H' b'H' b'H' b'H' b'H' b'H']
 [b'H' b'F' b'H' b'H' b'H' b'H' b'H' b'H' b'F' b'H']
 [b'H' b'F' b'F' b'F' b'H' b'F' b'H' b'F' b'H' b'H']
 [b'F' b'H' b'H' b'F' b'F' b'F' b'H' b'H' b'F' b'F']
 [b'H' b'H' b'H' b'H' b'H' b'F' b'F' b'H' b'H' b'H']
 [b'H' b'H' b'H' b'H' b'H' b'F' b'H' b'H' b'H' b'H']
 [b'F' b'F' b'H' b'H' b'H' b'F' b'F' b'F' b'F' b'H']
 [b'F' b'F' b'H' b'H' b'F' b'H' b'F' b'H' b'F' b'F']
 [b'H' b'H' b'H' b'H' b'H' b'H' b'H' b'H' b'F' b'G']]
[<tf.Variable 'q_a_s/weights:0' shape=(100, 4) dtype=float32, numpy=
array([[0.00652318, 0.00292792, 0.00869562, 0.00562865],
       [0.00917939, 0.0036803 , 0.00411456, 0.00888849],
       [0.00779288, 0.005388  , 0.00505201, 0.00450272],
       [0.00702425, 0.00922927, 0.00773132, 0.00643647],
       [0.0013243 , 0.00334372, 0.00561964, 0.00567318],
       [0.00240984, 0.00888104, 0.00252488, 0.00589034],
       [0.00487707, 0.00485411, 0.00886118, 0.00165207],
       [0.00947192, 0.00413041, 0.0004547 , 0.00188901],
       [0.00311262, 0.00779592, 0.00711577, 0.00042066],
       [0.00907741, 0.00059799, 0.00829722, 0.00617033],
       [0.00933977, 0.00560837, 0.00959634, 0.00309132],
       [0.00545001, 0.0024969 , 0.00491075, 0.00595876],
       [0.00139841, 0.00573928, 0.00690269, 0.00008301],
       [0.00413472, 0.00508872, 0.00821359, 0.00810518],
       [0.00350309, 0.00652689, 0.00582378, 0.00037319],
       [0.00000339, 0.00236615, 0.00132771, 0.00680414],
       [0.00582945, 0.00765424, 0.00926837, 0.00839116],
       [0.00859497, 0.00259077, 0.0043447 , 0.00779204],
       [0.00809293, 0.00357925, 0.00200258, 0.00430516],
       [0.00243661, 0.00242362, 0.00859277, 0.00834114],
       [0.00084703, 0.00166912, 0.00162243, 0.00424058],
       [0.00051438, 0.00589674, 0.00563628, 0.00426228],
       [0.00755832, 0.00646808, 0.0030569 , 0.00307273],
       [0.00310934, 0.00142267, 0.00091817, 0.00568449],
       [0.00937773, 0.00556915, 0.00250085, 0.00863726],
       [0.00359422, 0.0071635 , 0.00648128, 0.00893835],
       [0.00757911, 0.00544316, 0.00781316, 0.00381836],
       [0.00765454, 0.00370232, 0.00738139, 0.0003613 ],
       [0.00359819, 0.00513116, 0.00614786, 0.00000321],
       [0.00082762, 0.00723382, 0.00094483, 0.00995322],
       [0.0016739 , 0.00394847, 0.0095793 , 0.00221062],
       [0.00356474, 0.0089903 , 0.00780889, 0.00753793],
       [0.00955774, 0.00453124, 0.00267262, 0.00098229],
       [0.00435055, 0.00098864, 0.00101447, 0.00923432],
       [0.00931068, 0.00608409, 0.00477196, 0.00612064],
       [0.00990079, 0.00670951, 0.00982879, 0.00240451],
       [0.00787126, 0.00346879, 0.00771177, 0.00849906],
       [0.00221298, 0.00835769, 0.00264611, 0.00631827],
       [0.00757066, 0.00682621, 0.00158378, 0.00785872],
       [0.00002087, 0.00136533, 0.0004293 , 0.00424986],
       [0.0059332 , 0.00600028, 0.00793302, 0.00102029],
       [0.00148526, 0.00338906, 0.00296882, 0.00947681],
       [0.0060428 , 0.00578148, 0.00889718, 0.00855123],
       [0.00404243, 0.00610599, 0.00002555, 0.00410874],
       [0.00053608, 0.00553194, 0.00109568, 0.00902527],
       [0.0085272 , 0.00021538, 0.00740867, 0.00563332],
       [0.00406286, 0.00046684, 0.00512201, 0.00472629],
       [0.00204261, 0.00716305, 0.00218937, 0.00835322],
       [0.00705925, 0.00781525, 0.0095429 , 0.0086258 ],
       [0.00528614, 0.00053922, 0.00912647, 0.00259665],
       [0.00444041, 0.00926848, 0.00363444, 0.00254269],
       [0.00291674, 0.00167044, 0.00062713, 0.0026029 ],
       [0.00219792, 0.00145593, 0.00178428, 0.00392814],
       [0.00097346, 0.00776419, 0.00230492, 0.00300877],
       [0.00444229, 0.00893846, 0.00199272, 0.00307078],
       [0.00083618, 0.00013168, 0.00421977, 0.00188351],
       [0.00640062, 0.00913549, 0.00248186, 0.0000026 ],
       [0.00345393, 0.00448308, 0.00890558, 0.00501366],
       [0.00595093, 0.00750249, 0.00285083, 0.00606065],
       [0.00097438, 0.00036458, 0.0005195 , 0.00049029],
       [0.0025327 , 0.003269  , 0.00773746, 0.0011431 ],
       [0.00858278, 0.00863844, 0.00674829, 0.00989715],
       [0.00700412, 0.00852114, 0.00287395, 0.00797562],
       [0.00783859, 0.00441811, 0.00902107, 0.00186551],
       [0.00969195, 0.00040524, 0.00941353, 0.0051836 ],
       [0.00089977, 0.00646931, 0.00845239, 0.00965777],
       [0.00984123, 0.00070205, 0.00645634, 0.00617394],
       [0.00562942, 0.00807098, 0.00338635, 0.00080304],
       [0.00169692, 0.00353212, 0.00908036, 0.00706602],
       [0.00267074, 0.00311727, 0.00751978, 0.00900182],
       [0.00856756, 0.00201169, 0.00282595, 0.00179966],
       [0.00713509, 0.0099833 , 0.00062451, 0.00167023],
       [0.00925727, 0.00382004, 0.00416017, 0.0053861 ],
       [0.00721549, 0.00887709, 0.00490717, 0.00228882],
       [0.00369791, 0.00421436, 0.00140773, 0.0036351 ],
       [0.00486405, 0.00779061, 0.00517272, 0.00291262],
       [0.0023239 , 0.00727017, 0.00958677, 0.00587759],
       [0.00290747, 0.00176476, 0.00107292, 0.0084676 ],
       [0.00411872, 0.00776521, 0.00182439, 0.00188949],
       [0.00891641, 0.000305  , 0.00795703, 0.00979007],
       [0.00320501, 0.00294211, 0.00453958, 0.00071084],
       [0.0080055 , 0.003827  , 0.00185734, 0.0037861 ],
       [0.00652788, 0.00100746, 0.00625683, 0.00028578],
       [0.00398947, 0.00234533, 0.00131493, 0.00899631],
       [0.00042117, 0.00083813, 0.00579756, 0.00553808],
       [0.00140183, 0.00395608, 0.00964641, 0.0019429 ],
       [0.00311007, 0.00773102, 0.00231074, 0.00954469],
       [0.00889536, 0.0039125 , 0.00878174, 0.00530948],
       [0.00001368, 0.00063684, 0.00215589, 0.00828394],
       [0.00000095, 0.0047921 , 0.00925518, 0.00231547],
       [0.00919638, 0.0047914 , 0.00506731, 0.00705851],
       [0.00382463, 0.00260983, 0.00757518, 0.00398613],
       [0.00527126, 0.0039551 , 0.00078038, 0.00128273],
       [0.00520466, 0.00660957, 0.00440559, 0.00277955],
       [0.00895755, 0.0001361 , 0.00856121, 0.00860199],
       [0.00741336, 0.00919123, 0.00965542, 0.0027303 ],
       [0.00905804, 0.00326466, 0.0068753 , 0.00803124],
       [0.00105946, 0.00268829, 0.0012133 , 0.0092121 ],
       [0.00440921, 0.00697201, 0.00274364, 0.00831335],
       [0.00416398, 0.0080626 , 0.00313378, 0.007608  ]], dtype=float32)>]
Training  | Episode: 0/500000  | Episode Reward: -51.0000 | Epsilon: 0.2000 | Goal reached: 0
[[0.00652318 0.00292792 0.00869562 0.00562865]
 [0.         0.         0.         0.        ]
 [0.         0.         0.         0.        ]
 [0.         0.         0.         0.        ]
 [0.         0.         0.         0.        ]
 [0.         0.         0.         0.        ]
 [0.         0.         0.         0.        ]
 [0.         0.         0.         0.        ]
 [0.         0.         0.         0.        ]
 [0.         0.         0.         0.        ]
 [0.00933977 0.00560837 0.00959634 0.00309132]
 [0.         0.         0.         0.        ]
 [0.         0.         0.         0.        ]
 [0.         0.         0.         0.        ]
 [0.         0.         0.         0.        ]
 [0.         0.         0.         0.        ]
 [0.         0.         0.         0.        ]
 [0.         0.         0.         0.        ]
 [0.         0.         0.         0.        ]
 [0.         0.         0.         0.        ]
 [0.         0.         0.         0.        ]
 [0.         0.         0.         0.        ]
 [0.         0.         0.         0.        ]
 [0.         0.         0.         0.        ]
 [0.         0.         0.         0.        ]
 [0.         0.         0.         0.        ]
 [0.         0.         0.         0.        ]
 [0.         0.         0.         0.        ]
 [0.         0.         0.         0.        ]
 [0.         0.         0.         0.        ]
 [0.         0.         0.         0.        ]
 [0.         0.         0.         0.        ]
 [0.         0.         0.         0.        ]
 [0.         0.         0.         0.        ]
 [0.         0.         0.         0.        ]
 [0.         0.         0.         0.        ]
 [0.         0.         0.         0.        ]
 [0.         0.         0.         0.        ]
 [0.         0.         0.         0.        ]
 [0.         0.         0.         0.        ]
 [0.         0.         0.         0.        ]
 [0.         0.         0.         0.        ]
 [0.         0.         0.         0.        ]
 [0.         0.         0.         0.        ]
 [0.         0.         0.         0.        ]
 [0.         0.         0.         0.        ]
 [0.         0.         0.         0.        ]
 [0.         0.         0.         0.        ]
 [0.         0.         0.         0.        ]
 [0.         0.         0.         0.        ]
 [0.         0.         0.         0.        ]
 [0.         0.         0.         0.        ]
 [0.         0.         0.         0.        ]
 [0.         0.         0.         0.        ]
 [0.         0.         0.         0.        ]
 [0.         0.         0.         0.        ]
 [0.         0.         0.         0.        ]
 [0.         0.         0.         0.        ]
 [0.         0.         0.         0.        ]
 [0.         0.         0.         0.        ]
 [0.         0.         0.         0.        ]
 [0.         0.         0.         0.        ]
 [0.         0.         0.         0.        ]
 [0.         0.         0.         0.        ]
 [0.         0.         0.         0.        ]
 [0.         0.         0.         0.        ]
 [0.         0.         0.         0.        ]
 [0.         0.         0.         0.        ]
 [0.         0.         0.         0.        ]
 [0.         0.         0.         0.        ]
 [0.         0.         0.         0.        ]
 [0.         0.         0.         0.        ]
 [0.         0.         0.         0.        ]
 [0.         0.         0.         0.        ]
 [0.         0.         0.         0.        ]
 [0.         0.         0.         0.        ]
 [0.         0.         0.         0.        ]
 [0.         0.         0.         0.        ]
 [0.         0.         0.         0.        ]
 [0.         0.         0.         0.        ]
 [0.         0.         0.         0.        ]
 [0.         0.         0.         0.        ]
 [0.         0.         0.         0.        ]
 [0.         0.         0.         0.        ]
 [0.         0.         0.         0.        ]
 [0.         0.         0.         0.        ]
 [0.         0.         0.         0.        ]
 [0.         0.         0.         0.        ]
 [0.         0.         0.         0.        ]
 [0.         0.         0.         0.        ]
 [0.         0.         0.         0.        ]
 [0.         0.         0.         0.        ]
 [0.         0.         0.         0.        ]
 [0.         0.         0.         0.        ]
 [0.         0.         0.         0.        ]
 [0.         0.         0.         0.        ]
 [0.         0.         0.         0.        ]
 [0.         0.         0.         0.        ]
 [0.         0.         0.         0.        ]
 [0.         0.         0.         0.        ]]
Training  | Episode: 10000/500000  | Episode Reward: -51.0000 | Epsilon: 0.2000 | Goal reached: 0
Training  | Episode: 20000/500000  | Episode Reward: -53.0000 | Epsilon: 0.2000 | Goal reached: 0
Training  | Episode: 30000/500000  | Episode Reward: -51.0000 | Epsilon: 0.2000 | Goal reached: 0
Training  | Episode: 40000/500000  | Episode Reward: -284.0000 | Epsilon: 0.2000 | Goal reached: 0
Training  | Episode: 50000/500000  | Episode Reward: -74.0000 | Epsilon: 0.2000 | Goal reached: 0
Training  | Episode: 60000/500000  | Episode Reward: -54.0000 | Epsilon: 0.2000 | Goal reached: 0
Training  | Episode: 70000/500000  | Episode Reward: -73.0000 | Epsilon: 0.2000 | Goal reached: 0
Training  | Episode: 80000/500000  | Episode Reward: -102.0000 | Epsilon: 0.2000 | Goal reached: 0
Training  | Episode: 90000/500000  | Episode Reward: -51.0000 | Epsilon: 0.2000 | Goal reached: 0
Training  | Episode: 100000/500000  | Episode Reward: -51.0000 | Epsilon: 0.2000 | Goal reached: 0
[[  0.00652318  -6.02879858  -5.40572786   0.00562865]
 [  0.00917939  -3.09710884  -5.05258179   0.00888849]
 [  0.00779288 -23.75230408 -21.64919281   0.00450272]
 [  0.           0.           0.           0.        ]
 [  0.           0.           0.           0.        ]
 [  0.           0.           0.           0.        ]
 [  0.           0.           0.           0.        ]
 [  0.           0.           0.           0.        ]
 [  0.           0.           0.           0.        ]
 [  0.           0.           0.           0.        ]
 [  0.00933977 -20.19669533 -21.04055977   0.00309132]
 [  0.00545001  -3.78551555  -3.28873158   0.00595876]
 [  0.00139841 -22.36564827 -19.63663101   0.00008301]
 [  0.00413472 -39.94942474 -49.99438095   0.00810518]
 [  0.           0.           0.           0.        ]
 [  0.           0.           0.           0.        ]
 [  0.           0.           0.           0.        ]
 [  0.           0.           0.           0.        ]
 [  0.           0.           0.           0.        ]
 [  0.           0.           0.           0.        ]
 [  0.           0.           0.           0.        ]
 [  0.00051438 -37.05531311 -22.17563438   0.00426228]
 [  0.           0.           0.           0.        ]
 [  0.           0.           0.           0.        ]
 [  0.           0.           0.           0.        ]
 [  0.           0.           0.           0.        ]
 [  0.           0.           0.           0.        ]
 [  0.           0.           0.           0.        ]
 [  0.           0.           0.           0.        ]
 [  0.           0.           0.           0.        ]
 [  0.           0.           0.           0.        ]
 [  0.00356474 -37.96976852 -23.40073967   0.00753793]
 [  0.00955774 -20.81505013 -36.17922211   0.00098229]
 [  0.00435055 -21.77929878 -34.51462936   0.00923432]
 [  0.           0.           0.           0.        ]
 [  0.00990079  -3.91588569  -4.79439497   0.00240451]
 [  0.           0.           0.           0.        ]
 [  0.           0.           0.           0.        ]
 [  0.           0.           0.           0.        ]
 [  0.           0.           0.           0.        ]
 [  0.           0.           0.           0.        ]
 [  0.           0.           0.           0.        ]
 [  0.           0.           0.           0.        ]
 [  0.00404243 -33.77825165 -19.7205658    0.00410874]
 [  0.00053608 -17.88987732 -19.25115776   0.00902527]
 [  0.0085272  -11.65151215 -11.12663364   0.00563332]
 [  0.           0.           0.           0.        ]
 [  0.           0.           0.           0.        ]
 [  0.           0.           0.           0.        ]
 [  0.           0.           0.           0.        ]
 [  0.           0.           0.           0.        ]
 [  0.           0.           0.           0.        ]
 [  0.           0.           0.           0.        ]
 [  0.           0.           0.           0.        ]
 [  0.           0.           0.           0.        ]
 [  0.00083618  -2.10551906  -1.95500135   0.00188351]
 [  0.00640062  -4.91505623  -5.70496893   0.0000026 ]
 [  0.           0.           0.           0.        ]
 [  0.           0.           0.           0.        ]
 [  0.           0.           0.           0.        ]
 [  0.           0.           0.           0.        ]
 [  0.           0.           0.           0.        ]
 [  0.           0.           0.           0.        ]
 [  0.           0.           0.           0.        ]
 [  0.           0.           0.           0.        ]
 [  0.00089977  -1.97348988  -2.35215306   0.00965777]
 [  0.           0.           0.           0.        ]
 [  0.           0.           0.           0.        ]
 [  0.           0.           0.           0.        ]
 [  0.           0.           0.           0.        ]
 [  0.           0.           0.           0.        ]
 [  0.           0.           0.           0.        ]
 [  0.           0.           0.           0.        ]
 [  0.           0.           0.           0.        ]
 [  0.           0.           0.           0.        ]
 [  0.00486405   0.00779061  -0.01477734   0.00291262]
 [  0.0023239    0.00727017   0.00958677   0.00587759]
 [  0.           0.           0.           0.        ]
 [  0.           0.           0.           0.        ]
 [  0.           0.           0.           0.        ]
 [  0.           0.           0.           0.        ]
 [  0.           0.           0.           0.        ]
 [  0.           0.           0.           0.        ]
 [  0.           0.           0.           0.        ]
 [  0.           0.           0.           0.        ]
 [  0.           0.           0.           0.        ]
 [  0.00311007   0.00773102   0.00231074   0.00954469]
 [  0.           0.           0.           0.        ]
 [  0.           0.           0.           0.        ]
 [  0.           0.           0.           0.        ]
 [  0.           0.           0.           0.        ]
 [  0.           0.           0.           0.        ]
 [  0.           0.           0.           0.        ]
 [  0.           0.           0.           0.        ]
 [  0.           0.           0.           0.        ]
 [  0.           0.           0.           0.        ]
 [  0.           0.           0.           0.        ]
 [  0.           0.           0.           0.        ]
 [  0.           0.           0.           0.        ]
 [  0.           0.           0.           0.        ]]
Training  | Episode: 110000/500000  | Episode Reward: -94.0000 | Epsilon: 0.2000 | Goal reached: 0
Training  | Episode: 120000/500000  | Episode Reward: -53.0000 | Epsilon: 0.2000 | Goal reached: 0
Training  | Episode: 130000/500000  | Episode Reward: -64.0000 | Epsilon: 0.2000 | Goal reached: 0
Training  | Episode: 140000/500000  | Episode Reward: -81.0000 | Epsilon: 0.2000 | Goal reached: 0
Training  | Episode: 150000/500000  | Episode Reward: -52.0000 | Epsilon: 0.2000 | Goal reached: 0
Training  | Episode: 160000/500000  | Episode Reward: -94.0000 | Epsilon: 0.2000 | Goal reached: 0
Training  | Episode: 170000/500000  | Episode Reward: -124.0000 | Epsilon: 0.2000 | Goal reached: 0
Training  | Episode: 180000/500000  | Episode Reward: -54.0000 | Epsilon: 0.2000 | Goal reached: 0
Training  | Episode: 190000/500000  | Episode Reward: -53.0000 | Epsilon: 0.2000 | Goal reached: 0
Training  | Episode: 200000/500000  | Episode Reward: -85.0000 | Epsilon: 0.2000 | Goal reached: 0
[[  0.00652318  -6.79910564  -6.17654228   0.00562865]
 [  0.00917939  -3.55080485  -5.07045698   0.00888849]
 [  0.00779288 -21.73940659 -18.96172905   0.00450272]
 [  0.           0.           0.           0.        ]
 [  0.           0.           0.           0.        ]
 [  0.           0.           0.           0.        ]
 [  0.           0.           0.           0.        ]
 [  0.           0.           0.           0.        ]
 [  0.           0.           0.           0.        ]
 [  0.           0.           0.           0.        ]
 [  0.00933977 -25.55918694 -18.56785774   0.00309132]
 [  0.00545001  -4.02859116  -4.37822866   0.00595876]
 [  0.00139841 -16.41706085 -23.12062645   0.00008301]
 [  0.00413472 -37.12586975 -49.99420547   0.00810518]
 [  0.           0.           0.           0.        ]
 [  0.           0.           0.           0.        ]
 [  0.           0.           0.           0.        ]
 [  0.           0.           0.           0.        ]
 [  0.           0.           0.           0.        ]
 [  0.           0.           0.           0.        ]
 [  0.           0.           0.           0.        ]
 [  0.00051438 -29.75166893 -19.46678162   0.00426228]
 [  0.           0.           0.           0.        ]
 [  0.           0.           0.           0.        ]
 [  0.           0.           0.           0.        ]
 [  0.           0.           0.           0.        ]
 [  0.           0.           0.           0.        ]
 [  0.           0.           0.           0.        ]
 [  0.           0.           0.           0.        ]
 [  0.           0.           0.           0.        ]
 [  0.           0.           0.           0.        ]
 [  0.00356474 -33.5743866  -21.57352829   0.00753793]
 [  0.00955774 -21.16305351 -37.92378235   0.00098229]
 [  0.00435055 -20.44015312 -30.16848183   0.00923432]
 [  0.           0.           0.           0.        ]
 [  0.00990079  -7.91398621  -8.40184879   0.00240451]
 [  0.           0.           0.           0.        ]
 [  0.           0.           0.           0.        ]
 [  0.           0.           0.           0.        ]
 [  0.           0.           0.           0.        ]
 [  0.           0.           0.           0.        ]
 [  0.           0.           0.           0.        ]
 [  0.           0.           0.           0.        ]
 [  0.00404243 -33.57641602 -20.18115997   0.00410874]
 [  0.00053608 -20.88708115 -32.45021057   0.00902527]
 [  0.0085272  -16.42084885 -15.5807209    0.00563332]
 [  0.           0.           0.           0.        ]
 [  0.           0.           0.           0.        ]
 [  0.           0.           0.           0.        ]
 [  0.           0.           0.           0.        ]
 [  0.           0.           0.           0.        ]
 [  0.           0.           0.           0.        ]
 [  0.           0.           0.           0.        ]
 [  0.           0.           0.           0.        ]
 [  0.           0.           0.           0.        ]
 [  0.00083618  -3.06241608  -3.05437946   0.00188351]
 [  0.00640062  -8.49320602  -9.14323711   0.0000026 ]
 [  0.           0.           0.           0.        ]
 [  0.           0.           0.           0.        ]
 [  0.           0.           0.           0.        ]
 [  0.           0.           0.           0.        ]
 [  0.           0.           0.           0.        ]
 [  0.           0.           0.           0.        ]
 [  0.           0.           0.           0.        ]
 [  0.           0.           0.           0.        ]
 [  0.00089977  -5.62676239  -4.21990395   0.00965777]
 [  0.           0.           0.           0.        ]
 [  0.           0.           0.           0.        ]
 [  0.           0.           0.           0.        ]
 [  0.           0.           0.           0.        ]
 [  0.           0.           0.           0.        ]
 [  0.           0.           0.           0.        ]
 [  0.           0.           0.           0.        ]
 [  0.           0.           0.           0.        ]
 [  0.           0.           0.           0.        ]
 [  0.00486405  -0.99221081  -0.03436547   0.00291262]
 [  0.0023239   -0.01272251  -0.01045225   0.00587759]
 [  0.           0.           0.           0.        ]
 [  0.           0.           0.           0.        ]
 [  0.           0.           0.           0.        ]
 [  0.           0.           0.           0.        ]
 [  0.           0.           0.           0.        ]
 [  0.           0.           0.           0.        ]
 [  0.           0.           0.           0.        ]
 [  0.           0.           0.           0.        ]
 [  0.           0.           0.           0.        ]
 [  0.00311007  -0.99228126  -0.99759048   0.00954469]
 [  0.           0.           0.           0.        ]
 [  0.           0.           0.           0.        ]
 [  0.           0.           0.           0.        ]
 [  0.           0.           0.           0.        ]
 [  0.           0.           0.           0.        ]
 [  0.           0.           0.           0.        ]
 [  0.           0.           0.           0.        ]
 [  0.           0.           0.           0.        ]
 [  0.           0.           0.           0.        ]
 [  0.           0.           0.           0.        ]
 [  0.           0.           0.           0.        ]
 [  0.           0.           0.           0.        ]
