___DIRECTION___
gamma:  0.5 learning rate:  0.01 eps decay:  0.9999975
[[b'S' b'F' b'F' b'H' b'H' b'F' b'F' b'H' b'H' b'H']
 [b'H' b'F' b'F' b'F' b'F' b'H' b'H' b'H' b'H' b'F']
 [b'H' b'F' b'F' b'F' b'F' b'H' b'H' b'F' b'F' b'F']
 [b'H' b'H' b'H' b'F' b'H' b'H' b'F' b'H' b'F' b'H']
 [b'H' b'H' b'H' b'F' b'H' b'H' b'H' b'H' b'H' b'H']
 [b'H' b'H' b'F' b'F' b'F' b'F' b'H' b'F' b'F' b'H']
 [b'F' b'H' b'F' b'H' b'H' b'F' b'H' b'H' b'F' b'F']
 [b'F' b'F' b'F' b'H' b'H' b'F' b'F' b'H' b'H' b'H']
 [b'F' b'H' b'H' b'F' b'H' b'H' b'F' b'F' b'F' b'H']
 [b'F' b'F' b'H' b'F' b'H' b'H' b'H' b'F' b'F' b'G']]
[<tf.Variable 'q_a_s/weights:0' shape=(100, 4) dtype=float32, numpy=
array([[0.00095505, 0.5087091 , 0.5087591 , 0.00027552],
       [0.00935032, 0.5050031 , 0.50844646, 0.00596676],
       [0.00625476, 0.5040461 , 0.50652313, 0.00341369],
       [0.00692961, 0.50429434, 0.5098657 , 0.00676519],
       [0.00106229, 0.5080989 , 0.500673  , 0.00079889],
       [0.00456144, 0.50883377, 0.506372  , 0.00141118],
       [0.00457285, 0.5015855 , 0.50424874, 0.00489923],
       [0.00467915, 0.50533575, 0.5032087 , 0.00203762],
       [0.00276056, 0.50696206, 0.50189906, 0.00230093],
       [0.0070959 , 0.5068773 , 0.5061162 , 0.00853164],
       [0.00093101, 0.50727046, 0.5034292 , 0.00027188],
       [0.0018732 , 0.50833875, 0.50495183, 0.00755784],
       [0.00383293, 0.5088786 , 0.50179803, 0.00447767],
       [0.00604112, 0.5086772 , 0.5003117 , 0.00841313],
       [0.00853967, 0.50390655, 0.50319636, 0.0099563 ],
       [0.00333639, 0.50955063, 0.50275487, 0.00467105],
       [0.00093079, 0.50558794, 0.504275  , 0.00597489],
       [0.00743322, 0.50511307, 0.5006551 , 0.00462709],
       [0.00497038, 0.5084941 , 0.5051554 , 0.00696815],
       [0.00391629, 0.5029518 , 0.5005984 , 0.00667507],
       [0.00806846, 0.5039851 , 0.50691915, 0.00190214],
       [0.00904851, 0.50939566, 0.5087495 , 0.00278705],
       [0.0082543 , 0.5034234 , 0.5058782 , 0.00427138],
       [0.00381987, 0.50034195, 0.500569  , 0.00951313],
       [0.0007933 , 0.50359464, 0.50369906, 0.00523242],
       [0.0092963 , 0.509004  , 0.5098117 , 0.00653443],
       [0.00634646, 0.50800693, 0.5029783 , 0.00772946],
       [0.00653609, 0.5022129 , 0.503076  , 0.00312135],
       [0.00102069, 0.5054227 , 0.5089249 , 0.00368961],
       [0.00769936, 0.5035703 , 0.50825566, 0.0025449 ],
       [0.00482363, 0.5028089 , 0.5083175 , 0.00180734],
       [0.00752175, 0.5023524 , 0.5016184 , 0.00266675],
       [0.00897297, 0.50673604, 0.50995445, 0.00809559],
       [0.00559401, 0.5079164 , 0.504354  , 0.00909822],
       [0.00221932, 0.50505894, 0.5099662 , 0.0004422 ],
       [0.00498241, 0.5030492 , 0.5028311 , 0.00529128],
       [0.00459086, 0.5072358 , 0.50731915, 0.00847836],
       [0.00308703, 0.50974184, 0.5070608 , 0.00940726],
       [0.00867705, 0.5030636 , 0.50261897, 0.00213956],
       [0.00972165, 0.5050579 , 0.50245535, 0.0047148 ],
       [0.00006361, 0.50543535, 0.50550675, 0.00045601],
       [0.0025701 , 0.50803673, 0.5025146 , 0.00463779],
       [0.00258547, 0.50913256, 0.5003906 , 0.00300417],
       [0.00196907, 0.50751954, 0.5088545 , 0.00270594],
       [0.00607236, 0.5098754 , 0.5058065 , 0.0079621 ],
       [0.00466268, 0.5032349 , 0.5063789 , 0.00979471],
       [0.00133224, 0.50628835, 0.5004973 , 0.00377113],
       [0.00332651, 0.5053499 , 0.5068833 , 0.00970581],
       [0.00103557, 0.5091926 , 0.5014786 , 0.00177509],
       [0.00008357, 0.50660336, 0.50861377, 0.00663341],
       [0.00187832, 0.5034892 , 0.5039357 , 0.00867251],
       [0.00175466, 0.50021595, 0.5076488 , 0.00121869],
       [0.00813023, 0.5078364 , 0.50311315, 0.00939289],
       [0.00404301, 0.50462765, 0.50700825, 0.00124997],
       [0.00759527, 0.5019234 , 0.5019344 , 0.00647006],
       [0.00821384, 0.50282556, 0.50655144, 0.00157861],
       [0.00370883, 0.508087  , 0.505891  , 0.00950431],
       [0.00462992, 0.5086589 , 0.5064559 , 0.00788423],
       [0.00004336, 0.50746834, 0.50398946, 0.00661337],
       [0.00044427, 0.5077957 , 0.50709563, 0.00753296],
       [0.00047325, 0.5056071 , 0.50303733, 0.00854131],
       [0.00676695, 0.50969374, 0.50949687, 0.00077678],
       [0.00651583, 0.5044942 , 0.5079094 , 0.00777713],
       [0.00380454, 0.50951177, 0.5029443 , 0.00565275],
       [0.00994649, 0.5046684 , 0.50125676, 0.00534765],
       [0.00985897, 0.50731146, 0.5053368 , 0.00996683],
       [0.0020285 , 0.50121206, 0.5062127 , 0.00444698],
       [0.00810809, 0.5088119 , 0.50690526, 0.00958756],
       [0.0081553 , 0.50750875, 0.50900847, 0.00254923],
       [0.00299326, 0.5090274 , 0.50188553, 0.00961343],
       [0.00970061, 0.50920486, 0.5038322 , 0.00476391],
       [0.00150913, 0.5093916 , 0.5089591 , 0.00913938],
       [0.00860842, 0.5009662 , 0.5095789 , 0.00452843],
       [0.00161966, 0.5066773 , 0.50269854, 0.00693592],
       [0.00615085, 0.50184566, 0.50414366, 0.00818317],
       [0.00988454, 0.5041748 , 0.5066128 , 0.00283655],
       [0.00862099, 0.5039392 , 0.504354  , 0.00119685],
       [0.00783256, 0.50663614, 0.5011315 , 0.00508149],
       [0.00786021, 0.5061393 , 0.5056275 , 0.00647521],
       [0.00915295, 0.5057718 , 0.50294995, 0.00961032],
       [0.00749165, 0.5044303 , 0.50514185, 0.00681886],
       [0.00536586, 0.50820845, 0.5095414 , 0.00813216],
       [0.00226084, 0.5076899 , 0.5004202 , 0.00964589],
       [0.0083126 , 0.5002496 , 0.503196  , 0.00208996],
       [0.00587919, 0.5037881 , 0.506332  , 0.00024676],
       [0.00328231, 0.50028837, 0.5007151 , 0.00780274],
       [0.00902891, 0.5063138 , 0.5043223 , 0.00232841],
       [0.00233212, 0.5052393 , 0.5007705 , 0.0057898 ],
       [0.00260026, 0.5035089 , 0.50438815, 0.00091392],
       [0.00488112, 0.5041558 , 0.5040233 , 0.00632358],
       [0.0046283 , 0.5036755 , 0.5065074 , 0.00554989],
       [0.00719295, 0.5057263 , 0.50510335, 0.00866383],
       [0.00368246, 0.5039888 , 0.50534344, 0.00388164],
       [0.00180434, 0.508988  , 0.50853765, 0.00118821],
       [0.00956178, 0.50668836, 0.50205386, 0.0089191 ],
       [0.0041356 , 0.5093483 , 0.5002607 , 0.00194738],
       [0.00170949, 0.50150615, 0.505693  , 0.00176997],
       [0.00999127, 0.505041  , 0.5018739 , 0.00002927],
       [0.00482982, 0.5017259 , 0.5055039 , 0.00585823],
       [0.00950243, 0.50192136, 0.5018767 , 0.00734893]], dtype=float32)>]
Training  | Episode: 0/1000000  | Episode Reward: -131.2778 | Epsilon: 1.0000 | Goal reached: 0
[[ 0.00095505  0.30362248  0.50875908 -0.01353441]
 [ 0.01425091  0.50500309  0.50844646 -0.00686513]
 [-0.1665829   0.50404608  0.50652313  0.00341369]
 [ 0.          0.          0.          0.        ]
 [ 0.          0.          0.          0.        ]
 [ 0.          0.          0.          0.        ]
 [ 0.          0.          0.          0.        ]
 [ 0.          0.          0.          0.        ]
 [ 0.          0.          0.          0.        ]
 [ 0.          0.          0.          0.        ]
 [ 0.          0.          0.          0.        ]
 [ 0.0018732   0.48659927  0.50495183  0.00755784]
 [ 0.00383293  0.50887859  0.34126532  0.00447767]
 [ 0.          0.          0.          0.        ]
 [ 0.          0.          0.          0.        ]
 [ 0.          0.          0.          0.        ]
 [ 0.          0.          0.          0.        ]
 [ 0.          0.          0.          0.        ]
 [ 0.          0.          0.          0.        ]
 [ 0.          0.          0.          0.        ]
 [ 0.          0.          0.          0.        ]
 [ 0.00904851  0.50939566  0.50874949 -0.00776547]
 [ 0.0082543   0.50342339  0.33418277 -0.00739192]
 [ 0.          0.          0.          0.        ]
 [ 0.          0.          0.          0.        ]
 [ 0.          0.          0.          0.        ]
 [ 0.          0.          0.          0.        ]
 [ 0.          0.          0.          0.        ]
 [ 0.          0.          0.          0.        ]
 [ 0.          0.          0.          0.        ]
 [ 0.          0.          0.          0.        ]
 [ 0.          0.          0.          0.        ]
 [ 0.          0.          0.          0.        ]
 [ 0.          0.          0.          0.        ]
 [ 0.          0.          0.          0.        ]
 [ 0.          0.          0.          0.        ]
 [ 0.          0.          0.          0.        ]
 [ 0.          0.          0.          0.        ]
 [ 0.          0.          0.          0.        ]
 [ 0.          0.          0.          0.        ]
 [ 0.          0.          0.          0.        ]
 [ 0.          0.          0.          0.        ]
 [ 0.          0.          0.          0.        ]
 [ 0.          0.          0.          0.        ]
 [ 0.          0.          0.          0.        ]
 [ 0.          0.          0.          0.        ]
 [ 0.          0.          0.          0.        ]
 [ 0.          0.          0.          0.        ]
 [ 0.          0.          0.          0.        ]
 [ 0.          0.          0.          0.        ]
 [ 0.          0.          0.          0.        ]
 [ 0.          0.          0.          0.        ]
 [ 0.          0.          0.          0.        ]
 [ 0.          0.          0.          0.        ]
 [ 0.          0.          0.          0.        ]
 [ 0.          0.          0.          0.        ]
 [ 0.          0.          0.          0.        ]
 [ 0.          0.          0.          0.        ]
 [ 0.          0.          0.          0.        ]
 [ 0.          0.          0.          0.        ]
 [ 0.          0.          0.          0.        ]
 [ 0.          0.          0.          0.        ]
 [ 0.          0.          0.          0.        ]
 [ 0.          0.          0.          0.        ]
 [ 0.          0.          0.          0.        ]
 [ 0.          0.          0.          0.        ]
 [ 0.          0.          0.          0.        ]
 [ 0.          0.          0.          0.        ]
 [ 0.          0.          0.          0.        ]
 [ 0.          0.          0.          0.        ]
 [ 0.          0.          0.          0.        ]
 [ 0.          0.          0.          0.        ]
 [ 0.          0.          0.          0.        ]
 [ 0.          0.          0.          0.        ]
 [ 0.          0.          0.          0.        ]
 [ 0.          0.          0.          0.        ]
 [ 0.          0.          0.          0.        ]
 [ 0.          0.          0.          0.        ]
 [ 0.          0.          0.          0.        ]
 [ 0.          0.          0.          0.        ]
 [ 0.          0.          0.          0.        ]
 [ 0.          0.          0.          0.        ]
 [ 0.          0.          0.          0.        ]
 [ 0.          0.          0.          0.        ]
 [ 0.          0.          0.          0.        ]
 [ 0.          0.          0.          0.        ]
 [ 0.          0.          0.          0.        ]
 [ 0.          0.          0.          0.        ]
 [ 0.          0.          0.          0.        ]
 [ 0.          0.          0.          0.        ]
 [ 0.          0.          0.          0.        ]
 [ 0.          0.          0.          0.        ]
 [ 0.          0.          0.          0.        ]
 [ 0.          0.          0.          0.        ]
 [ 0.          0.          0.          0.        ]
 [ 0.          0.          0.          0.        ]
 [ 0.          0.          0.          0.        ]
 [ 0.          0.          0.          0.        ]
 [ 0.          0.          0.          0.        ]
 [ 0.          0.          0.          0.        ]]
Training  | Episode: 10000/1000000  | Episode Reward: -78.5000 | Epsilon: 0.9753 | Goal reached: 0
Training  | Episode: 20000/1000000  | Episode Reward: -43.5000 | Epsilon: 0.9512 | Goal reached: 0
Training  | Episode: 30000/1000000  | Episode Reward: -57.2222 | Epsilon: 0.9277 | Goal reached: 0
Training  | Episode: 40000/1000000  | Episode Reward: -47.2222 | Epsilon: 0.9048 | Goal reached: 0
Training  | Episode: 50000/1000000  | Episode Reward: -47.2222 | Epsilon: 0.8825 | Goal reached: 0
Training  | Episode: 60000/1000000  | Episode Reward: -47.2222 | Epsilon: 0.8607 | Goal reached: 0
Training  | Episode: 70000/1000000  | Episode Reward: -103.5556 | Epsilon: 0.8395 | Goal reached: 0
Training  | Episode: 80000/1000000  | Episode Reward: -47.2222 | Epsilon: 0.8187 | Goal reached: 0
Training  | Episode: 90000/1000000  | Episode Reward: -67.2222 | Epsilon: 0.7985 | Goal reached: 0
Training  | Episode: 100000/1000000  | Episode Reward: -47.6667 | Epsilon: 0.7788 | Goal reached: 0
[[-28.00746727 -24.45965767 -24.98921776 -14.55679512]
 [-12.94528961 -10.19233418 -10.45818043 -12.28127384]
 [-11.86606216 -24.59314156 -19.71210098 -21.64993858]
 [  0.           0.           0.           0.        ]
 [  0.           0.           0.           0.        ]
 [  0.           0.           0.           0.        ]
 [  0.           0.           0.           0.        ]
 [  0.           0.           0.           0.        ]
 [  0.           0.           0.           0.        ]
 [  0.           0.           0.           0.        ]
 [  0.           0.           0.           0.        ]
 [-26.46800232 -24.90974045 -12.11177826 -24.96124077]
 [-11.11887741  -8.56960106  -9.59569454 -10.42168045]
 [-20.94560242 -10.51967239 -20.45896339 -25.19124413]
 [-20.07258224 -19.89017868 -28.32993126 -29.66912842]
 [  0.           0.           0.           0.        ]
 [  0.           0.           0.           0.        ]
 [  0.           0.           0.           0.        ]
 [  0.           0.           0.           0.        ]
 [  0.           0.           0.           0.        ]
 [  0.           0.           0.           0.        ]
 [-30.22066307 -28.48457909 -20.6992321  -20.98556137]
 [-21.14723587 -19.2509613  -16.98113823 -10.63627815]
 [-10.39571095 -10.69544125 -10.45570183 -10.32263374]
 [-19.29086494 -24.59394073 -23.6143074  -18.43152428]
 [  0.           0.           0.           0.        ]
 [  0.           0.           0.           0.        ]
 [  0.           0.           0.           0.        ]
 [  0.           0.           0.           0.        ]
 [  0.           0.           0.           0.        ]
 [  0.           0.           0.           0.        ]
 [  0.           0.           0.           0.        ]
 [  0.           0.           0.           0.        ]
 [-19.5951519  -26.9080143  -18.47782135 -26.44277954]
 [  0.           0.           0.           0.        ]
 [  0.           0.           0.           0.        ]
 [  0.           0.           0.           0.        ]
 [  0.           0.           0.           0.        ]
 [  0.           0.           0.           0.        ]
 [  0.           0.           0.           0.        ]
 [  0.           0.           0.           0.        ]
 [  0.           0.           0.           0.        ]
 [  0.           0.           0.           0.        ]
 [-16.16871452 -19.36152458 -15.6063509  -22.1809082 ]
 [  0.           0.           0.           0.        ]
 [  0.           0.           0.           0.        ]
 [  0.           0.           0.           0.        ]
 [  0.           0.           0.           0.        ]
 [  0.           0.           0.           0.        ]
 [  0.           0.           0.           0.        ]
 [  0.           0.           0.           0.        ]
 [  0.           0.           0.           0.        ]
 [ -4.33110332  -3.87445378  -0.04804526  -7.26232576]
 [ -5.89647102  -3.83369923  -7.95628023  -2.48857665]
 [ -4.73570728  -1.48238587  -4.64258385  -1.52751064]
 [  0.00821384   0.24476196  -0.39722908  -0.68012452]
 [  0.           0.           0.           0.        ]
 [  0.           0.           0.           0.        ]
 [  0.           0.           0.           0.        ]
 [  0.           0.           0.           0.        ]
 [  0.           0.           0.           0.        ]
 [  0.           0.           0.           0.        ]
 [ -1.16795993  -0.01633376  -0.73819584  -1.19418383]
 [  0.           0.           0.           0.        ]
 [  0.           0.           0.           0.        ]
 [  0.00806125   0.4955647    0.49362954  -0.86043537]
 [  0.           0.           0.           0.        ]
 [  0.           0.           0.           0.        ]
 [  0.           0.           0.           0.        ]
 [  0.           0.           0.           0.        ]
 [  0.           0.           0.           0.        ]
 [  0.           0.           0.           0.        ]
 [  0.00860842   0.05156919   0.39335531   0.00452843]
 [  0.           0.           0.           0.        ]
 [  0.           0.           0.           0.        ]
 [ -0.26308379   0.49357933   0.50661278   0.00283655]
 [  0.00862099   0.27670455   0.504354     0.00119685]
 [  0.           0.           0.           0.        ]
 [  0.           0.           0.           0.        ]
 [  0.           0.           0.           0.        ]
 [  0.           0.           0.           0.        ]
 [  0.           0.           0.           0.        ]
 [  0.           0.           0.           0.        ]
 [  0.           0.           0.           0.        ]
 [  0.           0.           0.           0.        ]
 [  0.           0.           0.           0.        ]
 [  0.           0.           0.           0.        ]
 [  0.           0.           0.           0.        ]
 [  0.           0.           0.           0.        ]
 [  0.           0.           0.           0.        ]
 [  0.           0.           0.           0.        ]
 [  0.           0.           0.           0.        ]
 [  0.           0.           0.           0.        ]
 [  0.           0.           0.           0.        ]
 [  0.           0.           0.           0.        ]
 [  0.           0.           0.           0.        ]
 [  0.           0.           0.           0.        ]
 [  0.           0.           0.           0.        ]
 [  0.           0.           0.           0.        ]
 [  0.           0.           0.           0.        ]]
Training  | Episode: 110000/1000000  | Episode Reward: -79.6667 | Epsilon: 0.7596 | Goal reached: 0
Training  | Episode: 120000/1000000  | Episode Reward: -71.5556 | Epsilon: 0.7408 | Goal reached: 0
Training  | Episode: 130000/1000000  | Episode Reward: -180.1667 | Epsilon: 0.7225 | Goal reached: 0
Training  | Episode: 140000/1000000  | Episode Reward: -118.1667 | Epsilon: 0.7047 | Goal reached: 0
Training  | Episode: 150000/1000000  | Episode Reward: -57.2222 | Epsilon: 0.6873 | Goal reached: 0
Training  | Episode: 160000/1000000  | Episode Reward: -33.2222 | Epsilon: 0.6703 | Goal reached: 0
Training  | Episode: 170000/1000000  | Episode Reward: -49.0556 | Epsilon: 0.6538 | Goal reached: 0
Training  | Episode: 180000/1000000  | Episode Reward: -47.2222 | Epsilon: 0.6376 | Goal reached: 0
Training  | Episode: 190000/1000000  | Episode Reward: -57.2222 | Epsilon: 0.6219 | Goal reached: 0
Training  | Episode: 200000/1000000  | Episode Reward: -80.6667 | Epsilon: 0.6065 | Goal reached: 0
[[-26.0801506  -23.41563225 -21.80275536 -15.11657524]
 [-12.69427586 -11.25413227 -11.0374527  -13.11618614]
 [-12.60880852 -21.24512291 -22.18517494 -24.99601936]
 [  0.           0.           0.           0.        ]
 [  0.           0.           0.           0.        ]
 [  0.           0.           0.           0.        ]
 [  0.           0.           0.           0.        ]
 [  0.           0.           0.           0.        ]
 [  0.           0.           0.           0.        ]
 [  0.           0.           0.           0.        ]
 [  0.           0.           0.           0.        ]
 [-24.35400772 -25.05516243 -11.69596481 -21.58302307]
 [-11.02528477  -9.03895855  -9.58765984 -11.13790798]
 [-19.6553154  -10.74998569 -19.57185173 -20.02594376]
 [-20.0947628  -20.44552612 -26.71820831 -25.60321236]
 [  0.           0.           0.           0.        ]
 [  0.           0.           0.           0.        ]
 [  0.           0.           0.           0.        ]
 [  0.           0.           0.           0.        ]
 [  0.           0.           0.           0.        ]
 [  0.           0.           0.           0.        ]
 [-32.93790436 -31.32279587 -20.2128334  -23.52958107]
 [-19.87532425 -17.88677406 -17.48128128 -11.2161932 ]
 [-11.07590961 -10.55192566 -10.75429344 -10.92370796]
 [-18.77534103 -24.89977646 -24.10840607 -19.24397659]
 [  0.           0.           0.           0.        ]
 [  0.           0.           0.           0.        ]
 [  0.           0.           0.           0.        ]
 [  0.           0.           0.           0.        ]
 [  0.           0.           0.           0.        ]
 [  0.           0.           0.           0.        ]
 [  0.           0.           0.           0.        ]
 [  0.           0.           0.           0.        ]
 [-20.20148468 -24.07373238 -18.05835152 -26.87407303]
 [  0.           0.           0.           0.        ]
 [  0.           0.           0.           0.        ]
 [  0.           0.           0.           0.        ]
 [  0.           0.           0.           0.        ]
 [  0.           0.           0.           0.        ]
 [  0.           0.           0.           0.        ]
 [  0.           0.           0.           0.        ]
 [  0.           0.           0.           0.        ]
 [  0.           0.           0.           0.        ]
 [-18.76889038 -23.53598976 -16.37697029 -25.60640717]
 [  0.           0.           0.           0.        ]
 [  0.           0.           0.           0.        ]
 [  0.           0.           0.           0.        ]
 [  0.           0.           0.           0.        ]
 [  0.           0.           0.           0.        ]
 [  0.           0.           0.           0.        ]
 [  0.           0.           0.           0.        ]
 [  0.           0.           0.           0.        ]
 [-12.73235798  -6.8358984   -7.80583286 -13.88412952]
 [-11.9387188  -10.05578804 -12.30988407  -6.72172546]
 [ -8.82420444  -6.09189224  -6.59516764  -6.3201437 ]
 [ -1.52247477  -1.06609976  -1.81791496  -2.49530816]
 [  0.           0.           0.           0.        ]
 [  0.           0.           0.           0.        ]
 [  0.           0.           0.           0.        ]
 [  0.           0.           0.           0.        ]
 [  0.           0.           0.           0.        ]
 [  0.           0.           0.           0.        ]
 [ -4.80992794  -3.01013041  -2.88743448  -3.88614035]
 [  0.           0.           0.           0.        ]
 [  0.           0.           0.           0.        ]
 [ -0.43149772   0.04625562  -0.04886308  -1.24169445]
 [  0.           0.           0.           0.        ]
 [  0.           0.           0.           0.        ]
 [  0.           0.           0.           0.        ]
 [  0.           0.           0.           0.        ]
 [  0.           0.           0.           0.        ]
 [  0.00150913   0.50939161  -0.10723424   0.00913938]
 [ -0.10861417   0.04452062  -0.17544428  -0.54303348]
 [  0.           0.           0.           0.        ]
 [  0.           0.           0.           0.        ]
 [ -0.53059274   0.48091924   0.4931947    0.0022678 ]
 [  0.00862099   0.16069791   0.16599569   0.00119685]
 [  0.           0.           0.           0.        ]
 [  0.           0.           0.           0.        ]
 [  0.           0.           0.           0.        ]
 [  0.           0.           0.           0.        ]
 [  0.           0.           0.           0.        ]
 [  0.           0.           0.           0.        ]
 [  0.           0.           0.           0.        ]
 [  0.           0.           0.           0.        ]
 [  0.           0.           0.           0.        ]
 [  0.00902891   0.5063138    0.4959549   -0.05055582]
 [  0.00233212   0.50523931   0.50077051   0.0057898 ]
 [  0.           0.           0.           0.        ]
 [  0.           0.           0.           0.        ]
 [  0.           0.           0.           0.        ]
 [  0.           0.           0.           0.        ]
 [  0.           0.           0.           0.        ]
 [  0.           0.           0.           0.        ]
 [  0.           0.           0.           0.        ]
 [  0.           0.           0.           0.        ]
 [  0.           0.           0.           0.        ]
 [  0.           0.           0.           0.        ]
 [  0.           0.           0.           0.        ]
 [  0.           0.           0.           0.        ]]
Training  | Episode: 210000/1000000  | Episode Reward: -77.1667 | Epsilon: 0.5916 | Goal reached: 0
Training  | Episode: 220000/1000000  | Episode Reward: -98.5000 | Epsilon: 0.5769 | Goal reached: 0
Training  | Episode: 230000/1000000  | Episode Reward: -52.9444 | Epsilon: 0.5627 | Goal reached: 0
Training  | Episode: 240000/1000000  | Episode Reward: -102.3889 | Epsilon: 0.5488 | Goal reached: 0
Training  | Episode: 250000/1000000  | Episode Reward: -58.1667 | Epsilon: 0.5353 | Goal reached: 0
Training  | Episode: 260000/1000000  | Episode Reward: -77.2222 | Epsilon: 0.5220 | Goal reached: 0
Training  | Episode: 270000/1000000  | Episode Reward: -77.2222 | Epsilon: 0.5092 | Goal reached: 0
Training  | Episode: 280000/1000000  | Episode Reward: -118.1667 | Epsilon: 0.4966 | Goal reached: 0
Training  | Episode: 290000/1000000  | Episode Reward: -127.7222 | Epsilon: 0.4843 | Goal reached: 0
Training  | Episode: 300000/1000000  | Episode Reward: -53.5000 | Epsilon: 0.4724 | Goal reached: 0
[[-24.53701401 -26.34240532 -25.87572861 -13.13197994]
 [-12.54974174  -9.88105774 -10.64821434 -12.81585693]
 [-12.59251595 -21.96612549 -21.8245697  -24.27492523]
 [  0.           0.           0.           0.        ]
 [  0.           0.           0.           0.        ]
 [  0.           0.           0.           0.        ]
 [  0.           0.           0.           0.        ]
 [  0.           0.           0.           0.        ]
 [  0.           0.           0.           0.        ]
 [  0.           0.           0.           0.        ]
 [  0.           0.           0.           0.        ]
 [-25.62465477 -22.1038456  -11.00866508 -23.32960701]
 [-10.63297653  -8.56581211  -9.69472313  -9.86471176]
 [-21.89567947 -10.7345953  -20.69161987 -21.26529884]
 [-21.11780739 -19.17284012 -26.6568203  -26.79268265]
 [  0.           0.           0.           0.        ]
 [  0.           0.           0.           0.        ]
 [  0.           0.           0.           0.        ]
 [  0.           0.           0.           0.        ]
 [  0.           0.           0.           0.        ]
 [  0.           0.           0.           0.        ]
 [-35.21059418 -34.1548996  -20.56291962 -22.03783035]
 [-19.87254524 -20.48463058 -20.25484276 -10.6768837 ]
 [-11.19075871 -11.33630562 -10.64609909 -11.34662628]
 [-19.97683334 -24.87542152 -24.24985695 -18.00605392]
 [  0.           0.           0.           0.        ]
 [  0.           0.           0.           0.        ]
 [  0.           0.           0.           0.        ]
 [  0.           0.           0.           0.        ]
 [  0.           0.           0.           0.        ]
 [  0.           0.           0.           0.        ]
 [  0.           0.           0.           0.        ]
 [  0.           0.           0.           0.        ]
 [-21.24281502 -25.58244896 -16.53270149 -26.21968269]
 [  0.           0.           0.           0.        ]
 [  0.           0.           0.           0.        ]
 [  0.           0.           0.           0.        ]
 [  0.           0.           0.           0.        ]
 [  0.           0.           0.           0.        ]
 [  0.           0.           0.           0.        ]
 [  0.           0.           0.           0.        ]
 [  0.           0.           0.           0.        ]
 [  0.           0.           0.           0.        ]
 [-18.45199585 -21.44899368 -17.02333069 -24.34183121]
 [  0.           0.           0.           0.        ]
 [  0.           0.           0.           0.        ]
 [  0.           0.           0.           0.        ]
 [  0.           0.           0.           0.        ]
 [  0.           0.           0.           0.        ]
 [  0.           0.           0.           0.        ]
 [  0.           0.           0.           0.        ]
 [  0.           0.           0.           0.        ]
 [-18.56654739 -14.91281891 -14.53731251 -20.3828392 ]
 [-14.6077776  -11.7079668  -14.56234837  -9.69342041]
 [-13.07409286 -11.32524586 -13.42652035 -10.87859154]
 [ -4.57819605  -4.29624653  -4.44312763  -5.96503925]
 [  0.           0.           0.           0.        ]
 [  0.           0.           0.           0.        ]
 [  0.           0.           0.           0.        ]
 [  0.           0.           0.           0.        ]
 [  0.           0.           0.           0.        ]
 [  0.           0.           0.           0.        ]
 [ -8.06147003  -8.06832981  -7.84879732  -8.23723412]
 [  0.           0.           0.           0.        ]
 [  0.           0.           0.           0.        ]
 [ -1.12909269  -1.85790932  -1.30354893  -1.24169445]
 [  0.           0.           0.           0.        ]
 [  0.           0.           0.           0.        ]
 [  0.           0.           0.           0.        ]
 [  0.           0.           0.           0.        ]
 [  0.00970061   0.50920486   0.50383222   0.00476391]
 [ -0.49342564  -0.59755886  -1.30289578  -0.59705758]
 [ -0.69781435  -0.81067359  -2.16307378  -0.96923947]
 [  0.           0.           0.           0.        ]
 [  0.           0.           0.           0.        ]
 [ -0.60456389  -0.19704862   0.06306109  -0.381625  ]
 [  0.00862099   0.16069791  -0.16559544   0.00119685]
 [  0.           0.           0.           0.        ]
 [  0.           0.           0.           0.        ]
 [  0.           0.           0.           0.        ]
 [  0.00749165   0.50443029   0.50514185   0.00681886]
 [  0.           0.           0.           0.        ]
 [  0.           0.           0.           0.        ]
 [  0.           0.           0.           0.        ]
 [  0.           0.           0.           0.        ]
 [  0.           0.           0.           0.        ]
 [  0.00902891   0.5063138    0.4959549   -0.05055582]
 [  0.00233212   0.50523931   0.50077051   0.0057898 ]
 [  0.           0.           0.           0.        ]
 [  0.           0.           0.           0.        ]
 [  0.           0.           0.           0.        ]
 [  0.           0.           0.           0.        ]
 [  0.           0.           0.           0.        ]
 [  0.           0.           0.           0.        ]
 [  0.           0.           0.           0.        ]
 [  0.           0.           0.           0.        ]
 [  0.           0.           0.           0.        ]
 [  0.           0.           0.           0.        ]
 [  0.           0.           0.           0.        ]
 [  0.           0.           0.           0.        ]]
Training  | Episode: 310000/1000000  | Episode Reward: -56.5556 | Epsilon: 0.4607 | Goal reached: 0
Training  | Episode: 320000/1000000  | Episode Reward: -49.0556 | Epsilon: 0.4493 | Goal reached: 0
Training  | Episode: 330000/1000000  | Episode Reward: -69.0556 | Epsilon: 0.4382 | Goal reached: 0
Training  | Episode: 340000/1000000  | Episode Reward: -47.2222 | Epsilon: 0.4274 | Goal reached: 0
Training  | Episode: 350000/1000000  | Episode Reward: -100.1667 | Epsilon: 0.4169 | Goal reached: 0
Training  | Episode: 360000/1000000  | Episode Reward: -69.0556 | Epsilon: 0.4066 | Goal reached: 0
Training  | Episode: 370000/1000000  | Episode Reward: -57.2222 | Epsilon: 0.3965 | Goal reached: 0
Training  | Episode: 380000/1000000  | Episode Reward: -71.6111 | Epsilon: 0.3867 | Goal reached: 0
Training  | Episode: 390000/1000000  | Episode Reward: -47.2222 | Epsilon: 0.3772 | Goal reached: 0
Training  | Episode: 400000/1000000  | Episode Reward: -48.1667 | Epsilon: 0.3679 | Goal reached: 0
[[-26.47219658 -21.27900887 -26.66687584 -14.65754986]
 [-13.13814545 -11.65535164 -11.99925423 -13.56103039]
 [-12.97339535 -20.92574692 -22.12275696 -23.27732086]
 [  0.           0.           0.           0.        ]
 [  0.           0.           0.           0.        ]
 [  0.           0.           0.           0.        ]
 [  0.           0.           0.           0.        ]
 [  0.           0.           0.           0.        ]
 [  0.           0.           0.           0.        ]
 [  0.           0.           0.           0.        ]
 [  0.           0.           0.           0.        ]
 [-23.64341927 -25.20153999 -11.59260941 -20.79542351]
 [-11.63905525 -10.78148174  -8.88455772 -11.13977337]
 [-20.76563072 -10.50401783 -23.04894638 -23.14958   ]
 [-20.90892601 -17.93032265 -27.50380516 -29.41710281]
 [  0.           0.           0.           0.        ]
 [  0.           0.           0.           0.        ]
 [  0.           0.           0.           0.        ]
 [  0.           0.           0.           0.        ]
 [  0.           0.           0.           0.        ]
 [  0.           0.           0.           0.        ]
 [-32.27804565 -29.75771523 -21.46483421 -23.88916779]
 [-20.24652863 -20.7167511  -20.09376144 -11.3483839 ]
 [-11.29833031 -11.53860569 -11.22233391 -11.2842474 ]
 [-18.59274864 -23.09143448 -23.84955978 -19.41708565]
 [  0.           0.           0.           0.        ]
 [  0.           0.           0.           0.        ]
 [  0.           0.           0.           0.        ]
 [  0.           0.           0.           0.        ]
 [  0.           0.           0.           0.        ]
 [  0.           0.           0.           0.        ]
 [  0.           0.           0.           0.        ]
 [  0.           0.           0.           0.        ]
 [-21.08062744 -26.27405167 -21.21796036 -26.91423798]
 [  0.           0.           0.           0.        ]
 [  0.           0.           0.           0.        ]
 [  0.           0.           0.           0.        ]
 [  0.           0.           0.           0.        ]
 [  0.           0.           0.           0.        ]
 [  0.           0.           0.           0.        ]
 [  0.           0.           0.           0.        ]
 [  0.           0.           0.           0.        ]
 [  0.           0.           0.           0.        ]
 [-18.81711388 -22.37960815 -16.79663467 -25.07435226]
 [  0.           0.           0.           0.        ]
 [  0.           0.           0.           0.        ]
 [  0.           0.           0.           0.        ]
 [  0.           0.           0.           0.        ]
 [  0.           0.           0.           0.        ]
 [  0.           0.           0.           0.        ]
 [  0.           0.           0.           0.        ]
 [  0.           0.           0.           0.        ]
 [-20.24421883 -13.38014793 -17.43362236 -23.01390076]
 [-18.12519646 -12.77135086 -14.29232502 -10.18295574]
 [-16.22118378 -12.19314957 -16.35089493 -14.03714371]
 [ -8.9568491   -9.13833141  -9.2628088   -9.63052464]
 [  0.           0.           0.           0.        ]
 [  0.           0.           0.           0.        ]
 [  0.           0.           0.           0.        ]
 [  0.           0.           0.           0.        ]
 [  0.00047325   0.37820238   0.50303733  -0.83469146]
 [  0.           0.           0.           0.        ]
 [-11.54109573 -11.54575634 -11.1444006  -13.32704258]
 [  0.           0.           0.           0.        ]
 [  0.           0.           0.           0.        ]
 [ -2.17112613  -2.5955596   -2.55393887  -3.33093548]
 [  0.           0.           0.           0.        ]
 [  0.           0.           0.           0.        ]
 [  0.           0.           0.           0.        ]
 [  0.           0.           0.           0.        ]
 [  0.00970061   0.33237016   0.34848264  -0.00363433]
 [ -1.1439184   -1.18801033  -2.23121214  -1.28537095]
 [ -3.47461724  -3.55651426  -3.61956286  -3.44779253]
 [  0.           0.           0.           0.        ]
 [  0.           0.           0.           0.        ]
 [ -0.97632003  -0.89319801  -0.57530534  -0.81764632]
 [ -0.09956958  -0.48727748  -0.37943941  -0.06749523]
 [  0.           0.           0.           0.        ]
 [  0.           0.           0.           0.        ]
 [  0.           0.           0.           0.        ]
 [  0.00749165  -0.00056291  -0.0146026    0.00681886]
 [  0.           0.           0.           0.        ]
 [  0.           0.           0.           0.        ]
 [  0.           0.           0.           0.        ]
 [  0.           0.           0.           0.        ]
 [  0.           0.           0.           0.        ]
 [  0.00902891   0.33457777   0.43056989  -0.05055582]
 [  0.00233212   0.50523931   0.50077051   0.0057898 ]
 [  0.           0.           0.           0.        ]
 [  0.           0.           0.           0.        ]
 [  0.0046283    0.48977038   0.40144232   0.00554989]
 [  0.00719295   0.40067685   0.41116345   0.00866383]
 [  0.           0.           0.           0.        ]
 [  0.           0.           0.           0.        ]
 [  0.           0.           0.           0.        ]
 [  0.           0.           0.           0.        ]
 [  0.           0.           0.           0.        ]
 [  0.           0.           0.           0.        ]
 [  0.           0.           0.           0.        ]
 [  0.           0.           0.           0.        ]]
Training  | Episode: 410000/1000000  | Episode Reward: -73.2778 | Epsilon: 0.3588 | Goal reached: 0
Training  | Episode: 420000/1000000  | Episode Reward: -47.2222 | Epsilon: 0.3499 | Goal reached: 0
Training  | Episode: 430000/1000000  | Episode Reward: -95.6111 | Epsilon: 0.3413 | Goal reached: 0
Training  | Episode: 440000/1000000  | Episode Reward: -60.2778 | Epsilon: 0.3329 | Goal reached: 0
Training  | Episode: 450000/1000000  | Episode Reward: -67.2222 | Epsilon: 0.3247 | Goal reached: 0
Training  | Episode: 460000/1000000  | Episode Reward: -156.1667 | Epsilon: 0.3166 | Goal reached: 0
Training  | Episode: 470000/1000000  | Episode Reward: -240.8333 | Epsilon: 0.3088 | Goal reached: 0
Training  | Episode: 480000/1000000  | Episode Reward: -137.1111 | Epsilon: 0.3012 | Goal reached: 0
Training  | Episode: 490000/1000000  | Episode Reward: -192.4444 | Epsilon: 0.2938 | Goal reached: 0
Training  | Episode: 500000/1000000  | Episode Reward: -138.2222 | Epsilon: 0.2865 | Goal reached: 0
[[-27.07474136 -24.94911957 -22.06502342 -15.23187542]
 [-14.23052502 -12.45287037 -12.65566063 -13.65935802]
 [-12.83537006 -20.10460854 -19.23495674 -23.25128746]
 [  0.           0.           0.           0.        ]
 [  0.           0.           0.           0.        ]
 [  0.           0.           0.           0.        ]
 [  0.           0.           0.           0.        ]
 [  0.           0.           0.           0.        ]
 [  0.           0.           0.           0.        ]
 [  0.           0.           0.           0.        ]
 [  0.           0.           0.           0.        ]
 [-27.19888496 -21.41980743 -13.2891264  -24.69451523]
 [-11.22504139 -10.51138401 -10.85929966 -11.32724857]
 [-23.13075829 -11.35104561 -22.58519554 -22.31336021]
 [-21.83633995 -18.59083748 -27.98457909 -25.87648201]
 [  0.           0.           0.           0.        ]
 [  0.           0.           0.           0.        ]
 [  0.           0.           0.           0.        ]
 [  0.           0.           0.           0.        ]
 [  0.           0.           0.           0.        ]
 [  0.           0.           0.           0.        ]
 [-34.31694412 -31.97880363 -21.7799263  -23.3242588 ]
 [-20.46995926 -19.0760498  -18.47789955 -10.78953266]
 [-11.75600719 -11.51890469 -10.98181152 -11.64581013]
 [-18.10061073 -23.57549477 -25.98841667 -19.48468781]
 [  0.           0.           0.           0.        ]
 [  0.           0.           0.           0.        ]
 [  0.           0.           0.           0.        ]
 [  0.           0.           0.           0.        ]
 [  0.           0.           0.           0.        ]
 [  0.           0.           0.           0.        ]
 [  0.           0.           0.           0.        ]
 [  0.           0.           0.           0.        ]
 [-19.40594482 -27.16377068 -18.08213234 -25.85145569]
 [  0.           0.           0.           0.        ]
 [  0.           0.           0.           0.        ]
 [  0.           0.           0.           0.        ]
 [  0.           0.           0.           0.        ]
 [  0.           0.           0.           0.        ]
 [  0.           0.           0.           0.        ]
 [  0.           0.           0.           0.        ]
 [  0.           0.           0.           0.        ]
 [  0.           0.           0.           0.        ]
 [-19.04084587 -23.22520828 -16.31463432 -25.83293915]
 [  0.           0.           0.           0.        ]
 [  0.           0.           0.           0.        ]
 [  0.           0.           0.           0.        ]
 [  0.           0.           0.           0.        ]
 [  0.           0.           0.           0.        ]
 [  0.           0.           0.           0.        ]
 [  0.           0.           0.           0.        ]
 [  0.           0.           0.           0.        ]
 [-23.05419922 -18.70858574 -18.66896057 -23.64970398]
 [-15.66689873 -14.0283308  -15.91113949 -10.94125652]
 [-18.01713562 -13.02121544 -18.08437347 -13.60838509]
 [-12.28706741 -12.32859135 -12.08339024 -12.98592854]
 [  0.           0.           0.           0.        ]
 [  0.           0.           0.           0.        ]
 [  0.           0.           0.           0.        ]
 [  0.           0.           0.           0.        ]
 [ -0.71671903  -0.0173161   -0.11303759  -0.83469146]
 [  0.           0.           0.           0.        ]
 [-13.83615017 -14.18229675 -14.33681297 -15.89922237]
 [  0.           0.           0.           0.        ]
 [  0.           0.           0.           0.        ]
 [ -4.54485798  -4.62587023  -4.48622084  -4.51529884]
 [  0.           0.           0.           0.        ]
 [  0.           0.           0.           0.        ]
 [  0.           0.           0.           0.        ]
 [  0.           0.           0.           0.        ]
 [  0.00970061   0.04851505   0.14602974  -0.247843  ]
 [ -3.47508764  -2.86254835  -3.23387694  -3.0744133 ]
 [ -6.53872108  -6.77300644  -6.24486637  -6.49600267]
 [  0.           0.           0.           0.        ]
 [  0.           0.           0.           0.        ]
 [ -2.15126109  -1.71691418  -1.60974312  -1.54528546]
 [ -0.23815973  -0.54757607  -0.79438221  -0.39441654]
 [  0.           0.           0.           0.        ]
 [  0.           0.           0.           0.        ]
 [  0.           0.           0.           0.        ]
 [ -0.2204248   -0.11166839  -0.13337773  -0.48822209]
 [  0.           0.           0.           0.        ]
 [  0.           0.           0.           0.        ]
 [  0.           0.           0.           0.        ]
 [  0.           0.           0.           0.        ]
 [  0.           0.           0.           0.        ]
 [  0.00902891   0.33457777   0.09353203  -0.05055582]
 [  0.00233212   0.50523931   0.50077051   0.0057898 ]
 [  0.           0.           0.           0.        ]
 [  0.           0.           0.           0.        ]
 [  0.0046283    0.48977038   0.40144232   0.00554989]
 [  0.00719295   0.40067685   0.41116345   0.00866383]
 [  0.           0.           0.           0.        ]
 [  0.           0.           0.           0.        ]
 [  0.           0.           0.           0.        ]
 [  0.           0.           0.           0.        ]
 [  0.           0.           0.           0.        ]
 [  0.           0.           0.           0.        ]
 [  0.           0.           0.           0.        ]
 [  0.           0.           0.           0.        ]]
Training  | Episode: 510000/1000000  | Episode Reward: -193.3333 | Epsilon: 0.2794 | Goal reached: 0
Training  | Episode: 520000/1000000  | Episode Reward: -344.1111 | Epsilon: 0.2725 | Goal reached: 0
Training  | Episode: 530000/1000000  | Episode Reward: -87.2222 | Epsilon: 0.2658 | Goal reached: 0
Training  | Episode: 540000/1000000  | Episode Reward: -69.5556 | Epsilon: 0.2592 | Goal reached: 0
Training  | Episode: 550000/1000000  | Episode Reward: -82.7222 | Epsilon: 0.2528 | Goal reached: 0
Training  | Episode: 560000/1000000  | Episode Reward: -160.3889 | Epsilon: 0.2466 | Goal reached: 0
Training  | Episode: 570000/1000000  | Episode Reward: -246.7778 | Epsilon: 0.2405 | Goal reached: 0
Training  | Episode: 580000/1000000  | Episode Reward: -69.8889 | Epsilon: 0.2346 | Goal reached: 0
Training  | Episode: 590000/1000000  | Episode Reward: -233.0556 | Epsilon: 0.2288 | Goal reached: 0
Training  | Episode: 600000/1000000  | Episode Reward: -63.8333 | Epsilon: 0.2231 | Goal reached: 0
[[-27.79275513 -23.83395767 -26.6622982  -15.09401989]
 [-12.64985752 -11.01451015 -11.87543869 -13.20034599]
 [-12.56245995 -23.54596329 -20.75108719 -21.77983284]
 [  0.           0.           0.           0.        ]
 [  0.           0.           0.           0.        ]
 [  0.           0.           0.           0.        ]
 [  0.           0.           0.           0.        ]
 [  0.           0.           0.           0.        ]
 [  0.           0.           0.           0.        ]
 [  0.           0.           0.           0.        ]
 [  0.           0.           0.           0.        ]
 [-26.10410309 -20.65125847 -12.31157494 -24.77306175]
 [-11.73041439  -9.90290165 -10.92673969 -10.92882633]
 [-22.46523094 -10.95768738 -20.79890633 -21.09869003]
 [-21.7410965  -18.77011108 -28.42922974 -25.85712433]
 [  0.           0.           0.           0.        ]
 [  0.           0.           0.           0.        ]
 [  0.           0.           0.           0.        ]
 [  0.           0.           0.           0.        ]
 [  0.           0.           0.           0.        ]
 [  0.           0.           0.           0.        ]
 [-32.62457275 -29.03083038 -21.7561245  -23.76680565]
 [-20.11999321 -20.63144684 -19.22202873 -11.86852551]
 [-11.33923626 -10.75062847 -11.17601967 -11.01263332]
 [-20.03067589 -23.60492706 -24.44441986 -17.98384857]
 [  0.           0.           0.           0.        ]
 [  0.           0.           0.           0.        ]
 [  0.           0.           0.           0.        ]
 [  0.           0.           0.           0.        ]
 [  0.           0.           0.           0.        ]
 [  0.           0.           0.           0.        ]
 [  0.           0.           0.           0.        ]
 [  0.           0.           0.           0.        ]
 [-19.12351227 -28.74146843 -17.76373482 -26.08282661]
 [  0.           0.           0.           0.        ]
 [  0.           0.           0.           0.        ]
 [  0.           0.           0.           0.        ]
 [  0.           0.           0.           0.        ]
 [  0.           0.           0.           0.        ]
 [  0.           0.           0.           0.        ]
 [  0.           0.           0.           0.        ]
 [  0.           0.           0.           0.        ]
 [  0.           0.           0.           0.        ]
 [-17.39110374 -23.51801109 -16.51116943 -25.33138084]
 [  0.           0.           0.           0.        ]
 [  0.           0.           0.           0.        ]
 [  0.           0.           0.           0.        ]
 [  0.           0.           0.           0.        ]
 [  0.           0.           0.           0.        ]
 [  0.           0.           0.           0.        ]
 [  0.           0.           0.           0.        ]
 [  0.           0.           0.           0.        ]
 [-24.8051796  -17.39673805 -19.71765137 -24.38155174]
 [-16.51245308 -14.67379475 -15.5083456  -11.20446682]
 [-19.69159889 -12.92362976 -18.5032196  -15.78762913]
 [-13.56058121 -10.4779911  -13.87714767 -14.5427084 ]
 [  0.           0.           0.           0.        ]
 [  0.           0.           0.           0.        ]
 [  0.           0.           0.           0.        ]
 [  0.           0.           0.           0.        ]
 [ -0.93385911  -0.85776669  -1.41741467  -1.42401171]
 [  0.           0.           0.           0.        ]
 [-16.22862053 -17.75346375 -15.2407999  -17.34105682]
 [  0.           0.           0.           0.        ]
 [  0.           0.           0.           0.        ]
 [ -7.37164164  -7.3313055   -7.36791945  -7.58452702]
 [  0.           0.           0.           0.        ]
 [  0.           0.           0.           0.        ]
 [  0.           0.           0.           0.        ]
 [  0.           0.           0.           0.        ]
 [ -0.4045704   -0.62173438  -0.62116724  -0.39585939]
 [ -4.68882751  -4.77859545  -4.79637146  -4.76865149]
 [ -9.46974277  -9.24399185  -9.4682188   -9.28350639]
 [  0.           0.           0.           0.        ]
 [  0.           0.           0.           0.        ]
 [ -3.04233789  -2.94312525  -2.95041561  -2.8978076 ]
 [ -0.93686128  -0.95586067  -0.7820037   -0.91988158]
 [  0.           0.           0.           0.        ]
 [  0.           0.           0.           0.        ]
 [  0.           0.           0.           0.        ]
 [ -0.62455285  -0.6043396   -0.74134725  -0.60092264]
 [  0.           0.           0.           0.        ]
 [  0.           0.           0.           0.        ]
 [  0.           0.           0.           0.        ]
 [  0.           0.           0.           0.        ]
 [  0.           0.           0.           0.        ]
 [  0.00902891   0.05511558   0.09353203  -0.32231534]
 [  0.00233212   0.50523931   0.50077051   0.0057898 ]
 [  0.           0.           0.           0.        ]
 [  0.           0.           0.           0.        ]
 [ -0.09459065  -0.09916456  -0.15254308  -0.09450561]
 [  0.00719295   0.29662469  -0.09196442  -0.09145394]
 [  0.           0.           0.           0.        ]
 [  0.           0.           0.           0.        ]
 [  0.           0.           0.           0.        ]
 [  0.           0.           0.           0.        ]
 [  0.           0.           0.           0.        ]
 [  0.           0.           0.           0.        ]
 [  0.           0.           0.           0.        ]
 [  0.           0.           0.           0.        ]]
Training  | Episode: 610000/1000000  | Episode Reward: -63.8333 | Epsilon: 0.2176 | Goal reached: 0
Training  | Episode: 620000/1000000  | Episode Reward: -80.4444 | Epsilon: 0.2122 | Goal reached: 0
Training  | Episode: 630000/1000000  | Episode Reward: -190.3889 | Epsilon: 0.2070 | Goal reached: 0
Training  | Episode: 640000/1000000  | Episode Reward: -259.0000 | Epsilon: 0.2019 | Goal reached: 0
Training  | Episode: 650000/1000000  | Episode Reward: -304.8889 | Epsilon: 0.1969 | Goal reached: 0
Training  | Episode: 660000/1000000  | Episode Reward: -256.8889 | Epsilon: 0.1920 | Goal reached: 0
Training  | Episode: 670000/1000000  | Episode Reward: -91.1667 | Epsilon: 0.1873 | Goal reached: 0
Training  | Episode: 680000/1000000  | Episode Reward: -96.7778 | Epsilon: 0.1827 | Goal reached: 0
Training  | Episode: 690000/1000000  | Episode Reward: -91.5000 | Epsilon: 0.1782 | Goal reached: 0
Training  | Episode: 700000/1000000  | Episode Reward: -472.0556 | Epsilon: 0.1738 | Goal reached: 0
[[-26.70264816 -25.29534531 -22.11084557 -14.35837364]
 [-13.9217844  -12.91243267 -12.4836998  -13.65311337]
 [-12.81958008 -22.34251213 -21.4117012  -24.11232758]
 [  0.           0.           0.           0.        ]
 [  0.           0.           0.           0.        ]
 [  0.           0.           0.           0.        ]
 [  0.           0.           0.           0.        ]
 [  0.           0.           0.           0.        ]
 [  0.           0.           0.           0.        ]
 [  0.           0.           0.           0.        ]
 [  0.           0.           0.           0.        ]
 [-25.88865852 -22.27073288 -12.95733643 -23.59246254]
 [-12.12880802 -10.70556641 -10.84462261 -11.51487541]
 [-20.99624443 -11.74114609 -20.8077507  -23.12584686]
 [-23.54912376 -18.86530113 -27.78382301 -26.77752876]
 [  0.           0.           0.           0.        ]
 [  0.           0.           0.           0.        ]
 [  0.           0.           0.           0.        ]
 [  0.           0.           0.           0.        ]
 [  0.           0.           0.           0.        ]
 [  0.           0.           0.           0.        ]
 [-34.32648849 -28.93090439 -21.2518959  -26.72488785]
 [-20.83371735 -19.02322769 -18.62553024 -10.87624073]
 [-11.75379753 -12.32659435 -11.51220322 -11.55406952]
 [-17.66244698 -24.32295799 -23.08760071 -20.15472794]
 [  0.           0.           0.           0.        ]
 [  0.           0.           0.           0.        ]
 [  0.           0.           0.           0.        ]
 [  0.           0.           0.           0.        ]
 [  0.           0.           0.           0.        ]
 [  0.           0.           0.           0.        ]
 [  0.           0.           0.           0.        ]
 [  0.           0.           0.           0.        ]
 [-20.68037224 -26.29612541 -20.13285446 -26.4943161 ]
 [  0.           0.           0.           0.        ]
 [  0.           0.           0.           0.        ]
 [  0.           0.           0.           0.        ]
 [  0.           0.           0.           0.        ]
 [  0.           0.           0.           0.        ]
 [  0.           0.           0.           0.        ]
 [  0.           0.           0.           0.        ]
 [  0.           0.           0.           0.        ]
 [  0.           0.           0.           0.        ]
 [-18.76036072 -21.65344238 -17.21530533 -24.09696198]
 [  0.           0.           0.           0.        ]
 [  0.           0.           0.           0.        ]
 [  0.           0.           0.           0.        ]
 [  0.           0.           0.           0.        ]
 [  0.           0.           0.           0.        ]
 [  0.           0.           0.           0.        ]
 [  0.           0.           0.           0.        ]
 [  0.           0.           0.           0.        ]
 [-25.6899662  -19.7622757  -17.27671051 -24.82354927]
 [-15.92877102 -13.48566246 -16.91262054 -10.78548241]
 [-20.878088   -13.12736416 -18.79710579 -15.86956406]
 [-13.9510622  -12.29295444 -14.90218925 -15.72360516]
 [  0.           0.           0.           0.        ]
 [  0.           0.           0.           0.        ]
 [  0.           0.           0.           0.        ]
 [  0.           0.           0.           0.        ]
 [ -0.93385911  -1.44662547  -1.41741467  -1.42401171]
 [  0.           0.           0.           0.        ]
 [-17.25891304 -17.81340218 -15.56205177 -19.25069046]
 [  0.           0.           0.           0.        ]
 [  0.           0.           0.           0.        ]
 [ -9.99642658  -9.82068062  -9.44891357  -9.97288322]
 [  0.           0.           0.           0.        ]
 [  0.           0.           0.           0.        ]
 [  0.           0.           0.           0.        ]
 [  0.           0.           0.           0.        ]
 [ -0.65631759  -0.62173438  -0.63141584  -0.68607068]
 [ -6.38995647  -6.68037558  -6.74869108  -6.46155882]
 [-11.90747833 -11.91444588 -11.85697365 -11.61428738]
 [  0.           0.           0.           0.        ]
 [  0.           0.           0.           0.        ]
 [ -4.24050045  -4.25937748  -4.40525723  -4.15349674]
 [ -1.39841843  -1.21215177  -1.27225852  -1.30546916]
 [  0.           0.           0.           0.        ]
 [  0.           0.           0.           0.        ]
 [  0.           0.           0.           0.        ]
 [ -0.83323538  -0.79402268  -1.22142494  -1.08380878]
 [  0.           0.           0.           0.        ]
 [  0.           0.           0.           0.        ]
 [  0.           0.           0.           0.        ]
 [  0.           0.           0.           0.        ]
 [  0.           0.           0.           0.        ]
 [ -0.15276141   0.05568764  -0.06994835  -0.32231534]
 [  0.00233212   0.45575321   0.50077051   0.0057898 ]
 [  0.00260026   0.50350893   0.50438815   0.00091392]
 [  0.           0.           0.           0.        ]
 [ -0.20869216  -0.19817293  -0.3347626   -0.40853688]
 [ -0.08176786  -0.01872037  -0.09196442  -0.09145394]
 [  0.           0.           0.           0.        ]
 [  0.           0.           0.           0.        ]
 [  0.           0.           0.           0.        ]
 [  0.           0.           0.           0.        ]
 [  0.           0.           0.           0.        ]
 [  0.           0.           0.           0.        ]
 [  0.           0.           0.           0.        ]
 [  0.           0.           0.           0.        ]]
Training  | Episode: 710000/1000000  | Episode Reward: -57.2222 | Epsilon: 0.1695 | Goal reached: 0
Training  | Episode: 720000/1000000  | Episode Reward: -68.5000 | Epsilon: 0.1653 | Goal reached: 0
Training  | Episode: 730000/1000000  | Episode Reward: -69.0000 | Epsilon: 0.1612 | Goal reached: 0
Training  | Episode: 740000/1000000  | Episode Reward: -52.1667 | Epsilon: 0.1572 | Goal reached: 0
Training  | Episode: 750000/1000000  | Episode Reward: -154.7222 | Epsilon: 0.1534 | Goal reached: 0
Training  | Episode: 760000/1000000  | Episode Reward: -230.7222 | Epsilon: 0.1496 | Goal reached: 0
Training  | Episode: 770000/1000000  | Episode Reward: -138.2778 | Epsilon: 0.1459 | Goal reached: 0
Training  | Episode: 780000/1000000  | Episode Reward: -79.3889 | Epsilon: 0.1423 | Goal reached: 0
Training  | Episode: 790000/1000000  | Episode Reward: -348.1667 | Epsilon: 0.1388 | Goal reached: 0
Training  | Episode: 800000/1000000  | Episode Reward: -109.1667 | Epsilon: 0.1353 | Goal reached: 0
[[-27.42176628 -25.64873886 -25.62723732 -16.06936073]
 [-14.26616383 -12.15354347 -13.48697186 -14.38264656]
 [-13.84089756 -23.46070671 -25.53342247 -26.95665169]
 [  0.           0.           0.           0.        ]
 [  0.           0.           0.           0.        ]
 [  0.           0.           0.           0.        ]
 [  0.           0.           0.           0.        ]
 [  0.           0.           0.           0.        ]
 [  0.           0.           0.           0.        ]
 [  0.           0.           0.           0.        ]
 [  0.           0.           0.           0.        ]
 [-22.03943825 -22.10409546 -12.47094059 -22.73845673]
 [-12.05496693 -11.29291153 -10.98755646 -12.25384426]
 [-22.76387024 -11.28286266 -21.81035042 -24.06000519]
 [-22.60050774 -20.34266472 -28.39288712 -29.78154373]
 [  0.           0.           0.           0.        ]
 [  0.           0.           0.           0.        ]
 [  0.           0.           0.           0.        ]
 [  0.           0.           0.           0.        ]
 [  0.           0.           0.           0.        ]
 [  0.           0.           0.           0.        ]
 [-31.03162575 -32.50535583 -20.96077728 -26.66168404]
 [-18.75937653 -20.74699402 -19.24364662 -12.29854965]
 [-11.78765869 -11.4823761  -11.6970396  -11.70604897]
 [-19.70544815 -25.2170887  -25.76042747 -17.59739494]
 [  0.           0.           0.           0.        ]
 [  0.           0.           0.           0.        ]
 [  0.           0.           0.           0.        ]
 [  0.           0.           0.           0.        ]
 [  0.           0.           0.           0.        ]
 [  0.           0.           0.           0.        ]
 [  0.           0.           0.           0.        ]
 [  0.           0.           0.           0.        ]
 [-20.65034485 -26.57370377 -17.23576546 -27.5215168 ]
 [  0.           0.           0.           0.        ]
 [  0.           0.           0.           0.        ]
 [  0.           0.           0.           0.        ]
 [  0.           0.           0.           0.        ]
 [  0.           0.           0.           0.        ]
 [  0.           0.           0.           0.        ]
 [  0.           0.           0.           0.        ]
 [  0.           0.           0.           0.        ]
 [  0.           0.           0.           0.        ]
 [-19.42867851 -24.0923996  -15.31235886 -24.26381683]
 [  0.           0.           0.           0.        ]
 [  0.           0.           0.           0.        ]
 [  0.           0.           0.           0.        ]
 [  0.           0.           0.           0.        ]
 [  0.           0.           0.           0.        ]
 [  0.           0.           0.           0.        ]
 [  0.           0.           0.           0.        ]
 [  0.           0.           0.           0.        ]
 [-25.59464455 -18.03590775 -19.8340168  -26.43781471]
 [-17.05669594 -13.37483883 -15.12721443 -10.42037201]
 [-19.07405663 -13.45737362 -18.09926414 -14.32946968]
 [-14.34668827 -12.46046448 -15.34996891 -15.87846565]
 [  0.           0.           0.           0.        ]
 [  0.           0.           0.           0.        ]
 [  0.           0.           0.           0.        ]
 [  0.           0.           0.           0.        ]
 [ -3.04038095  -3.36740565  -3.22492886  -3.33790421]
 [  0.           0.           0.           0.        ]
 [-16.11199379 -18.36648178 -15.65436935 -19.83825684]
 [  0.           0.           0.           0.        ]
 [  0.           0.           0.           0.        ]
 [-11.60417175 -11.68442345 -10.37867641 -11.69372368]
 [  0.           0.           0.           0.        ]
 [  0.           0.           0.           0.        ]
 [  0.           0.           0.           0.        ]
 [  0.           0.           0.           0.        ]
 [ -1.39667404  -1.47676945  -1.56666291  -1.45662892]
 [ -8.94543457  -9.02933598  -8.91977787  -9.24095917]
 [-13.2651701  -13.26998806 -13.72093201 -13.22975159]
 [  0.           0.           0.           0.        ]
 [  0.           0.           0.           0.        ]
 [ -5.52457952  -5.46448898  -5.52854109  -5.73247957]
 [ -1.77694178  -1.92007983  -1.70416093  -1.97833753]
 [  0.           0.           0.           0.        ]
 [  0.           0.           0.           0.        ]
 [  0.           0.           0.           0.        ]
 [ -1.72106957  -1.83890343  -2.13402247  -1.67710614]
 [  0.           0.           0.           0.        ]
 [  0.           0.           0.           0.        ]
 [  0.           0.           0.           0.        ]
 [  0.           0.           0.           0.        ]
 [  0.           0.           0.           0.        ]
 [ -0.15276141  -0.21819675  -0.23015912  -0.32231534]
 [  0.00233212   0.45575321   0.50077051   0.0057898 ]
 [  0.00260026   0.50350893   0.50438815   0.00091392]
 [  0.           0.           0.           0.        ]
 [ -0.59402704  -0.47593987  -0.45133111  -0.52338642]
 [ -0.08176786  -0.40218139  -0.09196442  -0.09145394]
 [  0.           0.           0.           0.        ]
 [  0.           0.           0.           0.        ]
 [  0.           0.           0.           0.        ]
 [  0.           0.           0.           0.        ]
 [  0.           0.           0.           0.        ]
 [  0.           0.           0.           0.        ]
 [  0.           0.           0.           0.        ]
 [  0.           0.           0.           0.        ]]
Training  | Episode: 810000/1000000  | Episode Reward: -75.5000 | Epsilon: 0.1320 | Goal reached: 0
Training  | Episode: 820000/1000000  | Episode Reward: -118.2778 | Epsilon: 0.1287 | Goal reached: 0
Training  | Episode: 830000/1000000  | Episode Reward: -130.4444 | Epsilon: 0.1256 | Goal reached: 0
Training  | Episode: 840000/1000000  | Episode Reward: -160.0000 | Epsilon: 0.1225 | Goal reached: 0
Training  | Episode: 850000/1000000  | Episode Reward: -70.7778 | Epsilon: 0.1194 | Goal reached: 0
Training  | Episode: 860000/1000000  | Episode Reward: -119.2778 | Epsilon: 0.1165 | Goal reached: 0
Training  | Episode: 870000/1000000  | Episode Reward: -106.8333 | Epsilon: 0.1136 | Goal reached: 0
Training  | Episode: 880000/1000000  | Episode Reward: -128.3889 | Epsilon: 0.1108 | Goal reached: 0
Training  | Episode: 890000/1000000  | Episode Reward: -93.3333 | Epsilon: 0.1081 | Goal reached: 0
Training  | Episode: 900000/1000000  | Episode Reward: -275.6667 | Epsilon: 0.1054 | Goal reached: 0
[[-29.29413795 -23.38480949 -25.67523193 -14.6009798 ]
 [-13.74223709 -12.28939533 -12.41828537 -12.88559532]
 [-13.30199528 -20.94251633 -19.60006523 -24.10445213]
 [  0.           0.           0.           0.        ]
 [  0.           0.           0.           0.        ]
 [  0.           0.           0.           0.        ]
 [  0.           0.           0.           0.        ]
 [  0.           0.           0.           0.        ]
 [  0.           0.           0.           0.        ]
 [  0.           0.           0.           0.        ]
 [  0.           0.           0.           0.        ]
 [-26.21809387 -24.82320786 -13.25242138 -22.72393036]
 [-11.42618561  -9.66627693 -11.10368347 -11.40499592]
 [-21.55700302 -11.48812675 -22.23828125 -23.14582443]
 [-22.18050575 -18.26888275 -26.19696617 -28.45734978]
 [  0.           0.           0.           0.        ]
 [  0.           0.           0.           0.        ]
 [  0.           0.           0.           0.        ]
 [  0.           0.           0.           0.        ]
 [  0.           0.           0.           0.        ]
 [  0.           0.           0.           0.        ]
 [-32.28681564 -31.3421402  -21.25208282 -26.09699631]
 [-22.54210663 -19.80270576 -19.06455421 -11.82269859]
 [-11.84519958 -11.56797886 -10.76001835 -11.71864319]
 [-19.64373589 -24.68429947 -24.48613358 -18.39469719]
 [  0.           0.           0.           0.        ]
 [  0.           0.           0.           0.        ]
 [  0.           0.           0.           0.        ]
 [  0.           0.           0.           0.        ]
 [  0.           0.           0.           0.        ]
 [  0.           0.           0.           0.        ]
 [  0.           0.           0.           0.        ]
 [  0.           0.           0.           0.        ]
 [-19.68552971 -27.45695114 -18.19448471 -25.18871307]
 [  0.           0.           0.           0.        ]
 [  0.           0.           0.           0.        ]
 [  0.           0.           0.           0.        ]
 [  0.           0.           0.           0.        ]
 [  0.           0.           0.           0.        ]
 [  0.           0.           0.           0.        ]
 [  0.           0.           0.           0.        ]
 [  0.           0.           0.           0.        ]
 [  0.           0.           0.           0.        ]
 [-19.39536667 -20.11449242 -16.66688919 -24.7428627 ]
 [  0.           0.           0.           0.        ]
 [  0.           0.           0.           0.        ]
 [  0.           0.           0.           0.        ]
 [  0.           0.           0.           0.        ]
 [  0.           0.           0.           0.        ]
 [  0.           0.           0.           0.        ]
 [  0.           0.           0.           0.        ]
 [  0.           0.           0.           0.        ]
 [-23.65372849 -19.48759651 -17.5816803  -26.37965012]
 [-16.6204834  -14.27925682 -15.23320198 -10.99335861]
 [-18.9417057  -13.74164581 -19.57360649 -16.19203949]
 [-14.17978287 -13.29371452 -15.77357578 -16.16122437]
 [  0.           0.           0.           0.        ]
 [  0.           0.           0.           0.        ]
 [  0.           0.           0.           0.        ]
 [  0.           0.           0.           0.        ]
 [ -4.48306465  -4.49779701  -4.40829849  -4.6257453 ]
 [  0.           0.           0.           0.        ]
 [-17.0065403  -19.67366791 -16.94763374 -20.94887352]
 [  0.           0.           0.           0.        ]
 [  0.           0.           0.           0.        ]
 [-11.44387531 -12.14337635 -10.14559841 -12.13808346]
 [  0.           0.           0.           0.        ]
 [  0.           0.           0.           0.        ]
 [  0.           0.           0.           0.        ]
 [  0.           0.           0.           0.        ]
 [ -2.39859533  -2.33692646  -2.50226116  -2.48983693]
 [-11.99714947 -11.573493   -12.08745289 -12.07540131]
 [-13.52604485 -13.77829266 -13.8570652  -12.63549423]
 [  0.           0.           0.           0.        ]
 [  0.           0.           0.           0.        ]
 [ -6.94879627  -7.04556608  -6.95876122  -7.06283903]
 [ -2.45607734  -2.51252151  -2.6032598   -2.57619309]
 [  0.           0.           0.           0.        ]
 [  0.           0.           0.           0.        ]
 [  0.           0.           0.           0.        ]
 [ -2.53771496  -2.5405519   -2.83894515  -2.50575805]
 [  0.           0.           0.           0.        ]
 [  0.           0.           0.           0.        ]
 [  0.           0.           0.           0.        ]
 [  0.           0.           0.           0.        ]
 [  0.           0.           0.           0.        ]
 [ -0.31131592  -0.46946985  -0.30316633  -0.39149719]
 [  0.00233212   0.44884518   0.49356797  -0.00988795]
 [  0.00260026   0.38658011   0.33269513   0.00091392]
 [  0.           0.           0.           0.        ]
 [ -1.04263604  -1.03321195  -0.9915688   -0.97999591]
 [ -0.57503712  -0.40218139  -0.47396058  -0.67558563]
 [  0.           0.           0.           0.        ]
 [  0.           0.           0.           0.        ]
 [  0.           0.           0.           0.        ]
 [  0.           0.           0.           0.        ]
 [  0.           0.           0.           0.        ]
 [  0.00999127   0.47776836   0.47463295   0.00002927]
 [  0.00482982   0.48559755   0.46170887   0.00585823]
 [  0.           0.           0.           0.        ]]
Training  | Episode: 910000/1000000  | Episode Reward: -92.6111 | Epsilon: 0.1028 | Goal reached: 0
Training  | Episode: 920000/1000000  | Episode Reward: -160.1667 | Epsilon: 0.1003 | Goal reached: 0
Training  | Episode: 930000/1000000  | Episode Reward: -43.0556 | Epsilon: 0.1000 | Goal reached: 0
Training  | Episode: 940000/1000000  | Episode Reward: -167.2222 | Epsilon: 0.1000 | Goal reached: 0
Training  | Episode: 950000/1000000  | Episode Reward: -182.1667 | Epsilon: 0.1000 | Goal reached: 0
Training  | Episode: 960000/1000000  | Episode Reward: -81.2778 | Epsilon: 0.1000 | Goal reached: 0
Training  | Episode: 970000/1000000  | Episode Reward: -35.3889 | Epsilon: 0.1000 | Goal reached: 0
Training  | Episode: 980000/1000000  | Episode Reward: -113.2778 | Epsilon: 0.1000 | Goal reached: 0
Training  | Episode: 990000/1000000  | Episode Reward: -103.6111 | Epsilon: 0.1000 | Goal reached: 0
[[-27.91286087 -27.63235092 -24.23278236 -14.01210308]
 [-13.90014362 -12.79544926 -12.09990025 -13.39219856]
 [-13.19079018 -21.51509666 -23.60001945 -26.13489532]
 [  0.           0.           0.           0.        ]
 [  0.           0.           0.           0.        ]
 [  0.           0.           0.           0.        ]
 [  0.           0.           0.           0.        ]
 [  0.           0.           0.           0.        ]
 [  0.           0.           0.           0.        ]
 [  0.           0.           0.           0.        ]
 [  0.           0.           0.           0.        ]
 [-24.56103325 -26.18441772 -13.37233448 -24.5984745 ]
 [-12.40228271 -10.30920601 -11.31902504 -11.92575741]
 [-21.08511925 -11.7889328  -20.71899986 -19.9721241 ]
 [-21.03369713 -17.51436615 -27.4049263  -27.67181015]
 [  0.           0.           0.           0.        ]
 [  0.           0.           0.           0.        ]
 [  0.           0.           0.           0.        ]
 [  0.           0.           0.           0.        ]
 [  0.           0.           0.           0.        ]
 [  0.           0.           0.           0.        ]
 [-33.67620087 -31.34690666 -22.06682968 -23.72559738]
 [-21.28212357 -20.56580162 -18.54375648 -13.03936768]
 [-11.81310272 -11.61869621 -11.93158054 -12.20914459]
 [-20.19347572 -23.99396515 -24.80086327 -18.15760612]
 [  0.           0.           0.           0.        ]
 [  0.           0.           0.           0.        ]
 [  0.           0.           0.           0.        ]
 [  0.           0.           0.           0.        ]
 [  0.           0.           0.           0.        ]
 [  0.           0.           0.           0.        ]
 [  0.           0.           0.           0.        ]
 [  0.           0.           0.           0.        ]
 [-19.83168983 -26.39087486 -17.90270996 -27.51775932]
 [  0.           0.           0.           0.        ]
 [  0.           0.           0.           0.        ]
 [  0.           0.           0.           0.        ]
 [  0.           0.           0.           0.        ]
 [  0.           0.           0.           0.        ]
 [  0.           0.           0.           0.        ]
 [  0.           0.           0.           0.        ]
 [  0.           0.           0.           0.        ]
 [  0.           0.           0.           0.        ]
 [-19.18384361 -22.42247772 -18.15496063 -25.58850288]
 [  0.           0.           0.           0.        ]
 [  0.           0.           0.           0.        ]
 [  0.           0.           0.           0.        ]
 [  0.           0.           0.           0.        ]
 [  0.           0.           0.           0.        ]
 [  0.           0.           0.           0.        ]
 [  0.           0.           0.           0.        ]
 [  0.           0.           0.           0.        ]
 [-25.01273537 -17.42363167 -19.82247925 -23.95762062]
 [-16.3381424  -13.82555199 -16.83268929 -11.19393921]
 [-20.77090645 -12.44751453 -19.34572601 -15.00163937]
 [-14.85350513 -11.59760666 -15.92557812 -16.92699242]
 [  0.           0.           0.           0.        ]
 [  0.           0.           0.           0.        ]
 [  0.           0.           0.           0.        ]
 [  0.           0.           0.           0.        ]
 [ -5.804811    -5.21711874  -5.48146629  -5.2195425 ]
 [  0.           0.           0.           0.        ]
 [-18.03105164 -19.56035805 -16.21867561 -22.15254593]
 [  0.           0.           0.           0.        ]
 [  0.           0.           0.           0.        ]
 [-11.25183105 -12.36801815 -10.35167217 -12.39974403]
 [  0.           0.           0.           0.        ]
 [  0.           0.           0.           0.        ]
 [  0.           0.           0.           0.        ]
 [  0.           0.           0.           0.        ]
 [ -3.11478543  -3.12394881  -3.08584595  -3.15074396]
 [-13.25631809 -12.51957417 -13.23086834 -13.44887543]
 [-14.70831203 -15.08766651 -15.01597023 -14.40235519]
 [  0.           0.           0.           0.        ]
 [  0.           0.           0.           0.        ]
 [ -7.98769617  -7.87852287  -7.31791925  -7.98965788]
 [ -3.43252087  -3.26725674  -3.2916832   -3.33292198]
 [  0.           0.           0.           0.        ]
 [  0.           0.           0.           0.        ]
 [  0.           0.           0.           0.        ]
 [ -3.17355657  -3.45767331  -3.33254814  -3.89583468]
 [  0.           0.           0.           0.        ]
 [  0.           0.           0.           0.        ]
 [  0.           0.           0.           0.        ]
 [  0.           0.           0.           0.        ]
 [  0.           0.           0.           0.        ]
 [ -0.46669936  -0.46946985  -0.36704975  -0.39149719]
 [  0.00233212   0.44884518   0.4767381   -0.00988795]
 [  0.00260026   0.32833451   0.35174382   0.00091392]
 [  0.           0.           0.           0.        ]
 [ -1.22088754  -1.20330024  -1.21837676  -1.25737393]
 [ -1.05844092  -1.03262579  -0.95938593  -1.0459094 ]
 [  0.           0.           0.           0.        ]
 [  0.           0.           0.           0.        ]
 [  0.           0.           0.           0.        ]
 [  0.           0.           0.           0.        ]
 [  0.           0.           0.           0.        ]
 [  0.00999127   0.30660325   0.44766441   0.00002927]
 [  0.00482982   0.45583588   2.31999278   0.00585823]
 [  0.           0.           0.           0.        ]]
