___DIRECTION___
gamma:  0.7 learning rate:  0.1 eps decay:  0.9999975
[[b'S' b'F' b'F' b'F' b'F' b'H' b'H' b'H' b'H' b'H']
 [b'F' b'H' b'H' b'F' b'F' b'F' b'H' b'F' b'F' b'H']
 [b'H' b'H' b'H' b'H' b'H' b'F' b'H' b'H' b'H' b'H']
 [b'H' b'H' b'F' b'H' b'H' b'F' b'F' b'F' b'F' b'H']
 [b'F' b'H' b'F' b'H' b'F' b'F' b'H' b'F' b'F' b'F']
 [b'F' b'F' b'H' b'H' b'F' b'F' b'F' b'H' b'H' b'H']
 [b'H' b'H' b'H' b'H' b'H' b'F' b'F' b'F' b'F' b'H']
 [b'H' b'H' b'H' b'H' b'H' b'H' b'H' b'F' b'H' b'H']
 [b'H' b'F' b'H' b'H' b'H' b'F' b'H' b'F' b'H' b'H']
 [b'H' b'F' b'H' b'H' b'H' b'H' b'H' b'F' b'F' b'G']]
[<tf.Variable 'q_a_s/weights:0' shape=(100, 4) dtype=float32, numpy=
array([[0.00379841, 0.5007596 , 0.50462776, 0.00447746],
       [0.00386457, 0.502378  , 0.50559646, 0.00752684],
       [0.00812641, 0.5059726 , 0.504787  , 0.00592724],
       [0.00488322, 0.50465107, 0.5018069 , 0.00964908],
       [0.00546989, 0.5045336 , 0.5030395 , 0.00227264],
       [0.00889405, 0.5071823 , 0.50165176, 0.00900779],
       [0.00242727, 0.50529736, 0.5091777 , 0.00223681],
       [0.00593227, 0.5059222 , 0.50720507, 0.00837566],
       [0.00540855, 0.50601524, 0.50736135, 0.00503049],
       [0.00632936, 0.5039472 , 0.5082383 , 0.00114183],
       [0.00489501, 0.5059729 , 0.50737005, 0.00468609],
       [0.00566614, 0.5065753 , 0.5063074 , 0.00884299],
       [0.00811436, 0.50033134, 0.5006717 , 0.00881983],
       [0.00162196, 0.5053956 , 0.50354254, 0.00475095],
       [0.00686085, 0.504561  , 0.5058669 , 0.00859923],
       [0.0014447 , 0.50457585, 0.5070778 , 0.0099526 ],
       [0.00064933, 0.50470865, 0.50262815, 0.0057276 ],
       [0.00694942, 0.50412256, 0.5064774 , 0.009391  ],
       [0.00149561, 0.5027522 , 0.50085187, 0.0083101 ],
       [0.00636187, 0.50465053, 0.5009144 , 0.0017879 ],
       [0.00563258, 0.50877124, 0.5043586 , 0.00391217],
       [0.00109768, 0.50084734, 0.5034801 , 0.00397543],
       [0.00249055, 0.50084126, 0.5059632 , 0.00221208],
       [0.00231127, 0.5092552 , 0.5043739 , 0.00228234],
       [0.00242094, 0.50648314, 0.5051201 , 0.00373848],
       [0.00976232, 0.5010403 , 0.5087053 , 0.00565109],
       [0.00844625, 0.50733304, 0.50944793, 0.00821343],
       [0.00469406, 0.5070881 , 0.5091393 , 0.00226238],
       [0.00970928, 0.50433093, 0.50096095, 0.00295017],
       [0.00245249, 0.5034407 , 0.5073673 , 0.00449854],
       [0.00690593, 0.5015952 , 0.5077509 , 0.00106786],
       [0.0070798 , 0.5048469 , 0.5018757 , 0.00708742],
       [0.0093849 , 0.50391316, 0.5016762 , 0.00846675],
       [0.0003084 , 0.5025987 , 0.50829995, 0.00376964],
       [0.00483666, 0.50446814, 0.50648963, 0.00408323],
       [0.00773346, 0.5082822 , 0.5030689 , 0.00217745],
       [0.00296051, 0.5052201 , 0.50082606, 0.00515326],
       [0.00103877, 0.50854284, 0.509674  , 0.00041672],
       [0.00253407, 0.50551647, 0.509353  , 0.00526868],
       [0.00198217, 0.5059517 , 0.5071056 , 0.00124777],
       [0.00133488, 0.50492734, 0.5029165 , 0.003201  ],
       [0.00708654, 0.50354475, 0.50088   , 0.0078579 ],
       [0.00564571, 0.5060392 , 0.50857884, 0.00597952],
       [0.0069511 , 0.5044944 , 0.5049426 , 0.00872259],
       [0.0055299 , 0.502502  , 0.5041067 , 0.00889004],
       [0.00433133, 0.5092848 , 0.5033868 , 0.00328718],
       [0.00616333, 0.5040016 , 0.50182027, 0.00808168],
       [0.00983002, 0.50376344, 0.5037129 , 0.00433593],
       [0.00029211, 0.50053746, 0.50028783, 0.00060904],
       [0.00085449, 0.509692  , 0.5069653 , 0.00093001],
       [0.00248179, 0.5066095 , 0.5013204 , 0.00332352],
       [0.00928949, 0.50802267, 0.50282246, 0.00517125],
       [0.00563621, 0.5003656 , 0.50845265, 0.00349204],
       [0.00635654, 0.50638455, 0.5049623 , 0.00938672],
       [0.00951178, 0.5026117 , 0.50479764, 0.00995976],
       [0.00850182, 0.50168395, 0.5002894 , 0.0055206 ],
       [0.00660028, 0.5007826 , 0.50405025, 0.004909  ],
       [0.00119918, 0.50216085, 0.50462574, 0.00842834],
       [0.00866261, 0.50522965, 0.50566626, 0.00160965],
       [0.00102686, 0.50797063, 0.5089163 , 0.0007465 ],
       [0.00588495, 0.50342584, 0.5037213 , 0.00276688],
       [0.00151465, 0.5025693 , 0.50157726, 0.00025365],
       [0.00036584, 0.5077346 , 0.5014725 , 0.00683949],
       [0.00274065, 0.5094186 , 0.5004882 , 0.0055251 ],
       [0.00172457, 0.5058877 , 0.50560534, 0.0052615 ],
       [0.00504058, 0.5013221 , 0.5029218 , 0.00378548],
       [0.00886234, 0.50436693, 0.5058088 , 0.00257257],
       [0.00476818, 0.5078161 , 0.50015646, 0.0011165 ],
       [0.00989742, 0.50993085, 0.50565606, 0.00633607],
       [0.00240718, 0.50896746, 0.50273746, 0.00425962],
       [0.00642624, 0.5092271 , 0.5024162 , 0.00632617],
       [0.00933806, 0.501187  , 0.5090972 , 0.00956072],
       [0.00323309, 0.50703377, 0.50566494, 0.00625986],
       [0.009151  , 0.50462145, 0.50543135, 0.00800413],
       [0.00592037, 0.5038588 , 0.502035  , 0.00395441],
       [0.00369442, 0.50605196, 0.5049897 , 0.0001748 ],
       [0.00059983, 0.50489634, 0.50399184, 0.00555978],
       [0.00228631, 0.50754017, 0.5001121 , 0.00590442],
       [0.00023309, 0.5007794 , 0.50353265, 0.00857938],
       [0.00407419, 0.509046  , 0.50503045, 0.00214724],
       [0.00087424, 0.50670356, 0.50955796, 0.00490457],
       [0.00400844, 0.5049497 , 0.5063242 , 0.00704569],
       [0.00721433, 0.5037764 , 0.5048432 , 0.00055128],
       [0.00881672, 0.5082059 , 0.5030646 , 0.0060739 ],
       [0.00112401, 0.5072831 , 0.5016788 , 0.00856906],
       [0.00192956, 0.5004646 , 0.5060461 , 0.00450556],
       [0.00200803, 0.5056278 , 0.50746953, 0.00935592],
       [0.00815183, 0.5007378 , 0.50128543, 0.00494599],
       [0.00390707, 0.5049546 , 0.5086522 , 0.00906151],
       [0.00314064, 0.5009039 , 0.500942  , 0.00411444],
       [0.00388341, 0.5040654 , 0.50589937, 0.0000453 ],
       [0.00656111, 0.5090156 , 0.5023129 , 0.00502467],
       [0.0020859 , 0.5006889 , 0.50819665, 0.00802878],
       [0.00901295, 0.50031173, 0.5073332 , 0.00171298],
       [0.00044188, 0.50075203, 0.50651294, 0.00737072],
       [0.00020143, 0.50357926, 0.5045411 , 0.00972033],
       [0.00183399, 0.50751364, 0.50935   , 0.00913293],
       [0.00587857, 0.5061161 , 0.50130117, 0.00439089],
       [0.00664733, 0.5070101 , 0.50250655, 0.00447457],
       [0.00810129, 0.50351876, 0.5022684 , 0.00276661]], dtype=float32)>]
Training  | Episode: 0/1000000  | Episode Reward: -84.8333 | Epsilon: 1.0000 | Goal reached: 0
[[-1.92631352  0.28275061  0.50462776 -3.46996832]
 [ 0.          0.          0.          0.        ]
 [ 0.          0.          0.          0.        ]
 [ 0.          0.          0.          0.        ]
 [ 0.          0.          0.          0.        ]
 [ 0.          0.          0.          0.        ]
 [ 0.          0.          0.          0.        ]
 [ 0.          0.          0.          0.        ]
 [ 0.          0.          0.          0.        ]
 [ 0.          0.          0.          0.        ]
 [ 0.00489501  0.50597292  0.50737005  0.07439676]
 [ 0.          0.          0.          0.        ]
 [ 0.          0.          0.          0.        ]
 [ 0.          0.          0.          0.        ]
 [ 0.          0.          0.          0.        ]
 [ 0.          0.          0.          0.        ]
 [ 0.          0.          0.          0.        ]
 [ 0.          0.          0.          0.        ]
 [ 0.          0.          0.          0.        ]
 [ 0.          0.          0.          0.        ]
 [ 0.          0.          0.          0.        ]
 [ 0.          0.          0.          0.        ]
 [ 0.          0.          0.          0.        ]
 [ 0.          0.          0.          0.        ]
 [ 0.          0.          0.          0.        ]
 [ 0.          0.          0.          0.        ]
 [ 0.          0.          0.          0.        ]
 [ 0.          0.          0.          0.        ]
 [ 0.          0.          0.          0.        ]
 [ 0.          0.          0.          0.        ]
 [ 0.          0.          0.          0.        ]
 [ 0.          0.          0.          0.        ]
 [ 0.          0.          0.          0.        ]
 [ 0.          0.          0.          0.        ]
 [ 0.          0.          0.          0.        ]
 [ 0.          0.          0.          0.        ]
 [ 0.          0.          0.          0.        ]
 [ 0.          0.          0.          0.        ]
 [ 0.          0.          0.          0.        ]
 [ 0.          0.          0.          0.        ]
 [ 0.          0.          0.          0.        ]
 [ 0.          0.          0.          0.        ]
 [ 0.          0.          0.          0.        ]
 [ 0.          0.          0.          0.        ]
 [ 0.          0.          0.          0.        ]
 [ 0.          0.          0.          0.        ]
 [ 0.          0.          0.          0.        ]
 [ 0.          0.          0.          0.        ]
 [ 0.          0.          0.          0.        ]
 [ 0.          0.          0.          0.        ]
 [ 0.          0.          0.          0.        ]
 [ 0.          0.          0.          0.        ]
 [ 0.          0.          0.          0.        ]
 [ 0.          0.          0.          0.        ]
 [ 0.          0.          0.          0.        ]
 [ 0.          0.          0.          0.        ]
 [ 0.          0.          0.          0.        ]
 [ 0.          0.          0.          0.        ]
 [ 0.          0.          0.          0.        ]
 [ 0.          0.          0.          0.        ]
 [ 0.          0.          0.          0.        ]
 [ 0.          0.          0.          0.        ]
 [ 0.          0.          0.          0.        ]
 [ 0.          0.          0.          0.        ]
 [ 0.          0.          0.          0.        ]
 [ 0.          0.          0.          0.        ]
 [ 0.          0.          0.          0.        ]
 [ 0.          0.          0.          0.        ]
 [ 0.          0.          0.          0.        ]
 [ 0.          0.          0.          0.        ]
 [ 0.          0.          0.          0.        ]
 [ 0.          0.          0.          0.        ]
 [ 0.          0.          0.          0.        ]
 [ 0.          0.          0.          0.        ]
 [ 0.          0.          0.          0.        ]
 [ 0.          0.          0.          0.        ]
 [ 0.          0.          0.          0.        ]
 [ 0.          0.          0.          0.        ]
 [ 0.          0.          0.          0.        ]
 [ 0.          0.          0.          0.        ]
 [ 0.          0.          0.          0.        ]
 [ 0.          0.          0.          0.        ]
 [ 0.          0.          0.          0.        ]
 [ 0.          0.          0.          0.        ]
 [ 0.          0.          0.          0.        ]
 [ 0.          0.          0.          0.        ]
 [ 0.          0.          0.          0.        ]
 [ 0.          0.          0.          0.        ]
 [ 0.          0.          0.          0.        ]
 [ 0.          0.          0.          0.        ]
 [ 0.          0.          0.          0.        ]
 [ 0.          0.          0.          0.        ]
 [ 0.          0.          0.          0.        ]
 [ 0.          0.          0.          0.        ]
 [ 0.          0.          0.          0.        ]
 [ 0.          0.          0.          0.        ]
 [ 0.          0.          0.          0.        ]
 [ 0.          0.          0.          0.        ]
 [ 0.          0.          0.          0.        ]
 [ 0.          0.          0.          0.        ]]
Training  | Episode: 10000/1000000  | Episode Reward: -114.0556 | Epsilon: 0.9753 | Goal reached: 0
Training  | Episode: 20000/1000000  | Episode Reward: -52.9444 | Epsilon: 0.9512 | Goal reached: 0
Training  | Episode: 30000/1000000  | Episode Reward: -55.3889 | Epsilon: 0.9277 | Goal reached: 0
Training  | Episode: 40000/1000000  | Episode Reward: -43.5000 | Epsilon: 0.9048 | Goal reached: 0
Training  | Episode: 50000/1000000  | Episode Reward: -56.3333 | Epsilon: 0.8825 | Goal reached: 0
Training  | Episode: 60000/1000000  | Episode Reward: -61.8333 | Epsilon: 0.8607 | Goal reached: 0
Training  | Episode: 70000/1000000  | Episode Reward: -45.3889 | Epsilon: 0.8395 | Goal reached: 0
Training  | Episode: 80000/1000000  | Episode Reward: -193.0000 | Epsilon: 0.8187 | Goal reached: 0
Training  | Episode: 90000/1000000  | Episode Reward: -65.1667 | Epsilon: 0.7985 | Goal reached: 0
Training  | Episode: 100000/1000000  | Episode Reward: -94.2778 | Epsilon: 0.7788 | Goal reached: 0
[[-26.18420792 -21.68096733 -22.70199394 -24.77693939]
 [-26.17022324 -30.55602264 -24.61437798 -22.12111473]
 [-34.2635231  -26.89637566 -28.15592194 -20.78965759]
 [-21.05464935 -18.36515045 -20.03966713 -18.7363205 ]
 [-17.95722198 -25.56198883 -22.6169281  -25.07616043]
 [  0.           0.           0.           0.        ]
 [  0.           0.           0.           0.        ]
 [  0.           0.           0.           0.        ]
 [  0.           0.           0.           0.        ]
 [  0.           0.           0.           0.        ]
 [-36.43841553 -41.25217819 -36.53084564 -31.59939384]
 [  0.           0.           0.           0.        ]
 [  0.           0.           0.           0.        ]
 [-33.22387695 -36.93301392 -27.08363342 -32.31638718]
 [-25.9045372  -26.95617867 -21.61282349 -21.20789337]
 [-27.02791786 -25.75192833 -31.00469208 -29.42640114]
 [  0.           0.           0.           0.        ]
 [  0.           0.           0.           0.        ]
 [  0.           0.           0.           0.        ]
 [  0.           0.           0.           0.        ]
 [  0.           0.           0.           0.        ]
 [  0.           0.           0.           0.        ]
 [  0.           0.           0.           0.        ]
 [  0.           0.           0.           0.        ]
 [  0.           0.           0.           0.        ]
 [-20.29076195 -24.66648674 -16.51617622 -28.74125671]
 [  0.           0.           0.           0.        ]
 [  0.           0.           0.           0.        ]
 [  0.           0.           0.           0.        ]
 [  0.           0.           0.           0.        ]
 [  0.           0.           0.           0.        ]
 [  0.           0.           0.           0.        ]
 [  0.           0.           0.           0.        ]
 [  0.           0.           0.           0.        ]
 [  0.           0.           0.           0.        ]
 [-18.45966721 -18.64677238  -9.8192873  -14.51028919]
 [-16.97039986 -10.67534161 -16.58917046 -14.58778   ]
 [  0.00103877  -1.44838667  -3.6237905   -3.94917822]
 [  0.00253407   0.50551647   0.41089097   0.00526868]
 [  0.           0.           0.           0.        ]
 [  0.           0.           0.           0.        ]
 [  0.           0.           0.           0.        ]
 [  0.           0.           0.           0.        ]
 [  0.           0.           0.           0.        ]
 [  0.0055299    0.50250202   0.5041067    0.00889004]
 [ -4.20134497  -4.54837179  -8.14011002 -13.55125713]
 [  0.           0.           0.           0.        ]
 [  0.00983002  -3.97087359   0.50371289   0.00433593]
 [  0.00029211   0.50053746   0.50028783   0.00060904]
 [  0.           0.           0.           0.        ]
 [  0.           0.           0.           0.        ]
 [  0.           0.           0.           0.        ]
 [  0.           0.           0.           0.        ]
 [  0.           0.           0.           0.        ]
 [  0.00951178  -3.97153091   0.50479764   0.00995976]
 [ -0.02978214  -0.01533906  -1.80081463  -1.31841969]
 [ -1.52081549  -0.45732069  -4.04797506  -3.25875878]
 [  0.           0.           0.           0.        ]
 [  0.           0.           0.           0.        ]
 [  0.           0.           0.           0.        ]
 [  0.           0.           0.           0.        ]
 [  0.           0.           0.           0.        ]
 [  0.           0.           0.           0.        ]
 [  0.           0.           0.           0.        ]
 [  0.           0.           0.           0.        ]
 [  0.00504058   0.40520424  -2.93729877  -0.592825  ]
 [ -2.88087225   0.50436693   0.50580877  -0.00515269]
 [  0.           0.           0.           0.        ]
 [  0.           0.           0.           0.        ]
 [  0.           0.           0.           0.        ]
 [  0.           0.           0.           0.        ]
 [  0.           0.           0.           0.        ]
 [  0.           0.           0.           0.        ]
 [  0.           0.           0.           0.        ]
 [  0.           0.           0.           0.        ]
 [  0.           0.           0.           0.        ]
 [  0.           0.           0.           0.        ]
 [  0.           0.           0.           0.        ]
 [  0.           0.           0.           0.        ]
 [  0.           0.           0.           0.        ]
 [  0.           0.           0.           0.        ]
 [  0.           0.           0.           0.        ]
 [  0.           0.           0.           0.        ]
 [  0.           0.           0.           0.        ]
 [  0.           0.           0.           0.        ]
 [  0.           0.           0.           0.        ]
 [  0.           0.           0.           0.        ]
 [  0.           0.           0.           0.        ]
 [  0.           0.           0.           0.        ]
 [  0.           0.           0.           0.        ]
 [  0.           0.           0.           0.        ]
 [  0.           0.           0.           0.        ]
 [  0.           0.           0.           0.        ]
 [  0.           0.           0.           0.        ]
 [  0.           0.           0.           0.        ]
 [  0.           0.           0.           0.        ]
 [  0.           0.           0.           0.        ]
 [  0.           0.           0.           0.        ]
 [  0.           0.           0.           0.        ]
 [  0.           0.           0.           0.        ]]
Training  | Episode: 110000/1000000  | Episode Reward: -83.5000 | Epsilon: 0.7596 | Goal reached: 0
Training  | Episode: 120000/1000000  | Episode Reward: -55.3889 | Epsilon: 0.7408 | Goal reached: 0
Training  | Episode: 130000/1000000  | Episode Reward: -124.2778 | Epsilon: 0.7225 | Goal reached: 0
Training  | Episode: 140000/1000000  | Episode Reward: -54.8333 | Epsilon: 0.7047 | Goal reached: 0
Training  | Episode: 150000/1000000  | Episode Reward: -54.8333 | Epsilon: 0.6873 | Goal reached: 0
Training  | Episode: 160000/1000000  | Episode Reward: -45.3889 | Epsilon: 0.6703 | Goal reached: 0
Training  | Episode: 170000/1000000  | Episode Reward: -73.7222 | Epsilon: 0.6538 | Goal reached: 0
Training  | Episode: 180000/1000000  | Episode Reward: -220.8333 | Epsilon: 0.6376 | Goal reached: 0
Training  | Episode: 190000/1000000  | Episode Reward: -105.7778 | Epsilon: 0.6219 | Goal reached: 0
Training  | Episode: 200000/1000000  | Episode Reward: -93.7222 | Epsilon: 0.6065 | Goal reached: 0
[[-26.03826332 -25.65144157 -20.84819603 -25.71941376]
 [-33.91503525 -29.17765808 -32.33208466 -25.6022377 ]
 [-30.85018539 -26.86318588 -26.87130356 -20.21876144]
 [-21.34820175 -21.6166153  -20.26400757 -22.04244614]
 [-19.28627968 -23.42832184 -24.23281288 -24.04569626]
 [  0.           0.           0.           0.        ]
 [  0.           0.           0.           0.        ]
 [  0.           0.           0.           0.        ]
 [  0.           0.           0.           0.        ]
 [  0.           0.           0.           0.        ]
 [-25.73713112 -35.90517044 -34.9106369  -32.16668701]
 [  0.           0.           0.           0.        ]
 [  0.           0.           0.           0.        ]
 [-33.10116577 -30.67299652 -24.03709412 -24.82294655]
 [-24.80264473 -22.26854515 -23.19956589 -18.76000977]
 [-23.57187653 -17.36795998 -28.7135334  -32.16023254]
 [  0.           0.           0.           0.        ]
 [  0.           0.           0.           0.        ]
 [  0.           0.           0.           0.        ]
 [  0.           0.           0.           0.        ]
 [  0.           0.           0.           0.        ]
 [  0.           0.           0.           0.        ]
 [  0.           0.           0.           0.        ]
 [  0.           0.           0.           0.        ]
 [  0.           0.           0.           0.        ]
 [-22.33245277 -23.52461624 -16.02470207 -27.37243271]
 [  0.           0.           0.           0.        ]
 [  0.           0.           0.           0.        ]
 [  0.           0.           0.           0.        ]
 [  0.           0.           0.           0.        ]
 [  0.           0.           0.           0.        ]
 [  0.           0.           0.           0.        ]
 [  0.           0.           0.           0.        ]
 [  0.           0.           0.           0.        ]
 [  0.           0.           0.           0.        ]
 [-25.35705185 -15.62994385  -8.62227726 -20.12241554]
 [-21.94348335 -16.71863747 -11.33493996 -11.08611488]
 [-12.04163361  -6.01923418  -6.26920795 -13.35433674]
 [ -1.40826082  -2.88293171  -5.48466253  -7.06633806]
 [  0.           0.           0.           0.        ]
 [  0.           0.           0.           0.        ]
 [  0.           0.           0.           0.        ]
 [  0.           0.           0.           0.        ]
 [  0.           0.           0.           0.        ]
 [ -8.27265549 -11.65323067 -14.85460091 -10.86684799]
 [ -7.01681757  -7.84072208 -17.12312889 -14.68633175]
 [  0.           0.           0.           0.        ]
 [ -6.9777422   -3.17329025  -0.90591109   0.00433593]
 [ -2.66982317   0.50053746  -0.64210904   0.00060904]
 [  0.00085449   0.50969201   0.50696528   0.00093001]
 [  0.           0.           0.           0.        ]
 [  0.           0.           0.           0.        ]
 [  0.           0.           0.           0.        ]
 [  0.           0.           0.           0.        ]
 [ -4.36601067  -6.3685956   -9.59982491  -6.89520073]
 [ -3.91146541  -1.99461067  -2.77243853  -2.62502193]
 [ -5.92037201  -6.48845768  -5.2085638   -5.81938744]
 [  0.           0.           0.           0.        ]
 [  0.           0.           0.           0.        ]
 [  0.           0.           0.           0.        ]
 [  0.           0.           0.           0.        ]
 [  0.           0.           0.           0.        ]
 [  0.           0.           0.           0.        ]
 [  0.           0.           0.           0.        ]
 [  0.           0.           0.           0.        ]
 [ -6.98038292  -6.89199829  -5.1962676   -4.42490959]
 [ -3.14650059  -2.30359888  -2.68375874  -0.74236929]
 [  0.00476818  -0.25881547   0.42673635   0.0011165 ]
 [  0.00989742   0.50993085   0.50565606   0.00633607]
 [  0.           0.           0.           0.        ]
 [  0.           0.           0.           0.        ]
 [  0.           0.           0.           0.        ]
 [  0.           0.           0.           0.        ]
 [  0.           0.           0.           0.        ]
 [  0.           0.           0.           0.        ]
 [  0.           0.           0.           0.        ]
 [  0.           0.           0.           0.        ]
 [  0.00228631   0.50754017   0.50011212   0.00590442]
 [  0.           0.           0.           0.        ]
 [  0.           0.           0.           0.        ]
 [  0.           0.           0.           0.        ]
 [  0.           0.           0.           0.        ]
 [  0.           0.           0.           0.        ]
 [  0.           0.           0.           0.        ]
 [  0.           0.           0.           0.        ]
 [  0.           0.           0.           0.        ]
 [  0.           0.           0.           0.        ]
 [  0.           0.           0.           0.        ]
 [  0.           0.           0.           0.        ]
 [  0.           0.           0.           0.        ]
 [  0.           0.           0.           0.        ]
 [  0.           0.           0.           0.        ]
 [  0.           0.           0.           0.        ]
 [  0.           0.           0.           0.        ]
 [  0.           0.           0.           0.        ]
 [  0.           0.           0.           0.        ]
 [  0.           0.           0.           0.        ]
 [  0.           0.           0.           0.        ]
 [  0.           0.           0.           0.        ]
 [  0.           0.           0.           0.        ]]
Training  | Episode: 210000/1000000  | Episode Reward: -54.8333 | Epsilon: 0.5916 | Goal reached: 0
Training  | Episode: 220000/1000000  | Episode Reward: -85.3889 | Epsilon: 0.5769 | Goal reached: 0
Training  | Episode: 230000/1000000  | Episode Reward: -45.3889 | Epsilon: 0.5627 | Goal reached: 0
Training  | Episode: 240000/1000000  | Episode Reward: -54.2222 | Epsilon: 0.5488 | Goal reached: 0
Training  | Episode: 250000/1000000  | Episode Reward: -85.3889 | Epsilon: 0.5353 | Goal reached: 0
Training  | Episode: 260000/1000000  | Episode Reward: -96.1111 | Epsilon: 0.5220 | Goal reached: 0
Training  | Episode: 270000/1000000  | Episode Reward: -45.3889 | Epsilon: 0.5092 | Goal reached: 0
Training  | Episode: 280000/1000000  | Episode Reward: -113.1667 | Epsilon: 0.4966 | Goal reached: 0
Training  | Episode: 290000/1000000  | Episode Reward: -43.5000 | Epsilon: 0.4843 | Goal reached: 0
Training  | Episode: 300000/1000000  | Episode Reward: -45.3889 | Epsilon: 0.4724 | Goal reached: 0
[[-27.07347679 -27.24094009 -21.01220894 -25.40771484]
 [-35.03459167 -29.60445976 -35.43368912 -21.51366806]
 [-30.32378006 -31.45634079 -32.08518219 -20.54130936]
 [-22.08860397 -19.5995903  -21.31004333 -21.1649456 ]
 [-20.58560753 -24.31228638 -24.10003662 -25.30237007]
 [  0.           0.           0.           0.        ]
 [  0.           0.           0.           0.        ]
 [  0.           0.           0.           0.        ]
 [  0.           0.           0.           0.        ]
 [  0.           0.           0.           0.        ]
 [-30.5155735  -40.31970596 -37.68025208 -36.17075348]
 [  0.           0.           0.           0.        ]
 [  0.           0.           0.           0.        ]
 [-37.80733109 -36.665905   -28.79474258 -33.04073334]
 [-22.12427902 -22.96302986 -25.05713272 -18.76734543]
 [-26.62103844 -19.31825066 -30.28842354 -27.35741425]
 [  0.           0.           0.           0.        ]
 [  0.           0.           0.           0.        ]
 [  0.           0.           0.           0.        ]
 [  0.           0.           0.           0.        ]
 [  0.           0.           0.           0.        ]
 [  0.           0.           0.           0.        ]
 [  0.           0.           0.           0.        ]
 [  0.           0.           0.           0.        ]
 [  0.           0.           0.           0.        ]
 [-25.3067112  -21.44020462 -22.80727959 -28.13109589]
 [  0.           0.           0.           0.        ]
 [  0.           0.           0.           0.        ]
 [  0.           0.           0.           0.        ]
 [  0.           0.           0.           0.        ]
 [  0.           0.           0.           0.        ]
 [  0.           0.           0.           0.        ]
 [  0.           0.           0.           0.        ]
 [  0.           0.           0.           0.        ]
 [  0.           0.           0.           0.        ]
 [-20.53299332 -17.97122192 -12.90058613 -20.35780525]
 [-23.46537209 -15.32100964 -23.2549305  -19.59494972]
 [-11.84123611  -9.4206295  -12.03629398  -9.60482502]
 [ -3.52738667  -5.16067982  -7.12298965  -7.02970171]
 [  0.           0.           0.           0.        ]
 [  0.           0.           0.           0.        ]
 [  0.           0.           0.           0.        ]
 [  0.           0.           0.           0.        ]
 [  0.           0.           0.           0.        ]
 [-21.79820633 -18.16512299 -13.57617092 -16.91657257]
 [ -9.80937386 -14.15207291 -17.24282455 -14.94044781]
 [  0.           0.           0.           0.        ]
 [ -9.95607758 -10.00427723  -8.4708519   -9.31636333]
 [ -4.84284306  -1.23594201  -3.22067165  -0.7530461 ]
 [ -3.7644341   -0.73306316  -3.32554507  -1.1218226 ]
 [  0.           0.           0.           0.        ]
 [  0.           0.           0.           0.        ]
 [  0.           0.           0.           0.        ]
 [  0.           0.           0.           0.        ]
 [-18.39829445 -13.98695946 -10.40380192 -14.92241669]
 [ -7.03939915  -6.43340921  -8.02791882  -9.2147646 ]
 [-10.05479717 -12.28912067 -10.14287949 -12.05305004]
 [  0.           0.           0.           0.        ]
 [  0.           0.           0.           0.        ]
 [  0.           0.           0.           0.        ]
 [  0.           0.           0.           0.        ]
 [  0.           0.           0.           0.        ]
 [  0.           0.           0.           0.        ]
 [  0.           0.           0.           0.        ]
 [  0.           0.           0.           0.        ]
 [-11.60482407 -11.17226028  -5.54712391 -10.31545067]
 [ -4.99958324  -1.53289342  -2.68375874  -2.68174815]
 [ -5.85402775  -0.25881547  -5.63710022   0.0011165 ]
 [  0.00989742   0.50993085   0.50565606  -1.5903424 ]
 [  0.           0.           0.           0.        ]
 [  0.           0.           0.           0.        ]
 [  0.           0.           0.           0.        ]
 [  0.           0.           0.           0.        ]
 [  0.           0.           0.           0.        ]
 [  0.           0.           0.           0.        ]
 [  0.           0.           0.           0.        ]
 [  0.           0.           0.           0.        ]
 [  0.00228631  -2.30105996   0.43693632   0.00590442]
 [  0.           0.           0.           0.        ]
 [  0.           0.           0.           0.        ]
 [  0.           0.           0.           0.        ]
 [  0.           0.           0.           0.        ]
 [  0.           0.           0.           0.        ]
 [  0.           0.           0.           0.        ]
 [  0.           0.           0.           0.        ]
 [  0.           0.           0.           0.        ]
 [  0.           0.           0.           0.        ]
 [  0.00815183   0.50073779   0.50128543   0.00494599]
 [  0.           0.           0.           0.        ]
 [  0.           0.           0.           0.        ]
 [  0.           0.           0.           0.        ]
 [  0.           0.           0.           0.        ]
 [  0.           0.           0.           0.        ]
 [  0.           0.           0.           0.        ]
 [  0.           0.           0.           0.        ]
 [  0.           0.           0.           0.        ]
 [  0.           0.           0.           0.        ]
 [  0.           0.           0.           0.        ]
 [  0.           0.           0.           0.        ]
 [  0.           0.           0.           0.        ]]
Training  | Episode: 310000/1000000  | Episode Reward: -85.1667 | Epsilon: 0.4607 | Goal reached: 0
Training  | Episode: 320000/1000000  | Episode Reward: -124.2778 | Epsilon: 0.4493 | Goal reached: 0
Training  | Episode: 330000/1000000  | Episode Reward: -85.3889 | Epsilon: 0.4382 | Goal reached: 0
Training  | Episode: 340000/1000000  | Episode Reward: -108.7778 | Epsilon: 0.4274 | Goal reached: 0
Training  | Episode: 350000/1000000  | Episode Reward: -401.2778 | Epsilon: 0.4169 | Goal reached: 0
Training  | Episode: 360000/1000000  | Episode Reward: -45.3889 | Epsilon: 0.4066 | Goal reached: 0
Training  | Episode: 370000/1000000  | Episode Reward: -54.8333 | Epsilon: 0.3965 | Goal reached: 0
Training  | Episode: 380000/1000000  | Episode Reward: -64.2778 | Epsilon: 0.3867 | Goal reached: 0
Training  | Episode: 390000/1000000  | Episode Reward: -65.3889 | Epsilon: 0.3772 | Goal reached: 0
Training  | Episode: 400000/1000000  | Episode Reward: -85.7778 | Epsilon: 0.3679 | Goal reached: 0
[[-27.36914444 -26.11364746 -24.84321404 -27.66082573]
 [-31.58740997 -26.12494469 -29.86279678 -22.92613983]
 [-28.9551754  -30.20946503 -30.02160072 -21.57326317]
 [-22.78411484 -20.74639702 -21.62306786 -22.3187561 ]
 [-18.95484924 -26.02081108 -25.38227463 -26.70628929]
 [  0.           0.           0.           0.        ]
 [  0.           0.           0.           0.        ]
 [  0.           0.           0.           0.        ]
 [  0.           0.           0.           0.        ]
 [  0.           0.           0.           0.        ]
 [-27.65941429 -43.39106369 -38.99291611 -35.51646042]
 [  0.           0.           0.           0.        ]
 [  0.           0.           0.           0.        ]
 [-29.56276321 -32.75432968 -28.74215508 -33.13228989]
 [-23.86894608 -26.77272034 -27.7314167  -19.84984016]
 [-21.61924744 -23.93551254 -30.37231636 -29.83619308]
 [  0.           0.           0.           0.        ]
 [  0.           0.           0.           0.        ]
 [  0.           0.           0.           0.        ]
 [  0.           0.           0.           0.        ]
 [  0.           0.           0.           0.        ]
 [  0.           0.           0.           0.        ]
 [  0.           0.           0.           0.        ]
 [  0.           0.           0.           0.        ]
 [  0.           0.           0.           0.        ]
 [-21.44182587 -29.53887558 -20.33740234 -25.37176704]
 [  0.           0.           0.           0.        ]
 [  0.           0.           0.           0.        ]
 [  0.           0.           0.           0.        ]
 [  0.           0.           0.           0.        ]
 [  0.           0.           0.           0.        ]
 [  0.           0.           0.           0.        ]
 [  0.           0.           0.           0.        ]
 [  0.           0.           0.           0.        ]
 [  0.           0.           0.           0.        ]
 [-20.9757328  -17.73215675 -10.97485924 -19.94919777]
 [-19.47226715 -15.45216465 -19.13970566 -19.44093513]
 [-11.09348965 -10.96836662 -12.56880856 -15.85873222]
 [-11.81643963 -12.53774929 -15.40215302 -13.62128925]
 [  0.           0.           0.           0.        ]
 [  0.           0.           0.           0.        ]
 [  0.           0.           0.           0.        ]
 [  0.           0.           0.           0.        ]
 [  0.           0.           0.           0.        ]
 [-22.8800087  -21.67889404 -16.88805389 -24.76945305]
 [-11.21516228 -14.59600163 -16.6028614  -16.45662308]
 [  0.           0.           0.           0.        ]
 [-12.33874607 -11.87090588 -11.59852409 -11.38866234]
 [ -7.04978466  -6.36451578  -7.45715046  -5.93626022]
 [ -5.16252136  -5.25162935  -6.20759296  -5.20366144]
 [  0.           0.           0.           0.        ]
 [  0.           0.           0.           0.        ]
 [  0.           0.           0.           0.        ]
 [  0.           0.           0.           0.        ]
 [-21.14500427 -21.92823219 -16.50930786 -20.24320221]
 [ -9.99851799  -9.58012486 -12.11526871 -11.19049644]
 [-12.531147   -13.93281174 -13.9547987  -14.68404579]
 [  0.           0.           0.           0.        ]
 [  0.           0.           0.           0.        ]
 [  0.           0.           0.           0.        ]
 [  0.           0.           0.           0.        ]
 [  0.           0.           0.           0.        ]
 [  0.           0.           0.           0.        ]
 [  0.           0.           0.           0.        ]
 [  0.           0.           0.           0.        ]
 [-15.54351616 -14.56957054  -9.44025421 -14.29350567]
 [ -5.60139465  -6.96780682  -6.21597385  -5.35223389]
 [ -5.85402775  -1.68664384  -5.63710022  -3.24041462]
 [ -2.74002385   0.50993085   0.50565606  -1.5903424 ]
 [  0.           0.           0.           0.        ]
 [  0.           0.           0.           0.        ]
 [  0.           0.           0.           0.        ]
 [  0.           0.           0.           0.        ]
 [  0.           0.           0.           0.        ]
 [  0.           0.           0.           0.        ]
 [  0.           0.           0.           0.        ]
 [  0.           0.           0.           0.        ]
 [  0.00228631  -2.30105996  -0.12466737   0.00590442]
 [  0.           0.           0.           0.        ]
 [  0.           0.           0.           0.        ]
 [  0.           0.           0.           0.        ]
 [  0.           0.           0.           0.        ]
 [  0.           0.           0.           0.        ]
 [  0.           0.           0.           0.        ]
 [  0.           0.           0.           0.        ]
 [  0.           0.           0.           0.        ]
 [  0.           0.           0.           0.        ]
 [ -0.37675193   0.50073779   0.50128543   0.00494599]
 [  0.           0.           0.           0.        ]
 [  0.           0.           0.           0.        ]
 [  0.           0.           0.           0.        ]
 [  0.           0.           0.           0.        ]
 [  0.           0.           0.           0.        ]
 [  0.           0.           0.           0.        ]
 [  0.           0.           0.           0.        ]
 [  0.           0.           0.           0.        ]
 [  0.           0.           0.           0.        ]
 [  0.           0.           0.           0.        ]
 [  0.           0.           0.           0.        ]
 [  0.           0.           0.           0.        ]]
Training  | Episode: 410000/1000000  | Episode Reward: -126.8333 | Epsilon: 0.3588 | Goal reached: 0
Training  | Episode: 420000/1000000  | Episode Reward: -45.3889 | Epsilon: 0.3499 | Goal reached: 0
Training  | Episode: 430000/1000000  | Episode Reward: -105.7778 | Epsilon: 0.3413 | Goal reached: 0
Training  | Episode: 440000/1000000  | Episode Reward: -45.3889 | Epsilon: 0.3329 | Goal reached: 0
Training  | Episode: 450000/1000000  | Episode Reward: -187.9444 | Epsilon: 0.3247 | Goal reached: 0
Training  | Episode: 460000/1000000  | Episode Reward: -85.4444 | Epsilon: 0.3166 | Goal reached: 0
Training  | Episode: 470000/1000000  | Episode Reward: -55.3889 | Epsilon: 0.3088 | Goal reached: 0
Training  | Episode: 480000/1000000  | Episode Reward: -82.2222 | Epsilon: 0.3012 | Goal reached: 0
Training  | Episode: 490000/1000000  | Episode Reward: -183.2778 | Epsilon: 0.2938 | Goal reached: 0
Training  | Episode: 500000/1000000  | Episode Reward: -43.5000 | Epsilon: 0.2865 | Goal reached: 0
[[-27.41943932 -24.2487278  -25.28914261 -24.62570572]
 [-30.86968803 -27.64605141 -35.14738846 -24.40619659]
 [-31.86260796 -28.59148026 -27.98150635 -23.383255  ]
 [-22.2960701  -22.59887505 -22.35793304 -22.30091286]
 [-19.7833004  -27.90757561 -26.26505661 -25.15692139]
 [  0.           0.           0.           0.        ]
 [  0.           0.           0.           0.        ]
 [  0.           0.           0.           0.        ]
 [  0.           0.           0.           0.        ]
 [  0.           0.           0.           0.        ]
 [-27.38830566 -42.98944855 -42.00583267 -37.57695007]
 [  0.           0.           0.           0.        ]
 [  0.           0.           0.           0.        ]
 [-32.71822357 -36.31612015 -23.50229454 -31.92013168]
 [-27.29155731 -25.69943237 -23.61416245 -18.24606133]
 [-27.01895714 -26.14203262 -25.32903862 -33.1856041 ]
 [  0.           0.           0.           0.        ]
 [  0.           0.           0.           0.        ]
 [  0.           0.           0.           0.        ]
 [  0.           0.           0.           0.        ]
 [  0.           0.           0.           0.        ]
 [  0.           0.           0.           0.        ]
 [  0.           0.           0.           0.        ]
 [  0.           0.           0.           0.        ]
 [  0.           0.           0.           0.        ]
 [-26.00175858 -24.58294487 -19.58856583 -27.07338715]
 [  0.           0.           0.           0.        ]
 [  0.           0.           0.           0.        ]
 [  0.           0.           0.           0.        ]
 [  0.           0.           0.           0.        ]
 [  0.           0.           0.           0.        ]
 [  0.           0.           0.           0.        ]
 [  0.           0.           0.           0.        ]
 [  0.           0.           0.           0.        ]
 [  0.           0.           0.           0.        ]
 [-22.04056931 -28.26774788 -14.54423237 -20.09730721]
 [-20.28728867 -15.00318146 -17.58101273 -15.42913628]
 [-14.83510971 -11.22463703 -14.71321106 -16.97341919]
 [-14.72727013 -11.18289089 -16.61878777 -16.6496563 ]
 [  0.           0.           0.           0.        ]
 [  0.           0.           0.           0.        ]
 [  0.           0.           0.           0.        ]
 [  0.           0.           0.           0.        ]
 [  0.           0.           0.           0.        ]
 [-28.51781845 -27.0832653  -17.46562576 -26.55222702]
 [-12.90254402 -16.67936897 -14.2172823  -17.60361671]
 [  0.           0.           0.           0.        ]
 [-15.93502426 -16.44595528 -11.82518482 -13.50615788]
 [ -9.68807983  -9.97757053  -9.95558262  -7.75930071]
 [ -7.65639305  -7.53134823  -7.40121937  -7.42526817]
 [  0.           0.           0.           0.        ]
 [  0.           0.           0.           0.        ]
 [  0.           0.           0.           0.        ]
 [  0.           0.           0.           0.        ]
 [-23.14780235 -19.3516655  -15.58658314 -20.56063843]
 [-12.62735748 -11.3205986  -12.30255795 -13.06913567]
 [-15.28495312 -11.75596809 -17.10596657 -15.06555462]
 [  0.           0.           0.           0.        ]
 [  0.           0.           0.           0.        ]
 [  0.           0.           0.           0.        ]
 [  0.           0.           0.           0.        ]
 [  0.           0.           0.           0.        ]
 [  0.           0.           0.           0.        ]
 [  0.           0.           0.           0.        ]
 [  0.           0.           0.           0.        ]
 [-18.02975655 -14.35389328 -12.16541195 -14.73827553]
 [ -8.641716    -9.08152485  -9.26906013  -8.82776546]
 [ -3.83106089  -4.92715168  -5.63710022  -5.79759693]
 [ -2.74002385   0.50993085   0.50565606  -1.5903424 ]
 [  0.           0.           0.           0.        ]
 [  0.           0.           0.           0.        ]
 [  0.           0.           0.           0.        ]
 [  0.           0.           0.           0.        ]
 [  0.           0.           0.           0.        ]
 [  0.           0.           0.           0.        ]
 [  0.           0.           0.           0.        ]
 [  0.           0.           0.           0.        ]
 [ -2.67615151  -2.30105996  -0.06296393  -1.59144855]
 [  0.           0.           0.           0.        ]
 [  0.           0.           0.           0.        ]
 [  0.           0.           0.           0.        ]
 [  0.           0.           0.           0.        ]
 [  0.           0.           0.           0.        ]
 [  0.           0.           0.           0.        ]
 [  0.           0.           0.           0.        ]
 [  0.           0.           0.           0.        ]
 [  0.           0.           0.           0.        ]
 [ -2.45257807   0.50073779  -0.63887155   0.00494599]
 [  0.           0.           0.           0.        ]
 [  0.           0.           0.           0.        ]
 [  0.           0.           0.           0.        ]
 [  0.           0.           0.           0.        ]
 [  0.           0.           0.           0.        ]
 [  0.           0.           0.           0.        ]
 [  0.           0.           0.           0.        ]
 [  0.           0.           0.           0.        ]
 [  0.           0.           0.           0.        ]
 [  0.           0.           0.           0.        ]
 [  0.           0.           0.           0.        ]
 [  0.           0.           0.           0.        ]]
Training  | Episode: 510000/1000000  | Episode Reward: -45.3889 | Epsilon: 0.2794 | Goal reached: 0
Training  | Episode: 520000/1000000  | Episode Reward: -570.6111 | Epsilon: 0.2725 | Goal reached: 0
Training  | Episode: 530000/1000000  | Episode Reward: -45.3889 | Epsilon: 0.2658 | Goal reached: 0
Training  | Episode: 540000/1000000  | Episode Reward: -74.2778 | Epsilon: 0.2592 | Goal reached: 0
Training  | Episode: 550000/1000000  | Episode Reward: -218.1111 | Epsilon: 0.2528 | Goal reached: 0
Training  | Episode: 560000/1000000  | Episode Reward: -77.3889 | Epsilon: 0.2466 | Goal reached: 0
Training  | Episode: 570000/1000000  | Episode Reward: -121.6111 | Epsilon: 0.2405 | Goal reached: 0
Training  | Episode: 580000/1000000  | Episode Reward: -64.2778 | Epsilon: 0.2346 | Goal reached: 0
Training  | Episode: 590000/1000000  | Episode Reward: -63.8333 | Epsilon: 0.2288 | Goal reached: 0
Training  | Episode: 600000/1000000  | Episode Reward: -76.3333 | Epsilon: 0.2231 | Goal reached: 0
[[-29.40188217 -29.49074364 -24.26270294 -28.55976486]
 [-29.4345665  -28.67688751 -33.87804794 -23.60483932]
 [-30.59344101 -28.43003845 -27.9934845  -24.41620255]
 [-24.29865265 -21.64107895 -18.43050194 -21.74452591]
 [-19.19222641 -27.89432526 -30.50771332 -26.42261314]
 [  0.           0.           0.           0.        ]
 [  0.           0.           0.           0.        ]
 [  0.           0.           0.           0.        ]
 [  0.           0.           0.           0.        ]
 [  0.           0.           0.           0.        ]
 [-37.66008377 -41.79732513 -33.84651566 -32.88209152]
 [  0.           0.           0.           0.        ]
 [  0.           0.           0.           0.        ]
 [-31.00329399 -31.25046158 -26.82839012 -34.32331085]
 [-27.52997589 -24.78237724 -22.76263618 -18.66026306]
 [-27.20862961 -24.30619621 -24.53580666 -26.00496292]
 [  0.           0.           0.           0.        ]
 [  0.           0.           0.           0.        ]
 [  0.           0.           0.           0.        ]
 [  0.           0.           0.           0.        ]
 [  0.           0.           0.           0.        ]
 [  0.           0.           0.           0.        ]
 [  0.           0.           0.           0.        ]
 [  0.           0.           0.           0.        ]
 [  0.           0.           0.           0.        ]
 [-19.04114151 -24.04403877 -23.31401062 -29.30212021]
 [  0.           0.           0.           0.        ]
 [  0.           0.           0.           0.        ]
 [  0.           0.           0.           0.        ]
 [  0.           0.           0.           0.        ]
 [  0.           0.           0.           0.        ]
 [  0.           0.           0.           0.        ]
 [  0.           0.           0.           0.        ]
 [  0.           0.           0.           0.        ]
 [  0.           0.           0.           0.        ]
 [-20.90385056 -17.74624252 -11.56450748 -18.95541191]
 [-19.85671616 -14.16242886 -20.62481117 -19.19385719]
 [-18.91597366 -10.15692329 -15.00533199 -13.5235815 ]
 [-13.25682831 -10.98493958 -13.72805405 -17.22169495]
 [  0.           0.           0.           0.        ]
 [  0.           0.           0.           0.        ]
 [  0.           0.           0.           0.        ]
 [  0.           0.           0.           0.        ]
 [  0.           0.           0.           0.        ]
 [-24.06754494 -23.21692276 -15.70847321 -23.49567986]
 [-12.13221264 -17.33082771 -14.95806885 -15.3871727 ]
 [  0.           0.           0.           0.        ]
 [-15.99156857 -18.68541527 -14.61001205 -15.41725159]
 [-11.00088501  -9.78197479 -10.68009472  -9.92028141]
 [ -9.91386795  -9.61374378  -9.4833231  -10.26056671]
 [  0.           0.           0.           0.        ]
 [  0.           0.           0.           0.        ]
 [  0.           0.           0.           0.        ]
 [  0.           0.           0.           0.        ]
 [-21.344944   -23.29062843 -15.25185585 -23.35838699]
 [-12.32331371 -10.7574091  -12.06876564 -11.85288334]
 [-13.53747559 -11.03007317 -14.01359272 -16.76841927]
 [  0.           0.           0.           0.        ]
 [  0.           0.           0.           0.        ]
 [  0.           0.           0.           0.        ]
 [  0.           0.           0.           0.        ]
 [  0.           0.           0.           0.        ]
 [  0.           0.           0.           0.        ]
 [  0.           0.           0.           0.        ]
 [  0.           0.           0.           0.        ]
 [-17.69659996 -14.95877457 -13.26666355 -17.07771683]
 [-10.29096794  -8.86314964 -10.4506712  -11.02834702]
 [ -8.32396412  -3.4905591   -7.54373169  -7.09552479]
 [ -2.74002385  -1.84645748  -2.30245972  -3.97925854]
 [  0.           0.           0.           0.        ]
 [  0.           0.           0.           0.        ]
 [  0.           0.           0.           0.        ]
 [  0.           0.           0.           0.        ]
 [  0.           0.           0.           0.        ]
 [  0.           0.           0.           0.        ]
 [  0.           0.           0.           0.        ]
 [  0.           0.           0.           0.        ]
 [ -4.84801388  -2.8723917   -3.66892385  -3.98025107]
 [  0.           0.           0.           0.        ]
 [  0.           0.           0.           0.        ]
 [  0.           0.           0.           0.        ]
 [  0.           0.           0.           0.        ]
 [  0.           0.           0.           0.        ]
 [  0.           0.           0.           0.        ]
 [  0.           0.           0.           0.        ]
 [  0.           0.           0.           0.        ]
 [  0.           0.           0.           0.        ]
 [ -2.45257807  -0.63930964  -0.63887155  -0.77135891]
 [  0.           0.           0.           0.        ]
 [  0.           0.           0.           0.        ]
 [  0.           0.           0.           0.        ]
 [  0.           0.           0.           0.        ]
 [  0.           0.           0.           0.        ]
 [  0.           0.           0.           0.        ]
 [  0.           0.           0.           0.        ]
 [  0.           0.           0.           0.        ]
 [  0.           0.           0.           0.        ]
 [  0.00587857   0.50611609   0.50130117   0.00439089]
 [  0.           0.           0.           0.        ]
