gamma:  0.7 learning rate:  0.01 eps decay:  0.9999975
[[b'S' b'H' b'H' b'H' b'H' b'H' b'H' b'H' b'H' b'H']
 [b'F' b'H' b'F' b'F' b'H' b'H' b'H' b'H' b'H' b'H']
 [b'F' b'H' b'H' b'F' b'F' b'H' b'H' b'F' b'F' b'H']
 [b'F' b'F' b'F' b'F' b'F' b'F' b'H' b'H' b'H' b'F']
 [b'H' b'F' b'H' b'H' b'H' b'F' b'H' b'H' b'H' b'H']
 [b'F' b'H' b'F' b'H' b'F' b'F' b'F' b'F' b'F' b'F']
 [b'H' b'H' b'F' b'H' b'H' b'H' b'F' b'F' b'H' b'H']
 [b'H' b'H' b'H' b'H' b'H' b'H' b'F' b'F' b'H' b'F']
 [b'H' b'F' b'F' b'H' b'H' b'F' b'F' b'F' b'F' b'F']
 [b'F' b'F' b'F' b'H' b'H' b'H' b'H' b'H' b'F' b'G']]
Training  | Episode: 0/1000000  | Episode Reward: -61.5556 | Epsilon: 1.0000 | Goal reached: 0
[[ 0.0002519   0.00957514 -0.19782163 -0.1929457 ]
 [ 0.          0.          0.          0.        ]
 [ 0.          0.          0.          0.        ]
 [ 0.          0.          0.          0.        ]
 [ 0.          0.          0.          0.        ]
 [ 0.          0.          0.          0.        ]
 [ 0.          0.          0.          0.        ]
 [ 0.          0.          0.          0.        ]
 [ 0.          0.          0.          0.        ]
 [ 0.          0.          0.          0.        ]
 [ 0.00522511  0.00699423  0.00215779  0.0066602 ]
 [ 0.          0.          0.          0.        ]
 [ 0.          0.          0.          0.        ]
 [ 0.          0.          0.          0.        ]
 [ 0.          0.          0.          0.        ]
 [ 0.          0.          0.          0.        ]
 [ 0.          0.          0.          0.        ]
 [ 0.          0.          0.          0.        ]
 [ 0.          0.          0.          0.        ]
 [ 0.          0.          0.          0.        ]
 [ 0.00571422  0.00042492  0.00893375  0.0063182 ]
 [ 0.          0.          0.          0.        ]
 [ 0.          0.          0.          0.        ]
 [ 0.          0.          0.          0.        ]
 [ 0.          0.          0.          0.        ]
 [ 0.          0.          0.          0.        ]
 [ 0.          0.          0.          0.        ]
 [ 0.          0.          0.          0.        ]
 [ 0.          0.          0.          0.        ]
 [ 0.          0.          0.          0.        ]
 [ 0.0059079   0.00466047  0.00064644  0.00788207]
 [ 0.          0.          0.          0.        ]
 [ 0.          0.          0.          0.        ]
 [ 0.          0.          0.          0.        ]
 [ 0.          0.          0.          0.        ]
 [ 0.          0.          0.          0.        ]
 [ 0.          0.          0.          0.        ]
 [ 0.          0.          0.          0.        ]
 [ 0.          0.          0.          0.        ]
 [ 0.          0.          0.          0.        ]
 [ 0.          0.          0.          0.        ]
 [ 0.          0.          0.          0.        ]
 [ 0.          0.          0.          0.        ]
 [ 0.          0.          0.          0.        ]
 [ 0.          0.          0.          0.        ]
 [ 0.          0.          0.          0.        ]
 [ 0.          0.          0.          0.        ]
 [ 0.          0.          0.          0.        ]
 [ 0.          0.          0.          0.        ]
 [ 0.          0.          0.          0.        ]
 [ 0.          0.          0.          0.        ]
 [ 0.          0.          0.          0.        ]
 [ 0.          0.          0.          0.        ]
 [ 0.          0.          0.          0.        ]
 [ 0.          0.          0.          0.        ]
 [ 0.          0.          0.          0.        ]
 [ 0.          0.          0.          0.        ]
 [ 0.          0.          0.          0.        ]
 [ 0.          0.          0.          0.        ]
 [ 0.          0.          0.          0.        ]
 [ 0.          0.          0.          0.        ]
 [ 0.          0.          0.          0.        ]
 [ 0.          0.          0.          0.        ]
 [ 0.          0.          0.          0.        ]
 [ 0.          0.          0.          0.        ]
 [ 0.          0.          0.          0.        ]
 [ 0.          0.          0.          0.        ]
 [ 0.          0.          0.          0.        ]
 [ 0.          0.          0.          0.        ]
 [ 0.          0.          0.          0.        ]
 [ 0.          0.          0.          0.        ]
 [ 0.          0.          0.          0.        ]
 [ 0.          0.          0.          0.        ]
 [ 0.          0.          0.          0.        ]
 [ 0.          0.          0.          0.        ]
 [ 0.          0.          0.          0.        ]
 [ 0.          0.          0.          0.        ]
 [ 0.          0.          0.          0.        ]
 [ 0.          0.          0.          0.        ]
 [ 0.          0.          0.          0.        ]
 [ 0.          0.          0.          0.        ]
 [ 0.          0.          0.          0.        ]
 [ 0.          0.          0.          0.        ]
 [ 0.          0.          0.          0.        ]
 [ 0.          0.          0.          0.        ]
 [ 0.          0.          0.          0.        ]
 [ 0.          0.          0.          0.        ]
 [ 0.          0.          0.          0.        ]
 [ 0.          0.          0.          0.        ]
 [ 0.          0.          0.          0.        ]
 [ 0.          0.          0.          0.        ]
 [ 0.          0.          0.          0.        ]
 [ 0.          0.          0.          0.        ]
 [ 0.          0.          0.          0.        ]
 [ 0.          0.          0.          0.        ]
 [ 0.          0.          0.          0.        ]
 [ 0.          0.          0.          0.        ]
 [ 0.          0.          0.          0.        ]
 [ 0.          0.          0.          0.        ]
 [ 0.          0.          0.          0.        ]]
Training  | Episode: 10000/1000000  | Episode Reward: -47.2222 | Epsilon: 0.9753 | Goal reached: 0
Training  | Episode: 20000/1000000  | Episode Reward: -52.3889 | Epsilon: 0.9512 | Goal reached: 0
Training  | Episode: 30000/1000000  | Episode Reward: -143.7778 | Epsilon: 0.9277 | Goal reached: 0
Training  | Episode: 40000/1000000  | Episode Reward: -47.2222 | Epsilon: 0.9048 | Goal reached: 0
Training  | Episode: 50000/1000000  | Episode Reward: -75.3889 | Epsilon: 0.8825 | Goal reached: 0
Training  | Episode: 60000/1000000  | Episode Reward: -45.3889 | Epsilon: 0.8607 | Goal reached: 0
Training  | Episode: 70000/1000000  | Episode Reward: -47.2222 | Epsilon: 0.8395 | Goal reached: 0
Training  | Episode: 80000/1000000  | Episode Reward: -110.7222 | Epsilon: 0.8187 | Goal reached: 0
Training  | Episode: 90000/1000000  | Episode Reward: -47.2222 | Epsilon: 0.7985 | Goal reached: 0
Training  | Episode: 100000/1000000  | Episode Reward: -47.2222 | Epsilon: 0.7788 | Goal reached: 0
[[-25.33532715 -31.27804375 -31.07963181 -34.03842545]
 [  0.           0.           0.           0.        ]
 [  0.           0.           0.           0.        ]
 [  0.           0.           0.           0.        ]
 [  0.           0.           0.           0.        ]
 [  0.           0.           0.           0.        ]
 [  0.           0.           0.           0.        ]
 [  0.           0.           0.           0.        ]
 [  0.           0.           0.           0.        ]
 [  0.           0.           0.           0.        ]
 [-22.61989594 -28.06431389 -26.61474609 -30.57811165]
 [  0.           0.           0.           0.        ]
 [ -1.75475514  -2.39026713  -2.68992734  -4.35993814]
 [ -2.76450062  -2.53877187  -3.7792263   -2.14356422]
 [  0.           0.           0.           0.        ]
 [  0.           0.           0.           0.        ]
 [  0.           0.           0.           0.        ]
 [  0.           0.           0.           0.        ]
 [  0.           0.           0.           0.        ]
 [  0.           0.           0.           0.        ]
 [-22.01231575 -27.92196846 -26.9203949  -30.21767807]
 [  0.           0.           0.           0.        ]
 [  0.           0.           0.           0.        ]
 [ -6.9664917   -9.12835884  -3.60673356  -5.23048449]
 [ -4.86275816  -4.49732447  -8.15897179  -7.76386261]
 [  0.           0.           0.           0.        ]
 [  0.           0.           0.           0.        ]
 [  0.           0.           0.           0.        ]
 [  0.           0.           0.           0.        ]
 [  0.           0.           0.           0.        ]
 [-29.68671608 -28.5401268  -26.21848297 -20.59495544]
 [-29.14931107 -20.32161713 -26.55831528 -25.92429352]
 [-31.15921021 -19.23777962 -25.75018311 -23.02039337]
 [-14.54470634 -14.96614456 -10.94752502  -8.38699245]
 [ -7.97964811  -6.15646172  -6.38096762  -2.98892593]
 [ -3.19705868  -1.05172169  -5.48092794  -2.93456316]
 [  0.           0.           0.           0.        ]
 [  0.           0.           0.           0.        ]
 [  0.           0.           0.           0.        ]
 [  0.           0.           0.           0.        ]
 [  0.           0.           0.           0.        ]
 [-32.0394249  -35.33054733 -29.13985062 -32.32637405]
 [  0.           0.           0.           0.        ]
 [  0.           0.           0.           0.        ]
 [  0.           0.           0.           0.        ]
 [ -0.85775685  -0.54731357  -1.50099182  -0.64543074]
 [  0.           0.           0.           0.        ]
 [  0.           0.           0.           0.        ]
 [  0.           0.           0.           0.        ]
 [  0.           0.           0.           0.        ]
 [  0.           0.           0.           0.        ]
 [  0.           0.           0.           0.        ]
 [  0.           0.           0.           0.        ]
 [  0.           0.           0.           0.        ]
 [  0.           0.           0.           0.        ]
 [  0.00697969   0.00691767  -0.38173544   0.00219779]
 [  0.           0.           0.           0.        ]
 [  0.           0.           0.           0.        ]
 [  0.           0.           0.           0.        ]
 [  0.           0.           0.           0.        ]
 [  0.           0.           0.           0.        ]
 [  0.           0.           0.           0.        ]
 [  0.           0.           0.           0.        ]
 [  0.           0.           0.           0.        ]
 [  0.           0.           0.           0.        ]
 [  0.           0.           0.           0.        ]
 [  0.           0.           0.           0.        ]
 [  0.           0.           0.           0.        ]
 [  0.           0.           0.           0.        ]
 [  0.           0.           0.           0.        ]
 [  0.           0.           0.           0.        ]
 [  0.           0.           0.           0.        ]
 [  0.           0.           0.           0.        ]
 [  0.           0.           0.           0.        ]
 [  0.           0.           0.           0.        ]
 [  0.           0.           0.           0.        ]
 [  0.           0.           0.           0.        ]
 [  0.           0.           0.           0.        ]
 [  0.           0.           0.           0.        ]
 [  0.           0.           0.           0.        ]
 [  0.           0.           0.           0.        ]
 [  0.           0.           0.           0.        ]
 [  0.           0.           0.           0.        ]
 [  0.           0.           0.           0.        ]
 [  0.           0.           0.           0.        ]
 [  0.           0.           0.           0.        ]
 [  0.           0.           0.           0.        ]
 [  0.           0.           0.           0.        ]
 [  0.           0.           0.           0.        ]
 [  0.           0.           0.           0.        ]
 [  0.           0.           0.           0.        ]
 [  0.           0.           0.           0.        ]
 [  0.           0.           0.           0.        ]
 [  0.           0.           0.           0.        ]
 [  0.           0.           0.           0.        ]
 [  0.           0.           0.           0.        ]
 [  0.           0.           0.           0.        ]
 [  0.           0.           0.           0.        ]
 [  0.           0.           0.           0.        ]
 [  0.           0.           0.           0.        ]]
Training  | Episode: 110000/1000000  | Episode Reward: -57.2222 | Epsilon: 0.7596 | Goal reached: 0
Training  | Episode: 120000/1000000  | Episode Reward: -213.7222 | Epsilon: 0.7408 | Goal reached: 0
Training  | Episode: 130000/1000000  | Episode Reward: -77.2222 | Epsilon: 0.7225 | Goal reached: 0
Training  | Episode: 140000/1000000  | Episode Reward: -65.3889 | Epsilon: 0.7047 | Goal reached: 0
Training  | Episode: 150000/1000000  | Episode Reward: -51.5556 | Epsilon: 0.6873 | Goal reached: 0
Training  | Episode: 160000/1000000  | Episode Reward: -137.3889 | Epsilon: 0.6703 | Goal reached: 0
Training  | Episode: 170000/1000000  | Episode Reward: -77.2222 | Epsilon: 0.6538 | Goal reached: 0
Training  | Episode: 180000/1000000  | Episode Reward: -43.5000 | Epsilon: 0.6376 | Goal reached: 0
Training  | Episode: 190000/1000000  | Episode Reward: -194.0000 | Epsilon: 0.6219 | Goal reached: 0
Training  | Episode: 200000/1000000  | Episode Reward: -72.3889 | Epsilon: 0.6065 | Goal reached: 0
[[-24.28167534 -29.72889137 -32.49144363 -34.24577713]
 [  0.           0.           0.           0.        ]
 [  0.           0.           0.           0.        ]
 [  0.           0.           0.           0.        ]
 [  0.           0.           0.           0.        ]
 [  0.           0.           0.           0.        ]
 [  0.           0.           0.           0.        ]
 [  0.           0.           0.           0.        ]
 [  0.           0.           0.           0.        ]
 [  0.           0.           0.           0.        ]
 [-23.15111732 -28.24589157 -29.85974693 -30.92259216]
 [  0.           0.           0.           0.        ]
 [ -6.41601801  -6.22011709  -6.424335    -6.0356226 ]
 [-10.47006226 -10.02366257 -11.89843655 -10.21837234]
 [  0.           0.           0.           0.        ]
 [  0.           0.           0.           0.        ]
 [  0.           0.           0.           0.        ]
 [  0.           0.           0.           0.        ]
 [  0.           0.           0.           0.        ]
 [  0.           0.           0.           0.        ]
 [-21.28346634 -28.29891396 -29.83194923 -30.85742378]
 [  0.           0.           0.           0.        ]
 [  0.           0.           0.           0.        ]
 [-19.07567787 -18.1353054  -10.38207817 -14.16325665]
 [-14.15387058 -13.51150036 -17.01795769 -14.5878706 ]
 [  0.           0.           0.           0.        ]
 [  0.           0.           0.           0.        ]
 [  0.           0.           0.           0.        ]
 [  0.           0.           0.           0.        ]
 [  0.           0.           0.           0.        ]
 [-29.68102264 -26.11599731 -27.29609489 -21.0287056 ]
 [-29.89391518 -19.95717049 -26.7501545  -26.33654022]
 [-30.60531998 -21.85444641 -27.0992012  -24.34607315]
 [-19.10972214 -18.88261223 -14.08422756 -14.17759705]
 [-16.25315857 -13.87534142 -11.31503105 -10.26339245]
 [ -7.76403189  -7.32957983  -9.44160175  -8.24681854]
 [  0.           0.           0.           0.        ]
 [  0.           0.           0.           0.        ]
 [  0.           0.           0.           0.        ]
 [  0.           0.           0.           0.        ]
 [  0.           0.           0.           0.        ]
 [-32.34989166 -35.2132225  -29.45243645 -32.44422913]
 [  0.           0.           0.           0.        ]
 [  0.           0.           0.           0.        ]
 [  0.           0.           0.           0.        ]
 [ -1.76789176  -3.23263359  -1.85118604  -2.42463517]
 [  0.           0.           0.           0.        ]
 [  0.           0.           0.           0.        ]
 [  0.           0.           0.           0.        ]
 [  0.           0.           0.           0.        ]
 [  0.           0.           0.           0.        ]
 [  0.           0.           0.           0.        ]
 [  0.           0.           0.           0.        ]
 [  0.           0.           0.           0.        ]
 [  0.00795819   0.00951419   0.00821277   0.00753037]
 [ -0.38198262  -0.00308749  -0.38173544  -0.12574108]
 [  0.00919814   0.00449055   0.00177311   0.00602708]
 [  0.           0.           0.           0.        ]
 [  0.           0.           0.           0.        ]
 [  0.           0.           0.           0.        ]
 [  0.           0.           0.           0.        ]
 [  0.           0.           0.           0.        ]
 [  0.           0.           0.           0.        ]
 [  0.           0.           0.           0.        ]
 [  0.           0.           0.           0.        ]
 [  0.           0.           0.           0.        ]
 [  0.00204454   0.00974194   0.00203957   0.00429257]
 [  0.           0.           0.           0.        ]
 [  0.           0.           0.           0.        ]
 [  0.           0.           0.           0.        ]
 [  0.           0.           0.           0.        ]
 [  0.           0.           0.           0.        ]
 [  0.           0.           0.           0.        ]
 [  0.           0.           0.           0.        ]
 [  0.           0.           0.           0.        ]
 [  0.           0.           0.           0.        ]
 [  0.           0.           0.           0.        ]
 [  0.           0.           0.           0.        ]
 [  0.           0.           0.           0.        ]
 [  0.           0.           0.           0.        ]
 [  0.           0.           0.           0.        ]
 [  0.           0.           0.           0.        ]
 [  0.           0.           0.           0.        ]
 [  0.           0.           0.           0.        ]
 [  0.           0.           0.           0.        ]
 [  0.           0.           0.           0.        ]
 [  0.           0.           0.           0.        ]
 [  0.           0.           0.           0.        ]
 [  0.           0.           0.           0.        ]
 [  0.           0.           0.           0.        ]
 [  0.           0.           0.           0.        ]
 [  0.           0.           0.           0.        ]
 [  0.           0.           0.           0.        ]
 [  0.           0.           0.           0.        ]
 [  0.           0.           0.           0.        ]
 [  0.           0.           0.           0.        ]
 [  0.           0.           0.           0.        ]
 [  0.           0.           0.           0.        ]
 [  0.           0.           0.           0.        ]
 [  0.           0.           0.           0.        ]]
Training  | Episode: 210000/1000000  | Episode Reward: -69.3333 | Epsilon: 0.5916 | Goal reached: 0
Training  | Episode: 220000/1000000  | Episode Reward: -88.1667 | Epsilon: 0.5769 | Goal reached: 0
Training  | Episode: 230000/1000000  | Episode Reward: -47.2222 | Epsilon: 0.5627 | Goal reached: 0
Training  | Episode: 240000/1000000  | Episode Reward: -47.2222 | Epsilon: 0.5488 | Goal reached: 0
Training  | Episode: 250000/1000000  | Episode Reward: -68.1667 | Epsilon: 0.5353 | Goal reached: 0
Training  | Episode: 260000/1000000  | Episode Reward: -107.6111 | Epsilon: 0.5220 | Goal reached: 0
Training  | Episode: 270000/1000000  | Episode Reward: -83.7222 | Epsilon: 0.5092 | Goal reached: 0
Training  | Episode: 280000/1000000  | Episode Reward: -230.8333 | Epsilon: 0.4966 | Goal reached: 0
Training  | Episode: 290000/1000000  | Episode Reward: -144.7222 | Epsilon: 0.4843 | Goal reached: 0
Training  | Episode: 300000/1000000  | Episode Reward: -91.8333 | Epsilon: 0.4724 | Goal reached: 0
[[-24.54198265 -30.84309196 -32.55573273 -33.04345703]
 [  0.           0.           0.           0.        ]
 [  0.           0.           0.           0.        ]
 [  0.           0.           0.           0.        ]
 [  0.           0.           0.           0.        ]
 [  0.           0.           0.           0.        ]
 [  0.           0.           0.           0.        ]
 [  0.           0.           0.           0.        ]
 [  0.           0.           0.           0.        ]
 [  0.           0.           0.           0.        ]
 [-23.22738647 -29.20679855 -30.29249191 -32.14092255]
 [  0.           0.           0.           0.        ]
 [-14.29585075 -14.17110634 -14.25858307 -14.34537125]
 [-19.2670784  -19.96797943 -21.93489075 -21.58383942]
 [  0.           0.           0.           0.        ]
 [  0.           0.           0.           0.        ]
 [  0.           0.           0.           0.        ]
 [  0.           0.           0.           0.        ]
 [  0.           0.           0.           0.        ]
 [  0.           0.           0.           0.        ]
 [-23.08630371 -28.06751823 -30.10086632 -31.19383049]
 [  0.           0.           0.           0.        ]
 [  0.           0.           0.           0.        ]
 [-21.27342606 -21.08237648 -15.39019775 -19.58106232]
 [-21.06527328 -18.65791512 -23.27462959 -24.22773552]
 [  0.           0.           0.           0.        ]
 [  0.           0.           0.           0.        ]
 [  0.           0.           0.           0.        ]
 [  0.           0.           0.           0.        ]
 [  0.           0.           0.           0.        ]
 [-30.14566612 -27.87716866 -26.22635841 -22.40924454]
 [-28.62317085 -21.31649208 -27.71950722 -28.25479317]
 [-31.80020905 -22.74295235 -28.40328026 -24.09577942]
 [-21.73413086 -22.73996544 -18.88510513 -14.73227882]
 [-19.81609344 -19.02586174 -16.79219437 -13.95021439]
 [-14.06716251 -13.48614693 -14.79912281 -15.36172009]
 [  0.           0.           0.           0.        ]
 [  0.           0.           0.           0.        ]
 [  0.           0.           0.           0.        ]
 [  0.           0.           0.           0.        ]
 [  0.           0.           0.           0.        ]
 [-31.60485458 -35.8948555  -29.96064186 -31.99166679]
 [  0.           0.           0.           0.        ]
 [  0.           0.           0.           0.        ]
 [  0.           0.           0.           0.        ]
 [ -7.14154387  -7.49533653  -7.15363121  -8.34963036]
 [  0.           0.           0.           0.        ]
 [  0.           0.           0.           0.        ]
 [  0.           0.           0.           0.        ]
 [  0.           0.           0.           0.        ]
 [  0.           0.           0.           0.        ]
 [  0.           0.           0.           0.        ]
 [  0.           0.           0.           0.        ]
 [  0.           0.           0.           0.        ]
 [ -0.54769629  -1.09065557  -0.52714759  -0.54807121]
 [ -0.92739129  -0.77466047  -1.26257956  -0.90494823]
 [ -0.44188717  -0.10152441  -0.00486892  -0.87396795]
 [ -0.04729059   0.00787614   0.00856288   0.00282817]
 [  0.           0.           0.           0.        ]
 [  0.           0.           0.           0.        ]
 [  0.           0.           0.           0.        ]
 [  0.           0.           0.           0.        ]
 [  0.           0.           0.           0.        ]
 [  0.           0.           0.           0.        ]
 [  0.           0.           0.           0.        ]
 [  0.           0.           0.           0.        ]
 [  0.00204454  -0.37927565  -0.00347339   0.00429257]
 [ -0.00484728   0.00595599   0.005636     0.00157072]
 [  0.           0.           0.           0.        ]
 [  0.           0.           0.           0.        ]
 [  0.           0.           0.           0.        ]
 [  0.           0.           0.           0.        ]
 [  0.           0.           0.           0.        ]
 [  0.           0.           0.           0.        ]
 [  0.           0.           0.           0.        ]
 [  0.           0.           0.           0.        ]
 [  0.00270035   0.00471327   0.00503237   0.00473136]
 [  0.00208051   0.00918112   0.0009837    0.00419981]
 [  0.           0.           0.           0.        ]
 [  0.           0.           0.           0.        ]
 [  0.           0.           0.           0.        ]
 [  0.           0.           0.           0.        ]
 [  0.           0.           0.           0.        ]
 [  0.           0.           0.           0.        ]
 [  0.           0.           0.           0.        ]
 [  0.           0.           0.           0.        ]
 [  0.00871926   0.00007048   0.00243675   0.00731285]
 [  0.           0.           0.           0.        ]
 [  0.           0.           0.           0.        ]
 [  0.           0.           0.           0.        ]
 [  0.           0.           0.           0.        ]
 [  0.           0.           0.           0.        ]
 [  0.           0.           0.           0.        ]
 [  0.           0.           0.           0.        ]
 [  0.           0.           0.           0.        ]
 [  0.           0.           0.           0.        ]
 [  0.           0.           0.           0.        ]
 [  0.           0.           0.           0.        ]
 [  0.           0.           0.           0.        ]
 [  0.           0.           0.           0.        ]]
Training  | Episode: 310000/1000000  | Episode Reward: -241.8333 | Epsilon: 0.4607 | Goal reached: 0
Training  | Episode: 320000/1000000  | Episode Reward: -79.7222 | Epsilon: 0.4493 | Goal reached: 0
Training  | Episode: 330000/1000000  | Episode Reward: -70.4444 | Epsilon: 0.4382 | Goal reached: 0
Training  | Episode: 340000/1000000  | Episode Reward: -45.3889 | Epsilon: 0.4274 | Goal reached: 0
Training  | Episode: 350000/1000000  | Episode Reward: -151.7778 | Epsilon: 0.4169 | Goal reached: 0
Training  | Episode: 360000/1000000  | Episode Reward: -90.8333 | Epsilon: 0.4066 | Goal reached: 0
Training  | Episode: 370000/1000000  | Episode Reward: -147.6111 | Epsilon: 0.3965 | Goal reached: 0
Training  | Episode: 380000/1000000  | Episode Reward: -47.2222 | Epsilon: 0.3867 | Goal reached: 0
Training  | Episode: 390000/1000000  | Episode Reward: -85.3889 | Epsilon: 0.3772 | Goal reached: 0
Training  | Episode: 400000/1000000  | Episode Reward: -239.3333 | Epsilon: 0.3679 | Goal reached: 0
[[-26.01407814 -29.84813309 -32.6313591  -33.42865753]
 [  0.           0.           0.           0.        ]
 [  0.           0.           0.           0.        ]
 [  0.           0.           0.           0.        ]
 [  0.           0.           0.           0.        ]
 [  0.           0.           0.           0.        ]
 [  0.           0.           0.           0.        ]
 [  0.           0.           0.           0.        ]
 [  0.           0.           0.           0.        ]
 [  0.           0.           0.           0.        ]
 [-24.24143982 -30.43008995 -30.13642502 -33.01732635]
 [  0.           0.           0.           0.        ]
 [-24.45559502 -24.11556625 -24.66664314 -24.31989861]
 [-24.7917614  -24.50043488 -28.03894615 -25.42787933]
 [  0.           0.           0.           0.        ]
 [  0.           0.           0.           0.        ]
 [  0.           0.           0.           0.        ]
 [  0.           0.           0.           0.        ]
 [  0.           0.           0.           0.        ]
 [  0.           0.           0.           0.        ]
 [-22.28067398 -31.04133606 -28.94477844 -30.1422863 ]
 [  0.           0.           0.           0.        ]
 [  0.           0.           0.           0.        ]
 [-24.29642677 -25.69270706 -18.47454071 -24.58054924]
 [-22.33110619 -20.88717079 -26.92276764 -27.07067108]
 [  0.           0.           0.           0.        ]
 [  0.           0.           0.           0.        ]
 [  0.           0.           0.           0.        ]
 [  0.           0.           0.           0.        ]
 [  0.           0.           0.           0.        ]
 [-29.50754738 -27.43005371 -26.49904442 -21.53740311]
 [-29.40663147 -21.0940094  -27.69984055 -27.7928772 ]
 [-31.48522186 -22.10832214 -30.31899643 -25.32480049]
 [-21.64584923 -21.37923813 -18.72636986 -16.93735695]
 [-21.57427406 -19.41070938 -18.13264084 -16.26875687]
 [-17.29519653 -17.9932766  -18.81233788 -21.01633072]
 [  0.           0.           0.           0.        ]
 [  0.           0.           0.           0.        ]
 [  0.           0.           0.           0.        ]
 [  0.           0.           0.           0.        ]
 [  0.           0.           0.           0.        ]
 [-31.04504776 -35.17673111 -29.14090729 -31.56995201]
 [  0.           0.           0.           0.        ]
 [  0.           0.           0.           0.        ]
 [  0.           0.           0.           0.        ]
 [-12.24612904 -12.83956337 -13.16750336 -13.09397602]
 [  0.           0.           0.           0.        ]
 [  0.           0.           0.           0.        ]
 [  0.           0.           0.           0.        ]
 [  0.           0.           0.           0.        ]
 [  0.           0.           0.           0.        ]
 [  0.           0.           0.           0.        ]
 [  0.           0.           0.           0.        ]
 [  0.           0.           0.           0.        ]
 [ -1.62580049  -1.18117857  -1.15938997  -1.09260511]
 [ -2.58977318  -2.47575641  -2.89465904  -2.300107  ]
 [ -0.50150257  -0.29606119  -0.47848678  -0.96882474]
 [ -0.04729059  -0.076097    -0.38036215  -0.39137906]
 [  0.00478213   0.00448518   0.00750866   0.00416615]
 [  0.           0.           0.           0.        ]
 [  0.           0.           0.           0.        ]
 [  0.           0.           0.           0.        ]
 [  0.           0.           0.           0.        ]
 [  0.           0.           0.           0.        ]
 [  0.           0.           0.           0.        ]
 [  0.           0.           0.           0.        ]
 [ -0.43237039  -0.75077921  -0.14121938  -0.2836169 ]
 [ -0.01327057  -0.22289574  -0.06118089  -0.06509874]
 [  0.           0.           0.           0.        ]
 [  0.           0.           0.           0.        ]
 [  0.           0.           0.           0.        ]
 [  0.           0.           0.           0.        ]
 [  0.           0.           0.           0.        ]
 [  0.           0.           0.           0.        ]
 [  0.           0.           0.           0.        ]
 [  0.           0.           0.           0.        ]
 [  0.00270035   0.00471327  -0.0037449   -0.19256695]
 [  0.00208051   0.0035124   -0.00224555   0.00419981]
 [  0.           0.           0.           0.        ]
 [  0.           0.           0.           0.        ]
 [  0.           0.           0.           0.        ]
 [  0.           0.           0.           0.        ]
 [  0.           0.           0.           0.        ]
 [  0.           0.           0.           0.        ]
 [  0.           0.           0.           0.        ]
 [  0.           0.           0.           0.        ]
 [ -0.1580112    0.00007048   0.00243675   0.00731285]
 [  0.00634261   0.00884011   0.00780073   0.00050026]
 [  0.           0.           0.           0.        ]
 [  0.           0.           0.           0.        ]
 [  0.           0.           0.           0.        ]
 [  0.           0.           0.           0.        ]
 [  0.           0.           0.           0.        ]
 [  0.           0.           0.           0.        ]
 [  0.           0.           0.           0.        ]
 [  0.           0.           0.           0.        ]
 [  0.           0.           0.           0.        ]
 [  0.           0.           0.           0.        ]
 [  0.           0.           0.           0.        ]
 [  0.           0.           0.           0.        ]]
Training  | Episode: 410000/1000000  | Episode Reward: -313.6111 | Epsilon: 0.3588 | Goal reached: 0
Training  | Episode: 420000/1000000  | Episode Reward: -150.7222 | Epsilon: 0.3499 | Goal reached: 0
Training  | Episode: 430000/1000000  | Episode Reward: -78.1667 | Epsilon: 0.3413 | Goal reached: 0
Training  | Episode: 440000/1000000  | Episode Reward: -103.6111 | Epsilon: 0.3329 | Goal reached: 0
Training  | Episode: 450000/1000000  | Episode Reward: -172.1111 | Epsilon: 0.3247 | Goal reached: 0
Training  | Episode: 460000/1000000  | Episode Reward: -57.5000 | Epsilon: 0.3166 | Goal reached: 0
Training  | Episode: 470000/1000000  | Episode Reward: -98.2222 | Epsilon: 0.3088 | Goal reached: 0
Training  | Episode: 480000/1000000  | Episode Reward: -63.5000 | Epsilon: 0.3012 | Goal reached: 0
Training  | Episode: 490000/1000000  | Episode Reward: -67.2222 | Epsilon: 0.2938 | Goal reached: 0
Training  | Episode: 500000/1000000  | Episode Reward: -51.5556 | Epsilon: 0.2865 | Goal reached: 0
[[-26.19975471 -30.12273407 -33.78465271 -33.16019821]
 [  0.           0.           0.           0.        ]
 [  0.           0.           0.           0.        ]
 [  0.           0.           0.           0.        ]
 [  0.           0.           0.           0.        ]
 [  0.           0.           0.           0.        ]
 [  0.           0.           0.           0.        ]
 [  0.           0.           0.           0.        ]
 [  0.           0.           0.           0.        ]
 [  0.           0.           0.           0.        ]
 [-24.94730949 -30.61626625 -30.36532593 -33.09559631]
 [  0.           0.           0.           0.        ]
 [-34.29774857 -34.2572403  -34.25743103 -34.34898758]
 [-28.44178963 -28.00227165 -32.34669876 -30.27286148]
 [  0.           0.           0.           0.        ]
 [  0.           0.           0.           0.        ]
 [  0.           0.           0.           0.        ]
 [  0.           0.           0.           0.        ]
 [  0.           0.           0.           0.        ]
 [  0.           0.           0.           0.        ]
 [-24.23405838 -31.21836662 -28.74701691 -30.75504112]
 [  0.           0.           0.           0.        ]
 [  0.           0.           0.           0.        ]
 [-25.7191906  -24.71754074 -19.53921127 -24.25549889]
 [-23.16560555 -21.37598038 -28.96416855 -27.82886887]
 [  0.           0.           0.           0.        ]
 [  0.           0.           0.           0.        ]
 [  0.           0.           0.           0.        ]
 [  0.           0.           0.           0.        ]
 [  0.           0.           0.           0.        ]
 [-30.28349876 -27.05948639 -28.10492325 -22.89482498]
 [-28.53827477 -21.92230797 -27.74172211 -26.41948509]
 [-32.04676056 -23.05511665 -27.93857193 -27.32522011]
 [-23.3601532  -22.07896805 -20.73324203 -18.24109077]
 [-20.7383461  -19.90687561 -19.08876419 -16.98039627]
 [-19.45223618 -18.27265358 -21.78168297 -22.90498352]
 [  0.           0.           0.           0.        ]
 [  0.           0.           0.           0.        ]
 [  0.           0.           0.           0.        ]
 [  0.           0.           0.           0.        ]
 [  0.           0.           0.           0.        ]
 [-31.71008301 -35.22137833 -29.61839867 -32.21899414]
 [  0.           0.           0.           0.        ]
 [  0.           0.           0.           0.        ]
 [  0.           0.           0.           0.        ]
 [-15.34662724 -15.54252338 -15.386446   -16.23020554]
 [  0.           0.           0.           0.        ]
 [  0.           0.           0.           0.        ]
 [  0.           0.           0.           0.        ]
 [  0.           0.           0.           0.        ]
 [  0.           0.           0.           0.        ]
 [  0.           0.           0.           0.        ]
 [  0.           0.           0.           0.        ]
 [  0.           0.           0.           0.        ]
 [ -3.54678559  -3.66612864  -3.64306474  -3.92241573]
 [ -4.42879772  -4.31079054  -5.32389545  -4.50467539]
 [ -1.57439828  -1.10791147  -1.33946919  -1.08427989]
 [ -0.35045809  -0.20244974  -0.37636143  -0.39137906]
 [ -0.21742409  -0.21771511  -0.32584396   0.00416615]
 [  0.00331745   0.00630004   0.00746993   0.00513061]
 [  0.           0.           0.           0.        ]
 [  0.           0.           0.           0.        ]
 [  0.           0.           0.           0.        ]
 [  0.           0.           0.           0.        ]
 [  0.           0.           0.           0.        ]
 [  0.           0.           0.           0.        ]
 [ -0.50577229  -1.11566496  -0.40851468  -0.36073247]
 [ -0.18533906  -0.22289574  -0.13100702  -0.41961402]
 [  0.           0.           0.           0.        ]
 [  0.           0.           0.           0.        ]
 [  0.           0.           0.           0.        ]
 [  0.           0.           0.           0.        ]
 [  0.           0.           0.           0.        ]
 [  0.           0.           0.           0.        ]
 [  0.           0.           0.           0.        ]
 [  0.           0.           0.           0.        ]
 [  0.00270035   0.00023336  -0.0037449   -0.19256695]
 [ -0.00347885  -0.16634127  -0.00224555  -0.05162553]
 [  0.           0.           0.           0.        ]
 [  0.           0.           0.           0.        ]
 [  0.           0.           0.           0.        ]
 [  0.           0.           0.           0.        ]
 [  0.           0.           0.           0.        ]
 [  0.           0.           0.           0.        ]
 [  0.           0.           0.           0.        ]
 [  0.           0.           0.           0.        ]
 [ -0.1580112    0.00007048   0.00243675   0.00731285]
 [  0.00634261  -0.10236183   0.00780073   0.00050026]
 [  0.           0.           0.           0.        ]
 [  0.           0.           0.           0.        ]
 [  0.           0.           0.           0.        ]
 [  0.           0.           0.           0.        ]
 [  0.           0.           0.           0.        ]
 [  0.           0.           0.           0.        ]
 [  0.           0.           0.           0.        ]
 [  0.           0.           0.           0.        ]
 [  0.           0.           0.           0.        ]
 [  0.           0.           0.           0.        ]
 [  0.           0.           0.           0.        ]
 [  0.           0.           0.           0.        ]]
Training  | Episode: 510000/1000000  | Episode Reward: -59.8889 | Epsilon: 0.2794 | Goal reached: 0
Training  | Episode: 520000/1000000  | Episode Reward: -47.2222 | Epsilon: 0.2725 | Goal reached: 0
Training  | Episode: 530000/1000000  | Episode Reward: -77.2222 | Epsilon: 0.2658 | Goal reached: 0
Training  | Episode: 540000/1000000  | Episode Reward: -68.1667 | Epsilon: 0.2592 | Goal reached: 0
Training  | Episode: 550000/1000000  | Episode Reward: -47.2222 | Epsilon: 0.2528 | Goal reached: 0
Training  | Episode: 560000/1000000  | Episode Reward: -114.3333 | Epsilon: 0.2466 | Goal reached: 0
Training  | Episode: 570000/1000000  | Episode Reward: -47.2222 | Epsilon: 0.2405 | Goal reached: 0
Training  | Episode: 580000/1000000  | Episode Reward: -76.8333 | Epsilon: 0.2346 | Goal reached: 0
Training  | Episode: 590000/1000000  | Episode Reward: -93.7222 | Epsilon: 0.2288 | Goal reached: 0
Training  | Episode: 600000/1000000  | Episode Reward: -202.5000 | Epsilon: 0.2231 | Goal reached: 1
[[-27.51842308 -33.48959732 -33.48136902 -34.22184372]
 [  0.           0.           0.           0.        ]
 [  0.           0.           0.           0.        ]
 [  0.           0.           0.           0.        ]
 [  0.           0.           0.           0.        ]
 [  0.           0.           0.           0.        ]
 [  0.           0.           0.           0.        ]
 [  0.           0.           0.           0.        ]
 [  0.           0.           0.           0.        ]
 [  0.           0.           0.           0.        ]
 [-25.84747124 -30.78054619 -30.78816032 -33.37924576]
 [  0.           0.           0.           0.        ]
 [-37.04899597 -37.14944458 -37.07633972 -37.22984314]
 [-29.33496475 -28.64585304 -32.22958374 -32.65659332]
 [  0.           0.           0.           0.        ]
 [  0.           0.           0.           0.        ]
 [  0.           0.           0.           0.        ]
 [  0.           0.           0.           0.        ]
 [  0.           0.           0.           0.        ]
 [  0.           0.           0.           0.        ]
 [-24.66309929 -27.99778938 -28.99452972 -30.68338203]
 [  0.           0.           0.           0.        ]
 [  0.           0.           0.           0.        ]
 [-25.93496513 -25.85599518 -19.33000565 -24.65076256]
 [-24.01729584 -21.74483299 -26.33740616 -27.87298203]
 [  0.           0.           0.           0.        ]
 [  0.           0.           0.           0.        ]
 [  0.           0.           0.           0.        ]
 [  0.           0.           0.           0.        ]
 [  0.           0.           0.           0.        ]
 [-30.07900238 -27.85201645 -27.78653717 -22.92651176]
 [-29.68474579 -21.72381973 -27.70588875 -28.4375515 ]
 [-33.03888321 -24.67941284 -29.97281837 -26.01643944]
 [-23.96476555 -23.05862617 -20.9546566  -18.49310112]
 [-21.58771515 -19.85359383 -20.28518105 -17.19404793]
 [-18.88368797 -18.07684517 -22.60959625 -24.00790024]
 [  0.           0.           0.           0.        ]
 [  0.           0.           0.           0.        ]
 [  0.           0.           0.           0.        ]
 [  0.           0.           0.           0.        ]
 [  0.           0.           0.           0.        ]
 [-31.91246796 -35.32091141 -30.2021122  -32.09328461]
 [  0.           0.           0.           0.        ]
 [  0.           0.           0.           0.        ]
 [  0.           0.           0.           0.        ]
 [-16.46507645 -16.54840088 -14.99133015 -19.76531601]
 [  0.           0.           0.           0.        ]
 [  0.           0.           0.           0.        ]
 [  0.           0.           0.           0.        ]
 [  0.           0.           0.           0.        ]
 [  0.           0.           0.           0.        ]
 [  0.           0.           0.           0.        ]
 [  0.           0.           0.           0.        ]
 [  0.           0.           0.           0.        ]
 [ -7.26451588  -6.21037149  -6.32083178  -6.41399193]
 [ -7.26798773  -7.26137972  -7.86464643  -7.23853254]
 [ -2.24748158  -2.21284199  -2.31296897  -2.68645597]
 [ -0.4420113   -0.39188325  -1.13005173  -0.58482891]
 [ -0.546278    -0.28550869  -0.32584396  -0.33345434]
 [  0.00331745   0.00630004  -0.15920919   0.00513061]
 [  0.           0.           0.           0.        ]
 [  0.           0.           0.           0.        ]
 [  0.           0.           0.           0.        ]
 [  0.           0.           0.           0.        ]
 [  0.           0.           0.           0.        ]
 [  0.           0.           0.           0.        ]
 [ -0.60100812  -1.4821744   -0.48131049  -1.11631656]
 [ -0.3217617   -0.44054842  -0.26587698  -0.41961402]
 [  0.           0.           0.           0.        ]
 [  0.           0.           0.           0.        ]
 [  0.           0.           0.           0.        ]
 [  0.           0.           0.           0.        ]
 [  0.           0.           0.           0.        ]
 [  0.           0.           0.           0.        ]
 [  0.           0.           0.           0.        ]
 [  0.           0.           0.           0.        ]
 [ -0.39749861  -0.04434121  -0.0813937   -0.19256695]
 [ -0.01200645  -0.16634127  -0.0592883   -0.05162553]
 [  0.           0.           0.           0.        ]
 [  0.           0.           0.           0.        ]
 [  0.           0.           0.           0.        ]
 [  0.           0.           0.           0.        ]
 [  0.           0.           0.           0.        ]
 [  0.           0.           0.           0.        ]
 [  0.           0.           0.           0.        ]
 [  0.           0.           0.           0.        ]
 [ -0.1580112    0.00007048   0.00243675  -0.04832297]
 [ -0.10480937  -0.10236183  -0.21233794  -0.00161346]
 [ -0.02506052   0.00747501   0.00189551   0.00298728]
 [  0.           0.           0.           0.        ]
 [  0.           0.           0.           0.        ]
 [  0.           0.           0.           0.        ]
 [  0.           0.           0.           0.        ]
 [  0.           0.           0.           0.        ]
 [  0.           0.           0.           0.        ]
 [  0.           0.           0.           0.        ]
 [  0.           0.           0.           0.        ]
 [  0.           0.           0.           0.        ]
 [  0.002399     0.00875004   0.00641914   0.00507259]
 [  0.           0.           0.           0.        ]]
Training  | Episode: 610000/1000000  | Episode Reward: -160.4444 | Epsilon: 0.2176 | Goal reached: 1
Training  | Episode: 620000/1000000  | Episode Reward: -220.8333 | Epsilon: 0.2122 | Goal reached: 2
Training  | Episode: 630000/1000000  | Episode Reward: -177.3889 | Epsilon: 0.2070 | Goal reached: 2
Training  | Episode: 640000/1000000  | Episode Reward: -67.2222 | Epsilon: 0.2019 | Goal reached: 2
Training  | Episode: 650000/1000000  | Episode Reward: -99.3333 | Epsilon: 0.1969 | Goal reached: 2
Training  | Episode: 660000/1000000  | Episode Reward: -321.8333 | Epsilon: 0.1920 | Goal reached: 2
Training  | Episode: 670000/1000000  | Episode Reward: -524.3333 | Epsilon: 0.1873 | Goal reached: 2
Training  | Episode: 680000/1000000  | Episode Reward: -45.3889 | Epsilon: 0.1827 | Goal reached: 2
Training  | Episode: 690000/1000000  | Episode Reward: -66.1111 | Epsilon: 0.1782 | Goal reached: 2
Training  | Episode: 700000/1000000  | Episode Reward: -55.3889 | Epsilon: 0.1738 | Goal reached: 2
[[-27.74282455 -33.83797836 -33.75456619 -35.46572113]
 [  0.           0.           0.           0.        ]
 [  0.           0.           0.           0.        ]
 [  0.           0.           0.           0.        ]
 [  0.           0.           0.           0.        ]
 [  0.           0.           0.           0.        ]
 [  0.           0.           0.           0.        ]
 [  0.           0.           0.           0.        ]
 [  0.           0.           0.           0.        ]
 [  0.           0.           0.           0.        ]
 [-26.08755493 -30.24513817 -30.9446907  -33.18918991]
 [  0.           0.           0.           0.        ]
 [-39.44413757 -36.76036072 -38.25855637 -38.31524277]
 [-31.001194   -27.56612206 -32.1938858  -34.65713501]
 [  0.           0.           0.           0.        ]
 [  0.           0.           0.           0.        ]
 [  0.           0.           0.           0.        ]
 [  0.           0.           0.           0.        ]
 [  0.           0.           0.           0.        ]
 [  0.           0.           0.           0.        ]
 [-24.19303703 -29.74994659 -28.76772881 -31.65890694]
 [  0.           0.           0.           0.        ]
 [  0.           0.           0.           0.        ]
 [-26.68926811 -25.87217903 -20.20411491 -25.4169693 ]
 [-22.93436813 -21.48170662 -27.35954666 -29.21064949]
 [  0.           0.           0.           0.        ]
 [  0.           0.           0.           0.        ]
 [  0.           0.           0.           0.        ]
 [  0.           0.           0.           0.        ]
 [  0.           0.           0.           0.        ]
 [-29.87243843 -27.02728844 -25.50245667 -22.1463089 ]
 [-29.65348053 -21.4948597  -27.85520363 -28.69528961]
 [-32.34275055 -25.01126289 -28.81394577 -25.90927887]
 [-23.36453819 -23.04551697 -20.79273033 -18.87081528]
 [-20.86596489 -20.50244141 -20.19590378 -16.68243599]
 [-20.65442848 -17.91006851 -21.71694565 -24.73398972]
 [  0.           0.           0.           0.        ]
 [  0.           0.           0.           0.        ]
 [  0.           0.           0.           0.        ]
 [  0.           0.           0.           0.        ]
 [  0.           0.           0.           0.        ]
 [-32.90071869 -34.97193909 -30.54557228 -32.46733475]
 [  0.           0.           0.           0.        ]
 [  0.           0.           0.           0.        ]
 [  0.           0.           0.           0.        ]
 [-16.90293694 -17.34065247 -15.32516575 -21.03397942]
 [  0.           0.           0.           0.        ]
 [  0.           0.           0.           0.        ]
 [  0.           0.           0.           0.        ]
 [  0.           0.           0.           0.        ]
 [  0.           0.           0.           0.        ]
 [  0.           0.           0.           0.        ]
 [  0.           0.           0.           0.        ]
 [  0.           0.           0.           0.        ]
 [-11.7023077  -11.49121284 -11.38498688 -11.47128963]
 [ -9.66979313  -9.67522621  -9.73709202  -9.38065052]
 [ -3.67808819  -3.31221318  -3.70195556  -3.32407403]
 [ -1.7464354   -1.39077318  -2.20668745  -1.42575157]
 [ -0.96442437  -1.11259317  -0.95977569  -1.00208712]
 [ -0.06185994  -0.16035566  -0.15920919  -0.10373038]
 [  0.           0.           0.           0.        ]
 [  0.           0.           0.           0.        ]
 [  0.           0.           0.           0.        ]
 [  0.           0.           0.           0.        ]
 [  0.           0.           0.           0.        ]
 [  0.           0.           0.           0.        ]
 [ -1.79644883  -1.87002456  -1.73654246  -2.20522094]
 [ -0.89746612  -0.7857663   -0.8342818   -0.85722804]
 [  0.           0.           0.           0.        ]
 [  0.           0.           0.           0.        ]
 [  0.           0.           0.           0.        ]
 [  0.           0.           0.           0.        ]
 [  0.           0.           0.           0.        ]
 [  0.           0.           0.           0.        ]
 [  0.           0.           0.           0.        ]
 [  0.           0.           0.           0.        ]
 [ -0.39749861  -0.3738001   -0.31554204  -0.59702122]
 [ -0.14739501  -0.16634127  -0.22678423  -0.30009556]
 [  0.           0.           0.           0.        ]
 [  0.           0.           0.           0.        ]
 [  0.           0.           0.           0.        ]
 [  0.           0.           0.           0.        ]
 [  0.           0.           0.           0.        ]
 [  0.           0.           0.           0.        ]
 [  0.           0.           0.           0.        ]
 [  0.           0.           0.           0.        ]
 [ -0.1580112   -0.00325726   0.00243675  -0.04832297]
 [ -0.10480937  -0.12243216  -0.21233794  -0.00161346]
 [ -0.02506052   0.0063369    0.00189551   0.00298728]
 [  0.           0.           0.           0.        ]
 [  0.           0.           0.           0.        ]
 [  0.           0.           0.           0.        ]
 [  0.           0.           0.           0.        ]
 [  0.           0.           0.           0.        ]
 [  0.           0.           0.           0.        ]
 [  0.           0.           0.           0.        ]
 [  0.           0.           0.           0.        ]
 [  0.           0.           0.           0.        ]
 [  0.002399     2.00869632   0.00641914   0.00507259]
 [  0.           0.           0.           0.        ]]
Training  | Episode: 710000/1000000  | Episode Reward: -77.2222 | Epsilon: 0.1695 | Goal reached: 2
Training  | Episode: 720000/1000000  | Episode Reward: -55.3889 | Epsilon: 0.1653 | Goal reached: 2
Training  | Episode: 730000/1000000  | Episode Reward: -165.1111 | Epsilon: 0.1612 | Goal reached: 2
Training  | Episode: 740000/1000000  | Episode Reward: -234.8889 | Epsilon: 0.1572 | Goal reached: 3
Training  | Episode: 750000/1000000  | Episode Reward: -150.8333 | Epsilon: 0.1534 | Goal reached: 3
Training  | Episode: 760000/1000000  | Episode Reward: -65.3889 | Epsilon: 0.1496 | Goal reached: 3
Training  | Episode: 770000/1000000  | Episode Reward: -47.2222 | Epsilon: 0.1459 | Goal reached: 3
Training  | Episode: 780000/1000000  | Episode Reward: -57.2222 | Epsilon: 0.1423 | Goal reached: 3
Training  | Episode: 790000/1000000  | Episode Reward: -215.3889 | Epsilon: 0.1388 | Goal reached: 3
Training  | Episode: 800000/1000000  | Episode Reward: -77.2222 | Epsilon: 0.1353 | Goal reached: 3
[[-28.35215759 -31.90507889 -35.11986542 -34.93560791]
 [  0.           0.           0.           0.        ]
 [  0.           0.           0.           0.        ]
 [  0.           0.           0.           0.        ]
 [  0.           0.           0.           0.        ]
 [  0.           0.           0.           0.        ]
 [  0.           0.           0.           0.        ]
 [  0.           0.           0.           0.        ]
 [  0.           0.           0.           0.        ]
 [  0.           0.           0.           0.        ]
 [-26.70249939 -31.51893997 -31.11106682 -34.03603745]
 [  0.           0.           0.           0.        ]
 [-40.91392899 -35.95941544 -37.74323654 -37.72599411]
 [-29.7263279  -28.1095562  -32.71570587 -35.33800125]
 [  0.           0.           0.           0.        ]
 [  0.           0.           0.           0.        ]
 [  0.           0.           0.           0.        ]
 [  0.           0.           0.           0.        ]
 [  0.           0.           0.           0.        ]
 [  0.           0.           0.           0.        ]
 [-24.97716141 -28.88893127 -30.63167572 -32.31745529]
 [  0.           0.           0.           0.        ]
 [  0.           0.           0.           0.        ]
 [-25.19776917 -26.51624298 -19.62388611 -25.06412697]
 [-24.78360558 -21.72172737 -27.01743317 -29.02727509]
 [  0.           0.           0.           0.        ]
 [  0.           0.           0.           0.        ]
 [  0.           0.           0.           0.        ]
 [  0.           0.           0.           0.        ]
 [  0.           0.           0.           0.        ]
 [-29.67008209 -27.63516426 -26.24474335 -23.01091194]
 [-29.78132629 -21.74557495 -25.06637001 -27.38937378]
 [-32.30385208 -22.36956978 -26.6788578  -24.71546745]
 [-23.87252426 -21.56652069 -20.27872849 -17.79302216]
 [-21.1658802  -20.94093513 -19.62464714 -16.82523155]
 [-20.93988419 -19.44570541 -23.26486969 -24.60876465]
 [  0.           0.           0.           0.        ]
 [  0.           0.           0.           0.        ]
 [  0.           0.           0.           0.        ]
 [  0.           0.           0.           0.        ]
 [  0.           0.           0.           0.        ]
 [-31.50905228 -34.79115677 -29.90022469 -32.18770218]
 [  0.           0.           0.           0.        ]
 [  0.           0.           0.           0.        ]
 [  0.           0.           0.           0.        ]
 [-18.37733841 -19.32959747 -16.15352058 -21.571064  ]
 [  0.           0.           0.           0.        ]
 [  0.           0.           0.           0.        ]
 [  0.           0.           0.           0.        ]
 [  0.           0.           0.           0.        ]
 [  0.           0.           0.           0.        ]
 [  0.           0.           0.           0.        ]
 [  0.           0.           0.           0.        ]
 [  0.           0.           0.           0.        ]
 [-15.16023064 -14.9577179  -14.91229248 -14.97791862]
 [-10.86870766 -11.05805302 -10.81051254 -10.49430275]
 [ -6.61558294  -5.06281042  -5.13784504  -5.52699089]
 [ -2.65123153  -2.63744354  -2.44128346  -2.5838294 ]
 [ -1.62757373  -1.50831354  -1.73772645  -1.50573027]
 [ -0.3382726   -0.16035566  -0.32255471  -0.37930566]
 [  0.           0.           0.           0.        ]
 [  0.           0.           0.           0.        ]
 [  0.           0.           0.           0.        ]
 [  0.           0.           0.           0.        ]
 [  0.           0.           0.           0.        ]
 [  0.           0.           0.           0.        ]
 [ -3.00914574  -2.86591816  -2.70804548  -2.69729137]
 [ -1.63111472  -1.5957154   -1.7010808   -1.69740343]
 [  0.           0.           0.           0.        ]
 [  0.           0.           0.           0.        ]
 [  0.           0.           0.           0.        ]
 [  0.           0.           0.           0.        ]
 [  0.           0.           0.           0.        ]
 [  0.           0.           0.           0.        ]
 [  0.           0.           0.           0.        ]
 [  0.           0.           0.           0.        ]
 [ -0.75414419  -1.03355849  -0.73915422  -0.91578507]
 [ -0.62544084  -0.61067671  -0.66218668  -0.58878958]
 [  0.           0.           0.           0.        ]
 [  0.00906216   0.00550061   0.00464912   0.0070267 ]
 [  0.           0.           0.           0.        ]
 [  0.           0.           0.           0.        ]
 [  0.           0.           0.           0.        ]
 [  0.           0.           0.           0.        ]
 [  0.           0.           0.           0.        ]
 [ -0.33259431  -0.21446081  -0.26162186  -0.04207622]
 [ -0.38260329  -0.28923509  -0.32744074  -0.26247755]
 [ -0.26234162  -0.32386231  -0.25321889  -0.28354207]
 [ -0.02506052  -0.00219863   0.00085647   0.02992572]
 [  2.00780678   0.0078562    0.00736475   0.00561229]
 [  0.           0.           0.           0.        ]
 [  0.           0.           0.           0.        ]
 [  0.           0.           0.           0.        ]
 [  0.           0.           0.           0.        ]
 [  0.           0.           0.           0.        ]
 [  0.           0.           0.           0.        ]
 [  0.           0.           0.           0.        ]
 [  0.           0.           0.           0.        ]
 [  0.002399     2.00869632   0.00641914   0.00507259]
 [  0.           0.           0.           0.        ]]
Training  | Episode: 810000/1000000  | Episode Reward: -136.0000 | Epsilon: 0.1320 | Goal reached: 3
Training  | Episode: 820000/1000000  | Episode Reward: -47.2222 | Epsilon: 0.1287 | Goal reached: 3
Training  | Episode: 830000/1000000  | Episode Reward: -84.2778 | Epsilon: 0.1256 | Goal reached: 4
Training  | Episode: 840000/1000000  | Episode Reward: -104.2778 | Epsilon: 0.1225 | Goal reached: 4
Training  | Episode: 850000/1000000  | Episode Reward: -389.6111 | Epsilon: 0.1194 | Goal reached: 5
Training  | Episode: 860000/1000000  | Episode Reward: -126.2778 | Epsilon: 0.1165 | Goal reached: 5
Training  | Episode: 870000/1000000  | Episode Reward: -204.0556 | Epsilon: 0.1136 | Goal reached: 5
Training  | Episode: 880000/1000000  | Episode Reward: -691.9444 | Epsilon: 0.1108 | Goal reached: 5
Training  | Episode: 890000/1000000  | Episode Reward: -102.7778 | Epsilon: 0.1081 | Goal reached: 5
Training  | Episode: 900000/1000000  | Episode Reward: -329.1667 | Epsilon: 0.1054 | Goal reached: 5
[[-28.07247734 -33.0414238  -33.57752609 -35.13742828]
 [  0.           0.           0.           0.        ]
 [  0.           0.           0.           0.        ]
 [  0.           0.           0.           0.        ]
 [  0.           0.           0.           0.        ]
 [  0.           0.           0.           0.        ]
 [  0.           0.           0.           0.        ]
 [  0.           0.           0.           0.        ]
 [  0.           0.           0.           0.        ]
 [  0.           0.           0.           0.        ]
 [-26.3204174  -32.48065948 -33.35979843 -33.81588364]
 [  0.           0.           0.           0.        ]
 [-41.41321564 -37.87613678 -37.78600311 -39.29294968]
 [-29.85722542 -28.09357262 -33.35394287 -34.25296402]
 [  0.           0.           0.           0.        ]
 [  0.           0.           0.           0.        ]
 [  0.           0.           0.           0.        ]
 [  0.           0.           0.           0.        ]
 [  0.           0.           0.           0.        ]
 [  0.           0.           0.           0.        ]
 [-25.19692993 -27.28309059 -30.39874077 -32.29087448]
 [  0.           0.           0.           0.        ]
 [  0.           0.           0.           0.        ]
 [-27.00071907 -24.44671822 -19.48259163 -27.06892014]
 [-24.20750618 -22.66810608 -28.01140213 -28.74242592]
 [  0.           0.           0.           0.        ]
 [  0.           0.           0.           0.        ]
 [  0.           0.           0.           0.        ]
 [  0.           0.           0.           0.        ]
 [  0.           0.           0.           0.        ]
 [-29.81397247 -27.51461792 -28.47706795 -22.84362221]
 [-28.7205143  -22.1352787  -27.97900963 -26.45436096]
 [-31.20470428 -24.11280441 -28.4893074  -25.60845566]
 [-23.09095764 -21.97275925 -21.70141792 -17.65091515]
 [-21.924963   -19.27304459 -20.06643867 -17.40526199]
 [-18.8541851  -18.07167625 -23.96178246 -24.72180748]
 [  0.           0.           0.           0.        ]
 [  0.           0.           0.           0.        ]
 [  0.           0.           0.           0.        ]
 [  0.           0.           0.           0.        ]
 [  0.           0.           0.           0.        ]
 [-31.62444687 -34.71341705 -30.34348488 -31.95724297]
 [  0.           0.           0.           0.        ]
 [  0.           0.           0.           0.        ]
 [  0.           0.           0.           0.        ]
 [-18.21552849 -19.42298317 -16.27326012 -22.73288345]
 [  0.           0.           0.           0.        ]
 [  0.           0.           0.           0.        ]
 [  0.           0.           0.           0.        ]
 [  0.           0.           0.           0.        ]
 [  0.           0.           0.           0.        ]
 [  0.           0.           0.           0.        ]
 [  0.           0.           0.           0.        ]
 [  0.           0.           0.           0.        ]
 [-18.7172184  -18.5459938  -18.60955429 -18.72301674]
 [-12.06530285 -11.40672016 -12.31091404 -11.75152588]
 [ -7.30091763  -6.06335211  -6.83780479  -6.53544092]
 [ -4.08718634  -3.98371887  -3.91505837  -4.21900892]
 [ -2.71729231  -2.63468266  -2.57605791  -2.56935048]
 [ -0.60915703  -0.64058942  -0.52418196  -0.49908096]
 [  0.           0.           0.           0.        ]
 [  0.           0.           0.           0.        ]
 [  0.           0.           0.           0.        ]
 [  0.           0.           0.           0.        ]
 [  0.           0.           0.           0.        ]
 [  0.           0.           0.           0.        ]
 [ -4.22478819  -4.11980677  -3.96451616  -3.9149816 ]
 [ -3.15437245  -3.15186524  -3.08494234  -3.14093781]
 [  0.           0.           0.           0.        ]
 [  0.           0.           0.           0.        ]
 [  0.           0.           0.           0.        ]
 [  0.           0.           0.           0.        ]
 [  0.           0.           0.           0.        ]
 [  0.           0.           0.           0.        ]
 [  0.           0.           0.           0.        ]
 [  0.           0.           0.           0.        ]
 [ -1.45612371  -1.59296215  -1.51173329  -1.4602021 ]
 [ -1.1377418   -1.1107564   -1.08772874  -1.03057718]
 [  0.           0.           0.           0.        ]
 [ -0.15767403   0.00550061   0.00464912   0.0070267 ]
 [  0.           0.           0.           0.        ]
 [  0.           0.           0.           0.        ]
 [  0.           0.           0.           0.        ]
 [  0.           0.           0.           0.        ]
 [  0.           0.           0.           0.        ]
 [ -0.33259431  -0.25836059  -0.26162186  -0.37442809]
 [ -0.5415073   -0.4494856   -0.48606086  -0.46195838]
 [ -0.37149477  -0.4284102   -0.4194037   -0.37720484]
 [ -0.02506052  -0.01601715  -0.06330749  -0.00755119]
 [  1.86489069   0.0078562    0.00736475   0.00561229]
 [  0.           0.           0.           0.        ]
 [  0.           0.           0.           0.        ]
 [  0.           0.           0.           0.        ]
 [  0.           0.           0.           0.        ]
 [  0.           0.           0.           0.        ]
 [  0.           0.           0.           0.        ]
 [  0.           0.           0.           0.        ]
 [  0.           0.           0.           0.        ]
 [  0.002399     3.93372059   0.00641914   0.00507259]
 [  0.           0.           0.           0.        ]]
Training  | Episode: 910000/1000000  | Episode Reward: -308.0556 | Epsilon: 0.1028 | Goal reached: 5
Training  | Episode: 920000/1000000  | Episode Reward: -55.3889 | Epsilon: 0.1003 | Goal reached: 5
Training  | Episode: 930000/1000000  | Episode Reward: -312.1111 | Epsilon: 0.1000 | Goal reached: 5
Training  | Episode: 940000/1000000  | Episode Reward: -77.2222 | Epsilon: 0.1000 | Goal reached: 5
Training  | Episode: 950000/1000000  | Episode Reward: -93.7778 | Epsilon: 0.1000 | Goal reached: 5
Training  | Episode: 960000/1000000  | Episode Reward: -415.8333 | Epsilon: 0.1000 | Goal reached: 5
Training  | Episode: 970000/1000000  | Episode Reward: -157.8889 | Epsilon: 0.1000 | Goal reached: 5
Training  | Episode: 980000/1000000  | Episode Reward: -282.8889 | Epsilon: 0.1000 | Goal reached: 5
Training  | Episode: 990000/1000000  | Episode Reward: -127.6111 | Epsilon: 0.1000 | Goal reached: 5
