___ACTION___
gamma:  0.9 learning rate:  0.01 eps decay:  0.99999
[[b'S' b'F' b'H' b'H' b'F' b'H' b'H' b'H' b'F' b'F']
 [b'F' b'F' b'F' b'H' b'F' b'F' b'H' b'H' b'H' b'F']
 [b'H' b'H' b'F' b'F' b'H' b'H' b'H' b'F' b'H' b'F']
 [b'H' b'H' b'F' b'H' b'F' b'H' b'F' b'H' b'H' b'H']
 [b'H' b'H' b'F' b'F' b'H' b'F' b'F' b'F' b'H' b'H']
 [b'F' b'F' b'F' b'H' b'H' b'H' b'F' b'F' b'F' b'H']
 [b'H' b'F' b'F' b'F' b'F' b'H' b'H' b'H' b'F' b'F']
 [b'H' b'H' b'F' b'H' b'F' b'F' b'F' b'F' b'H' b'H']
 [b'H' b'F' b'H' b'H' b'H' b'F' b'H' b'F' b'F' b'F']
 [b'H' b'H' b'H' b'H' b'F' b'F' b'H' b'H' b'F' b'G']]
[<tf.Variable 'q_a_s/weights:0' shape=(100, 4) dtype=float32, numpy=
array([[0.00092849, 0.00255089, 0.00344694, 0.0093576 ],
       [0.0065692 , 0.00906757, 0.00614028, 0.00918266],
       [0.00913388, 0.00556516, 0.00721791, 0.00784395],
       [0.00802719, 0.0060578 , 0.00204398, 0.00356789],
       [0.00906381, 0.00626426, 0.0021346 , 0.0094244 ],
       [0.00311503, 0.00520866, 0.00151154, 0.00357254],
       [0.00280474, 0.00059128, 0.0081342 , 0.00941905],
       [0.00614348, 0.00565096, 0.00047537, 0.00597736],
       [0.00140726, 0.00508925, 0.00471704, 0.0079814 ],
       [0.00236984, 0.00443492, 0.00640651, 0.00636743],
       [0.00210197, 0.00187931, 0.00909646, 0.00550487],
       [0.00173131, 0.00125278, 0.00607734, 0.00940495],
       [0.00915323, 0.00862913, 0.00616342, 0.00198495],
       [0.00384951, 0.00976959, 0.00061784, 0.00791555],
       [0.00905867, 0.00324342, 0.00509762, 0.00798295],
       [0.00298702, 0.0081231 , 0.00031631, 0.00590926],
       [0.00312312, 0.00828066, 0.00797807, 0.00040734],
       [0.00240756, 0.00855144, 0.00027865, 0.00892488],
       [0.00871117, 0.00626098, 0.00606034, 0.00226665],
       [0.00384981, 0.00142125, 0.00881507, 0.00947156],
       [0.00102888, 0.00321256, 0.00944772, 0.00039229],
       [0.00031732, 0.0090225 , 0.00741405, 0.00773227],
       [0.00648271, 0.00124333, 0.00159367, 0.0085583 ],
       [0.00725371, 0.00738441, 0.00024086, 0.00143922],
       [0.00159816, 0.0079034 , 0.00337189, 0.00310941],
       [0.00537889, 0.00462022, 0.00666106, 0.00630002],
       [0.00421078, 0.00980644, 0.00629124, 0.00913417],
       [0.00179139, 0.00365765, 0.00371392, 0.0037913 ],
       [0.00159794, 0.00456041, 0.0089124 , 0.00780242],
       [0.00119188, 0.00864801, 0.00942237, 0.00373957],
       [0.00126081, 0.00771943, 0.00558295, 0.00032019],
       [0.00518255, 0.00507888, 0.00228814, 0.00172156],
       [0.00444232, 0.00433718, 0.00512332, 0.00137969],
       [0.00644184, 0.00225799, 0.00269549, 0.00986995],
       [0.00439661, 0.00452687, 0.00295235, 0.00656975],
       [0.00168079, 0.00326953, 0.00074309, 0.00714789],
       [0.00609355, 0.00100691, 0.00390952, 0.00490359],
       [0.00015223, 0.00406634, 0.00659243, 0.00015924],
       [0.00638801, 0.00197345, 0.00611247, 0.00299377],
       [0.00946553, 0.00930285, 0.00944721, 0.00929951],
       [0.00056008, 0.00103942, 0.00398744, 0.00413313],
       [0.00657781, 0.00288148, 0.00522439, 0.00406353],
       [0.00476337, 0.00972497, 0.00701486, 0.00266641],
       [0.00319315, 0.00414709, 0.00884122, 0.00652412],
       [0.00635485, 0.00325934, 0.00522613, 0.00005745],
       [0.00566625, 0.00476584, 0.0009743 , 0.00230914],
       [0.00570542, 0.00690108, 0.00251897, 0.00387288],
       [0.00422904, 0.00175357, 0.00930369, 0.00639861],
       [0.00735487, 0.00699959, 0.00336471, 0.00712786],
       [0.00521245, 0.00934775, 0.00393099, 0.00536349],
       [0.00342445, 0.00200261, 0.00549658, 0.00666463],
       [0.00119466, 0.00520969, 0.00164416, 0.0049192 ],
       [0.00760449, 0.00334751, 0.00843614, 0.00219837],
       [0.00964261, 0.00438997, 0.00807066, 0.00902884],
       [0.00638817, 0.00827172, 0.00722719, 0.00857751],
       [0.00109955, 0.00517965, 0.00346793, 0.00563746],
       [0.00092006, 0.00934536, 0.00021961, 0.00788853],
       [0.00161661, 0.00169822, 0.00307386, 0.00375647],
       [0.00736138, 0.00133012, 0.00212076, 0.0029109 ],
       [0.00399199, 0.00744767, 0.0016419 , 0.00360127],
       [0.00119137, 0.00929672, 0.00110528, 0.00573293],
       [0.00108142, 0.0021017 , 0.00849373, 0.00320519],
       [0.00840835, 0.00492133, 0.00025448, 0.00698871],
       [0.00826147, 0.00164986, 0.00954635, 0.00589638],
       [0.00326511, 0.00748606, 0.00483299, 0.00818976],
       [0.00441607, 0.00434102, 0.00708409, 0.00127094],
       [0.00209793, 0.00068704, 0.00121815, 0.0008979 ],
       [0.00358052, 0.00167119, 0.00894486, 0.00636506],
       [0.00074165, 0.00695635, 0.00842153, 0.00378046],
       [0.00314142, 0.00714578, 0.00092937, 0.00612033],
       [0.00352616, 0.00001018, 0.00894678, 0.0037836 ],
       [0.00564081, 0.00892556, 0.00266593, 0.00533179],
       [0.00970497, 0.00842141, 0.0041948 , 0.00411695],
       [0.00248696, 0.00410165, 0.00493398, 0.00023906],
       [0.00497951, 0.00718108, 0.00424225, 0.00660208],
       [0.00200916, 0.00182171, 0.002885  , 0.00210679],
       [0.00422297, 0.0083903 , 0.00859417, 0.00827665],
       [0.00324214, 0.00189505, 0.00863692, 0.00208518],
       [0.00871166, 0.0026696 , 0.00695598, 0.00984851],
       [0.00286394, 0.00330899, 0.00668901, 0.00682871],
       [0.00379395, 0.00991171, 0.00118719, 0.00346894],
       [0.00058062, 0.00809477, 0.00630917, 0.0026963 ],
       [0.00105086, 0.00155888, 0.0020562 , 0.00007813],
       [0.00865531, 0.00408297, 0.00769742, 0.00500326],
       [0.0051343 , 0.00017379, 0.0009422 , 0.00502447],
       [0.00335527, 0.00122012, 0.00273872, 0.00842672],
       [0.00556075, 0.00265888, 0.00473464, 0.00699959],
       [0.00070518, 0.00129149, 0.00267428, 0.00364155],
       [0.00543558, 0.00093083, 0.00595967, 0.00173869],
       [0.00203816, 0.00452781, 0.00144917, 0.00236997],
       [0.00387553, 0.00951361, 0.00427861, 0.00209504],
       [0.00643397, 0.00597295, 0.00236871, 0.0002789 ],
       [0.00732365, 0.00456851, 0.00231394, 0.00854416],
       [0.00158103, 0.00123341, 0.0010273 , 0.00571141],
       [0.00712451, 0.00947539, 0.00112203, 0.00259244],
       [0.00001223, 0.00021795, 0.0012141 , 0.00117294],
       [0.00277364, 0.00851441, 0.00624816, 0.00455989],
       [0.0066543 , 0.00784034, 0.00411702, 0.00333942],
       [0.00475681, 0.00258916, 0.00961378, 0.00452671],
       [0.00078362, 0.00156396, 0.00785   , 0.00941802]], dtype=float32)>]
Training  | Episode: 0/1000000  | Episode Reward: -61.0000 | Epsilon: 0.2000 | Goal reached: 0
[[ 0.00092849  0.00255089 -0.19645356  0.0093576 ]
 [ 0.          0.          0.          0.        ]
 [ 0.          0.          0.          0.        ]
 [ 0.          0.          0.          0.        ]
 [ 0.          0.          0.          0.        ]
 [ 0.          0.          0.          0.        ]
 [ 0.          0.          0.          0.        ]
 [ 0.          0.          0.          0.        ]
 [ 0.          0.          0.          0.        ]
 [ 0.          0.          0.          0.        ]
 [ 0.00210197  0.00187931  0.00909646  0.00550487]
 [ 0.          0.          0.          0.        ]
 [ 0.          0.          0.          0.        ]
 [ 0.          0.          0.          0.        ]
 [ 0.          0.          0.          0.        ]
 [ 0.          0.          0.          0.        ]
 [ 0.          0.          0.          0.        ]
 [ 0.          0.          0.          0.        ]
 [ 0.          0.          0.          0.        ]
 [ 0.          0.          0.          0.        ]
 [ 0.          0.          0.          0.        ]
 [ 0.          0.          0.          0.        ]
 [ 0.          0.          0.          0.        ]
 [ 0.          0.          0.          0.        ]
 [ 0.          0.          0.          0.        ]
 [ 0.          0.          0.          0.        ]
 [ 0.          0.          0.          0.        ]
 [ 0.          0.          0.          0.        ]
 [ 0.          0.          0.          0.        ]
 [ 0.          0.          0.          0.        ]
 [ 0.          0.          0.          0.        ]
 [ 0.          0.          0.          0.        ]
 [ 0.          0.          0.          0.        ]
 [ 0.          0.          0.          0.        ]
 [ 0.          0.          0.          0.        ]
 [ 0.          0.          0.          0.        ]
 [ 0.          0.          0.          0.        ]
 [ 0.          0.          0.          0.        ]
 [ 0.          0.          0.          0.        ]
 [ 0.          0.          0.          0.        ]
 [ 0.          0.          0.          0.        ]
 [ 0.          0.          0.          0.        ]
 [ 0.          0.          0.          0.        ]
 [ 0.          0.          0.          0.        ]
 [ 0.          0.          0.          0.        ]
 [ 0.          0.          0.          0.        ]
 [ 0.          0.          0.          0.        ]
 [ 0.          0.          0.          0.        ]
 [ 0.          0.          0.          0.        ]
 [ 0.          0.          0.          0.        ]
 [ 0.          0.          0.          0.        ]
 [ 0.          0.          0.          0.        ]
 [ 0.          0.          0.          0.        ]
 [ 0.          0.          0.          0.        ]
 [ 0.          0.          0.          0.        ]
 [ 0.          0.          0.          0.        ]
 [ 0.          0.          0.          0.        ]
 [ 0.          0.          0.          0.        ]
 [ 0.          0.          0.          0.        ]
 [ 0.          0.          0.          0.        ]
 [ 0.          0.          0.          0.        ]
 [ 0.          0.          0.          0.        ]
 [ 0.          0.          0.          0.        ]
 [ 0.          0.          0.          0.        ]
 [ 0.          0.          0.          0.        ]
 [ 0.          0.          0.          0.        ]
 [ 0.          0.          0.          0.        ]
 [ 0.          0.          0.          0.        ]
 [ 0.          0.          0.          0.        ]
 [ 0.          0.          0.          0.        ]
 [ 0.          0.          0.          0.        ]
 [ 0.          0.          0.          0.        ]
 [ 0.          0.          0.          0.        ]
 [ 0.          0.          0.          0.        ]
 [ 0.          0.          0.          0.        ]
 [ 0.          0.          0.          0.        ]
 [ 0.          0.          0.          0.        ]
 [ 0.          0.          0.          0.        ]
 [ 0.          0.          0.          0.        ]
 [ 0.          0.          0.          0.        ]
 [ 0.          0.          0.          0.        ]
 [ 0.          0.          0.          0.        ]
 [ 0.          0.          0.          0.        ]
 [ 0.          0.          0.          0.        ]
 [ 0.          0.          0.          0.        ]
 [ 0.          0.          0.          0.        ]
 [ 0.          0.          0.          0.        ]
 [ 0.          0.          0.          0.        ]
 [ 0.          0.          0.          0.        ]
 [ 0.          0.          0.          0.        ]
 [ 0.          0.          0.          0.        ]
 [ 0.          0.          0.          0.        ]
 [ 0.          0.          0.          0.        ]
 [ 0.          0.          0.          0.        ]
 [ 0.          0.          0.          0.        ]
 [ 0.          0.          0.          0.        ]
 [ 0.          0.          0.          0.        ]
 [ 0.          0.          0.          0.        ]
 [ 0.          0.          0.          0.        ]
 [ 0.          0.          0.          0.        ]]
Training  | Episode: 10000/1000000  | Episode Reward: -97.0000 | Epsilon: 0.2000 | Goal reached: 0
Training  | Episode: 20000/1000000  | Episode Reward: -83.0000 | Epsilon: 0.2000 | Goal reached: 0
Training  | Episode: 30000/1000000  | Episode Reward: -73.0000 | Epsilon: 0.2000 | Goal reached: 0
Training  | Episode: 40000/1000000  | Episode Reward: -52.0000 | Epsilon: 0.2000 | Goal reached: 0
Training  | Episode: 50000/1000000  | Episode Reward: -83.0000 | Epsilon: 0.2000 | Goal reached: 0
Training  | Episode: 60000/1000000  | Episode Reward: -61.0000 | Epsilon: 0.2000 | Goal reached: 0
Training  | Episode: 70000/1000000  | Episode Reward: -63.0000 | Epsilon: 0.2000 | Goal reached: 0
Training  | Episode: 80000/1000000  | Episode Reward: -52.0000 | Epsilon: 0.2000 | Goal reached: 0
Training  | Episode: 90000/1000000  | Episode Reward: -72.0000 | Epsilon: 0.2000 | Goal reached: 0
Training  | Episode: 100000/1000000  | Episode Reward: -51.0000 | Epsilon: 0.2000 | Goal reached: 0
[[  0.00092849  -5.23553276  -5.0156951    0.0093576 ]
 [  0.0065692  -18.19187355 -24.03080368   0.00918266]
 [  0.           0.           0.           0.        ]
 [  0.           0.           0.           0.        ]
 [  0.           0.           0.           0.        ]
 [  0.           0.           0.           0.        ]
 [  0.           0.           0.           0.        ]
 [  0.           0.           0.           0.        ]
 [  0.           0.           0.           0.        ]
 [  0.           0.           0.           0.        ]
 [  0.00210197 -23.21429825 -18.21415329   0.00550487]
 [  0.00173131 -17.69342613 -21.38332367   0.00940495]
 [  0.00915323 -19.02705574 -35.66019821   0.00198495]
 [  0.           0.           0.           0.        ]
 [  0.           0.           0.           0.        ]
 [  0.           0.           0.           0.        ]
 [  0.           0.           0.           0.        ]
 [  0.           0.           0.           0.        ]
 [  0.           0.           0.           0.        ]
 [  0.           0.           0.           0.        ]
 [  0.           0.           0.           0.        ]
 [  0.           0.           0.           0.        ]
 [  0.00648271 -19.46253204  -5.36056519   0.0085583 ]
 [  0.00725371 -33.89792252 -49.99165726   0.00143922]
 [  0.           0.           0.           0.        ]
 [  0.           0.           0.           0.        ]
 [  0.           0.           0.           0.        ]
 [  0.           0.           0.           0.        ]
 [  0.           0.           0.           0.        ]
 [  0.           0.           0.           0.        ]
 [  0.           0.           0.           0.        ]
 [  0.           0.           0.           0.        ]
 [  0.00444232 -33.64525604 -18.46284676   0.00137969]
 [  0.           0.           0.           0.        ]
 [  0.           0.           0.           0.        ]
 [  0.           0.           0.           0.        ]
 [  0.           0.           0.           0.        ]
 [  0.           0.           0.           0.        ]
 [  0.           0.           0.           0.        ]
 [  0.           0.           0.           0.        ]
 [  0.           0.           0.           0.        ]
 [  0.           0.           0.           0.        ]
 [  0.00476337 -18.24913216  -3.8844924    0.00266641]
 [  0.00319315 -39.31038284 -44.99477005   0.00652412]
 [  0.           0.           0.           0.        ]
 [  0.           0.           0.           0.        ]
 [  0.           0.           0.           0.        ]
 [  0.           0.           0.           0.        ]
 [  0.           0.           0.           0.        ]
 [  0.           0.           0.           0.        ]
 [  0.00342445 -12.15158558 -11.75124931   0.00666463]
 [  0.00119466  -4.88513231  -7.57972288   0.0049192 ]
 [  0.00760449 -19.44592285 -22.75123215   0.00219837]
 [  0.           0.           0.           0.        ]
 [  0.           0.           0.           0.        ]
 [  0.           0.           0.           0.        ]
 [  0.           0.           0.           0.        ]
 [  0.           0.           0.           0.        ]
 [  0.           0.           0.           0.        ]
 [  0.           0.           0.           0.        ]
 [  0.           0.           0.           0.        ]
 [  0.00108142 -20.71518898 -17.58825111   0.00320519]
 [  0.00840835  -2.32225847  -3.82335138   0.00698871]
 [  0.00826147 -15.90183449 -18.3804245    0.00589638]
 [  0.00326511  -8.29216194 -10.54361534   0.00818976]
 [  0.           0.           0.           0.        ]
 [  0.           0.           0.           0.        ]
 [  0.           0.           0.           0.        ]
 [  0.           0.           0.           0.        ]
 [  0.           0.           0.           0.        ]
 [  0.           0.           0.           0.        ]
 [  0.           0.           0.           0.        ]
 [  0.00970497 -22.71923637 -22.1991787    0.00411695]
 [  0.           0.           0.           0.        ]
 [  0.00497951  -3.2761302   -1.5709784    0.00660208]
 [  0.00200916  -0.41311243  -1.01655304   0.00210679]
 [  0.00422297   0.0083903    0.00859417   0.00827665]
 [  0.           0.           0.           0.        ]
 [  0.           0.           0.           0.        ]
 [  0.           0.           0.           0.        ]
 [  0.           0.           0.           0.        ]
 [  0.           0.           0.           0.        ]
 [  0.           0.           0.           0.        ]
 [  0.           0.           0.           0.        ]
 [  0.           0.           0.           0.        ]
 [  0.00335527  -0.99871188   0.00273872   0.00842672]
 [  0.           0.           0.           0.        ]
 [  0.           0.           0.           0.        ]
 [  0.           0.           0.           0.        ]
 [  0.           0.           0.           0.        ]
 [  0.           0.           0.           0.        ]
 [  0.           0.           0.           0.        ]
 [  0.           0.           0.           0.        ]
 [  0.           0.           0.           0.        ]
 [  0.           0.           0.           0.        ]
 [  0.           0.           0.           0.        ]
 [  0.           0.           0.           0.        ]
 [  0.           0.           0.           0.        ]
 [  0.           0.           0.           0.        ]
 [  0.           0.           0.           0.        ]]
Training  | Episode: 110000/1000000  | Episode Reward: -51.0000 | Epsilon: 0.2000 | Goal reached: 0
Training  | Episode: 120000/1000000  | Episode Reward: -51.0000 | Epsilon: 0.2000 | Goal reached: 0
Training  | Episode: 130000/1000000  | Episode Reward: -62.0000 | Epsilon: 0.2000 | Goal reached: 0
Training  | Episode: 140000/1000000  | Episode Reward: -82.0000 | Epsilon: 0.2000 | Goal reached: 0
Training  | Episode: 150000/1000000  | Episode Reward: -61.0000 | Epsilon: 0.2000 | Goal reached: 0
Training  | Episode: 160000/1000000  | Episode Reward: -61.0000 | Epsilon: 0.2000 | Goal reached: 0
Training  | Episode: 170000/1000000  | Episode Reward: -71.0000 | Epsilon: 0.2000 | Goal reached: 0
Training  | Episode: 180000/1000000  | Episode Reward: -61.0000 | Epsilon: 0.2000 | Goal reached: 0
Training  | Episode: 190000/1000000  | Episode Reward: -52.0000 | Epsilon: 0.2000 | Goal reached: 0
Training  | Episode: 200000/1000000  | Episode Reward: -72.0000 | Epsilon: 0.2000 | Goal reached: 0
[[  0.00092849  -5.0033617   -4.90956736   0.0093576 ]
 [  0.0065692  -23.9468441  -18.85253906   0.00918266]
 [  0.           0.           0.           0.        ]
 [  0.           0.           0.           0.        ]
 [  0.           0.           0.           0.        ]
 [  0.           0.           0.           0.        ]
 [  0.           0.           0.           0.        ]
 [  0.           0.           0.           0.        ]
 [  0.           0.           0.           0.        ]
 [  0.           0.           0.           0.        ]
 [  0.00210197 -22.80518723 -16.27538109   0.00550487]
 [  0.00173131 -19.90356064 -20.411726     0.00940495]
 [  0.00915323 -19.40493584 -33.80759811   0.00198495]
 [  0.           0.           0.           0.        ]
 [  0.           0.           0.           0.        ]
 [  0.           0.           0.           0.        ]
 [  0.           0.           0.           0.        ]
 [  0.           0.           0.           0.        ]
 [  0.           0.           0.           0.        ]
 [  0.           0.           0.           0.        ]
 [  0.           0.           0.           0.        ]
 [  0.           0.           0.           0.        ]
 [  0.00648271 -18.44740677  -4.98401213   0.0085583 ]
 [  0.00725371 -36.00576782 -49.99176788   0.00143922]
 [  0.           0.           0.           0.        ]
 [  0.           0.           0.           0.        ]
 [  0.           0.           0.           0.        ]
 [  0.           0.           0.           0.        ]
 [  0.           0.           0.           0.        ]
 [  0.           0.           0.           0.        ]
 [  0.           0.           0.           0.        ]
 [  0.           0.           0.           0.        ]
 [  0.00444232 -33.61522293 -21.72901917   0.00137969]
 [  0.           0.           0.           0.        ]
 [  0.           0.           0.           0.        ]
 [  0.           0.           0.           0.        ]
 [  0.           0.           0.           0.        ]
 [  0.           0.           0.           0.        ]
 [  0.           0.           0.           0.        ]
 [  0.           0.           0.           0.        ]
 [  0.           0.           0.           0.        ]
 [  0.           0.           0.           0.        ]
 [  0.00476337 -19.31853676  -4.15123081   0.00266641]
 [  0.00319315 -36.90867996 -49.16483307   0.00652412]
 [  0.           0.           0.           0.        ]
 [  0.           0.           0.           0.        ]
 [  0.           0.           0.           0.        ]
 [  0.           0.           0.           0.        ]
 [  0.           0.           0.           0.        ]
 [  0.           0.           0.           0.        ]
 [  0.00342445 -22.0165863  -21.45173645   0.00666463]
 [  0.00119466  -5.36411095 -14.89538002   0.0049192 ]
 [  0.00760449 -18.12289429 -21.93462563   0.00219837]
 [  0.           0.           0.           0.        ]
 [  0.           0.           0.           0.        ]
 [  0.           0.           0.           0.        ]
 [  0.           0.           0.           0.        ]
 [  0.           0.           0.           0.        ]
 [  0.           0.           0.           0.        ]
 [  0.           0.           0.           0.        ]
 [  0.           0.           0.           0.        ]
 [  0.00108142 -27.85596275 -23.60041428   0.00320519]
 [  0.00840835  -2.30775094  -4.53827667   0.00698871]
 [  0.00826147 -17.44859886 -25.2055397    0.00589638]
 [  0.00326511 -12.81634998 -16.70002556   0.00818976]
 [  0.           0.           0.           0.        ]
 [  0.           0.           0.           0.        ]
 [  0.           0.           0.           0.        ]
 [  0.           0.           0.           0.        ]
 [  0.           0.           0.           0.        ]
 [  0.           0.           0.           0.        ]
 [  0.           0.           0.           0.        ]
 [  0.00970497 -35.99119949 -33.27251053   0.00411695]
 [  0.           0.           0.           0.        ]
 [  0.00497951  -4.08330727  -4.06569052   0.00660208]
 [  0.00200916  -0.83532351  -1.99609447   0.00210679]
 [  0.00422297  -0.19173959  -0.99146724   0.00827665]
 [  0.00324214   0.00189505  -0.99137479   0.00208518]
 [  0.           0.           0.           0.        ]
 [  0.           0.           0.           0.        ]
 [  0.           0.           0.           0.        ]
 [  0.           0.           0.           0.        ]
 [  0.           0.           0.           0.        ]
 [  0.           0.           0.           0.        ]
 [  0.           0.           0.           0.        ]
 [  0.00335527  -1.97864532  -2.15357113   0.00842672]
 [  0.           0.           0.           0.        ]
 [  0.00070518   0.00129149   0.00267428   0.00364155]
 [  0.           0.           0.           0.        ]
 [  0.           0.           0.           0.        ]
 [  0.           0.           0.           0.        ]
 [  0.           0.           0.           0.        ]
 [  0.           0.           0.           0.        ]
 [  0.           0.           0.           0.        ]
 [  0.           0.           0.           0.        ]
 [  0.00001223   0.00021795   0.0012141    0.00117294]
 [  0.           0.           0.           0.        ]
 [  0.           0.           0.           0.        ]
 [  0.           0.           0.           0.        ]
 [  0.           0.           0.           0.        ]]
Training  | Episode: 210000/1000000  | Episode Reward: -61.0000 | Epsilon: 0.2000 | Goal reached: 0
Training  | Episode: 220000/1000000  | Episode Reward: -63.0000 | Epsilon: 0.2000 | Goal reached: 0
Training  | Episode: 230000/1000000  | Episode Reward: -71.0000 | Epsilon: 0.2000 | Goal reached: 0
Training  | Episode: 240000/1000000  | Episode Reward: -52.0000 | Epsilon: 0.2000 | Goal reached: 0
Training  | Episode: 250000/1000000  | Episode Reward: -51.0000 | Epsilon: 0.2000 | Goal reached: 0
Training  | Episode: 260000/1000000  | Episode Reward: -61.0000 | Epsilon: 0.2000 | Goal reached: 0
Training  | Episode: 270000/1000000  | Episode Reward: -51.0000 | Epsilon: 0.2000 | Goal reached: 0
Training  | Episode: 280000/1000000  | Episode Reward: -51.0000 | Epsilon: 0.2000 | Goal reached: 0
Training  | Episode: 290000/1000000  | Episode Reward: -61.0000 | Epsilon: 0.2000 | Goal reached: 0
Training  | Episode: 300000/1000000  | Episode Reward: -61.0000 | Epsilon: 0.2000 | Goal reached: 0
[[  0.00092849  -5.52257586  -5.53619385   0.0093576 ]
 [  0.0065692  -17.74255753 -22.76447105   0.00918266]
 [  0.           0.           0.           0.        ]
 [  0.           0.           0.           0.        ]
 [  0.           0.           0.           0.        ]
 [  0.           0.           0.           0.        ]
 [  0.           0.           0.           0.        ]
 [  0.           0.           0.           0.        ]
 [  0.           0.           0.           0.        ]
 [  0.           0.           0.           0.        ]
 [  0.00210197 -19.38109016 -20.34208488   0.00550487]
 [  0.00173131 -20.49893188 -19.075634     0.00940495]
 [  0.00915323 -20.91028214 -34.44097519   0.00198495]
 [  0.           0.           0.           0.        ]
 [  0.           0.           0.           0.        ]
 [  0.           0.           0.           0.        ]
 [  0.           0.           0.           0.        ]
 [  0.           0.           0.           0.        ]
 [  0.           0.           0.           0.        ]
 [  0.           0.           0.           0.        ]
 [  0.           0.           0.           0.        ]
 [  0.           0.           0.           0.        ]
 [  0.00648271 -20.56482506  -4.78085327   0.0085583 ]
 [  0.00725371 -37.72932434 -49.99172211   0.00143922]
 [  0.           0.           0.           0.        ]
 [  0.           0.           0.           0.        ]
 [  0.           0.           0.           0.        ]
 [  0.           0.           0.           0.        ]
 [  0.           0.           0.           0.        ]
 [  0.           0.           0.           0.        ]
 [  0.           0.           0.           0.        ]
 [  0.           0.           0.           0.        ]
 [  0.00444232 -35.70933914 -22.83974266   0.00137969]
 [  0.           0.           0.           0.        ]
 [  0.           0.           0.           0.        ]
 [  0.           0.           0.           0.        ]
 [  0.           0.           0.           0.        ]
 [  0.           0.           0.           0.        ]
 [  0.           0.           0.           0.        ]
 [  0.           0.           0.           0.        ]
 [  0.           0.           0.           0.        ]
 [  0.           0.           0.           0.        ]
 [  0.00476337 -14.09022427  -4.16582489   0.00266641]
 [  0.00319315 -36.59670639 -49.88024139   0.00652412]
 [  0.           0.           0.           0.        ]
 [  0.           0.           0.           0.        ]
 [  0.           0.           0.           0.        ]
 [  0.           0.           0.           0.        ]
 [  0.           0.           0.           0.        ]
 [  0.           0.           0.           0.        ]
 [  0.00342445 -21.41065407 -26.2389679    0.00666463]
 [  0.00119466  -5.14594316 -18.28069115   0.0049192 ]
 [  0.00760449 -20.06742859 -23.03712463   0.00219837]
 [  0.           0.           0.           0.        ]
 [  0.           0.           0.           0.        ]
 [  0.           0.           0.           0.        ]
 [  0.           0.           0.           0.        ]
 [  0.           0.           0.           0.        ]
 [  0.           0.           0.           0.        ]
 [  0.           0.           0.           0.        ]
 [  0.           0.           0.           0.        ]
 [  0.00108142 -33.3721199  -21.21389198   0.00320519]
 [  0.00840835  -2.79357171  -5.24128485   0.00698871]
 [  0.00826147 -19.97925758 -29.47596741   0.00589638]
 [  0.00326511 -12.97092915 -23.05394363   0.00818976]
 [  0.           0.           0.           0.        ]
 [  0.           0.           0.           0.        ]
 [  0.           0.           0.           0.        ]
 [  0.           0.           0.           0.        ]
 [  0.           0.           0.           0.        ]
 [  0.           0.           0.           0.        ]
 [  0.           0.           0.           0.        ]
 [  0.00970497 -41.71330643 -35.16575623   0.00411695]
 [  0.           0.           0.           0.        ]
 [  0.00497951  -6.59224319  -7.03296614   0.00660208]
 [  0.00200916  -1.20102668  -3.85830975   0.00210679]
 [  0.00422297  -0.20784643  -0.99146724   0.00827665]
 [  0.00324214   0.00189505  -0.99137479   0.00208518]
 [  0.           0.           0.           0.        ]
 [  0.           0.           0.           0.        ]
 [  0.           0.           0.           0.        ]
 [  0.           0.           0.           0.        ]
 [  0.           0.           0.           0.        ]
 [  0.           0.           0.           0.        ]
 [  0.           0.           0.           0.        ]
 [  0.00335527  -2.93894649  -2.15357113   0.00842672]
 [  0.           0.           0.           0.        ]
 [  0.00070518   0.00129149   0.00267428   0.00364155]
 [  0.           0.           0.           0.        ]
 [  0.           0.           0.           0.        ]
 [  0.           0.           0.           0.        ]
 [  0.           0.           0.           0.        ]
 [  0.           0.           0.           0.        ]
 [  0.           0.           0.           0.        ]
 [  0.           0.           0.           0.        ]
 [  0.00001223   0.00021795   0.0012141    0.00117294]
 [  0.           0.           0.           0.        ]
 [  0.           0.           0.           0.        ]
 [  0.           0.           0.           0.        ]
 [  0.           0.           0.           0.        ]]
Training  | Episode: 310000/1000000  | Episode Reward: -51.0000 | Epsilon: 0.2000 | Goal reached: 0
Training  | Episode: 320000/1000000  | Episode Reward: -86.0000 | Epsilon: 0.2000 | Goal reached: 0
Training  | Episode: 330000/1000000  | Episode Reward: -62.0000 | Epsilon: 0.2000 | Goal reached: 0
Training  | Episode: 340000/1000000  | Episode Reward: -52.0000 | Epsilon: 0.2000 | Goal reached: 0
Training  | Episode: 350000/1000000  | Episode Reward: -51.0000 | Epsilon: 0.2000 | Goal reached: 0
Training  | Episode: 360000/1000000  | Episode Reward: -74.0000 | Epsilon: 0.2000 | Goal reached: 0
Training  | Episode: 370000/1000000  | Episode Reward: -51.0000 | Epsilon: 0.2000 | Goal reached: 0
Training  | Episode: 380000/1000000  | Episode Reward: -63.0000 | Epsilon: 0.2000 | Goal reached: 0
Training  | Episode: 390000/1000000  | Episode Reward: -61.0000 | Epsilon: 0.2000 | Goal reached: 0
Training  | Episode: 400000/1000000  | Episode Reward: -75.0000 | Epsilon: 0.2000 | Goal reached: 0
[[  0.00092849  -4.9988327   -5.19573402   0.0093576 ]
 [  0.0065692  -25.22216988 -23.41152573   0.00918266]
 [  0.           0.           0.           0.        ]
 [  0.           0.           0.           0.        ]
 [  0.           0.           0.           0.        ]
 [  0.           0.           0.           0.        ]
 [  0.           0.           0.           0.        ]
 [  0.           0.           0.           0.        ]
 [  0.           0.           0.           0.        ]
 [  0.           0.           0.           0.        ]
 [  0.00210197 -20.07678413 -17.8067627    0.00550487]
 [  0.00173131 -24.70668221 -18.01118851   0.00940495]
 [  0.00915323 -21.16921425 -35.13903427   0.00198495]
 [  0.           0.           0.           0.        ]
 [  0.           0.           0.           0.        ]
 [  0.           0.           0.           0.        ]
 [  0.           0.           0.           0.        ]
 [  0.           0.           0.           0.        ]
 [  0.           0.           0.           0.        ]
 [  0.           0.           0.           0.        ]
 [  0.           0.           0.           0.        ]
 [  0.           0.           0.           0.        ]
 [  0.00648271 -15.62321472  -4.20327091   0.0085583 ]
 [  0.00725371 -37.05095291 -49.99173355   0.00143922]
 [  0.           0.           0.           0.        ]
 [  0.           0.           0.           0.        ]
 [  0.           0.           0.           0.        ]
 [  0.           0.           0.           0.        ]
 [  0.           0.           0.           0.        ]
 [  0.           0.           0.           0.        ]
 [  0.           0.           0.           0.        ]
 [  0.           0.           0.           0.        ]
 [  0.00444232 -31.15736961 -22.29536057   0.00137969]
 [  0.           0.           0.           0.        ]
 [  0.           0.           0.           0.        ]
 [  0.           0.           0.           0.        ]
 [  0.           0.           0.           0.        ]
 [  0.           0.           0.           0.        ]
 [  0.           0.           0.           0.        ]
 [  0.           0.           0.           0.        ]
 [  0.           0.           0.           0.        ]
 [  0.           0.           0.           0.        ]
 [  0.00476337 -18.48170662  -4.74475813   0.00266641]
 [  0.00319315 -36.5190239  -49.97506332   0.00652412]
 [  0.           0.           0.           0.        ]
 [  0.           0.           0.           0.        ]
 [  0.           0.           0.           0.        ]
 [  0.           0.           0.           0.        ]
 [  0.           0.           0.           0.        ]
 [  0.           0.           0.           0.        ]
 [  0.00342445 -26.32215309 -28.37882423   0.00666463]
 [  0.00119466  -5.09180737 -17.71416473   0.0049192 ]
 [  0.00760449 -12.92778587 -20.44551277   0.00219837]
 [  0.           0.           0.           0.        ]
 [  0.           0.           0.           0.        ]
 [  0.           0.           0.           0.        ]
 [  0.           0.           0.           0.        ]
 [  0.           0.           0.           0.        ]
 [  0.           0.           0.           0.        ]
 [  0.           0.           0.           0.        ]
 [  0.           0.           0.           0.        ]
 [  0.00108142 -32.12992477 -24.46704102   0.00320519]
 [  0.00840835  -2.21363831  -4.94648075   0.00698871]
 [  0.00826147 -17.88938904 -32.9749794    0.00589638]
 [  0.00326511 -17.9196167  -25.86540985   0.00818976]
 [  0.           0.           0.           0.        ]
 [  0.           0.           0.           0.        ]
 [  0.           0.           0.           0.        ]
 [  0.           0.           0.           0.        ]
 [  0.           0.           0.           0.        ]
 [  0.           0.           0.           0.        ]
 [  0.           0.           0.           0.        ]
 [  0.00970497 -43.09029007 -37.43371201   0.00411695]
 [  0.           0.           0.           0.        ]
 [  0.00497951 -11.35567379 -10.61548615   0.00660208]
 [  0.00200916  -2.0013268   -4.63098764   0.00210679]
 [  0.00422297  -1.37945426  -1.97151184   0.00827665]
 [  0.00324214   0.00189505  -0.99137479   0.00208518]
 [  0.           0.           0.           0.        ]
 [  0.           0.           0.           0.        ]
 [  0.           0.           0.           0.        ]
 [  0.           0.           0.           0.        ]
 [  0.           0.           0.           0.        ]
 [  0.           0.           0.           0.        ]
 [  0.           0.           0.           0.        ]
 [  0.00335527  -2.93894649  -3.26412654   0.00842672]
 [  0.           0.           0.           0.        ]
 [  0.00070518   0.00129149   0.00267428   0.00364155]
 [  0.           0.           0.           0.        ]
 [  0.           0.           0.           0.        ]
 [  0.           0.           0.           0.        ]
 [  0.           0.           0.           0.        ]
 [  0.           0.           0.           0.        ]
 [  0.           0.           0.           0.        ]
 [  0.           0.           0.           0.        ]
 [  0.00001223   0.00021795   0.0012141    0.00117294]
 [  0.           0.           0.           0.        ]
 [  0.           0.           0.           0.        ]
 [  0.           0.           0.           0.        ]
 [  0.           0.           0.           0.        ]]
Training  | Episode: 410000/1000000  | Episode Reward: -51.0000 | Epsilon: 0.2000 | Goal reached: 0
Training  | Episode: 420000/1000000  | Episode Reward: -51.0000 | Epsilon: 0.2000 | Goal reached: 0
Training  | Episode: 430000/1000000  | Episode Reward: -64.0000 | Epsilon: 0.2000 | Goal reached: 0
Training  | Episode: 440000/1000000  | Episode Reward: -82.0000 | Epsilon: 0.2000 | Goal reached: 0
Training  | Episode: 450000/1000000  | Episode Reward: -72.0000 | Epsilon: 0.2000 | Goal reached: 0
Training  | Episode: 460000/1000000  | Episode Reward: -130.0000 | Epsilon: 0.2000 | Goal reached: 0
Training  | Episode: 470000/1000000  | Episode Reward: -63.0000 | Epsilon: 0.2000 | Goal reached: 0
Training  | Episode: 480000/1000000  | Episode Reward: -51.0000 | Epsilon: 0.2000 | Goal reached: 0
Training  | Episode: 490000/1000000  | Episode Reward: -53.0000 | Epsilon: 0.2000 | Goal reached: 0
Training  | Episode: 500000/1000000  | Episode Reward: -51.0000 | Epsilon: 0.2000 | Goal reached: 0
[[  0.00092849  -5.68673849  -6.02808857   0.0093576 ]
 [  0.0065692  -19.37475777 -19.92633629   0.00918266]
 [  0.           0.           0.           0.        ]
 [  0.           0.           0.           0.        ]
 [  0.           0.           0.           0.        ]
 [  0.           0.           0.           0.        ]
 [  0.           0.           0.           0.        ]
 [  0.           0.           0.           0.        ]
 [  0.           0.           0.           0.        ]
 [  0.           0.           0.           0.        ]
 [  0.00210197 -20.82262802 -18.35559082   0.00550487]
 [  0.00173131 -15.94410324 -18.53219223   0.00940495]
 [  0.00915323 -19.3699131  -31.57855034   0.00198495]
 [  0.           0.           0.           0.        ]
 [  0.           0.           0.           0.        ]
 [  0.           0.           0.           0.        ]
 [  0.           0.           0.           0.        ]
 [  0.           0.           0.           0.        ]
 [  0.           0.           0.           0.        ]
 [  0.           0.           0.           0.        ]
 [  0.           0.           0.           0.        ]
 [  0.           0.           0.           0.        ]
 [  0.00648271 -18.00922394  -4.55606604   0.0085583 ]
 [  0.00725371 -38.44921494 -49.99167252   0.00143922]
 [  0.           0.           0.           0.        ]
 [  0.           0.           0.           0.        ]
 [  0.           0.           0.           0.        ]
 [  0.           0.           0.           0.        ]
 [  0.           0.           0.           0.        ]
 [  0.           0.           0.           0.        ]
 [  0.           0.           0.           0.        ]
 [  0.           0.           0.           0.        ]
 [  0.00444232 -35.38768387 -21.56101418   0.00137969]
 [  0.           0.           0.           0.        ]
 [  0.           0.           0.           0.        ]
 [  0.           0.           0.           0.        ]
 [  0.           0.           0.           0.        ]
 [  0.           0.           0.           0.        ]
 [  0.           0.           0.           0.        ]
 [  0.           0.           0.           0.        ]
 [  0.           0.           0.           0.        ]
 [  0.           0.           0.           0.        ]
 [  0.00476337 -17.51516914  -4.85206032   0.00266641]
 [  0.00319315 -38.8013382  -49.98957062   0.00652412]
 [  0.           0.           0.           0.        ]
 [  0.           0.           0.           0.        ]
 [  0.           0.           0.           0.        ]
 [  0.           0.           0.           0.        ]
 [  0.           0.           0.           0.        ]
 [  0.           0.           0.           0.        ]
 [  0.00342445 -23.69223976 -31.17736626   0.00666463]
 [  0.00119466  -6.02001095 -21.73987198   0.0049192 ]
 [  0.00760449 -17.54055595 -18.03552055   0.00219837]
 [  0.           0.           0.           0.        ]
 [  0.           0.           0.           0.        ]
 [  0.           0.           0.           0.        ]
 [  0.           0.           0.           0.        ]
 [  0.           0.           0.           0.        ]
 [  0.           0.           0.           0.        ]
 [  0.           0.           0.           0.        ]
 [  0.           0.           0.           0.        ]
 [  0.00108142 -36.1191597  -20.33073044   0.00320519]
 [  0.00840835  -2.46496511  -5.40605736   0.00698871]
 [  0.00826147 -16.32292175 -30.58679581   0.00589638]
 [  0.00326511 -21.93074608 -28.1248455    0.00818976]
 [  0.           0.           0.           0.        ]
 [  0.           0.           0.           0.        ]
 [  0.           0.           0.           0.        ]
 [  0.           0.           0.           0.        ]
 [  0.           0.           0.           0.        ]
 [  0.           0.           0.           0.        ]
 [  0.           0.           0.           0.        ]
 [  0.00970497 -44.79120255 -36.08761978   0.00411695]
 [  0.           0.           0.           0.        ]
 [  0.00497951 -11.70691586 -11.54239273   0.00660208]
 [  0.00200916  -2.441787    -5.53824043   0.00210679]
 [  0.00422297  -2.35173917  -1.97151184   0.00827665]
 [  0.00324214  -0.0180773   -0.99137479   0.00208518]
 [  0.           0.           0.           0.        ]
 [  0.           0.           0.           0.        ]
 [  0.           0.           0.           0.        ]
 [  0.           0.           0.           0.        ]
 [  0.           0.           0.           0.        ]
 [  0.           0.           0.           0.        ]
 [  0.           0.           0.           0.        ]
 [  0.00335527  -2.93894649  -3.26412654   0.00842672]
 [  0.           0.           0.           0.        ]
 [  0.00070518   0.00129149   0.00267428   0.00364155]
 [  0.           0.           0.           0.        ]
 [  0.           0.           0.           0.        ]
 [  0.           0.           0.           0.        ]
 [  0.           0.           0.           0.        ]
 [  0.           0.           0.           0.        ]
 [  0.           0.           0.           0.        ]
 [  0.           0.           0.           0.        ]
 [  0.00001223   0.00021795   0.0012141    0.00117294]
 [  0.           0.           0.           0.        ]
 [  0.           0.           0.           0.        ]
 [  0.           0.           0.           0.        ]
 [  0.           0.           0.           0.        ]]
Training  | Episode: 510000/1000000  | Episode Reward: -51.0000 | Epsilon: 0.2000 | Goal reached: 0
Training  | Episode: 520000/1000000  | Episode Reward: -84.0000 | Epsilon: 0.2000 | Goal reached: 0
Training  | Episode: 530000/1000000  | Episode Reward: -51.0000 | Epsilon: 0.2000 | Goal reached: 0
Training  | Episode: 540000/1000000  | Episode Reward: -51.0000 | Epsilon: 0.2000 | Goal reached: 0
Training  | Episode: 550000/1000000  | Episode Reward: -73.0000 | Epsilon: 0.2000 | Goal reached: 0
Training  | Episode: 560000/1000000  | Episode Reward: -61.0000 | Epsilon: 0.2000 | Goal reached: 0
Training  | Episode: 570000/1000000  | Episode Reward: -52.0000 | Epsilon: 0.2000 | Goal reached: 0
Training  | Episode: 580000/1000000  | Episode Reward: -52.0000 | Epsilon: 0.2000 | Goal reached: 0
Training  | Episode: 590000/1000000  | Episode Reward: -86.0000 | Epsilon: 0.2000 | Goal reached: 0
Training  | Episode: 600000/1000000  | Episode Reward: -74.0000 | Epsilon: 0.2000 | Goal reached: 0
[[  0.00092849  -5.24527502  -5.84224749   0.0093576 ]
 [  0.0065692  -19.1380806  -24.14040947   0.00918266]
 [  0.           0.           0.           0.        ]
 [  0.           0.           0.           0.        ]
 [  0.           0.           0.           0.        ]
 [  0.           0.           0.           0.        ]
 [  0.           0.           0.           0.        ]
 [  0.           0.           0.           0.        ]
 [  0.           0.           0.           0.        ]
 [  0.           0.           0.           0.        ]
 [  0.00210197 -17.90883064 -18.58749962   0.00550487]
 [  0.00173131 -23.67496872 -20.3235054    0.00940495]
 [  0.00915323 -20.84239388 -36.48117065   0.00198495]
 [  0.           0.           0.           0.        ]
 [  0.           0.           0.           0.        ]
 [  0.           0.           0.           0.        ]
 [  0.           0.           0.           0.        ]
 [  0.           0.           0.           0.        ]
 [  0.           0.           0.           0.        ]
 [  0.           0.           0.           0.        ]
 [  0.           0.           0.           0.        ]
 [  0.           0.           0.           0.        ]
 [  0.00648271 -16.69814873  -4.74530268   0.0085583 ]
 [  0.00725371 -36.20084    -49.99179077   0.00143922]
 [  0.           0.           0.           0.        ]
 [  0.           0.           0.           0.        ]
 [  0.           0.           0.           0.        ]
 [  0.           0.           0.           0.        ]
 [  0.           0.           0.           0.        ]
 [  0.           0.           0.           0.        ]
 [  0.           0.           0.           0.        ]
 [  0.           0.           0.           0.        ]
 [  0.00444232 -34.22689438 -18.10391426   0.00137969]
 [  0.           0.           0.           0.        ]
 [  0.           0.           0.           0.        ]
 [  0.           0.           0.           0.        ]
 [  0.           0.           0.           0.        ]
 [  0.           0.           0.           0.        ]
 [  0.           0.           0.           0.        ]
 [  0.           0.           0.           0.        ]
 [  0.           0.           0.           0.        ]
 [  0.           0.           0.           0.        ]
 [  0.00476337 -14.80047989  -4.33113861   0.00266641]
 [  0.00319315 -35.18232346 -49.99184036   0.00652412]
 [  0.           0.           0.           0.        ]
 [  0.           0.           0.           0.        ]
 [  0.           0.           0.           0.        ]
 [  0.           0.           0.           0.        ]
 [  0.           0.           0.           0.        ]
 [  0.           0.           0.           0.        ]
 [  0.00342445 -22.96275902 -33.13432693   0.00666463]
 [  0.00119466  -5.10894394 -21.58848953   0.0049192 ]
 [  0.00760449 -13.26863003 -20.16932869   0.00219837]
 [  0.           0.           0.           0.        ]
 [  0.           0.           0.           0.        ]
 [  0.           0.           0.           0.        ]
 [  0.           0.           0.           0.        ]
 [  0.           0.           0.           0.        ]
 [  0.           0.           0.           0.        ]
 [  0.           0.           0.           0.        ]
 [  0.           0.           0.           0.        ]
 [  0.00108142 -32.77906799 -20.5470047    0.00320519]
 [  0.00840835  -2.98589945  -4.69274664   0.00698871]
 [  0.00826147 -22.65848732 -30.52413368   0.00589638]
 [  0.00326511 -19.29757118 -30.98648262   0.00818976]
 [  0.           0.           0.           0.        ]
 [  0.           0.           0.           0.        ]
 [  0.           0.           0.           0.        ]
 [  0.           0.           0.           0.        ]
 [  0.           0.           0.           0.        ]
 [  0.           0.           0.           0.        ]
 [  0.           0.           0.           0.        ]
 [  0.00970497 -46.59038162 -35.18632507   0.00411695]
 [  0.           0.           0.           0.        ]
 [  0.00497951 -15.59031773 -11.07835579   0.00660208]
 [  0.00200916  -2.51673913  -6.42734814   0.00210679]
 [  0.00422297  -3.25842834  -3.85456181   0.00827665]
 [  0.00324214  -1.01753843  -0.99137479   0.00208518]
 [  0.           0.           0.           0.        ]
 [  0.           0.           0.           0.        ]
 [  0.           0.           0.           0.        ]
 [  0.           0.           0.           0.        ]
 [  0.           0.           0.           0.        ]
 [  0.           0.           0.           0.        ]
 [  0.           0.           0.           0.        ]
 [  0.00335527  -3.88007522  -3.3988061    0.00842672]
 [  0.           0.           0.           0.        ]
 [  0.00070518   0.00129149   0.00267428   0.00364155]
 [  0.           0.           0.           0.        ]
 [  0.           0.           0.           0.        ]
 [  0.           0.           0.           0.        ]
 [  0.           0.           0.           0.        ]
 [  0.           0.           0.           0.        ]
 [  0.           0.           0.           0.        ]
 [  0.           0.           0.           0.        ]
 [  0.00001223   0.00021795   0.0012141    0.00117294]
 [  0.           0.           0.           0.        ]
 [  0.           0.           0.           0.        ]
 [  0.           0.           0.           0.        ]
 [  0.           0.           0.           0.        ]]
Training  | Episode: 610000/1000000  | Episode Reward: -72.0000 | Epsilon: 0.2000 | Goal reached: 0
Training  | Episode: 620000/1000000  | Episode Reward: -51.0000 | Epsilon: 0.2000 | Goal reached: 0
Training  | Episode: 630000/1000000  | Episode Reward: -72.0000 | Epsilon: 0.2000 | Goal reached: 0
Training  | Episode: 640000/1000000  | Episode Reward: -51.0000 | Epsilon: 0.2000 | Goal reached: 0
Training  | Episode: 650000/1000000  | Episode Reward: -103.0000 | Epsilon: 0.2000 | Goal reached: 0
Training  | Episode: 660000/1000000  | Episode Reward: -51.0000 | Epsilon: 0.2000 | Goal reached: 0
Training  | Episode: 670000/1000000  | Episode Reward: -72.0000 | Epsilon: 0.2000 | Goal reached: 0
Training  | Episode: 680000/1000000  | Episode Reward: -71.0000 | Epsilon: 0.2000 | Goal reached: 0
Training  | Episode: 690000/1000000  | Episode Reward: -95.0000 | Epsilon: 0.2000 | Goal reached: 0
Training  | Episode: 700000/1000000  | Episode Reward: -62.0000 | Epsilon: 0.2000 | Goal reached: 0
[[  0.00092849  -5.45484972  -5.34849548   0.0093576 ]
 [  0.0065692  -17.37043762 -23.91640854   0.00918266]
 [  0.           0.           0.           0.        ]
 [  0.           0.           0.           0.        ]
 [  0.           0.           0.           0.        ]
 [  0.           0.           0.           0.        ]
 [  0.           0.           0.           0.        ]
 [  0.           0.           0.           0.        ]
 [  0.           0.           0.           0.        ]
 [  0.           0.           0.           0.        ]
 [  0.00210197 -22.37665939 -20.81842422   0.00550487]
 [  0.00173131 -20.54878426 -19.82380295   0.00940495]
 [  0.00915323 -20.84016037 -33.23937225   0.00198495]
 [  0.           0.           0.           0.        ]
 [  0.           0.           0.           0.        ]
 [  0.           0.           0.           0.        ]
 [  0.           0.           0.           0.        ]
 [  0.           0.           0.           0.        ]
 [  0.           0.           0.           0.        ]
 [  0.           0.           0.           0.        ]
 [  0.           0.           0.           0.        ]
 [  0.           0.           0.           0.        ]
 [  0.00648271 -21.55939674  -4.16540194   0.0085583 ]
 [  0.00725371 -38.36290741 -49.99182129   0.00143922]
 [  0.           0.           0.           0.        ]
 [  0.           0.           0.           0.        ]
 [  0.           0.           0.           0.        ]
 [  0.           0.           0.           0.        ]
 [  0.           0.           0.           0.        ]
 [  0.           0.           0.           0.        ]
 [  0.           0.           0.           0.        ]
 [  0.           0.           0.           0.        ]
 [  0.00444232 -34.25354767 -20.01412201   0.00137969]
 [  0.           0.           0.           0.        ]
 [  0.           0.           0.           0.        ]
 [  0.           0.           0.           0.        ]
 [  0.           0.           0.           0.        ]
 [  0.           0.           0.           0.        ]
 [  0.           0.           0.           0.        ]
 [  0.           0.           0.           0.        ]
 [  0.           0.           0.           0.        ]
 [  0.           0.           0.           0.        ]
 [  0.00476337 -17.13500786  -4.86271381   0.00266641]
 [  0.00319315 -35.73973846 -49.99197388   0.00652412]
 [  0.           0.           0.           0.        ]
 [  0.           0.           0.           0.        ]
 [  0.           0.           0.           0.        ]
 [  0.           0.           0.           0.        ]
 [  0.           0.           0.           0.        ]
 [  0.           0.           0.           0.        ]
 [  0.00342445 -26.09255028 -34.07502747   0.00666463]
 [  0.00119466  -5.1677146  -16.82979393   0.0049192 ]
 [  0.00760449 -15.1149931  -18.98133087   0.00219837]
 [  0.           0.           0.           0.        ]
 [  0.           0.           0.           0.        ]
 [  0.           0.           0.           0.        ]
 [  0.           0.           0.           0.        ]
 [  0.           0.           0.           0.        ]
 [  0.           0.           0.           0.        ]
 [  0.           0.           0.           0.        ]
 [  0.           0.           0.           0.        ]
 [  0.00108142 -34.10535049 -21.70404625   0.00320519]
 [  0.00840835  -2.53173947  -4.89393902   0.00698871]
 [  0.00826147 -21.53832817 -31.3350544    0.00589638]
 [  0.00326511 -17.46295547 -31.21826553   0.00818976]
 [  0.           0.           0.           0.        ]
 [  0.           0.           0.           0.        ]
 [  0.           0.           0.           0.        ]
 [  0.           0.           0.           0.        ]
 [  0.           0.           0.           0.        ]
 [  0.           0.           0.           0.        ]
 [  0.           0.           0.           0.        ]
 [  0.00970497 -47.76782608 -35.25365067   0.00411695]
 [  0.           0.           0.           0.        ]
 [  0.00497951 -16.9936657  -13.23034477   0.00660208]
 [  0.00200916  -2.91718435  -6.21212721   0.00210679]
 [  0.00422297  -3.39322186  -3.85456181   0.00827665]
 [  0.00324214  -1.01753843  -0.99137479   0.00208518]
 [  0.           0.           0.           0.        ]
 [  0.           0.           0.           0.        ]
 [  0.           0.           0.           0.        ]
 [  0.           0.           0.           0.        ]
 [  0.           0.           0.           0.        ]
 [  0.           0.           0.           0.        ]
 [  0.           0.           0.           0.        ]
 [  0.00335527  -4.80234766  -3.48015499   0.00842672]
 [  0.           0.           0.           0.        ]
 [  0.00070518   0.00129149   0.00267428   0.00364155]
 [  0.           0.           0.           0.        ]
 [  0.           0.           0.           0.        ]
 [  0.           0.           0.           0.        ]
 [  0.           0.           0.           0.        ]
 [  0.           0.           0.           0.        ]
 [  0.           0.           0.           0.        ]
 [  0.           0.           0.           0.        ]
 [  0.00001223  -0.58781278  -1.54318678   0.00117294]
 [  0.           0.           0.           0.        ]
 [  0.           0.           0.           0.        ]
 [  0.           0.           0.           0.        ]
 [  0.           0.           0.           0.        ]]
Training  | Episode: 710000/1000000  | Episode Reward: -51.0000 | Epsilon: 0.2000 | Goal reached: 0
Training  | Episode: 720000/1000000  | Episode Reward: -91.0000 | Epsilon: 0.2000 | Goal reached: 0
Training  | Episode: 730000/1000000  | Episode Reward: -92.0000 | Epsilon: 0.2000 | Goal reached: 0
Training  | Episode: 740000/1000000  | Episode Reward: -91.0000 | Epsilon: 0.2000 | Goal reached: 0
Training  | Episode: 750000/1000000  | Episode Reward: -71.0000 | Epsilon: 0.2000 | Goal reached: 0
Training  | Episode: 760000/1000000  | Episode Reward: -63.0000 | Epsilon: 0.2000 | Goal reached: 0
Training  | Episode: 770000/1000000  | Episode Reward: -93.0000 | Epsilon: 0.2000 | Goal reached: 0
Training  | Episode: 780000/1000000  | Episode Reward: -62.0000 | Epsilon: 0.2000 | Goal reached: 0
Training  | Episode: 790000/1000000  | Episode Reward: -51.0000 | Epsilon: 0.2000 | Goal reached: 0
Training  | Episode: 800000/1000000  | Episode Reward: -104.0000 | Epsilon: 0.2000 | Goal reached: 0
[[  0.00092849  -4.78910017  -5.41689396   0.0093576 ]
 [  0.0065692  -23.62498474 -21.11727524   0.00918266]
 [  0.           0.           0.           0.        ]
 [  0.           0.           0.           0.        ]
 [  0.           0.           0.           0.        ]
 [  0.           0.           0.           0.        ]
 [  0.           0.           0.           0.        ]
 [  0.           0.           0.           0.        ]
 [  0.           0.           0.           0.        ]
 [  0.           0.           0.           0.        ]
 [  0.00210197 -23.6988945  -17.4025631    0.00550487]
 [  0.00173131 -20.55181122 -18.24578667   0.00940495]
 [  0.00915323 -19.37525368 -30.1064682    0.00198495]
 [  0.           0.           0.           0.        ]
 [  0.           0.           0.           0.        ]
 [  0.           0.           0.           0.        ]
 [  0.           0.           0.           0.        ]
 [  0.           0.           0.           0.        ]
 [  0.           0.           0.           0.        ]
 [  0.           0.           0.           0.        ]
 [  0.           0.           0.           0.        ]
 [  0.           0.           0.           0.        ]
 [  0.00648271 -17.92459869  -4.89752388   0.0085583 ]
 [  0.00725371 -39.08959198 -49.99174118   0.00143922]
 [  0.           0.           0.           0.        ]
 [  0.           0.           0.           0.        ]
 [  0.           0.           0.           0.        ]
 [  0.           0.           0.           0.        ]
 [  0.           0.           0.           0.        ]
 [  0.           0.           0.           0.        ]
 [  0.           0.           0.           0.        ]
 [  0.           0.           0.           0.        ]
 [  0.00444232 -31.92695999 -24.33560944   0.00137969]
 [  0.           0.           0.           0.        ]
 [  0.           0.           0.           0.        ]
 [  0.           0.           0.           0.        ]
 [  0.           0.           0.           0.        ]
 [  0.           0.           0.           0.        ]
 [  0.           0.           0.           0.        ]
 [  0.           0.           0.           0.        ]
 [  0.           0.           0.           0.        ]
 [  0.           0.           0.           0.        ]
 [  0.00476337 -14.85773182  -4.68995094   0.00266641]
 [  0.00319315 -33.35642242 -49.99189377   0.00652412]
 [  0.           0.           0.           0.        ]
 [  0.           0.           0.           0.        ]
 [  0.           0.           0.           0.        ]
 [  0.           0.           0.           0.        ]
 [  0.           0.           0.           0.        ]
 [  0.           0.           0.           0.        ]
 [  0.00342445 -24.25844002 -32.36826324   0.00666463]
 [  0.00119466  -4.88338709 -19.95388222   0.0049192 ]
 [  0.00760449 -19.31592369 -24.00163651   0.00219837]
 [  0.           0.           0.           0.        ]
 [  0.           0.           0.           0.        ]
 [  0.           0.           0.           0.        ]
 [  0.           0.           0.           0.        ]
 [  0.           0.           0.           0.        ]
 [  0.           0.           0.           0.        ]
 [  0.           0.           0.           0.        ]
 [  0.           0.           0.           0.        ]
 [  0.00108142 -36.77459717 -21.33965874   0.00320519]
 [  0.00840835  -2.44696355  -4.68632936   0.00698871]
 [  0.00826147 -16.75135422 -32.34886169   0.00589638]
 [  0.00326511 -21.00283813 -33.43170547   0.00818976]
 [  0.           0.           0.           0.        ]
 [  0.           0.           0.           0.        ]
 [  0.           0.           0.           0.        ]
 [  0.           0.           0.           0.        ]
 [  0.           0.           0.           0.        ]
 [  0.           0.           0.           0.        ]
 [  0.           0.           0.           0.        ]
 [  0.00970497 -48.53791809 -40.18811417   0.00411695]
 [  0.           0.           0.           0.        ]
 [  0.00497951 -17.67298698 -13.16721725   0.00660208]
 [  0.00200916  -3.16159678  -7.08775711   0.00210679]
 [  0.00422297  -4.32523155  -3.79741216   0.00827665]
 [  0.00324214  -1.01753843  -2.9317975    0.00208518]
 [  0.           0.           0.           0.        ]
 [  0.           0.           0.           0.        ]
 [  0.           0.           0.           0.        ]
 [  0.           0.           0.           0.        ]
 [  0.           0.           0.           0.        ]
 [  0.           0.           0.           0.        ]
 [  0.           0.           0.           0.        ]
 [  0.00335527  -4.80234766  -4.31413507   0.00842672]
 [  0.           0.           0.           0.        ]
 [  0.00070518   0.00129149   0.00267428   0.00364155]
 [  0.           0.           0.           0.        ]
 [  0.           0.           0.           0.        ]
 [  0.           0.           0.           0.        ]
 [  0.           0.           0.           0.        ]
 [  0.           0.           0.           0.        ]
 [  0.           0.           0.           0.        ]
 [  0.           0.           0.           0.        ]
 [  0.00001223  -1.74436402  -1.54318678   0.00117294]
 [  0.           0.           0.           0.        ]
 [  0.           0.           0.           0.        ]
 [  0.           0.           0.           0.        ]
 [  0.           0.           0.           0.        ]]
Training  | Episode: 810000/1000000  | Episode Reward: -51.0000 | Epsilon: 0.2000 | Goal reached: 0
Training  | Episode: 820000/1000000  | Episode Reward: -61.0000 | Epsilon: 0.2000 | Goal reached: 0
Training  | Episode: 830000/1000000  | Episode Reward: -52.0000 | Epsilon: 0.2000 | Goal reached: 0
Training  | Episode: 840000/1000000  | Episode Reward: -53.0000 | Epsilon: 0.2000 | Goal reached: 0
Training  | Episode: 850000/1000000  | Episode Reward: -92.0000 | Epsilon: 0.2000 | Goal reached: 0
Training  | Episode: 860000/1000000  | Episode Reward: -82.0000 | Epsilon: 0.2000 | Goal reached: 0
Training  | Episode: 870000/1000000  | Episode Reward: -71.0000 | Epsilon: 0.2000 | Goal reached: 0
Training  | Episode: 880000/1000000  | Episode Reward: -62.0000 | Epsilon: 0.2000 | Goal reached: 0
Training  | Episode: 890000/1000000  | Episode Reward: -63.0000 | Epsilon: 0.2000 | Goal reached: 0
Training  | Episode: 900000/1000000  | Episode Reward: -61.0000 | Epsilon: 0.2000 | Goal reached: 0
[[  0.00092849  -5.64208937  -6.06363106   0.0093576 ]
 [  0.0065692  -17.33543968 -24.71159172   0.00918266]
 [  0.           0.           0.           0.        ]
 [  0.           0.           0.           0.        ]
 [  0.           0.           0.           0.        ]
 [  0.           0.           0.           0.        ]
 [  0.           0.           0.           0.        ]
 [  0.           0.           0.           0.        ]
 [  0.           0.           0.           0.        ]
 [  0.           0.           0.           0.        ]
 [  0.00210197 -22.60729599 -19.91280365   0.00550487]
 [  0.00173131 -15.69099808 -21.35790825   0.00940495]
 [  0.00915323 -21.19747162 -32.83675385   0.00198495]
 [  0.           0.           0.           0.        ]
 [  0.           0.           0.           0.        ]
 [  0.           0.           0.           0.        ]
 [  0.           0.           0.           0.        ]
 [  0.           0.           0.           0.        ]
 [  0.           0.           0.           0.        ]
 [  0.           0.           0.           0.        ]
 [  0.           0.           0.           0.        ]
 [  0.           0.           0.           0.        ]
 [  0.00648271 -19.26865005  -5.11727715   0.0085583 ]
 [  0.00725371 -36.70124435 -49.99171448   0.00143922]
 [  0.           0.           0.           0.        ]
 [  0.           0.           0.           0.        ]
 [  0.           0.           0.           0.        ]
 [  0.           0.           0.           0.        ]
 [  0.           0.           0.           0.        ]
 [  0.           0.           0.           0.        ]
 [  0.           0.           0.           0.        ]
 [  0.           0.           0.           0.        ]
 [  0.00444232 -28.15652275 -18.29712296   0.00137969]
 [  0.           0.           0.           0.        ]
 [  0.           0.           0.           0.        ]
 [  0.           0.           0.           0.        ]
 [  0.           0.           0.           0.        ]
 [  0.           0.           0.           0.        ]
 [  0.           0.           0.           0.        ]
 [  0.           0.           0.           0.        ]
 [  0.           0.           0.           0.        ]
 [  0.           0.           0.           0.        ]
 [  0.00476337 -18.38848305  -4.8083806    0.00266641]
 [  0.00319315 -34.11341476 -49.99219894   0.00652412]
 [  0.           0.           0.           0.        ]
 [  0.           0.           0.           0.        ]
 [  0.           0.           0.           0.        ]
 [  0.           0.           0.           0.        ]
 [  0.           0.           0.           0.        ]
 [  0.           0.           0.           0.        ]
 [  0.00342445 -24.54904556 -35.10351944   0.00666463]
 [  0.00119466  -5.35421801 -21.35112      0.0049192 ]
 [  0.00760449 -20.26843262 -21.28712845   0.00219837]
 [  0.           0.           0.           0.        ]
 [  0.           0.           0.           0.        ]
 [  0.           0.           0.           0.        ]
 [  0.           0.           0.           0.        ]
 [  0.           0.           0.           0.        ]
 [  0.           0.           0.           0.        ]
 [  0.           0.           0.           0.        ]
 [  0.           0.           0.           0.        ]
 [  0.00108142 -36.60118484 -19.68371582   0.00320519]
 [  0.00840835  -2.35880303  -4.69625282   0.00698871]
 [  0.00826147 -19.05347443 -33.2963028    0.00589638]
 [  0.00326511 -18.69403076 -33.28090668   0.00818976]
 [  0.           0.           0.           0.        ]
 [  0.           0.           0.           0.        ]
 [  0.           0.           0.           0.        ]
 [  0.           0.           0.           0.        ]
 [  0.           0.           0.           0.        ]
 [  0.           0.           0.           0.        ]
 [  0.           0.           0.           0.        ]
 [  0.00970497 -49.02251053 -35.29858398   0.00411695]
 [  0.           0.           0.           0.        ]
 [  0.00497951 -18.63266563 -15.47802734   0.00660208]
 [  0.00200916  -3.07570243  -8.53580666   0.00210679]
 [  0.00422297  -4.32523155  -3.63273025   0.00827665]
 [  0.00324214  -1.97700453  -2.9317975    0.00208518]
 [  0.           0.           0.           0.        ]
 [  0.           0.           0.           0.        ]
 [  0.           0.           0.           0.        ]
 [  0.           0.           0.           0.        ]
 [  0.           0.           0.           0.        ]
 [  0.           0.           0.           0.        ]
 [  0.           0.           0.           0.        ]
 [  0.00335527  -4.80234766  -4.53922033   0.00842672]
 [  0.           0.           0.           0.        ]
 [  0.00070518   0.00129149  -0.99723804   0.00364155]
 [  0.           0.           0.           0.        ]
 [  0.           0.           0.           0.        ]
 [  0.           0.           0.           0.        ]
 [  0.           0.           0.           0.        ]
 [  0.           0.           0.           0.        ]
 [  0.           0.           0.           0.        ]
 [  0.           0.           0.           0.        ]
 [  0.00001223  -1.74436402  -1.71217132   0.00117294]
 [  0.           0.           0.           0.        ]
 [  0.           0.           0.           0.        ]
 [  0.           0.           0.           0.        ]
 [  0.           0.           0.           0.        ]]
Training  | Episode: 910000/1000000  | Episode Reward: -103.0000 | Epsilon: 0.2000 | Goal reached: 0
Training  | Episode: 920000/1000000  | Episode Reward: -81.0000 | Epsilon: 0.2000 | Goal reached: 0
Training  | Episode: 930000/1000000  | Episode Reward: -61.0000 | Epsilon: 0.2000 | Goal reached: 0
Training  | Episode: 940000/1000000  | Episode Reward: -51.0000 | Epsilon: 0.2000 | Goal reached: 0
Training  | Episode: 950000/1000000  | Episode Reward: -52.0000 | Epsilon: 0.2000 | Goal reached: 0
Training  | Episode: 960000/1000000  | Episode Reward: -51.0000 | Epsilon: 0.2000 | Goal reached: 0
Training  | Episode: 970000/1000000  | Episode Reward: -93.0000 | Epsilon: 0.2000 | Goal reached: 0
Training  | Episode: 980000/1000000  | Episode Reward: -61.0000 | Epsilon: 0.2000 | Goal reached: 0
Training  | Episode: 990000/1000000  | Episode Reward: -53.0000 | Epsilon: 0.2000 | Goal reached: 0
[[  0.00092849  -5.66279602  -5.61798477   0.0093576 ]
 [  0.0065692  -19.13251495 -23.07989693   0.00918266]
 [  0.           0.           0.           0.        ]
 [  0.           0.           0.           0.        ]
 [  0.           0.           0.           0.        ]
 [  0.           0.           0.           0.        ]
 [  0.           0.           0.           0.        ]
 [  0.           0.           0.           0.        ]
 [  0.           0.           0.           0.        ]
 [  0.           0.           0.           0.        ]
 [  0.00210197 -20.9159832  -19.0560379    0.00550487]
 [  0.00173131 -20.39525604 -22.16459465   0.00940495]
 [  0.00915323 -25.13696289 -33.97537613   0.00198495]
 [  0.           0.           0.           0.        ]
 [  0.           0.           0.           0.        ]
 [  0.           0.           0.           0.        ]
 [  0.           0.           0.           0.        ]
 [  0.           0.           0.           0.        ]
 [  0.           0.           0.           0.        ]
 [  0.           0.           0.           0.        ]
 [  0.           0.           0.           0.        ]
 [  0.           0.           0.           0.        ]
 [  0.00648271 -18.52330399  -3.93285418   0.0085583 ]
 [  0.00725371 -39.74504852 -49.99171448   0.00143922]
 [  0.           0.           0.           0.        ]
 [  0.           0.           0.           0.        ]
 [  0.           0.           0.           0.        ]
 [  0.           0.           0.           0.        ]
 [  0.           0.           0.           0.        ]
 [  0.           0.           0.           0.        ]
 [  0.           0.           0.           0.        ]
 [  0.           0.           0.           0.        ]
 [  0.00444232 -35.62105179 -18.46556664   0.00137969]
 [  0.           0.           0.           0.        ]
 [  0.           0.           0.           0.        ]
 [  0.           0.           0.           0.        ]
 [  0.           0.           0.           0.        ]
 [  0.           0.           0.           0.        ]
 [  0.           0.           0.           0.        ]
 [  0.           0.           0.           0.        ]
 [  0.           0.           0.           0.        ]
 [  0.           0.           0.           0.        ]
 [  0.00476337 -19.04310036  -3.95998812   0.00266641]
 [  0.00319315 -36.15419006 -49.99235916   0.00652412]
 [  0.           0.           0.           0.        ]
 [  0.           0.           0.           0.        ]
 [  0.           0.           0.           0.        ]
 [  0.           0.           0.           0.        ]
 [  0.           0.           0.           0.        ]
 [  0.           0.           0.           0.        ]
 [  0.00342445 -25.87903404 -35.28905869   0.00666463]
 [  0.00119466  -5.70132351 -19.63347244   0.0049192 ]
 [  0.00760449 -20.40823936 -21.67515373   0.00219837]
 [  0.           0.           0.           0.        ]
 [  0.           0.           0.           0.        ]
 [  0.           0.           0.           0.        ]
 [  0.           0.           0.           0.        ]
 [  0.           0.           0.           0.        ]
 [  0.           0.           0.           0.        ]
 [  0.           0.           0.           0.        ]
 [  0.           0.           0.           0.        ]
 [  0.00108142 -37.54201889 -22.08999825   0.00320519]
 [  0.00840835  -1.61768079  -5.0712533    0.00698871]
 [  0.00826147 -19.92488098 -31.74202347   0.00589638]
 [  0.00326511 -17.23264313 -34.71069717   0.00818976]
 [  0.           0.           0.           0.        ]
 [  0.           0.           0.           0.        ]
 [  0.           0.           0.           0.        ]
 [  0.           0.           0.           0.        ]
 [  0.           0.           0.           0.        ]
 [  0.           0.           0.           0.        ]
 [  0.           0.           0.           0.        ]
 [  0.00970497 -49.33316422 -36.99363708   0.00411695]
 [  0.           0.           0.           0.        ]
 [  0.00497951 -18.5755558  -15.40452576   0.00660208]
 [  0.00200916  -3.23818374  -8.3849411    0.00210679]
 [  0.00422297  -5.23860073  -5.33044052   0.00827665]
 [  0.00324214  -2.13731551  -3.87300062   0.00208518]
 [  0.           0.           0.           0.        ]
 [  0.           0.           0.           0.        ]
 [  0.           0.           0.           0.        ]
 [  0.           0.           0.           0.        ]
 [  0.           0.           0.           0.        ]
 [  0.           0.           0.           0.        ]
 [  0.           0.           0.           0.        ]
 [  0.00335527  -4.80234766  -4.57900858   0.00842672]
 [  0.           0.           0.           0.        ]
 [  0.00070518   0.00129149  -0.99723804   0.00364155]
 [  0.           0.           0.           0.        ]
 [  0.           0.           0.           0.        ]
 [  0.           0.           0.           0.        ]
 [  0.           0.           0.           0.        ]
 [  0.           0.           0.           0.        ]
 [  0.           0.           0.           0.        ]
 [  0.           0.           0.           0.        ]
 [  0.00001223  -1.74436402  -1.71217132   0.00117294]
 [  0.           0.           0.           0.        ]
 [  0.           0.           0.           0.        ]
 [  0.           0.           0.           0.        ]
 [  0.           0.           0.           0.        ]]
