___DISTANCE___
gamma:  0.5 learning rate:  0.01 eps decay:  0.9999975
[[b'S' b'F' b'H' b'H' b'F' b'H' b'H' b'F' b'H' b'H']
 [b'H' b'F' b'F' b'F' b'F' b'H' b'F' b'H' b'F' b'H']
 [b'F' b'H' b'H' b'F' b'F' b'F' b'F' b'H' b'H' b'H']
 [b'H' b'H' b'H' b'F' b'H' b'F' b'H' b'F' b'H' b'F']
 [b'F' b'H' b'H' b'F' b'H' b'F' b'F' b'H' b'H' b'H']
 [b'H' b'H' b'H' b'F' b'H' b'H' b'F' b'H' b'F' b'F']
 [b'H' b'H' b'H' b'F' b'H' b'H' b'F' b'F' b'H' b'F']
 [b'H' b'H' b'H' b'H' b'H' b'F' b'F' b'F' b'H' b'H']
 [b'H' b'F' b'H' b'H' b'H' b'H' b'H' b'F' b'F' b'F']
 [b'H' b'F' b'H' b'H' b'H' b'H' b'F' b'H' b'F' b'G']]
Training  | Episode: 0/1000000  | Episode Reward: -41.5556 | Epsilon: 1.0000 | Goal reached: 0
[[0.00785693 0.00019    0.00371894 0.005494  ]
 [0.00560271 0.00090259 0.00253549 0.00207829]
 [0.         0.         0.         0.        ]
 [0.         0.         0.         0.        ]
 [0.         0.         0.         0.        ]
 [0.         0.         0.         0.        ]
 [0.         0.         0.         0.        ]
 [0.         0.         0.         0.        ]
 [0.         0.         0.         0.        ]
 [0.         0.         0.         0.        ]
 [0.         0.         0.         0.        ]
 [0.00203161 0.00591285 0.00729393 0.00684282]
 [0.00758813 0.0033102  0.00486489 0.00948107]
 [0.         0.         0.         0.        ]
 [0.         0.         0.         0.        ]
 [0.         0.         0.         0.        ]
 [0.         0.         0.         0.        ]
 [0.         0.         0.         0.        ]
 [0.         0.         0.         0.        ]
 [0.         0.         0.         0.        ]
 [0.         0.         0.         0.        ]
 [0.         0.         0.         0.        ]
 [0.         0.         0.         0.        ]
 [0.         0.         0.         0.        ]
 [0.         0.         0.         0.        ]
 [0.         0.         0.         0.        ]
 [0.         0.         0.         0.        ]
 [0.         0.         0.         0.        ]
 [0.         0.         0.         0.        ]
 [0.         0.         0.         0.        ]
 [0.         0.         0.         0.        ]
 [0.         0.         0.         0.        ]
 [0.         0.         0.         0.        ]
 [0.         0.         0.         0.        ]
 [0.         0.         0.         0.        ]
 [0.         0.         0.         0.        ]
 [0.         0.         0.         0.        ]
 [0.         0.         0.         0.        ]
 [0.         0.         0.         0.        ]
 [0.         0.         0.         0.        ]
 [0.         0.         0.         0.        ]
 [0.         0.         0.         0.        ]
 [0.         0.         0.         0.        ]
 [0.         0.         0.         0.        ]
 [0.         0.         0.         0.        ]
 [0.         0.         0.         0.        ]
 [0.         0.         0.         0.        ]
 [0.         0.         0.         0.        ]
 [0.         0.         0.         0.        ]
 [0.         0.         0.         0.        ]
 [0.         0.         0.         0.        ]
 [0.         0.         0.         0.        ]
 [0.         0.         0.         0.        ]
 [0.         0.         0.         0.        ]
 [0.         0.         0.         0.        ]
 [0.         0.         0.         0.        ]
 [0.         0.         0.         0.        ]
 [0.         0.         0.         0.        ]
 [0.         0.         0.         0.        ]
 [0.         0.         0.         0.        ]
 [0.         0.         0.         0.        ]
 [0.         0.         0.         0.        ]
 [0.         0.         0.         0.        ]
 [0.         0.         0.         0.        ]
 [0.         0.         0.         0.        ]
 [0.         0.         0.         0.        ]
 [0.         0.         0.         0.        ]
 [0.         0.         0.         0.        ]
 [0.         0.         0.         0.        ]
 [0.         0.         0.         0.        ]
 [0.         0.         0.         0.        ]
 [0.         0.         0.         0.        ]
 [0.         0.         0.         0.        ]
 [0.         0.         0.         0.        ]
 [0.         0.         0.         0.        ]
 [0.         0.         0.         0.        ]
 [0.         0.         0.         0.        ]
 [0.         0.         0.         0.        ]
 [0.         0.         0.         0.        ]
 [0.         0.         0.         0.        ]
 [0.         0.         0.         0.        ]
 [0.         0.         0.         0.        ]
 [0.         0.         0.         0.        ]
 [0.         0.         0.         0.        ]
 [0.         0.         0.         0.        ]
 [0.         0.         0.         0.        ]
 [0.         0.         0.         0.        ]
 [0.         0.         0.         0.        ]
 [0.         0.         0.         0.        ]
 [0.         0.         0.         0.        ]
 [0.         0.         0.         0.        ]
 [0.         0.         0.         0.        ]
 [0.         0.         0.         0.        ]
 [0.         0.         0.         0.        ]
 [0.         0.         0.         0.        ]
 [0.         0.         0.         0.        ]
 [0.         0.         0.         0.        ]
 [0.         0.         0.         0.        ]
 [0.         0.         0.         0.        ]
 [0.         0.         0.         0.        ]]
Training  | Episode: 10000/1000000  | Episode Reward: -57.2222 | Epsilon: 0.9753 | Goal reached: 0
Training  | Episode: 20000/1000000  | Episode Reward: -53.2222 | Epsilon: 0.9512 | Goal reached: 0
Training  | Episode: 30000/1000000  | Episode Reward: -114.2778 | Epsilon: 0.9277 | Goal reached: 0
Training  | Episode: 40000/1000000  | Episode Reward: -45.3889 | Epsilon: 0.9048 | Goal reached: 0
Training  | Episode: 50000/1000000  | Episode Reward: -47.2222 | Epsilon: 0.8825 | Goal reached: 0
Training  | Episode: 60000/1000000  | Episode Reward: -67.2222 | Epsilon: 0.8607 | Goal reached: 0
Training  | Episode: 70000/1000000  | Episode Reward: -45.3889 | Epsilon: 0.8395 | Goal reached: 0
Training  | Episode: 80000/1000000  | Episode Reward: -57.2222 | Epsilon: 0.8187 | Goal reached: 0
Training  | Episode: 90000/1000000  | Episode Reward: -65.7222 | Epsilon: 0.7985 | Goal reached: 0
Training  | Episode: 100000/1000000  | Episode Reward: -67.2222 | Epsilon: 0.7788 | Goal reached: 0
[[-30.8966198  -26.04769135 -24.12312698 -14.87235928]
 [-14.91514301 -22.78494835 -26.713974   -24.611063  ]
 [  0.           0.           0.           0.        ]
 [  0.           0.           0.           0.        ]
 [-18.42098427 -19.46129417 -16.55582237 -25.31643105]
 [  0.           0.           0.           0.        ]
 [  0.           0.           0.           0.        ]
 [  0.           0.           0.           0.        ]
 [  0.           0.           0.           0.        ]
 [  0.           0.           0.           0.        ]
 [  0.           0.           0.           0.        ]
 [-36.48877335 -33.14579773 -23.09843636 -25.12243462]
 [-34.51366806 -21.47071457 -26.66996574 -23.90279579]
 [-21.82472038  -9.82404327 -17.57987976 -19.91506577]
 [ -8.73238087 -16.09824371 -13.88226795 -16.60022926]
 [  0.           0.           0.           0.        ]
 [ -0.65825737  -0.99438161  -1.73452878  -4.39125729]
 [  0.           0.           0.           0.        ]
 [  0.           0.           0.           0.        ]
 [  0.           0.           0.           0.        ]
 [  0.           0.           0.           0.        ]
 [  0.           0.           0.           0.        ]
 [  0.           0.           0.           0.        ]
 [-17.27988243 -14.01388931  -7.29026031 -17.55661583]
 [-13.65092754 -12.3836031  -14.35683441  -5.86374998]
 [ -5.2522645   -1.86740339  -6.31118822  -7.16377878]
 [ -1.52287543  -2.84893441  -3.36607647  -1.92859256]
 [  0.           0.           0.           0.        ]
 [  0.           0.           0.           0.        ]
 [  0.           0.           0.           0.        ]
 [  0.           0.           0.           0.        ]
 [  0.           0.           0.           0.        ]
 [  0.           0.           0.           0.        ]
 [-10.11214733 -14.91751289  -7.87268734 -17.11925888]
 [  0.           0.           0.           0.        ]
 [ -1.48079228  -4.92143679  -2.77074289  -3.41519499]
 [  0.           0.           0.           0.        ]
 [  0.           0.           0.           0.        ]
 [  0.           0.           0.           0.        ]
 [  0.           0.           0.           0.        ]
 [  0.           0.           0.           0.        ]
 [  0.           0.           0.           0.        ]
 [  0.           0.           0.           0.        ]
 [ -4.30172205  -5.06156301  -4.13292837  -4.5657053 ]
 [  0.           0.           0.           0.        ]
 [ -0.11966904  -0.44920513  -0.56090438  -0.54616922]
 [  0.00746536   0.00250142   0.00153084   0.00624058]
 [  0.           0.           0.           0.        ]
 [  0.           0.           0.           0.        ]
 [  0.           0.           0.           0.        ]
 [  0.           0.           0.           0.        ]
 [  0.           0.           0.           0.        ]
 [  0.           0.           0.           0.        ]
 [ -0.99625814  -1.19889653  -1.2413497   -2.60077357]
 [  0.           0.           0.           0.        ]
 [  0.           0.           0.           0.        ]
 [  0.           0.           0.           0.        ]
 [  0.           0.           0.           0.        ]
 [  0.           0.           0.           0.        ]
 [  0.           0.           0.           0.        ]
 [  0.           0.           0.           0.        ]
 [  0.           0.           0.           0.        ]
 [  0.           0.           0.           0.        ]
 [ -0.10515493  -0.98723716   0.00745845  -0.2105557 ]
 [  0.           0.           0.           0.        ]
 [  0.           0.           0.           0.        ]
 [  0.           0.           0.           0.        ]
 [  0.           0.           0.           0.        ]
 [  0.           0.           0.           0.        ]
 [  0.           0.           0.           0.        ]
 [  0.           0.           0.           0.        ]
 [  0.           0.           0.           0.        ]
 [  0.           0.           0.           0.        ]
 [  0.           0.           0.           0.        ]
 [  0.           0.           0.           0.        ]
 [  0.           0.           0.           0.        ]
 [  0.           0.           0.           0.        ]
 [  0.           0.           0.           0.        ]
 [  0.           0.           0.           0.        ]
 [  0.           0.           0.           0.        ]
 [  0.           0.           0.           0.        ]
 [  0.           0.           0.           0.        ]
 [  0.           0.           0.           0.        ]
 [  0.           0.           0.           0.        ]
 [  0.           0.           0.           0.        ]
 [  0.           0.           0.           0.        ]
 [  0.           0.           0.           0.        ]
 [  0.           0.           0.           0.        ]
 [  0.           0.           0.           0.        ]
 [  0.           0.           0.           0.        ]
 [  0.           0.           0.           0.        ]
 [  0.           0.           0.           0.        ]
 [  0.           0.           0.           0.        ]
 [  0.           0.           0.           0.        ]
 [  0.           0.           0.           0.        ]
 [  0.           0.           0.           0.        ]
 [  0.           0.           0.           0.        ]
 [  0.           0.           0.           0.        ]
 [  0.           0.           0.           0.        ]
 [  0.           0.           0.           0.        ]]
Training  | Episode: 110000/1000000  | Episode Reward: -49.0556 | Epsilon: 0.7596 | Goal reached: 0
Training  | Episode: 120000/1000000  | Episode Reward: -57.2222 | Epsilon: 0.7408 | Goal reached: 0
Training  | Episode: 130000/1000000  | Episode Reward: -62.9444 | Epsilon: 0.7225 | Goal reached: 0
Training  | Episode: 140000/1000000  | Episode Reward: -87.2222 | Epsilon: 0.7047 | Goal reached: 0
Training  | Episode: 150000/1000000  | Episode Reward: -112.9444 | Epsilon: 0.6873 | Goal reached: 0
Training  | Episode: 160000/1000000  | Episode Reward: -75.3889 | Epsilon: 0.6703 | Goal reached: 0
Training  | Episode: 170000/1000000  | Episode Reward: -57.2222 | Epsilon: 0.6538 | Goal reached: 0
Training  | Episode: 180000/1000000  | Episode Reward: -58.1667 | Epsilon: 0.6376 | Goal reached: 0
Training  | Episode: 190000/1000000  | Episode Reward: -65.7222 | Epsilon: 0.6219 | Goal reached: 0
Training  | Episode: 200000/1000000  | Episode Reward: -47.2222 | Epsilon: 0.6065 | Goal reached: 0
[[-28.4192028  -25.40591431 -24.18163109 -15.87989998]
 [-15.40181541 -24.67285347 -22.80462646 -26.97908974]
 [  0.           0.           0.           0.        ]
 [  0.           0.           0.           0.        ]
 [-23.51897049 -28.57335281 -22.18408012 -32.98727036]
 [  0.           0.           0.           0.        ]
 [  0.           0.           0.           0.        ]
 [  0.           0.           0.           0.        ]
 [  0.           0.           0.           0.        ]
 [  0.           0.           0.           0.        ]
 [  0.           0.           0.           0.        ]
 [-36.319561   -33.15429688 -26.47942543 -26.43116951]
 [-35.12930679 -22.62485123 -29.17424965 -24.10723686]
 [-23.78622055 -11.46811104 -18.21886826 -21.17804337]
 [-10.67479134 -17.5021019  -15.80075264 -20.59366417]
 [  0.           0.           0.           0.        ]
 [ -4.47779608  -4.76044846  -5.10143614  -5.3171978 ]
 [  0.           0.           0.           0.        ]
 [  0.           0.           0.           0.        ]
 [  0.           0.           0.           0.        ]
 [  0.           0.           0.           0.        ]
 [  0.           0.           0.           0.        ]
 [  0.           0.           0.           0.        ]
 [-20.64688683 -18.28933907  -9.50628471 -19.34382439]
 [-15.90948009 -15.05221939 -16.77848053  -7.32293558]
 [ -8.4901247   -5.77266693 -11.29050159 -13.5096693 ]
 [ -6.12984848  -7.16152859  -9.40467739  -5.70177746]
 [  0.           0.           0.           0.        ]
 [  0.           0.           0.           0.        ]
 [  0.           0.           0.           0.        ]
 [  0.           0.           0.           0.        ]
 [  0.           0.           0.           0.        ]
 [  0.           0.           0.           0.        ]
 [-16.68715668 -24.4851017  -17.06175041 -24.5055275 ]
 [  0.           0.           0.           0.        ]
 [ -7.66758204 -10.80782509  -7.75960302  -8.4565506 ]
 [  0.           0.           0.           0.        ]
 [  0.           0.           0.           0.        ]
 [  0.           0.           0.           0.        ]
 [  0.           0.           0.           0.        ]
 [  0.           0.           0.           0.        ]
 [  0.           0.           0.           0.        ]
 [  0.           0.           0.           0.        ]
 [-10.70769119 -10.45419025  -9.78239536 -11.18690014]
 [  0.           0.           0.           0.        ]
 [ -2.69329691  -3.22402954  -2.89223218  -2.67859173]
 [ -0.49262637   0.00250142  -0.38729098   0.00624058]
 [  0.           0.           0.           0.        ]
 [  0.           0.           0.           0.        ]
 [  0.           0.           0.           0.        ]
 [  0.           0.           0.           0.        ]
 [  0.           0.           0.           0.        ]
 [  0.           0.           0.           0.        ]
 [ -4.53886127  -2.77756643  -2.69381356  -5.47554874]
 [  0.           0.           0.           0.        ]
 [  0.           0.           0.           0.        ]
 [  0.           0.           0.           0.        ]
 [  0.           0.           0.           0.        ]
 [  0.           0.           0.           0.        ]
 [  0.           0.           0.           0.        ]
 [  0.           0.           0.           0.        ]
 [  0.           0.           0.           0.        ]
 [  0.           0.           0.           0.        ]
 [ -1.72546184  -0.98723716  -0.55285275  -0.6772058 ]
 [  0.           0.           0.           0.        ]
 [  0.           0.           0.           0.        ]
 [  0.           0.           0.           0.        ]
 [  0.           0.           0.           0.        ]
 [  0.           0.           0.           0.        ]
 [  0.           0.           0.           0.        ]
 [  0.           0.           0.           0.        ]
 [  0.           0.           0.           0.        ]
 [  0.           0.           0.           0.        ]
 [  0.           0.           0.           0.        ]
 [  0.           0.           0.           0.        ]
 [  0.           0.           0.           0.        ]
 [  0.           0.           0.           0.        ]
 [  0.           0.           0.           0.        ]
 [  0.           0.           0.           0.        ]
 [  0.           0.           0.           0.        ]
 [  0.           0.           0.           0.        ]
 [  0.           0.           0.           0.        ]
 [  0.           0.           0.           0.        ]
 [  0.           0.           0.           0.        ]
 [  0.           0.           0.           0.        ]
 [  0.           0.           0.           0.        ]
 [  0.           0.           0.           0.        ]
 [  0.           0.           0.           0.        ]
 [  0.           0.           0.           0.        ]
 [  0.           0.           0.           0.        ]
 [  0.           0.           0.           0.        ]
 [  0.           0.           0.           0.        ]
 [  0.           0.           0.           0.        ]
 [  0.           0.           0.           0.        ]
 [  0.           0.           0.           0.        ]
 [  0.           0.           0.           0.        ]
 [  0.           0.           0.           0.        ]
 [  0.           0.           0.           0.        ]
 [  0.           0.           0.           0.        ]
 [  0.           0.           0.           0.        ]]
Training  | Episode: 210000/1000000  | Episode Reward: -74.8333 | Epsilon: 0.5916 | Goal reached: 0
Training  | Episode: 220000/1000000  | Episode Reward: -87.6111 | Epsilon: 0.5769 | Goal reached: 0
Training  | Episode: 230000/1000000  | Episode Reward: -65.3889 | Epsilon: 0.5627 | Goal reached: 0
Training  | Episode: 240000/1000000  | Episode Reward: -67.2222 | Epsilon: 0.5488 | Goal reached: 0
Training  | Episode: 250000/1000000  | Episode Reward: -47.2222 | Epsilon: 0.5353 | Goal reached: 0
Training  | Episode: 260000/1000000  | Episode Reward: -74.8889 | Epsilon: 0.5220 | Goal reached: 0
Training  | Episode: 270000/1000000  | Episode Reward: -47.2222 | Epsilon: 0.5092 | Goal reached: 0
Training  | Episode: 280000/1000000  | Episode Reward: -137.2222 | Epsilon: 0.4966 | Goal reached: 0
Training  | Episode: 290000/1000000  | Episode Reward: -67.3889 | Epsilon: 0.4843 | Goal reached: 0
Training  | Episode: 300000/1000000  | Episode Reward: -105.4444 | Epsilon: 0.4724 | Goal reached: 0
[[-26.4336853  -25.30551147 -24.48284531 -15.5425024 ]
 [-15.74220848 -24.79405785 -23.93613815 -27.31065178]
 [  0.           0.           0.           0.        ]
 [  0.           0.           0.           0.        ]
 [-23.25730896 -28.41874504 -24.50166702 -32.88776398]
 [  0.           0.           0.           0.        ]
 [  0.           0.           0.           0.        ]
 [  0.           0.           0.           0.        ]
 [  0.           0.           0.           0.        ]
 [  0.           0.           0.           0.        ]
 [  0.           0.           0.           0.        ]
 [-34.07694244 -36.51991272 -24.0308857  -25.92816925]
 [-34.06480789 -21.69683075 -30.78229141 -26.03568077]
 [-24.34764099 -11.0082283  -18.96854401 -22.05427551]
 [-11.32446098 -16.93621826 -16.54568863 -19.92786026]
 [  0.           0.           0.           0.        ]
 [ -9.44637775  -9.72925758 -10.9627037   -9.56789684]
 [  0.           0.           0.           0.        ]
 [  0.           0.           0.           0.        ]
 [  0.           0.           0.           0.        ]
 [  0.           0.           0.           0.        ]
 [  0.           0.           0.           0.        ]
 [  0.           0.           0.           0.        ]
 [-19.52813911 -20.12273216  -9.8209219  -17.8645134 ]
 [-17.02547264 -17.29964447 -14.02696896  -8.72016144]
 [-15.75059795  -7.93806219 -15.18731689 -15.00128555]
 [-10.18581963 -11.83690262 -13.03089142 -10.4032259 ]
 [  0.           0.           0.           0.        ]
 [  0.           0.           0.           0.        ]
 [  0.           0.           0.           0.        ]
 [  0.           0.           0.           0.        ]
 [  0.           0.           0.           0.        ]
 [  0.           0.           0.           0.        ]
 [-18.38413239 -23.76530838 -16.37283325 -26.47330475]
 [  0.           0.           0.           0.        ]
 [-12.40256596 -13.63357449 -11.85462475 -13.02322578]
 [  0.           0.           0.           0.        ]
 [  0.           0.           0.           0.        ]
 [  0.           0.           0.           0.        ]
 [  0.           0.           0.           0.        ]
 [  0.           0.           0.           0.        ]
 [  0.           0.           0.           0.        ]
 [  0.           0.           0.           0.        ]
 [-15.59808159 -18.57906532 -14.55306339 -17.84564781]
 [  0.           0.           0.           0.        ]
 [ -5.80855989  -6.12565899  -5.46019697  -5.35050726]
 [ -1.52815962  -1.53865659  -1.5924319   -1.4641571 ]
 [  0.           0.           0.           0.        ]
 [  0.           0.           0.           0.        ]
 [  0.           0.           0.           0.        ]
 [  0.           0.           0.           0.        ]
 [  0.           0.           0.           0.        ]
 [  0.           0.           0.           0.        ]
 [ -7.26797819  -7.36131382  -7.04643488  -9.2091732 ]
 [  0.           0.           0.           0.        ]
 [  0.           0.           0.           0.        ]
 [ -0.43616745  -0.00091713  -0.32491565  -0.08701167]
 [  0.           0.           0.           0.        ]
 [  0.           0.           0.           0.        ]
 [  0.           0.           0.           0.        ]
 [  0.           0.           0.           0.        ]
 [  0.           0.           0.           0.        ]
 [  0.           0.           0.           0.        ]
 [ -3.5164001   -3.61382961  -3.44543934  -3.56010771]
 [  0.           0.           0.           0.        ]
 [  0.           0.           0.           0.        ]
 [  0.00103504   0.00046365  -0.07241026   0.00199327]
 [  0.00318092   0.00778598  -0.32389954   0.00559664]
 [  0.           0.           0.           0.        ]
 [  0.           0.           0.           0.        ]
 [  0.           0.           0.           0.        ]
 [  0.           0.           0.           0.        ]
 [  0.           0.           0.           0.        ]
 [  0.           0.           0.           0.        ]
 [  0.           0.           0.           0.        ]
 [  0.           0.           0.           0.        ]
 [  0.           0.           0.           0.        ]
 [  0.           0.           0.           0.        ]
 [  0.           0.           0.           0.        ]
 [  0.           0.           0.           0.        ]
 [  0.           0.           0.           0.        ]
 [  0.           0.           0.           0.        ]
 [  0.           0.           0.           0.        ]
 [  0.           0.           0.           0.        ]
 [  0.           0.           0.           0.        ]
 [  0.           0.           0.           0.        ]
 [  0.           0.           0.           0.        ]
 [  0.           0.           0.           0.        ]
 [  0.           0.           0.           0.        ]
 [  0.           0.           0.           0.        ]
 [  0.           0.           0.           0.        ]
 [  0.           0.           0.           0.        ]
 [  0.           0.           0.           0.        ]
 [  0.           0.           0.           0.        ]
 [  0.           0.           0.           0.        ]
 [  0.           0.           0.           0.        ]
 [  0.           0.           0.           0.        ]
 [  0.           0.           0.           0.        ]
 [  0.           0.           0.           0.        ]
 [  0.           0.           0.           0.        ]]
Training  | Episode: 310000/1000000  | Episode Reward: -67.2222 | Epsilon: 0.4607 | Goal reached: 0
Training  | Episode: 320000/1000000  | Episode Reward: -53.5000 | Epsilon: 0.4493 | Goal reached: 0
Training  | Episode: 330000/1000000  | Episode Reward: -95.9444 | Epsilon: 0.4382 | Goal reached: 0
Training  | Episode: 340000/1000000  | Episode Reward: -69.0556 | Epsilon: 0.4274 | Goal reached: 0
Training  | Episode: 350000/1000000  | Episode Reward: -101.8333 | Epsilon: 0.4169 | Goal reached: 0
Training  | Episode: 360000/1000000  | Episode Reward: -57.2222 | Epsilon: 0.4066 | Goal reached: 0
Training  | Episode: 370000/1000000  | Episode Reward: -57.2222 | Epsilon: 0.3965 | Goal reached: 0
Training  | Episode: 380000/1000000  | Episode Reward: -48.1667 | Epsilon: 0.3867 | Goal reached: 0
Training  | Episode: 390000/1000000  | Episode Reward: -276.8333 | Epsilon: 0.3772 | Goal reached: 0
Training  | Episode: 400000/1000000  | Episode Reward: -57.2222 | Epsilon: 0.3679 | Goal reached: 0
[[-30.25608063 -26.85016823 -29.39995384 -15.55625343]
 [-15.48435402 -23.15891647 -23.83639526 -27.85238457]
 [  0.           0.           0.           0.        ]
 [  0.           0.           0.           0.        ]
 [-25.05470467 -29.97374916 -21.26358604 -31.51225662]
 [  0.           0.           0.           0.        ]
 [  0.           0.           0.           0.        ]
 [  0.           0.           0.           0.        ]
 [  0.           0.           0.           0.        ]
 [  0.           0.           0.           0.        ]
 [  0.           0.           0.           0.        ]
 [-37.26609039 -34.8685379  -23.74386024 -24.49183655]
 [-34.86848831 -23.28269005 -31.80122375 -25.86824226]
 [-20.20773697 -10.63519192 -19.59118462 -23.06350708]
 [-11.58928299 -15.58022308 -17.76727486 -19.85639572]
 [  0.           0.           0.           0.        ]
 [-16.32546043 -16.47834778 -16.38870239 -16.31780243]
 [  0.           0.           0.           0.        ]
 [  0.           0.           0.           0.        ]
 [  0.           0.           0.           0.        ]
 [  0.           0.           0.           0.        ]
 [  0.           0.           0.           0.        ]
 [  0.           0.           0.           0.        ]
 [-22.48119164 -18.59022522 -10.09780216 -19.44983292]
 [-17.11334229 -14.40667057 -15.29021835  -8.84362507]
 [-17.59003258  -9.42505074 -14.94920254 -16.06365204]
 [-14.78412151 -15.25698757 -15.90186501 -13.47794151]
 [  0.           0.           0.           0.        ]
 [  0.           0.           0.           0.        ]
 [  0.           0.           0.           0.        ]
 [  0.           0.           0.           0.        ]
 [  0.           0.           0.           0.        ]
 [  0.           0.           0.           0.        ]
 [-18.25226212 -23.14510727 -17.28237915 -24.51899529]
 [  0.           0.           0.           0.        ]
 [-14.24607754 -17.71375656 -13.39334965 -19.26557541]
 [  0.           0.           0.           0.        ]
 [  0.           0.           0.           0.        ]
 [  0.           0.           0.           0.        ]
 [  0.           0.           0.           0.        ]
 [  0.           0.           0.           0.        ]
 [  0.           0.           0.           0.        ]
 [  0.           0.           0.           0.        ]
 [-20.15026474 -20.00054169 -16.67718506 -21.72414589]
 [  0.           0.           0.           0.        ]
 [ -9.36788559  -9.05700684  -8.76541805  -9.17958164]
 [ -3.91961884  -3.71231651  -3.57376647  -3.62178946]
 [  0.           0.           0.           0.        ]
 [  0.           0.           0.           0.        ]
 [  0.           0.           0.           0.        ]
 [  0.           0.           0.           0.        ]
 [  0.           0.           0.           0.        ]
 [  0.           0.           0.           0.        ]
 [-12.25396919 -12.46053028 -12.04588223 -12.67868042]
 [  0.           0.           0.           0.        ]
 [  0.           0.           0.           0.        ]
 [ -0.87179244  -0.83358204  -0.43893427  -0.64361703]
 [  0.           0.           0.           0.        ]
 [  0.           0.           0.           0.        ]
 [  0.           0.           0.           0.        ]
 [  0.           0.           0.           0.        ]
 [  0.           0.           0.           0.        ]
 [  0.           0.           0.           0.        ]
 [ -7.01611042  -6.81574726  -6.31460476  -6.40890026]
 [  0.           0.           0.           0.        ]
 [  0.           0.           0.           0.        ]
 [  0.00103504   0.00046365  -0.07241026   0.00199327]
 [  0.00318092   0.00778598  -0.32389954   0.00559664]
 [  0.           0.           0.           0.        ]
 [  0.           0.           0.           0.        ]
 [  0.           0.           0.           0.        ]
 [  0.           0.           0.           0.        ]
 [  0.           0.           0.           0.        ]
 [  0.           0.           0.           0.        ]
 [  0.           0.           0.           0.        ]
 [  0.           0.           0.           0.        ]
 [  0.           0.           0.           0.        ]
 [  0.           0.           0.           0.        ]
 [  0.           0.           0.           0.        ]
 [  0.           0.           0.           0.        ]
 [  0.           0.           0.           0.        ]
 [  0.           0.           0.           0.        ]
 [  0.           0.           0.           0.        ]
 [  0.           0.           0.           0.        ]
 [  0.           0.           0.           0.        ]
 [  0.           0.           0.           0.        ]
 [  0.           0.           0.           0.        ]
 [  0.           0.           0.           0.        ]
 [  0.           0.           0.           0.        ]
 [  0.           0.           0.           0.        ]
 [  0.           0.           0.           0.        ]
 [  0.           0.           0.           0.        ]
 [  0.           0.           0.           0.        ]
 [  0.           0.           0.           0.        ]
 [  0.           0.           0.           0.        ]
 [  0.           0.           0.           0.        ]
 [  0.           0.           0.           0.        ]
 [  0.           0.           0.           0.        ]
 [  0.           0.           0.           0.        ]
 [  0.           0.           0.           0.        ]]
Training  | Episode: 410000/1000000  | Episode Reward: -47.2222 | Epsilon: 0.3588 | Goal reached: 0
Training  | Episode: 420000/1000000  | Episode Reward: -45.3889 | Epsilon: 0.3499 | Goal reached: 0
Training  | Episode: 430000/1000000  | Episode Reward: -145.7222 | Epsilon: 0.3413 | Goal reached: 0
Training  | Episode: 440000/1000000  | Episode Reward: -83.7222 | Epsilon: 0.3329 | Goal reached: 0
Training  | Episode: 450000/1000000  | Episode Reward: -152.3889 | Epsilon: 0.3247 | Goal reached: 0
Training  | Episode: 460000/1000000  | Episode Reward: -47.2222 | Epsilon: 0.3166 | Goal reached: 0
Training  | Episode: 470000/1000000  | Episode Reward: -188.7778 | Epsilon: 0.3088 | Goal reached: 0
Training  | Episode: 480000/1000000  | Episode Reward: -63.5000 | Epsilon: 0.3012 | Goal reached: 0
Training  | Episode: 490000/1000000  | Episode Reward: -135.5000 | Epsilon: 0.2938 | Goal reached: 0
Training  | Episode: 500000/1000000  | Episode Reward: -45.3889 | Epsilon: 0.2865 | Goal reached: 0
[[-28.49399185 -26.63812828 -27.12440872 -15.40312481]
 [-16.1662178  -23.64990807 -28.21171379 -23.9792881 ]
 [  0.           0.           0.           0.        ]
 [  0.           0.           0.           0.        ]
 [-24.56425667 -29.56666946 -24.8909874  -31.31606483]
 [  0.           0.           0.           0.        ]
 [  0.           0.           0.           0.        ]
 [  0.           0.           0.           0.        ]
 [  0.           0.           0.           0.        ]
 [  0.           0.           0.           0.        ]
 [  0.           0.           0.           0.        ]
 [-34.70040512 -35.35480881 -23.49279404 -26.76861191]
 [-34.55958557 -21.15625763 -30.45678902 -23.28891945]
 [-24.32183266 -12.09557247 -18.08241463 -22.60302734]
 [-11.89114094 -19.29295921 -17.84157372 -21.43964577]
 [  0.           0.           0.           0.        ]
 [-21.45039749 -21.29268646 -21.71033859 -21.89224434]
 [  0.           0.           0.           0.        ]
 [  0.           0.           0.           0.        ]
 [  0.           0.           0.           0.        ]
 [  0.           0.           0.           0.        ]
 [  0.           0.           0.           0.        ]
 [  0.           0.           0.           0.        ]
 [-20.40517807 -18.92161179 -10.14566994 -20.24979591]
 [-18.68363953 -16.81922531 -14.63288498  -8.33106136]
 [-17.27956581  -9.65813923 -17.24262619 -16.52632904]
 [-16.11196136 -17.77827644 -18.08085251 -16.62000084]
 [  0.           0.           0.           0.        ]
 [  0.           0.           0.           0.        ]
 [  0.           0.           0.           0.        ]
 [  0.           0.           0.           0.        ]
 [  0.           0.           0.           0.        ]
 [  0.           0.           0.           0.        ]
 [-18.81702232 -26.48269844 -17.11210632 -25.45145988]
 [  0.           0.           0.           0.        ]
 [-16.47824287 -19.06414604 -15.4727869  -20.03018188]
 [  0.           0.           0.           0.        ]
 [  0.           0.           0.           0.        ]
 [  0.           0.           0.           0.        ]
 [  0.           0.           0.           0.        ]
 [  0.           0.           0.           0.        ]
 [  0.           0.           0.           0.        ]
 [  0.           0.           0.           0.        ]
 [-19.95452118 -21.30959702 -16.49841499 -24.00518417]
 [  0.           0.           0.           0.        ]
 [-12.37539959 -12.29873943 -11.92635441 -12.36618805]
 [ -5.73012352  -5.37295866  -5.66834021  -6.52885532]
 [  0.           0.           0.           0.        ]
 [  0.           0.           0.           0.        ]
 [  0.           0.           0.           0.        ]
 [  0.           0.           0.           0.        ]
 [  0.           0.           0.           0.        ]
 [  0.           0.           0.           0.        ]
 [-14.86905766 -16.16028214 -14.81144905 -15.16310787]
 [  0.           0.           0.           0.        ]
 [  0.           0.           0.           0.        ]
 [ -1.08731246  -1.46040702  -1.02394652  -1.18631101]
 [  0.           0.           0.           0.        ]
 [  0.           0.           0.           0.        ]
 [  0.           0.           0.           0.        ]
 [  0.           0.           0.           0.        ]
 [  0.           0.           0.           0.        ]
 [  0.           0.           0.           0.        ]
 [-10.35066223 -10.39574051 -10.32409859 -10.17637634]
 [  0.           0.           0.           0.        ]
 [  0.           0.           0.           0.        ]
 [ -0.08348722  -0.39383546  -0.07241026  -0.08788752]
 [  0.00318092  -0.21449834  -0.32389954   0.00559664]
 [  0.           0.           0.           0.        ]
 [  0.           0.           0.           0.        ]
 [  0.           0.           0.           0.        ]
 [  0.           0.           0.           0.        ]
 [  0.           0.           0.           0.        ]
 [  0.           0.           0.           0.        ]
 [  0.           0.           0.           0.        ]
 [  0.           0.           0.           0.        ]
 [  0.00110336   0.00205336   0.00226664   0.00078227]
 [  0.           0.           0.           0.        ]
 [  0.           0.           0.           0.        ]
 [  0.           0.           0.           0.        ]
 [  0.           0.           0.           0.        ]
 [  0.           0.           0.           0.        ]
 [  0.           0.           0.           0.        ]
 [  0.           0.           0.           0.        ]
 [  0.           0.           0.           0.        ]
 [  0.           0.           0.           0.        ]
 [  0.           0.           0.           0.        ]
 [  0.           0.           0.           0.        ]
 [  0.           0.           0.           0.        ]
 [  0.           0.           0.           0.        ]
 [  0.           0.           0.           0.        ]
 [  0.           0.           0.           0.        ]
 [  0.           0.           0.           0.        ]
 [  0.           0.           0.           0.        ]
 [  0.           0.           0.           0.        ]
 [  0.           0.           0.           0.        ]
 [  0.           0.           0.           0.        ]
 [  0.           0.           0.           0.        ]
 [  0.           0.           0.           0.        ]
 [  0.           0.           0.           0.        ]]
Training  | Episode: 510000/1000000  | Episode Reward: -72.9444 | Epsilon: 0.2794 | Goal reached: 0
Training  | Episode: 520000/1000000  | Episode Reward: -49.0556 | Epsilon: 0.2725 | Goal reached: 0
Training  | Episode: 530000/1000000  | Episode Reward: -112.5000 | Epsilon: 0.2658 | Goal reached: 0
Training  | Episode: 540000/1000000  | Episode Reward: -43.5000 | Epsilon: 0.2592 | Goal reached: 0
Training  | Episode: 550000/1000000  | Episode Reward: -144.8889 | Epsilon: 0.2528 | Goal reached: 0
Training  | Episode: 560000/1000000  | Episode Reward: -109.0556 | Epsilon: 0.2466 | Goal reached: 0
Training  | Episode: 570000/1000000  | Episode Reward: -104.0556 | Epsilon: 0.2405 | Goal reached: 0
Training  | Episode: 580000/1000000  | Episode Reward: -59.0556 | Epsilon: 0.2346 | Goal reached: 0
Training  | Episode: 590000/1000000  | Episode Reward: -105.3889 | Epsilon: 0.2288 | Goal reached: 0
Training  | Episode: 600000/1000000  | Episode Reward: -43.5000 | Epsilon: 0.2231 | Goal reached: 0
[[-26.02918434 -25.25278473 -25.00141335 -16.57734871]
 [-16.27133751 -24.13633919 -25.23940659 -27.26783371]
 [  0.           0.           0.           0.        ]
 [  0.           0.           0.           0.        ]
 [-25.12948608 -28.58865929 -24.46520805 -32.31877136]
 [  0.           0.           0.           0.        ]
 [  0.           0.           0.           0.        ]
 [  0.           0.           0.           0.        ]
 [  0.           0.           0.           0.        ]
 [  0.           0.           0.           0.        ]
 [  0.           0.           0.           0.        ]
 [-36.83155823 -32.22236633 -24.3901062  -28.39966965]
 [-35.99689102 -24.54203033 -30.60615349 -24.83669662]
 [-21.90619278 -10.67696095 -20.91928673 -21.05134773]
 [-11.5302372  -18.45541191 -19.15208817 -20.61352539]
 [  0.           0.           0.           0.        ]
 [-24.64943504 -24.32873154 -23.48619461 -24.36194801]
 [  0.           0.           0.           0.        ]
 [  0.           0.           0.           0.        ]
 [  0.           0.           0.           0.        ]
 [  0.           0.           0.           0.        ]
 [  0.           0.           0.           0.        ]
 [  0.           0.           0.           0.        ]
 [-20.30835533 -18.48232079 -10.50096798 -22.15431595]
 [-17.20545769 -16.0944519  -17.34511948  -9.15493011]
 [-19.07387733  -9.55570602 -17.07503128 -19.94964409]
 [-16.84268951 -18.75669098 -19.58885193 -17.12047958]
 [  0.           0.           0.           0.        ]
 [  0.           0.           0.           0.        ]
 [  0.           0.           0.           0.        ]
 [  0.           0.           0.           0.        ]
 [  0.           0.           0.           0.        ]
 [  0.           0.           0.           0.        ]
 [-20.87959862 -24.32706642 -19.58177948 -25.38416862]
 [  0.           0.           0.           0.        ]
 [-17.32898331 -18.36065483 -14.10539722 -22.19694519]
 [  0.           0.           0.           0.        ]
 [  0.           0.           0.           0.        ]
 [  0.           0.           0.           0.        ]
 [  0.           0.           0.           0.        ]
 [  0.           0.           0.           0.        ]
 [  0.           0.           0.           0.        ]
 [  0.           0.           0.           0.        ]
 [-17.78441811 -24.0016613  -15.98735046 -26.06562996]
 [  0.           0.           0.           0.        ]
 [-14.06061935 -14.50751972 -14.07950115 -14.32020664]
 [ -8.14353943  -7.97115135  -8.08529282  -8.30632687]
 [  0.           0.           0.           0.        ]
 [  0.           0.           0.           0.        ]
 [  0.           0.           0.           0.        ]
 [  0.           0.           0.           0.        ]
 [  0.           0.           0.           0.        ]
 [  0.           0.           0.           0.        ]
 [-16.78269196 -17.69879723 -15.44528866 -19.62517357]
 [  0.           0.           0.           0.        ]
 [  0.           0.           0.           0.        ]
 [ -1.84331656  -1.85424507  -1.739694    -2.71229553]
 [  0.           0.           0.           0.        ]
 [  0.           0.           0.           0.        ]
 [  0.           0.           0.           0.        ]
 [  0.           0.           0.           0.        ]
 [  0.           0.           0.           0.        ]
 [  0.           0.           0.           0.        ]
 [-14.4943037  -14.39596653 -14.26451874 -14.25166225]
 [  0.           0.           0.           0.        ]
 [  0.           0.           0.           0.        ]
 [ -0.52346396  -0.76485598  -0.22804739  -0.57593906]
 [ -0.33013263  -0.27788067  -0.32389954  -0.2166439 ]
 [  0.           0.           0.           0.        ]
 [  0.           0.           0.           0.        ]
 [  0.           0.           0.           0.        ]
 [  0.           0.           0.           0.        ]
 [  0.           0.           0.           0.        ]
 [  0.           0.           0.           0.        ]
 [  0.           0.           0.           0.        ]
 [  0.           0.           0.           0.        ]
 [ -0.06638993   0.00205336  -0.0644806    0.00078227]
 [  0.00105635   0.00508597  -0.16191666   0.0019823 ]
 [  0.           0.           0.           0.        ]
 [  0.           0.           0.           0.        ]
 [  0.           0.           0.           0.        ]
 [  0.           0.           0.           0.        ]
 [  0.           0.           0.           0.        ]
 [  0.           0.           0.           0.        ]
 [  0.           0.           0.           0.        ]
 [  0.           0.           0.           0.        ]
 [  0.           0.           0.           0.        ]
 [  0.           0.           0.           0.        ]
 [  0.           0.           0.           0.        ]
 [  0.           0.           0.           0.        ]
 [  0.           0.           0.           0.        ]
 [  0.           0.           0.           0.        ]
 [  0.           0.           0.           0.        ]
 [  0.           0.           0.           0.        ]
 [  0.           0.           0.           0.        ]
 [  0.           0.           0.           0.        ]
 [  0.           0.           0.           0.        ]
 [  0.           0.           0.           0.        ]
 [  0.           0.           0.           0.        ]
 [  0.           0.           0.           0.        ]]
Training  | Episode: 610000/1000000  | Episode Reward: -189.8889 | Epsilon: 0.2176 | Goal reached: 0
Training  | Episode: 620000/1000000  | Episode Reward: -57.2222 | Epsilon: 0.2122 | Goal reached: 0
Training  | Episode: 630000/1000000  | Episode Reward: -103.2222 | Epsilon: 0.2070 | Goal reached: 0
Training  | Episode: 640000/1000000  | Episode Reward: -77.9444 | Epsilon: 0.2019 | Goal reached: 0
Training  | Episode: 650000/1000000  | Episode Reward: -67.2222 | Epsilon: 0.1969 | Goal reached: 0
Training  | Episode: 660000/1000000  | Episode Reward: -172.3889 | Epsilon: 0.1920 | Goal reached: 0
Training  | Episode: 670000/1000000  | Episode Reward: -62.3889 | Epsilon: 0.1873 | Goal reached: 0
Training  | Episode: 680000/1000000  | Episode Reward: -201.2778 | Epsilon: 0.1827 | Goal reached: 0
Training  | Episode: 690000/1000000  | Episode Reward: -47.2222 | Epsilon: 0.1782 | Goal reached: 0
Training  | Episode: 700000/1000000  | Episode Reward: -100.1667 | Epsilon: 0.1738 | Goal reached: 0
[[-25.73953247 -28.33283424 -24.35736084 -16.93198776]
 [-16.6173439  -25.96681023 -27.13031769 -27.30670547]
 [  0.           0.           0.           0.        ]
 [  0.           0.           0.           0.        ]
 [-26.31273842 -30.212286   -23.92287827 -34.1159935 ]
 [  0.           0.           0.           0.        ]
 [  0.           0.           0.           0.        ]
 [  0.           0.           0.           0.        ]
 [  0.           0.           0.           0.        ]
 [  0.           0.           0.           0.        ]
 [  0.           0.           0.           0.        ]
 [-34.37595749 -35.7808075  -23.86408615 -27.24141693]
 [-34.07322693 -22.40513802 -29.26808548 -25.93465042]
 [-22.64376259 -12.32833767 -20.43110847 -23.62919044]
 [-12.28781319 -15.98530865 -20.30307007 -21.48435593]
 [  0.           0.           0.           0.        ]
 [-26.35575294 -25.66094398 -25.24859238 -27.19118881]
 [  0.           0.           0.           0.        ]
 [  0.           0.           0.           0.        ]
 [  0.           0.           0.           0.        ]
 [  0.           0.           0.           0.        ]
 [  0.           0.           0.           0.        ]
 [  0.           0.           0.           0.        ]
 [-21.09840393 -22.1717453  -11.24950695 -20.66951942]
 [-18.30096245 -17.71612167 -15.74102783 -10.29359531]
 [-19.96520805 -10.1952486  -16.47735786 -17.27504539]
 [-16.11964607 -19.46434784 -19.68910027 -17.78092384]
 [  0.           0.           0.           0.        ]
 [  0.           0.           0.           0.        ]
 [  0.           0.           0.           0.        ]
 [  0.           0.           0.           0.        ]
 [  0.           0.           0.           0.        ]
 [  0.           0.           0.           0.        ]
 [-19.49742126 -24.6926651  -20.13913345 -25.16595268]
 [  0.           0.           0.           0.        ]
 [-17.50105667 -19.34098244 -15.48500919 -22.62727547]
 [  0.           0.           0.           0.        ]
 [  0.           0.           0.           0.        ]
 [  0.           0.           0.           0.        ]
 [  0.           0.           0.           0.        ]
 [  0.           0.           0.           0.        ]
 [  0.           0.           0.           0.        ]
 [  0.           0.           0.           0.        ]
 [-20.63621521 -23.19073868 -16.14256287 -25.87342834]
 [  0.           0.           0.           0.        ]
 [-16.00951576 -15.31525707 -14.57333755 -15.22479343]
 [-10.36370659 -10.07852554 -10.39216423 -10.60026741]
 [  0.           0.           0.           0.        ]
 [  0.           0.           0.           0.        ]
 [  0.           0.           0.           0.        ]
 [  0.           0.           0.           0.        ]
 [  0.           0.           0.           0.        ]
 [  0.           0.           0.           0.        ]
 [-18.9693737  -18.36428833 -15.12662411 -21.06388664]
 [  0.           0.           0.           0.        ]
 [  0.           0.           0.           0.        ]
 [ -3.22148657  -3.44283414  -3.15616083  -3.24173784]
 [  0.           0.           0.           0.        ]
 [  0.           0.           0.           0.        ]
 [  0.           0.           0.           0.        ]
 [  0.           0.           0.           0.        ]
 [  0.           0.           0.           0.        ]
 [  0.           0.           0.           0.        ]
 [-17.89147377 -17.6530571  -17.69555473 -17.55377769]
 [  0.           0.           0.           0.        ]
 [  0.           0.           0.           0.        ]
 [ -0.52346396  -0.76485598  -0.5677346   -0.57593906]
 [ -0.36798006  -0.31560692  -0.32389954  -0.27981257]
 [  0.           0.           0.           0.        ]
 [  0.           0.           0.           0.        ]
 [  0.           0.           0.           0.        ]
 [  0.           0.           0.           0.        ]
 [  0.           0.           0.           0.        ]
 [  0.           0.           0.           0.        ]
 [  0.           0.           0.           0.        ]
 [  0.           0.           0.           0.        ]
 [ -0.06638993  -0.22016777  -0.0644806   -0.06910627]
 [ -0.05666737  -0.03701627  -0.16191666  -0.05641103]
 [  0.           0.           0.           0.        ]
 [  0.           0.           0.           0.        ]
 [  0.           0.           0.           0.        ]
 [  0.           0.           0.           0.        ]
 [  0.           0.           0.           0.        ]
 [  0.           0.           0.           0.        ]
 [  0.           0.           0.           0.        ]
 [  0.           0.           0.           0.        ]
 [  0.           0.           0.           0.        ]
 [  0.00411703   0.00565051  -0.03764341   0.0001236 ]
 [  0.           0.           0.           0.        ]
 [  0.           0.           0.           0.        ]
 [  0.           0.           0.           0.        ]
 [  0.           0.           0.           0.        ]
 [  0.           0.           0.           0.        ]
 [  0.           0.           0.           0.        ]
 [  0.           0.           0.           0.        ]
 [  0.           0.           0.           0.        ]
 [  0.           0.           0.           0.        ]
 [  0.           0.           0.           0.        ]
 [  0.           0.           0.           0.        ]
 [  0.           0.           0.           0.        ]]
Training  | Episode: 710000/1000000  | Episode Reward: -170.1111 | Epsilon: 0.1695 | Goal reached: 0
Training  | Episode: 720000/1000000  | Episode Reward: -118.7778 | Epsilon: 0.1653 | Goal reached: 0
Training  | Episode: 730000/1000000  | Episode Reward: -61.0556 | Epsilon: 0.1612 | Goal reached: 0
Training  | Episode: 740000/1000000  | Episode Reward: -114.2778 | Epsilon: 0.1572 | Goal reached: 0
Training  | Episode: 750000/1000000  | Episode Reward: -186.5000 | Epsilon: 0.1534 | Goal reached: 0
Training  | Episode: 760000/1000000  | Episode Reward: -101.2778 | Epsilon: 0.1496 | Goal reached: 0
Training  | Episode: 770000/1000000  | Episode Reward: -208.7778 | Epsilon: 0.1459 | Goal reached: 0
Training  | Episode: 780000/1000000  | Episode Reward: -170.4444 | Epsilon: 0.1423 | Goal reached: 0
Training  | Episode: 790000/1000000  | Episode Reward: -49.0556 | Epsilon: 0.1388 | Goal reached: 0
Training  | Episode: 800000/1000000  | Episode Reward: -64.8889 | Epsilon: 0.1353 | Goal reached: 0
[[-26.92230225 -25.62773514 -27.38592148 -16.7098484 ]
 [-17.08673286 -24.19986343 -25.50666237 -27.15321541]
 [  0.           0.           0.           0.        ]
 [  0.           0.           0.           0.        ]
 [-24.27523994 -30.65683746 -23.07732201 -31.70273972]
 [  0.           0.           0.           0.        ]
 [  0.           0.           0.           0.        ]
 [  0.           0.           0.           0.        ]
 [  0.           0.           0.           0.        ]
 [  0.           0.           0.           0.        ]
 [  0.           0.           0.           0.        ]
 [-34.92166901 -32.74054718 -27.34557152 -25.45829773]
 [-32.66912079 -24.24028206 -28.41505814 -25.44766617]
 [-21.5681572  -11.72846413 -20.01596451 -22.00724602]
 [-11.48008442 -18.82563782 -18.54039383 -21.38784981]
 [  0.           0.           0.           0.        ]
 [-26.28638268 -25.85538483 -24.69081497 -28.51048851]
 [  0.           0.           0.           0.        ]
 [  0.           0.           0.           0.        ]
 [  0.           0.           0.           0.        ]
 [  0.           0.           0.           0.        ]
 [  0.           0.           0.           0.        ]
 [  0.           0.           0.           0.        ]
 [-18.95480728 -17.70467186 -10.62573814 -19.90453148]
 [-16.57645035 -18.08005905 -16.2943821   -9.49719334]
 [-17.94861984  -9.91938877 -19.27260208 -18.93235779]
 [-17.87369156 -20.14875603 -20.6762619  -16.59950638]
 [  0.           0.           0.           0.        ]
 [  0.           0.           0.           0.        ]
 [  0.           0.           0.           0.        ]
 [  0.           0.           0.           0.        ]
 [  0.           0.           0.           0.        ]
 [  0.           0.           0.           0.        ]
 [-22.19922256 -24.76670837 -17.5707283  -25.21700287]
 [  0.           0.           0.           0.        ]
 [-17.7595768  -21.38493347 -14.17706966 -22.57958984]
 [  0.           0.           0.           0.        ]
 [  0.           0.           0.           0.        ]
 [  0.           0.           0.           0.        ]
 [  0.           0.           0.           0.        ]
 [  0.           0.           0.           0.        ]
 [  0.           0.           0.           0.        ]
 [  0.           0.           0.           0.        ]
 [-20.08597183 -22.95799637 -16.35549927 -25.22930527]
 [  0.           0.           0.           0.        ]
 [-17.36502075 -17.58383369 -14.09516144 -14.82154751]
 [-12.65474701 -12.59856415 -12.75529194 -12.68630791]
 [  0.           0.           0.           0.        ]
 [  0.           0.           0.           0.        ]
 [  0.           0.           0.           0.        ]
 [  0.           0.           0.           0.        ]
 [  0.           0.           0.           0.        ]
 [  0.           0.           0.           0.        ]
 [-18.87559319 -20.51325417 -16.10117149 -22.52804947]
 [  0.           0.           0.           0.        ]
 [  0.           0.           0.           0.        ]
 [ -4.61523294  -4.9370656   -4.74285793  -4.84210253]
 [  0.           0.           0.           0.        ]
 [  0.           0.           0.           0.        ]
 [  0.           0.           0.           0.        ]
 [  0.           0.           0.           0.        ]
 [  0.           0.           0.           0.        ]
 [  0.           0.           0.           0.        ]
 [-19.66941071 -19.56773376 -19.61642838 -19.68446922]
 [  0.           0.           0.           0.        ]
 [  0.           0.           0.           0.        ]
 [ -0.9018532   -1.1806128   -0.75180697  -0.95327878]
 [ -0.36798006  -0.65763551  -0.32389954  -0.27981257]
 [  0.           0.           0.           0.        ]
 [  0.           0.           0.           0.        ]
 [  0.           0.           0.           0.        ]
 [  0.           0.           0.           0.        ]
 [  0.           0.           0.           0.        ]
 [  0.           0.           0.           0.        ]
 [  0.           0.           0.           0.        ]
 [  0.00068918   0.00961593   0.00566581   0.00914425]
 [ -0.13732538  -0.22016777  -0.07146009  -0.06910627]
 [ -0.0638877   -0.03701627  -0.16191666  -0.05641103]
 [  0.           0.           0.           0.        ]
 [  0.           0.           0.           0.        ]
 [  0.           0.           0.           0.        ]
 [  0.           0.           0.           0.        ]
 [  0.           0.           0.           0.        ]
 [  0.           0.           0.           0.        ]
 [  0.           0.           0.           0.        ]
 [  0.           0.           0.           0.        ]
 [  0.           0.           0.           0.        ]
 [  0.00411703   0.00565051  -0.03764341   0.0001236 ]
 [  0.           0.           0.           0.        ]
 [  0.           0.           0.           0.        ]
 [  0.           0.           0.           0.        ]
 [  0.           0.           0.           0.        ]
 [  0.           0.           0.           0.        ]
 [  0.           0.           0.           0.        ]
 [  0.           0.           0.           0.        ]
 [  0.           0.           0.           0.        ]
 [  0.           0.           0.           0.        ]
 [  0.           0.           0.           0.        ]
 [  0.           0.           0.           0.        ]
 [  0.           0.           0.           0.        ]]
Training  | Episode: 810000/1000000  | Episode Reward: -69.8889 | Epsilon: 0.1320 | Goal reached: 0
Training  | Episode: 820000/1000000  | Episode Reward: -276.8333 | Epsilon: 0.1287 | Goal reached: 0
Training  | Episode: 830000/1000000  | Episode Reward: -247.9444 | Epsilon: 0.1256 | Goal reached: 0
Training  | Episode: 840000/1000000  | Episode Reward: -365.1667 | Epsilon: 0.1225 | Goal reached: 0
Training  | Episode: 850000/1000000  | Episode Reward: -168.1667 | Epsilon: 0.1194 | Goal reached: 0
Training  | Episode: 860000/1000000  | Episode Reward: -127.6111 | Epsilon: 0.1165 | Goal reached: 0
Training  | Episode: 870000/1000000  | Episode Reward: -48.1667 | Epsilon: 0.1136 | Goal reached: 0
Training  | Episode: 880000/1000000  | Episode Reward: -43.5000 | Epsilon: 0.1108 | Goal reached: 0
Training  | Episode: 890000/1000000  | Episode Reward: -219.0556 | Epsilon: 0.1081 | Goal reached: 0
Training  | Episode: 900000/1000000  | Episode Reward: -130.7222 | Epsilon: 0.1054 | Goal reached: 0
[[-28.034132   -26.85288811 -26.47002029 -17.26716995]
 [-17.13734627 -26.93219757 -26.62814331 -24.37119293]
 [  0.           0.           0.           0.        ]
 [  0.           0.           0.           0.        ]
 [-26.35378456 -32.79671478 -22.3470993  -31.87130928]
 [  0.           0.           0.           0.        ]
 [  0.           0.           0.           0.        ]
 [  0.           0.           0.           0.        ]
 [  0.           0.           0.           0.        ]
 [  0.           0.           0.           0.        ]
 [  0.           0.           0.           0.        ]
 [-34.76493073 -33.94189072 -23.72351646 -28.48729706]
 [-35.46690369 -23.24755859 -30.94684601 -27.38037491]
 [-22.31465912 -12.40033436 -20.82533646 -22.27229691]
 [-11.96706963 -17.16878128 -20.42200661 -19.50594139]
 [  0.           0.           0.           0.        ]
 [-27.62926865 -26.99751472 -26.73358154 -29.25572395]
 [  0.           0.           0.           0.        ]
 [  0.           0.           0.           0.        ]
 [  0.           0.           0.           0.        ]
 [  0.           0.           0.           0.        ]
 [  0.           0.           0.           0.        ]
 [  0.           0.           0.           0.        ]
 [-23.19167328 -17.05738831 -11.12027931 -18.38559723]
 [-16.26309967 -16.41597557 -16.50955009  -9.17303371]
 [-17.76383591  -9.86282825 -16.98609352 -16.54584122]
 [-16.97356415 -21.00494576 -21.11219406 -17.78277588]
 [  0.           0.           0.           0.        ]
 [  0.           0.           0.           0.        ]
 [  0.           0.           0.           0.        ]
 [  0.           0.           0.           0.        ]
 [  0.           0.           0.           0.        ]
 [  0.           0.           0.           0.        ]
 [-19.54968071 -23.86554146 -17.2116375  -26.04374123]
 [  0.           0.           0.           0.        ]
 [-17.41795349 -22.36484528 -14.73030663 -21.66189003]
 [  0.           0.           0.           0.        ]
 [  0.           0.           0.           0.        ]
 [  0.           0.           0.           0.        ]
 [  0.           0.           0.           0.        ]
 [  0.           0.           0.           0.        ]
 [  0.           0.           0.           0.        ]
 [  0.           0.           0.           0.        ]
 [-20.66920853 -24.61161995 -17.39656258 -25.87527847]
 [  0.           0.           0.           0.        ]
 [-17.86615181 -17.10183525 -15.30039597 -16.31677055]
 [-12.62369919 -11.88018799 -14.58968353 -12.77692413]
 [  0.           0.           0.           0.        ]
 [  0.           0.           0.           0.        ]
 [  0.           0.           0.           0.        ]
 [  0.           0.           0.           0.        ]
 [  0.           0.           0.           0.        ]
 [  0.           0.           0.           0.        ]
 [-18.86981964 -20.79730797 -17.53839111 -23.25344849]
 [  0.           0.           0.           0.        ]
 [  0.           0.           0.           0.        ]
 [ -6.80003452  -6.87120247  -6.69327974  -6.70718288]
 [  0.           0.           0.           0.        ]
 [  0.           0.           0.           0.        ]
 [  0.           0.           0.           0.        ]
 [  0.           0.           0.           0.        ]
 [  0.           0.           0.           0.        ]
 [  0.           0.           0.           0.        ]
 [-19.92725182 -20.2866478  -19.26024055 -20.1090107 ]
 [  0.           0.           0.           0.        ]
 [  0.           0.           0.           0.        ]
 [ -1.61808527  -1.1806128   -1.22349763  -1.32307172]
 [ -0.43025243  -0.65763551  -0.53955019  -0.60746622]
 [  0.           0.           0.           0.        ]
 [  0.           0.           0.           0.        ]
 [  0.           0.           0.           0.        ]
 [  0.           0.           0.           0.        ]
 [  0.           0.           0.           0.        ]
 [  0.           0.           0.           0.        ]
 [  0.           0.           0.           0.        ]
 [  0.00068918  -0.26831377  -0.38330606  -0.04742256]
 [ -0.35675892  -0.22016777  -0.36541301  -0.22902451]
 [ -0.07161751  -0.20284924  -0.16191666  -0.2218561 ]
 [  0.           0.           0.           0.        ]
 [  0.           0.           0.           0.        ]
 [  0.           0.           0.           0.        ]
 [  0.           0.           0.           0.        ]
 [  0.           0.           0.           0.        ]
 [  0.           0.           0.           0.        ]
 [  0.           0.           0.           0.        ]
 [  0.           0.           0.           0.        ]
 [  0.           0.           0.           0.        ]
 [ -0.10701178  -0.21664256  -0.03764341   0.0001236 ]
 [  0.           0.           0.           0.        ]
 [  0.           0.           0.           0.        ]
 [  0.           0.           0.           0.        ]
 [  0.           0.           0.           0.        ]
 [  0.           0.           0.           0.        ]
 [  0.           0.           0.           0.        ]
 [  0.           0.           0.           0.        ]
 [  0.           0.           0.           0.        ]
 [  0.           0.           0.           0.        ]
 [  0.           0.           0.           0.        ]
 [  0.           0.           0.           0.        ]
 [  0.           0.           0.           0.        ]]
Training  | Episode: 910000/1000000  | Episode Reward: -161.2778 | Epsilon: 0.1028 | Goal reached: 0
Training  | Episode: 920000/1000000  | Episode Reward: -49.0556 | Epsilon: 0.1003 | Goal reached: 0
Training  | Episode: 930000/1000000  | Episode Reward: -216.2778 | Epsilon: 0.1000 | Goal reached: 0
Training  | Episode: 940000/1000000  | Episode Reward: -272.6111 | Epsilon: 0.1000 | Goal reached: 0
Training  | Episode: 950000/1000000  | Episode Reward: -52.9444 | Epsilon: 0.1000 | Goal reached: 0
Training  | Episode: 960000/1000000  | Episode Reward: -61.8333 | Epsilon: 0.1000 | Goal reached: 0
Training  | Episode: 970000/1000000  | Episode Reward: -131.8333 | Epsilon: 0.1000 | Goal reached: 0
Training  | Episode: 980000/1000000  | Episode Reward: -53.5000 | Epsilon: 0.1000 | Goal reached: 0
Training  | Episode: 990000/1000000  | Episode Reward: -197.3889 | Epsilon: 0.1000 | Goal reached: 0
[[-28.82716751 -24.83376884 -26.91729927 -16.754673  ]
 [-17.14951706 -24.04675102 -25.74214363 -27.66220093]
 [  0.           0.           0.           0.        ]
 [  0.           0.           0.           0.        ]
 [-27.66077423 -30.13157845 -22.93730927 -32.5576973 ]
 [  0.           0.           0.           0.        ]
 [  0.           0.           0.           0.        ]
 [  0.           0.           0.           0.        ]
 [  0.           0.           0.           0.        ]
 [  0.           0.           0.           0.        ]
 [  0.           0.           0.           0.        ]
 [-37.1978035  -35.28609848 -24.62944412 -29.80326462]
 [-35.74954605 -22.32824135 -30.37205696 -26.11359406]
 [-21.5151825  -11.68709183 -20.06576347 -24.23823357]
 [-12.11777306 -19.30764771 -15.97256565 -22.63075447]
 [  0.           0.           0.           0.        ]
 [-27.69463158 -27.2405777  -24.71120644 -29.68809891]
 [  0.           0.           0.           0.        ]
 [  0.           0.           0.           0.        ]
 [  0.           0.           0.           0.        ]
 [  0.           0.           0.           0.        ]
 [  0.           0.           0.           0.        ]
 [  0.           0.           0.           0.        ]
 [-21.37833023 -21.98593712 -10.74990749 -20.72779274]
 [-17.23532867 -14.92461586 -16.74492836  -9.45446396]
 [-19.80761719  -9.66784668 -17.79054642 -19.01795006]
 [-17.15881157 -20.66550827 -21.39595032 -17.83860779]
 [  0.           0.           0.           0.        ]
 [  0.           0.           0.           0.        ]
 [  0.           0.           0.           0.        ]
 [  0.           0.           0.           0.        ]
 [  0.           0.           0.           0.        ]
 [  0.           0.           0.           0.        ]
 [-20.57461166 -25.94245529 -19.12612915 -26.52142906]
 [  0.           0.           0.           0.        ]
 [-15.99767208 -21.36951256 -14.24808979 -21.62475777]
 [  0.           0.           0.           0.        ]
 [  0.           0.           0.           0.        ]
 [  0.           0.           0.           0.        ]
 [  0.           0.           0.           0.        ]
 [  0.           0.           0.           0.        ]
 [  0.           0.           0.           0.        ]
 [  0.           0.           0.           0.        ]
 [-17.47661018 -23.01968384 -18.7691803  -26.0629406 ]
 [  0.           0.           0.           0.        ]
 [-18.82902718 -18.3320961  -14.34090614 -16.65164185]
 [-13.19945526 -12.5526619  -15.57063484 -13.80761719]
 [  0.           0.           0.           0.        ]
 [  0.           0.           0.           0.        ]
 [  0.           0.           0.           0.        ]
 [  0.           0.           0.           0.        ]
 [  0.           0.           0.           0.        ]
 [  0.           0.           0.           0.        ]
 [-19.44906235 -20.74592018 -16.53165627 -22.75819206]
 [  0.           0.           0.           0.        ]
 [  0.           0.           0.           0.        ]
 [ -7.78415251  -7.80387974  -7.69486332  -7.8173995 ]
 [  0.           0.           0.           0.        ]
 [  0.           0.           0.           0.        ]
 [  0.           0.           0.           0.        ]
 [  0.           0.           0.           0.        ]
 [  0.           0.           0.           0.        ]
 [  0.           0.           0.           0.        ]
 [-19.80366516 -20.68346977 -19.16336441 -20.29932213]
 [  0.           0.           0.           0.        ]
 [  0.           0.           0.           0.        ]
 [ -1.73463893  -1.87650275  -1.63151538  -1.80330539]
 [ -0.82322824  -0.85445321  -1.13310182  -0.99688703]
 [  0.           0.           0.           0.        ]
 [  0.           0.           0.           0.        ]
 [  0.           0.           0.           0.        ]
 [  0.           0.           0.           0.        ]
 [  0.           0.           0.           0.        ]
 [  0.           0.           0.           0.        ]
 [  0.           0.           0.           0.        ]
 [ -0.38818312  -0.26831377  -0.38330606  -0.04742256]
 [ -0.43213958  -0.43436521  -0.44089568  -0.45864636]
 [ -0.25545335  -0.2585544   -0.22897956  -0.2218561 ]
 [  0.           0.           0.           0.        ]
 [  0.           0.           0.           0.        ]
 [  0.           0.           0.           0.        ]
 [  0.           0.           0.           0.        ]
 [  0.           0.           0.           0.        ]
 [  0.           0.           0.           0.        ]
 [  0.           0.           0.           0.        ]
 [  0.           0.           0.           0.        ]
 [  0.           0.           0.           0.        ]
 [ -0.15039995  -0.21664256  -0.08258264  -0.22205894]
 [  0.00005338   0.00364782   0.00309879   0.00902878]
 [  0.           0.           0.           0.        ]
 [  0.           0.           0.           0.        ]
 [  0.           0.           0.           0.        ]
 [  0.           0.           0.           0.        ]
 [  0.           0.           0.           0.        ]
 [  0.           0.           0.           0.        ]
 [  0.           0.           0.           0.        ]
 [  0.           0.           0.           0.        ]
 [  0.           0.           0.           0.        ]
 [  0.           0.           0.           0.        ]
 [  0.           0.           0.           0.        ]]
