___NORMAL__MAP_
gamma:  0.7 learning rate:  0.1 eps decay:  0.9999975
[[b'S' b'F' b'F' b'F' b'F' b'H' b'H' b'H' b'H' b'H']
 [b'F' b'H' b'H' b'F' b'F' b'F' b'H' b'F' b'F' b'H']
 [b'H' b'H' b'H' b'H' b'H' b'F' b'H' b'H' b'H' b'H']
 [b'H' b'H' b'F' b'H' b'H' b'F' b'F' b'F' b'F' b'H']
 [b'F' b'H' b'F' b'H' b'F' b'F' b'H' b'F' b'F' b'F']
 [b'F' b'F' b'H' b'H' b'F' b'F' b'F' b'H' b'H' b'H']
 [b'H' b'H' b'H' b'H' b'H' b'F' b'F' b'F' b'F' b'H']
 [b'H' b'H' b'H' b'H' b'H' b'H' b'H' b'F' b'H' b'H']
 [b'H' b'F' b'H' b'H' b'H' b'F' b'H' b'F' b'H' b'H']
 [b'H' b'F' b'H' b'H' b'H' b'H' b'H' b'F' b'F' b'G']]
Training  | Episode: 0/1000000  | Episode Reward: -141.0000 | Epsilon: 1.0000 | Goal reached: 0
[[-4.90200329 -0.19295046 -1.99606597 -4.90517759]
 [ 0.          0.          0.          0.        ]
 [ 0.          0.          0.          0.        ]
 [ 0.          0.          0.          0.        ]
 [ 0.          0.          0.          0.        ]
 [ 0.          0.          0.          0.        ]
 [ 0.          0.          0.          0.        ]
 [ 0.          0.          0.          0.        ]
 [ 0.          0.          0.          0.        ]
 [ 0.          0.          0.          0.        ]
 [ 0.00943071  0.00452013  0.00240675 -2.02261996]
 [ 0.          0.          0.          0.        ]
 [ 0.          0.          0.          0.        ]
 [ 0.          0.          0.          0.        ]
 [ 0.          0.          0.          0.        ]
 [ 0.          0.          0.          0.        ]
 [ 0.          0.          0.          0.        ]
 [ 0.          0.          0.          0.        ]
 [ 0.          0.          0.          0.        ]
 [ 0.          0.          0.          0.        ]
 [ 0.          0.          0.          0.        ]
 [ 0.          0.          0.          0.        ]
 [ 0.          0.          0.          0.        ]
 [ 0.          0.          0.          0.        ]
 [ 0.          0.          0.          0.        ]
 [ 0.          0.          0.          0.        ]
 [ 0.          0.          0.          0.        ]
 [ 0.          0.          0.          0.        ]
 [ 0.          0.          0.          0.        ]
 [ 0.          0.          0.          0.        ]
 [ 0.          0.          0.          0.        ]
 [ 0.          0.          0.          0.        ]
 [ 0.          0.          0.          0.        ]
 [ 0.          0.          0.          0.        ]
 [ 0.          0.          0.          0.        ]
 [ 0.          0.          0.          0.        ]
 [ 0.          0.          0.          0.        ]
 [ 0.          0.          0.          0.        ]
 [ 0.          0.          0.          0.        ]
 [ 0.          0.          0.          0.        ]
 [ 0.          0.          0.          0.        ]
 [ 0.          0.          0.          0.        ]
 [ 0.          0.          0.          0.        ]
 [ 0.          0.          0.          0.        ]
 [ 0.          0.          0.          0.        ]
 [ 0.          0.          0.          0.        ]
 [ 0.          0.          0.          0.        ]
 [ 0.          0.          0.          0.        ]
 [ 0.          0.          0.          0.        ]
 [ 0.          0.          0.          0.        ]
 [ 0.          0.          0.          0.        ]
 [ 0.          0.          0.          0.        ]
 [ 0.          0.          0.          0.        ]
 [ 0.          0.          0.          0.        ]
 [ 0.          0.          0.          0.        ]
 [ 0.          0.          0.          0.        ]
 [ 0.          0.          0.          0.        ]
 [ 0.          0.          0.          0.        ]
 [ 0.          0.          0.          0.        ]
 [ 0.          0.          0.          0.        ]
 [ 0.          0.          0.          0.        ]
 [ 0.          0.          0.          0.        ]
 [ 0.          0.          0.          0.        ]
 [ 0.          0.          0.          0.        ]
 [ 0.          0.          0.          0.        ]
 [ 0.          0.          0.          0.        ]
 [ 0.          0.          0.          0.        ]
 [ 0.          0.          0.          0.        ]
 [ 0.          0.          0.          0.        ]
 [ 0.          0.          0.          0.        ]
 [ 0.          0.          0.          0.        ]
 [ 0.          0.          0.          0.        ]
 [ 0.          0.          0.          0.        ]
 [ 0.          0.          0.          0.        ]
 [ 0.          0.          0.          0.        ]
 [ 0.          0.          0.          0.        ]
 [ 0.          0.          0.          0.        ]
 [ 0.          0.          0.          0.        ]
 [ 0.          0.          0.          0.        ]
 [ 0.          0.          0.          0.        ]
 [ 0.          0.          0.          0.        ]
 [ 0.          0.          0.          0.        ]
 [ 0.          0.          0.          0.        ]
 [ 0.          0.          0.          0.        ]
 [ 0.          0.          0.          0.        ]
 [ 0.          0.          0.          0.        ]
 [ 0.          0.          0.          0.        ]
 [ 0.          0.          0.          0.        ]
 [ 0.          0.          0.          0.        ]
 [ 0.          0.          0.          0.        ]
 [ 0.          0.          0.          0.        ]
 [ 0.          0.          0.          0.        ]
 [ 0.          0.          0.          0.        ]
 [ 0.          0.          0.          0.        ]
 [ 0.          0.          0.          0.        ]
 [ 0.          0.          0.          0.        ]
 [ 0.          0.          0.          0.        ]
 [ 0.          0.          0.          0.        ]
 [ 0.          0.          0.          0.        ]
 [ 0.          0.          0.          0.        ]]
Training  | Episode: 10000/1000000  | Episode Reward: -112.0000 | Epsilon: 0.9753 | Goal reached: 0
Training  | Episode: 20000/1000000  | Episode Reward: -61.0000 | Epsilon: 0.9512 | Goal reached: 0
Training  | Episode: 30000/1000000  | Episode Reward: -51.0000 | Epsilon: 0.9277 | Goal reached: 0
Training  | Episode: 40000/1000000  | Episode Reward: -61.0000 | Epsilon: 0.9048 | Goal reached: 0
Training  | Episode: 50000/1000000  | Episode Reward: -121.0000 | Epsilon: 0.8825 | Goal reached: 0
Training  | Episode: 60000/1000000  | Episode Reward: -51.0000 | Epsilon: 0.8607 | Goal reached: 0
Training  | Episode: 70000/1000000  | Episode Reward: -61.0000 | Epsilon: 0.8395 | Goal reached: 0
Training  | Episode: 80000/1000000  | Episode Reward: -142.0000 | Epsilon: 0.8187 | Goal reached: 0
Training  | Episode: 90000/1000000  | Episode Reward: -123.0000 | Epsilon: 0.7985 | Goal reached: 0
Training  | Episode: 100000/1000000  | Episode Reward: -101.0000 | Epsilon: 0.7788 | Goal reached: 0
[[-26.234272   -25.67268753 -24.96401978 -26.15462494]
 [-32.52659988 -34.7120285  -31.19093704 -24.29350662]
 [-32.00399017 -30.67116928 -31.16936493 -24.93297958]
 [-25.51170158 -21.6503849  -25.08937263 -23.41668701]
 [-23.20970154 -35.57199478 -33.71230316 -31.90037537]
 [  0.           0.           0.           0.        ]
 [  0.           0.           0.           0.        ]
 [  0.           0.           0.           0.        ]
 [  0.           0.           0.           0.        ]
 [  0.           0.           0.           0.        ]
 [-35.88856506 -44.20924377 -42.19533157 -28.06672668]
 [  0.           0.           0.           0.        ]
 [  0.           0.           0.           0.        ]
 [-45.56866837 -33.73664856 -38.63924789 -43.9332962 ]
 [-36.30221558 -34.04609299 -28.5171051  -24.20749474]
 [-36.95672989 -30.57407761 -36.72589111 -43.02381897]
 [  0.           0.           0.           0.        ]
 [  0.           0.           0.           0.        ]
 [  0.           0.           0.           0.        ]
 [  0.           0.           0.           0.        ]
 [  0.           0.           0.           0.        ]
 [  0.           0.           0.           0.        ]
 [  0.           0.           0.           0.        ]
 [  0.           0.           0.           0.        ]
 [  0.           0.           0.           0.        ]
 [-37.29673767 -45.29844284 -24.62333679 -39.76845932]
 [  0.           0.           0.           0.        ]
 [  0.           0.           0.           0.        ]
 [  0.           0.           0.           0.        ]
 [  0.           0.           0.           0.        ]
 [  0.           0.           0.           0.        ]
 [  0.           0.           0.           0.        ]
 [  0.           0.           0.           0.        ]
 [  0.           0.           0.           0.        ]
 [  0.           0.           0.           0.        ]
 [-30.38838959 -28.46516228 -17.93211746 -28.38311005]
 [-41.60674667 -20.09486008 -25.40777588 -16.37831879]
 [-11.85816288  -1.99636698 -16.55348969 -11.7395649 ]
 [ -9.99413204  -9.99592304   0.00603542   0.00185436]
 [  0.           0.           0.           0.        ]
 [  0.           0.           0.           0.        ]
 [  0.           0.           0.           0.        ]
 [  0.           0.           0.           0.        ]
 [  0.           0.           0.           0.        ]
 [ -9.9958086   -8.19202137 -24.39357567   0.00810676]
 [-13.30176544 -36.2975769  -15.26772118 -11.10810089]
 [  0.           0.           0.           0.        ]
 [  0.           0.           0.           0.        ]
 [  0.00527815   0.00174938   0.00734214   0.00018848]
 [  0.00197888   0.00219103   0.00925462   0.00967297]
 [  0.           0.           0.           0.        ]
 [  0.           0.           0.           0.        ]
 [  0.           0.           0.           0.        ]
 [  0.           0.           0.           0.        ]
 [  0.00625263  -9.99220276   0.00197286   0.00196361]
 [ -0.35558885  -0.19533893  -0.19453323  -4.36316013]
 [  0.00093196  -9.99526501   0.00489769  -1.99362099]
 [  0.           0.           0.           0.        ]
 [  0.           0.           0.           0.        ]
 [  0.           0.           0.           0.        ]
 [  0.           0.           0.           0.        ]
 [  0.           0.           0.           0.        ]
 [  0.           0.           0.           0.        ]
 [  0.           0.           0.           0.        ]
 [  0.           0.           0.           0.        ]
 [  0.00158383   0.00548899   0.00892096   0.00550686]
 [  0.           0.           0.           0.        ]
 [  0.           0.           0.           0.        ]
 [  0.           0.           0.           0.        ]
 [  0.           0.           0.           0.        ]
 [  0.           0.           0.           0.        ]
 [  0.           0.           0.           0.        ]
 [  0.           0.           0.           0.        ]
 [  0.           0.           0.           0.        ]
 [  0.           0.           0.           0.        ]
 [  0.           0.           0.           0.        ]
 [  0.           0.           0.           0.        ]
 [  0.           0.           0.           0.        ]
 [  0.           0.           0.           0.        ]
 [  0.           0.           0.           0.        ]
 [  0.           0.           0.           0.        ]
 [  0.           0.           0.           0.        ]
 [  0.           0.           0.           0.        ]
 [  0.           0.           0.           0.        ]
 [  0.           0.           0.           0.        ]
 [  0.           0.           0.           0.        ]
 [  0.           0.           0.           0.        ]
 [  0.           0.           0.           0.        ]
 [  0.           0.           0.           0.        ]
 [  0.           0.           0.           0.        ]
 [  0.           0.           0.           0.        ]
 [  0.           0.           0.           0.        ]
 [  0.           0.           0.           0.        ]
 [  0.           0.           0.           0.        ]
 [  0.           0.           0.           0.        ]
 [  0.           0.           0.           0.        ]
 [  0.           0.           0.           0.        ]
 [  0.           0.           0.           0.        ]
 [  0.           0.           0.           0.        ]
 [  0.           0.           0.           0.        ]]
Training  | Episode: 110000/1000000  | Episode Reward: -91.0000 | Epsilon: 0.7596 | Goal reached: 0
Training  | Episode: 120000/1000000  | Episode Reward: -62.0000 | Epsilon: 0.7408 | Goal reached: 0
Training  | Episode: 130000/1000000  | Episode Reward: -106.0000 | Epsilon: 0.7225 | Goal reached: 0
Training  | Episode: 140000/1000000  | Episode Reward: -71.0000 | Epsilon: 0.7047 | Goal reached: 0
Training  | Episode: 150000/1000000  | Episode Reward: -52.0000 | Epsilon: 0.6873 | Goal reached: 0
Training  | Episode: 160000/1000000  | Episode Reward: -135.0000 | Epsilon: 0.6703 | Goal reached: 0
Training  | Episode: 170000/1000000  | Episode Reward: -71.0000 | Epsilon: 0.6538 | Goal reached: 0
Training  | Episode: 180000/1000000  | Episode Reward: -52.0000 | Epsilon: 0.6376 | Goal reached: 0
Training  | Episode: 190000/1000000  | Episode Reward: -202.0000 | Epsilon: 0.6219 | Goal reached: 0
Training  | Episode: 200000/1000000  | Episode Reward: -71.0000 | Epsilon: 0.6065 | Goal reached: 0
[[-27.79362869 -24.81911469 -22.32595444 -26.1980114 ]
 [-32.82915115 -26.89557266 -25.90272141 -25.01486015]
 [-34.40274811 -30.89028931 -39.67327499 -24.44384956]
 [-26.21940804 -24.34137154 -25.75053596 -24.33180046]
 [-23.95545578 -32.61483383 -31.78158188 -33.92388535]
 [  0.           0.           0.           0.        ]
 [  0.           0.           0.           0.        ]
 [  0.           0.           0.           0.        ]
 [  0.           0.           0.           0.        ]
 [  0.           0.           0.           0.        ]
 [-27.12426186 -49.36062622 -49.2731781  -32.49534988]
 [  0.           0.           0.           0.        ]
 [  0.           0.           0.           0.        ]
 [-45.03675461 -44.80358887 -39.87184525 -36.07562637]
 [-34.48179245 -33.61471176 -34.13729477 -26.96546936]
 [-36.91564941 -36.42414093 -40.75182724 -44.55739212]
 [  0.           0.           0.           0.        ]
 [  0.           0.           0.           0.        ]
 [  0.           0.           0.           0.        ]
 [  0.           0.           0.           0.        ]
 [  0.           0.           0.           0.        ]
 [  0.           0.           0.           0.        ]
 [  0.           0.           0.           0.        ]
 [  0.           0.           0.           0.        ]
 [  0.           0.           0.           0.        ]
 [-37.89257812 -38.92700577 -36.71287155 -42.82108307]
 [  0.           0.           0.           0.        ]
 [  0.           0.           0.           0.        ]
 [  0.           0.           0.           0.        ]
 [  0.           0.           0.           0.        ]
 [  0.           0.           0.           0.        ]
 [  0.           0.           0.           0.        ]
 [  0.           0.           0.           0.        ]
 [  0.           0.           0.           0.        ]
 [  0.           0.           0.           0.        ]
 [-36.57918549 -25.32196045 -26.09799385 -32.21889496]
 [-36.53546143 -31.07564354 -41.39425278 -28.69443703]
 [-31.90699577 -14.60295582 -25.9250164  -19.39062691]
 [ -8.5558033  -21.33836937  -9.99381542  -9.99716091]
 [  0.           0.           0.           0.        ]
 [  0.           0.           0.           0.        ]
 [  0.           0.           0.           0.        ]
 [  0.           0.           0.           0.        ]
 [  0.           0.           0.           0.        ]
 [-28.59337234 -16.27592087 -28.33324432 -24.72312164]
 [-17.83692741 -18.57296753 -32.77591324 -32.98642731]
 [  0.           0.           0.           0.        ]
 [ -9.99494648  -9.34859657  -7.09360123  -3.14741397]
 [ -9.47506714   0.00174938  -3.0169313    0.00018848]
 [ -1.99817204   0.00219103   0.00925462  -9.99142933]
 [  0.           0.           0.           0.        ]
 [  0.           0.           0.           0.        ]
 [  0.           0.           0.           0.        ]
 [  0.           0.           0.           0.        ]
 [-28.85457802 -36.88574219 -20.5285511  -30.48628616]
 [-11.9818573   -7.59976244  -8.46774101  -8.6111927 ]
 [-24.46584511 -17.99481201 -13.44350433  -9.84304047]
 [  0.           0.           0.           0.        ]
 [  0.           0.           0.           0.        ]
 [  0.           0.           0.           0.        ]
 [  0.           0.           0.           0.        ]
 [  0.           0.           0.           0.        ]
 [  0.           0.           0.           0.        ]
 [  0.           0.           0.           0.        ]
 [  0.           0.           0.           0.        ]
 [-28.69245911 -15.22458935 -18.57973862 -14.59494972]
 [-10.15346336  -4.39984703  -2.70894456  -2.79312062]
 [  0.           0.           0.           0.        ]
 [  0.           0.           0.           0.        ]
 [  0.           0.           0.           0.        ]
 [  0.           0.           0.           0.        ]
 [  0.           0.           0.           0.        ]
 [  0.           0.           0.           0.        ]
 [  0.           0.           0.           0.        ]
 [  0.           0.           0.           0.        ]
 [  0.           0.           0.           0.        ]
 [  0.           0.           0.           0.        ]
 [  0.           0.           0.           0.        ]
 [  0.           0.           0.           0.        ]
 [  0.           0.           0.           0.        ]
 [  0.           0.           0.           0.        ]
 [  0.           0.           0.           0.        ]
 [  0.           0.           0.           0.        ]
 [  0.           0.           0.           0.        ]
 [  0.           0.           0.           0.        ]
 [  0.           0.           0.           0.        ]
 [  0.           0.           0.           0.        ]
 [  0.           0.           0.           0.        ]
 [  0.           0.           0.           0.        ]
 [  0.           0.           0.           0.        ]
 [  0.           0.           0.           0.        ]
 [  0.           0.           0.           0.        ]
 [  0.           0.           0.           0.        ]
 [  0.           0.           0.           0.        ]
 [  0.           0.           0.           0.        ]
 [  0.           0.           0.           0.        ]
 [  0.           0.           0.           0.        ]
 [  0.           0.           0.           0.        ]
 [  0.           0.           0.           0.        ]
 [  0.           0.           0.           0.        ]]
Training  | Episode: 210000/1000000  | Episode Reward: -132.0000 | Epsilon: 0.5916 | Goal reached: 0
Training  | Episode: 220000/1000000  | Episode Reward: -71.0000 | Epsilon: 0.5769 | Goal reached: 0
Training  | Episode: 230000/1000000  | Episode Reward: -134.0000 | Epsilon: 0.5627 | Goal reached: 0
Training  | Episode: 240000/1000000  | Episode Reward: -51.0000 | Epsilon: 0.5488 | Goal reached: 0
Training  | Episode: 250000/1000000  | Episode Reward: -61.0000 | Epsilon: 0.5353 | Goal reached: 0
Training  | Episode: 260000/1000000  | Episode Reward: -186.0000 | Epsilon: 0.5220 | Goal reached: 0
Training  | Episode: 270000/1000000  | Episode Reward: -121.0000 | Epsilon: 0.5092 | Goal reached: 0
Training  | Episode: 280000/1000000  | Episode Reward: -91.0000 | Epsilon: 0.4966 | Goal reached: 0
Training  | Episode: 290000/1000000  | Episode Reward: -62.0000 | Epsilon: 0.4843 | Goal reached: 0
Training  | Episode: 300000/1000000  | Episode Reward: -83.0000 | Epsilon: 0.4724 | Goal reached: 0
[[-29.00834084 -28.58262825 -28.87635422 -26.70336723]
 [-40.81850815 -36.27722931 -35.82053375 -25.7948761 ]
 [-29.75251198 -28.848526   -36.2858429  -25.7683239 ]
 [-27.71208191 -26.44866562 -26.92264938 -24.96316528]
 [-26.32141685 -34.15473557 -32.09352112 -29.96912766]
 [  0.           0.           0.           0.        ]
 [  0.           0.           0.           0.        ]
 [  0.           0.           0.           0.        ]
 [  0.           0.           0.           0.        ]
 [  0.           0.           0.           0.        ]
 [-39.45872498 -39.66018295 -40.28762054 -37.46608353]
 [  0.           0.           0.           0.        ]
 [  0.           0.           0.           0.        ]
 [-44.51305771 -47.01033401 -34.23155212 -36.39575958]
 [-34.92923355 -28.5909729  -35.01995468 -27.74779129]
 [-39.71384811 -40.21660233 -38.76556396 -43.05429459]
 [  0.           0.           0.           0.        ]
 [  0.           0.           0.           0.        ]
 [  0.           0.           0.           0.        ]
 [  0.           0.           0.           0.        ]
 [  0.           0.           0.           0.        ]
 [  0.           0.           0.           0.        ]
 [  0.           0.           0.           0.        ]
 [  0.           0.           0.           0.        ]
 [  0.           0.           0.           0.        ]
 [-39.46679688 -44.82301712 -34.07151031 -42.50193787]
 [  0.           0.           0.           0.        ]
 [  0.           0.           0.           0.        ]
 [  0.           0.           0.           0.        ]
 [  0.           0.           0.           0.        ]
 [  0.           0.           0.           0.        ]
 [  0.           0.           0.           0.        ]
 [  0.           0.           0.           0.        ]
 [  0.           0.           0.           0.        ]
 [  0.           0.           0.           0.        ]
 [-34.7698288  -29.27209473 -21.05179024 -34.98741913]
 [-48.52949142 -28.3493576  -46.8728714  -32.8001709 ]
 [-28.50981903 -20.58316612 -25.71986008 -24.58913612]
 [-23.36296844 -26.80430794 -29.51352501 -24.66284943]
 [  0.           0.           0.           0.        ]
 [  0.           0.           0.           0.        ]
 [  0.           0.           0.           0.        ]
 [  0.           0.           0.           0.        ]
 [  0.           0.           0.           0.        ]
 [-37.68257904 -29.79820251 -29.41406059 -45.51031494]
 [-21.3591423  -33.92240906 -29.37090111 -34.68946838]
 [  0.           0.           0.           0.        ]
 [ -9.99494648 -14.72764969  -9.73458099  -9.81910324]
 [ -9.47506714 -12.14793396 -10.35657501  -8.5500164 ]
 [ -1.99817204   0.00219103 -17.9920311   -9.99142933]
 [  0.           0.           0.           0.        ]
 [  0.           0.           0.           0.        ]
 [  0.           0.           0.           0.        ]
 [  0.           0.           0.           0.        ]
 [-39.17037582 -35.61873245 -28.94152832 -33.95330811]
 [-18.00146675 -17.03484917 -18.55540848 -18.57893753]
 [-22.7338295  -20.44577789 -35.0229454  -29.43736839]
 [  0.           0.           0.           0.        ]
 [  0.           0.           0.           0.        ]
 [  0.           0.           0.           0.        ]
 [  0.           0.           0.           0.        ]
 [  0.           0.           0.           0.        ]
 [  0.           0.           0.           0.        ]
 [  0.           0.           0.           0.        ]
 [  0.           0.           0.           0.        ]
 [-28.69245911 -30.04357529 -26.77389145 -26.43498611]
 [-18.12166405  -7.65132046 -11.54151249  -5.22092295]
 [ -2.72345424  -2.32861471   0.00772458   0.00829031]
 [  0.           0.           0.           0.        ]
 [  0.           0.           0.           0.        ]
 [  0.           0.           0.           0.        ]
 [  0.           0.           0.           0.        ]
 [  0.           0.           0.           0.        ]
 [  0.           0.           0.           0.        ]
 [  0.           0.           0.           0.        ]
 [  0.           0.           0.           0.        ]
 [  0.           0.           0.           0.        ]
 [  0.           0.           0.           0.        ]
 [  0.           0.           0.           0.        ]
 [  0.           0.           0.           0.        ]
 [  0.           0.           0.           0.        ]
 [  0.           0.           0.           0.        ]
 [  0.           0.           0.           0.        ]
 [  0.           0.           0.           0.        ]
 [  0.           0.           0.           0.        ]
 [  0.           0.           0.           0.        ]
 [  0.           0.           0.           0.        ]
 [  0.           0.           0.           0.        ]
 [  0.           0.           0.           0.        ]
 [  0.           0.           0.           0.        ]
 [  0.           0.           0.           0.        ]
 [  0.           0.           0.           0.        ]
 [  0.           0.           0.           0.        ]
 [  0.           0.           0.           0.        ]
 [  0.           0.           0.           0.        ]
 [  0.           0.           0.           0.        ]
 [  0.           0.           0.           0.        ]
 [  0.           0.           0.           0.        ]
 [  0.           0.           0.           0.        ]
 [  0.           0.           0.           0.        ]]
Training  | Episode: 310000/1000000  | Episode Reward: -51.0000 | Epsilon: 0.4607 | Goal reached: 0
Training  | Episode: 320000/1000000  | Episode Reward: -174.0000 | Epsilon: 0.4493 | Goal reached: 0
Training  | Episode: 330000/1000000  | Episode Reward: -71.0000 | Epsilon: 0.4382 | Goal reached: 0
Training  | Episode: 340000/1000000  | Episode Reward: -82.0000 | Epsilon: 0.4274 | Goal reached: 0
Training  | Episode: 350000/1000000  | Episode Reward: -92.0000 | Epsilon: 0.4169 | Goal reached: 0
Training  | Episode: 360000/1000000  | Episode Reward: -107.0000 | Epsilon: 0.4066 | Goal reached: 0
Training  | Episode: 370000/1000000  | Episode Reward: -51.0000 | Epsilon: 0.3965 | Goal reached: 0
Training  | Episode: 380000/1000000  | Episode Reward: -61.0000 | Epsilon: 0.3867 | Goal reached: 0
Training  | Episode: 390000/1000000  | Episode Reward: -136.0000 | Epsilon: 0.3772 | Goal reached: 0
Training  | Episode: 400000/1000000  | Episode Reward: -91.0000 | Epsilon: 0.3679 | Goal reached: 0
[[-28.41396141 -25.75555038 -29.218853   -28.27431679]
 [-39.50032043 -29.36122322 -32.5741539  -23.23683929]
 [-34.5580101  -34.84111023 -35.60792542 -24.94923592]
 [-28.93925476 -28.23222351 -27.63238907 -28.38168907]
 [-27.291008   -30.09609795 -29.99191093 -34.46653748]
 [  0.           0.           0.           0.        ]
 [  0.           0.           0.           0.        ]
 [  0.           0.           0.           0.        ]
 [  0.           0.           0.           0.        ]
 [  0.           0.           0.           0.        ]
 [-43.01890564 -47.23483276 -42.85232544 -41.59713745]
 [  0.           0.           0.           0.        ]
 [  0.           0.           0.           0.        ]
 [-44.71274185 -47.92196274 -43.17090607 -40.89464951]
 [-31.43545723 -37.26197815 -28.15267372 -29.21928024]
 [-32.83719254 -38.45851135 -46.59285355 -49.3083992 ]
 [  0.           0.           0.           0.        ]
 [  0.           0.           0.           0.        ]
 [  0.           0.           0.           0.        ]
 [  0.           0.           0.           0.        ]
 [  0.           0.           0.           0.        ]
 [  0.           0.           0.           0.        ]
 [  0.           0.           0.           0.        ]
 [  0.           0.           0.           0.        ]
 [  0.           0.           0.           0.        ]
 [-36.12680054 -46.68651199 -38.38925552 -46.21801376]
 [  0.           0.           0.           0.        ]
 [  0.           0.           0.           0.        ]
 [  0.           0.           0.           0.        ]
 [  0.           0.           0.           0.        ]
 [  0.           0.           0.           0.        ]
 [  0.           0.           0.           0.        ]
 [  0.           0.           0.           0.        ]
 [  0.           0.           0.           0.        ]
 [  0.           0.           0.           0.        ]
 [-31.42776871 -23.34519958 -27.01129913 -37.34196854]
 [-43.28345871 -39.29790878 -39.15211868 -33.70202255]
 [-27.46783257 -23.06656075 -29.22405624 -26.12531853]
 [-21.90646744 -26.96818733 -33.60975266 -34.84694672]
 [  0.           0.           0.           0.        ]
 [  0.           0.           0.           0.        ]
 [  0.           0.           0.           0.        ]
 [  0.           0.           0.           0.        ]
 [  0.           0.           0.           0.        ]
 [-41.16530609 -40.47906876 -33.19181442 -38.8154068 ]
 [-22.41996002 -29.45520973 -31.5236969  -30.91342163]
 [  0.           0.           0.           0.        ]
 [-31.23057938 -36.97020721 -31.81964493 -29.2973175 ]
 [-18.7531662  -20.87648392 -22.08447647 -13.54893684]
 [-11.59718132 -15.06070232 -24.39226913  -9.99142933]
 [  0.           0.           0.           0.        ]
 [  0.           0.           0.           0.        ]
 [  0.           0.           0.           0.        ]
 [  0.           0.           0.           0.        ]
 [-44.72997665 -38.75697327 -34.00479507 -29.06545639]
 [-25.85002136 -24.95767212 -25.0709343  -23.96935463]
 [-36.19482422 -34.85377502 -42.32901001 -39.90935516]
 [  0.           0.           0.           0.        ]
 [  0.           0.           0.           0.        ]
 [  0.           0.           0.           0.        ]
 [  0.           0.           0.           0.        ]
 [  0.           0.           0.           0.        ]
 [  0.           0.           0.           0.        ]
 [  0.           0.           0.           0.        ]
 [  0.           0.           0.           0.        ]
 [-30.4933033  -27.36284447 -30.01144981 -22.72247887]
 [-26.44621658 -26.64767265 -21.74426079 -21.03479958]
 [-10.44194412  -8.62328148  -6.20325947 -15.61799717]
 [ -9.99201488  -9.99369335  -9.9949007   -6.75083923]
 [  0.           0.           0.           0.        ]
 [  0.           0.           0.           0.        ]
 [  0.           0.           0.           0.        ]
 [  0.           0.           0.           0.        ]
 [  0.           0.           0.           0.        ]
 [  0.           0.           0.           0.        ]
 [  0.           0.           0.           0.        ]
 [  0.           0.           0.           0.        ]
 [ -2.02629542  -9.99834919   0.00043287  -9.99133492]
 [  0.           0.           0.           0.        ]
 [  0.           0.           0.           0.        ]
 [  0.           0.           0.           0.        ]
 [  0.           0.           0.           0.        ]
 [  0.           0.           0.           0.        ]
 [  0.           0.           0.           0.        ]
 [  0.           0.           0.           0.        ]
 [  0.           0.           0.           0.        ]
 [  0.           0.           0.           0.        ]
 [  0.           0.           0.           0.        ]
 [  0.           0.           0.           0.        ]
 [  0.           0.           0.           0.        ]
 [  0.           0.           0.           0.        ]
 [  0.           0.           0.           0.        ]
 [  0.           0.           0.           0.        ]
 [  0.           0.           0.           0.        ]
 [  0.           0.           0.           0.        ]
 [  0.           0.           0.           0.        ]
 [  0.           0.           0.           0.        ]
 [  0.           0.           0.           0.        ]
 [  0.           0.           0.           0.        ]
 [  0.           0.           0.           0.        ]]
Training  | Episode: 410000/1000000  | Episode Reward: -172.0000 | Epsilon: 0.3588 | Goal reached: 0
Training  | Episode: 420000/1000000  | Episode Reward: -61.0000 | Epsilon: 0.3499 | Goal reached: 0
Training  | Episode: 430000/1000000  | Episode Reward: -84.0000 | Epsilon: 0.3413 | Goal reached: 0
Training  | Episode: 440000/1000000  | Episode Reward: -216.0000 | Epsilon: 0.3329 | Goal reached: 0
Training  | Episode: 450000/1000000  | Episode Reward: -166.0000 | Epsilon: 0.3247 | Goal reached: 0
Training  | Episode: 460000/1000000  | Episode Reward: -82.0000 | Epsilon: 0.3166 | Goal reached: 0
Training  | Episode: 470000/1000000  | Episode Reward: -214.0000 | Epsilon: 0.3088 | Goal reached: 0
Training  | Episode: 480000/1000000  | Episode Reward: -135.0000 | Epsilon: 0.3012 | Goal reached: 0
Training  | Episode: 490000/1000000  | Episode Reward: -111.0000 | Epsilon: 0.2938 | Goal reached: 0
Training  | Episode: 500000/1000000  | Episode Reward: -62.0000 | Epsilon: 0.2865 | Goal reached: 0
[[-29.32540512 -24.24230766 -26.87036324 -29.02416229]
 [-36.60256195 -37.44216156 -34.25264359 -23.23015213]
 [-40.06402969 -40.25292206 -35.62435913 -28.175457  ]
 [-28.67901039 -26.22854424 -27.63395309 -28.00180626]
 [-27.30912971 -35.39052963 -35.28155136 -35.36798859]
 [  0.           0.           0.           0.        ]
 [  0.           0.           0.           0.        ]
 [  0.           0.           0.           0.        ]
 [  0.           0.           0.           0.        ]
 [  0.           0.           0.           0.        ]
 [-40.14287949 -45.61952591 -41.17326736 -42.48274612]
 [  0.           0.           0.           0.        ]
 [  0.           0.           0.           0.        ]
 [-45.54326248 -40.68554306 -24.64639091 -38.09082413]
 [-37.28440094 -37.64539337 -30.08179855 -26.97875023]
 [-35.83398438 -38.50022888 -40.67612076 -42.5148468 ]
 [  0.           0.           0.           0.        ]
 [  0.           0.           0.           0.        ]
 [  0.           0.           0.           0.        ]
 [  0.           0.           0.           0.        ]
 [  0.           0.           0.           0.        ]
 [  0.           0.           0.           0.        ]
 [  0.           0.           0.           0.        ]
 [  0.           0.           0.           0.        ]
 [  0.           0.           0.           0.        ]
 [-45.50413132 -44.95104599 -41.17803574 -42.06005478]
 [  0.           0.           0.           0.        ]
 [  0.           0.           0.           0.        ]
 [  0.           0.           0.           0.        ]
 [  0.           0.           0.           0.        ]
 [  0.           0.           0.           0.        ]
 [  0.           0.           0.           0.        ]
 [  0.           0.           0.           0.        ]
 [  0.           0.           0.           0.        ]
 [  0.           0.           0.           0.        ]
 [-32.84320831 -29.8909626  -30.18676376 -39.57710648]
 [-43.90272522 -41.79992294 -41.45049286 -40.41003799]
 [-30.85271645 -26.83473969 -38.08378983 -38.68487167]
 [-40.75191879 -27.4060421  -37.07344818 -40.15441895]
 [  0.           0.           0.           0.        ]
 [  0.           0.           0.           0.        ]
 [  0.           0.           0.           0.        ]
 [  0.           0.           0.           0.        ]
 [  0.           0.           0.           0.        ]
 [-45.11842346 -44.54291153 -30.67204666 -43.93171692]
 [-26.35686684 -32.2156105  -27.81829834 -31.60905647]
 [  0.           0.           0.           0.        ]
 [-38.74860764 -41.97506332 -32.92558289 -36.11479187]
 [-35.64749908 -30.01766968 -33.15814209 -24.75206375]
 [-26.10023499 -23.54737663 -28.82914925 -24.11340523]
 [  0.           0.           0.           0.        ]
 [  0.           0.           0.           0.        ]
 [  0.           0.           0.           0.        ]
 [  0.           0.           0.           0.        ]
 [-45.40842056 -44.24039841 -34.57457352 -41.12508392]
 [-30.02080727 -28.38269234 -25.87310791 -27.08334541]
 [-29.63850403 -31.16696739 -48.38698578 -41.43907166]
 [  0.           0.           0.           0.        ]
 [  0.           0.           0.           0.        ]
 [  0.           0.           0.           0.        ]
 [  0.           0.           0.           0.        ]
 [  0.           0.           0.           0.        ]
 [  0.           0.           0.           0.        ]
 [  0.           0.           0.           0.        ]
 [  0.           0.           0.           0.        ]
 [-41.6360817  -40.72410583 -37.11749268 -39.66973495]
 [-30.2307415  -36.67398453 -24.11183167 -23.96676445]
 [-18.35215569 -11.09953117 -24.05332756 -15.61799717]
 [-24.39308167 -19.50622559 -17.99477196 -22.31842041]
 [  0.           0.           0.           0.        ]
 [  0.           0.           0.           0.        ]
 [  0.           0.           0.           0.        ]
 [  0.           0.           0.           0.        ]
 [  0.           0.           0.           0.        ]
 [  0.           0.           0.           0.        ]
 [  0.           0.           0.           0.        ]
 [  0.           0.           0.           0.        ]
 [-11.61993027  -9.99834919 -14.16444969  -9.99133492]
 [  0.           0.           0.           0.        ]
 [  0.           0.           0.           0.        ]
 [  0.           0.           0.           0.        ]
 [  0.           0.           0.           0.        ]
 [  0.           0.           0.           0.        ]
 [  0.           0.           0.           0.        ]
 [  0.           0.           0.           0.        ]
 [  0.           0.           0.           0.        ]
 [  0.           0.           0.           0.        ]
 [  0.00330051   0.0020476    0.00286203  -9.99479008]
 [  0.           0.           0.           0.        ]
 [  0.           0.           0.           0.        ]
 [  0.           0.           0.           0.        ]
 [  0.           0.           0.           0.        ]
 [  0.           0.           0.           0.        ]
 [  0.           0.           0.           0.        ]
 [  0.           0.           0.           0.        ]
 [  0.           0.           0.           0.        ]
 [  0.           0.           0.           0.        ]
 [  0.           0.           0.           0.        ]
 [  0.           0.           0.           0.        ]
 [  0.           0.           0.           0.        ]]
Training  | Episode: 510000/1000000  | Episode Reward: -123.0000 | Epsilon: 0.2794 | Goal reached: 0
Training  | Episode: 520000/1000000  | Episode Reward: -315.0000 | Epsilon: 0.2725 | Goal reached: 0
Training  | Episode: 530000/1000000  | Episode Reward: -61.0000 | Epsilon: 0.2658 | Goal reached: 0
Training  | Episode: 540000/1000000  | Episode Reward: -51.0000 | Epsilon: 0.2592 | Goal reached: 0
Training  | Episode: 550000/1000000  | Episode Reward: -73.0000 | Epsilon: 0.2528 | Goal reached: 0
Training  | Episode: 560000/1000000  | Episode Reward: -176.0000 | Epsilon: 0.2466 | Goal reached: 0
Training  | Episode: 570000/1000000  | Episode Reward: -95.0000 | Epsilon: 0.2405 | Goal reached: 0
Training  | Episode: 580000/1000000  | Episode Reward: -61.0000 | Epsilon: 0.2346 | Goal reached: 0
Training  | Episode: 590000/1000000  | Episode Reward: -187.0000 | Epsilon: 0.2288 | Goal reached: 0
Training  | Episode: 600000/1000000  | Episode Reward: -51.0000 | Epsilon: 0.2231 | Goal reached: 0
[[-28.24433708 -26.15115166 -26.89920044 -27.02795029]
 [-42.17628098 -30.66714287 -31.81270409 -26.42549896]
 [-35.44319153 -34.13061523 -33.49708939 -27.24465561]
 [-28.0029583  -27.97296906 -29.04239273 -26.19080353]
 [-27.46581268 -35.48704147 -30.89471245 -34.13824081]
 [  0.           0.           0.           0.        ]
 [  0.           0.           0.           0.        ]
 [  0.           0.           0.           0.        ]
 [  0.           0.           0.           0.        ]
 [  0.           0.           0.           0.        ]
 [-43.26630783 -46.52217102 -43.8081131  -39.77952576]
 [  0.           0.           0.           0.        ]
 [  0.           0.           0.           0.        ]
 [-43.83209991 -44.40348434 -36.0284729  -40.62237167]
 [-39.40226364 -38.35826492 -33.09540558 -27.84992409]
 [-42.69317627 -30.98703003 -48.12231445 -42.82707977]
 [  0.           0.           0.           0.        ]
 [  0.           0.           0.           0.        ]
 [  0.           0.           0.           0.        ]
 [  0.           0.           0.           0.        ]
 [  0.           0.           0.           0.        ]
 [  0.           0.           0.           0.        ]
 [  0.           0.           0.           0.        ]
 [  0.           0.           0.           0.        ]
 [  0.           0.           0.           0.        ]
 [-45.94539642 -42.24715805 -35.90078735 -48.22755814]
 [  0.           0.           0.           0.        ]
 [  0.           0.           0.           0.        ]
 [  0.           0.           0.           0.        ]
 [  0.           0.           0.           0.        ]
 [  0.           0.           0.           0.        ]
 [  0.           0.           0.           0.        ]
 [  0.           0.           0.           0.        ]
 [  0.           0.           0.           0.        ]
 [  0.           0.           0.           0.        ]
 [-35.16876221 -38.34093475 -28.42694473 -35.46881104]
 [-41.32721329 -36.91693497 -36.4258728  -34.26353836]
 [-31.75026512 -30.42674255 -39.80452347 -34.92238235]
 [-35.538414   -41.73231125 -43.3619957  -37.58301163]
 [  0.           0.           0.           0.        ]
 [  0.           0.           0.           0.        ]
 [  0.           0.           0.           0.        ]
 [  0.           0.           0.           0.        ]
 [  0.           0.           0.           0.        ]
 [-40.8147049  -36.84731293 -34.63920212 -42.81956482]
 [-24.82711601 -32.95889282 -31.55139923 -38.02322769]
 [  0.           0.           0.           0.        ]
 [-42.75735092 -36.4875679  -43.14586639 -41.3601532 ]
 [-35.64749908 -30.8172245  -30.86385727 -30.45651627]
 [-37.76023102 -34.86024857 -36.07442856 -36.74275589]
 [  0.           0.           0.           0.        ]
 [  0.           0.           0.           0.        ]
 [  0.           0.           0.           0.        ]
 [  0.           0.           0.           0.        ]
 [-42.90885544 -42.64107895 -40.80709839 -35.96218872]
 [-26.3622551  -26.26293945 -26.10360146 -27.12778091]
 [-35.4005928  -35.39395523 -40.35630798 -43.2808609 ]
 [  0.           0.           0.           0.        ]
 [  0.           0.           0.           0.        ]
 [  0.           0.           0.           0.        ]
 [  0.           0.           0.           0.        ]
 [  0.           0.           0.           0.        ]
 [  0.           0.           0.           0.        ]
 [  0.           0.           0.           0.        ]
 [  0.           0.           0.           0.        ]
 [-42.66831589 -46.95625687 -34.27117538 -34.49190903]
 [-36.35677719 -27.44191933 -30.66164398 -25.94461632]
 [-21.0920105  -21.82608032 -18.29817581 -22.49299812]
 [-33.0660553  -29.1413765  -33.61073303 -30.4879055 ]
 [  0.           0.           0.           0.        ]
 [  0.           0.           0.           0.        ]
 [  0.           0.           0.           0.        ]
 [  0.           0.           0.           0.        ]
 [  0.           0.           0.           0.        ]
 [  0.           0.           0.           0.        ]
 [  0.           0.           0.           0.        ]
 [  0.           0.           0.           0.        ]
 [-19.29483795 -16.5577507  -11.53109741 -21.24369049]
 [  0.           0.           0.           0.        ]
 [  0.           0.           0.           0.        ]
 [  0.           0.           0.           0.        ]
 [  0.           0.           0.           0.        ]
 [  0.           0.           0.           0.        ]
 [  0.           0.           0.           0.        ]
 [  0.           0.           0.           0.        ]
 [  0.           0.           0.           0.        ]
 [  0.           0.           0.           0.        ]
 [  0.00330051   0.0020476   -9.99664021  -9.99479008]
 [  0.           0.           0.           0.        ]
 [  0.           0.           0.           0.        ]
 [  0.           0.           0.           0.        ]
 [  0.           0.           0.           0.        ]
 [  0.           0.           0.           0.        ]
 [  0.           0.           0.           0.        ]
 [  0.           0.           0.           0.        ]
 [  0.           0.           0.           0.        ]
 [  0.           0.           0.           0.        ]
 [  0.           0.           0.           0.        ]
 [  0.           0.           0.           0.        ]
 [  0.           0.           0.           0.        ]]
Training  | Episode: 610000/1000000  | Episode Reward: -61.0000 | Epsilon: 0.2176 | Goal reached: 0
Training  | Episode: 620000/1000000  | Episode Reward: -61.0000 | Epsilon: 0.2122 | Goal reached: 0
Training  | Episode: 630000/1000000  | Episode Reward: -173.0000 | Epsilon: 0.2070 | Goal reached: 0
Training  | Episode: 640000/1000000  | Episode Reward: -85.0000 | Epsilon: 0.2019 | Goal reached: 0
Training  | Episode: 650000/1000000  | Episode Reward: -192.0000 | Epsilon: 0.1969 | Goal reached: 0
Training  | Episode: 660000/1000000  | Episode Reward: -101.0000 | Epsilon: 0.1920 | Goal reached: 0
Training  | Episode: 670000/1000000  | Episode Reward: -191.0000 | Epsilon: 0.1873 | Goal reached: 0
Training  | Episode: 680000/1000000  | Episode Reward: -256.0000 | Epsilon: 0.1827 | Goal reached: 0
Training  | Episode: 690000/1000000  | Episode Reward: -182.0000 | Epsilon: 0.1782 | Goal reached: 0
Training  | Episode: 700000/1000000  | Episode Reward: -111.0000 | Epsilon: 0.1738 | Goal reached: 0
[[-29.96163368 -29.40117073 -28.90526009 -29.1655426 ]
 [-33.82567978 -33.03160858 -38.16699219 -26.08800697]
 [-32.59530258 -34.72317505 -38.1483345  -26.25961113]
 [-29.11481857 -27.17082214 -27.19282722 -28.52861023]
 [-27.09439278 -37.63220978 -35.64273453 -30.37175369]
 [  0.           0.           0.           0.        ]
 [  0.           0.           0.           0.        ]
 [  0.           0.           0.           0.        ]
 [  0.           0.           0.           0.        ]
 [  0.           0.           0.           0.        ]
 [-35.57008743 -47.24007034 -48.12249756 -46.30784607]
 [  0.           0.           0.           0.        ]
 [  0.           0.           0.           0.        ]
 [-46.75299454 -45.58838272 -42.01077271 -27.47101021]
 [-35.2729454  -39.3850174  -35.4093895  -30.04821587]
 [-44.75027466 -44.05897522 -45.43093872 -43.63425827]
 [  0.           0.           0.           0.        ]
 [  0.           0.           0.           0.        ]
 [  0.           0.           0.           0.        ]
 [  0.           0.           0.           0.        ]
 [  0.           0.           0.           0.        ]
 [  0.           0.           0.           0.        ]
 [  0.           0.           0.           0.        ]
 [  0.           0.           0.           0.        ]
 [  0.           0.           0.           0.        ]
 [-40.59831238 -46.07044601 -44.9347496  -42.6692009 ]
 [  0.           0.           0.           0.        ]
 [  0.           0.           0.           0.        ]
 [  0.           0.           0.           0.        ]
 [  0.           0.           0.           0.        ]
 [  0.           0.           0.           0.        ]
 [  0.           0.           0.           0.        ]
 [  0.           0.           0.           0.        ]
 [  0.           0.           0.           0.        ]
 [  0.           0.           0.           0.        ]
 [-35.5687561  -38.26567459 -29.30238914 -29.33839035]
 [-44.10213852 -39.8915863  -39.78528976 -29.85614967]
 [-35.61164093 -27.52514267 -33.86275482 -33.80607605]
 [-39.00759506 -33.06764221 -42.22619629 -44.4249382 ]
 [  0.           0.           0.           0.        ]
 [  0.           0.           0.           0.        ]
 [  0.           0.           0.           0.        ]
 [  0.           0.           0.           0.        ]
 [  0.           0.           0.           0.        ]
 [-40.08998108 -34.02354431 -43.64697647 -44.25335693]
 [-24.11559296 -39.15517807 -40.34639359 -32.0908432 ]
 [  0.           0.           0.           0.        ]
 [-43.82413483 -42.29823303 -41.83054352 -37.01943588]
 [-38.88598251 -36.29143524 -33.57397079 -30.87483406]
 [-42.16450119 -35.76267242 -45.08438873 -42.87784195]
 [  0.           0.           0.           0.        ]
 [  0.           0.           0.           0.        ]
 [  0.           0.           0.           0.        ]
 [  0.           0.           0.           0.        ]
 [-44.25092316 -41.28383636 -38.77405167 -33.44759369]
 [-30.08954811 -30.88958931 -23.10688972 -28.91109657]
 [-44.48192596 -40.88199615 -44.70767975 -46.5566864 ]
 [  0.           0.           0.           0.        ]
 [  0.           0.           0.           0.        ]
 [  0.           0.           0.           0.        ]
 [  0.           0.           0.           0.        ]
 [  0.           0.           0.           0.        ]
 [  0.           0.           0.           0.        ]
 [  0.           0.           0.           0.        ]
 [  0.           0.           0.           0.        ]
 [-39.66197205 -38.32052994 -27.71420288 -42.57939529]
 [-33.56427002 -33.99013901 -38.42182922 -24.90851212]
 [-23.36274719 -20.08686638 -22.61099052 -32.58309937]
 [-33.0660553  -33.31227875 -33.61073303 -35.15990829]
 [  0.           0.           0.           0.        ]
 [  0.           0.           0.           0.        ]
 [  0.           0.           0.           0.        ]
 [  0.           0.           0.           0.        ]
 [  0.           0.           0.           0.        ]
 [  0.           0.           0.           0.        ]
 [  0.           0.           0.           0.        ]
 [  0.           0.           0.           0.        ]
 [-19.29483795 -28.59525108 -22.46220016 -31.59396935]
 [  0.           0.           0.           0.        ]
 [  0.           0.           0.           0.        ]
 [  0.           0.           0.           0.        ]
 [  0.           0.           0.           0.        ]
 [  0.           0.           0.           0.        ]
 [  0.           0.           0.           0.        ]
 [  0.           0.           0.           0.        ]
 [  0.           0.           0.           0.        ]
 [  0.           0.           0.           0.        ]
 [  0.00330051  -9.99702454  -9.99664021  -9.99479008]
 [  0.           0.           0.           0.        ]
 [  0.           0.           0.           0.        ]
 [  0.           0.           0.           0.        ]
 [  0.           0.           0.           0.        ]
 [  0.           0.           0.           0.        ]
 [  0.           0.           0.           0.        ]
 [  0.           0.           0.           0.        ]
 [  0.           0.           0.           0.        ]
 [  0.           0.           0.           0.        ]
 [  0.           0.           0.           0.        ]
 [  0.           0.           0.           0.        ]
 [  0.           0.           0.           0.        ]]
Training  | Episode: 710000/1000000  | Episode Reward: -148.0000 | Epsilon: 0.1695 | Goal reached: 0
Training  | Episode: 720000/1000000  | Episode Reward: -82.0000 | Epsilon: 0.1653 | Goal reached: 0
Training  | Episode: 730000/1000000  | Episode Reward: -192.0000 | Epsilon: 0.1612 | Goal reached: 0
Training  | Episode: 740000/1000000  | Episode Reward: -71.0000 | Epsilon: 0.1572 | Goal reached: 0
Training  | Episode: 750000/1000000  | Episode Reward: -61.0000 | Epsilon: 0.1534 | Goal reached: 0
Training  | Episode: 760000/1000000  | Episode Reward: -108.0000 | Epsilon: 0.1496 | Goal reached: 0
Training  | Episode: 770000/1000000  | Episode Reward: -61.0000 | Epsilon: 0.1459 | Goal reached: 0
Training  | Episode: 780000/1000000  | Episode Reward: -51.0000 | Epsilon: 0.1423 | Goal reached: 0
Training  | Episode: 790000/1000000  | Episode Reward: -51.0000 | Epsilon: 0.1388 | Goal reached: 0
Training  | Episode: 800000/1000000  | Episode Reward: -253.0000 | Epsilon: 0.1353 | Goal reached: 0
[[-30.2575798  -29.5100956  -29.90087318 -29.1441555 ]
 [-35.7542038  -33.87923431 -37.02596664 -26.67551613]
 [-37.16307831 -27.70687675 -31.32974625 -26.59139824]
 [-27.88645554 -23.56529236 -29.194767   -27.96130371]
 [-26.49674797 -33.95832825 -34.99190521 -37.22131348]
 [  0.           0.           0.           0.        ]
 [  0.           0.           0.           0.        ]
 [  0.           0.           0.           0.        ]
 [  0.           0.           0.           0.        ]
 [  0.           0.           0.           0.        ]
 [-40.67331696 -46.86873245 -46.0806427  -33.36991501]
 [  0.           0.           0.           0.        ]
 [  0.           0.           0.           0.        ]
 [-40.68083572 -42.17789078 -40.88490677 -43.0868454 ]
 [-36.68955231 -33.99133682 -41.30159378 -30.48875427]
 [-40.51365662 -32.7194519  -38.70646667 -46.50601959]
 [  0.           0.           0.           0.        ]
 [  0.           0.           0.           0.        ]
 [  0.           0.           0.           0.        ]
 [  0.           0.           0.           0.        ]
 [  0.           0.           0.           0.        ]
 [  0.           0.           0.           0.        ]
 [  0.           0.           0.           0.        ]
 [  0.           0.           0.           0.        ]
 [  0.           0.           0.           0.        ]
 [-34.78589249 -47.20949173 -44.6015625  -48.26147842]
 [  0.           0.           0.           0.        ]
 [  0.           0.           0.           0.        ]
 [  0.           0.           0.           0.        ]
 [  0.           0.           0.           0.        ]
 [  0.           0.           0.           0.        ]
 [  0.           0.           0.           0.        ]
 [  0.           0.           0.           0.        ]
 [  0.           0.           0.           0.        ]
 [  0.           0.           0.           0.        ]
 [-32.68439484 -35.10951614 -25.79192352 -32.50522614]
 [-39.63928986 -35.47371674 -43.38665009 -39.23974609]
 [-45.26292419 -33.13250732 -34.62855148 -35.52576828]
 [-42.24123001 -36.43807983 -46.64890671 -48.43059158]
 [  0.           0.           0.           0.        ]
 [  0.           0.           0.           0.        ]
 [  0.           0.           0.           0.        ]
 [  0.           0.           0.           0.        ]
 [  0.           0.           0.           0.        ]
 [-47.71432495 -43.50079727 -38.24769974 -40.9060936 ]
 [-25.34467125 -33.58865356 -33.53619766 -34.73345947]
 [  0.           0.           0.           0.        ]
 [-39.71390533 -43.54672241 -35.25745773 -40.35199356]
 [-37.08702087 -42.97840881 -36.28713608 -33.07567215]
 [-43.73024368 -38.44065475 -45.08438873 -42.87340927]
 [  0.           0.           0.           0.        ]
 [  0.           0.           0.           0.        ]
 [  0.           0.           0.           0.        ]
 [  0.           0.           0.           0.        ]
 [-46.15533829 -41.55315399 -41.66843796 -39.11136627]
 [-29.75991249 -27.94768143 -27.22694588 -29.11401939]
 [-37.33982849 -42.20877457 -44.05703735 -44.40781784]
 [  0.           0.           0.           0.        ]
 [  0.           0.           0.           0.        ]
 [  0.           0.           0.           0.        ]
 [  0.           0.           0.           0.        ]
 [  0.           0.           0.           0.        ]
 [  0.           0.           0.           0.        ]
 [  0.           0.           0.           0.        ]
 [  0.           0.           0.           0.        ]
 [-42.78393555 -46.9336319  -30.77205849 -44.71340179]
 [-33.93915939 -30.63934898 -42.58797836 -27.8326683 ]
 [-29.96377182 -28.48621559 -29.20086861 -36.06507874]
 [-41.26922607 -40.04682159 -39.50910187 -39.33263397]
 [  0.           0.           0.           0.        ]
 [  0.           0.           0.           0.        ]
 [  0.           0.           0.           0.        ]
 [  0.           0.           0.           0.        ]
 [  0.           0.           0.           0.        ]
 [  0.           0.           0.           0.        ]
 [  0.           0.           0.           0.        ]
 [  0.           0.           0.           0.        ]
 [-21.41723633 -33.66270065 -29.04150391 -38.21837616]
 [  0.           0.           0.           0.        ]
 [  0.           0.           0.           0.        ]
 [  0.           0.           0.           0.        ]
 [  0.           0.           0.           0.        ]
 [  0.           0.           0.           0.        ]
 [  0.           0.           0.           0.        ]
 [  0.           0.           0.           0.        ]
 [  0.           0.           0.           0.        ]
 [  0.           0.           0.           0.        ]
 [-11.74825859 -16.55657196 -13.42391491 -17.99449348]
 [  0.           0.           0.           0.        ]
 [  0.           0.           0.           0.        ]
 [  0.           0.           0.           0.        ]
 [  0.           0.           0.           0.        ]
 [  0.           0.           0.           0.        ]
 [  0.           0.           0.           0.        ]
 [  0.           0.           0.           0.        ]
 [  0.           0.           0.           0.        ]
 [  0.           0.           0.           0.        ]
 [  0.00325918  -9.99890232  -1.99618685   0.00325135]
 [  0.           0.           0.           0.        ]
 [  0.           0.           0.           0.        ]]
Training  | Episode: 810000/1000000  | Episode Reward: -92.0000 | Epsilon: 0.1320 | Goal reached: 0
Training  | Episode: 820000/1000000  | Episode Reward: -373.0000 | Epsilon: 0.1287 | Goal reached: 0
Training  | Episode: 830000/1000000  | Episode Reward: -71.0000 | Epsilon: 0.1256 | Goal reached: 0
Training  | Episode: 840000/1000000  | Episode Reward: -145.0000 | Epsilon: 0.1225 | Goal reached: 0
Training  | Episode: 850000/1000000  | Episode Reward: -166.0000 | Epsilon: 0.1194 | Goal reached: 0
Training  | Episode: 860000/1000000  | Episode Reward: -388.0000 | Epsilon: 0.1165 | Goal reached: 0
Training  | Episode: 870000/1000000  | Episode Reward: -133.0000 | Epsilon: 0.1136 | Goal reached: 0
Training  | Episode: 880000/1000000  | Episode Reward: -353.0000 | Epsilon: 0.1108 | Goal reached: 0
Training  | Episode: 890000/1000000  | Episode Reward: -81.0000 | Epsilon: 0.1081 | Goal reached: 0
Training  | Episode: 900000/1000000  | Episode Reward: -152.0000 | Epsilon: 0.1054 | Goal reached: 0
[[-30.65255737 -29.99783707 -31.13848305 -29.00340462]
 [-37.17076111 -37.12813568 -31.29147339 -25.66781235]
 [-36.76169205 -30.05986977 -35.81485748 -27.26761246]
 [-29.22902107 -26.9980011  -27.85096359 -29.20030022]
 [-28.58684731 -39.24388885 -35.34611511 -29.61450958]
 [  0.           0.           0.           0.        ]
 [  0.           0.           0.           0.        ]
 [  0.           0.           0.           0.        ]
 [  0.           0.           0.           0.        ]
 [  0.           0.           0.           0.        ]
 [-43.10359192 -45.60266113 -47.86719131 -36.99134827]
 [  0.           0.           0.           0.        ]
 [  0.           0.           0.           0.        ]
 [-42.24307251 -43.86458206 -36.83378983 -46.63732147]
 [-35.90991974 -39.80856323 -44.48918152 -30.5725193 ]
 [-34.77164841 -47.17207336 -43.55929184 -45.43912888]
 [  0.           0.           0.           0.        ]
 [  0.           0.           0.           0.        ]
 [  0.           0.           0.           0.        ]
 [  0.           0.           0.           0.        ]
 [  0.           0.           0.           0.        ]
 [  0.           0.           0.           0.        ]
 [  0.           0.           0.           0.        ]
 [  0.           0.           0.           0.        ]
 [  0.           0.           0.           0.        ]
 [-40.37840652 -42.5546875  -41.00168991 -46.40850067]
 [  0.           0.           0.           0.        ]
 [  0.           0.           0.           0.        ]
 [  0.           0.           0.           0.        ]
 [  0.           0.           0.           0.        ]
 [  0.           0.           0.           0.        ]
 [  0.           0.           0.           0.        ]
 [  0.           0.           0.           0.        ]
 [  0.           0.           0.           0.        ]
 [  0.           0.           0.           0.        ]
 [-37.42747498 -36.91266251 -26.8241291  -30.46936607]
 [-46.06925201 -44.37238312 -43.89482498 -35.75022507]
 [-37.30021667 -30.30664444 -33.27222443 -40.27722931]
 [-40.92352676 -26.61818504 -43.8355751  -46.26094055]
 [  0.           0.           0.           0.        ]
 [  0.           0.           0.           0.        ]
 [  0.           0.           0.           0.        ]
 [  0.           0.           0.           0.        ]
 [  0.           0.           0.           0.        ]
 [-44.58364868 -42.48912811 -29.10300636 -44.83463287]
 [-26.08512878 -29.03027153 -32.55525208 -42.89719391]
 [  0.           0.           0.           0.        ]
 [-44.73134613 -46.81678391 -43.95609665 -44.85189056]
 [-41.73362732 -40.42483139 -37.3805542  -29.28759003]
 [-45.9853096  -42.98310471 -46.85156631 -40.91740036]
 [  0.           0.           0.           0.        ]
 [  0.           0.           0.           0.        ]
 [  0.           0.           0.           0.        ]
 [  0.           0.           0.           0.        ]
 [-43.52994156 -43.05335617 -41.90190506 -29.45542526]
 [-30.60315514 -23.11733437 -30.72663879 -30.26092148]
 [-44.35729599 -27.43650246 -42.96704483 -45.40771484]
 [  0.           0.           0.           0.        ]
 [  0.           0.           0.           0.        ]
 [  0.           0.           0.           0.        ]
 [  0.           0.           0.           0.        ]
 [  0.           0.           0.           0.        ]
 [  0.           0.           0.           0.        ]
 [  0.           0.           0.           0.        ]
 [  0.           0.           0.           0.        ]
 [-45.08512115 -46.46001816 -35.57422638 -44.50907898]
 [-42.11576843 -35.35028458 -35.7550087  -28.59442329]
 [-30.22271156 -27.63943672 -30.71827888 -36.06507874]
 [-44.37336731 -40.96423721 -44.6261673  -44.53548813]
 [  0.           0.           0.           0.        ]
 [  0.           0.           0.           0.        ]
 [  0.           0.           0.           0.        ]
 [  0.           0.           0.           0.        ]
 [  0.           0.           0.           0.        ]
 [  0.           0.           0.           0.        ]
 [  0.           0.           0.           0.        ]
 [  0.           0.           0.           0.        ]
 [-31.67728233 -33.66270065 -29.75601006 -40.57387543]
 [  0.           0.           0.           0.        ]
 [  0.           0.           0.           0.        ]
 [  0.           0.           0.           0.        ]
 [  0.           0.           0.           0.        ]
 [  0.           0.           0.           0.        ]
 [  0.           0.           0.           0.        ]
 [  0.           0.           0.           0.        ]
 [  0.           0.           0.           0.        ]
 [  0.           0.           0.           0.        ]
 [-17.27910614 -16.55657196 -16.28288841 -17.99449348]
 [  0.           0.           0.           0.        ]
 [  0.           0.           0.           0.        ]
 [  0.           0.           0.           0.        ]
 [  0.           0.           0.           0.        ]
 [  0.           0.           0.           0.        ]
 [  0.           0.           0.           0.        ]
 [  0.           0.           0.           0.        ]
 [  0.           0.           0.           0.        ]
 [  0.           0.           0.           0.        ]
 [  0.00325918  -9.99890232  -1.99618685   0.00325135]
 [  0.           0.           0.           0.        ]
