___ACTION___
gamma:  0.9 learning rate:  0.01 eps decay:  0.99999
[[b'S' b'H' b'F' b'H' b'H' b'H' b'H' b'H' b'F' b'H']
 [b'F' b'F' b'F' b'H' b'H' b'H' b'F' b'H' b'H' b'F']
 [b'F' b'H' b'F' b'F' b'F' b'H' b'H' b'F' b'H' b'F']
 [b'H' b'H' b'H' b'F' b'F' b'F' b'F' b'F' b'F' b'H']
 [b'H' b'H' b'H' b'F' b'H' b'H' b'F' b'F' b'H' b'F']
 [b'H' b'F' b'H' b'F' b'H' b'F' b'H' b'F' b'H' b'F']
 [b'H' b'H' b'H' b'H' b'H' b'H' b'H' b'F' b'H' b'H']
 [b'H' b'F' b'H' b'H' b'H' b'F' b'H' b'F' b'H' b'H']
 [b'F' b'H' b'H' b'F' b'F' b'H' b'H' b'F' b'F' b'H']
 [b'F' b'H' b'H' b'F' b'F' b'F' b'H' b'H' b'F' b'G']]
[<tf.Variable 'q_a_s/weights:0' shape=(100, 4) dtype=float32, numpy=
array([[0.00226326, 0.00198966, 0.00407373, 0.00758608],
       [0.00119377, 0.00144341, 0.00657682, 0.00474083],
       [0.0064335 , 0.00523617, 0.00488571, 0.00417303],
       [0.00253036, 0.00557251, 0.00238821, 0.00889906],
       [0.00088875, 0.0007728 , 0.0082112 , 0.00411106],
       [0.00887427, 0.0097317 , 0.00250125, 0.00598875],
       [0.00558161, 0.00451043, 0.00986717, 0.00289207],
       [0.00551437, 0.00305453, 0.00274784, 0.00727144],
       [0.00179586, 0.00865425, 0.00908834, 0.00139344],
       [0.00673724, 0.00111509, 0.00983632, 0.00910933],
       [0.00269664, 0.00024093, 0.00444214, 0.00774893],
       [0.00796876, 0.00352091, 0.008057  , 0.00958137],
       [0.00964057, 0.00997311, 0.00832112, 0.00470757],
       [0.00276325, 0.00168825, 0.004227  , 0.00000335],
       [0.00256962, 0.00335949, 0.00646114, 0.00343896],
       [0.00207606, 0.00087962, 0.00473645, 0.00938781],
       [0.00495731, 0.00191443, 0.00580138, 0.00653869],
       [0.00546786, 0.00538424, 0.00043307, 0.00981031],
       [0.00536468, 0.0038091 , 0.00839684, 0.00009299],
       [0.00092731, 0.00981179, 0.00034134, 0.00265022],
       [0.00024555, 0.00348991, 0.00735968, 0.00370358],
       [0.00476178, 0.00405955, 0.00326298, 0.00171872],
       [0.00524708, 0.00657975, 0.00374457, 0.00783894],
       [0.00452736, 0.00213168, 0.00679051, 0.00368645],
       [0.00835262, 0.00172932, 0.00469844, 0.00297872],
       [0.0022408 , 0.00598357, 0.00599869, 0.0060706 ],
       [0.00460886, 0.00714025, 0.00933533, 0.00358635],
       [0.0013412 , 0.00569413, 0.00344676, 0.004629  ],
       [0.00371915, 0.00431107, 0.0002428 , 0.00437127],
       [0.00005436, 0.0027415 , 0.00535208, 0.00174278],
       [0.0034216 , 0.00476251, 0.00049239, 0.00874867],
       [0.00214793, 0.00799715, 0.00405877, 0.00038667],
       [0.00506369, 0.00531778, 0.00717776, 0.00107571],
       [0.00969755, 0.00206589, 0.00473488, 0.0059497 ],
       [0.00945552, 0.00353923, 0.008756  , 0.00385377],
       [0.00016299, 0.00745933, 0.00902825, 0.00756872],
       [0.00443194, 0.00337274, 0.00137291, 0.00052881],
       [0.00940535, 0.00811158, 0.00304935, 0.0059401 ],
       [0.00292987, 0.00024345, 0.00609238, 0.00627912],
       [0.00796012, 0.00564986, 0.00736938, 0.00811095],
       [0.003765  , 0.00084076, 0.00722617, 0.00808284],
       [0.00272216, 0.00369723, 0.00008725, 0.00615955],
       [0.0042723 , 0.00182107, 0.00548414, 0.00979114],
       [0.00491148, 0.00100319, 0.00580482, 0.00415657],
       [0.00381847, 0.00061168, 0.00446836, 0.00315254],
       [0.00346581, 0.0007053 , 0.00042987, 0.00610168],
       [0.00671523, 0.00464561, 0.00088139, 0.00794221],
       [0.00687643, 0.00914187, 0.00242747, 0.00441359],
       [0.00002817, 0.0055809 , 0.00257569, 0.00310454],
       [0.0044543 , 0.00913484, 0.00572007, 0.00815902],
       [0.00858548, 0.00776465, 0.00856547, 0.00397103],
       [0.00368921, 0.00212786, 0.00098264, 0.00248385],
       [0.00590262, 0.00715021, 0.0042698 , 0.00214025],
       [0.00842874, 0.00009692, 0.00474785, 0.00528639],
       [0.00064317, 0.00341946, 0.00210908, 0.00665086],
       [0.00674544, 0.00529418, 0.00328712, 0.00915317],
       [0.00322224, 0.00056429, 0.00503757, 0.00259179],
       [0.00751526, 0.00188764, 0.00230136, 0.00292117],
       [0.00797076, 0.00119613, 0.00224429, 0.00578265],
       [0.00324702, 0.00710609, 0.00982572, 0.00017725],
       [0.00347146, 0.00512166, 0.00703514, 0.00438202],
       [0.00738359, 0.0004644 , 0.00060897, 0.00885962],
       [0.00177186, 0.00352593, 0.00266139, 0.00000553],
       [0.00482668, 0.00119826, 0.00285874, 0.00888802],
       [0.00185347, 0.00720366, 0.00880072, 0.00679697],
       [0.00828826, 0.00236448, 0.00127505, 0.00059072],
       [0.00301065, 0.00938102, 0.0007329 , 0.00047066],
       [0.00623681, 0.00735059, 0.00062915, 0.00163707],
       [0.00983842, 0.00351459, 0.00284988, 0.00968868],
       [0.00179691, 0.00697856, 0.0042334 , 0.00116822],
       [0.00573153, 0.00552242, 0.00046741, 0.00792181],
       [0.0084888 , 0.00320705, 0.00499724, 0.00722268],
       [0.00709765, 0.00267831, 0.00683202, 0.00711871],
       [0.00618896, 0.00249947, 0.00045129, 0.00403831],
       [0.00540012, 0.00997276, 0.00740219, 0.00746942],
       [0.00933735, 0.00424727, 0.00572211, 0.00729443],
       [0.0073682 , 0.00627218, 0.00542094, 0.00188649],
       [0.00170439, 0.00723929, 0.00488256, 0.0033239 ],
       [0.00776622, 0.00152668, 0.00424356, 0.00420124],
       [0.00545236, 0.0088113 , 0.00004346, 0.00985154],
       [0.00717106, 0.00256902, 0.00157811, 0.00235822],
       [0.00554496, 0.00167896, 0.00102327, 0.00789186],
       [0.00707675, 0.00805668, 0.00688362, 0.00200479],
       [0.0041249 , 0.00377531, 0.00647538, 0.00691374],
       [0.00763188, 0.00419758, 0.00060807, 0.00438264],
       [0.0052423 , 0.00755319, 0.00120709, 0.00188553],
       [0.00531242, 0.00625648, 0.00615295, 0.00908733],
       [0.00806051, 0.00972172, 0.00559746, 0.00954315],
       [0.00248362, 0.00145642, 0.00246627, 0.00156023],
       [0.00578063, 0.00085809, 0.0043378 , 0.0026037 ],
       [0.00335006, 0.00236763, 0.00633222, 0.00140958],
       [0.00830537, 0.0058719 , 0.00738091, 0.00311673],
       [0.00954883, 0.00517115, 0.00386625, 0.00884274],
       [0.00891333, 0.00110759, 0.00844879, 0.00120663],
       [0.00192221, 0.0090764 , 0.00685434, 0.00359159],
       [0.00307403, 0.0098126 , 0.00116911, 0.00889201],
       [0.00537171, 0.00480176, 0.00638379, 0.00891608],
       [0.00218812, 0.006274  , 0.00356395, 0.00527926],
       [0.00041501, 0.00448739, 0.0053373 , 0.00699227],
       [0.00672283, 0.00047895, 0.00760254, 0.00411163]], dtype=float32)>]
Training  | Episode: 0/500000  | Episode Reward: -52.0000 | Epsilon: 0.2000 | Goal reached: 0
[[0.00226326 0.00198966 0.00407373 0.00758608]
 [0.         0.         0.         0.        ]
 [0.         0.         0.         0.        ]
 [0.         0.         0.         0.        ]
 [0.         0.         0.         0.        ]
 [0.         0.         0.         0.        ]
 [0.         0.         0.         0.        ]
 [0.         0.         0.         0.        ]
 [0.         0.         0.         0.        ]
 [0.         0.         0.         0.        ]
 [0.00269664 0.00024093 0.00444214 0.00774893]
 [0.         0.         0.         0.        ]
 [0.         0.         0.         0.        ]
 [0.         0.         0.         0.        ]
 [0.         0.         0.         0.        ]
 [0.         0.         0.         0.        ]
 [0.         0.         0.         0.        ]
 [0.         0.         0.         0.        ]
 [0.         0.         0.         0.        ]
 [0.         0.         0.         0.        ]
 [0.00024555 0.00348991 0.00735968 0.00370358]
 [0.         0.         0.         0.        ]
 [0.         0.         0.         0.        ]
 [0.         0.         0.         0.        ]
 [0.         0.         0.         0.        ]
 [0.         0.         0.         0.        ]
 [0.         0.         0.         0.        ]
 [0.         0.         0.         0.        ]
 [0.         0.         0.         0.        ]
 [0.         0.         0.         0.        ]
 [0.         0.         0.         0.        ]
 [0.         0.         0.         0.        ]
 [0.         0.         0.         0.        ]
 [0.         0.         0.         0.        ]
 [0.         0.         0.         0.        ]
 [0.         0.         0.         0.        ]
 [0.         0.         0.         0.        ]
 [0.         0.         0.         0.        ]
 [0.         0.         0.         0.        ]
 [0.         0.         0.         0.        ]
 [0.         0.         0.         0.        ]
 [0.         0.         0.         0.        ]
 [0.         0.         0.         0.        ]
 [0.         0.         0.         0.        ]
 [0.         0.         0.         0.        ]
 [0.         0.         0.         0.        ]
 [0.         0.         0.         0.        ]
 [0.         0.         0.         0.        ]
 [0.         0.         0.         0.        ]
 [0.         0.         0.         0.        ]
 [0.         0.         0.         0.        ]
 [0.         0.         0.         0.        ]
 [0.         0.         0.         0.        ]
 [0.         0.         0.         0.        ]
 [0.         0.         0.         0.        ]
 [0.         0.         0.         0.        ]
 [0.         0.         0.         0.        ]
 [0.         0.         0.         0.        ]
 [0.         0.         0.         0.        ]
 [0.         0.         0.         0.        ]
 [0.         0.         0.         0.        ]
 [0.         0.         0.         0.        ]
 [0.         0.         0.         0.        ]
 [0.         0.         0.         0.        ]
 [0.         0.         0.         0.        ]
 [0.         0.         0.         0.        ]
 [0.         0.         0.         0.        ]
 [0.         0.         0.         0.        ]
 [0.         0.         0.         0.        ]
 [0.         0.         0.         0.        ]
 [0.         0.         0.         0.        ]
 [0.         0.         0.         0.        ]
 [0.         0.         0.         0.        ]
 [0.         0.         0.         0.        ]
 [0.         0.         0.         0.        ]
 [0.         0.         0.         0.        ]
 [0.         0.         0.         0.        ]
 [0.         0.         0.         0.        ]
 [0.         0.         0.         0.        ]
 [0.         0.         0.         0.        ]
 [0.         0.         0.         0.        ]
 [0.         0.         0.         0.        ]
 [0.         0.         0.         0.        ]
 [0.         0.         0.         0.        ]
 [0.         0.         0.         0.        ]
 [0.         0.         0.         0.        ]
 [0.         0.         0.         0.        ]
 [0.         0.         0.         0.        ]
 [0.         0.         0.         0.        ]
 [0.         0.         0.         0.        ]
 [0.         0.         0.         0.        ]
 [0.         0.         0.         0.        ]
 [0.         0.         0.         0.        ]
 [0.         0.         0.         0.        ]
 [0.         0.         0.         0.        ]
 [0.         0.         0.         0.        ]
 [0.         0.         0.         0.        ]
 [0.         0.         0.         0.        ]
 [0.         0.         0.         0.        ]
 [0.         0.         0.         0.        ]]
Training  | Episode: 10000/500000  | Episode Reward: -50.0000 | Epsilon: 0.2000 | Goal reached: 0
Training  | Episode: 20000/500000  | Episode Reward: -60.0000 | Epsilon: 0.2000 | Goal reached: 0
Training  | Episode: 30000/500000  | Episode Reward: -52.0000 | Epsilon: 0.2000 | Goal reached: 0
Training  | Episode: 40000/500000  | Episode Reward: -60.0000 | Epsilon: 0.2000 | Goal reached: 0
Training  | Episode: 50000/500000  | Episode Reward: -72.0000 | Epsilon: 0.2000 | Goal reached: 0
Training  | Episode: 60000/500000  | Episode Reward: -82.0000 | Epsilon: 0.2000 | Goal reached: 0
Training  | Episode: 70000/500000  | Episode Reward: -83.0000 | Epsilon: 0.2000 | Goal reached: 0
Training  | Episode: 80000/500000  | Episode Reward: -50.0000 | Epsilon: 0.2000 | Goal reached: 0
Training  | Episode: 90000/500000  | Episode Reward: -72.0000 | Epsilon: 0.2000 | Goal reached: 0
Training  | Episode: 100000/500000  | Episode Reward: -52.0000 | Epsilon: 0.2000 | Goal reached: 0
[[  0.00226326 -22.79178429 -20.2704792    0.00758608]
 [  0.           0.           0.           0.        ]
 [  0.0064335  -37.79298782 -22.95999718   0.00417303]
 [  0.           0.           0.           0.        ]
 [  0.           0.           0.           0.        ]
 [  0.           0.           0.           0.        ]
 [  0.           0.           0.           0.        ]
 [  0.           0.           0.           0.        ]
 [  0.           0.           0.           0.        ]
 [  0.           0.           0.           0.        ]
 [  0.00269664  -4.57548046  -3.46518564   0.00774893]
 [  0.00796876 -22.35925102 -33.19718933   0.00958137]
 [  0.00964057 -20.09704781 -16.43037033   0.00470757]
 [  0.           0.           0.           0.        ]
 [  0.           0.           0.           0.        ]
 [  0.           0.           0.           0.        ]
 [  0.           0.           0.           0.        ]
 [  0.           0.           0.           0.        ]
 [  0.           0.           0.           0.        ]
 [  0.           0.           0.           0.        ]
 [  0.00024555 -38.68078613 -35.9332962    0.00370358]
 [  0.           0.           0.           0.        ]
 [  0.00524708 -31.94960976 -17.56316566   0.00783894]
 [  0.00452736  -4.10927725 -23.386549     0.00368645]
 [  0.00835262 -21.09105492 -32.58823395   0.00297872]
 [  0.           0.           0.           0.        ]
 [  0.           0.           0.           0.        ]
 [  0.0013412   -0.99425173   0.00344676   0.004629  ]
 [  0.           0.           0.           0.        ]
 [  0.           0.           0.           0.        ]
 [  0.           0.           0.           0.        ]
 [  0.           0.           0.           0.        ]
 [  0.           0.           0.           0.        ]
 [  0.00969755 -13.89495564  -4.07870626   0.0059497 ]
 [  0.00945552 -19.67869949 -15.75628376   0.00385377]
 [  0.00016299 -22.28564644 -28.57126045   0.00756872]
 [  0.00443194  -2.01919055  -4.53136778   0.00052881]
 [  0.00940535  -0.62940788  -0.28684795   0.0059401 ]
 [  0.00292987  -1.7127341   -6.58768511   0.00627912]
 [  0.           0.           0.           0.        ]
 [  0.           0.           0.           0.        ]
 [  0.           0.           0.           0.        ]
 [  0.           0.           0.           0.        ]
 [  0.00491148 -27.26920128 -18.44378471   0.00415657]
 [  0.           0.           0.           0.        ]
 [  0.           0.           0.           0.        ]
 [  0.00671523  -5.70314789  -4.21376991   0.00794221]
 [  0.00687643  -1.20197296  -2.95475793   0.00441359]
 [  0.           0.           0.           0.        ]
 [  0.           0.           0.           0.        ]
 [  0.           0.           0.           0.        ]
 [  0.           0.           0.           0.        ]
 [  0.           0.           0.           0.        ]
 [  0.00842874 -22.16617966 -21.78715515   0.00528639]
 [  0.           0.           0.           0.        ]
 [  0.           0.           0.           0.        ]
 [  0.           0.           0.           0.        ]
 [  0.00751526  -1.03665078  -1.19352496   0.00292117]
 [  0.           0.           0.           0.        ]
 [  0.           0.           0.           0.        ]
 [  0.           0.           0.           0.        ]
 [  0.           0.           0.           0.        ]
 [  0.           0.           0.           0.        ]
 [  0.           0.           0.           0.        ]
 [  0.           0.           0.           0.        ]
 [  0.           0.           0.           0.        ]
 [  0.           0.           0.           0.        ]
 [  0.00623681  -0.99264479   0.00062915   0.00163707]
 [  0.           0.           0.           0.        ]
 [  0.           0.           0.           0.        ]
 [  0.           0.           0.           0.        ]
 [  0.           0.           0.           0.        ]
 [  0.           0.           0.           0.        ]
 [  0.           0.           0.           0.        ]
 [  0.           0.           0.           0.        ]
 [  0.           0.           0.           0.        ]
 [  0.           0.           0.           0.        ]
 [  0.00170439   0.00723929  -0.19510283   0.0033239 ]
 [  0.           0.           0.           0.        ]
 [  0.           0.           0.           0.        ]
 [  0.           0.           0.           0.        ]
 [  0.           0.           0.           0.        ]
 [  0.           0.           0.           0.        ]
 [  0.           0.           0.           0.        ]
 [  0.           0.           0.           0.        ]
 [  0.           0.           0.           0.        ]
 [  0.           0.           0.           0.        ]
 [  0.           0.           0.           0.        ]
 [  0.           0.           0.           0.        ]
 [  0.           0.           0.           0.        ]
 [  0.           0.           0.           0.        ]
 [  0.           0.           0.           0.        ]
 [  0.           0.           0.           0.        ]
 [  0.           0.           0.           0.        ]
 [  0.           0.           0.           0.        ]
 [  0.           0.           0.           0.        ]
 [  0.           0.           0.           0.        ]
 [  0.           0.           0.           0.        ]
 [  0.           0.           0.           0.        ]
 [  0.           0.           0.           0.        ]]
Training  | Episode: 110000/500000  | Episode Reward: -50.0000 | Epsilon: 0.2000 | Goal reached: 0
Training  | Episode: 120000/500000  | Episode Reward: -52.0000 | Epsilon: 0.2000 | Goal reached: 0
Training  | Episode: 130000/500000  | Episode Reward: -50.0000 | Epsilon: 0.2000 | Goal reached: 0
Training  | Episode: 140000/500000  | Episode Reward: -60.0000 | Epsilon: 0.2000 | Goal reached: 0
Training  | Episode: 150000/500000  | Episode Reward: -62.0000 | Epsilon: 0.2000 | Goal reached: 0
Training  | Episode: 160000/500000  | Episode Reward: -50.0000 | Epsilon: 0.2000 | Goal reached: 0
Training  | Episode: 170000/500000  | Episode Reward: -50.0000 | Epsilon: 0.2000 | Goal reached: 0
Training  | Episode: 180000/500000  | Episode Reward: -50.0000 | Epsilon: 0.2000 | Goal reached: 0
Training  | Episode: 190000/500000  | Episode Reward: -50.0000 | Epsilon: 0.2000 | Goal reached: 0
Training  | Episode: 200000/500000  | Episode Reward: -50.0000 | Epsilon: 0.2000 | Goal reached: 0
[[  0.00226326 -22.21376801 -23.53276253   0.00758608]
 [  0.           0.           0.           0.        ]
 [  0.0064335  -39.65513229 -23.16648293   0.00417303]
 [  0.           0.           0.           0.        ]
 [  0.           0.           0.           0.        ]
 [  0.           0.           0.           0.        ]
 [  0.           0.           0.           0.        ]
 [  0.           0.           0.           0.        ]
 [  0.           0.           0.           0.        ]
 [  0.           0.           0.           0.        ]
 [  0.00269664  -4.52351427  -3.44911695   0.00774893]
 [  0.00796876 -20.61682701 -34.33682251   0.00958137]
 [  0.00964057 -18.02910805 -18.55452156   0.00470757]
 [  0.           0.           0.           0.        ]
 [  0.           0.           0.           0.        ]
 [  0.           0.           0.           0.        ]
 [  0.           0.           0.           0.        ]
 [  0.           0.           0.           0.        ]
 [  0.           0.           0.           0.        ]
 [  0.           0.           0.           0.        ]
 [  0.00024555 -33.24219894 -36.188694     0.00370358]
 [  0.           0.           0.           0.        ]
 [  0.00524708 -35.81362152 -20.77176094   0.00783894]
 [  0.00452736  -5.39858055 -18.08485413   0.00368645]
 [  0.00835262 -18.64073181 -39.35317993   0.00297872]
 [  0.           0.           0.           0.        ]
 [  0.           0.           0.           0.        ]
 [  0.0013412   -3.8756876   -1.36833096   0.004629  ]
 [  0.           0.           0.           0.        ]
 [  0.           0.           0.           0.        ]
 [  0.           0.           0.           0.        ]
 [  0.           0.           0.           0.        ]
 [  0.           0.           0.           0.        ]
 [  0.00969755 -17.20584297  -5.75020647   0.0059497 ]
 [  0.00945552 -20.76540184 -20.75564194   0.00385377]
 [  0.00016299 -15.19583321 -29.21549416   0.00756872]
 [  0.00443194  -3.41422772  -7.479949     0.00052881]
 [  0.00940535  -1.19074178  -1.03045344   0.0059401 ]
 [  0.00292987  -8.42384529 -11.5429163    0.00627912]
 [  0.           0.           0.           0.        ]
 [  0.           0.           0.           0.        ]
 [  0.           0.           0.           0.        ]
 [  0.           0.           0.           0.        ]
 [  0.00491148 -34.64170074 -17.7665863    0.00415657]
 [  0.           0.           0.           0.        ]
 [  0.           0.           0.           0.        ]
 [  0.00671523  -9.73479557  -9.03656864   0.00794221]
 [  0.00687643  -7.55884695  -8.12661839   0.00441359]
 [  0.           0.           0.           0.        ]
 [  0.           0.           0.           0.        ]
 [  0.           0.           0.           0.        ]
 [  0.           0.           0.           0.        ]
 [  0.           0.           0.           0.        ]
 [  0.00842874 -34.81409836 -32.06005859   0.00528639]
 [  0.           0.           0.           0.        ]
 [  0.           0.           0.           0.        ]
 [  0.           0.           0.           0.        ]
 [  0.00751526  -4.79920769  -1.36562753   0.00292117]
 [  0.           0.           0.           0.        ]
 [  0.           0.           0.           0.        ]
 [  0.           0.           0.           0.        ]
 [  0.           0.           0.           0.        ]
 [  0.           0.           0.           0.        ]
 [  0.           0.           0.           0.        ]
 [  0.           0.           0.           0.        ]
 [  0.           0.           0.           0.        ]
 [  0.           0.           0.           0.        ]
 [  0.00623681  -1.17266154  -1.17908692   0.00163707]
 [  0.           0.           0.           0.        ]
 [  0.           0.           0.           0.        ]
 [  0.           0.           0.           0.        ]
 [  0.           0.           0.           0.        ]
 [  0.           0.           0.           0.        ]
 [  0.           0.           0.           0.        ]
 [  0.           0.           0.           0.        ]
 [  0.           0.           0.           0.        ]
 [  0.           0.           0.           0.        ]
 [  0.00170439   0.00723929  -0.19510283   0.0033239 ]
 [  0.           0.           0.           0.        ]
 [  0.           0.           0.           0.        ]
 [  0.           0.           0.           0.        ]
 [  0.           0.           0.           0.        ]
 [  0.           0.           0.           0.        ]
 [  0.           0.           0.           0.        ]
 [  0.           0.           0.           0.        ]
 [  0.           0.           0.           0.        ]
 [  0.           0.           0.           0.        ]
 [  0.           0.           0.           0.        ]
 [  0.           0.           0.           0.        ]
 [  0.           0.           0.           0.        ]
 [  0.           0.           0.           0.        ]
 [  0.           0.           0.           0.        ]
 [  0.           0.           0.           0.        ]
 [  0.           0.           0.           0.        ]
 [  0.           0.           0.           0.        ]
 [  0.           0.           0.           0.        ]
 [  0.           0.           0.           0.        ]
 [  0.           0.           0.           0.        ]
 [  0.           0.           0.           0.        ]
 [  0.           0.           0.           0.        ]]
Training  | Episode: 210000/500000  | Episode Reward: -50.0000 | Epsilon: 0.2000 | Goal reached: 0
Training  | Episode: 220000/500000  | Episode Reward: -60.0000 | Epsilon: 0.2000 | Goal reached: 0
Training  | Episode: 230000/500000  | Episode Reward: -50.0000 | Epsilon: 0.2000 | Goal reached: 0
Training  | Episode: 240000/500000  | Episode Reward: -52.0000 | Epsilon: 0.2000 | Goal reached: 0
Training  | Episode: 250000/500000  | Episode Reward: -50.0000 | Epsilon: 0.2000 | Goal reached: 0
Training  | Episode: 260000/500000  | Episode Reward: -94.0000 | Epsilon: 0.2000 | Goal reached: 0
Training  | Episode: 270000/500000  | Episode Reward: -50.0000 | Epsilon: 0.2000 | Goal reached: 0
Training  | Episode: 280000/500000  | Episode Reward: -73.0000 | Epsilon: 0.2000 | Goal reached: 0
Training  | Episode: 290000/500000  | Episode Reward: -52.0000 | Epsilon: 0.2000 | Goal reached: 0
Training  | Episode: 300000/500000  | Episode Reward: -50.0000 | Epsilon: 0.2000 | Goal reached: 0
[[  0.00226326 -19.56199646 -22.839571     0.00758608]
 [  0.           0.           0.           0.        ]
 [  0.0064335  -36.16304016 -21.80999947   0.00417303]
 [  0.           0.           0.           0.        ]
 [  0.           0.           0.           0.        ]
 [  0.           0.           0.           0.        ]
 [  0.           0.           0.           0.        ]
 [  0.           0.           0.           0.        ]
 [  0.           0.           0.           0.        ]
 [  0.           0.           0.           0.        ]
 [  0.00269664  -5.13761044  -3.31358886   0.00774893]
 [  0.00796876 -21.91003418 -35.28173828   0.00958137]
 [  0.00964057 -19.72379303 -17.42481232   0.00470757]
 [  0.           0.           0.           0.        ]
 [  0.           0.           0.           0.        ]
 [  0.           0.           0.           0.        ]
 [  0.           0.           0.           0.        ]
 [  0.           0.           0.           0.        ]
 [  0.           0.           0.           0.        ]
 [  0.           0.           0.           0.        ]
 [  0.00024555 -39.05073929 -36.71588516   0.00370358]
 [  0.           0.           0.           0.        ]
 [  0.00524708 -30.12188148 -20.74402618   0.00783894]
 [  0.00452736  -4.86348581 -21.12154579   0.00368645]
 [  0.00835262 -18.87915611 -33.26910019   0.00297872]
 [  0.           0.           0.           0.        ]
 [  0.           0.           0.           0.        ]
 [  0.0013412   -3.99800444  -3.55921197   0.004629  ]
 [  0.           0.           0.           0.        ]
 [  0.           0.           0.           0.        ]
 [  0.           0.           0.           0.        ]
 [  0.           0.           0.           0.        ]
 [  0.           0.           0.           0.        ]
 [  0.00969755 -23.1668129   -4.71815491   0.0059497 ]
 [  0.00945552 -20.24168587 -22.21313095   0.00385377]
 [  0.00016299 -23.0875721  -34.07476807   0.00756872]
 [  0.00443194  -3.77430582  -8.13621998   0.00052881]
 [  0.00940535  -1.94565618  -1.81542695   0.0059401 ]
 [  0.00292987 -13.10582066 -13.8041811    0.00627912]
 [  0.           0.           0.           0.        ]
 [  0.           0.           0.           0.        ]
 [  0.           0.           0.           0.        ]
 [  0.           0.           0.           0.        ]
 [  0.00491148 -35.24045563 -17.36146736   0.00415657]
 [  0.           0.           0.           0.        ]
 [  0.           0.           0.           0.        ]
 [  0.00671523 -13.38273811 -13.97006321   0.00794221]
 [  0.00687643 -10.3816824   -9.83381367   0.00441359]
 [  0.           0.           0.           0.        ]
 [  0.           0.           0.           0.        ]
 [  0.           0.           0.           0.        ]
 [  0.           0.           0.           0.        ]
 [  0.           0.           0.           0.        ]
 [  0.00842874 -38.78248596 -38.35406113   0.00528639]
 [  0.           0.           0.           0.        ]
 [  0.           0.           0.           0.        ]
 [  0.           0.           0.           0.        ]
 [  0.00751526  -5.70313263  -5.24699688   0.00292117]
 [  0.           0.           0.           0.        ]
 [  0.           0.           0.           0.        ]
 [  0.           0.           0.           0.        ]
 [  0.           0.           0.           0.        ]
 [  0.           0.           0.           0.        ]
 [  0.           0.           0.           0.        ]
 [  0.           0.           0.           0.        ]
 [  0.           0.           0.           0.        ]
 [  0.           0.           0.           0.        ]
 [  0.00623681  -1.17266154  -1.17908692   0.00163707]
 [  0.           0.           0.           0.        ]
 [  0.           0.           0.           0.        ]
 [  0.           0.           0.           0.        ]
 [  0.           0.           0.           0.        ]
 [  0.           0.           0.           0.        ]
 [  0.           0.           0.           0.        ]
 [  0.           0.           0.           0.        ]
 [  0.           0.           0.           0.        ]
 [  0.           0.           0.           0.        ]
 [  0.00170439   0.00723929  -0.19510283   0.0033239 ]
 [  0.           0.           0.           0.        ]
 [  0.           0.           0.           0.        ]
 [  0.           0.           0.           0.        ]
 [  0.           0.           0.           0.        ]
 [  0.           0.           0.           0.        ]
 [  0.           0.           0.           0.        ]
 [  0.           0.           0.           0.        ]
 [  0.           0.           0.           0.        ]
 [  0.           0.           0.           0.        ]
 [  0.           0.           0.           0.        ]
 [  0.           0.           0.           0.        ]
 [  0.           0.           0.           0.        ]
 [  0.           0.           0.           0.        ]
 [  0.           0.           0.           0.        ]
 [  0.           0.           0.           0.        ]
 [  0.           0.           0.           0.        ]
 [  0.           0.           0.           0.        ]
 [  0.           0.           0.           0.        ]
 [  0.           0.           0.           0.        ]
 [  0.           0.           0.           0.        ]
 [  0.           0.           0.           0.        ]
 [  0.           0.           0.           0.        ]]
Training  | Episode: 310000/500000  | Episode Reward: -62.0000 | Epsilon: 0.2000 | Goal reached: 0
Training  | Episode: 320000/500000  | Episode Reward: -60.0000 | Epsilon: 0.2000 | Goal reached: 0
Training  | Episode: 330000/500000  | Episode Reward: -131.0000 | Epsilon: 0.2000 | Goal reached: 0
Training  | Episode: 340000/500000  | Episode Reward: -70.0000 | Epsilon: 0.2000 | Goal reached: 0
Training  | Episode: 350000/500000  | Episode Reward: -91.0000 | Epsilon: 0.2000 | Goal reached: 0
Training  | Episode: 360000/500000  | Episode Reward: -54.0000 | Epsilon: 0.2000 | Goal reached: 0
Training  | Episode: 370000/500000  | Episode Reward: -50.0000 | Epsilon: 0.2000 | Goal reached: 0
Training  | Episode: 380000/500000  | Episode Reward: -50.0000 | Epsilon: 0.2000 | Goal reached: 0
Training  | Episode: 390000/500000  | Episode Reward: -50.0000 | Epsilon: 0.2000 | Goal reached: 0
Training  | Episode: 400000/500000  | Episode Reward: -118.0000 | Epsilon: 0.2000 | Goal reached: 0
[[  0.00226326 -21.15377235 -21.52210045   0.00758608]
 [  0.           0.           0.           0.        ]
 [  0.0064335  -33.78353119 -25.2446022    0.00417303]
 [  0.           0.           0.           0.        ]
 [  0.           0.           0.           0.        ]
 [  0.           0.           0.           0.        ]
 [  0.           0.           0.           0.        ]
 [  0.           0.           0.           0.        ]
 [  0.           0.           0.           0.        ]
 [  0.           0.           0.           0.        ]
 [  0.00269664  -4.34208488  -3.48321962   0.00774893]
 [  0.00796876 -17.82418823 -29.59209251   0.00958137]
 [  0.00964057 -20.57307434 -19.36353111   0.00470757]
 [  0.           0.           0.           0.        ]
 [  0.           0.           0.           0.        ]
 [  0.           0.           0.           0.        ]
 [  0.           0.           0.           0.        ]
 [  0.           0.           0.           0.        ]
 [  0.           0.           0.           0.        ]
 [  0.           0.           0.           0.        ]
 [  0.00024555 -40.41317368 -35.33509827   0.00370358]
 [  0.           0.           0.           0.        ]
 [  0.00524708 -35.52040482 -18.7666111    0.00783894]
 [  0.00452736  -4.68699551 -17.82936478   0.00368645]
 [  0.00835262 -22.38283348 -34.26717758   0.00297872]
 [  0.           0.           0.           0.        ]
 [  0.           0.           0.           0.        ]
 [  0.0013412   -7.84883547  -7.26760054   0.004629  ]
 [  0.           0.           0.           0.        ]
 [  0.           0.           0.           0.        ]
 [  0.           0.           0.           0.        ]
 [  0.           0.           0.           0.        ]
 [  0.           0.           0.           0.        ]
 [  0.00969755 -20.00013351  -4.67891216   0.0059497 ]
 [  0.00945552 -22.46359444 -19.18481064   0.00385377]
 [  0.00016299 -17.1114521  -33.29794693   0.00756872]
 [  0.00443194  -4.54494667 -12.09183693   0.00052881]
 [  0.00940535  -3.00020003  -2.07594919   0.0059401 ]
 [  0.00292987 -18.22624779 -17.28124809   0.00627912]
 [  0.           0.           0.           0.        ]
 [  0.           0.           0.           0.        ]
 [  0.           0.           0.           0.        ]
 [  0.           0.           0.           0.        ]
 [  0.00491148 -32.08552933 -22.14319038   0.00415657]
 [  0.           0.           0.           0.        ]
 [  0.           0.           0.           0.        ]
 [  0.00671523 -16.85835838 -15.61938477   0.00794221]
 [  0.00687643 -11.11393547 -11.68460369   0.00441359]
 [  0.           0.           0.           0.        ]
 [  0.           0.           0.           0.        ]
 [  0.           0.           0.           0.        ]
 [  0.           0.           0.           0.        ]
 [  0.           0.           0.           0.        ]
 [  0.00842874 -42.50881195 -37.17216873   0.00528639]
 [  0.           0.           0.           0.        ]
 [  0.           0.           0.           0.        ]
 [  0.           0.           0.           0.        ]
 [  0.00751526  -6.40618944  -6.01205873   0.00292117]
 [  0.           0.           0.           0.        ]
 [  0.           0.           0.           0.        ]
 [  0.           0.           0.           0.        ]
 [  0.           0.           0.           0.        ]
 [  0.           0.           0.           0.        ]
 [  0.           0.           0.           0.        ]
 [  0.           0.           0.           0.        ]
 [  0.           0.           0.           0.        ]
 [  0.           0.           0.           0.        ]
 [  0.00623681  -4.04359531  -2.15532804   0.00163707]
 [  0.           0.           0.           0.        ]
 [  0.           0.           0.           0.        ]
 [  0.           0.           0.           0.        ]
 [  0.           0.           0.           0.        ]
 [  0.           0.           0.           0.        ]
 [  0.           0.           0.           0.        ]
 [  0.           0.           0.           0.        ]
 [  0.           0.           0.           0.        ]
 [  0.           0.           0.           0.        ]
 [  0.00170439   0.00723929  -0.19510283   0.0033239 ]
 [  0.           0.           0.           0.        ]
 [  0.           0.           0.           0.        ]
 [  0.           0.           0.           0.        ]
 [  0.           0.           0.           0.        ]
 [  0.           0.           0.           0.        ]
 [  0.           0.           0.           0.        ]
 [  0.           0.           0.           0.        ]
 [  0.           0.           0.           0.        ]
 [  0.           0.           0.           0.        ]
 [  0.           0.           0.           0.        ]
 [  0.           0.           0.           0.        ]
 [  0.           0.           0.           0.        ]
 [  0.           0.           0.           0.        ]
 [  0.           0.           0.           0.        ]
 [  0.           0.           0.           0.        ]
 [  0.           0.           0.           0.        ]
 [  0.           0.           0.           0.        ]
 [  0.           0.           0.           0.        ]
 [  0.           0.           0.           0.        ]
 [  0.           0.           0.           0.        ]
 [  0.           0.           0.           0.        ]
 [  0.           0.           0.           0.        ]]
Training  | Episode: 410000/500000  | Episode Reward: -51.0000 | Epsilon: 0.2000 | Goal reached: 0
Training  | Episode: 420000/500000  | Episode Reward: -52.0000 | Epsilon: 0.2000 | Goal reached: 0
Training  | Episode: 430000/500000  | Episode Reward: -53.0000 | Epsilon: 0.2000 | Goal reached: 0
Training  | Episode: 440000/500000  | Episode Reward: -60.0000 | Epsilon: 0.2000 | Goal reached: 0
Training  | Episode: 450000/500000  | Episode Reward: -60.0000 | Epsilon: 0.2000 | Goal reached: 0
Training  | Episode: 460000/500000  | Episode Reward: -60.0000 | Epsilon: 0.2000 | Goal reached: 0
Training  | Episode: 470000/500000  | Episode Reward: -70.0000 | Epsilon: 0.2000 | Goal reached: 0
Training  | Episode: 480000/500000  | Episode Reward: -50.0000 | Epsilon: 0.2000 | Goal reached: 0
Training  | Episode: 490000/500000  | Episode Reward: -52.0000 | Epsilon: 0.2000 | Goal reached: 0
[[  0.00226326 -22.09521103 -23.48580742   0.00758608]
 [  0.           0.           0.           0.        ]
 [  0.0064335  -33.22431946 -24.40100098   0.00417303]
 [  0.           0.           0.           0.        ]
 [  0.           0.           0.           0.        ]
 [  0.           0.           0.           0.        ]
 [  0.           0.           0.           0.        ]
 [  0.           0.           0.           0.        ]
 [  0.           0.           0.           0.        ]
 [  0.           0.           0.           0.        ]
 [  0.00269664  -4.41478825  -2.60015202   0.00774893]
 [  0.00796876 -20.93464851 -33.59633636   0.00958137]
 [  0.00964057 -20.83068275 -20.09612465   0.00470757]
 [  0.           0.           0.           0.        ]
 [  0.           0.           0.           0.        ]
 [  0.           0.           0.           0.        ]
 [  0.           0.           0.           0.        ]
 [  0.           0.           0.           0.        ]
 [  0.           0.           0.           0.        ]
 [  0.           0.           0.           0.        ]
 [  0.00024555 -35.67322922 -40.16792297   0.00370358]
 [  0.           0.           0.           0.        ]
 [  0.00524708 -30.01681137 -23.24284172   0.00783894]
 [  0.00452736  -4.9537735  -19.53240776   0.00368645]
 [  0.00835262 -20.58164978 -36.2603569    0.00297872]
 [  0.           0.           0.           0.        ]
 [  0.           0.           0.           0.        ]
 [  0.0013412  -12.66017342 -11.39225292   0.004629  ]
 [  0.           0.           0.           0.        ]
 [  0.           0.           0.           0.        ]
 [  0.           0.           0.           0.        ]
 [  0.           0.           0.           0.        ]
 [  0.           0.           0.           0.        ]
 [  0.00969755 -14.78036499  -4.7560482    0.0059497 ]
 [  0.00945552 -22.7027874  -19.4185791    0.00385377]
 [  0.00016299 -20.17976189 -33.47917557   0.00756872]
 [  0.00443194  -3.79539871 -13.2655983    0.00052881]
 [  0.00940535  -3.19258523  -1.56114841   0.0059401 ]
 [  0.00292987 -20.51013374 -21.59535408   0.00627912]
 [  0.           0.           0.           0.        ]
 [  0.           0.           0.           0.        ]
 [  0.           0.           0.           0.        ]
 [  0.           0.           0.           0.        ]
 [  0.00491148 -35.15758896 -23.98016357   0.00415657]
 [  0.           0.           0.           0.        ]
 [  0.           0.           0.           0.        ]
 [  0.00671523 -19.3892498  -18.93362999   0.00794221]
 [  0.00687643 -12.37468338 -12.65640259   0.00441359]
 [  0.           0.           0.           0.        ]
 [  0.           0.           0.           0.        ]
 [  0.           0.           0.           0.        ]
 [  0.           0.           0.           0.        ]
 [  0.           0.           0.           0.        ]
 [  0.00842874 -43.87794876 -36.51569366   0.00528639]
 [  0.           0.           0.           0.        ]
 [  0.           0.           0.           0.        ]
 [  0.           0.           0.           0.        ]
 [  0.00751526  -8.8099308   -7.98385525   0.00292117]
 [  0.           0.           0.           0.        ]
 [  0.           0.           0.           0.        ]
 [  0.           0.           0.           0.        ]
 [  0.           0.           0.           0.        ]
 [  0.           0.           0.           0.        ]
 [  0.           0.           0.           0.        ]
 [  0.           0.           0.           0.        ]
 [  0.           0.           0.           0.        ]
 [  0.           0.           0.           0.        ]
 [  0.00623681  -3.92295051  -4.44620228   0.00163707]
 [  0.           0.           0.           0.        ]
 [  0.           0.           0.           0.        ]
 [  0.           0.           0.           0.        ]
 [  0.           0.           0.           0.        ]
 [  0.           0.           0.           0.        ]
 [  0.           0.           0.           0.        ]
 [  0.           0.           0.           0.        ]
 [  0.           0.           0.           0.        ]
 [  0.           0.           0.           0.        ]
 [  0.00170439  -0.99276572  -0.22663349   0.0033239 ]
 [  0.           0.           0.           0.        ]
 [  0.           0.           0.           0.        ]
 [  0.           0.           0.           0.        ]
 [  0.           0.           0.           0.        ]
 [  0.           0.           0.           0.        ]
 [  0.           0.           0.           0.        ]
 [  0.           0.           0.           0.        ]
 [  0.           0.           0.           0.        ]
 [  0.           0.           0.           0.        ]
 [  0.00806051  -0.99030906  -0.01446978   0.00954315]
 [  0.00248362   0.00145642   0.00246627   0.00156023]
 [  0.           0.           0.           0.        ]
 [  0.           0.           0.           0.        ]
 [  0.           0.           0.           0.        ]
 [  0.           0.           0.           0.        ]
 [  0.           0.           0.           0.        ]
 [  0.           0.           0.           0.        ]
 [  0.           0.           0.           0.        ]
 [  0.           0.           0.           0.        ]
 [  0.           0.           0.           0.        ]
 [  0.           0.           0.           0.        ]
 [  0.           0.           0.           0.        ]]
