___DIRECTION___
gamma:  0.6 learning rate:  0.1 eps decay:  0.9999975
[[b'S' b'H' b'H' b'H' b'H' b'H' b'H' b'H' b'H' b'F']
 [b'F' b'H' b'H' b'H' b'H' b'F' b'H' b'H' b'F' b'F']
 [b'F' b'H' b'F' b'H' b'H' b'F' b'H' b'H' b'H' b'H']
 [b'F' b'F' b'F' b'F' b'F' b'F' b'F' b'H' b'H' b'H']
 [b'H' b'H' b'H' b'H' b'H' b'H' b'F' b'F' b'H' b'H']
 [b'F' b'H' b'F' b'H' b'H' b'F' b'H' b'F' b'F' b'H']
 [b'H' b'F' b'H' b'H' b'H' b'H' b'H' b'H' b'F' b'F']
 [b'F' b'H' b'H' b'H' b'H' b'H' b'F' b'H' b'F' b'H']
 [b'H' b'F' b'H' b'H' b'H' b'H' b'H' b'F' b'F' b'F']
 [b'H' b'H' b'H' b'H' b'F' b'H' b'H' b'H' b'H' b'G']]
[<tf.Variable 'q_a_s/weights:0' shape=(100, 4) dtype=float32, numpy=
array([[0.00722067, 0.50491554, 0.50975436, 0.00865168],
       [0.00644754, 0.5046737 , 0.5090133 , 0.00992362],
       [0.00350373, 0.50820255, 0.50973475, 0.00061446],
       [0.0028549 , 0.50955904, 0.50635314, 0.00045159],
       [0.00543412, 0.5080994 , 0.5085399 , 0.00050623],
       [0.00201424, 0.50512177, 0.50944   , 0.00766808],
       [0.00376512, 0.50407046, 0.5026719 , 0.00812576],
       [0.00855513, 0.5080853 , 0.50131434, 0.00391456],
       [0.00245278, 0.5020856 , 0.50691056, 0.00590147],
       [0.00969982, 0.5032252 , 0.50698197, 0.00467545],
       [0.00358008, 0.50184846, 0.50809175, 0.00695312],
       [0.00947635, 0.507139  , 0.5011439 , 0.00200841],
       [0.00696167, 0.5035302 , 0.50186515, 0.00017701],
       [0.0094528 , 0.5039757 , 0.50843215, 0.00095838],
       [0.00664282, 0.5050953 , 0.5022006 , 0.0093732 ],
       [0.00389945, 0.5013808 , 0.50070536, 0.00168414],
       [0.00878962, 0.5071848 , 0.50688505, 0.00874672],
       [0.00230793, 0.50466853, 0.50488764, 0.00245462],
       [0.00994227, 0.5077142 , 0.50996494, 0.0032471 ],
       [0.00814281, 0.5067048 , 0.5062156 , 0.00918224],
       [0.00794752, 0.50851464, 0.5057618 , 0.0072741 ],
       [0.00739626, 0.50143415, 0.5000249 , 0.0021849 ],
       [0.00518219, 0.5079009 , 0.5094739 , 0.00971596],
       [0.00213086, 0.5072051 , 0.5064062 , 0.00231127],
       [0.00319024, 0.5015652 , 0.5065349 , 0.00645881],
       [0.00091398, 0.5092033 , 0.5081308 , 0.00284843],
       [0.00086092, 0.5044796 , 0.5037067 , 0.00415071],
       [0.00629616, 0.5060419 , 0.50136125, 0.00672989],
       [0.00483791, 0.50906247, 0.5045579 , 0.0063226 ],
       [0.00772909, 0.5090375 , 0.5037361 , 0.00022921],
       [0.00758382, 0.5024513 , 0.50474024, 0.00486196],
       [0.0011941 , 0.50313485, 0.5062318 , 0.00146904],
       [0.00817836, 0.50561297, 0.5051312 , 0.00917066],
       [0.00831111, 0.50116163, 0.5075969 , 0.00095836],
       [0.00102905, 0.50270826, 0.50675917, 0.00641969],
       [0.00109633, 0.50584984, 0.505395  , 0.00379532],
       [0.00961398, 0.5081945 , 0.5034136 , 0.00148517],
       [0.00121058, 0.5024069 , 0.5052199 , 0.00452911],
       [0.00231744, 0.5024889 , 0.5068412 , 0.0010835 ],
       [0.00385654, 0.5087282 , 0.5036664 , 0.00439895],
       [0.00235739, 0.505951  , 0.5024866 , 0.0065412 ],
       [0.00378115, 0.50942254, 0.5049028 , 0.00195196],
       [0.00972042, 0.5034832 , 0.5002695 , 0.00191383],
       [0.00191645, 0.5034007 , 0.50250626, 0.00042256],
       [0.00313339, 0.504945  , 0.50746155, 0.0068498 ],
       [0.00440002, 0.5056185 , 0.50924003, 0.00494412],
       [0.00252263, 0.5028176 , 0.501373  , 0.00797587],
       [0.0073048 , 0.5077614 , 0.5019986 , 0.00025416],
       [0.00422126, 0.5089169 , 0.5064037 , 0.00119874],
       [0.00807519, 0.505968  , 0.5079767 , 0.00553255],
       [0.00238925, 0.5007093 , 0.5014664 , 0.00440771],
       [0.00822859, 0.5086122 , 0.5041904 , 0.0012612 ],
       [0.00014031, 0.5011769 , 0.5046468 , 0.00005607],
       [0.00458323, 0.5029204 , 0.5090965 , 0.00663962],
       [0.00530586, 0.5075561 , 0.50691533, 0.00002496],
       [0.00896152, 0.50467426, 0.5006621 , 0.00869465],
       [0.00385036, 0.50967264, 0.5066976 , 0.00659876],
       [0.00307099, 0.5039691 , 0.50904   , 0.00290504],
       [0.00326645, 0.5063566 , 0.50001633, 0.00487118],
       [0.00947906, 0.50616646, 0.50672764, 0.00061941],
       [0.00851412, 0.503204  , 0.50268865, 0.00385628],
       [0.00926054, 0.504144  , 0.50775844, 0.00947255],
       [0.00762373, 0.5061575 , 0.5070192 , 0.00077064],
       [0.00579956, 0.5020123 , 0.5083658 , 0.00028058],
       [0.00339773, 0.508689  , 0.5064915 , 0.00149982],
       [0.00409595, 0.50074196, 0.50222254, 0.00564317],
       [0.00215066, 0.50687027, 0.50026315, 0.00685235],
       [0.00433537, 0.5070013 , 0.5027181 , 0.00221976],
       [0.00147095, 0.5079281 , 0.5095833 , 0.00385472],
       [0.00269168, 0.5076473 , 0.5064428 , 0.00672301],
       [0.00382306, 0.50304013, 0.5042379 , 0.00022616],
       [0.00646137, 0.5063218 , 0.50932425, 0.00407004],
       [0.00260221, 0.50143117, 0.5055166 , 0.00248736],
       [0.00587047, 0.5018493 , 0.5048762 , 0.00542687],
       [0.00428657, 0.50073636, 0.50067997, 0.0034089 ],
       [0.00103986, 0.5005849 , 0.50821733, 0.0061644 ],
       [0.00753355, 0.50995934, 0.5048507 , 0.00790333],
       [0.00724886, 0.504675  , 0.50918233, 0.00643808],
       [0.00156768, 0.5093305 , 0.507814  , 0.00350323],
       [0.00411974, 0.5057316 , 0.50435334, 0.00715165],
       [0.00358382, 0.5018484 , 0.50629693, 0.00775919],
       [0.00782201, 0.50573075, 0.50026476, 0.00699876],
       [0.00794371, 0.5047279 , 0.50932425, 0.00511084],
       [0.00783449, 0.50416154, 0.5095917 , 0.00375757],
       [0.00639982, 0.50458205, 0.5071271 , 0.00649853],
       [0.00608385, 0.50255007, 0.501457  , 0.00544477],
       [0.00167723, 0.501686  , 0.5025115 , 0.00701819],
       [0.00827117, 0.5080013 , 0.50513965, 0.00398236],
       [0.00230885, 0.5074246 , 0.5052446 , 0.00580396],
       [0.00791691, 0.50956523, 0.50960165, 0.00765648],
       [0.00670866, 0.5022831 , 0.5073881 , 0.00494313],
       [0.00131923, 0.5040804 , 0.5071117 , 0.00335839],
       [0.00966816, 0.5005277 , 0.50641227, 0.00782631],
       [0.00468377, 0.5069123 , 0.5023891 , 0.00481601],
       [0.00627446, 0.50329715, 0.50541973, 0.00235074],
       [0.00467325, 0.50576365, 0.5069768 , 0.00239503],
       [0.00119536, 0.5031712 , 0.50627625, 0.00062088],
       [0.00493923, 0.50364965, 0.50896573, 0.0027802 ],
       [0.00147331, 0.50879705, 0.50049376, 0.0046975 ],
       [0.00434396, 0.50551   , 0.5031438 , 0.00375827]], dtype=float32)>]
Training  | Episode: 0/1000000  | Episode Reward: -47.2222 | Epsilon: 1.0000 | Goal reached: 0
[[0.00722067 0.50491554 0.50975436 0.00865168]
 [0.         0.         0.         0.        ]
 [0.         0.         0.         0.        ]
 [0.         0.         0.         0.        ]
 [0.         0.         0.         0.        ]
 [0.         0.         0.         0.        ]
 [0.         0.         0.         0.        ]
 [0.         0.         0.         0.        ]
 [0.         0.         0.         0.        ]
 [0.         0.         0.         0.        ]
 [0.         0.         0.         0.        ]
 [0.         0.         0.         0.        ]
 [0.         0.         0.         0.        ]
 [0.         0.         0.         0.        ]
 [0.         0.         0.         0.        ]
 [0.         0.         0.         0.        ]
 [0.         0.         0.         0.        ]
 [0.         0.         0.         0.        ]
 [0.         0.         0.         0.        ]
 [0.         0.         0.         0.        ]
 [0.         0.         0.         0.        ]
 [0.         0.         0.         0.        ]
 [0.         0.         0.         0.        ]
 [0.         0.         0.         0.        ]
 [0.         0.         0.         0.        ]
 [0.         0.         0.         0.        ]
 [0.         0.         0.         0.        ]
 [0.         0.         0.         0.        ]
 [0.         0.         0.         0.        ]
 [0.         0.         0.         0.        ]
 [0.         0.         0.         0.        ]
 [0.         0.         0.         0.        ]
 [0.         0.         0.         0.        ]
 [0.         0.         0.         0.        ]
 [0.         0.         0.         0.        ]
 [0.         0.         0.         0.        ]
 [0.         0.         0.         0.        ]
 [0.         0.         0.         0.        ]
 [0.         0.         0.         0.        ]
 [0.         0.         0.         0.        ]
 [0.         0.         0.         0.        ]
 [0.         0.         0.         0.        ]
 [0.         0.         0.         0.        ]
 [0.         0.         0.         0.        ]
 [0.         0.         0.         0.        ]
 [0.         0.         0.         0.        ]
 [0.         0.         0.         0.        ]
 [0.         0.         0.         0.        ]
 [0.         0.         0.         0.        ]
 [0.         0.         0.         0.        ]
 [0.         0.         0.         0.        ]
 [0.         0.         0.         0.        ]
 [0.         0.         0.         0.        ]
 [0.         0.         0.         0.        ]
 [0.         0.         0.         0.        ]
 [0.         0.         0.         0.        ]
 [0.         0.         0.         0.        ]
 [0.         0.         0.         0.        ]
 [0.         0.         0.         0.        ]
 [0.         0.         0.         0.        ]
 [0.         0.         0.         0.        ]
 [0.         0.         0.         0.        ]
 [0.         0.         0.         0.        ]
 [0.         0.         0.         0.        ]
 [0.         0.         0.         0.        ]
 [0.         0.         0.         0.        ]
 [0.         0.         0.         0.        ]
 [0.         0.         0.         0.        ]
 [0.         0.         0.         0.        ]
 [0.         0.         0.         0.        ]
 [0.         0.         0.         0.        ]
 [0.         0.         0.         0.        ]
 [0.         0.         0.         0.        ]
 [0.         0.         0.         0.        ]
 [0.         0.         0.         0.        ]
 [0.         0.         0.         0.        ]
 [0.         0.         0.         0.        ]
 [0.         0.         0.         0.        ]
 [0.         0.         0.         0.        ]
 [0.         0.         0.         0.        ]
 [0.         0.         0.         0.        ]
 [0.         0.         0.         0.        ]
 [0.         0.         0.         0.        ]
 [0.         0.         0.         0.        ]
 [0.         0.         0.         0.        ]
 [0.         0.         0.         0.        ]
 [0.         0.         0.         0.        ]
 [0.         0.         0.         0.        ]
 [0.         0.         0.         0.        ]
 [0.         0.         0.         0.        ]
 [0.         0.         0.         0.        ]
 [0.         0.         0.         0.        ]
 [0.         0.         0.         0.        ]
 [0.         0.         0.         0.        ]
 [0.         0.         0.         0.        ]
 [0.         0.         0.         0.        ]
 [0.         0.         0.         0.        ]
 [0.         0.         0.         0.        ]
 [0.         0.         0.         0.        ]
 [0.         0.         0.         0.        ]]
Training  | Episode: 10000/1000000  | Episode Reward: -93.7222 | Epsilon: 0.9753 | Goal reached: 0
Training  | Episode: 20000/1000000  | Episode Reward: -47.2222 | Epsilon: 0.9512 | Goal reached: 0
Training  | Episode: 30000/1000000  | Episode Reward: -78.1667 | Epsilon: 0.9277 | Goal reached: 0
Training  | Episode: 40000/1000000  | Episode Reward: -97.0556 | Epsilon: 0.9048 | Goal reached: 0
Training  | Episode: 50000/1000000  | Episode Reward: -167.0556 | Epsilon: 0.8825 | Goal reached: 0
Training  | Episode: 60000/1000000  | Episode Reward: -57.2222 | Epsilon: 0.8607 | Goal reached: 0
Training  | Episode: 70000/1000000  | Episode Reward: -57.2222 | Epsilon: 0.8395 | Goal reached: 0
Training  | Episode: 80000/1000000  | Episode Reward: -122.6667 | Epsilon: 0.8187 | Goal reached: 0
Training  | Episode: 90000/1000000  | Episode Reward: -67.2222 | Epsilon: 0.7985 | Goal reached: 0
Training  | Episode: 100000/1000000  | Episode Reward: -77.2222 | Epsilon: 0.7788 | Goal reached: 0
[[-18.1815567  -23.82382011 -24.82214355 -29.89361   ]
 [  0.           0.           0.           0.        ]
 [  0.           0.           0.           0.        ]
 [  0.           0.           0.           0.        ]
 [  0.           0.           0.           0.        ]
 [  0.           0.           0.           0.        ]
 [  0.           0.           0.           0.        ]
 [  0.           0.           0.           0.        ]
 [  0.           0.           0.           0.        ]
 [  0.           0.           0.           0.        ]
 [-17.53795242 -35.81425095 -17.69202423 -25.49765396]
 [  0.           0.           0.           0.        ]
 [  0.           0.           0.           0.        ]
 [  0.           0.           0.           0.        ]
 [  0.           0.           0.           0.        ]
 [  0.00389945   0.5013808   -5.64968491   0.00168414]
 [  0.           0.           0.           0.        ]
 [  0.           0.           0.           0.        ]
 [  0.           0.           0.           0.        ]
 [  0.           0.           0.           0.        ]
 [-14.63999367 -23.69083595 -20.69123459 -23.82936096]
 [  0.           0.           0.           0.        ]
 [-33.48749924 -36.34754181 -30.40838242 -39.4448967 ]
 [  0.           0.           0.           0.        ]
 [  0.           0.           0.           0.        ]
 [ -6.81596994  -1.15613389  -6.17920208  -6.60360384]
 [  0.           0.           0.           0.        ]
 [  0.           0.           0.           0.        ]
 [  0.           0.           0.           0.        ]
 [  0.           0.           0.           0.        ]
 [-24.4435482  -28.68457222 -24.34371376 -16.93577194]
 [-37.70464706 -29.17959976 -24.90285301 -21.59508896]
 [-27.22424126 -27.50643158 -25.96202469 -16.17824554]
 [-28.47352028 -17.95646286 -30.90590286 -23.21445656]
 [-26.31413269 -18.62554169 -19.58800125 -24.46483994]
 [-10.25841618 -14.21200848  -7.0847559   -5.87630367]
 [ -2.89128399  -0.64385349  -3.98108721  -4.38262987]
 [  0.           0.           0.           0.        ]
 [  0.           0.           0.           0.        ]
 [  0.           0.           0.           0.        ]
 [  0.           0.           0.           0.        ]
 [  0.           0.           0.           0.        ]
 [  0.           0.           0.           0.        ]
 [  0.           0.           0.           0.        ]
 [  0.           0.           0.           0.        ]
 [  0.           0.           0.           0.        ]
 [  0.           0.           0.           0.        ]
 [  0.           0.           0.           0.        ]
 [  0.           0.           0.           0.        ]
 [  0.           0.           0.           0.        ]
 [  0.           0.           0.           0.        ]
 [  0.           0.           0.           0.        ]
 [  0.           0.           0.           0.        ]
 [  0.           0.           0.           0.        ]
 [  0.           0.           0.           0.        ]
 [  0.           0.           0.           0.        ]
 [  0.           0.           0.           0.        ]
 [  0.           0.           0.           0.        ]
 [  0.           0.           0.           0.        ]
 [  0.           0.           0.           0.        ]
 [  0.           0.           0.           0.        ]
 [  0.           0.           0.           0.        ]
 [  0.           0.           0.           0.        ]
 [  0.           0.           0.           0.        ]
 [  0.           0.           0.           0.        ]
 [  0.           0.           0.           0.        ]
 [  0.           0.           0.           0.        ]
 [  0.           0.           0.           0.        ]
 [  0.           0.           0.           0.        ]
 [  0.           0.           0.           0.        ]
 [  0.           0.           0.           0.        ]
 [  0.           0.           0.           0.        ]
 [  0.           0.           0.           0.        ]
 [  0.           0.           0.           0.        ]
 [  0.           0.           0.           0.        ]
 [  0.           0.           0.           0.        ]
 [  0.           0.           0.           0.        ]
 [  0.           0.           0.           0.        ]
 [  0.           0.           0.           0.        ]
 [  0.           0.           0.           0.        ]
 [  0.           0.           0.           0.        ]
 [  0.           0.           0.           0.        ]
 [  0.           0.           0.           0.        ]
 [  0.           0.           0.           0.        ]
 [  0.           0.           0.           0.        ]
 [  0.           0.           0.           0.        ]
 [  0.           0.           0.           0.        ]
 [  0.           0.           0.           0.        ]
 [  0.           0.           0.           0.        ]
 [  0.           0.           0.           0.        ]
 [  0.           0.           0.           0.        ]
 [  0.           0.           0.           0.        ]
 [  0.           0.           0.           0.        ]
 [  0.           0.           0.           0.        ]
 [  0.           0.           0.           0.        ]
 [  0.           0.           0.           0.        ]
 [  0.           0.           0.           0.        ]
 [  0.           0.           0.           0.        ]
 [  0.           0.           0.           0.        ]
 [  0.           0.           0.           0.        ]]
Training  | Episode: 110000/1000000  | Episode Reward: -57.2222 | Epsilon: 0.7596 | Goal reached: 0
Training  | Episode: 120000/1000000  | Episode Reward: -94.0556 | Epsilon: 0.7408 | Goal reached: 0
Training  | Episode: 130000/1000000  | Episode Reward: -45.3889 | Epsilon: 0.7225 | Goal reached: 0
Training  | Episode: 140000/1000000  | Episode Reward: -127.6111 | Epsilon: 0.7047 | Goal reached: 0
Training  | Episode: 150000/1000000  | Episode Reward: -84.8333 | Epsilon: 0.6873 | Goal reached: 0
Training  | Episode: 160000/1000000  | Episode Reward: -133.2222 | Epsilon: 0.6703 | Goal reached: 0
Training  | Episode: 170000/1000000  | Episode Reward: -70.4444 | Epsilon: 0.6538 | Goal reached: 0
Training  | Episode: 180000/1000000  | Episode Reward: -47.2222 | Epsilon: 0.6376 | Goal reached: 0
Training  | Episode: 190000/1000000  | Episode Reward: -47.2222 | Epsilon: 0.6219 | Goal reached: 0
Training  | Episode: 200000/1000000  | Episode Reward: -98.1667 | Epsilon: 0.6065 | Goal reached: 0
[[-19.76055908 -27.33738708 -23.5912323  -32.27373123]
 [  0.           0.           0.           0.        ]
 [  0.           0.           0.           0.        ]
 [  0.           0.           0.           0.        ]
 [  0.           0.           0.           0.        ]
 [  0.           0.           0.           0.        ]
 [  0.           0.           0.           0.        ]
 [  0.           0.           0.           0.        ]
 [  0.           0.           0.           0.        ]
 [  0.           0.           0.           0.        ]
 [-17.98609161 -30.59566116 -26.09010696 -26.9675808 ]
 [  0.           0.           0.           0.        ]
 [  0.           0.           0.           0.        ]
 [  0.           0.           0.           0.        ]
 [  0.           0.           0.           0.        ]
 [ -7.15796947  -0.82981002 -12.27457714   0.00168414]
 [  0.           0.           0.           0.        ]
 [  0.           0.           0.           0.        ]
 [  0.           0.           0.           0.        ]
 [  0.           0.           0.           0.        ]
 [-16.42673874 -32.75955582 -27.10924911 -29.89478683]
 [  0.           0.           0.           0.        ]
 [-28.24975014 -35.5030632  -29.26079178 -41.03369141]
 [  0.           0.           0.           0.        ]
 [  0.           0.           0.           0.        ]
 [ -9.51452446 -25.63414764 -10.72191906  -4.66550255]
 [  0.           0.           0.           0.        ]
 [  0.           0.           0.           0.        ]
 [  0.           0.           0.           0.        ]
 [  0.           0.           0.           0.        ]
 [-26.4137764  -26.05885124 -21.14092636 -16.56038284]
 [-22.80428123 -21.77269173 -24.39215469 -27.19023132]
 [-26.47684097 -26.44308472 -18.33910179 -15.01854324]
 [-28.97894859 -18.43883896 -19.9467659  -23.50547791]
 [-25.50371742  -9.9579916  -21.27911377 -20.13134193]
 [-11.02831936 -16.16938972 -13.97449112  -8.18214798]
 [ -9.09222507 -12.34762383 -14.78987694 -16.22690773]
 [  0.           0.           0.           0.        ]
 [  0.           0.           0.           0.        ]
 [  0.           0.           0.           0.        ]
 [  0.           0.           0.           0.        ]
 [  0.           0.           0.           0.        ]
 [  0.           0.           0.           0.        ]
 [  0.           0.           0.           0.        ]
 [  0.           0.           0.           0.        ]
 [  0.           0.           0.           0.        ]
 [ -2.96744823   0.50281757  -6.24243736   0.00797587]
 [  0.0073048   -0.4223417    0.5019986    0.00025416]
 [  0.           0.           0.           0.        ]
 [  0.           0.           0.           0.        ]
 [  0.           0.           0.           0.        ]
 [  0.           0.           0.           0.        ]
 [  0.           0.           0.           0.        ]
 [  0.           0.           0.           0.        ]
 [  0.           0.           0.           0.        ]
 [  0.           0.           0.           0.        ]
 [  0.           0.           0.           0.        ]
 [  0.00307099   0.50396907   0.50904      0.00290504]
 [  0.00326645   0.5063566    0.50001633   0.00487118]
 [  0.           0.           0.           0.        ]
 [  0.           0.           0.           0.        ]
 [  0.           0.           0.           0.        ]
 [  0.           0.           0.           0.        ]
 [  0.           0.           0.           0.        ]
 [  0.           0.           0.           0.        ]
 [  0.           0.           0.           0.        ]
 [  0.           0.           0.           0.        ]
 [  0.           0.           0.           0.        ]
 [  0.           0.           0.           0.        ]
 [  0.           0.           0.           0.        ]
 [  0.           0.           0.           0.        ]
 [  0.           0.           0.           0.        ]
 [  0.           0.           0.           0.        ]
 [  0.           0.           0.           0.        ]
 [  0.           0.           0.           0.        ]
 [  0.           0.           0.           0.        ]
 [  0.           0.           0.           0.        ]
 [  0.           0.           0.           0.        ]
 [  0.           0.           0.           0.        ]
 [  0.           0.           0.           0.        ]
 [  0.           0.           0.           0.        ]
 [  0.           0.           0.           0.        ]
 [  0.           0.           0.           0.        ]
 [  0.           0.           0.           0.        ]
 [  0.           0.           0.           0.        ]
 [  0.           0.           0.           0.        ]
 [  0.           0.           0.           0.        ]
 [  0.           0.           0.           0.        ]
 [  0.           0.           0.           0.        ]
 [  0.           0.           0.           0.        ]
 [  0.           0.           0.           0.        ]
 [  0.           0.           0.           0.        ]
 [  0.           0.           0.           0.        ]
 [  0.           0.           0.           0.        ]
 [  0.           0.           0.           0.        ]
 [  0.           0.           0.           0.        ]
 [  0.           0.           0.           0.        ]
 [  0.           0.           0.           0.        ]
 [  0.           0.           0.           0.        ]
 [  0.           0.           0.           0.        ]]
Training  | Episode: 210000/1000000  | Episode Reward: -85.1667 | Epsilon: 0.5916 | Goal reached: 0
Training  | Episode: 220000/1000000  | Episode Reward: -67.2222 | Epsilon: 0.5769 | Goal reached: 0
Training  | Episode: 230000/1000000  | Episode Reward: -57.2222 | Epsilon: 0.5627 | Goal reached: 0
Training  | Episode: 240000/1000000  | Episode Reward: -43.5000 | Epsilon: 0.5488 | Goal reached: 0
Training  | Episode: 250000/1000000  | Episode Reward: -77.2222 | Epsilon: 0.5353 | Goal reached: 0
Training  | Episode: 260000/1000000  | Episode Reward: -52.9444 | Epsilon: 0.5220 | Goal reached: 0
Training  | Episode: 270000/1000000  | Episode Reward: -67.2222 | Epsilon: 0.5092 | Goal reached: 0
Training  | Episode: 280000/1000000  | Episode Reward: -111.5556 | Epsilon: 0.4966 | Goal reached: 0
Training  | Episode: 290000/1000000  | Episode Reward: -152.9444 | Epsilon: 0.4843 | Goal reached: 0
Training  | Episode: 300000/1000000  | Episode Reward: -272.9444 | Epsilon: 0.4724 | Goal reached: 0
[[-19.70118523 -20.32818604 -24.15562248 -28.1167984 ]
 [  0.           0.           0.           0.        ]
 [  0.           0.           0.           0.        ]
 [  0.           0.           0.           0.        ]
 [  0.           0.           0.           0.        ]
 [  0.           0.           0.           0.        ]
 [  0.           0.           0.           0.        ]
 [  0.           0.           0.           0.        ]
 [  0.           0.           0.           0.        ]
 [  0.           0.           0.           0.        ]
 [-17.90775108 -17.35309982 -26.14117432 -21.07313156]
 [  0.           0.           0.           0.        ]
 [  0.           0.           0.           0.        ]
 [  0.           0.           0.           0.        ]
 [  0.           0.           0.           0.        ]
 [-17.47158241 -17.76504707 -23.75764084 -20.2504406 ]
 [  0.           0.           0.           0.        ]
 [  0.           0.           0.           0.        ]
 [  0.           0.           0.           0.        ]
 [  0.           0.           0.           0.        ]
 [-15.71181488 -25.26874733 -25.1905117  -25.84418106]
 [  0.           0.           0.           0.        ]
 [-32.04281616 -29.51733589 -33.89108658 -38.79605103]
 [  0.           0.           0.           0.        ]
 [  0.           0.           0.           0.        ]
 [-24.13117599 -21.12647057 -16.222229   -22.95715714]
 [  0.           0.           0.           0.        ]
 [  0.           0.           0.           0.        ]
 [  0.           0.           0.           0.        ]
 [  0.           0.           0.           0.        ]
 [-25.63754845 -21.12287331 -27.86458969 -16.89969444]
 [-32.9952774  -24.96065903 -33.63451385 -20.68791771]
 [-23.81170654 -19.60736465 -17.6235733  -19.60130501]
 [-29.01028442 -21.60160065 -27.6049614  -20.06592178]
 [-28.47789764 -19.43808746 -27.99978447 -22.27571487]
 [-17.97417641 -15.69388008 -19.41587639 -13.18256092]
 [-17.57055855 -14.3254528  -17.37538338 -17.05535126]
 [  0.           0.           0.           0.        ]
 [  0.           0.           0.           0.        ]
 [  0.           0.           0.           0.        ]
 [  0.           0.           0.           0.        ]
 [  0.           0.           0.           0.        ]
 [  0.           0.           0.           0.        ]
 [  0.           0.           0.           0.        ]
 [  0.           0.           0.           0.        ]
 [  0.           0.           0.           0.        ]
 [-10.83901596 -11.79345226  -5.43664598  -7.60090923]
 [  0.0073048   -0.4223417    0.31123173  -4.38361454]
 [  0.           0.           0.           0.        ]
 [  0.           0.           0.           0.        ]
 [  0.           0.           0.           0.        ]
 [  0.           0.           0.           0.        ]
 [  0.           0.           0.           0.        ]
 [  0.           0.           0.           0.        ]
 [  0.           0.           0.           0.        ]
 [  0.           0.           0.           0.        ]
 [  0.           0.           0.           0.        ]
 [  0.00307099   0.40838248   0.50904      0.00290504]
 [  0.00326645   0.5063566    0.50001633   0.00487118]
 [  0.           0.           0.           0.        ]
 [  0.           0.           0.           0.        ]
 [  0.           0.           0.           0.        ]
 [  0.           0.           0.           0.        ]
 [  0.           0.           0.           0.        ]
 [  0.           0.           0.           0.        ]
 [  0.           0.           0.           0.        ]
 [  0.           0.           0.           0.        ]
 [  0.           0.           0.           0.        ]
 [  0.           0.           0.           0.        ]
 [  0.           0.           0.           0.        ]
 [  0.           0.           0.           0.        ]
 [  0.           0.           0.           0.        ]
 [  0.           0.           0.           0.        ]
 [  0.           0.           0.           0.        ]
 [  0.           0.           0.           0.        ]
 [  0.           0.           0.           0.        ]
 [  0.           0.           0.           0.        ]
 [  0.           0.           0.           0.        ]
 [  0.           0.           0.           0.        ]
 [  0.           0.           0.           0.        ]
 [  0.           0.           0.           0.        ]
 [  0.           0.           0.           0.        ]
 [  0.           0.           0.           0.        ]
 [  0.           0.           0.           0.        ]
 [  0.           0.           0.           0.        ]
 [  0.           0.           0.           0.        ]
 [  0.           0.           0.           0.        ]
 [  0.           0.           0.           0.        ]
 [  0.           0.           0.           0.        ]
 [  0.           0.           0.           0.        ]
 [  0.           0.           0.           0.        ]
 [  0.           0.           0.           0.        ]
 [  0.           0.           0.           0.        ]
 [  0.           0.           0.           0.        ]
 [  0.           0.           0.           0.        ]
 [  0.           0.           0.           0.        ]
 [  0.           0.           0.           0.        ]
 [  0.           0.           0.           0.        ]
 [  0.           0.           0.           0.        ]
 [  0.           0.           0.           0.        ]]
Training  | Episode: 310000/1000000  | Episode Reward: -45.3889 | Epsilon: 0.4607 | Goal reached: 0
Training  | Episode: 320000/1000000  | Episode Reward: -107.6111 | Epsilon: 0.4493 | Goal reached: 0
Training  | Episode: 330000/1000000  | Episode Reward: -89.2778 | Epsilon: 0.4382 | Goal reached: 0
Training  | Episode: 340000/1000000  | Episode Reward: -54.8333 | Epsilon: 0.4274 | Goal reached: 0
Training  | Episode: 350000/1000000  | Episode Reward: -50.6667 | Epsilon: 0.4169 | Goal reached: 0
Training  | Episode: 360000/1000000  | Episode Reward: -62.3889 | Epsilon: 0.4066 | Goal reached: 0
Training  | Episode: 370000/1000000  | Episode Reward: -74.2778 | Epsilon: 0.3965 | Goal reached: 0
Training  | Episode: 380000/1000000  | Episode Reward: -47.2222 | Epsilon: 0.3867 | Goal reached: 0
Training  | Episode: 390000/1000000  | Episode Reward: -55.5000 | Epsilon: 0.3772 | Goal reached: 0
Training  | Episode: 400000/1000000  | Episode Reward: -75.3889 | Epsilon: 0.3679 | Goal reached: 0
[[-22.00863075 -28.56774521 -29.62720871 -23.06497765]
 [  0.           0.           0.           0.        ]
 [  0.           0.           0.           0.        ]
 [  0.           0.           0.           0.        ]
 [  0.           0.           0.           0.        ]
 [  0.           0.           0.           0.        ]
 [  0.           0.           0.           0.        ]
 [  0.           0.           0.           0.        ]
 [  0.           0.           0.           0.        ]
 [  0.           0.           0.           0.        ]
 [-20.70532799 -26.29968452 -24.57544899 -31.9417305 ]
 [  0.           0.           0.           0.        ]
 [  0.           0.           0.           0.        ]
 [  0.           0.           0.           0.        ]
 [  0.           0.           0.           0.        ]
 [-28.77342224 -27.93225861 -27.54833984 -28.72359467]
 [  0.           0.           0.           0.        ]
 [  0.           0.           0.           0.        ]
 [  0.           0.           0.           0.        ]
 [  0.           0.           0.           0.        ]
 [-18.25990295 -24.08595276 -25.78629684 -24.31305122]
 [  0.           0.           0.           0.        ]
 [-40.51755524 -35.1855011  -35.02592087 -39.69461441]
 [  0.           0.           0.           0.        ]
 [  0.           0.           0.           0.        ]
 [-22.83130836 -23.8801651  -19.07101822 -28.16084099]
 [  0.           0.           0.           0.        ]
 [  0.           0.           0.           0.        ]
 [  0.           0.           0.           0.        ]
 [  0.           0.           0.           0.        ]
 [-27.07091522 -22.12475204 -27.5795784  -18.88081551]
 [-30.8343544  -29.07570076 -36.95550919 -29.45169067]
 [-22.9718647  -22.45912361 -22.51298904 -16.96742821]
 [-27.70127296 -19.83120728 -28.03810501 -21.53956985]
 [-26.89969826 -21.26428223 -19.80521393 -20.37321663]
 [-16.68216324 -18.64642334 -18.94881439 -13.22414398]
 [-17.66595268 -16.62676811 -21.14101028 -19.27923203]
 [  0.           0.           0.           0.        ]
 [  0.           0.           0.           0.        ]
 [  0.           0.           0.           0.        ]
 [  0.           0.           0.           0.        ]
 [  0.           0.           0.           0.        ]
 [  0.           0.           0.           0.        ]
 [  0.           0.           0.           0.        ]
 [  0.           0.           0.           0.        ]
 [  0.           0.           0.           0.        ]
 [-13.61385059 -13.51314259  -7.85109377 -13.16649246]
 [ -6.11037922  -5.75632572  -9.53224087  -7.89070988]
 [  0.           0.           0.           0.        ]
 [  0.           0.           0.           0.        ]
 [  0.           0.           0.           0.        ]
 [  0.           0.           0.           0.        ]
 [  0.           0.           0.           0.        ]
 [  0.           0.           0.           0.        ]
 [  0.           0.           0.           0.        ]
 [  0.           0.           0.           0.        ]
 [  0.           0.           0.           0.        ]
 [  0.00307099  -3.50102234  -0.33319795   0.00290504]
 [  0.00326645   0.5063566    0.50001633   0.00487118]
 [  0.           0.           0.           0.        ]
 [  0.           0.           0.           0.        ]
 [  0.           0.           0.           0.        ]
 [  0.           0.           0.           0.        ]
 [  0.           0.           0.           0.        ]
 [  0.           0.           0.           0.        ]
 [  0.           0.           0.           0.        ]
 [  0.           0.           0.           0.        ]
 [  0.           0.           0.           0.        ]
 [  0.           0.           0.           0.        ]
 [  0.           0.           0.           0.        ]
 [  0.           0.           0.           0.        ]
 [  0.           0.           0.           0.        ]
 [  0.           0.           0.           0.        ]
 [  0.           0.           0.           0.        ]
 [  0.           0.           0.           0.        ]
 [  0.           0.           0.           0.        ]
 [  0.           0.           0.           0.        ]
 [  0.           0.           0.           0.        ]
 [  0.           0.           0.           0.        ]
 [  0.           0.           0.           0.        ]
 [  0.           0.           0.           0.        ]
 [  0.           0.           0.           0.        ]
 [  0.           0.           0.           0.        ]
 [  0.           0.           0.           0.        ]
 [  0.           0.           0.           0.        ]
 [  0.           0.           0.           0.        ]
 [  0.           0.           0.           0.        ]
 [  0.           0.           0.           0.        ]
 [  0.           0.           0.           0.        ]
 [  0.           0.           0.           0.        ]
 [  0.           0.           0.           0.        ]
 [  0.           0.           0.           0.        ]
 [  0.           0.           0.           0.        ]
 [  0.           0.           0.           0.        ]
 [  0.           0.           0.           0.        ]
 [  0.           0.           0.           0.        ]
 [  0.           0.           0.           0.        ]
 [  0.           0.           0.           0.        ]
 [  0.           0.           0.           0.        ]
 [  0.           0.           0.           0.        ]]
Training  | Episode: 410000/1000000  | Episode Reward: -142.3889 | Epsilon: 0.3588 | Goal reached: 0
Training  | Episode: 420000/1000000  | Episode Reward: -155.1667 | Epsilon: 0.3499 | Goal reached: 0
Training  | Episode: 430000/1000000  | Episode Reward: -114.2778 | Epsilon: 0.3413 | Goal reached: 0
Training  | Episode: 440000/1000000  | Episode Reward: -47.2222 | Epsilon: 0.3329 | Goal reached: 0
Training  | Episode: 450000/1000000  | Episode Reward: -83.6111 | Epsilon: 0.3247 | Goal reached: 0
Training  | Episode: 460000/1000000  | Episode Reward: -198.1667 | Epsilon: 0.3166 | Goal reached: 0
Training  | Episode: 470000/1000000  | Episode Reward: -90.6667 | Epsilon: 0.3088 | Goal reached: 0
Training  | Episode: 480000/1000000  | Episode Reward: -102.8889 | Epsilon: 0.3012 | Goal reached: 0
Training  | Episode: 490000/1000000  | Episode Reward: -55.3889 | Epsilon: 0.2938 | Goal reached: 0
Training  | Episode: 500000/1000000  | Episode Reward: -45.3889 | Epsilon: 0.2865 | Goal reached: 0
[[-19.5138092  -37.19739532 -24.33857155 -29.1077919 ]
 [  0.           0.           0.           0.        ]
 [  0.           0.           0.           0.        ]
 [  0.           0.           0.           0.        ]
 [  0.           0.           0.           0.        ]
 [  0.           0.           0.           0.        ]
 [  0.           0.           0.           0.        ]
 [  0.           0.           0.           0.        ]
 [  0.           0.           0.           0.        ]
 [  0.           0.           0.           0.        ]
 [-20.92735672 -20.73488045 -23.35124588 -30.66520119]
 [  0.           0.           0.           0.        ]
 [  0.           0.           0.           0.        ]
 [  0.           0.           0.           0.        ]
 [  0.           0.           0.           0.        ]
 [-25.89291    -26.80816078 -28.5849762  -30.38491058]
 [  0.           0.           0.           0.        ]
 [  0.           0.           0.           0.        ]
 [  0.           0.           0.           0.        ]
 [  0.           0.           0.           0.        ]
 [-20.17218018 -24.9813118  -28.04085922 -28.78409386]
 [  0.           0.           0.           0.        ]
 [-28.9991684  -34.15754318 -34.22318649 -40.68452072]
 [  0.           0.           0.           0.        ]
 [  0.           0.           0.           0.        ]
 [-21.4042263  -26.39480209 -23.23940849 -27.05745125]
 [  0.           0.           0.           0.        ]
 [  0.           0.           0.           0.        ]
 [  0.           0.           0.           0.        ]
 [  0.           0.           0.           0.        ]
 [-22.81791115 -22.09223938 -26.67940903 -20.09941101]
 [-37.81818008 -27.26785278 -34.30960083 -24.79515457]
 [-24.93724823 -25.52892685 -24.63428307 -19.63905334]
 [-30.6325779  -21.93992805 -24.64982414 -24.04325676]
 [-25.07493019 -22.37275887 -25.57549286 -23.2175827 ]
 [-15.97148895 -20.04935265 -18.14280128 -13.32385159]
 [-16.12215996 -14.46345425 -20.94775581 -20.23729515]
 [  0.           0.           0.           0.        ]
 [  0.           0.           0.           0.        ]
 [  0.           0.           0.           0.        ]
 [  0.           0.           0.           0.        ]
 [  0.           0.           0.           0.        ]
 [  0.           0.           0.           0.        ]
 [  0.           0.           0.           0.        ]
 [  0.           0.           0.           0.        ]
 [  0.           0.           0.           0.        ]
 [-18.04113197 -18.66044998 -13.13959694 -15.05590057]
 [-11.67994022  -9.68256569 -13.1022625  -10.69638634]
 [  0.           0.           0.           0.        ]
 [  0.           0.           0.           0.        ]
 [  0.           0.           0.           0.        ]
 [  0.           0.           0.           0.        ]
 [  0.           0.           0.           0.        ]
 [  0.           0.           0.           0.        ]
 [  0.           0.           0.           0.        ]
 [  0.           0.           0.           0.        ]
 [  0.           0.           0.           0.        ]
 [ -1.12679744  -3.50102234  -1.97625005  -3.82540417]
 [  0.00326645   0.5063566    0.50001633   0.00487118]
 [  0.           0.           0.           0.        ]
 [  0.           0.           0.           0.        ]
 [  0.           0.           0.           0.        ]
 [  0.           0.           0.           0.        ]
 [  0.           0.           0.           0.        ]
 [  0.           0.           0.           0.        ]
 [  0.           0.           0.           0.        ]
 [  0.           0.           0.           0.        ]
 [  0.           0.           0.           0.        ]
 [  0.           0.           0.           0.        ]
 [  0.           0.           0.           0.        ]
 [  0.           0.           0.           0.        ]
 [  0.           0.           0.           0.        ]
 [  0.           0.           0.           0.        ]
 [  0.           0.           0.           0.        ]
 [  0.           0.           0.           0.        ]
 [  0.           0.           0.           0.        ]
 [  0.           0.           0.           0.        ]
 [  0.           0.           0.           0.        ]
 [  0.           0.           0.           0.        ]
 [  0.           0.           0.           0.        ]
 [  0.           0.           0.           0.        ]
 [  0.           0.           0.           0.        ]
 [  0.           0.           0.           0.        ]
 [  0.           0.           0.           0.        ]
 [  0.           0.           0.           0.        ]
 [  0.           0.           0.           0.        ]
 [  0.           0.           0.           0.        ]
 [  0.           0.           0.           0.        ]
 [  0.           0.           0.           0.        ]
 [  0.           0.           0.           0.        ]
 [  0.           0.           0.           0.        ]
 [  0.           0.           0.           0.        ]
 [  0.           0.           0.           0.        ]
 [  0.           0.           0.           0.        ]
 [  0.           0.           0.           0.        ]
 [  0.           0.           0.           0.        ]
 [  0.           0.           0.           0.        ]
 [  0.           0.           0.           0.        ]
 [  0.           0.           0.           0.        ]
 [  0.           0.           0.           0.        ]]
Training  | Episode: 510000/1000000  | Episode Reward: -244.0556 | Epsilon: 0.2794 | Goal reached: 0
Training  | Episode: 520000/1000000  | Episode Reward: -77.2222 | Epsilon: 0.2725 | Goal reached: 0
Training  | Episode: 530000/1000000  | Episode Reward: -154.3333 | Epsilon: 0.2658 | Goal reached: 0
Training  | Episode: 540000/1000000  | Episode Reward: -47.2222 | Epsilon: 0.2592 | Goal reached: 0
Training  | Episode: 550000/1000000  | Episode Reward: -47.2222 | Epsilon: 0.2528 | Goal reached: 0
Training  | Episode: 560000/1000000  | Episode Reward: -68.1667 | Epsilon: 0.2466 | Goal reached: 0
Training  | Episode: 570000/1000000  | Episode Reward: -149.0000 | Epsilon: 0.2405 | Goal reached: 0
Training  | Episode: 580000/1000000  | Episode Reward: -157.3333 | Epsilon: 0.2346 | Goal reached: 0
Training  | Episode: 590000/1000000  | Episode Reward: -57.2222 | Epsilon: 0.2288 | Goal reached: 0
Training  | Episode: 600000/1000000  | Episode Reward: -51.5556 | Epsilon: 0.2231 | Goal reached: 0
[[-21.96352577 -28.86801529 -34.69828796 -26.20248032]
 [  0.           0.           0.           0.        ]
 [  0.           0.           0.           0.        ]
 [  0.           0.           0.           0.        ]
 [  0.           0.           0.           0.        ]
 [  0.           0.           0.           0.        ]
 [  0.           0.           0.           0.        ]
 [  0.           0.           0.           0.        ]
 [  0.           0.           0.           0.        ]
 [  0.           0.           0.           0.        ]
 [-21.44020844 -27.35674858 -25.78861618 -26.10366631]
 [  0.           0.           0.           0.        ]
 [  0.           0.           0.           0.        ]
 [  0.           0.           0.           0.        ]
 [  0.           0.           0.           0.        ]
 [-32.0693512  -31.58636284 -26.15028    -32.37851334]
 [  0.           0.           0.           0.        ]
 [  0.           0.           0.           0.        ]
 [  0.           0.           0.           0.        ]
 [  0.           0.           0.           0.        ]
 [-15.94599056 -20.91931152 -22.56328773 -31.73584747]
 [  0.           0.           0.           0.        ]
 [-37.52058411 -38.72964859 -28.96016502 -39.60816956]
 [  0.           0.           0.           0.        ]
 [  0.           0.           0.           0.        ]
 [-23.78211594 -24.47400665 -16.99546242 -27.57406998]
 [  0.           0.           0.           0.        ]
 [  0.           0.           0.           0.        ]
 [  0.           0.           0.           0.        ]
 [  0.           0.           0.           0.        ]
 [-27.49318314 -23.89599228 -21.80731201 -17.24357605]
 [-33.91090775 -21.9846611  -34.43209839 -28.76464653]
 [-24.45170212 -23.25222015 -24.56306267 -19.31305122]
 [-27.75082207 -24.76904488 -25.28010559 -27.88742828]
 [-27.08398438 -21.8503933  -22.90520096 -27.13446426]
 [-15.22287369 -16.72597694 -21.00766754 -12.57670593]
 [-18.11510658 -13.12575054 -20.8076973  -19.71406555]
 [  0.           0.           0.           0.        ]
 [  0.           0.           0.           0.        ]
 [  0.           0.           0.           0.        ]
 [  0.           0.           0.           0.        ]
 [  0.           0.           0.           0.        ]
 [  0.           0.           0.           0.        ]
 [  0.           0.           0.           0.        ]
 [  0.           0.           0.           0.        ]
 [  0.           0.           0.           0.        ]
 [-19.25116539 -20.9248333  -13.67591667 -17.18064308]
 [-11.28275013  -8.91073895 -15.38707638 -10.69638634]
 [  0.           0.           0.           0.        ]
 [  0.           0.           0.           0.        ]
 [  0.           0.           0.           0.        ]
 [  0.           0.           0.           0.        ]
 [  0.           0.           0.           0.        ]
 [  0.           0.           0.           0.        ]
 [  0.           0.           0.           0.        ]
 [  0.           0.           0.           0.        ]
 [  0.           0.           0.           0.        ]
 [ -7.61106157  -8.18254471  -6.59405518  -5.60746002]
 [ -0.94008434  -2.52195597  -2.99235797  -3.26836658]
 [  0.           0.           0.           0.        ]
 [  0.           0.           0.           0.        ]
 [  0.           0.           0.           0.        ]
 [  0.           0.           0.           0.        ]
 [  0.           0.           0.           0.        ]
 [  0.           0.           0.           0.        ]
 [  0.           0.           0.           0.        ]
 [  0.           0.           0.           0.        ]
 [  0.           0.           0.           0.        ]
 [  0.00147095   0.50792807   0.43545297   0.00385472]
 [  0.           0.           0.           0.        ]
 [  0.           0.           0.           0.        ]
 [  0.           0.           0.           0.        ]
 [  0.           0.           0.           0.        ]
 [  0.           0.           0.           0.        ]
 [  0.           0.           0.           0.        ]
 [  0.           0.           0.           0.        ]
 [  0.           0.           0.           0.        ]
 [  0.           0.           0.           0.        ]
 [  0.00156768   0.50933051   0.50781399   0.00350323]
 [  0.           0.           0.           0.        ]
 [  0.           0.           0.           0.        ]
 [  0.           0.           0.           0.        ]
 [  0.           0.           0.           0.        ]
 [  0.           0.           0.           0.        ]
 [  0.           0.           0.           0.        ]
 [  0.           0.           0.           0.        ]
 [  0.           0.           0.           0.        ]
 [  0.00827117   0.50800133   0.50513965   0.00398236]
 [  0.00230885   0.50742459   0.50524461   0.00580396]
 [  0.           0.           0.           0.        ]
 [  0.           0.           0.           0.        ]
 [  0.           0.           0.           0.        ]
 [  0.           0.           0.           0.        ]
 [  0.           0.           0.           0.        ]
 [  0.           0.           0.           0.        ]
 [  0.           0.           0.           0.        ]
 [  0.           0.           0.           0.        ]
 [  0.           0.           0.           0.        ]
 [  0.           0.           0.           0.        ]
